{"recorder_version":"31","session":"8db81cfba1d9","build":"193.5662.53","bucket":"159","time":1590181708862,"group":{"id":"settings","version":"4"},"event":{"state":true,"data":{"component":"NotRoamableUiSettings","created":1590181709269},"id":"invoked"}}
{"recorder_version":"31","session":"8db81cfba1d9","build":"193.5662.53","bucket":"159","time":1590181708862,"group":{"id":"settings","version":"4"},"event":{"state":true,"data":{"component":"UISettings","created":1590181709271},"id":"invoked"}}
{"recorder_version":"31","session":"8db81cfba1d9","build":"193.5662.53","bucket":"159","time":1590181708873,"group":{"id":"system.java","version":"1"},"event":{"state":true,"data":{"created":1590181709283,"version":"validation.undefined_rule"},"id":"validation.undefined_rule"}}
{"recorder_version":"31","session":"8db81cfba1d9","build":"193.5662.53","bucket":"159","time":1590181708873,"group":{"id":"system.java","version":"1"},"event":{"state":true,"data":{"created":1590181709283},"id":"invoked"}}
{"recorder_version":"31","session":"8db81cfba1d9","build":"193.5662.53","bucket":"159","time":1590181708907,"group":{"id":"system.os","version":"3"},"event":{"state":true,"data":{"created":1590181709285,"version":"10.15"},"id":"Mac"}}
{"recorder_version":"31","session":"8db81cfba1d9","build":"193.5662.53","bucket":"159","time":1590181708907,"group":{"id":"system.os","version":"3"},"event":{"state":true,"data":{"created":1590181709285,"name":"Mac","version":"10.15"},"id":"os.name"}}
{"recorder_version":"31","session":"8db81cfba1d9","build":"193.5662.53","bucket":"159","time":1590181708907,"group":{"id":"system.os","version":"3"},"event":{"state":true,"data":{"created":1590181709286,"value":"+02_00"},"id":"os.timezone"}}
{"recorder_version":"31","session":"8db81cfba1d9","build":"193.5662.53","bucket":"159","time":1590181708907,"group":{"id":"system.os","version":"3"},"event":{"state":true,"data":{"created":1590181709286},"id":"invoked"}}
{"recorder_version":"31","session":"8db81cfba1d9","build":"193.5662.53","bucket":"159","time":1590181709163,"group":{"id":"settings","version":"4"},"event":{"state":true,"data":{"component":"UpdatesConfigurable","created":1590181709287,"name":"checkNeeded","type":"bool","value":false},"id":"not.default"}}
{"recorder_version":"31","session":"8db81cfba1d9","build":"193.5662.53","bucket":"159","time":1590181709163,"group":{"id":"settings","version":"4"},"event":{"state":true,"data":{"component":"UpdatesConfigurable","created":1590181709287},"id":"invoked"}}
{"recorder_version":"31","session":"8db81cfba1d9","build":"193.5662.53","bucket":"159","time":1590181709227,"group":{"id":"event.log","version":"31"},"event":{"count":1,"data":{"created":1590181709289,"version":"1268.0"},"id":"whitelist.loaded"}}
{"recorder_version":"31","session":"8db81cfba1d9","build":"193.5662.53","bucket":"159","time":1590181709385,"group":{"id":"settings","version":"4"},"event":{"state":true,"data":{"component":"GeneralSettings","created":1590181709386,"name":"showTipsOnStartup","type":"bool","value":false},"id":"not.default"}}
{"recorder_version":"31","session":"8db81cfba1d9","build":"193.5662.53","bucket":"159","time":1590181709385,"group":{"id":"settings","version":"4"},"event":{"state":true,"data":{"component":"GeneralSettings","created":1590181709388},"id":"invoked"}}
{"recorder_version":"31","session":"8db81cfba1d9","build":"193.5662.53","bucket":"159","time":1590181709518,"group":{"id":"lifecycle","version":"31"},"event":{"count":1,"data":{"internal":true,"eap":false,"created":1590181709518},"id":"ide.start"}}
{"recorder_version":"31","session":"8db81cfba1d9","build":"193.5662.53","bucket":"159","time":1590181709611,"group":{"id":"settings","version":"4"},"event":{"state":true,"data":{"component":"XmlEditorOptions","created":1590181709612},"id":"invoked"}}
{"recorder_version":"31","session":"8db81cfba1d9","build":"193.5662.53","bucket":"159","time":1590181710580,"group":{"id":"settings","version":"4"},"event":{"state":true,"data":{"component":"VcsApplicationSettings","created":1590181710580},"id":"invoked"}}
{"recorder_version":"31","session":"8db81cfba1d9","build":"193.5662.53","bucket":"159","time":1590181710580,"group":{"id":"lifecycle","version":"31"},"event":{"count":1,"data":{"created":1590181710580},"id":"frame.activated"}}
{"recorder_version":"31","session":"8db81cfba1d9","build":"193.5662.53","bucket":"159","time":1590181710612,"group":{"id":"performance","version":"31"},"event":{"count":1,"data":{"duration_ms":951,"created":1590181710612},"id":"ui.latency"}}
{"recorder_version":"31","session":"8db81cfba1d9","build":"193.5662.53","bucket":"159","time":1590181710612,"group":{"id":"performance","version":"31"},"event":{"count":1,"data":{"duration_ms":951,"created":1590181710613},"id":"ui.lagging"}}
{"recorder_version":"31","session":"8db81cfba1d9","build":"193.5662.53","bucket":"159","time":1590181711067,"group":{"id":"ui.dialogs","version":"31"},"event":{"count":1,"data":{"created":1590181711068,"plugin_type":"PLATFORM","dialog_class":"com.intellij.openapi.progress.util.ProgressDialog$MyDialogWrapper"},"id":"show"}}
{"recorder_version":"31","session":"8db81cfba1d9","build":"193.5662.53","bucket":"159","time":1590181711196,"group":{"id":"performance","version":"31"},"event":{"count":1,"data":{"duration_ms":541,"created":1590181711196},"id":"ui.lagging"}}
{"recorder_version":"31","session":"8db81cfba1d9","build":"193.5662.53","bucket":"159","time":1590181712647,"group":{"id":"lifecycle","version":"31"},"event":{"count":1,"data":{"created":1590181712648,"project":"d119a6d897fcb33934b9adf90ec59bc9e850f90f58367fa567dc99031a6fc921"},"id":"project.opened"}}
{"recorder_version":"31","session":"8db81cfba1d9","build":"193.5662.53","bucket":"159","time":1590181713112,"group":{"id":"performance","version":"31"},"event":{"count":1,"data":{"duration_ms":452,"created":1590181713112},"id":"ui.lagging"}}
{"recorder_version":"31","session":"8db81cfba1d9","build":"193.5662.53","bucket":"159","time":1590181713162,"group":{"id":"toolwindow","version":"31"},"event":{"count":1,"data":{"created":1590181713162,"plugin_type":"PLATFORM","id":"Event_Log"},"id":"activated"}}
{"recorder_version":"31","session":"8db81cfba1d9","build":"193.5662.53","bucket":"159","time":1590181714249,"group":{"id":"performance","version":"31"},"event":{"count":1,"data":{"duration_ms":588,"created":1590181714249},"id":"ui.lagging"}}
{"recorder_version":"31","session":"8db81cfba1d9","build":"193.5662.53","bucket":"159","time":1590181715052,"group":{"id":"project.fs","version":"1"},"event":{"state":true,"data":{"os":"Mac","cs-project":false,"created":1590181715052,"project":"d119a6d897fcb33934b9adf90ec59bc9e850f90f58367fa567dc99031a6fc921","cs-implicit":true,"cs-system":false},"id":"case-sensitivity"}}
{"recorder_version":"31","session":"8db81cfba1d9","build":"193.5662.53","bucket":"159","time":1590181715052,"group":{"id":"project.fs","version":"1"},"event":{"state":true,"data":{"created":1590181715052},"id":"invoked"}}
{"recorder_version":"31","session":"8db81cfba1d9","build":"193.5662.53","bucket":"159","time":1590181715052,"group":{"id":"project.fs","version":"1"},"event":{"state":true,"data":{"pct-non-watched":0,"created":1590181715053,"project":"d119a6d897fcb33934b9adf90ec59bc9e850f90f58367fa567dc99031a6fc921"},"id":"roots-watched"}}
{"recorder_version":"31","session":"8db81cfba1d9","build":"193.5662.53","bucket":"159","time":1590181715052,"group":{"id":"project.fs","version":"1"},"event":{"state":true,"data":{"created":1590181715053},"id":"invoked"}}
{"recorder_version":"31","session":"8db81cfba1d9","build":"193.5662.53","bucket":"159","time":1590181715113,"group":{"id":"ui.dialogs","version":"31"},"event":{"count":1,"data":{"code":1,"created":1590181715114,"plugin_type":"PLATFORM","dialog_class":"com.intellij.openapi.progress.util.ProgressDialog$MyDialogWrapper"},"id":"close"}}
{"recorder_version":"31","session":"8db81cfba1d9","build":"193.5662.53","bucket":"159","time":1590181715575,"group":{"id":"indexing","version":"2"},"event":{"count":1,"data":{"ide_activity_id":1,"created":1590181715575,"project":"d119a6d897fcb33934b9adf90ec59bc9e850f90f58367fa567dc99031a6fc921"},"id":"started"}}
{"recorder_version":"31","session":"8db81cfba1d9","build":"193.5662.53","bucket":"159","time":1590181715585,"group":{"id":"indexing","version":"2"},"event":{"count":1,"data":{"ide_activity_id":1,"stage_class":"com.intellij.util.indexing.UnindexedFilesUpdater","created":1590181715585,"plugin_type":"PLATFORM"},"id":"stage"}}
{"recorder_version":"31","session":"8db81cfba1d9","build":"193.5662.53","bucket":"159","time":1590181715618,"group":{"id":"lifecycle","version":"31"},"event":{"count":1,"data":{"duration_ms":5992,"created":1590181715618,"project":"d119a6d897fcb33934b9adf90ec59bc9e850f90f58367fa567dc99031a6fc921"},"id":"project.opening.finished"}}
{"recorder_version":"31","session":"8db81cfba1d9","build":"193.5662.53","bucket":"159","time":1590181717579,"group":{"id":"indexing","version":"2"},"event":{"count":1,"data":{"duration_ms":2003,"ide_activity_id":1,"created":1590181717579},"id":"finished"}}
{"recorder_version":"31","session":"8db81cfba1d9","build":"193.5662.53","bucket":"159","time":1590181717649,"group":{"id":"indexing","version":"2"},"event":{"count":1,"data":{"ide_activity_id":2,"created":1590181717649,"project":"d119a6d897fcb33934b9adf90ec59bc9e850f90f58367fa567dc99031a6fc921"},"id":"started"}}
{"recorder_version":"31","session":"8db81cfba1d9","build":"193.5662.53","bucket":"159","time":1590181717662,"group":{"id":"indexing","version":"2"},"event":{"count":1,"data":{"ide_activity_id":2,"plugin":"org.jetbrains.android","stage_class":"com.android.tools.idea.res.ResourceFolderRepositoryFileCacheImpl$PruneTask","created":1590181717662,"plugin_type":"JB_BUNDLED"},"id":"stage"}}
{"recorder_version":"31","session":"8db81cfba1d9","build":"193.5662.53","bucket":"159","time":1590181717699,"group":{"id":"indexing","version":"2"},"event":{"count":1,"data":{"ide_activity_id":2,"plugin":"org.jetbrains.android","stage_class":"com.android.tools.idea.res.ResourceFolderRepositoryFileCacheImpl$ManageLruProjectFilesTask","created":1590181717699,"plugin_type":"JB_BUNDLED"},"id":"stage"}}
{"recorder_version":"31","session":"8db81cfba1d9","build":"193.5662.53","bucket":"159","time":1590181717722,"group":{"id":"indexing","version":"2"},"event":{"count":1,"data":{"duration_ms":73,"ide_activity_id":2,"created":1590181717722},"id":"finished"}}
{"recorder_version":"31","session":"8db81cfba1d9","build":"193.5662.53","bucket":"159","time":1590181717731,"group":{"id":"indexing","version":"2"},"event":{"count":1,"data":{"ide_activity_id":3,"created":1590181717731,"project":"d119a6d897fcb33934b9adf90ec59bc9e850f90f58367fa567dc99031a6fc921"},"id":"started"}}
{"recorder_version":"31","session":"8db81cfba1d9","build":"193.5662.53","bucket":"159","time":1590181717733,"group":{"id":"indexing","version":"2"},"event":{"count":1,"data":{"ide_activity_id":3,"plugin":"org.jetbrains.android","stage_class":"com.android.tools.idea.res.ResourceFolderRegistry$PopulateCachesTask","created":1590181717733,"plugin_type":"JB_BUNDLED"},"id":"stage"}}
{"recorder_version":"31","session":"8db81cfba1d9","build":"193.5662.53","bucket":"159","time":1590181717735,"group":{"id":"indexing","version":"2"},"event":{"count":1,"data":{"duration_ms":4,"ide_activity_id":3,"created":1590181717735},"id":"finished"}}
{"recorder_version":"31","session":"8db81cfba1d9","build":"193.5662.53","bucket":"159","time":1590181719447,"group":{"id":"actions","version":"31"},"event":{"count":1,"data":{"context_menu":true,"action_id":"third.party","created":1590181719447,"plugin_type":"NOT_LISTED","project":"d119a6d897fcb33934b9adf90ec59bc9e850f90f58367fa567dc99031a6fc921","place":"MainMenu","class":"third.party","input_event":"NoMouseButton"},"id":"action.invoked"}}
{"recorder_version":"31","session":"8db81cfba1d9","build":"193.5662.53","bucket":"159","time":1590181719778,"group":{"id":"performance","version":"31"},"event":{"count":1,"data":{"duration_ms":110,"created":1590181719778},"id":"ui.lagging"}}
{"recorder_version":"31","session":"8db81cfba1d9","build":"193.5662.53","bucket":"159","time":1590181720121,"group":{"id":"startup","version":"1"},"event":{"count":1,"data":{"duration":2597,"created":1590181720122},"id":"appInit"}}
{"recorder_version":"31","session":"8db81cfba1d9","build":"193.5662.53","bucket":"159","time":1590181720121,"group":{"id":"startup","version":"1"},"event":{"count":1,"data":{"duration":484,"created":1590181720122},"id":"splash"}}
{"recorder_version":"31","session":"8db81cfba1d9","build":"193.5662.53","bucket":"159","time":1590181720121,"group":{"id":"startup","version":"1"},"event":{"count":1,"data":{"duration":641,"created":1590181720122},"id":"bootstrap"}}
{"recorder_version":"31","session":"8db81cfba1d9","build":"193.5662.53","bucket":"159","time":1590181720122,"group":{"id":"startup","version":"1"},"event":{"count":1,"data":{"duration":10473,"created":1590181720122},"id":"totalDuration"}}
{"recorder_version":"31","session":"8db81cfba1d9","build":"193.5662.53","bucket":"159","time":1590181721790,"group":{"id":"ui.dialogs","version":"31"},"event":{"count":1,"data":{"created":1590181721791,"plugin_type":"NOT_LISTED","dialog_class":"third.party"},"id":"show"}}
