{"recorder_version":"31","session":"e2a8343f2836","build":"193.5662.53","bucket":"159","time":1590405994934,"group":{"id":"settings","version":"4"},"event":{"state":true,"data":{"component":"NotRoamableUiSettings","created":1590405995246},"id":"invoked"}}
{"recorder_version":"31","session":"e2a8343f2836","build":"193.5662.53","bucket":"159","time":1590405994934,"group":{"id":"settings","version":"4"},"event":{"state":true,"data":{"component":"UISettings","created":1590405995248},"id":"invoked"}}
{"recorder_version":"31","session":"e2a8343f2836","build":"193.5662.53","bucket":"159","time":1590405994938,"group":{"id":"system.java","version":"1"},"event":{"state":true,"data":{"created":1590405995259,"version":"validation.undefined_rule"},"id":"validation.undefined_rule"}}
{"recorder_version":"31","session":"e2a8343f2836","build":"193.5662.53","bucket":"159","time":1590405994938,"group":{"id":"system.java","version":"1"},"event":{"state":true,"data":{"created":1590405995260},"id":"invoked"}}
{"recorder_version":"31","session":"e2a8343f2836","build":"193.5662.53","bucket":"159","time":1590405994964,"group":{"id":"system.os","version":"3"},"event":{"state":true,"data":{"created":1590405995263,"version":"10.15"},"id":"Mac"}}
{"recorder_version":"31","session":"e2a8343f2836","build":"193.5662.53","bucket":"159","time":1590405994964,"group":{"id":"system.os","version":"3"},"event":{"state":true,"data":{"created":1590405995267,"name":"Mac","version":"10.15"},"id":"os.name"}}
{"recorder_version":"31","session":"e2a8343f2836","build":"193.5662.53","bucket":"159","time":1590405994964,"group":{"id":"system.os","version":"3"},"event":{"state":true,"data":{"created":1590405995268,"value":"+02_00"},"id":"os.timezone"}}
{"recorder_version":"31","session":"e2a8343f2836","build":"193.5662.53","bucket":"159","time":1590405994964,"group":{"id":"system.os","version":"3"},"event":{"state":true,"data":{"created":1590405995269},"id":"invoked"}}
{"recorder_version":"31","session":"e2a8343f2836","build":"193.5662.53","bucket":"159","time":1590405995141,"group":{"id":"settings","version":"4"},"event":{"state":true,"data":{"component":"UpdatesConfigurable","created":1590405995269,"name":"checkNeeded","type":"bool","value":false},"id":"not.default"}}
{"recorder_version":"31","session":"e2a8343f2836","build":"193.5662.53","bucket":"159","time":1590405995141,"group":{"id":"settings","version":"4"},"event":{"state":true,"data":{"component":"UpdatesConfigurable","created":1590405995270},"id":"invoked"}}
{"recorder_version":"31","session":"e2a8343f2836","build":"193.5662.53","bucket":"159","time":1590405995201,"group":{"id":"event.log","version":"31"},"event":{"count":1,"data":{"created":1590405995271,"version":"1268.0"},"id":"whitelist.loaded"}}
{"recorder_version":"31","session":"e2a8343f2836","build":"193.5662.53","bucket":"159","time":1590405995341,"group":{"id":"settings","version":"4"},"event":{"state":true,"data":{"component":"GeneralSettings","created":1590405995342,"name":"showTipsOnStartup","type":"bool","value":false},"id":"not.default"}}
{"recorder_version":"31","session":"e2a8343f2836","build":"193.5662.53","bucket":"159","time":1590405995344,"group":{"id":"settings","version":"4"},"event":{"state":true,"data":{"component":"GeneralSettings","created":1590405995344},"id":"invoked"}}
{"recorder_version":"31","session":"e2a8343f2836","build":"193.5662.53","bucket":"159","time":1590405995364,"group":{"id":"lifecycle","version":"31"},"event":{"count":1,"data":{"internal":true,"eap":false,"created":1590405995364},"id":"ide.start"}}
{"recorder_version":"31","session":"e2a8343f2836","build":"193.5662.53","bucket":"159","time":1590405995446,"group":{"id":"settings","version":"4"},"event":{"state":true,"data":{"component":"XmlEditorOptions","created":1590405995446},"id":"invoked"}}
{"recorder_version":"31","session":"e2a8343f2836","build":"193.5662.53","bucket":"159","time":1590405996139,"group":{"id":"settings","version":"4"},"event":{"state":true,"data":{"component":"VcsApplicationSettings","created":1590405996139},"id":"invoked"}}
{"recorder_version":"31","session":"e2a8343f2836","build":"193.5662.53","bucket":"159","time":1590405996139,"group":{"id":"lifecycle","version":"31"},"event":{"count":1,"data":{"created":1590405996139},"id":"frame.activated"}}
{"recorder_version":"31","session":"e2a8343f2836","build":"193.5662.53","bucket":"159","time":1590405996170,"group":{"id":"performance","version":"31"},"event":{"count":1,"data":{"duration_ms":319,"created":1590405996170},"id":"ui.latency"}}
{"recorder_version":"31","session":"e2a8343f2836","build":"193.5662.53","bucket":"159","time":1590405996170,"group":{"id":"performance","version":"31"},"event":{"count":1,"data":{"duration_ms":319,"created":1590405996171},"id":"ui.lagging"}}
{"recorder_version":"31","session":"e2a8343f2836","build":"193.5662.53","bucket":"159","time":1590405996394,"group":{"id":"ui.dialogs","version":"31"},"event":{"count":1,"data":{"created":1590405996394,"plugin_type":"PLATFORM","dialog_class":"com.intellij.openapi.progress.util.ProgressDialog$MyDialogWrapper"},"id":"show"}}
{"recorder_version":"31","session":"e2a8343f2836","build":"193.5662.53","bucket":"159","time":1590405997679,"group":{"id":"lifecycle","version":"31"},"event":{"count":1,"data":{"created":1590405997679,"project":"d119a6d897fcb33934b9adf90ec59bc9e850f90f58367fa567dc99031a6fc921"},"id":"project.opened"}}
{"recorder_version":"31","session":"e2a8343f2836","build":"193.5662.53","bucket":"159","time":1590405998200,"group":{"id":"performance","version":"31"},"event":{"count":1,"data":{"duration_ms":351,"created":1590405998200},"id":"ui.lagging"}}
{"recorder_version":"31","session":"e2a8343f2836","build":"193.5662.53","bucket":"159","time":1590405998215,"group":{"id":"toolwindow","version":"31"},"event":{"count":1,"data":{"created":1590405998215,"plugin_type":"PLATFORM","id":"Event_Log"},"id":"activated"}}
{"recorder_version":"31","session":"e2a8343f2836","build":"193.5662.53","bucket":"159","time":1590405999005,"group":{"id":"performance","version":"31"},"event":{"count":1,"data":{"duration_ms":153,"created":1590405999005},"id":"ui.lagging"}}
{"recorder_version":"31","session":"e2a8343f2836","build":"193.5662.53","bucket":"159","time":1590405999831,"group":{"id":"indexing","version":"2"},"event":{"count":1,"data":{"ide_activity_id":1,"created":1590405999831,"project":"d119a6d897fcb33934b9adf90ec59bc9e850f90f58367fa567dc99031a6fc921"},"id":"started"}}
{"recorder_version":"31","session":"e2a8343f2836","build":"193.5662.53","bucket":"159","time":1590405999883,"group":{"id":"project.fs","version":"1"},"event":{"state":true,"data":{"os":"Mac","cs-project":false,"created":1590405999883,"project":"d119a6d897fcb33934b9adf90ec59bc9e850f90f58367fa567dc99031a6fc921","cs-implicit":true,"cs-system":false},"id":"case-sensitivity"}}
{"recorder_version":"31","session":"e2a8343f2836","build":"193.5662.53","bucket":"159","time":1590405999883,"group":{"id":"project.fs","version":"1"},"event":{"state":true,"data":{"created":1590405999884},"id":"invoked"}}
{"recorder_version":"31","session":"e2a8343f2836","build":"193.5662.53","bucket":"159","time":1590405999884,"group":{"id":"project.fs","version":"1"},"event":{"state":true,"data":{"pct-non-watched":0,"created":1590405999884,"project":"d119a6d897fcb33934b9adf90ec59bc9e850f90f58367fa567dc99031a6fc921"},"id":"roots-watched"}}
{"recorder_version":"31","session":"e2a8343f2836","build":"193.5662.53","bucket":"159","time":1590405999884,"group":{"id":"project.fs","version":"1"},"event":{"state":true,"data":{"created":1590405999884},"id":"invoked"}}
{"recorder_version":"31","session":"e2a8343f2836","build":"193.5662.53","bucket":"159","time":1590405999976,"group":{"id":"indexing","version":"2"},"event":{"count":1,"data":{"ide_activity_id":1,"stage_class":"com.intellij.util.indexing.UnindexedFilesUpdater","created":1590405999976,"plugin_type":"PLATFORM"},"id":"stage"}}
{"recorder_version":"31","session":"e2a8343f2836","build":"193.5662.53","bucket":"159","time":1590405999976,"group":{"id":"performance","version":"31"},"event":{"count":1,"data":{"duration_ms":124,"created":1590405999977},"id":"ui.lagging"}}
{"recorder_version":"31","session":"e2a8343f2836","build":"193.5662.53","bucket":"159","time":1590405999976,"group":{"id":"ui.dialogs","version":"31"},"event":{"count":1,"data":{"code":1,"created":1590405999977,"plugin_type":"PLATFORM","dialog_class":"com.intellij.openapi.progress.util.ProgressDialog$MyDialogWrapper"},"id":"close"}}
{"recorder_version":"31","session":"e2a8343f2836","build":"193.5662.53","bucket":"159","time":1590406000131,"group":{"id":"lifecycle","version":"31"},"event":{"count":1,"data":{"duration_ms":4678,"created":1590406000131,"project":"d119a6d897fcb33934b9adf90ec59bc9e850f90f58367fa567dc99031a6fc921"},"id":"project.opening.finished"}}
{"recorder_version":"31","session":"e2a8343f2836","build":"193.5662.53","bucket":"159","time":1590406001968,"group":{"id":"indexing","version":"2"},"event":{"count":1,"data":{"duration_ms":2137,"ide_activity_id":1,"created":1590406001969},"id":"finished"}}
{"recorder_version":"31","session":"e2a8343f2836","build":"193.5662.53","bucket":"159","time":1590406002065,"group":{"id":"indexing","version":"2"},"event":{"count":1,"data":{"ide_activity_id":2,"created":1590406002066,"project":"d119a6d897fcb33934b9adf90ec59bc9e850f90f58367fa567dc99031a6fc921"},"id":"started"}}
{"recorder_version":"31","session":"e2a8343f2836","build":"193.5662.53","bucket":"159","time":1590406002078,"group":{"id":"indexing","version":"2"},"event":{"count":1,"data":{"ide_activity_id":2,"plugin":"org.jetbrains.android","stage_class":"com.android.tools.idea.res.ResourceFolderRepositoryFileCacheImpl$PruneTask","created":1590406002079,"plugin_type":"JB_BUNDLED"},"id":"stage"}}
{"recorder_version":"31","session":"e2a8343f2836","build":"193.5662.53","bucket":"159","time":1590406002113,"group":{"id":"indexing","version":"2"},"event":{"count":1,"data":{"ide_activity_id":2,"plugin":"org.jetbrains.android","stage_class":"com.android.tools.idea.res.ResourceFolderRepositoryFileCacheImpl$ManageLruProjectFilesTask","created":1590406002113,"plugin_type":"JB_BUNDLED"},"id":"stage"}}
{"recorder_version":"31","session":"e2a8343f2836","build":"193.5662.53","bucket":"159","time":1590406002137,"group":{"id":"indexing","version":"2"},"event":{"count":1,"data":{"duration_ms":72,"ide_activity_id":2,"created":1590406002138},"id":"finished"}}
{"recorder_version":"31","session":"e2a8343f2836","build":"193.5662.53","bucket":"159","time":1590406002149,"group":{"id":"indexing","version":"2"},"event":{"count":1,"data":{"ide_activity_id":3,"created":1590406002149,"project":"d119a6d897fcb33934b9adf90ec59bc9e850f90f58367fa567dc99031a6fc921"},"id":"started"}}
{"recorder_version":"31","session":"e2a8343f2836","build":"193.5662.53","bucket":"159","time":1590406002151,"group":{"id":"indexing","version":"2"},"event":{"count":1,"data":{"ide_activity_id":3,"plugin":"org.jetbrains.android","stage_class":"com.android.tools.idea.res.ResourceFolderRegistry$PopulateCachesTask","created":1590406002153,"plugin_type":"JB_BUNDLED"},"id":"stage"}}
{"recorder_version":"31","session":"e2a8343f2836","build":"193.5662.53","bucket":"159","time":1590406002155,"group":{"id":"indexing","version":"2"},"event":{"count":1,"data":{"duration_ms":6,"ide_activity_id":3,"created":1590406002155},"id":"finished"}}
{"recorder_version":"31","session":"e2a8343f2836","build":"193.5662.53","bucket":"159","time":1590406003977,"group":{"id":"actions","version":"31"},"event":{"count":1,"data":{"context_menu":true,"action_id":"third.party","created":1590406003977,"plugin_type":"NOT_LISTED","project":"d119a6d897fcb33934b9adf90ec59bc9e850f90f58367fa567dc99031a6fc921","place":"MainMenu","class":"third.party","input_event":"NoMouseButton"},"id":"action.invoked"}}
{"recorder_version":"31","session":"e2a8343f2836","build":"193.5662.53","bucket":"159","time":1590406004986,"group":{"id":"startup","version":"1"},"event":{"count":1,"data":{"duration":1896,"created":1590406004986},"id":"appInit"}}
{"recorder_version":"31","session":"e2a8343f2836","build":"193.5662.53","bucket":"159","time":1590406004986,"group":{"id":"startup","version":"1"},"event":{"count":1,"data":{"duration":412,"created":1590406004987},"id":"splash"}}
{"recorder_version":"31","session":"e2a8343f2836","build":"193.5662.53","bucket":"159","time":1590406004986,"group":{"id":"startup","version":"1"},"event":{"count":1,"data":{"duration":375,"created":1590406004987},"id":"bootstrap"}}
{"recorder_version":"31","session":"e2a8343f2836","build":"193.5662.53","bucket":"159","time":1590406004986,"group":{"id":"startup","version":"1"},"event":{"count":1,"data":{"duration":8007,"created":1590406004987},"id":"totalDuration"}}
{"recorder_version":"31","session":"e2a8343f2836","build":"193.5662.53","bucket":"159","time":1590406005075,"group":{"id":"ui.dialogs","version":"31"},"event":{"count":1,"data":{"created":1590406005076,"plugin_type":"NOT_LISTED","dialog_class":"third.party"},"id":"show"}}
{"recorder_version":"31","session":"e2a8343f2836","build":"193.5662.53","bucket":"159","time":1590406025286,"group":{"id":"ui.dialogs","version":"31"},"event":{"count":1,"data":{"code":1,"created":1590406025286,"plugin_type":"NOT_LISTED","dialog_class":"third.party"},"id":"close"}}
