{"recorder_version":"31","session":"ecdb80d39456","build":"193.5662.53","bucket":"159","time":1589928715613,"group":{"id":"settings","version":"4"},"event":{"state":true,"data":{"component":"NotRoamableUiSettings","created":1589928715891},"id":"invoked"}}
{"recorder_version":"31","session":"ecdb80d39456","build":"193.5662.53","bucket":"159","time":1589928715614,"group":{"id":"settings","version":"4"},"event":{"state":true,"data":{"component":"UISettings","created":1589928715915},"id":"invoked"}}
{"recorder_version":"31","session":"ecdb80d39456","build":"193.5662.53","bucket":"159","time":1589928715618,"group":{"id":"system.java","version":"1"},"event":{"state":true,"data":{"created":1589928715931,"version":"validation.undefined_rule"},"id":"validation.undefined_rule"}}
{"recorder_version":"31","session":"ecdb80d39456","build":"193.5662.53","bucket":"159","time":1589928715618,"group":{"id":"system.java","version":"1"},"event":{"state":true,"data":{"created":1589928715931},"id":"invoked"}}
{"recorder_version":"31","session":"ecdb80d39456","build":"193.5662.53","bucket":"159","time":1589928715647,"group":{"id":"system.os","version":"3"},"event":{"state":true,"data":{"created":1589928715932,"version":"10.15"},"id":"Mac"}}
{"recorder_version":"31","session":"ecdb80d39456","build":"193.5662.53","bucket":"159","time":1589928715647,"group":{"id":"system.os","version":"3"},"event":{"state":true,"data":{"created":1589928715933,"name":"Mac","version":"10.15"},"id":"os.name"}}
{"recorder_version":"31","session":"ecdb80d39456","build":"193.5662.53","bucket":"159","time":1589928715647,"group":{"id":"system.os","version":"3"},"event":{"state":true,"data":{"created":1589928715933,"value":"+02_00"},"id":"os.timezone"}}
{"recorder_version":"31","session":"ecdb80d39456","build":"193.5662.53","bucket":"159","time":1589928715647,"group":{"id":"system.os","version":"3"},"event":{"state":true,"data":{"created":1589928715933},"id":"invoked"}}
{"recorder_version":"31","session":"ecdb80d39456","build":"193.5662.53","bucket":"159","time":1589928715744,"group":{"id":"settings","version":"4"},"event":{"state":true,"data":{"component":"UpdatesConfigurable","created":1589928715934,"name":"checkNeeded","type":"bool","value":false},"id":"not.default"}}
{"recorder_version":"31","session":"ecdb80d39456","build":"193.5662.53","bucket":"159","time":1589928715744,"group":{"id":"settings","version":"4"},"event":{"state":true,"data":{"component":"UpdatesConfigurable","created":1589928715934},"id":"invoked"}}
{"recorder_version":"31","session":"ecdb80d39456","build":"193.5662.53","bucket":"159","time":1589928715855,"group":{"id":"event.log","version":"31"},"event":{"count":1,"data":{"created":1589928715934,"version":"1261.0"},"id":"whitelist.loaded"}}
{"recorder_version":"31","session":"ecdb80d39456","build":"193.5662.53","bucket":"159","time":1589928715934,"group":{"id":"settings","version":"4"},"event":{"state":true,"data":{"component":"GeneralSettings","created":1589928715935,"name":"showTipsOnStartup","type":"bool","value":false},"id":"not.default"}}
{"recorder_version":"31","session":"ecdb80d39456","build":"193.5662.53","bucket":"159","time":1589928715934,"group":{"id":"settings","version":"4"},"event":{"state":true,"data":{"component":"GeneralSettings","created":1589928715935},"id":"invoked"}}
{"recorder_version":"31","session":"ecdb80d39456","build":"193.5662.53","bucket":"159","time":1589928715959,"group":{"id":"lifecycle","version":"31"},"event":{"count":1,"data":{"internal":true,"eap":false,"created":1589928715959},"id":"ide.start"}}
{"recorder_version":"31","session":"ecdb80d39456","build":"193.5662.53","bucket":"159","time":1589928716052,"group":{"id":"settings","version":"4"},"event":{"state":true,"data":{"component":"XmlEditorOptions","created":1589928716052},"id":"invoked"}}
{"recorder_version":"31","session":"ecdb80d39456","build":"193.5662.53","bucket":"159","time":1589928716774,"group":{"id":"lifecycle","version":"31"},"event":{"count":1,"data":{"created":1589928716774},"id":"frame.activated"}}
{"recorder_version":"31","session":"ecdb80d39456","build":"193.5662.53","bucket":"159","time":1589928716774,"group":{"id":"settings","version":"4"},"event":{"state":true,"data":{"component":"VcsApplicationSettings","created":1589928716775},"id":"invoked"}}
{"recorder_version":"31","session":"ecdb80d39456","build":"193.5662.53","bucket":"159","time":1589928716811,"group":{"id":"performance","version":"31"},"event":{"count":1,"data":{"duration_ms":312,"created":1589928716812},"id":"ui.latency"}}
{"recorder_version":"31","session":"ecdb80d39456","build":"193.5662.53","bucket":"159","time":1589928716811,"group":{"id":"performance","version":"31"},"event":{"count":1,"data":{"duration_ms":312,"created":1589928716812},"id":"ui.lagging"}}
{"recorder_version":"31","session":"ecdb80d39456","build":"193.5662.53","bucket":"159","time":1589928717019,"group":{"id":"ui.dialogs","version":"31"},"event":{"count":1,"data":{"created":1589928717021,"plugin_type":"PLATFORM","dialog_class":"com.intellij.openapi.progress.util.ProgressDialog$MyDialogWrapper"},"id":"show"}}
{"recorder_version":"31","session":"ecdb80d39456","build":"193.5662.53","bucket":"159","time":1589928718299,"group":{"id":"lifecycle","version":"31"},"event":{"count":1,"data":{"created":1589928718299,"project":"d119a6d897fcb33934b9adf90ec59bc9e850f90f58367fa567dc99031a6fc921"},"id":"project.opened"}}
{"recorder_version":"31","session":"ecdb80d39456","build":"193.5662.53","bucket":"159","time":1589928718741,"group":{"id":"performance","version":"31"},"event":{"count":1,"data":{"duration_ms":248,"created":1589928718741},"id":"ui.lagging"}}
{"recorder_version":"31","session":"ecdb80d39456","build":"193.5662.53","bucket":"159","time":1589928718757,"group":{"id":"toolwindow","version":"31"},"event":{"count":1,"data":{"created":1589928718757,"plugin_type":"PLATFORM","id":"Event_Log"},"id":"activated"}}
{"recorder_version":"31","session":"ecdb80d39456","build":"193.5662.53","bucket":"159","time":1589928719345,"group":{"id":"lifecycle","version":"31"},"event":{"count":1,"data":{"created":1589928719346,"project":"d119a6d897fcb33934b9adf90ec59bc9e850f90f58367fa567dc99031a6fc921"},"id":"frame.deactivated"}}
{"recorder_version":"31","session":"ecdb80d39456","build":"193.5662.53","bucket":"159","time":1589928719866,"group":{"id":"performance","version":"31"},"event":{"count":1,"data":{"duration_ms":371,"created":1589928719866},"id":"ui.lagging"}}
{"recorder_version":"31","session":"ecdb80d39456","build":"193.5662.53","bucket":"159","time":1589928720477,"group":{"id":"indexing","version":"2"},"event":{"count":1,"data":{"ide_activity_id":1,"created":1589928720477,"project":"d119a6d897fcb33934b9adf90ec59bc9e850f90f58367fa567dc99031a6fc921"},"id":"started"}}
{"recorder_version":"31","session":"ecdb80d39456","build":"193.5662.53","bucket":"159","time":1589928720478,"group":{"id":"project.fs","version":"1"},"event":{"state":true,"data":{"os":"Mac","cs-project":false,"created":1589928720479,"project":"d119a6d897fcb33934b9adf90ec59bc9e850f90f58367fa567dc99031a6fc921","cs-implicit":true,"cs-system":false},"id":"case-sensitivity"}}
{"recorder_version":"31","session":"ecdb80d39456","build":"193.5662.53","bucket":"159","time":1589928720478,"group":{"id":"project.fs","version":"1"},"event":{"state":true,"data":{"created":1589928720479},"id":"invoked"}}
{"recorder_version":"31","session":"ecdb80d39456","build":"193.5662.53","bucket":"159","time":1589928720479,"group":{"id":"project.fs","version":"1"},"event":{"state":true,"data":{"pct-non-watched":0,"created":1589928720479,"project":"d119a6d897fcb33934b9adf90ec59bc9e850f90f58367fa567dc99031a6fc921"},"id":"roots-watched"}}
{"recorder_version":"31","session":"ecdb80d39456","build":"193.5662.53","bucket":"159","time":1589928720479,"group":{"id":"project.fs","version":"1"},"event":{"state":true,"data":{"created":1589928720480},"id":"invoked"}}
{"recorder_version":"31","session":"ecdb80d39456","build":"193.5662.53","bucket":"159","time":1589928720525,"group":{"id":"ui.dialogs","version":"31"},"event":{"count":1,"data":{"code":1,"created":1589928720525,"plugin_type":"PLATFORM","dialog_class":"com.intellij.openapi.progress.util.ProgressDialog$MyDialogWrapper"},"id":"close"}}
{"recorder_version":"31","session":"ecdb80d39456","build":"193.5662.53","bucket":"159","time":1589928720540,"group":{"id":"indexing","version":"2"},"event":{"count":1,"data":{"ide_activity_id":1,"stage_class":"com.intellij.util.indexing.UnindexedFilesUpdater","created":1589928720540,"plugin_type":"PLATFORM"},"id":"stage"}}
{"recorder_version":"31","session":"ecdb80d39456","build":"193.5662.53","bucket":"159","time":1589928720860,"group":{"id":"lifecycle","version":"31"},"event":{"count":1,"data":{"duration_ms":4803,"created":1589928720860,"project":"d119a6d897fcb33934b9adf90ec59bc9e850f90f58367fa567dc99031a6fc921"},"id":"project.opening.finished"}}
{"recorder_version":"31","session":"ecdb80d39456","build":"193.5662.53","bucket":"159","time":1589928723135,"group":{"id":"indexing","version":"2"},"event":{"count":1,"data":{"duration_ms":2658,"ide_activity_id":1,"created":1589928723136},"id":"finished"}}
{"recorder_version":"31","session":"ecdb80d39456","build":"193.5662.53","bucket":"159","time":1589928723248,"group":{"id":"indexing","version":"2"},"event":{"count":1,"data":{"ide_activity_id":2,"created":1589928723250,"project":"d119a6d897fcb33934b9adf90ec59bc9e850f90f58367fa567dc99031a6fc921"},"id":"started"}}
{"recorder_version":"31","session":"ecdb80d39456","build":"193.5662.53","bucket":"159","time":1589928723261,"group":{"id":"indexing","version":"2"},"event":{"count":1,"data":{"ide_activity_id":2,"plugin":"org.jetbrains.android","stage_class":"com.android.tools.idea.res.ResourceFolderRepositoryFileCacheImpl$PruneTask","created":1589928723262,"plugin_type":"JB_BUNDLED"},"id":"stage"}}
{"recorder_version":"31","session":"ecdb80d39456","build":"193.5662.53","bucket":"159","time":1589928723303,"group":{"id":"indexing","version":"2"},"event":{"count":1,"data":{"ide_activity_id":2,"plugin":"org.jetbrains.android","stage_class":"com.android.tools.idea.res.ResourceFolderRepositoryFileCacheImpl$ManageLruProjectFilesTask","created":1589928723303,"plugin_type":"JB_BUNDLED"},"id":"stage"}}
{"recorder_version":"31","session":"ecdb80d39456","build":"193.5662.53","bucket":"159","time":1589928723328,"group":{"id":"indexing","version":"2"},"event":{"count":1,"data":{"duration_ms":80,"ide_activity_id":2,"created":1589928723329},"id":"finished"}}
{"recorder_version":"31","session":"ecdb80d39456","build":"193.5662.53","bucket":"159","time":1589928723339,"group":{"id":"indexing","version":"2"},"event":{"count":1,"data":{"ide_activity_id":3,"created":1589928723339,"project":"d119a6d897fcb33934b9adf90ec59bc9e850f90f58367fa567dc99031a6fc921"},"id":"started"}}
{"recorder_version":"31","session":"ecdb80d39456","build":"193.5662.53","bucket":"159","time":1589928723346,"group":{"id":"indexing","version":"2"},"event":{"count":1,"data":{"ide_activity_id":3,"plugin":"org.jetbrains.android","stage_class":"com.android.tools.idea.res.ResourceFolderRegistry$PopulateCachesTask","created":1589928723346,"plugin_type":"JB_BUNDLED"},"id":"stage"}}
{"recorder_version":"31","session":"ecdb80d39456","build":"193.5662.53","bucket":"159","time":1589928723349,"group":{"id":"indexing","version":"2"},"event":{"count":1,"data":{"duration_ms":10,"ide_activity_id":3,"created":1589928723349},"id":"finished"}}
{"recorder_version":"31","session":"ecdb80d39456","build":"193.5662.53","bucket":"159","time":1589928723784,"group":{"id":"performance","version":"31"},"event":{"count":1,"data":{"duration_ms":283,"created":1589928723785},"id":"ui.lagging"}}
{"recorder_version":"31","session":"ecdb80d39456","build":"193.5662.53","bucket":"159","time":1589928725531,"group":{"id":"startup","version":"1"},"event":{"count":1,"data":{"duration":1732,"created":1589928725532},"id":"appInit"}}
{"recorder_version":"31","session":"ecdb80d39456","build":"193.5662.53","bucket":"159","time":1589928725531,"group":{"id":"startup","version":"1"},"event":{"count":1,"data":{"duration":385,"created":1589928725532},"id":"splash"}}
{"recorder_version":"31","session":"ecdb80d39456","build":"193.5662.53","bucket":"159","time":1589928725532,"group":{"id":"startup","version":"1"},"event":{"count":1,"data":{"duration":330,"created":1589928725532},"id":"bootstrap"}}
