{"recorder_version":"31","session":"74d06241ffb5","build":"193.5662.53","bucket":"159","time":1590244821908,"group":{"id":"settings","version":"4"},"event":{"state":true,"data":{"component":"UISettings","created":1590244822212},"id":"invoked"}}
{"recorder_version":"31","session":"74d06241ffb5","build":"193.5662.53","bucket":"159","time":1590244821908,"group":{"id":"settings","version":"4"},"event":{"state":true,"data":{"component":"NotRoamableUiSettings","created":1590244822220},"id":"invoked"}}
{"recorder_version":"31","session":"74d06241ffb5","build":"193.5662.53","bucket":"159","time":1590244821913,"group":{"id":"system.java","version":"1"},"event":{"state":true,"data":{"created":1590244822242,"version":"validation.undefined_rule"},"id":"validation.undefined_rule"}}
{"recorder_version":"31","session":"74d06241ffb5","build":"193.5662.53","bucket":"159","time":1590244821913,"group":{"id":"system.java","version":"1"},"event":{"state":true,"data":{"created":1590244822243},"id":"invoked"}}
{"recorder_version":"31","session":"74d06241ffb5","build":"193.5662.53","bucket":"159","time":1590244821931,"group":{"id":"system.os","version":"3"},"event":{"state":true,"data":{"created":1590244822244,"version":"10.15"},"id":"Mac"}}
{"recorder_version":"31","session":"74d06241ffb5","build":"193.5662.53","bucket":"159","time":1590244821931,"group":{"id":"system.os","version":"3"},"event":{"state":true,"data":{"created":1590244822244,"name":"Mac","version":"10.15"},"id":"os.name"}}
{"recorder_version":"31","session":"74d06241ffb5","build":"193.5662.53","bucket":"159","time":1590244821931,"group":{"id":"system.os","version":"3"},"event":{"state":true,"data":{"created":1590244822245,"value":"+02_00"},"id":"os.timezone"}}
{"recorder_version":"31","session":"74d06241ffb5","build":"193.5662.53","bucket":"159","time":1590244821931,"group":{"id":"system.os","version":"3"},"event":{"state":true,"data":{"created":1590244822246},"id":"invoked"}}
{"recorder_version":"31","session":"74d06241ffb5","build":"193.5662.53","bucket":"159","time":1590244822072,"group":{"id":"settings","version":"4"},"event":{"state":true,"data":{"component":"UpdatesConfigurable","created":1590244822246,"name":"checkNeeded","type":"bool","value":false},"id":"not.default"}}
{"recorder_version":"31","session":"74d06241ffb5","build":"193.5662.53","bucket":"159","time":1590244822073,"group":{"id":"settings","version":"4"},"event":{"state":true,"data":{"component":"UpdatesConfigurable","created":1590244822246},"id":"invoked"}}
{"recorder_version":"31","session":"74d06241ffb5","build":"193.5662.53","bucket":"159","time":1590244822183,"group":{"id":"event.log","version":"31"},"event":{"count":1,"data":{"created":1590244822247,"version":"1268.0"},"id":"whitelist.loaded"}}
{"recorder_version":"31","session":"74d06241ffb5","build":"193.5662.53","bucket":"159","time":1590244822298,"group":{"id":"settings","version":"4"},"event":{"state":true,"data":{"component":"GeneralSettings","created":1590244822301,"name":"showTipsOnStartup","type":"bool","value":false},"id":"not.default"}}
{"recorder_version":"31","session":"74d06241ffb5","build":"193.5662.53","bucket":"159","time":1590244822298,"group":{"id":"settings","version":"4"},"event":{"state":true,"data":{"component":"GeneralSettings","created":1590244822302},"id":"invoked"}}
{"recorder_version":"31","session":"74d06241ffb5","build":"193.5662.53","bucket":"159","time":1590244822345,"group":{"id":"lifecycle","version":"31"},"event":{"count":1,"data":{"internal":true,"eap":false,"created":1590244822345},"id":"ide.start"}}
{"recorder_version":"31","session":"74d06241ffb5","build":"193.5662.53","bucket":"159","time":1590244822416,"group":{"id":"settings","version":"4"},"event":{"state":true,"data":{"component":"XmlEditorOptions","created":1590244822416},"id":"invoked"}}
{"recorder_version":"31","session":"74d06241ffb5","build":"193.5662.53","bucket":"159","time":1590244823244,"group":{"id":"settings","version":"4"},"event":{"state":true,"data":{"component":"VcsApplicationSettings","created":1590244823244},"id":"invoked"}}
{"recorder_version":"31","session":"74d06241ffb5","build":"193.5662.53","bucket":"159","time":1590244823244,"group":{"id":"lifecycle","version":"31"},"event":{"count":1,"data":{"created":1590244823244},"id":"frame.activated"}}
{"recorder_version":"31","session":"74d06241ffb5","build":"193.5662.53","bucket":"159","time":1590244823275,"group":{"id":"performance","version":"31"},"event":{"count":1,"data":{"duration_ms":480,"created":1590244823276},"id":"ui.latency"}}
{"recorder_version":"31","session":"74d06241ffb5","build":"193.5662.53","bucket":"159","time":1590244823275,"group":{"id":"performance","version":"31"},"event":{"count":1,"data":{"duration_ms":480,"created":1590244823276},"id":"ui.lagging"}}
{"recorder_version":"31","session":"74d06241ffb5","build":"193.5662.53","bucket":"159","time":1590244823526,"group":{"id":"ui.dialogs","version":"31"},"event":{"count":1,"data":{"created":1590244823526,"plugin_type":"PLATFORM","dialog_class":"com.intellij.openapi.progress.util.ProgressDialog$MyDialogWrapper"},"id":"show"}}
{"recorder_version":"31","session":"74d06241ffb5","build":"193.5662.53","bucket":"159","time":1590244825011,"group":{"id":"lifecycle","version":"31"},"event":{"count":1,"data":{"created":1590244825011,"project":"d119a6d897fcb33934b9adf90ec59bc9e850f90f58367fa567dc99031a6fc921"},"id":"project.opened"}}
{"recorder_version":"31","session":"74d06241ffb5","build":"193.5662.53","bucket":"159","time":1590244825440,"group":{"id":"performance","version":"31"},"event":{"count":1,"data":{"duration_ms":647,"created":1590244825440},"id":"ui.lagging"}}
{"recorder_version":"31","session":"74d06241ffb5","build":"193.5662.53","bucket":"159","time":1590244825619,"group":{"id":"toolwindow","version":"31"},"event":{"count":1,"data":{"created":1590244825620,"plugin_type":"PLATFORM","id":"Event_Log"},"id":"activated"}}
{"recorder_version":"31","session":"74d06241ffb5","build":"193.5662.53","bucket":"159","time":1590244826412,"group":{"id":"performance","version":"31"},"event":{"count":1,"data":{"duration_ms":618,"created":1590244826412},"id":"ui.lagging"}}
{"recorder_version":"31","session":"74d06241ffb5","build":"193.5662.53","bucket":"159","time":1590244827034,"group":{"id":"performance","version":"31"},"event":{"count":1,"data":{"duration_ms":239,"created":1590244827034},"id":"ui.lagging"}}
{"recorder_version":"31","session":"74d06241ffb5","build":"193.5662.53","bucket":"159","time":1590244827667,"group":{"id":"indexing","version":"2"},"event":{"count":1,"data":{"ide_activity_id":1,"created":1590244827668,"project":"d119a6d897fcb33934b9adf90ec59bc9e850f90f58367fa567dc99031a6fc921"},"id":"started"}}
{"recorder_version":"31","session":"74d06241ffb5","build":"193.5662.53","bucket":"159","time":1590244827671,"group":{"id":"project.fs","version":"1"},"event":{"state":true,"data":{"os":"Mac","cs-project":false,"created":1590244827672,"project":"d119a6d897fcb33934b9adf90ec59bc9e850f90f58367fa567dc99031a6fc921","cs-implicit":true,"cs-system":false},"id":"case-sensitivity"}}
{"recorder_version":"31","session":"74d06241ffb5","build":"193.5662.53","bucket":"159","time":1590244827671,"group":{"id":"project.fs","version":"1"},"event":{"state":true,"data":{"created":1590244827672},"id":"invoked"}}
{"recorder_version":"31","session":"74d06241ffb5","build":"193.5662.53","bucket":"159","time":1590244827672,"group":{"id":"project.fs","version":"1"},"event":{"state":true,"data":{"pct-non-watched":0,"created":1590244827673,"project":"d119a6d897fcb33934b9adf90ec59bc9e850f90f58367fa567dc99031a6fc921"},"id":"roots-watched"}}
{"recorder_version":"31","session":"74d06241ffb5","build":"193.5662.53","bucket":"159","time":1590244827672,"group":{"id":"project.fs","version":"1"},"event":{"state":true,"data":{"created":1590244827673},"id":"invoked"}}
{"recorder_version":"31","session":"74d06241ffb5","build":"193.5662.53","bucket":"159","time":1590244827750,"group":{"id":"indexing","version":"2"},"event":{"count":1,"data":{"ide_activity_id":1,"stage_class":"com.intellij.util.indexing.UnindexedFilesUpdater","created":1590244827750,"plugin_type":"PLATFORM"},"id":"stage"}}
{"recorder_version":"31","session":"74d06241ffb5","build":"193.5662.53","bucket":"159","time":1590244827783,"group":{"id":"ui.dialogs","version":"31"},"event":{"count":1,"data":{"code":1,"created":1590244827784,"plugin_type":"PLATFORM","dialog_class":"com.intellij.openapi.progress.util.ProgressDialog$MyDialogWrapper"},"id":"close"}}
{"recorder_version":"31","session":"74d06241ffb5","build":"193.5662.53","bucket":"159","time":1590244827912,"group":{"id":"lifecycle","version":"31"},"event":{"count":1,"data":{"duration_ms":5461,"created":1590244827913,"project":"d119a6d897fcb33934b9adf90ec59bc9e850f90f58367fa567dc99031a6fc921"},"id":"project.opening.finished"}}
{"recorder_version":"31","session":"74d06241ffb5","build":"193.5662.53","bucket":"159","time":1590244830462,"group":{"id":"indexing","version":"2"},"event":{"count":1,"data":{"duration_ms":2794,"ide_activity_id":1,"created":1590244830465},"id":"finished"}}
{"recorder_version":"31","session":"74d06241ffb5","build":"193.5662.53","bucket":"159","time":1590244830572,"group":{"id":"indexing","version":"2"},"event":{"count":1,"data":{"ide_activity_id":2,"created":1590244830572,"project":"d119a6d897fcb33934b9adf90ec59bc9e850f90f58367fa567dc99031a6fc921"},"id":"started"}}
{"recorder_version":"31","session":"74d06241ffb5","build":"193.5662.53","bucket":"159","time":1590244830589,"group":{"id":"indexing","version":"2"},"event":{"count":1,"data":{"ide_activity_id":2,"plugin":"org.jetbrains.android","stage_class":"com.android.tools.idea.res.ResourceFolderRepositoryFileCacheImpl$PruneTask","created":1590244830589,"plugin_type":"JB_BUNDLED"},"id":"stage"}}
{"recorder_version":"31","session":"74d06241ffb5","build":"193.5662.53","bucket":"159","time":1590244830632,"group":{"id":"indexing","version":"2"},"event":{"count":1,"data":{"ide_activity_id":2,"plugin":"org.jetbrains.android","stage_class":"com.android.tools.idea.res.ResourceFolderRepositoryFileCacheImpl$ManageLruProjectFilesTask","created":1590244830638,"plugin_type":"JB_BUNDLED"},"id":"stage"}}
{"recorder_version":"31","session":"74d06241ffb5","build":"193.5662.53","bucket":"159","time":1590244830667,"group":{"id":"indexing","version":"2"},"event":{"count":1,"data":{"duration_ms":95,"ide_activity_id":2,"created":1590244830670},"id":"finished"}}
{"recorder_version":"31","session":"74d06241ffb5","build":"193.5662.53","bucket":"159","time":1590244830683,"group":{"id":"indexing","version":"2"},"event":{"count":1,"data":{"ide_activity_id":3,"created":1590244830683,"project":"d119a6d897fcb33934b9adf90ec59bc9e850f90f58367fa567dc99031a6fc921"},"id":"started"}}
{"recorder_version":"31","session":"74d06241ffb5","build":"193.5662.53","bucket":"159","time":1590244830684,"group":{"id":"indexing","version":"2"},"event":{"count":1,"data":{"ide_activity_id":3,"plugin":"org.jetbrains.android","stage_class":"com.android.tools.idea.res.ResourceFolderRegistry$PopulateCachesTask","created":1590244830684,"plugin_type":"JB_BUNDLED"},"id":"stage"}}
{"recorder_version":"31","session":"74d06241ffb5","build":"193.5662.53","bucket":"159","time":1590244830688,"group":{"id":"indexing","version":"2"},"event":{"count":1,"data":{"duration_ms":5,"ide_activity_id":3,"created":1590244830688},"id":"finished"}}
{"recorder_version":"31","session":"74d06241ffb5","build":"193.5662.53","bucket":"159","time":1590244831176,"group":{"id":"performance","version":"31"},"event":{"count":1,"data":{"duration_ms":369,"created":1590244831176},"id":"ui.lagging"}}
{"recorder_version":"31","session":"74d06241ffb5","build":"193.5662.53","bucket":"159","time":1590244832486,"group":{"id":"actions","version":"31"},"event":{"count":1,"data":{"context_menu":true,"action_id":"third.party","created":1590244832487,"plugin_type":"NOT_LISTED","project":"d119a6d897fcb33934b9adf90ec59bc9e850f90f58367fa567dc99031a6fc921","place":"MainMenu","class":"third.party","input_event":"NoMouseButton"},"id":"action.invoked"}}
{"recorder_version":"31","session":"74d06241ffb5","build":"193.5662.53","bucket":"159","time":1590244832760,"group":{"id":"startup","version":"1"},"event":{"count":1,"data":{"duration":1868,"created":1590244832761},"id":"appInit"}}
{"recorder_version":"31","session":"74d06241ffb5","build":"193.5662.53","bucket":"159","time":1590244832760,"group":{"id":"startup","version":"1"},"event":{"count":1,"data":{"duration":445,"created":1590244832761},"id":"splash"}}
{"recorder_version":"31","session":"74d06241ffb5","build":"193.5662.53","bucket":"159","time":1590244832760,"group":{"id":"startup","version":"1"},"event":{"count":1,"data":{"duration":339,"created":1590244832761},"id":"bootstrap"}}
{"recorder_version":"31","session":"74d06241ffb5","build":"193.5662.53","bucket":"159","time":1590244832760,"group":{"id":"startup","version":"1"},"event":{"count":1,"data":{"duration":8645,"created":1590244832761},"id":"totalDuration"}}
{"recorder_version":"31","session":"74d06241ffb5","build":"193.5662.53","bucket":"159","time":1590244832960,"group":{"id":"performance","version":"31"},"event":{"count":1,"data":{"duration_ms":149,"created":1590244832961},"id":"ui.lagging"}}
{"recorder_version":"31","session":"74d06241ffb5","build":"193.5662.53","bucket":"159","time":1590244835237,"group":{"id":"ui.dialogs","version":"31"},"event":{"count":1,"data":{"created":1590244835238,"plugin_type":"NOT_LISTED","dialog_class":"third.party"},"id":"show"}}
{"recorder_version":"31","session":"74d06241ffb5","build":"193.5662.53","bucket":"159","time":1590244868643,"group":{"id":"ui.dialogs","version":"31"},"event":{"count":1,"data":{"code":1,"created":1590244868644,"plugin_type":"NOT_LISTED","dialog_class":"third.party"},"id":"close"}}
