{"recorder_version":"31","session":"b6a30f36e41a","build":"193.5662.53","bucket":"159","time":1590251720009,"group":{"id":"settings","version":"4"},"event":{"state":true,"data":{"component":"UISettings","created":1590251720395},"id":"invoked"}}
{"recorder_version":"31","session":"b6a30f36e41a","build":"193.5662.53","bucket":"159","time":1590251720010,"group":{"id":"settings","version":"4"},"event":{"state":true,"data":{"component":"NotRoamableUiSettings","created":1590251720398},"id":"invoked"}}
{"recorder_version":"31","session":"b6a30f36e41a","build":"193.5662.53","bucket":"159","time":1590251720017,"group":{"id":"system.java","version":"1"},"event":{"state":true,"data":{"created":1590251720409,"version":"validation.undefined_rule"},"id":"validation.undefined_rule"}}
{"recorder_version":"31","session":"b6a30f36e41a","build":"193.5662.53","bucket":"159","time":1590251720017,"group":{"id":"system.java","version":"1"},"event":{"state":true,"data":{"created":1590251720409},"id":"invoked"}}
{"recorder_version":"31","session":"b6a30f36e41a","build":"193.5662.53","bucket":"159","time":1590251720044,"group":{"id":"system.os","version":"3"},"event":{"state":true,"data":{"created":1590251720410,"version":"10.15"},"id":"Mac"}}
{"recorder_version":"31","session":"b6a30f36e41a","build":"193.5662.53","bucket":"159","time":1590251720044,"group":{"id":"system.os","version":"3"},"event":{"state":true,"data":{"created":1590251720411,"name":"Mac","version":"10.15"},"id":"os.name"}}
{"recorder_version":"31","session":"b6a30f36e41a","build":"193.5662.53","bucket":"159","time":1590251720044,"group":{"id":"system.os","version":"3"},"event":{"state":true,"data":{"created":1590251720411,"value":"+02_00"},"id":"os.timezone"}}
{"recorder_version":"31","session":"b6a30f36e41a","build":"193.5662.53","bucket":"159","time":1590251720044,"group":{"id":"system.os","version":"3"},"event":{"state":true,"data":{"created":1590251720412},"id":"invoked"}}
{"recorder_version":"31","session":"b6a30f36e41a","build":"193.5662.53","bucket":"159","time":1590251720219,"group":{"id":"settings","version":"4"},"event":{"state":true,"data":{"component":"UpdatesConfigurable","created":1590251720412,"name":"checkNeeded","type":"bool","value":false},"id":"not.default"}}
{"recorder_version":"31","session":"b6a30f36e41a","build":"193.5662.53","bucket":"159","time":1590251720219,"group":{"id":"settings","version":"4"},"event":{"state":true,"data":{"component":"UpdatesConfigurable","created":1590251720413},"id":"invoked"}}
{"recorder_version":"31","session":"b6a30f36e41a","build":"193.5662.53","bucket":"159","time":1590251720370,"group":{"id":"event.log","version":"31"},"event":{"count":1,"data":{"created":1590251720413,"version":"1268.0"},"id":"whitelist.loaded"}}
{"recorder_version":"31","session":"b6a30f36e41a","build":"193.5662.53","bucket":"159","time":1590251720488,"group":{"id":"settings","version":"4"},"event":{"state":true,"data":{"component":"GeneralSettings","created":1590251720488,"name":"showTipsOnStartup","type":"bool","value":false},"id":"not.default"}}
{"recorder_version":"31","session":"b6a30f36e41a","build":"193.5662.53","bucket":"159","time":1590251720488,"group":{"id":"settings","version":"4"},"event":{"state":true,"data":{"component":"GeneralSettings","created":1590251720495},"id":"invoked"}}
{"recorder_version":"31","session":"b6a30f36e41a","build":"193.5662.53","bucket":"159","time":1590251720507,"group":{"id":"lifecycle","version":"31"},"event":{"count":1,"data":{"internal":true,"eap":false,"created":1590251720507},"id":"ide.start"}}
{"recorder_version":"31","session":"b6a30f36e41a","build":"193.5662.53","bucket":"159","time":1590251720604,"group":{"id":"settings","version":"4"},"event":{"state":true,"data":{"component":"XmlEditorOptions","created":1590251720604},"id":"invoked"}}
{"recorder_version":"31","session":"b6a30f36e41a","build":"193.5662.53","bucket":"159","time":1590251721474,"group":{"id":"settings","version":"4"},"event":{"state":true,"data":{"component":"VcsApplicationSettings","created":1590251721474},"id":"invoked"}}
{"recorder_version":"31","session":"b6a30f36e41a","build":"193.5662.53","bucket":"159","time":1590251721474,"group":{"id":"lifecycle","version":"31"},"event":{"count":1,"data":{"created":1590251721474},"id":"frame.activated"}}
{"recorder_version":"31","session":"b6a30f36e41a","build":"193.5662.53","bucket":"159","time":1590251721516,"group":{"id":"performance","version":"31"},"event":{"count":1,"data":{"duration_ms":640,"created":1590251721517},"id":"ui.latency"}}
{"recorder_version":"31","session":"b6a30f36e41a","build":"193.5662.53","bucket":"159","time":1590251721516,"group":{"id":"performance","version":"31"},"event":{"count":1,"data":{"duration_ms":640,"created":1590251721518},"id":"ui.lagging"}}
{"recorder_version":"31","session":"b6a30f36e41a","build":"193.5662.53","bucket":"159","time":1590251721798,"group":{"id":"ui.dialogs","version":"31"},"event":{"count":1,"data":{"created":1590251721798,"plugin_type":"PLATFORM","dialog_class":"com.intellij.openapi.progress.util.ProgressDialog$MyDialogWrapper"},"id":"show"}}
{"recorder_version":"31","session":"b6a30f36e41a","build":"193.5662.53","bucket":"159","time":1590251722024,"group":{"id":"performance","version":"31"},"event":{"count":1,"data":{"duration_ms":154,"created":1590251722024},"id":"ui.lagging"}}
{"recorder_version":"31","session":"b6a30f36e41a","build":"193.5662.53","bucket":"159","time":1590251723421,"group":{"id":"lifecycle","version":"31"},"event":{"count":1,"data":{"created":1590251723421,"project":"d119a6d897fcb33934b9adf90ec59bc9e850f90f58367fa567dc99031a6fc921"},"id":"project.opened"}}
{"recorder_version":"31","session":"b6a30f36e41a","build":"193.5662.53","bucket":"159","time":1590251724074,"group":{"id":"performance","version":"31"},"event":{"count":1,"data":{"duration_ms":198,"created":1590251724075},"id":"ui.lagging"}}
{"recorder_version":"31","session":"b6a30f36e41a","build":"193.5662.53","bucket":"159","time":1590251724096,"group":{"id":"toolwindow","version":"31"},"event":{"count":1,"data":{"created":1590251724096,"plugin_type":"PLATFORM","id":"Event_Log"},"id":"activated"}}
{"recorder_version":"31","session":"b6a30f36e41a","build":"193.5662.53","bucket":"159","time":1590251724983,"group":{"id":"performance","version":"31"},"event":{"count":1,"data":{"duration_ms":103,"created":1590251724983},"id":"ui.lagging"}}
{"recorder_version":"31","session":"b6a30f36e41a","build":"193.5662.53","bucket":"159","time":1590251726399,"group":{"id":"indexing","version":"2"},"event":{"count":1,"data":{"ide_activity_id":1,"created":1590251726399,"project":"d119a6d897fcb33934b9adf90ec59bc9e850f90f58367fa567dc99031a6fc921"},"id":"started"}}
{"recorder_version":"31","session":"b6a30f36e41a","build":"193.5662.53","bucket":"159","time":1590251726403,"group":{"id":"project.fs","version":"1"},"event":{"state":true,"data":{"os":"Mac","cs-project":false,"created":1590251726403,"project":"d119a6d897fcb33934b9adf90ec59bc9e850f90f58367fa567dc99031a6fc921","cs-implicit":true,"cs-system":false},"id":"case-sensitivity"}}
{"recorder_version":"31","session":"b6a30f36e41a","build":"193.5662.53","bucket":"159","time":1590251726404,"group":{"id":"project.fs","version":"1"},"event":{"state":true,"data":{"created":1590251726404},"id":"invoked"}}
{"recorder_version":"31","session":"b6a30f36e41a","build":"193.5662.53","bucket":"159","time":1590251726404,"group":{"id":"project.fs","version":"1"},"event":{"state":true,"data":{"pct-non-watched":0,"created":1590251726405,"project":"d119a6d897fcb33934b9adf90ec59bc9e850f90f58367fa567dc99031a6fc921"},"id":"roots-watched"}}
{"recorder_version":"31","session":"b6a30f36e41a","build":"193.5662.53","bucket":"159","time":1590251726404,"group":{"id":"project.fs","version":"1"},"event":{"state":true,"data":{"created":1590251726405},"id":"invoked"}}
{"recorder_version":"31","session":"b6a30f36e41a","build":"193.5662.53","bucket":"159","time":1590251726498,"group":{"id":"indexing","version":"2"},"event":{"count":1,"data":{"ide_activity_id":1,"stage_class":"com.intellij.util.indexing.UnindexedFilesUpdater","created":1590251726498,"plugin_type":"PLATFORM"},"id":"stage"}}
{"recorder_version":"31","session":"b6a30f36e41a","build":"193.5662.53","bucket":"159","time":1590251726499,"group":{"id":"ui.dialogs","version":"31"},"event":{"count":1,"data":{"code":1,"created":1590251726499,"plugin_type":"PLATFORM","dialog_class":"com.intellij.openapi.progress.util.ProgressDialog$MyDialogWrapper"},"id":"close"}}
{"recorder_version":"31","session":"b6a30f36e41a","build":"193.5662.53","bucket":"159","time":1590251726795,"group":{"id":"lifecycle","version":"31"},"event":{"count":1,"data":{"duration_ms":6177,"created":1590251726795,"project":"d119a6d897fcb33934b9adf90ec59bc9e850f90f58367fa567dc99031a6fc921"},"id":"project.opening.finished"}}
{"recorder_version":"31","session":"b6a30f36e41a","build":"193.5662.53","bucket":"159","time":1590251729267,"group":{"id":"indexing","version":"2"},"event":{"count":1,"data":{"duration_ms":2868,"ide_activity_id":1,"created":1590251729268},"id":"finished"}}
{"recorder_version":"31","session":"b6a30f36e41a","build":"193.5662.53","bucket":"159","time":1590251729386,"group":{"id":"indexing","version":"2"},"event":{"count":1,"data":{"ide_activity_id":2,"created":1590251729388,"project":"d119a6d897fcb33934b9adf90ec59bc9e850f90f58367fa567dc99031a6fc921"},"id":"started"}}
{"recorder_version":"31","session":"b6a30f36e41a","build":"193.5662.53","bucket":"159","time":1590251729413,"group":{"id":"indexing","version":"2"},"event":{"count":1,"data":{"ide_activity_id":2,"plugin":"org.jetbrains.android","stage_class":"com.android.tools.idea.res.ResourceFolderRepositoryFileCacheImpl$PruneTask","created":1590251729415,"plugin_type":"JB_BUNDLED"},"id":"stage"}}
{"recorder_version":"31","session":"b6a30f36e41a","build":"193.5662.53","bucket":"159","time":1590251729454,"group":{"id":"indexing","version":"2"},"event":{"count":1,"data":{"ide_activity_id":2,"plugin":"org.jetbrains.android","stage_class":"com.android.tools.idea.res.ResourceFolderRepositoryFileCacheImpl$ManageLruProjectFilesTask","created":1590251729455,"plugin_type":"JB_BUNDLED"},"id":"stage"}}
{"recorder_version":"31","session":"b6a30f36e41a","build":"193.5662.53","bucket":"159","time":1590251729487,"group":{"id":"indexing","version":"2"},"event":{"count":1,"data":{"duration_ms":101,"ide_activity_id":2,"created":1590251729487},"id":"finished"}}
{"recorder_version":"31","session":"b6a30f36e41a","build":"193.5662.53","bucket":"159","time":1590251729505,"group":{"id":"indexing","version":"2"},"event":{"count":1,"data":{"ide_activity_id":3,"created":1590251729505,"project":"d119a6d897fcb33934b9adf90ec59bc9e850f90f58367fa567dc99031a6fc921"},"id":"started"}}
{"recorder_version":"31","session":"b6a30f36e41a","build":"193.5662.53","bucket":"159","time":1590251729508,"group":{"id":"indexing","version":"2"},"event":{"count":1,"data":{"ide_activity_id":3,"plugin":"org.jetbrains.android","stage_class":"com.android.tools.idea.res.ResourceFolderRegistry$PopulateCachesTask","created":1590251729508,"plugin_type":"JB_BUNDLED"},"id":"stage"}}
{"recorder_version":"31","session":"b6a30f36e41a","build":"193.5662.53","bucket":"159","time":1590251729519,"group":{"id":"indexing","version":"2"},"event":{"count":1,"data":{"duration_ms":14,"ide_activity_id":3,"created":1590251729519},"id":"finished"}}
{"recorder_version":"31","session":"b6a30f36e41a","build":"193.5662.53","bucket":"159","time":1590251731357,"group":{"id":"actions","version":"31"},"event":{"count":1,"data":{"context_menu":true,"action_id":"third.party","created":1590251731358,"plugin_type":"NOT_LISTED","project":"d119a6d897fcb33934b9adf90ec59bc9e850f90f58367fa567dc99031a6fc921","place":"MainMenu","class":"third.party","input_event":"NoMouseButton"},"id":"action.invoked"}}
{"recorder_version":"31","session":"b6a30f36e41a","build":"193.5662.53","bucket":"159","time":1590251731522,"group":{"id":"startup","version":"1"},"event":{"count":1,"data":{"duration":2044,"created":1590251731523},"id":"appInit"}}
{"recorder_version":"31","session":"b6a30f36e41a","build":"193.5662.53","bucket":"159","time":1590251731522,"group":{"id":"startup","version":"1"},"event":{"count":1,"data":{"duration":407,"created":1590251731523},"id":"splash"}}
{"recorder_version":"31","session":"b6a30f36e41a","build":"193.5662.53","bucket":"159","time":1590251731522,"group":{"id":"startup","version":"1"},"event":{"count":1,"data":{"duration":427,"created":1590251731523},"id":"bootstrap"}}
{"recorder_version":"31","session":"b6a30f36e41a","build":"193.5662.53","bucket":"159","time":1590251731522,"group":{"id":"startup","version":"1"},"event":{"count":1,"data":{"duration":9445,"created":1590251731524},"id":"totalDuration"}}
{"recorder_version":"31","session":"b6a30f36e41a","build":"193.5662.53","bucket":"159","time":1590251732593,"group":{"id":"ui.dialogs","version":"31"},"event":{"count":1,"data":{"created":1590251732594,"plugin_type":"NOT_LISTED","dialog_class":"third.party"},"id":"show"}}
{"recorder_version":"31","session":"b6a30f36e41a","build":"193.5662.53","bucket":"159","time":1590251736633,"group":{"id":"ui.dialogs","version":"31"},"event":{"count":1,"data":{"code":1,"created":1590251736634,"plugin_type":"NOT_LISTED","dialog_class":"third.party"},"id":"close"}}
