{"recorder_version":"31","session":"494b860684a8","build":"193.5662.53","bucket":"159","time":1590248554331,"group":{"id":"settings","version":"4"},"event":{"state":true,"data":{"component":"NotRoamableUiSettings","created":1590248554611},"id":"invoked"}}
{"recorder_version":"31","session":"494b860684a8","build":"193.5662.53","bucket":"159","time":1590248554332,"group":{"id":"settings","version":"4"},"event":{"state":true,"data":{"component":"UISettings","created":1590248554615},"id":"invoked"}}
{"recorder_version":"31","session":"494b860684a8","build":"193.5662.53","bucket":"159","time":1590248554341,"group":{"id":"system.java","version":"1"},"event":{"state":true,"data":{"created":1590248554625,"version":"validation.undefined_rule"},"id":"validation.undefined_rule"}}
{"recorder_version":"31","session":"494b860684a8","build":"193.5662.53","bucket":"159","time":1590248554341,"group":{"id":"system.java","version":"1"},"event":{"state":true,"data":{"created":1590248554625},"id":"invoked"}}
{"recorder_version":"31","session":"494b860684a8","build":"193.5662.53","bucket":"159","time":1590248554361,"group":{"id":"system.os","version":"3"},"event":{"state":true,"data":{"created":1590248554627,"version":"10.15"},"id":"Mac"}}
{"recorder_version":"31","session":"494b860684a8","build":"193.5662.53","bucket":"159","time":1590248554361,"group":{"id":"system.os","version":"3"},"event":{"state":true,"data":{"created":1590248554628,"name":"Mac","version":"10.15"},"id":"os.name"}}
{"recorder_version":"31","session":"494b860684a8","build":"193.5662.53","bucket":"159","time":1590248554361,"group":{"id":"system.os","version":"3"},"event":{"state":true,"data":{"created":1590248554629,"value":"+02_00"},"id":"os.timezone"}}
{"recorder_version":"31","session":"494b860684a8","build":"193.5662.53","bucket":"159","time":1590248554361,"group":{"id":"system.os","version":"3"},"event":{"state":true,"data":{"created":1590248554629},"id":"invoked"}}
{"recorder_version":"31","session":"494b860684a8","build":"193.5662.53","bucket":"159","time":1590248554447,"group":{"id":"settings","version":"4"},"event":{"state":true,"data":{"component":"UpdatesConfigurable","created":1590248554629,"name":"checkNeeded","type":"bool","value":false},"id":"not.default"}}
{"recorder_version":"31","session":"494b860684a8","build":"193.5662.53","bucket":"159","time":1590248554447,"group":{"id":"settings","version":"4"},"event":{"state":true,"data":{"component":"UpdatesConfigurable","created":1590248554630},"id":"invoked"}}
{"recorder_version":"31","session":"494b860684a8","build":"193.5662.53","bucket":"159","time":1590248554584,"group":{"id":"event.log","version":"31"},"event":{"count":1,"data":{"created":1590248554630,"version":"1268.0"},"id":"whitelist.loaded"}}
{"recorder_version":"31","session":"494b860684a8","build":"193.5662.53","bucket":"159","time":1590248554662,"group":{"id":"settings","version":"4"},"event":{"state":true,"data":{"component":"GeneralSettings","created":1590248554662,"name":"showTipsOnStartup","type":"bool","value":false},"id":"not.default"}}
{"recorder_version":"31","session":"494b860684a8","build":"193.5662.53","bucket":"159","time":1590248554662,"group":{"id":"settings","version":"4"},"event":{"state":true,"data":{"component":"GeneralSettings","created":1590248554663},"id":"invoked"}}
{"recorder_version":"31","session":"494b860684a8","build":"193.5662.53","bucket":"159","time":1590248554683,"group":{"id":"lifecycle","version":"31"},"event":{"count":1,"data":{"internal":true,"eap":false,"created":1590248554683},"id":"ide.start"}}
{"recorder_version":"31","session":"494b860684a8","build":"193.5662.53","bucket":"159","time":1590248554785,"group":{"id":"settings","version":"4"},"event":{"state":true,"data":{"component":"XmlEditorOptions","created":1590248554787},"id":"invoked"}}
{"recorder_version":"31","session":"494b860684a8","build":"193.5662.53","bucket":"159","time":1590248555526,"group":{"id":"settings","version":"4"},"event":{"state":true,"data":{"component":"VcsApplicationSettings","created":1590248555527},"id":"invoked"}}
{"recorder_version":"31","session":"494b860684a8","build":"193.5662.53","bucket":"159","time":1590248555527,"group":{"id":"lifecycle","version":"31"},"event":{"count":1,"data":{"created":1590248555527},"id":"frame.activated"}}
{"recorder_version":"31","session":"494b860684a8","build":"193.5662.53","bucket":"159","time":1590248555554,"group":{"id":"performance","version":"31"},"event":{"count":1,"data":{"duration_ms":334,"created":1590248555554},"id":"ui.latency"}}
{"recorder_version":"31","session":"494b860684a8","build":"193.5662.53","bucket":"159","time":1590248555554,"group":{"id":"performance","version":"31"},"event":{"count":1,"data":{"duration_ms":334,"created":1590248555555},"id":"ui.lagging"}}
{"recorder_version":"31","session":"494b860684a8","build":"193.5662.53","bucket":"159","time":1590248555629,"group":{"id":"ui.dialogs","version":"31"},"event":{"count":1,"data":{"created":1590248555629,"plugin_type":"PLATFORM","dialog_class":"com.intellij.openapi.progress.util.ProgressDialog$MyDialogWrapper"},"id":"show"}}
{"recorder_version":"31","session":"494b860684a8","build":"193.5662.53","bucket":"159","time":1590248555763,"group":{"id":"lifecycle","version":"31"},"event":{"count":1,"data":{"created":1590248555763},"id":"frame.deactivated"}}
{"recorder_version":"31","session":"494b860684a8","build":"193.5662.53","bucket":"159","time":1590248557288,"group":{"id":"lifecycle","version":"31"},"event":{"count":1,"data":{"created":1590248557288,"project":"d119a6d897fcb33934b9adf90ec59bc9e850f90f58367fa567dc99031a6fc921"},"id":"project.opened"}}
{"recorder_version":"31","session":"494b860684a8","build":"193.5662.53","bucket":"159","time":1590248557638,"group":{"id":"performance","version":"31"},"event":{"count":1,"data":{"duration_ms":419,"created":1590248557638},"id":"ui.lagging"}}
{"recorder_version":"31","session":"494b860684a8","build":"193.5662.53","bucket":"159","time":1590248557767,"group":{"id":"toolwindow","version":"31"},"event":{"count":1,"data":{"created":1590248557767,"plugin_type":"PLATFORM","id":"Event_Log"},"id":"activated"}}
{"recorder_version":"31","session":"494b860684a8","build":"193.5662.53","bucket":"159","time":1590248558410,"group":{"id":"performance","version":"31"},"event":{"count":1,"data":{"duration_ms":187,"created":1590248558410},"id":"ui.lagging"}}
{"recorder_version":"31","session":"494b860684a8","build":"193.5662.53","bucket":"159","time":1590248558988,"group":{"id":"indexing","version":"2"},"event":{"count":1,"data":{"ide_activity_id":1,"created":1590248558989,"project":"d119a6d897fcb33934b9adf90ec59bc9e850f90f58367fa567dc99031a6fc921"},"id":"started"}}
{"recorder_version":"31","session":"494b860684a8","build":"193.5662.53","bucket":"159","time":1590248559025,"group":{"id":"indexing","version":"2"},"event":{"count":1,"data":{"ide_activity_id":1,"stage_class":"com.intellij.util.indexing.UnindexedFilesUpdater","created":1590248559025,"plugin_type":"PLATFORM"},"id":"stage"}}
{"recorder_version":"31","session":"494b860684a8","build":"193.5662.53","bucket":"159","time":1590248559088,"group":{"id":"project.fs","version":"1"},"event":{"state":true,"data":{"os":"Mac","cs-project":false,"created":1590248559088,"project":"d119a6d897fcb33934b9adf90ec59bc9e850f90f58367fa567dc99031a6fc921","cs-implicit":true,"cs-system":false},"id":"case-sensitivity"}}
{"recorder_version":"31","session":"494b860684a8","build":"193.5662.53","bucket":"159","time":1590248559088,"group":{"id":"project.fs","version":"1"},"event":{"state":true,"data":{"created":1590248559090},"id":"invoked"}}
{"recorder_version":"31","session":"494b860684a8","build":"193.5662.53","bucket":"159","time":1590248559091,"group":{"id":"project.fs","version":"1"},"event":{"state":true,"data":{"pct-non-watched":0,"created":1590248559091,"project":"d119a6d897fcb33934b9adf90ec59bc9e850f90f58367fa567dc99031a6fc921"},"id":"roots-watched"}}
{"recorder_version":"31","session":"494b860684a8","build":"193.5662.53","bucket":"159","time":1590248559091,"group":{"id":"project.fs","version":"1"},"event":{"state":true,"data":{"created":1590248559091},"id":"invoked"}}
{"recorder_version":"31","session":"494b860684a8","build":"193.5662.53","bucket":"159","time":1590248559172,"group":{"id":"ui.dialogs","version":"31"},"event":{"count":1,"data":{"code":1,"created":1590248559173,"plugin_type":"PLATFORM","dialog_class":"com.intellij.openapi.progress.util.ProgressDialog$MyDialogWrapper"},"id":"close"}}
{"recorder_version":"31","session":"494b860684a8","build":"193.5662.53","bucket":"159","time":1590248559293,"group":{"id":"lifecycle","version":"31"},"event":{"count":1,"data":{"duration_ms":4499,"created":1590248559293,"project":"d119a6d897fcb33934b9adf90ec59bc9e850f90f58367fa567dc99031a6fc921"},"id":"project.opening.finished"}}
{"recorder_version":"31","session":"494b860684a8","build":"193.5662.53","bucket":"159","time":1590248560145,"group":{"id":"lifecycle","version":"31"},"event":{"count":1,"data":{"created":1590248560145,"project":"d119a6d897fcb33934b9adf90ec59bc9e850f90f58367fa567dc99031a6fc921"},"id":"frame.activated"}}
{"recorder_version":"31","session":"494b860684a8","build":"193.5662.53","bucket":"159","time":1590248561674,"group":{"id":"indexing","version":"2"},"event":{"count":1,"data":{"duration_ms":2686,"ide_activity_id":1,"created":1590248561676},"id":"finished"}}
{"recorder_version":"31","session":"494b860684a8","build":"193.5662.53","bucket":"159","time":1590248561788,"group":{"id":"indexing","version":"2"},"event":{"count":1,"data":{"ide_activity_id":2,"created":1590248561788,"project":"d119a6d897fcb33934b9adf90ec59bc9e850f90f58367fa567dc99031a6fc921"},"id":"started"}}
{"recorder_version":"31","session":"494b860684a8","build":"193.5662.53","bucket":"159","time":1590248561813,"group":{"id":"indexing","version":"2"},"event":{"count":1,"data":{"ide_activity_id":2,"plugin":"org.jetbrains.android","stage_class":"com.android.tools.idea.res.ResourceFolderRepositoryFileCacheImpl$PruneTask","created":1590248561813,"plugin_type":"JB_BUNDLED"},"id":"stage"}}
{"recorder_version":"31","session":"494b860684a8","build":"193.5662.53","bucket":"159","time":1590248561846,"group":{"id":"indexing","version":"2"},"event":{"count":1,"data":{"ide_activity_id":2,"plugin":"org.jetbrains.android","stage_class":"com.android.tools.idea.res.ResourceFolderRepositoryFileCacheImpl$ManageLruProjectFilesTask","created":1590248561846,"plugin_type":"JB_BUNDLED"},"id":"stage"}}
{"recorder_version":"31","session":"494b860684a8","build":"193.5662.53","bucket":"159","time":1590248561889,"group":{"id":"indexing","version":"2"},"event":{"count":1,"data":{"duration_ms":101,"ide_activity_id":2,"created":1590248561889},"id":"finished"}}
{"recorder_version":"31","session":"494b860684a8","build":"193.5662.53","bucket":"159","time":1590248561901,"group":{"id":"indexing","version":"2"},"event":{"count":1,"data":{"ide_activity_id":3,"created":1590248561901,"project":"d119a6d897fcb33934b9adf90ec59bc9e850f90f58367fa567dc99031a6fc921"},"id":"started"}}
{"recorder_version":"31","session":"494b860684a8","build":"193.5662.53","bucket":"159","time":1590248561912,"group":{"id":"indexing","version":"2"},"event":{"count":1,"data":{"ide_activity_id":3,"plugin":"org.jetbrains.android","stage_class":"com.android.tools.idea.res.ResourceFolderRegistry$PopulateCachesTask","created":1590248561912,"plugin_type":"JB_BUNDLED"},"id":"stage"}}
{"recorder_version":"31","session":"494b860684a8","build":"193.5662.53","bucket":"159","time":1590248561955,"group":{"id":"indexing","version":"2"},"event":{"count":1,"data":{"duration_ms":54,"ide_activity_id":3,"created":1590248561955},"id":"finished"}}
{"recorder_version":"31","session":"494b860684a8","build":"193.5662.53","bucket":"159","time":1590248562493,"group":{"id":"performance","version":"31"},"event":{"count":1,"data":{"duration_ms":263,"created":1590248562493},"id":"ui.lagging"}}
{"recorder_version":"31","session":"494b860684a8","build":"193.5662.53","bucket":"159","time":1590248564183,"group":{"id":"startup","version":"1"},"event":{"count":1,"data":{"duration":1660,"created":1590248564183},"id":"appInit"}}
{"recorder_version":"31","session":"494b860684a8","build":"193.5662.53","bucket":"159","time":1590248564183,"group":{"id":"startup","version":"1"},"event":{"count":1,"data":{"duration":326,"created":1590248564183},"id":"splash"}}
{"recorder_version":"31","session":"494b860684a8","build":"193.5662.53","bucket":"159","time":1590248564183,"group":{"id":"startup","version":"1"},"event":{"count":1,"data":{"duration":455,"created":1590248564184},"id":"bootstrap"}}
{"recorder_version":"31","session":"494b860684a8","build":"193.5662.53","bucket":"159","time":1590248564183,"group":{"id":"startup","version":"1"},"event":{"count":1,"data":{"duration":8274,"created":1590248564184},"id":"totalDuration"}}
{"recorder_version":"31","session":"494b860684a8","build":"193.5662.53","bucket":"159","time":1590248565951,"group":{"id":"actions","version":"31"},"event":{"count":1,"data":{"context_menu":true,"action_id":"third.party","created":1590248565952,"plugin_type":"NOT_LISTED","project":"d119a6d897fcb33934b9adf90ec59bc9e850f90f58367fa567dc99031a6fc921","place":"MainMenu","class":"third.party","input_event":"NoMouseButton"},"id":"action.invoked"}}
{"recorder_version":"31","session":"494b860684a8","build":"193.5662.53","bucket":"159","time":1590248566411,"group":{"id":"performance","version":"31"},"event":{"count":1,"data":{"duration_ms":178,"created":1590248566411},"id":"ui.lagging"}}
{"recorder_version":"31","session":"494b860684a8","build":"193.5662.53","bucket":"159","time":1590248567593,"group":{"id":"ui.dialogs","version":"31"},"event":{"count":1,"data":{"created":1590248567594,"plugin_type":"NOT_LISTED","dialog_class":"third.party"},"id":"show"}}
{"recorder_version":"31","session":"494b860684a8","build":"193.5662.53","bucket":"159","time":1590248587649,"group":{"id":"ui.dialogs","version":"31"},"event":{"count":1,"data":{"code":1,"created":1590248587649,"plugin_type":"NOT_LISTED","dialog_class":"third.party"},"id":"close"}}
{"recorder_version":"31","session":"494b860684a8","build":"193.5662.53","bucket":"159","time":1590248589540,"group":{"id":"lifecycle","version":"31"},"event":{"count":1,"data":{"created":1590248589541,"project":"d119a6d897fcb33934b9adf90ec59bc9e850f90f58367fa567dc99031a6fc921"},"id":"frame.deactivated"}}
{"recorder_version":"31","session":"494b860684a8","build":"193.5662.53","bucket":"159","time":1590248656413,"group":{"id":"performance","version":"31"},"event":{"count":1,"data":{"duration_ms":0,"created":1590248656413},"id":"ui.latency"}}
{"recorder_version":"31","session":"494b860684a8","build":"193.5662.53","bucket":"159","time":1590248756610,"group":{"id":"performance","version":"31"},"event":{"count":1,"data":{"duration_ms":0,"created":1590248756610},"id":"ui.latency"}}
{"recorder_version":"31","session":"494b860684a8","build":"193.5662.53","bucket":"159","time":1590248854688,"group":{"id":"kotlin.ide.j2k","version":"1"},"event":{"count":1,"data":{"created":1590248854688},"id":"registered"}}
{"recorder_version":"31","session":"494b860684a8","build":"193.5662.53","bucket":"159","time":1590248854688,"group":{"id":"java.find.usages","version":"1"},"event":{"count":1,"data":{"created":1590248854689},"id":"registered"}}
{"recorder_version":"31","session":"494b860684a8","build":"193.5662.53","bucket":"159","time":1590248854688,"group":{"id":"file.types.usage","version":"31"},"event":{"count":1,"data":{"created":1590248854689},"id":"registered"}}
{"recorder_version":"31","session":"494b860684a8","build":"193.5662.53","bucket":"159","time":1590248854688,"group":{"id":"ide.script.engine","version":"2"},"event":{"count":1,"data":{"created":1590248854689},"id":"registered"}}
{"recorder_version":"31","session":"494b860684a8","build":"193.5662.53","bucket":"159","time":1590248854688,"group":{"id":"live.templates","version":"31"},"event":{"count":1,"data":{"created":1590248854689},"id":"registered"}}
{"recorder_version":"31","session":"494b860684a8","build":"193.5662.53","bucket":"159","time":1590248854688,"group":{"id":"ide.self.update","version":"2"},"event":{"count":1,"data":{"created":1590248854689},"id":"registered"}}
{"recorder_version":"31","session":"494b860684a8","build":"193.5662.53","bucket":"159","time":1590248854688,"group":{"id":"lifecycle","version":"31"},"event":{"count":1,"data":{"created":1590248854689},"id":"registered"}}
{"recorder_version":"31","session":"494b860684a8","build":"193.5662.53","bucket":"159","time":1590248854688,"group":{"id":"vcs.diff.trigger","version":"1"},"event":{"count":1,"data":{"created":1590248854689},"id":"registered"}}
{"recorder_version":"31","session":"494b860684a8","build":"193.5662.53","bucket":"159","time":1590248854688,"group":{"id":"debugger.breakpoints.usage","version":"2"},"event":{"count":1,"data":{"created":1590248854690},"id":"registered"}}
{"recorder_version":"31","session":"494b860684a8","build":"193.5662.53","bucket":"159","time":1590248854688,"group":{"id":"kotlin.gradle.library","version":"1"},"event":{"count":1,"data":{"created":1590248854690},"id":"registered"}}
{"recorder_version":"31","session":"494b860684a8","build":"193.5662.53","bucket":"159","time":1590248854688,"group":{"id":"startup","version":"1"},"event":{"count":1,"data":{"created":1590248854690},"id":"registered"}}
{"recorder_version":"31","session":"494b860684a8","build":"193.5662.53","bucket":"159","time":1590248854688,"group":{"id":"find","version":"2"},"event":{"count":1,"data":{"created":1590248854690},"id":"registered"}}
{"recorder_version":"31","session":"494b860684a8","build":"193.5662.53","bucket":"159","time":1590248854688,"group":{"id":"kotlin.gradle.target","version":"2"},"event":{"count":1,"data":{"created":1590248854690},"id":"registered"}}
{"recorder_version":"31","session":"494b860684a8","build":"193.5662.53","bucket":"159","time":1590248854688,"group":{"id":"gutter.icon.click","version":"2"},"event":{"count":1,"data":{"created":1590248854690},"id":"registered"}}
{"recorder_version":"31","session":"494b860684a8","build":"193.5662.53","bucket":"159","time":1590248854688,"group":{"id":"shell.script","version":"1"},"event":{"count":1,"data":{"created":1590248854690},"id":"registered"}}
{"recorder_version":"31","session":"494b860684a8","build":"193.5662.53","bucket":"159","time":1590248854688,"group":{"id":"new.project.wizard","version":"1"},"event":{"count":1,"data":{"created":1590248854690},"id":"registered"}}
{"recorder_version":"31","session":"494b860684a8","build":"193.5662.53","bucket":"159","time":1590248854688,"group":{"id":"kotlin.ide.npwizards","version":"1"},"event":{"count":1,"data":{"created":1590248854690},"id":"registered"}}
{"recorder_version":"31","session":"494b860684a8","build":"193.5662.53","bucket":"159","time":1590248854688,"group":{"id":"intentions","version":"31"},"event":{"count":1,"data":{"created":1590248854690},"id":"registered"}}
{"recorder_version":"31","session":"494b860684a8","build":"193.5662.53","bucket":"159","time":1590248854688,"group":{"id":"settings.repository","version":"1"},"event":{"count":1,"data":{"created":1590248854690},"id":"registered"}}
{"recorder_version":"31","session":"494b860684a8","build":"193.5662.53","bucket":"159","time":1590248854688,"group":{"id":"vcs.change.reminder","version":"2"},"event":{"count":1,"data":{"created":1590248854690},"id":"registered"}}
{"recorder_version":"31","session":"494b860684a8","build":"193.5662.53","bucket":"159","time":1590248854688,"group":{"id":"create.directory.dialog","version":"1"},"event":{"count":1,"data":{"created":1590248854690},"id":"registered"}}
{"recorder_version":"31","session":"494b860684a8","build":"193.5662.53","bucket":"159","time":1590248854688,"group":{"id":"kotlin.maven.target","version":"3"},"event":{"count":1,"data":{"created":1590248854690},"id":"registered"}}
{"recorder_version":"31","session":"494b860684a8","build":"193.5662.53","bucket":"159","time":1590248854688,"group":{"id":"json.schema","version":"1"},"event":{"count":1,"data":{"created":1590248854690},"id":"registered"}}
{"recorder_version":"31","session":"494b860684a8","build":"193.5662.53","bucket":"159","time":1590248854688,"group":{"id":"terminalShell","version":"1"},"event":{"count":1,"data":{"created":1590248854690},"id":"registered"}}
{"recorder_version":"31","session":"494b860684a8","build":"193.5662.53","bucket":"159","time":1590248854688,"group":{"id":"rename.refactoring","version":"1"},"event":{"count":1,"data":{"created":1590248854690},"id":"registered"}}
{"recorder_version":"31","session":"494b860684a8","build":"193.5662.53","bucket":"159","time":1590248854688,"group":{"id":"build.ant.actions","version":"1"},"event":{"count":1,"data":{"created":1590248854691},"id":"registered"}}
{"recorder_version":"31","session":"494b860684a8","build":"193.5662.53","bucket":"159","time":1590248854688,"group":{"id":"actions","version":"31"},"event":{"count":1,"data":{"created":1590248854691},"id":"registered"}}
{"recorder_version":"31","session":"494b860684a8","build":"193.5662.53","bucket":"159","time":1590248854688,"group":{"id":"kotlin.ide.editor","version":"1"},"event":{"count":1,"data":{"created":1590248854691},"id":"registered"}}
{"recorder_version":"31","session":"494b860684a8","build":"193.5662.53","bucket":"159","time":1590248854688,"group":{"id":"event.log","version":"31"},"event":{"count":1,"data":{"created":1590248854691},"id":"registered"}}
{"recorder_version":"31","session":"494b860684a8","build":"193.5662.53","bucket":"159","time":1590248854688,"group":{"id":"run.configuration.exec","version":"31"},"event":{"count":1,"data":{"created":1590248854691},"id":"registered"}}
{"recorder_version":"31","session":"494b860684a8","build":"193.5662.53","bucket":"159","time":1590248854688,"group":{"id":"build.tools.actions","version":"1"},"event":{"count":1,"data":{"created":1590248854691},"id":"registered"}}
{"recorder_version":"31","session":"494b860684a8","build":"193.5662.53","bucket":"159","time":1590248854688,"group":{"id":"file.editor","version":"2"},"event":{"count":1,"data":{"created":1590248854691},"id":"registered"}}
{"recorder_version":"31","session":"494b860684a8","build":"193.5662.53","bucket":"159","time":1590248854688,"group":{"id":"vfs","version":"2"},"event":{"count":1,"data":{"created":1590248854691},"id":"registered"}}
{"recorder_version":"31","session":"494b860684a8","build":"193.5662.53","bucket":"159","time":1590248854688,"group":{"id":"project.import","version":"2"},"event":{"count":1,"data":{"created":1590248854691},"id":"registered"}}
{"recorder_version":"31","session":"494b860684a8","build":"193.5662.53","bucket":"159","time":1590248854688,"group":{"id":"actions.runAnything","version":"1"},"event":{"count":1,"data":{"created":1590248854691},"id":"registered"}}
{"recorder_version":"31","session":"494b860684a8","build":"193.5662.53","bucket":"159","time":1590248854688,"group":{"id":"toolwindow","version":"31"},"event":{"count":1,"data":{"created":1590248854691},"id":"registered"}}
{"recorder_version":"31","session":"494b860684a8","build":"193.5662.53","bucket":"159","time":1590248854688,"group":{"id":"kotlin.ide.newFileTempl","version":"1"},"event":{"count":1,"data":{"created":1590248854691},"id":"registered"}}
{"recorder_version":"31","session":"494b860684a8","build":"193.5662.53","bucket":"159","time":1590248854688,"group":{"id":"ui.settings","version":"31"},"event":{"count":1,"data":{"created":1590248854691},"id":"registered"}}
{"recorder_version":"31","session":"494b860684a8","build":"193.5662.53","bucket":"159","time":1590248854688,"group":{"id":"vcs.log.trigger","version":"2"},"event":{"count":1,"data":{"created":1590248854692},"id":"registered"}}
{"recorder_version":"31","session":"494b860684a8","build":"193.5662.53","bucket":"159","time":1590248854688,"group":{"id":"productivity","version":"31"},"event":{"count":1,"data":{"created":1590248854692},"id":"registered"}}
{"recorder_version":"31","session":"494b860684a8","build":"193.5662.53","bucket":"159","time":1590248854688,"group":{"id":"build.maven.actions","version":"1"},"event":{"count":1,"data":{"created":1590248854692},"id":"registered"}}
{"recorder_version":"31","session":"494b860684a8","build":"193.5662.53","bucket":"159","time":1590248854688,"group":{"id":"ui.event","version":"3"},"event":{"count":1,"data":{"created":1590248854692},"id":"registered"}}
{"recorder_version":"31","session":"494b860684a8","build":"193.5662.53","bucket":"159","time":1590248854688,"group":{"id":"plugins.advertiser","version":"1"},"event":{"count":1,"data":{"created":1590248854692},"id":"registered"}}
{"recorder_version":"31","session":"494b860684a8","build":"193.5662.53","bucket":"159","time":1590248854688,"group":{"id":"editor.notification.panel","version":"1"},"event":{"count":1,"data":{"created":1590248854692},"id":"registered"}}
{"recorder_version":"31","session":"494b860684a8","build":"193.5662.53","bucket":"159","time":1590248854688,"group":{"id":"kotlin.ide.debugger","version":"2"},"event":{"count":1,"data":{"created":1590248854692},"id":"registered"}}
{"recorder_version":"31","session":"494b860684a8","build":"193.5662.53","bucket":"159","time":1590248854688,"group":{"id":"tooltip.action.events","version":"1"},"event":{"count":1,"data":{"created":1590248854692},"id":"registered"}}
{"recorder_version":"31","session":"494b860684a8","build":"193.5662.53","bucket":"159","time":1590248854688,"group":{"id":"completion","version":"1"},"event":{"count":1,"data":{"created":1590248854692},"id":"registered"}}
{"recorder_version":"31","session":"494b860684a8","build":"193.5662.53","bucket":"159","time":1590248854688,"group":{"id":"indexing","version":"2"},"event":{"count":1,"data":{"created":1590248854692},"id":"registered"}}
{"recorder_version":"31","session":"494b860684a8","build":"193.5662.53","bucket":"159","time":1590248854688,"group":{"id":"vcs","version":"2"},"event":{"count":1,"data":{"created":1590248854692},"id":"registered"}}
{"recorder_version":"31","session":"494b860684a8","build":"193.5662.53","bucket":"159","time":1590248854688,"group":{"id":"ui.dialogs","version":"31"},"event":{"count":1,"data":{"created":1590248854692},"id":"registered"}}
{"recorder_version":"31","session":"494b860684a8","build":"193.5662.53","bucket":"159","time":1590248854688,"group":{"id":"vcs.back.forward.trigger","version":"1"},"event":{"count":1,"data":{"created":1590248854692},"id":"registered"}}
{"recorder_version":"31","session":"494b860684a8","build":"193.5662.53","bucket":"159","time":1590248854688,"group":{"id":"customize.wizard","version":"1"},"event":{"count":1,"data":{"created":1590248854692},"id":"registered"}}
{"recorder_version":"31","session":"494b860684a8","build":"193.5662.53","bucket":"159","time":1590248854688,"group":{"id":"ide.update.dialog","version":"1"},"event":{"count":1,"data":{"created":1590248854693},"id":"registered"}}
{"recorder_version":"31","session":"494b860684a8","build":"193.5662.53","bucket":"159","time":1590248854688,"group":{"id":"toolbar","version":"31"},"event":{"count":1,"data":{"created":1590248854693},"id":"registered"}}
{"recorder_version":"31","session":"494b860684a8","build":"193.5662.53","bucket":"159","time":1590248854688,"group":{"id":"build.gradle.actions","version":"1"},"event":{"count":1,"data":{"created":1590248854693},"id":"registered"}}
{"recorder_version":"31","session":"494b860684a8","build":"193.5662.53","bucket":"159","time":1590248854688,"group":{"id":"performance","version":"31"},"event":{"count":1,"data":{"created":1590248854693},"id":"registered"}}
{"recorder_version":"31","session":"494b860684a8","build":"193.5662.53","bucket":"159","time":1590248854688,"group":{"id":"build","version":"2"},"event":{"count":1,"data":{"created":1590248854693},"id":"registered"}}
{"recorder_version":"31","session":"494b860684a8","build":"193.5662.53","bucket":"159","time":1590248854688,"group":{"id":"searchEverywhere","version":"2"},"event":{"count":1,"data":{"created":1590248854693},"id":"registered"}}
{"recorder_version":"31","session":"494b860684a8","build":"193.5662.53","bucket":"159","time":1590248854688,"group":{"id":"kotlin.ide.action.refactoring","version":"1"},"event":{"count":1,"data":{"created":1590248854693},"id":"registered"}}
{"recorder_version":"31","session":"494b860684a8","build":"193.5662.53","bucket":"159","time":1590248854688,"group":{"id":"ui.tips","version":"3"},"event":{"count":1,"data":{"created":1590248854693},"id":"registered"}}
{"recorder_version":"31","session":"494b860684a8","build":"193.5662.53","bucket":"159","time":1590248854688,"group":{"id":"surround.with","version":"2"},"event":{"count":1,"data":{"created":1590248854693},"id":"registered"}}
{"recorder_version":"31","session":"494b860684a8","build":"193.5662.53","bucket":"159","time":1590248854688,"group":{"id":"import.old.config","version":"3"},"event":{"count":1,"data":{"created":1590248854694},"id":"registered"}}
{"recorder_version":"31","session":"494b860684a8","build":"193.5662.53","bucket":"159","time":1590248854688,"group":{"id":"kotlin.jps.target","version":"3"},"event":{"count":1,"data":{"created":1590248854694},"id":"registered"}}
{"recorder_version":"31","session":"494b860684a8","build":"193.5662.53","bucket":"159","time":1590248854688,"group":{"id":"completion.postfix","version":"31"},"event":{"count":1,"data":{"created":1590248854694},"id":"registered"}}
{"recorder_version":"31","session":"494b860684a8","build":"193.5662.53","bucket":"159","time":1590248854688,"group":{"id":"build.maven.packagesearch","version":"2"},"event":{"count":1,"data":{"created":1590248854694},"id":"registered"}}
{"recorder_version":"31","session":"494b860684a8","build":"193.5662.53","bucket":"159","time":1590248856856,"group":{"id":"performance","version":"31"},"event":{"count":1,"data":{"duration_ms":0,"created":1590248856856},"id":"ui.latency"}}
{"recorder_version":"31","session":"494b860684a8","build":"193.5662.53","bucket":"159","time":1590248957039,"group":{"id":"performance","version":"31"},"event":{"count":1,"data":{"duration_ms":0,"created":1590248957039},"id":"ui.latency"}}
{"recorder_version":"31","session":"494b860684a8","build":"193.5662.53","bucket":"159","time":1590249057228,"group":{"id":"performance","version":"31"},"event":{"count":1,"data":{"duration_ms":0,"created":1590249057228},"id":"ui.latency"}}
{"recorder_version":"31","session":"494b860684a8","build":"193.5662.53","bucket":"159","time":1590249157399,"group":{"id":"performance","version":"31"},"event":{"count":1,"data":{"duration_ms":0,"created":1590249157399},"id":"ui.latency"}}
{"recorder_version":"31","session":"494b860684a8","build":"193.5662.53","bucket":"159","time":1590249257589,"group":{"id":"performance","version":"31"},"event":{"count":1,"data":{"duration_ms":0,"created":1590249257589},"id":"ui.latency"}}
{"recorder_version":"31","session":"494b860684a8","build":"193.5662.53","bucket":"159","time":1590249357779,"group":{"id":"performance","version":"31"},"event":{"count":1,"data":{"duration_ms":0,"created":1590249357779},"id":"ui.latency"}}
{"recorder_version":"31","session":"494b860684a8","build":"193.5662.53","bucket":"159","time":1590249454677,"group":{"id":"ui.editor.color.schemes","version":"3"},"event":{"state":true,"data":{"scheme":"Default","created":1590249454677,"is_dark":false},"id":"enabled.color.scheme"}}
{"recorder_version":"31","session":"494b860684a8","build":"193.5662.53","bucket":"159","time":1590249454677,"group":{"id":"ui.editor.color.schemes","version":"3"},"event":{"state":true,"data":{"created":1590249454677},"id":"invoked"}}
{"recorder_version":"31","session":"494b860684a8","build":"193.5662.53","bucket":"159","time":1590249454684,"group":{"id":"java.refactoring.settings","version":"1"},"event":{"state":true,"data":{"created":1590249454684},"id":"invoked"}}
{"recorder_version":"31","session":"494b860684a8","build":"193.5662.53","bucket":"159","time":1590249454694,"group":{"id":"editor.settings.ide","version":"3"},"event":{"state":true,"data":{"created":1590249454694,"enabled":true},"id":"completionHints"}}
{"recorder_version":"31","session":"494b860684a8","build":"193.5662.53","bucket":"159","time":1590249454694,"group":{"id":"editor.settings.ide","version":"3"},"event":{"state":true,"data":{"created":1590249454695},"id":"invoked"}}
{"recorder_version":"31","session":"494b860684a8","build":"193.5662.53","bucket":"159","time":1590249454695,"group":{"id":"ui.fonts","version":"2"},"event":{"state":true,"data":{"created":1590249454695,"font_size":13,"font_name":".SF_NS_Text"},"id":"UI"}}
{"recorder_version":"31","session":"494b860684a8","build":"193.5662.53","bucket":"159","time":1590249454695,"group":{"id":"ui.fonts","version":"2"},"event":{"state":true,"data":{"created":1590249454695,"font_size":24},"id":"Presentation.mode"}}
{"recorder_version":"31","session":"494b860684a8","build":"193.5662.53","bucket":"159","time":1590249454695,"group":{"id":"ui.fonts","version":"2"},"event":{"state":true,"data":{"created":1590249454695,"font_size":12,"font_name":"Menlo"},"id":"IDE.editor"}}
{"recorder_version":"31","session":"494b860684a8","build":"193.5662.53","bucket":"159","time":1590249454695,"group":{"id":"ui.fonts","version":"2"},"event":{"state":true,"data":{"created":1590249454695,"value":1.2},"id":"editor.lineSpacing"}}
{"recorder_version":"31","session":"494b860684a8","build":"193.5662.53","bucket":"159","time":1590249454695,"group":{"id":"ui.fonts","version":"2"},"event":{"state":true,"data":{"created":1590249454696},"id":"invoked"}}
{"recorder_version":"31","session":"494b860684a8","build":"193.5662.53","bucket":"159","time":1590249454713,"group":{"id":"debugger.settings.ide","version":"2"},"event":{"state":true,"data":{"created":1590249454713},"id":"invoked"}}
{"recorder_version":"31","session":"494b860684a8","build":"193.5662.53","bucket":"159","time":1590249454714,"group":{"id":"vcs.application.configuration","version":"1"},"event":{"state":true,"data":{"created":1590249454714},"id":"invoked"}}
{"recorder_version":"31","session":"494b860684a8","build":"193.5662.53","bucket":"159","time":1590249454722,"group":{"id":"vcs.github","version":"2"},"event":{"state":true,"data":{"has_enterprise":false,"created":1590249454723,"count":0},"id":"accounts"}}
{"recorder_version":"31","session":"494b860684a8","build":"193.5662.53","bucket":"159","time":1590249454722,"group":{"id":"vcs.github","version":"2"},"event":{"state":true,"data":{"created":1590249454723},"id":"invoked"}}
{"recorder_version":"31","session":"494b860684a8","build":"193.5662.53","bucket":"159","time":1590249454725,"group":{"id":"ui.info.features","version":"3"},"event":{"state":true,"data":{"created":1590249454725,"value":"hidden"},"id":"Toolbar"}}
{"recorder_version":"31","session":"494b860684a8","build":"193.5662.53","bucket":"159","time":1590249454725,"group":{"id":"ui.info.features","version":"3"},"event":{"state":true,"data":{"created":1590249454725,"enabled":false},"id":"Show.tips.on.startup"}}
{"recorder_version":"31","session":"494b860684a8","build":"193.5662.53","bucket":"159","time":1590249454725,"group":{"id":"ui.info.features","version":"3"},"event":{"state":true,"data":{"created":1590249454725,"scale_mode":true,"scale":2.0},"id":"Screen.Scale"}}
{"recorder_version":"31","session":"494b860684a8","build":"193.5662.53","bucket":"159","time":1590249454725,"group":{"id":"ui.info.features","version":"3"},"event":{"state":true,"data":{"created":1590249454725,"value":"hidden"},"id":"Tool.Window.buttons"}}
{"recorder_version":"31","session":"494b860684a8","build":"193.5662.53","bucket":"159","time":1590249454725,"group":{"id":"ui.info.features","version":"3"},"event":{"state":true,"data":{"created":1590249454725,"value":"Top"},"id":"Tabs"}}
{"recorder_version":"31","session":"494b860684a8","build":"193.5662.53","bucket":"159","time":1590249454725,"group":{"id":"ui.info.features","version":"3"},"event":{"state":true,"data":{"created":1590249454726,"enabled":true},"id":"Hide.Editor.Tabs.If.Needed"}}
{"recorder_version":"31","session":"494b860684a8","build":"193.5662.53","bucket":"159","time":1590249454725,"group":{"id":"ui.info.features","version":"3"},"event":{"state":true,"data":{"created":1590249454726,"enabled":true},"id":"Show.Editor.Tabs.In.Single.Row"}}
{"recorder_version":"31","session":"494b860684a8","build":"193.5662.53","bucket":"159","time":1590249454725,"group":{"id":"ui.info.features","version":"3"},"event":{"state":true,"data":{"toolbar":"hidden","navbar":"visible","created":1590249454726},"id":"Toolbar.and.NavBar"}}
{"recorder_version":"31","session":"494b860684a8","build":"193.5662.53","bucket":"159","time":1590249454725,"group":{"id":"ui.info.features","version":"3"},"event":{"state":true,"data":{"created":1590249454726,"enabled":false},"id":"Block.cursor"}}
{"recorder_version":"31","session":"494b860684a8","build":"193.5662.53","bucket":"159","time":1590249454725,"group":{"id":"ui.info.features","version":"3"},"event":{"state":true,"data":{"created":1590249454726,"enabled":false},"id":"Screen.Reader"}}
{"recorder_version":"31","session":"494b860684a8","build":"193.5662.53","bucket":"159","time":1590249454725,"group":{"id":"ui.info.features","version":"3"},"event":{"state":true,"data":{"created":1590249454726,"value":"Light"},"id":"Look.and.Feel"}}
{"recorder_version":"31","session":"494b860684a8","build":"193.5662.53","bucket":"159","time":1590249454725,"group":{"id":"ui.info.features","version":"3"},"event":{"state":true,"data":{"created":1590249454726,"enabled":false},"id":"QuickDoc.Show.Toolwindow"}}
{"recorder_version":"31","session":"494b860684a8","build":"193.5662.53","bucket":"159","time":1590249454725,"group":{"id":"ui.info.features","version":"3"},"event":{"state":true,"data":{"created":1590249454726,"enabled":true},"id":"Retina"}}
{"recorder_version":"31","session":"494b860684a8","build":"193.5662.53","bucket":"159","time":1590249454725,"group":{"id":"ui.info.features","version":"3"},"event":{"state":true,"data":{"grouped":"[30_50]","created":1590249454726,"count":50},"id":"Recent.files.limit"}}
{"recorder_version":"31","session":"494b860684a8","build":"193.5662.53","bucket":"159","time":1590249454725,"group":{"id":"ui.info.features","version":"3"},"event":{"state":true,"data":{"created":1590249454726,"value":"visible"},"id":"Status.bar"}}
{"recorder_version":"31","session":"494b860684a8","build":"193.5662.53","bucket":"159","time":1590249454725,"group":{"id":"ui.info.features","version":"3"},"event":{"state":true,"data":{"created":1590249454727,"enabled":true},"id":"QuickDoc.AutoUpdate"}}
{"recorder_version":"31","session":"494b860684a8","build":"193.5662.53","bucket":"159","time":1590249454725,"group":{"id":"ui.info.features","version":"3"},"event":{"state":true,"data":{"created":1590249454727,"value":"visible"},"id":"Nav.Bar"}}
{"recorder_version":"31","session":"494b860684a8","build":"193.5662.53","bucket":"159","time":1590249454725,"group":{"id":"ui.info.features","version":"3"},"event":{"state":true,"data":{"created":1590249454727,"enabled":true},"id":"Gutter.Icons"}}
{"recorder_version":"31","session":"494b860684a8","build":"193.5662.53","bucket":"159","time":1590249454725,"group":{"id":"ui.info.features","version":"3"},"event":{"state":true,"data":{"created":1590249454727,"enabled":true},"id":"Line.Numbers"}}
{"recorder_version":"31","session":"494b860684a8","build":"193.5662.53","bucket":"159","time":1590249454725,"group":{"id":"ui.info.features","version":"3"},"event":{"state":true,"data":{"created":1590249454727,"value":"per_monitor_dpi"},"id":"Hidpi.Mode"}}
{"recorder_version":"31","session":"494b860684a8","build":"193.5662.53","bucket":"159","time":1590249454725,"group":{"id":"ui.info.features","version":"3"},"event":{"state":true,"data":{"created":1590249454727,"enabled":true},"id":"Allow.merging.buttons"}}
{"recorder_version":"31","session":"494b860684a8","build":"193.5662.53","bucket":"159","time":1590249454725,"group":{"id":"ui.info.features","version":"3"},"event":{"state":true,"data":{"created":1590249454727,"enabled":false},"id":"Soft.Wraps"}}
{"recorder_version":"31","session":"494b860684a8","build":"193.5662.53","bucket":"159","time":1590249454725,"group":{"id":"ui.info.features","version":"3"},"event":{"state":true,"data":{"created":1590249454727},"id":"invoked"}}
{"recorder_version":"31","session":"494b860684a8","build":"193.5662.53","bucket":"159","time":1590249454729,"group":{"id":"platform.registry","version":"1"},"event":{"state":true,"data":{"created":1590249454730,"plugin_type":"PLATFORM","id":"show.create.new.element.in.popup"},"id":"experiment"}}
{"recorder_version":"31","session":"494b860684a8","build":"193.5662.53","bucket":"159","time":1590249454729,"group":{"id":"platform.registry","version":"1"},"event":{"state":true,"data":{"created":1590249454730,"plugin_type":"PLATFORM","id":"wsl.p9.support"},"id":"experiment"}}
{"recorder_version":"31","session":"494b860684a8","build":"193.5662.53","bucket":"159","time":1590249454729,"group":{"id":"platform.registry","version":"1"},"event":{"state":true,"data":{"created":1590249454730,"plugin_type":"PLATFORM","id":"inline.browse.button"},"id":"experiment"}}
{"recorder_version":"31","session":"494b860684a8","build":"193.5662.53","bucket":"159","time":1590249454730,"group":{"id":"platform.registry","version":"1"},"event":{"state":true,"data":{"created":1590249454730,"plugin_type":"PLATFORM","id":"recent.and.edited.files.together"},"id":"experiment"}}
{"recorder_version":"31","session":"494b860684a8","build":"193.5662.53","bucket":"159","time":1590249454730,"group":{"id":"platform.registry","version":"1"},"event":{"state":true,"data":{"created":1590249454730,"plugin_type":"PLATFORM","id":"copy.reference.popup"},"id":"experiment"}}
{"recorder_version":"31","session":"494b860684a8","build":"193.5662.53","bucket":"159","time":1590249454730,"group":{"id":"platform.registry","version":"1"},"event":{"state":true,"data":{"created":1590249454730,"id":"java.completion.argument.hints.internal"},"id":"registry"}}
{"recorder_version":"31","session":"494b860684a8","build":"193.5662.53","bucket":"159","time":1590249454730,"group":{"id":"platform.registry","version":"1"},"event":{"state":true,"data":{"created":1590249454731,"plugin_type":"PLATFORM","id":"new.large.text.file.viewer"},"id":"experiment"}}
{"recorder_version":"31","session":"494b860684a8","build":"193.5662.53","bucket":"159","time":1590249454730,"group":{"id":"platform.registry","version":"1"},"event":{"state":true,"data":{"created":1590249454731,"plugin_type":"PLATFORM","id":"linux.native.menu"},"id":"experiment"}}
{"recorder_version":"31","session":"494b860684a8","build":"193.5662.53","bucket":"159","time":1590249454730,"group":{"id":"platform.registry","version":"1"},"event":{"state":true,"data":{"created":1590249454731,"plugin_type":"PLATFORM","id":"property.value.inplace.editing"},"id":"experiment"}}
{"recorder_version":"31","session":"494b860684a8","build":"193.5662.53","bucket":"159","time":1590249454730,"group":{"id":"platform.registry","version":"1"},"event":{"state":true,"data":{"created":1590249454731,"plugin_type":"PLATFORM","id":"wsl.p9.show.roots.in.file.chooser"},"id":"experiment"}}
{"recorder_version":"31","session":"494b860684a8","build":"193.5662.53","bucket":"159","time":1590249454730,"group":{"id":"platform.registry","version":"1"},"event":{"state":true,"data":{"created":1590249454731},"id":"invoked"}}
{"recorder_version":"31","session":"494b860684a8","build":"193.5662.53","bucket":"159","time":1590249454730,"group":{"id":"user.advanced.info","version":"2"},"event":{"state":true,"data":{"created":1590249454731,"value":"release"},"id":"build"}}
{"recorder_version":"31","session":"494b860684a8","build":"193.5662.53","bucket":"159","time":1590249454730,"group":{"id":"user.advanced.info","version":"2"},"event":{"state":true,"data":{"created":1590249454731},"id":"release"}}
{"recorder_version":"31","session":"494b860684a8","build":"193.5662.53","bucket":"159","time":1590249454730,"group":{"id":"user.advanced.info","version":"2"},"event":{"state":true,"data":{"created":1590249454731},"id":"invoked"}}
{"recorder_version":"31","session":"494b860684a8","build":"193.5662.53","bucket":"159","time":1590249454730,"group":{"id":"vcs.log.index.application","version":"2"},"event":{"state":true,"data":{"created":1590249454731},"id":"invoked"}}
{"recorder_version":"31","session":"494b860684a8","build":"193.5662.53","bucket":"159","time":1590249454731,"group":{"id":"plugins","version":"1"},"event":{"state":true,"data":{"created":1590249454732,"plugin_type":"NOT_LISTED"},"id":"enabled.not.bundled.plugin"}}
{"recorder_version":"31","session":"494b860684a8","build":"193.5662.53","bucket":"159","time":1590249454731,"group":{"id":"plugins","version":"1"},"event":{"state":true,"data":{"created":1590249454732},"id":"invoked"}}
{"recorder_version":"31","session":"494b860684a8","build":"193.5662.53","bucket":"159","time":1590249454731,"group":{"id":"keymaps.name","version":"2"},"event":{"state":true,"data":{"created":1590249454732,"keymap_name":"Mac_OS_X_10.5+"},"id":"ide.keymap"}}
{"recorder_version":"31","session":"494b860684a8","build":"193.5662.53","bucket":"159","time":1590249454731,"group":{"id":"keymaps.name","version":"2"},"event":{"state":true,"data":{"created":1590249454732},"id":"invoked"}}
{"recorder_version":"31","session":"494b860684a8","build":"193.5662.53","bucket":"159","time":1590249454731,"group":{"id":"os.linux.wm","version":"2"},"event":{"state":true,"data":{"created":1590249454732},"id":"invoked"}}
{"recorder_version":"31","session":"494b860684a8","build":"193.5662.53","bucket":"159","time":1590249454734,"group":{"id":"system.runtime","version":"2"},"event":{"state":true,"data":{"created":1590249454734,"name":"G1_Old_Generation"},"id":"garbage.collector"}}
{"recorder_version":"31","session":"494b860684a8","build":"193.5662.53","bucket":"159","time":1590249454734,"group":{"id":"system.runtime","version":"2"},"event":{"state":true,"data":{"created":1590249454734,"name":"Xmx","value":512},"id":"jvm.option"}}
{"recorder_version":"31","session":"494b860684a8","build":"193.5662.53","bucket":"159","time":1590249454734,"group":{"id":"system.runtime","version":"2"},"event":{"state":true,"data":{"vendor":"JetBrains","created":1590249454734,"bit":"64","version":"1.11"},"id":"jvm"}}
{"recorder_version":"31","session":"494b860684a8","build":"193.5662.53","bucket":"159","time":1590249454734,"group":{"id":"system.runtime","version":"2"},"event":{"state":true,"data":{"created":1590249454734,"name":"G1_Young_Generation"},"id":"garbage.collector"}}
{"recorder_version":"31","session":"494b860684a8","build":"193.5662.53","bucket":"159","time":1590249454734,"group":{"id":"system.runtime","version":"2"},"event":{"state":true,"data":{"created":1590249454734,"value":8},"id":"cores"}}
{"recorder_version":"31","session":"494b860684a8","build":"193.5662.53","bucket":"159","time":1590249454734,"group":{"id":"system.runtime","version":"2"},"event":{"state":true,"data":{"created":1590249454735,"name":"Xms","value":256},"id":"jvm.option"}}
{"recorder_version":"31","session":"494b860684a8","build":"193.5662.53","bucket":"159","time":1590249454734,"group":{"id":"system.runtime","version":"2"},"event":{"state":true,"data":{"created":1590249454735},"id":"invoked"}}
{"recorder_version":"31","session":"494b860684a8","build":"193.5662.53","bucket":"159","time":1590249454744,"group":{"id":"vcs.diff","version":"2"},"event":{"state":true,"data":{"created":1590249454744},"id":"invoked"}}
{"recorder_version":"31","session":"494b860684a8","build":"193.5662.53","bucket":"159","time":1590249457946,"group":{"id":"performance","version":"31"},"event":{"count":1,"data":{"duration_ms":1,"created":1590249457946},"id":"ui.latency"}}
{"recorder_version":"31","session":"494b860684a8","build":"193.5662.53","bucket":"159","time":1590249558148,"group":{"id":"performance","version":"31"},"event":{"count":1,"data":{"duration_ms":0,"created":1590249558148},"id":"ui.latency"}}
{"recorder_version":"31","session":"494b860684a8","build":"193.5662.53","bucket":"159","time":1590249658353,"group":{"id":"performance","version":"31"},"event":{"count":1,"data":{"duration_ms":0,"created":1590249658353},"id":"ui.latency"}}
{"recorder_version":"31","session":"494b860684a8","build":"193.5662.53","bucket":"159","time":1590249758546,"group":{"id":"performance","version":"31"},"event":{"count":1,"data":{"duration_ms":0,"created":1590249758546},"id":"ui.latency"}}
{"recorder_version":"31","session":"494b860684a8","build":"193.5662.53","bucket":"159","time":1590249858780,"group":{"id":"performance","version":"31"},"event":{"count":1,"data":{"duration_ms":0,"created":1590249858780},"id":"ui.latency"}}
{"recorder_version":"31","session":"494b860684a8","build":"193.5662.53","bucket":"159","time":1590249958970,"group":{"id":"performance","version":"31"},"event":{"count":1,"data":{"duration_ms":0,"created":1590249958970},"id":"ui.latency"}}
{"recorder_version":"31","session":"494b860684a8","build":"193.5662.53","bucket":"159","time":1590250059164,"group":{"id":"performance","version":"31"},"event":{"count":1,"data":{"duration_ms":1,"created":1590250059164},"id":"ui.latency"}}
{"recorder_version":"31","session":"494b860684a8","build":"193.5662.53","bucket":"159","time":1590250159317,"group":{"id":"performance","version":"31"},"event":{"count":1,"data":{"duration_ms":0,"created":1590250159317},"id":"ui.latency"}}
{"recorder_version":"31","session":"494b860684a8","build":"193.5662.53","bucket":"159","time":1590250259483,"group":{"id":"performance","version":"31"},"event":{"count":1,"data":{"duration_ms":0,"created":1590250259483},"id":"ui.latency"}}
{"recorder_version":"31","session":"494b860684a8","build":"193.5662.53","bucket":"159","time":1590250329283,"group":{"id":"lifecycle","version":"31"},"event":{"count":1,"data":{"created":1590250329283,"project":"d119a6d897fcb33934b9adf90ec59bc9e850f90f58367fa567dc99031a6fc921"},"id":"frame.activated"}}
{"recorder_version":"31","session":"494b860684a8","build":"193.5662.53","bucket":"159","time":1590250332631,"group":{"id":"ui.dialogs","version":"31"},"event":{"count":1,"data":{"created":1590250332631,"plugin_type":"NOT_LISTED","dialog_class":"third.party"},"id":"show"}}
{"recorder_version":"31","session":"494b860684a8","build":"193.5662.53","bucket":"159","time":1590250352636,"group":{"id":"ui.dialogs","version":"31"},"event":{"count":1,"data":{"code":1,"created":1590250352636,"plugin_type":"NOT_LISTED","dialog_class":"third.party"},"id":"close"}}
{"recorder_version":"31","session":"494b860684a8","build":"193.5662.53","bucket":"159","time":1590250355998,"group":{"id":"lifecycle","version":"31"},"event":{"count":1,"data":{"created":1590250355998,"project":"d119a6d897fcb33934b9adf90ec59bc9e850f90f58367fa567dc99031a6fc921"},"id":"frame.deactivated"}}
{"recorder_version":"31","session":"494b860684a8","build":"193.5662.53","bucket":"159","time":1590250357352,"group":{"id":"module.facets","version":"3"},"event":{"state":true,"data":{"created":1590250357352,"project":"d119a6d897fcb33934b9adf90ec59bc9e850f90f58367fa567dc99031a6fc921"},"id":"invoked"}}
{"recorder_version":"31","session":"494b860684a8","build":"193.5662.53","bucket":"159","time":1590250357355,"group":{"id":"vcs.configuration","version":"2"},"event":{"state":true,"data":{"created":1590250357356,"count":0,"project":"d119a6d897fcb33934b9adf90ec59bc9e850f90f58367fa567dc99031a6fc921"},"id":"ignored.files"}}
{"recorder_version":"31","session":"494b860684a8","build":"193.5662.53","bucket":"159","time":1590250357355,"group":{"id":"vcs.configuration","version":"2"},"event":{"state":true,"data":{"created":1590250357356,"count":0,"project":"d119a6d897fcb33934b9adf90ec59bc9e850f90f58367fa567dc99031a6fc921"},"id":"unversioned.files"}}
{"recorder_version":"31","session":"494b860684a8","build":"193.5662.53","bucket":"159","time":1590250357355,"group":{"id":"vcs.configuration","version":"2"},"event":{"state":true,"data":{"created":1590250357356,"count":0,"project":"d119a6d897fcb33934b9adf90ec59bc9e850f90f58367fa567dc99031a6fc921"},"id":"mapped.roots"}}
{"recorder_version":"31","session":"494b860684a8","build":"193.5662.53","bucket":"159","time":1590250357355,"group":{"id":"vcs.configuration","version":"2"},"event":{"state":true,"data":{"created":1590250357356,"count":1,"project":"d119a6d897fcb33934b9adf90ec59bc9e850f90f58367fa567dc99031a6fc921"},"id":"changelists"}}
{"recorder_version":"31","session":"494b860684a8","build":"193.5662.53","bucket":"159","time":1590250357355,"group":{"id":"vcs.configuration","version":"2"},"event":{"state":true,"data":{"created":1590250357356,"project":"d119a6d897fcb33934b9adf90ec59bc9e850f90f58367fa567dc99031a6fc921"},"id":"invoked"}}
{"recorder_version":"31","session":"494b860684a8","build":"193.5662.53","bucket":"159","time":1590250357357,"group":{"id":"editor.settings.project","version":"2"},"event":{"state":true,"data":{"created":1590250357357,"project":"d119a6d897fcb33934b9adf90ec59bc9e850f90f58367fa567dc99031a6fc921"},"id":"invoked"}}
{"recorder_version":"31","session":"494b860684a8","build":"193.5662.53","bucket":"159","time":1590250357383,"group":{"id":"git.configuration","version":"2"},"event":{"state":true,"data":{"created":1590250357383,"project":"d119a6d897fcb33934b9adf90ec59bc9e850f90f58367fa567dc99031a6fc921","type":"NULL","version":"0.0.0"},"id":"executable"}}
{"recorder_version":"31","session":"494b860684a8","build":"193.5662.53","bucket":"159","time":1590250357383,"group":{"id":"git.configuration","version":"2"},"event":{"state":true,"data":{"created":1590250357384,"project":"d119a6d897fcb33934b9adf90ec59bc9e850f90f58367fa567dc99031a6fc921"},"id":"invoked"}}
{"recorder_version":"31","session":"494b860684a8","build":"193.5662.53","bucket":"159","time":1590250357385,"group":{"id":"kotlin.project.configuration","version":"1"},"event":{"state":true,"data":{"created":1590250357385,"project":"d119a6d897fcb33934b9adf90ec59bc9e850f90f58367fa567dc99031a6fc921"},"id":"invoked"}}
{"recorder_version":"31","session":"494b860684a8","build":"193.5662.53","bucket":"159","time":1590250357386,"group":{"id":"build.gradle.state","version":"1"},"event":{"state":true,"data":{"created":1590250357386,"project":"d119a6d897fcb33934b9adf90ec59bc9e850f90f58367fa567dc99031a6fc921"},"id":"invoked"}}
{"recorder_version":"31","session":"494b860684a8","build":"193.5662.53","bucket":"159","time":1590250357386,"group":{"id":"vcs.log.data","version":"2"},"event":{"state":true,"data":{"created":1590250357386,"project":"d119a6d897fcb33934b9adf90ec59bc9e850f90f58367fa567dc99031a6fc921"},"id":"invoked"}}
{"recorder_version":"31","session":"494b860684a8","build":"193.5662.53","bucket":"159","time":1590250357461,"group":{"id":"svn.configuration","version":"1"},"event":{"state":true,"data":{"created":1590250357461,"project":"d119a6d897fcb33934b9adf90ec59bc9e850f90f58367fa567dc99031a6fc921"},"id":"invoked"}}
{"recorder_version":"31","session":"494b860684a8","build":"193.5662.53","bucket":"159","time":1590250357491,"group":{"id":"build.ant.state","version":"1"},"event":{"state":true,"data":{"created":1590250357491,"project":"d119a6d897fcb33934b9adf90ec59bc9e850f90f58367fa567dc99031a6fc921"},"id":"invoked"}}
{"recorder_version":"31","session":"494b860684a8","build":"193.5662.53","bucket":"159","time":1590250357496,"group":{"id":"vcs.settings","version":"2"},"event":{"state":true,"data":{"created":1590250357496,"project":"d119a6d897fcb33934b9adf90ec59bc9e850f90f58367fa567dc99031a6fc921"},"id":"invoked"}}
{"recorder_version":"31","session":"494b860684a8","build":"193.5662.53","bucket":"159","time":1590250357498,"group":{"id":"vcs.log.ui","version":"2"},"event":{"state":true,"data":{"created":1590250357498,"project":"d119a6d897fcb33934b9adf90ec59bc9e850f90f58367fa567dc99031a6fc921"},"id":"invoked"}}
{"recorder_version":"31","session":"494b860684a8","build":"193.5662.53","bucket":"159","time":1590250357498,"group":{"id":"run.dashboard","version":"2"},"event":{"state":true,"data":{"created":1590250357498,"project":"d119a6d897fcb33934b9adf90ec59bc9e850f90f58367fa567dc99031a6fc921","enabled":false},"id":"run.dashboard"}}
{"recorder_version":"31","session":"494b860684a8","build":"193.5662.53","bucket":"159","time":1590250357498,"group":{"id":"run.dashboard","version":"2"},"event":{"state":true,"data":{"created":1590250357499,"project":"d119a6d897fcb33934b9adf90ec59bc9e850f90f58367fa567dc99031a6fc921"},"id":"invoked"}}
{"recorder_version":"31","session":"494b860684a8","build":"193.5662.53","bucket":"159","time":1590250357500,"group":{"id":"run.configuration.type","version":"5"},"event":{"state":true,"data":{"created":1590250357500,"project":"d119a6d897fcb33934b9adf90ec59bc9e850f90f58367fa567dc99031a6fc921"},"id":"invoked"}}
{"recorder_version":"31","session":"494b860684a8","build":"193.5662.53","bucket":"159","time":1590250357551,"group":{"id":"file.types","version":"2"},"event":{"state":true,"data":{"file_type":"IDEA_MODULE","created":1590250357554,"plugin_type":"PLATFORM","project":"d119a6d897fcb33934b9adf90ec59bc9e850f90f58367fa567dc99031a6fc921"},"id":"file.in.project"}}
{"recorder_version":"31","session":"494b860684a8","build":"193.5662.53","bucket":"159","time":1590250357551,"group":{"id":"file.types","version":"2"},"event":{"state":true,"data":{"plugin":"com.intellij.java","file_type":"JAVA","created":1590250357554,"plugin_type":"JB_BUNDLED","project":"d119a6d897fcb33934b9adf90ec59bc9e850f90f58367fa567dc99031a6fc921"},"id":"file.in.project"}}
{"recorder_version":"31","session":"494b860684a8","build":"193.5662.53","bucket":"159","time":1590250357551,"group":{"id":"file.types","version":"2"},"event":{"state":true,"data":{"created":1590250357554,"project":"d119a6d897fcb33934b9adf90ec59bc9e850f90f58367fa567dc99031a6fc921"},"id":"invoked"}}
{"recorder_version":"31","session":"494b860684a8","build":"193.5662.53","bucket":"159","time":1590250357594,"group":{"id":"inlay.configuration","version":"2"},"event":{"state":true,"data":{"created":1590250357594,"plugin_type":"PLATFORM","project":"d119a6d897fcb33934b9adf90ec59bc9e850f90f58367fa567dc99031a6fc921","lang":"Groovy","enabled":true},"id":"validation.unmatched_rule"}}
{"recorder_version":"31","session":"494b860684a8","build":"193.5662.53","bucket":"159","time":1590250357594,"group":{"id":"inlay.configuration","version":"2"},"event":{"state":true,"data":{"java_simple_sequentially_numbered":"validation.undefined_rule","java_clear_expression_type":"validation.undefined_rule","java_new_expr":"validation.undefined_rule","java_multiple_params_same_type":"validation.undefined_rule","created":1590250357595,"java_build_like_method":"validation.undefined_rule","plugin_type":"PLATFORM","java_enums":"validation.undefined_rule","project":"d119a6d897fcb33934b9adf90ec59bc9e850f90f58367fa567dc99031a6fc921","java_method_name_contains_parameter_name":"validation.undefined_rule","lang":"JAVA","enabled":true},"id":"validation.unmatched_rule"}}
{"recorder_version":"31","session":"494b860684a8","build":"193.5662.53","bucket":"159","time":1590250357594,"group":{"id":"inlay.configuration","version":"2"},"event":{"state":true,"data":{"SHOW_PARAMETER_HINT":"validation.undefined_rule","SHOW_PROPERTY_HINT":"validation.undefined_rule","SHOW_PARAMETER_TYPE_HINT":"validation.undefined_rule","created":1590250357595,"project":"d119a6d897fcb33934b9adf90ec59bc9e850f90f58367fa567dc99031a6fc921","enabled":true,"SHOW_SUSPENDING_CALL":"validation.undefined_rule","SHOW_LOCAL_VARIABLE_HINT":"validation.undefined_rule","SHOW_FUNCTION_HINT":"validation.undefined_rule","plugin_type":"PLATFORM","SHOW_LAMBDA_IMPLICIT_PARAMETER_RECEIVER":"validation.undefined_rule","lang":"kotlin","SHOW_LAMBDA_RETURN_EXPRESSION":"validation.undefined_rule"},"id":"validation.unmatched_rule"}}
{"recorder_version":"31","session":"494b860684a8","build":"193.5662.53","bucket":"159","time":1590250357594,"group":{"id":"inlay.configuration","version":"2"},"event":{"state":true,"data":{"type_parameter_list":"validation.undefined_rule","inferred_parameter_types":"validation.undefined_rule","created":1590250357595,"plugin_type":"PLATFORM","project":"d119a6d897fcb33934b9adf90ec59bc9e850f90f58367fa567dc99031a6fc921","lang":"Groovy","enabled":true},"id":"validation.unmatched_rule"}}
{"recorder_version":"31","session":"494b860684a8","build":"193.5662.53","bucket":"159","time":1590250357594,"group":{"id":"inlay.configuration","version":"2"},"event":{"state":true,"data":{"created":1590250357595,"plugin_type":"PLATFORM","project":"d119a6d897fcb33934b9adf90ec59bc9e850f90f58367fa567dc99031a6fc921","lang":"JAVA","enabled":true},"id":"validation.unmatched_rule"}}
{"recorder_version":"31","session":"494b860684a8","build":"193.5662.53","bucket":"159","time":1590250357594,"group":{"id":"inlay.configuration","version":"2"},"event":{"state":true,"data":{"inferred_annotations":"validation.undefined_rule","created":1590250357595,"plugin_type":"PLATFORM","project":"d119a6d897fcb33934b9adf90ec59bc9e850f90f58367fa567dc99031a6fc921","lang":"JAVA","external_annotations":"validation.undefined_rule","enabled":true},"id":"validation.unmatched_rule"}}
{"recorder_version":"31","session":"494b860684a8","build":"193.5662.53","bucket":"159","time":1590250357594,"group":{"id":"inlay.configuration","version":"2"},"event":{"state":true,"data":{"created":1590250357595,"project":"d119a6d897fcb33934b9adf90ec59bc9e850f90f58367fa567dc99031a6fc921"},"id":"invoked"}}
{"recorder_version":"31","session":"494b860684a8","build":"193.5662.53","bucket":"159","time":1590250358304,"group":{"id":"javaLibraryJars","version":"2"},"event":{"state":true,"data":{"created":1590250358304,"project":"d119a6d897fcb33934b9adf90ec59bc9e850f90f58367fa567dc99031a6fc921"},"id":"invoked"}}
{"recorder_version":"31","session":"494b860684a8","build":"193.5662.53","bucket":"159","time":1590250358304,"group":{"id":"java.compiler.settings.project","version":"1"},"event":{"state":true,"data":{"created":1590250358305,"project":"d119a6d897fcb33934b9adf90ec59bc9e850f90f58367fa567dc99031a6fc921","enabled":true},"id":"AUTO_SHOW_ERRORS_IN_EDITOR"}}
{"recorder_version":"31","session":"494b860684a8","build":"193.5662.53","bucket":"159","time":1590250358304,"group":{"id":"java.compiler.settings.project","version":"1"},"event":{"state":true,"data":{"created":1590250358305,"project":"d119a6d897fcb33934b9adf90ec59bc9e850f90f58367fa567dc99031a6fc921","enabled":true},"id":"DISPLAY_NOTIFICATION_POPUP"}}
{"recorder_version":"31","session":"494b860684a8","build":"193.5662.53","bucket":"159","time":1590250358304,"group":{"id":"java.compiler.settings.project","version":"1"},"event":{"state":true,"data":{"created":1590250358305,"project":"d119a6d897fcb33934b9adf90ec59bc9e850f90f58367fa567dc99031a6fc921","enabled":true},"id":"CLEAR_OUTPUT_DIRECTORY"}}
{"recorder_version":"31","session":"494b860684a8","build":"193.5662.53","bucket":"159","time":1590250358304,"group":{"id":"java.compiler.settings.project","version":"1"},"event":{"state":true,"data":{"created":1590250358306,"project":"d119a6d897fcb33934b9adf90ec59bc9e850f90f58367fa567dc99031a6fc921","enabled":false},"id":"MAKE_PROJECT_ON_SAVE"}}
{"recorder_version":"31","session":"494b860684a8","build":"193.5662.53","bucket":"159","time":1590250358304,"group":{"id":"java.compiler.settings.project","version":"1"},"event":{"state":true,"data":{"created":1590250358306,"project":"d119a6d897fcb33934b9adf90ec59bc9e850f90f58367fa567dc99031a6fc921","enabled":false},"id":"PARALLEL_COMPILATION"}}
{"recorder_version":"31","session":"494b860684a8","build":"193.5662.53","bucket":"159","time":1590250358304,"group":{"id":"java.compiler.settings.project","version":"1"},"event":{"state":true,"data":{"created":1590250358306,"project":"d119a6d897fcb33934b9adf90ec59bc9e850f90f58367fa567dc99031a6fc921","enabled":true},"id":"REBUILD_ON_DEPENDENCY_CHANGE"}}
{"recorder_version":"31","session":"494b860684a8","build":"193.5662.53","bucket":"159","time":1590250358304,"group":{"id":"java.compiler.settings.project","version":"1"},"event":{"state":true,"data":{"created":1590250358306,"project":"d119a6d897fcb33934b9adf90ec59bc9e850f90f58367fa567dc99031a6fc921","enabled":true},"id":"COMPILE_AFFECTED_UNLOADED_MODULES_BEFORE_COMMIT"}}
{"recorder_version":"31","session":"494b860684a8","build":"193.5662.53","bucket":"159","time":1590250358305,"group":{"id":"java.compiler.settings.project","version":"1"},"event":{"state":true,"data":{"created":1590250358307,"project":"d119a6d897fcb33934b9adf90ec59bc9e850f90f58367fa567dc99031a6fc921"},"id":"invoked"}}
{"recorder_version":"31","session":"494b860684a8","build":"193.5662.53","bucket":"159","time":1590250358308,"group":{"id":"project.structure","version":"2"},"event":{"state":true,"data":{"created":1590250358308,"count":1,"project":"d119a6d897fcb33934b9adf90ec59bc9e850f90f58367fa567dc99031a6fc921"},"id":"content.roots.total"}}
{"recorder_version":"31","session":"494b860684a8","build":"193.5662.53","bucket":"159","time":1590250358308,"group":{"id":"project.structure","version":"2"},"event":{"state":true,"data":{"created":1590250358308,"count":0,"project":"d119a6d897fcb33934b9adf90ec59bc9e850f90f58367fa567dc99031a6fc921"},"id":"package.prefix"}}
{"recorder_version":"31","session":"494b860684a8","build":"193.5662.53","bucket":"159","time":1590250358308,"group":{"id":"project.structure","version":"2"},"event":{"state":true,"data":{"created":1590250358308,"count":1,"project":"d119a6d897fcb33934b9adf90ec59bc9e850f90f58367fa567dc99031a6fc921"},"id":"source.roots.total"}}
{"recorder_version":"31","session":"494b860684a8","build":"193.5662.53","bucket":"159","time":1590250358308,"group":{"id":"project.structure","version":"2"},"event":{"state":true,"data":{"created":1590250358308,"count":1,"project":"d119a6d897fcb33934b9adf90ec59bc9e850f90f58367fa567dc99031a6fc921"},"id":"modules.total"}}
{"recorder_version":"31","session":"494b860684a8","build":"193.5662.53","bucket":"159","time":1590250358308,"group":{"id":"project.structure","version":"2"},"event":{"state":true,"data":{"created":1590250358308,"count":0,"project":"d119a6d897fcb33934b9adf90ec59bc9e850f90f58367fa567dc99031a6fc921"},"id":"excluded.roots.total"}}
{"recorder_version":"31","session":"494b860684a8","build":"193.5662.53","bucket":"159","time":1590250358308,"group":{"id":"project.structure","version":"2"},"event":{"state":true,"data":{"created":1590250358308,"count":1,"project":"d119a6d897fcb33934b9adf90ec59bc9e850f90f58367fa567dc99031a6fc921","type":"java-source"},"id":"source.root"}}
{"recorder_version":"31","session":"494b860684a8","build":"193.5662.53","bucket":"159","time":1590250358308,"group":{"id":"project.structure","version":"2"},"event":{"state":true,"data":{"created":1590250358308,"project":"d119a6d897fcb33934b9adf90ec59bc9e850f90f58367fa567dc99031a6fc921"},"id":"invoked"}}
{"recorder_version":"31","session":"494b860684a8","build":"193.5662.53","bucket":"159","time":1590250358309,"group":{"id":"inspections","version":"2"},"event":{"state":true,"data":{"created":1590250358309,"project":"d119a6d897fcb33934b9adf90ec59bc9e850f90f58367fa567dc99031a6fc921"},"id":"invoked"}}
{"recorder_version":"31","session":"494b860684a8","build":"193.5662.53","bucket":"159","time":1590250358309,"group":{"id":"build.tools","version":"1"},"event":{"state":true,"data":{"created":1590250358310,"project":"d119a6d897fcb33934b9adf90ec59bc9e850f90f58367fa567dc99031a6fc921"},"id":"invoked"}}
{"recorder_version":"31","session":"494b860684a8","build":"193.5662.53","bucket":"159","time":1590250358310,"group":{"id":"vcs.log.index.project","version":"2"},"event":{"state":true,"data":{"created":1590250358310,"project":"d119a6d897fcb33934b9adf90ec59bc9e850f90f58367fa567dc99031a6fc921"},"id":"invoked"}}
{"recorder_version":"31","session":"494b860684a8","build":"193.5662.53","bucket":"159","time":1590250358311,"group":{"id":"build.maven.state","version":"1"},"event":{"state":true,"data":{"created":1590250358311,"project":"d119a6d897fcb33934b9adf90ec59bc9e850f90f58367fa567dc99031a6fc921"},"id":"invoked"}}
{"recorder_version":"31","session":"494b860684a8","build":"193.5662.53","bucket":"159","time":1590250358312,"group":{"id":"build.tools.state","version":"1"},"event":{"state":true,"data":{"created":1590250358312,"count":0,"externalSystemId":"Gradle","project":"d119a6d897fcb33934b9adf90ec59bc9e850f90f58367fa567dc99031a6fc921"},"id":"numberOfLinkedProject"}}
{"recorder_version":"31","session":"494b860684a8","build":"193.5662.53","bucket":"159","time":1590250358312,"group":{"id":"build.tools.state","version":"1"},"event":{"state":true,"data":{"created":1590250358312,"project":"d119a6d897fcb33934b9adf90ec59bc9e850f90f58367fa567dc99031a6fc921"},"id":"invoked"}}
{"recorder_version":"31","session":"494b860684a8","build":"193.5662.53","bucket":"159","time":1590250358313,"group":{"id":"java.language","version":"1"},"event":{"state":true,"data":{"feature":11,"minor":0,"created":1590250358313,"project":"d119a6d897fcb33934b9adf90ec59bc9e850f90f58367fa567dc99031a6fc921","update":2,"ea":false},"id":"MODULE_JDK_VERSION"}}
{"recorder_version":"31","session":"494b860684a8","build":"193.5662.53","bucket":"159","time":1590250358313,"group":{"id":"java.language","version":"1"},"event":{"state":true,"data":{"preview":false,"created":1590250358314,"project":"d119a6d897fcb33934b9adf90ec59bc9e850f90f58367fa567dc99031a6fc921","version":11},"id":"MODULE_LANGUAGE_LEVEL"}}
{"recorder_version":"31","session":"494b860684a8","build":"193.5662.53","bucket":"159","time":1590250358313,"group":{"id":"java.language","version":"1"},"event":{"state":true,"data":{"created":1590250358314,"project":"d119a6d897fcb33934b9adf90ec59bc9e850f90f58367fa567dc99031a6fc921"},"id":"invoked"}}
{"recorder_version":"31","session":"494b860684a8","build":"193.5662.53","bucket":"159","time":1590250358316,"group":{"id":"kotlin.ide.settings","version":"2"},"event":{"state":true,"data":{"pluginVersion":"1.3.61-release-IJ2019.3-1","created":1590250358316,"project":"d119a6d897fcb33934b9adf90ec59bc9e850f90f58367fa567dc99031a6fc921","enabled":true},"id":"newInference"}}
{"recorder_version":"31","session":"494b860684a8","build":"193.5662.53","bucket":"159","time":1590250358316,"group":{"id":"kotlin.ide.settings","version":"2"},"event":{"state":true,"data":{"pluginVersion":"1.3.61-release-IJ2019.3-1","created":1590250358316,"project":"d119a6d897fcb33934b9adf90ec59bc9e850f90f58367fa567dc99031a6fc921","enabled":false},"id":"scriptingAutoReloadEnabled"}}
{"recorder_version":"31","session":"494b860684a8","build":"193.5662.53","bucket":"159","time":1590250358316,"group":{"id":"kotlin.ide.settings","version":"2"},"event":{"state":true,"data":{"created":1590250358316,"project":"d119a6d897fcb33934b9adf90ec59bc9e850f90f58367fa567dc99031a6fc921"},"id":"invoked"}}
{"recorder_version":"31","session":"494b860684a8","build":"193.5662.53","bucket":"159","time":1590250358319,"group":{"id":"debugger.breakpoints","version":"2"},"event":{"state":true,"data":{"created":1590250358319,"count":0,"project":"d119a6d897fcb33934b9adf90ec59bc9e850f90f58367fa567dc99031a6fc921"},"id":"total"}}
{"recorder_version":"31","session":"494b860684a8","build":"193.5662.53","bucket":"159","time":1590250358319,"group":{"id":"debugger.breakpoints","version":"2"},"event":{"state":true,"data":{"created":1590250358319,"count":0,"project":"d119a6d897fcb33934b9adf90ec59bc9e850f90f58367fa567dc99031a6fc921"},"id":"total.disabled"}}
{"recorder_version":"31","session":"494b860684a8","build":"193.5662.53","bucket":"159","time":1590250358319,"group":{"id":"debugger.breakpoints","version":"2"},"event":{"state":true,"data":{"created":1590250358319,"count":0,"project":"d119a6d897fcb33934b9adf90ec59bc9e850f90f58367fa567dc99031a6fc921"},"id":"total.non.suspending"}}
{"recorder_version":"31","session":"494b860684a8","build":"193.5662.53","bucket":"159","time":1590250358319,"group":{"id":"debugger.breakpoints","version":"2"},"event":{"state":true,"data":{"created":1590250358319,"project":"d119a6d897fcb33934b9adf90ec59bc9e850f90f58367fa567dc99031a6fc921"},"id":"invoked"}}
{"recorder_version":"31","session":"494b860684a8","build":"193.5662.53","bucket":"159","time":1590250359693,"group":{"id":"performance","version":"31"},"event":{"count":1,"data":{"duration_ms":0,"created":1590250359693},"id":"ui.latency"}}
{"recorder_version":"31","session":"494b860684a8","build":"193.5662.53","bucket":"159","time":1590250459882,"group":{"id":"performance","version":"31"},"event":{"count":1,"data":{"duration_ms":0,"created":1590250459883},"id":"ui.latency"}}
