{"recorder_version":"31","session":"bcd36652ab95","build":"193.5662.53","bucket":"159","time":1590168587717,"group":{"id":"settings","version":"4"},"event":{"state":true,"data":{"component":"UISettings","created":1590168588108},"id":"invoked"}}
{"recorder_version":"31","session":"bcd36652ab95","build":"193.5662.53","bucket":"159","time":1590168587717,"group":{"id":"settings","version":"4"},"event":{"state":true,"data":{"component":"NotRoamableUiSettings","created":1590168588114},"id":"invoked"}}
{"recorder_version":"31","session":"bcd36652ab95","build":"193.5662.53","bucket":"159","time":1590168587723,"group":{"id":"system.java","version":"1"},"event":{"state":true,"data":{"created":1590168588138,"version":"validation.undefined_rule"},"id":"validation.undefined_rule"}}
{"recorder_version":"31","session":"bcd36652ab95","build":"193.5662.53","bucket":"159","time":1590168587723,"group":{"id":"system.java","version":"1"},"event":{"state":true,"data":{"created":1590168588138},"id":"invoked"}}
{"recorder_version":"31","session":"bcd36652ab95","build":"193.5662.53","bucket":"159","time":1590168587744,"group":{"id":"system.os","version":"3"},"event":{"state":true,"data":{"created":1590168588143,"version":"10.15"},"id":"Mac"}}
{"recorder_version":"31","session":"bcd36652ab95","build":"193.5662.53","bucket":"159","time":1590168587744,"group":{"id":"system.os","version":"3"},"event":{"state":true,"data":{"created":1590168588144,"name":"Mac","version":"10.15"},"id":"os.name"}}
{"recorder_version":"31","session":"bcd36652ab95","build":"193.5662.53","bucket":"159","time":1590168587744,"group":{"id":"system.os","version":"3"},"event":{"state":true,"data":{"created":1590168588145,"value":"+02_00"},"id":"os.timezone"}}
{"recorder_version":"31","session":"bcd36652ab95","build":"193.5662.53","bucket":"159","time":1590168587744,"group":{"id":"system.os","version":"3"},"event":{"state":true,"data":{"created":1590168588145},"id":"invoked"}}
{"recorder_version":"31","session":"bcd36652ab95","build":"193.5662.53","bucket":"159","time":1590168587968,"group":{"id":"settings","version":"4"},"event":{"state":true,"data":{"component":"UpdatesConfigurable","created":1590168588145,"name":"checkNeeded","type":"bool","value":false},"id":"not.default"}}
{"recorder_version":"31","session":"bcd36652ab95","build":"193.5662.53","bucket":"159","time":1590168587968,"group":{"id":"settings","version":"4"},"event":{"state":true,"data":{"component":"UpdatesConfigurable","created":1590168588146},"id":"invoked"}}
{"recorder_version":"31","session":"bcd36652ab95","build":"193.5662.53","bucket":"159","time":1590168588050,"group":{"id":"event.log","version":"31"},"event":{"count":1,"data":{"created":1590168588146,"version":"1268.0"},"id":"whitelist.loaded"}}
{"recorder_version":"31","session":"bcd36652ab95","build":"193.5662.53","bucket":"159","time":1590168588179,"group":{"id":"settings","version":"4"},"event":{"state":true,"data":{"component":"GeneralSettings","created":1590168588179,"name":"showTipsOnStartup","type":"bool","value":false},"id":"not.default"}}
{"recorder_version":"31","session":"bcd36652ab95","build":"193.5662.53","bucket":"159","time":1590168588179,"group":{"id":"settings","version":"4"},"event":{"state":true,"data":{"component":"GeneralSettings","created":1590168588182},"id":"invoked"}}
{"recorder_version":"31","session":"bcd36652ab95","build":"193.5662.53","bucket":"159","time":1590168588207,"group":{"id":"lifecycle","version":"31"},"event":{"count":1,"data":{"internal":true,"eap":false,"created":1590168588207},"id":"ide.start"}}
{"recorder_version":"31","session":"bcd36652ab95","build":"193.5662.53","bucket":"159","time":1590168588310,"group":{"id":"settings","version":"4"},"event":{"state":true,"data":{"component":"XmlEditorOptions","created":1590168588310},"id":"invoked"}}
{"recorder_version":"31","session":"bcd36652ab95","build":"193.5662.53","bucket":"159","time":1590168589102,"group":{"id":"lifecycle","version":"31"},"event":{"count":1,"data":{"created":1590168589102},"id":"frame.activated"}}
{"recorder_version":"31","session":"bcd36652ab95","build":"193.5662.53","bucket":"159","time":1590168589102,"group":{"id":"settings","version":"4"},"event":{"state":true,"data":{"component":"VcsApplicationSettings","created":1590168589102},"id":"invoked"}}
{"recorder_version":"31","session":"bcd36652ab95","build":"193.5662.53","bucket":"159","time":1590168589131,"group":{"id":"performance","version":"31"},"event":{"count":1,"data":{"duration_ms":521,"created":1590168589131},"id":"ui.latency"}}
{"recorder_version":"31","session":"bcd36652ab95","build":"193.5662.53","bucket":"159","time":1590168589131,"group":{"id":"performance","version":"31"},"event":{"count":1,"data":{"duration_ms":521,"created":1590168589132},"id":"ui.lagging"}}
{"recorder_version":"31","session":"bcd36652ab95","build":"193.5662.53","bucket":"159","time":1590168589388,"group":{"id":"ui.dialogs","version":"31"},"event":{"count":1,"data":{"created":1590168589388,"plugin_type":"PLATFORM","dialog_class":"com.intellij.openapi.progress.util.ProgressDialog$MyDialogWrapper"},"id":"show"}}
{"recorder_version":"31","session":"bcd36652ab95","build":"193.5662.53","bucket":"159","time":1590168590834,"group":{"id":"lifecycle","version":"31"},"event":{"count":1,"data":{"created":1590168590834,"project":"d119a6d897fcb33934b9adf90ec59bc9e850f90f58367fa567dc99031a6fc921"},"id":"project.opened"}}
{"recorder_version":"31","session":"bcd36652ab95","build":"193.5662.53","bucket":"159","time":1590168591277,"group":{"id":"performance","version":"31"},"event":{"count":1,"data":{"duration_ms":669,"created":1590168591277},"id":"ui.lagging"}}
{"recorder_version":"31","session":"bcd36652ab95","build":"193.5662.53","bucket":"159","time":1590168591434,"group":{"id":"toolwindow","version":"31"},"event":{"count":1,"data":{"created":1590168591434,"plugin_type":"PLATFORM","id":"Event_Log"},"id":"activated"}}
{"recorder_version":"31","session":"bcd36652ab95","build":"193.5662.53","bucket":"159","time":1590168592194,"group":{"id":"performance","version":"31"},"event":{"count":1,"data":{"duration_ms":583,"created":1590168592194},"id":"ui.lagging"}}
{"recorder_version":"31","session":"bcd36652ab95","build":"193.5662.53","bucket":"159","time":1590168592903,"group":{"id":"indexing","version":"2"},"event":{"count":1,"data":{"ide_activity_id":1,"created":1590168592903,"project":"d119a6d897fcb33934b9adf90ec59bc9e850f90f58367fa567dc99031a6fc921"},"id":"started"}}
{"recorder_version":"31","session":"bcd36652ab95","build":"193.5662.53","bucket":"159","time":1590168593041,"group":{"id":"indexing","version":"2"},"event":{"count":1,"data":{"ide_activity_id":1,"stage_class":"com.intellij.util.indexing.UnindexedFilesUpdater","created":1590168593042,"plugin_type":"PLATFORM"},"id":"stage"}}
{"recorder_version":"31","session":"bcd36652ab95","build":"193.5662.53","bucket":"159","time":1590168593123,"group":{"id":"project.fs","version":"1"},"event":{"state":true,"data":{"os":"Mac","cs-project":false,"created":1590168593124,"project":"d119a6d897fcb33934b9adf90ec59bc9e850f90f58367fa567dc99031a6fc921","cs-implicit":true,"cs-system":false},"id":"case-sensitivity"}}
{"recorder_version":"31","session":"bcd36652ab95","build":"193.5662.53","bucket":"159","time":1590168593123,"group":{"id":"project.fs","version":"1"},"event":{"state":true,"data":{"created":1590168593124},"id":"invoked"}}
{"recorder_version":"31","session":"bcd36652ab95","build":"193.5662.53","bucket":"159","time":1590168593124,"group":{"id":"project.fs","version":"1"},"event":{"state":true,"data":{"pct-non-watched":0,"created":1590168593125,"project":"d119a6d897fcb33934b9adf90ec59bc9e850f90f58367fa567dc99031a6fc921"},"id":"roots-watched"}}
{"recorder_version":"31","session":"bcd36652ab95","build":"193.5662.53","bucket":"159","time":1590168593124,"group":{"id":"project.fs","version":"1"},"event":{"state":true,"data":{"created":1590168593125},"id":"invoked"}}
{"recorder_version":"31","session":"bcd36652ab95","build":"193.5662.53","bucket":"159","time":1590168593333,"group":{"id":"ui.dialogs","version":"31"},"event":{"count":1,"data":{"code":1,"created":1590168593334,"plugin_type":"PLATFORM","dialog_class":"com.intellij.openapi.progress.util.ProgressDialog$MyDialogWrapper"},"id":"close"}}
{"recorder_version":"31","session":"bcd36652ab95","build":"193.5662.53","bucket":"159","time":1590168593440,"group":{"id":"lifecycle","version":"31"},"event":{"count":1,"data":{"duration_ms":5112,"created":1590168593441,"project":"d119a6d897fcb33934b9adf90ec59bc9e850f90f58367fa567dc99031a6fc921"},"id":"project.opening.finished"}}
{"recorder_version":"31","session":"bcd36652ab95","build":"193.5662.53","bucket":"159","time":1590168593679,"group":{"id":"lifecycle","version":"31"},"event":{"count":1,"data":{"created":1590168593679,"project":"d119a6d897fcb33934b9adf90ec59bc9e850f90f58367fa567dc99031a6fc921"},"id":"frame.deactivated"}}
{"recorder_version":"31","session":"bcd36652ab95","build":"193.5662.53","bucket":"159","time":1590168595300,"group":{"id":"indexing","version":"2"},"event":{"count":1,"data":{"duration_ms":2397,"ide_activity_id":1,"created":1590168595300},"id":"finished"}}
{"recorder_version":"31","session":"bcd36652ab95","build":"193.5662.53","bucket":"159","time":1590168595388,"group":{"id":"indexing","version":"2"},"event":{"count":1,"data":{"ide_activity_id":2,"created":1590168595388,"project":"d119a6d897fcb33934b9adf90ec59bc9e850f90f58367fa567dc99031a6fc921"},"id":"started"}}
{"recorder_version":"31","session":"bcd36652ab95","build":"193.5662.53","bucket":"159","time":1590168595403,"group":{"id":"indexing","version":"2"},"event":{"count":1,"data":{"ide_activity_id":2,"plugin":"org.jetbrains.android","stage_class":"com.android.tools.idea.res.ResourceFolderRepositoryFileCacheImpl$PruneTask","created":1590168595403,"plugin_type":"JB_BUNDLED"},"id":"stage"}}
{"recorder_version":"31","session":"bcd36652ab95","build":"193.5662.53","bucket":"159","time":1590168595441,"group":{"id":"indexing","version":"2"},"event":{"count":1,"data":{"ide_activity_id":2,"plugin":"org.jetbrains.android","stage_class":"com.android.tools.idea.res.ResourceFolderRepositoryFileCacheImpl$ManageLruProjectFilesTask","created":1590168595442,"plugin_type":"JB_BUNDLED"},"id":"stage"}}
{"recorder_version":"31","session":"bcd36652ab95","build":"193.5662.53","bucket":"159","time":1590168595468,"group":{"id":"indexing","version":"2"},"event":{"count":1,"data":{"duration_ms":80,"ide_activity_id":2,"created":1590168595469},"id":"finished"}}
{"recorder_version":"31","session":"bcd36652ab95","build":"193.5662.53","bucket":"159","time":1590168595480,"group":{"id":"indexing","version":"2"},"event":{"count":1,"data":{"ide_activity_id":3,"created":1590168595480,"project":"d119a6d897fcb33934b9adf90ec59bc9e850f90f58367fa567dc99031a6fc921"},"id":"started"}}
{"recorder_version":"31","session":"bcd36652ab95","build":"193.5662.53","bucket":"159","time":1590168595482,"group":{"id":"indexing","version":"2"},"event":{"count":1,"data":{"ide_activity_id":3,"plugin":"org.jetbrains.android","stage_class":"com.android.tools.idea.res.ResourceFolderRegistry$PopulateCachesTask","created":1590168595483,"plugin_type":"JB_BUNDLED"},"id":"stage"}}
{"recorder_version":"31","session":"bcd36652ab95","build":"193.5662.53","bucket":"159","time":1590168595485,"group":{"id":"indexing","version":"2"},"event":{"count":1,"data":{"duration_ms":5,"ide_activity_id":3,"created":1590168595485},"id":"finished"}}
{"recorder_version":"31","session":"bcd36652ab95","build":"193.5662.53","bucket":"159","time":1590168595844,"group":{"id":"performance","version":"31"},"event":{"count":1,"data":{"duration_ms":228,"created":1590168595844},"id":"ui.lagging"}}
{"recorder_version":"31","session":"bcd36652ab95","build":"193.5662.53","bucket":"159","time":1590168598182,"group":{"id":"startup","version":"1"},"event":{"count":1,"data":{"duration":1941,"created":1590168598182},"id":"appInit"}}
{"recorder_version":"31","session":"bcd36652ab95","build":"193.5662.53","bucket":"159","time":1590168598182,"group":{"id":"startup","version":"1"},"event":{"count":1,"data":{"duration":363,"created":1590168598183},"id":"splash"}}
{"recorder_version":"31","session":"bcd36652ab95","build":"193.5662.53","bucket":"159","time":1590168598182,"group":{"id":"startup","version":"1"},"event":{"count":1,"data":{"duration":379,"created":1590168598183},"id":"bootstrap"}}
{"recorder_version":"31","session":"bcd36652ab95","build":"193.5662.53","bucket":"159","time":1590168598182,"group":{"id":"startup","version":"1"},"event":{"count":1,"data":{"duration":8761,"created":1590168598183},"id":"totalDuration"}}
{"recorder_version":"31","session":"bcd36652ab95","build":"193.5662.53","bucket":"159","time":1590168599869,"group":{"id":"lifecycle","version":"31"},"event":{"count":1,"data":{"created":1590168599869,"project":"d119a6d897fcb33934b9adf90ec59bc9e850f90f58367fa567dc99031a6fc921"},"id":"frame.activated"}}
{"recorder_version":"31","session":"bcd36652ab95","build":"193.5662.53","bucket":"159","time":1590168602217,"group":{"id":"actions","version":"31"},"event":{"count":1,"data":{"context_menu":true,"action_id":"third.party","created":1590168602217,"plugin_type":"NOT_LISTED","project":"d119a6d897fcb33934b9adf90ec59bc9e850f90f58367fa567dc99031a6fc921","place":"MainMenu","class":"third.party","input_event":"NoMouseButton"},"id":"action.invoked"}}
{"recorder_version":"31","session":"bcd36652ab95","build":"193.5662.53","bucket":"159","time":1590168603416,"group":{"id":"ui.dialogs","version":"31"},"event":{"count":1,"data":{"created":1590168603417,"plugin_type":"NOT_LISTED","dialog_class":"third.party"},"id":"show"}}
{"recorder_version":"31","session":"bcd36652ab95","build":"193.5662.53","bucket":"159","time":1590168605046,"group":{"id":"ui.dialogs","version":"31"},"event":{"count":1,"data":{"code":0,"created":1590168605046,"plugin_type":"NOT_LISTED","dialog_class":"third.party"},"id":"close"}}
