{"recorder_version":"31","session":"7ab349fad3af","build":"193.5662.53","bucket":"159","time":1590251657409,"group":{"id":"settings","version":"4"},"event":{"state":true,"data":{"component":"NotRoamableUiSettings","created":1590251657797},"id":"invoked"}}
{"recorder_version":"31","session":"7ab349fad3af","build":"193.5662.53","bucket":"159","time":1590251657419,"group":{"id":"settings","version":"4"},"event":{"state":true,"data":{"component":"UISettings","created":1590251657799},"id":"invoked"}}
{"recorder_version":"31","session":"7ab349fad3af","build":"193.5662.53","bucket":"159","time":1590251657425,"group":{"id":"system.java","version":"1"},"event":{"state":true,"data":{"created":1590251657811,"version":"validation.undefined_rule"},"id":"validation.undefined_rule"}}
{"recorder_version":"31","session":"7ab349fad3af","build":"193.5662.53","bucket":"159","time":1590251657425,"group":{"id":"system.java","version":"1"},"event":{"state":true,"data":{"created":1590251657811},"id":"invoked"}}
{"recorder_version":"31","session":"7ab349fad3af","build":"193.5662.53","bucket":"159","time":1590251657465,"group":{"id":"system.os","version":"3"},"event":{"state":true,"data":{"created":1590251657812,"version":"10.15"},"id":"Mac"}}
{"recorder_version":"31","session":"7ab349fad3af","build":"193.5662.53","bucket":"159","time":1590251657465,"group":{"id":"system.os","version":"3"},"event":{"state":true,"data":{"created":1590251657812,"name":"Mac","version":"10.15"},"id":"os.name"}}
{"recorder_version":"31","session":"7ab349fad3af","build":"193.5662.53","bucket":"159","time":1590251657465,"group":{"id":"system.os","version":"3"},"event":{"state":true,"data":{"created":1590251657812,"value":"+02_00"},"id":"os.timezone"}}
{"recorder_version":"31","session":"7ab349fad3af","build":"193.5662.53","bucket":"159","time":1590251657465,"group":{"id":"system.os","version":"3"},"event":{"state":true,"data":{"created":1590251657813},"id":"invoked"}}
{"recorder_version":"31","session":"7ab349fad3af","build":"193.5662.53","bucket":"159","time":1590251657726,"group":{"id":"settings","version":"4"},"event":{"state":true,"data":{"component":"UpdatesConfigurable","created":1590251657813,"name":"checkNeeded","type":"bool","value":false},"id":"not.default"}}
{"recorder_version":"31","session":"7ab349fad3af","build":"193.5662.53","bucket":"159","time":1590251657726,"group":{"id":"settings","version":"4"},"event":{"state":true,"data":{"component":"UpdatesConfigurable","created":1590251657814},"id":"invoked"}}
{"recorder_version":"31","session":"7ab349fad3af","build":"193.5662.53","bucket":"159","time":1590251657764,"group":{"id":"event.log","version":"31"},"event":{"count":1,"data":{"created":1590251657814,"version":"1268.0"},"id":"whitelist.loaded"}}
{"recorder_version":"31","session":"7ab349fad3af","build":"193.5662.53","bucket":"159","time":1590251657929,"group":{"id":"settings","version":"4"},"event":{"state":true,"data":{"component":"GeneralSettings","created":1590251657940,"name":"showTipsOnStartup","type":"bool","value":false},"id":"not.default"}}
{"recorder_version":"31","session":"7ab349fad3af","build":"193.5662.53","bucket":"159","time":1590251657940,"group":{"id":"settings","version":"4"},"event":{"state":true,"data":{"component":"GeneralSettings","created":1590251657941},"id":"invoked"}}
{"recorder_version":"31","session":"7ab349fad3af","build":"193.5662.53","bucket":"159","time":1590251658024,"group":{"id":"lifecycle","version":"31"},"event":{"count":1,"data":{"internal":true,"eap":false,"created":1590251658024},"id":"ide.start"}}
{"recorder_version":"31","session":"7ab349fad3af","build":"193.5662.53","bucket":"159","time":1590251658067,"group":{"id":"settings","version":"4"},"event":{"state":true,"data":{"component":"XmlEditorOptions","created":1590251658067},"id":"invoked"}}
{"recorder_version":"31","session":"7ab349fad3af","build":"193.5662.53","bucket":"159","time":1590251659078,"group":{"id":"lifecycle","version":"31"},"event":{"count":1,"data":{"created":1590251659078},"id":"frame.activated"}}
{"recorder_version":"31","session":"7ab349fad3af","build":"193.5662.53","bucket":"159","time":1590251659078,"group":{"id":"settings","version":"4"},"event":{"state":true,"data":{"component":"VcsApplicationSettings","created":1590251659079},"id":"invoked"}}
{"recorder_version":"31","session":"7ab349fad3af","build":"193.5662.53","bucket":"159","time":1590251659134,"group":{"id":"performance","version":"31"},"event":{"count":1,"data":{"duration_ms":860,"created":1590251659134},"id":"ui.latency"}}
{"recorder_version":"31","session":"7ab349fad3af","build":"193.5662.53","bucket":"159","time":1590251659134,"group":{"id":"performance","version":"31"},"event":{"count":1,"data":{"duration_ms":860,"created":1590251659135},"id":"ui.lagging"}}
{"recorder_version":"31","session":"7ab349fad3af","build":"193.5662.53","bucket":"159","time":1590251659467,"group":{"id":"ui.dialogs","version":"31"},"event":{"count":1,"data":{"created":1590251659467,"plugin_type":"PLATFORM","dialog_class":"com.intellij.openapi.progress.util.ProgressDialog$MyDialogWrapper"},"id":"show"}}
{"recorder_version":"31","session":"7ab349fad3af","build":"193.5662.53","bucket":"159","time":1590251659624,"group":{"id":"performance","version":"31"},"event":{"count":1,"data":{"duration_ms":360,"created":1590251659624},"id":"ui.lagging"}}
{"recorder_version":"31","session":"7ab349fad3af","build":"193.5662.53","bucket":"159","time":1590251661163,"group":{"id":"lifecycle","version":"31"},"event":{"count":1,"data":{"created":1590251661163,"project":"d119a6d897fcb33934b9adf90ec59bc9e850f90f58367fa567dc99031a6fc921"},"id":"project.opened"}}
{"recorder_version":"31","session":"7ab349fad3af","build":"193.5662.53","bucket":"159","time":1590251661966,"group":{"id":"performance","version":"31"},"event":{"count":1,"data":{"duration_ms":701,"created":1590251661966},"id":"ui.lagging"}}
{"recorder_version":"31","session":"7ab349fad3af","build":"193.5662.53","bucket":"159","time":1590251661994,"group":{"id":"toolwindow","version":"31"},"event":{"count":1,"data":{"created":1590251661995,"plugin_type":"PLATFORM","id":"Event_Log"},"id":"activated"}}
{"recorder_version":"31","session":"7ab349fad3af","build":"193.5662.53","bucket":"159","time":1590251663047,"group":{"id":"performance","version":"31"},"event":{"count":1,"data":{"duration_ms":781,"created":1590251663047},"id":"ui.lagging"}}
{"recorder_version":"31","session":"7ab349fad3af","build":"193.5662.53","bucket":"159","time":1590251663753,"group":{"id":"performance","version":"31"},"event":{"count":1,"data":{"duration_ms":487,"created":1590251663753},"id":"ui.lagging"}}
{"recorder_version":"31","session":"7ab349fad3af","build":"193.5662.53","bucket":"159","time":1590251664345,"group":{"id":"project.fs","version":"1"},"event":{"state":true,"data":{"os":"Mac","cs-project":false,"created":1590251664345,"project":"d119a6d897fcb33934b9adf90ec59bc9e850f90f58367fa567dc99031a6fc921","cs-implicit":true,"cs-system":false},"id":"case-sensitivity"}}
{"recorder_version":"31","session":"7ab349fad3af","build":"193.5662.53","bucket":"159","time":1590251664345,"group":{"id":"project.fs","version":"1"},"event":{"state":true,"data":{"created":1590251664346},"id":"invoked"}}
{"recorder_version":"31","session":"7ab349fad3af","build":"193.5662.53","bucket":"159","time":1590251664346,"group":{"id":"project.fs","version":"1"},"event":{"state":true,"data":{"pct-non-watched":0,"created":1590251664346,"project":"d119a6d897fcb33934b9adf90ec59bc9e850f90f58367fa567dc99031a6fc921"},"id":"roots-watched"}}
{"recorder_version":"31","session":"7ab349fad3af","build":"193.5662.53","bucket":"159","time":1590251664346,"group":{"id":"project.fs","version":"1"},"event":{"state":true,"data":{"created":1590251664346},"id":"invoked"}}
{"recorder_version":"31","session":"7ab349fad3af","build":"193.5662.53","bucket":"159","time":1590251664458,"group":{"id":"performance","version":"31"},"event":{"count":1,"data":{"duration_ms":192,"created":1590251664458},"id":"ui.lagging"}}
{"recorder_version":"31","session":"7ab349fad3af","build":"193.5662.53","bucket":"159","time":1590251664462,"group":{"id":"ui.dialogs","version":"31"},"event":{"count":1,"data":{"code":1,"created":1590251664462,"plugin_type":"PLATFORM","dialog_class":"com.intellij.openapi.progress.util.ProgressDialog$MyDialogWrapper"},"id":"close"}}
{"recorder_version":"31","session":"7ab349fad3af","build":"193.5662.53","bucket":"159","time":1590251664638,"group":{"id":"indexing","version":"2"},"event":{"count":1,"data":{"ide_activity_id":1,"created":1590251664638,"project":"d119a6d897fcb33934b9adf90ec59bc9e850f90f58367fa567dc99031a6fc921"},"id":"started"}}
{"recorder_version":"31","session":"7ab349fad3af","build":"193.5662.53","bucket":"159","time":1590251664724,"group":{"id":"indexing","version":"2"},"event":{"count":1,"data":{"ide_activity_id":1,"stage_class":"com.intellij.util.indexing.UnindexedFilesUpdater","created":1590251664725,"plugin_type":"PLATFORM"},"id":"stage"}}
{"recorder_version":"31","session":"7ab349fad3af","build":"193.5662.53","bucket":"159","time":1590251664730,"group":{"id":"lifecycle","version":"31"},"event":{"count":1,"data":{"duration_ms":6650,"created":1590251664730,"project":"d119a6d897fcb33934b9adf90ec59bc9e850f90f58367fa567dc99031a6fc921"},"id":"project.opening.finished"}}
{"recorder_version":"31","session":"7ab349fad3af","build":"193.5662.53","bucket":"159","time":1590251667712,"group":{"id":"indexing","version":"2"},"event":{"count":1,"data":{"duration_ms":3074,"ide_activity_id":1,"created":1590251667713},"id":"finished"}}
{"recorder_version":"31","session":"7ab349fad3af","build":"193.5662.53","bucket":"159","time":1590251667826,"group":{"id":"indexing","version":"2"},"event":{"count":1,"data":{"ide_activity_id":2,"created":1590251667826,"project":"d119a6d897fcb33934b9adf90ec59bc9e850f90f58367fa567dc99031a6fc921"},"id":"started"}}
{"recorder_version":"31","session":"7ab349fad3af","build":"193.5662.53","bucket":"159","time":1590251667839,"group":{"id":"indexing","version":"2"},"event":{"count":1,"data":{"ide_activity_id":2,"plugin":"org.jetbrains.android","stage_class":"com.android.tools.idea.res.ResourceFolderRepositoryFileCacheImpl$PruneTask","created":1590251667840,"plugin_type":"JB_BUNDLED"},"id":"stage"}}
{"recorder_version":"31","session":"7ab349fad3af","build":"193.5662.53","bucket":"159","time":1590251667889,"group":{"id":"indexing","version":"2"},"event":{"count":1,"data":{"ide_activity_id":2,"plugin":"org.jetbrains.android","stage_class":"com.android.tools.idea.res.ResourceFolderRepositoryFileCacheImpl$ManageLruProjectFilesTask","created":1590251667893,"plugin_type":"JB_BUNDLED"},"id":"stage"}}
{"recorder_version":"31","session":"7ab349fad3af","build":"193.5662.53","bucket":"159","time":1590251667921,"group":{"id":"indexing","version":"2"},"event":{"count":1,"data":{"duration_ms":95,"ide_activity_id":2,"created":1590251667921},"id":"finished"}}
{"recorder_version":"31","session":"7ab349fad3af","build":"193.5662.53","bucket":"159","time":1590251667934,"group":{"id":"indexing","version":"2"},"event":{"count":1,"data":{"ide_activity_id":3,"created":1590251667935,"project":"d119a6d897fcb33934b9adf90ec59bc9e850f90f58367fa567dc99031a6fc921"},"id":"started"}}
{"recorder_version":"31","session":"7ab349fad3af","build":"193.5662.53","bucket":"159","time":1590251667938,"group":{"id":"indexing","version":"2"},"event":{"count":1,"data":{"ide_activity_id":3,"plugin":"org.jetbrains.android","stage_class":"com.android.tools.idea.res.ResourceFolderRegistry$PopulateCachesTask","created":1590251667939,"plugin_type":"JB_BUNDLED"},"id":"stage"}}
{"recorder_version":"31","session":"7ab349fad3af","build":"193.5662.53","bucket":"159","time":1590251667941,"group":{"id":"indexing","version":"2"},"event":{"count":1,"data":{"duration_ms":7,"ide_activity_id":3,"created":1590251667941},"id":"finished"}}
{"recorder_version":"31","session":"7ab349fad3af","build":"193.5662.53","bucket":"159","time":1590251669470,"group":{"id":"startup","version":"1"},"event":{"count":1,"data":{"duration":2094,"created":1590251669470},"id":"appInit"}}
{"recorder_version":"31","session":"7ab349fad3af","build":"193.5662.53","bucket":"159","time":1590251669470,"group":{"id":"startup","version":"1"},"event":{"count":1,"data":{"duration":432,"created":1590251669470},"id":"splash"}}
{"recorder_version":"31","session":"7ab349fad3af","build":"193.5662.53","bucket":"159","time":1590251669470,"group":{"id":"startup","version":"1"},"event":{"count":1,"data":{"duration":455,"created":1590251669470},"id":"bootstrap"}}
{"recorder_version":"31","session":"7ab349fad3af","build":"193.5662.53","bucket":"159","time":1590251669470,"group":{"id":"startup","version":"1"},"event":{"count":1,"data":{"duration":10130,"created":1590251669471},"id":"totalDuration"}}
{"recorder_version":"31","session":"7ab349fad3af","build":"193.5662.53","bucket":"159","time":1590251669745,"group":{"id":"actions","version":"31"},"event":{"count":1,"data":{"context_menu":true,"action_id":"third.party","created":1590251669745,"plugin_type":"NOT_LISTED","project":"d119a6d897fcb33934b9adf90ec59bc9e850f90f58367fa567dc99031a6fc921","place":"MainMenu","class":"third.party","input_event":"NoMouseButton"},"id":"action.invoked"}}
{"recorder_version":"31","session":"7ab349fad3af","build":"193.5662.53","bucket":"159","time":1590251671200,"group":{"id":"ui.dialogs","version":"31"},"event":{"count":1,"data":{"created":1590251671201,"plugin_type":"NOT_LISTED","dialog_class":"third.party"},"id":"show"}}
{"recorder_version":"31","session":"7ab349fad3af","build":"193.5662.53","bucket":"159","time":1590251675726,"group":{"id":"ui.dialogs","version":"31"},"event":{"count":1,"data":{"code":1,"created":1590251675727,"plugin_type":"NOT_LISTED","dialog_class":"third.party"},"id":"close"}}
