{"recorder_version":"31","session":"410db173283e","build":"193.5662.53","bucket":"159","time":1590181339894,"group":{"id":"settings","version":"4"},"event":{"state":true,"data":{"component":"NotRoamableUiSettings","created":1590181340184},"id":"invoked"}}
{"recorder_version":"31","session":"410db173283e","build":"193.5662.53","bucket":"159","time":1590181339894,"group":{"id":"settings","version":"4"},"event":{"state":true,"data":{"component":"UISettings","created":1590181340187},"id":"invoked"}}
{"recorder_version":"31","session":"410db173283e","build":"193.5662.53","bucket":"159","time":1590181339905,"group":{"id":"system.java","version":"1"},"event":{"state":true,"data":{"created":1590181340204,"version":"validation.undefined_rule"},"id":"validation.undefined_rule"}}
{"recorder_version":"31","session":"410db173283e","build":"193.5662.53","bucket":"159","time":1590181339905,"group":{"id":"system.java","version":"1"},"event":{"state":true,"data":{"created":1590181340204},"id":"invoked"}}
{"recorder_version":"31","session":"410db173283e","build":"193.5662.53","bucket":"159","time":1590181339928,"group":{"id":"system.os","version":"3"},"event":{"state":true,"data":{"created":1590181340205,"version":"10.15"},"id":"Mac"}}
{"recorder_version":"31","session":"410db173283e","build":"193.5662.53","bucket":"159","time":1590181339928,"group":{"id":"system.os","version":"3"},"event":{"state":true,"data":{"created":1590181340205,"name":"Mac","version":"10.15"},"id":"os.name"}}
{"recorder_version":"31","session":"410db173283e","build":"193.5662.53","bucket":"159","time":1590181339928,"group":{"id":"system.os","version":"3"},"event":{"state":true,"data":{"created":1590181340205,"value":"+02_00"},"id":"os.timezone"}}
{"recorder_version":"31","session":"410db173283e","build":"193.5662.53","bucket":"159","time":1590181339928,"group":{"id":"system.os","version":"3"},"event":{"state":true,"data":{"created":1590181340206},"id":"invoked"}}
{"recorder_version":"31","session":"410db173283e","build":"193.5662.53","bucket":"159","time":1590181340037,"group":{"id":"settings","version":"4"},"event":{"state":true,"data":{"component":"UpdatesConfigurable","created":1590181340207,"name":"checkNeeded","type":"bool","value":false},"id":"not.default"}}
{"recorder_version":"31","session":"410db173283e","build":"193.5662.53","bucket":"159","time":1590181340037,"group":{"id":"settings","version":"4"},"event":{"state":true,"data":{"component":"UpdatesConfigurable","created":1590181340207},"id":"invoked"}}
{"recorder_version":"31","session":"410db173283e","build":"193.5662.53","bucket":"159","time":1590181340156,"group":{"id":"event.log","version":"31"},"event":{"count":1,"data":{"created":1590181340208,"version":"1268.0"},"id":"whitelist.loaded"}}
{"recorder_version":"31","session":"410db173283e","build":"193.5662.53","bucket":"159","time":1590181340254,"group":{"id":"settings","version":"4"},"event":{"state":true,"data":{"component":"GeneralSettings","created":1590181340254,"name":"showTipsOnStartup","type":"bool","value":false},"id":"not.default"}}
{"recorder_version":"31","session":"410db173283e","build":"193.5662.53","bucket":"159","time":1590181340254,"group":{"id":"settings","version":"4"},"event":{"state":true,"data":{"component":"GeneralSettings","created":1590181340255},"id":"invoked"}}
{"recorder_version":"31","session":"410db173283e","build":"193.5662.53","bucket":"159","time":1590181340263,"group":{"id":"lifecycle","version":"31"},"event":{"count":1,"data":{"internal":true,"eap":false,"created":1590181340263},"id":"ide.start"}}
{"recorder_version":"31","session":"410db173283e","build":"193.5662.53","bucket":"159","time":1590181340401,"group":{"id":"settings","version":"4"},"event":{"state":true,"data":{"component":"XmlEditorOptions","created":1590181340401},"id":"invoked"}}
{"recorder_version":"31","session":"410db173283e","build":"193.5662.53","bucket":"159","time":1590181341308,"group":{"id":"settings","version":"4"},"event":{"state":true,"data":{"component":"VcsApplicationSettings","created":1590181341308},"id":"invoked"}}
{"recorder_version":"31","session":"410db173283e","build":"193.5662.53","bucket":"159","time":1590181341308,"group":{"id":"lifecycle","version":"31"},"event":{"count":1,"data":{"created":1590181341308},"id":"frame.activated"}}
{"recorder_version":"31","session":"410db173283e","build":"193.5662.53","bucket":"159","time":1590181341344,"group":{"id":"performance","version":"31"},"event":{"count":1,"data":{"duration_ms":580,"created":1590181341345},"id":"ui.latency"}}
{"recorder_version":"31","session":"410db173283e","build":"193.5662.53","bucket":"159","time":1590181341344,"group":{"id":"performance","version":"31"},"event":{"count":1,"data":{"duration_ms":580,"created":1590181341345},"id":"ui.lagging"}}
{"recorder_version":"31","session":"410db173283e","build":"193.5662.53","bucket":"159","time":1590181341645,"group":{"id":"ui.dialogs","version":"31"},"event":{"count":1,"data":{"created":1590181341645,"plugin_type":"PLATFORM","dialog_class":"com.intellij.openapi.progress.util.ProgressDialog$MyDialogWrapper"},"id":"show"}}
{"recorder_version":"31","session":"410db173283e","build":"193.5662.53","bucket":"159","time":1590181343362,"group":{"id":"lifecycle","version":"31"},"event":{"count":1,"data":{"created":1590181343362,"project":"d119a6d897fcb33934b9adf90ec59bc9e850f90f58367fa567dc99031a6fc921"},"id":"project.opened"}}
{"recorder_version":"31","session":"410db173283e","build":"193.5662.53","bucket":"159","time":1590181344046,"group":{"id":"performance","version":"31"},"event":{"count":1,"data":{"duration_ms":280,"created":1590181344046},"id":"ui.lagging"}}
{"recorder_version":"31","session":"410db173283e","build":"193.5662.53","bucket":"159","time":1590181344070,"group":{"id":"toolwindow","version":"31"},"event":{"count":1,"data":{"created":1590181344071,"plugin_type":"PLATFORM","id":"Event_Log"},"id":"activated"}}
{"recorder_version":"31","session":"410db173283e","build":"193.5662.53","bucket":"159","time":1590181344936,"group":{"id":"performance","version":"31"},"event":{"count":1,"data":{"duration_ms":165,"created":1590181344937},"id":"ui.lagging"}}
{"recorder_version":"31","session":"410db173283e","build":"193.5662.53","bucket":"159","time":1590181346149,"group":{"id":"project.fs","version":"1"},"event":{"state":true,"data":{"os":"Mac","cs-project":false,"created":1590181346149,"project":"d119a6d897fcb33934b9adf90ec59bc9e850f90f58367fa567dc99031a6fc921","cs-implicit":true,"cs-system":false},"id":"case-sensitivity"}}
{"recorder_version":"31","session":"410db173283e","build":"193.5662.53","bucket":"159","time":1590181346149,"group":{"id":"project.fs","version":"1"},"event":{"state":true,"data":{"created":1590181346149},"id":"invoked"}}
{"recorder_version":"31","session":"410db173283e","build":"193.5662.53","bucket":"159","time":1590181346150,"group":{"id":"project.fs","version":"1"},"event":{"state":true,"data":{"pct-non-watched":0,"created":1590181346150,"project":"d119a6d897fcb33934b9adf90ec59bc9e850f90f58367fa567dc99031a6fc921"},"id":"roots-watched"}}
{"recorder_version":"31","session":"410db173283e","build":"193.5662.53","bucket":"159","time":1590181346150,"group":{"id":"project.fs","version":"1"},"event":{"state":true,"data":{"created":1590181346150},"id":"invoked"}}
{"recorder_version":"31","session":"410db173283e","build":"193.5662.53","bucket":"159","time":1590181346269,"group":{"id":"ui.dialogs","version":"31"},"event":{"count":1,"data":{"code":1,"created":1590181346269,"plugin_type":"PLATFORM","dialog_class":"com.intellij.openapi.progress.util.ProgressDialog$MyDialogWrapper"},"id":"close"}}
{"recorder_version":"31","session":"410db173283e","build":"193.5662.53","bucket":"159","time":1590181346365,"group":{"id":"indexing","version":"2"},"event":{"count":1,"data":{"ide_activity_id":1,"created":1590181346366,"project":"d119a6d897fcb33934b9adf90ec59bc9e850f90f58367fa567dc99031a6fc921"},"id":"started"}}
{"recorder_version":"31","session":"410db173283e","build":"193.5662.53","bucket":"159","time":1590181346424,"group":{"id":"indexing","version":"2"},"event":{"count":1,"data":{"ide_activity_id":1,"stage_class":"com.intellij.util.indexing.UnindexedFilesUpdater","created":1590181346425,"plugin_type":"PLATFORM"},"id":"stage"}}
{"recorder_version":"31","session":"410db173283e","build":"193.5662.53","bucket":"159","time":1590181346499,"group":{"id":"lifecycle","version":"31"},"event":{"count":1,"data":{"duration_ms":6095,"created":1590181346499,"project":"d119a6d897fcb33934b9adf90ec59bc9e850f90f58367fa567dc99031a6fc921"},"id":"project.opening.finished"}}
{"recorder_version":"31","session":"410db173283e","build":"193.5662.53","bucket":"159","time":1590181349071,"group":{"id":"indexing","version":"2"},"event":{"count":1,"data":{"duration_ms":2706,"ide_activity_id":1,"created":1590181349072},"id":"finished"}}
{"recorder_version":"31","session":"410db173283e","build":"193.5662.53","bucket":"159","time":1590181349180,"group":{"id":"indexing","version":"2"},"event":{"count":1,"data":{"ide_activity_id":2,"created":1590181349180,"project":"d119a6d897fcb33934b9adf90ec59bc9e850f90f58367fa567dc99031a6fc921"},"id":"started"}}
{"recorder_version":"31","session":"410db173283e","build":"193.5662.53","bucket":"159","time":1590181349196,"group":{"id":"indexing","version":"2"},"event":{"count":1,"data":{"ide_activity_id":2,"plugin":"org.jetbrains.android","stage_class":"com.android.tools.idea.res.ResourceFolderRepositoryFileCacheImpl$PruneTask","created":1590181349196,"plugin_type":"JB_BUNDLED"},"id":"stage"}}
{"recorder_version":"31","session":"410db173283e","build":"193.5662.53","bucket":"159","time":1590181349238,"group":{"id":"indexing","version":"2"},"event":{"count":1,"data":{"ide_activity_id":2,"plugin":"org.jetbrains.android","stage_class":"com.android.tools.idea.res.ResourceFolderRepositoryFileCacheImpl$ManageLruProjectFilesTask","created":1590181349239,"plugin_type":"JB_BUNDLED"},"id":"stage"}}
{"recorder_version":"31","session":"410db173283e","build":"193.5662.53","bucket":"159","time":1590181349266,"group":{"id":"indexing","version":"2"},"event":{"count":1,"data":{"duration_ms":86,"ide_activity_id":2,"created":1590181349267},"id":"finished"}}
{"recorder_version":"31","session":"410db173283e","build":"193.5662.53","bucket":"159","time":1590181349283,"group":{"id":"indexing","version":"2"},"event":{"count":1,"data":{"ide_activity_id":3,"created":1590181349284,"project":"d119a6d897fcb33934b9adf90ec59bc9e850f90f58367fa567dc99031a6fc921"},"id":"started"}}
{"recorder_version":"31","session":"410db173283e","build":"193.5662.53","bucket":"159","time":1590181349286,"group":{"id":"indexing","version":"2"},"event":{"count":1,"data":{"ide_activity_id":3,"plugin":"org.jetbrains.android","stage_class":"com.android.tools.idea.res.ResourceFolderRegistry$PopulateCachesTask","created":1590181349287,"plugin_type":"JB_BUNDLED"},"id":"stage"}}
{"recorder_version":"31","session":"410db173283e","build":"193.5662.53","bucket":"159","time":1590181349290,"group":{"id":"indexing","version":"2"},"event":{"count":1,"data":{"duration_ms":7,"ide_activity_id":3,"created":1590181349290},"id":"finished"}}
{"recorder_version":"31","session":"410db173283e","build":"193.5662.53","bucket":"159","time":1590181351172,"group":{"id":"actions","version":"31"},"event":{"count":1,"data":{"context_menu":true,"action_id":"third.party","created":1590181351173,"plugin_type":"NOT_LISTED","project":"d119a6d897fcb33934b9adf90ec59bc9e850f90f58367fa567dc99031a6fc921","place":"MainMenu","class":"third.party","input_event":"NoMouseButton"},"id":"action.invoked"}}
{"recorder_version":"31","session":"410db173283e","build":"193.5662.53","bucket":"159","time":1590181351261,"group":{"id":"startup","version":"1"},"event":{"count":1,"data":{"duration":1788,"created":1590181351261},"id":"appInit"}}
{"recorder_version":"31","session":"410db173283e","build":"193.5662.53","bucket":"159","time":1590181351261,"group":{"id":"startup","version":"1"},"event":{"count":1,"data":{"duration":354,"created":1590181351261},"id":"splash"}}
{"recorder_version":"31","session":"410db173283e","build":"193.5662.53","bucket":"159","time":1590181351261,"group":{"id":"startup","version":"1"},"event":{"count":1,"data":{"duration":385,"created":1590181351261},"id":"bootstrap"}}
{"recorder_version":"31","session":"410db173283e","build":"193.5662.53","bucket":"159","time":1590181351261,"group":{"id":"startup","version":"1"},"event":{"count":1,"data":{"duration":9143,"created":1590181351261},"id":"totalDuration"}}
{"recorder_version":"31","session":"410db173283e","build":"193.5662.53","bucket":"159","time":1590181352810,"group":{"id":"ui.dialogs","version":"31"},"event":{"count":1,"data":{"created":1590181352811,"plugin_type":"NOT_LISTED","dialog_class":"third.party"},"id":"show"}}
{"recorder_version":"31","session":"410db173283e","build":"193.5662.53","bucket":"159","time":1590181358939,"group":{"id":"ui.dialogs","version":"31"},"event":{"count":1,"data":{"code":0,"created":1590181358940,"plugin_type":"NOT_LISTED","dialog_class":"third.party"},"id":"close"}}
