{"recorder_version":"31","session":"1b16baa592b5","build":"193.5662.53","bucket":"159","time":1589929211588,"group":{"id":"settings","version":"4"},"event":{"state":true,"data":{"component":"UISettings","created":1589929211822},"id":"invoked"}}
{"recorder_version":"31","session":"1b16baa592b5","build":"193.5662.53","bucket":"159","time":1589929211588,"group":{"id":"settings","version":"4"},"event":{"state":true,"data":{"component":"NotRoamableUiSettings","created":1589929211824},"id":"invoked"}}
{"recorder_version":"31","session":"1b16baa592b5","build":"193.5662.53","bucket":"159","time":1589929211593,"group":{"id":"system.java","version":"1"},"event":{"state":true,"data":{"created":1589929211832,"version":"validation.undefined_rule"},"id":"validation.undefined_rule"}}
{"recorder_version":"31","session":"1b16baa592b5","build":"193.5662.53","bucket":"159","time":1589929211593,"group":{"id":"system.java","version":"1"},"event":{"state":true,"data":{"created":1589929211832},"id":"invoked"}}
{"recorder_version":"31","session":"1b16baa592b5","build":"193.5662.53","bucket":"159","time":1589929211611,"group":{"id":"system.os","version":"3"},"event":{"state":true,"data":{"created":1589929211833,"version":"10.15"},"id":"Mac"}}
{"recorder_version":"31","session":"1b16baa592b5","build":"193.5662.53","bucket":"159","time":1589929211611,"group":{"id":"system.os","version":"3"},"event":{"state":true,"data":{"created":1589929211833,"name":"Mac","version":"10.15"},"id":"os.name"}}
{"recorder_version":"31","session":"1b16baa592b5","build":"193.5662.53","bucket":"159","time":1589929211611,"group":{"id":"system.os","version":"3"},"event":{"state":true,"data":{"created":1589929211833,"value":"+02_00"},"id":"os.timezone"}}
{"recorder_version":"31","session":"1b16baa592b5","build":"193.5662.53","bucket":"159","time":1589929211611,"group":{"id":"system.os","version":"3"},"event":{"state":true,"data":{"created":1589929211834},"id":"invoked"}}
{"recorder_version":"31","session":"1b16baa592b5","build":"193.5662.53","bucket":"159","time":1589929211770,"group":{"id":"settings","version":"4"},"event":{"state":true,"data":{"component":"UpdatesConfigurable","created":1589929211834,"name":"checkNeeded","type":"bool","value":false},"id":"not.default"}}
{"recorder_version":"31","session":"1b16baa592b5","build":"193.5662.53","bucket":"159","time":1589929211770,"group":{"id":"settings","version":"4"},"event":{"state":true,"data":{"component":"UpdatesConfigurable","created":1589929211834},"id":"invoked"}}
{"recorder_version":"31","session":"1b16baa592b5","build":"193.5662.53","bucket":"159","time":1589929211801,"group":{"id":"event.log","version":"31"},"event":{"count":1,"data":{"created":1589929211835,"version":"1261.0"},"id":"whitelist.loaded"}}
{"recorder_version":"31","session":"1b16baa592b5","build":"193.5662.53","bucket":"159","time":1589929211899,"group":{"id":"settings","version":"4"},"event":{"state":true,"data":{"component":"GeneralSettings","created":1589929211899,"name":"showTipsOnStartup","type":"bool","value":false},"id":"not.default"}}
{"recorder_version":"31","session":"1b16baa592b5","build":"193.5662.53","bucket":"159","time":1589929211899,"group":{"id":"settings","version":"4"},"event":{"state":true,"data":{"component":"GeneralSettings","created":1589929211900},"id":"invoked"}}
{"recorder_version":"31","session":"1b16baa592b5","build":"193.5662.53","bucket":"159","time":1589929211919,"group":{"id":"lifecycle","version":"31"},"event":{"count":1,"data":{"internal":true,"eap":false,"created":1589929211919},"id":"ide.start"}}
{"recorder_version":"31","session":"1b16baa592b5","build":"193.5662.53","bucket":"159","time":1589929212035,"group":{"id":"settings","version":"4"},"event":{"state":true,"data":{"component":"XmlEditorOptions","created":1589929212036},"id":"invoked"}}
{"recorder_version":"31","session":"1b16baa592b5","build":"193.5662.53","bucket":"159","time":1589929212626,"group":{"id":"settings","version":"4"},"event":{"state":true,"data":{"component":"VcsApplicationSettings","created":1589929212626},"id":"invoked"}}
{"recorder_version":"31","session":"1b16baa592b5","build":"193.5662.53","bucket":"159","time":1589929212626,"group":{"id":"lifecycle","version":"31"},"event":{"count":1,"data":{"created":1589929212627},"id":"frame.activated"}}
{"recorder_version":"31","session":"1b16baa592b5","build":"193.5662.53","bucket":"159","time":1589929212654,"group":{"id":"performance","version":"31"},"event":{"count":1,"data":{"duration_ms":150,"created":1589929212654},"id":"ui.latency"}}
{"recorder_version":"31","session":"1b16baa592b5","build":"193.5662.53","bucket":"159","time":1589929212654,"group":{"id":"performance","version":"31"},"event":{"count":1,"data":{"duration_ms":150,"created":1589929212655},"id":"ui.lagging"}}
{"recorder_version":"31","session":"1b16baa592b5","build":"193.5662.53","bucket":"159","time":1589929212886,"group":{"id":"ui.dialogs","version":"31"},"event":{"count":1,"data":{"created":1589929212887,"plugin_type":"PLATFORM","dialog_class":"com.intellij.openapi.progress.util.ProgressDialog$MyDialogWrapper"},"id":"show"}}
{"recorder_version":"31","session":"1b16baa592b5","build":"193.5662.53","bucket":"159","time":1589929214117,"group":{"id":"lifecycle","version":"31"},"event":{"count":1,"data":{"created":1589929214117,"project":"d119a6d897fcb33934b9adf90ec59bc9e850f90f58367fa567dc99031a6fc921"},"id":"project.opened"}}
{"recorder_version":"31","session":"1b16baa592b5","build":"193.5662.53","bucket":"159","time":1589929214588,"group":{"id":"toolwindow","version":"31"},"event":{"count":1,"data":{"created":1589929214589,"plugin_type":"PLATFORM","id":"Event_Log"},"id":"activated"}}
{"recorder_version":"31","session":"1b16baa592b5","build":"193.5662.53","bucket":"159","time":1589929215746,"group":{"id":"indexing","version":"2"},"event":{"count":1,"data":{"ide_activity_id":1,"created":1589929215747,"project":"d119a6d897fcb33934b9adf90ec59bc9e850f90f58367fa567dc99031a6fc921"},"id":"started"}}
{"recorder_version":"31","session":"1b16baa592b5","build":"193.5662.53","bucket":"159","time":1589929215774,"group":{"id":"indexing","version":"2"},"event":{"count":1,"data":{"ide_activity_id":1,"stage_class":"com.intellij.util.indexing.UnindexedFilesUpdater","created":1589929215775,"plugin_type":"PLATFORM"},"id":"stage"}}
{"recorder_version":"31","session":"1b16baa592b5","build":"193.5662.53","bucket":"159","time":1589929215947,"group":{"id":"project.fs","version":"1"},"event":{"state":true,"data":{"os":"Mac","cs-project":false,"created":1589929215948,"project":"d119a6d897fcb33934b9adf90ec59bc9e850f90f58367fa567dc99031a6fc921","cs-implicit":true,"cs-system":false},"id":"case-sensitivity"}}
{"recorder_version":"31","session":"1b16baa592b5","build":"193.5662.53","bucket":"159","time":1589929215947,"group":{"id":"project.fs","version":"1"},"event":{"state":true,"data":{"created":1589929215948},"id":"invoked"}}
{"recorder_version":"31","session":"1b16baa592b5","build":"193.5662.53","bucket":"159","time":1589929215948,"group":{"id":"project.fs","version":"1"},"event":{"state":true,"data":{"pct-non-watched":0,"created":1589929215949,"project":"d119a6d897fcb33934b9adf90ec59bc9e850f90f58367fa567dc99031a6fc921"},"id":"roots-watched"}}
{"recorder_version":"31","session":"1b16baa592b5","build":"193.5662.53","bucket":"159","time":1589929215948,"group":{"id":"project.fs","version":"1"},"event":{"state":true,"data":{"created":1589929215949},"id":"invoked"}}
{"recorder_version":"31","session":"1b16baa592b5","build":"193.5662.53","bucket":"159","time":1589929216020,"group":{"id":"ui.dialogs","version":"31"},"event":{"count":1,"data":{"code":1,"created":1589929216021,"plugin_type":"PLATFORM","dialog_class":"com.intellij.openapi.progress.util.ProgressDialog$MyDialogWrapper"},"id":"close"}}
{"recorder_version":"31","session":"1b16baa592b5","build":"193.5662.53","bucket":"159","time":1589929216121,"group":{"id":"lifecycle","version":"31"},"event":{"count":1,"data":{"duration_ms":4100,"created":1589929216121,"project":"d119a6d897fcb33934b9adf90ec59bc9e850f90f58367fa567dc99031a6fc921"},"id":"project.opening.finished"}}
{"recorder_version":"31","session":"1b16baa592b5","build":"193.5662.53","bucket":"159","time":1589929217417,"group":{"id":"indexing","version":"2"},"event":{"count":1,"data":{"duration_ms":1671,"ide_activity_id":1,"created":1589929217418},"id":"finished"}}
{"recorder_version":"31","session":"1b16baa592b5","build":"193.5662.53","bucket":"159","time":1589929217515,"group":{"id":"indexing","version":"2"},"event":{"count":1,"data":{"ide_activity_id":2,"created":1589929217515,"project":"d119a6d897fcb33934b9adf90ec59bc9e850f90f58367fa567dc99031a6fc921"},"id":"started"}}
{"recorder_version":"31","session":"1b16baa592b5","build":"193.5662.53","bucket":"159","time":1589929217527,"group":{"id":"indexing","version":"2"},"event":{"count":1,"data":{"ide_activity_id":2,"plugin":"org.jetbrains.android","stage_class":"com.android.tools.idea.res.ResourceFolderRepositoryFileCacheImpl$PruneTask","created":1589929217527,"plugin_type":"JB_BUNDLED"},"id":"stage"}}
{"recorder_version":"31","session":"1b16baa592b5","build":"193.5662.53","bucket":"159","time":1589929217569,"group":{"id":"indexing","version":"2"},"event":{"count":1,"data":{"ide_activity_id":2,"plugin":"org.jetbrains.android","stage_class":"com.android.tools.idea.res.ResourceFolderRepositoryFileCacheImpl$ManageLruProjectFilesTask","created":1589929217570,"plugin_type":"JB_BUNDLED"},"id":"stage"}}
{"recorder_version":"31","session":"1b16baa592b5","build":"193.5662.53","bucket":"159","time":1589929217595,"group":{"id":"indexing","version":"2"},"event":{"count":1,"data":{"duration_ms":80,"ide_activity_id":2,"created":1589929217596},"id":"finished"}}
{"recorder_version":"31","session":"1b16baa592b5","build":"193.5662.53","bucket":"159","time":1589929217605,"group":{"id":"indexing","version":"2"},"event":{"count":1,"data":{"ide_activity_id":3,"created":1589929217605,"project":"d119a6d897fcb33934b9adf90ec59bc9e850f90f58367fa567dc99031a6fc921"},"id":"started"}}
{"recorder_version":"31","session":"1b16baa592b5","build":"193.5662.53","bucket":"159","time":1589929217607,"group":{"id":"indexing","version":"2"},"event":{"count":1,"data":{"ide_activity_id":3,"plugin":"org.jetbrains.android","stage_class":"com.android.tools.idea.res.ResourceFolderRegistry$PopulateCachesTask","created":1589929217608,"plugin_type":"JB_BUNDLED"},"id":"stage"}}
{"recorder_version":"31","session":"1b16baa592b5","build":"193.5662.53","bucket":"159","time":1589929217610,"group":{"id":"indexing","version":"2"},"event":{"count":1,"data":{"duration_ms":5,"ide_activity_id":3,"created":1589929217610},"id":"finished"}}
{"recorder_version":"31","session":"1b16baa592b5","build":"193.5662.53","bucket":"159","time":1589929220135,"group":{"id":"actions","version":"31"},"event":{"count":1,"data":{"context_menu":true,"action_id":"third.party","created":1589929220135,"plugin_type":"NOT_LISTED","project":"d119a6d897fcb33934b9adf90ec59bc9e850f90f58367fa567dc99031a6fc921","place":"MainMenu","class":"third.party","input_event":"NoMouseButton"},"id":"action.invoked"}}
{"recorder_version":"31","session":"1b16baa592b5","build":"193.5662.53","bucket":"159","time":1589929221021,"group":{"id":"startup","version":"1"},"event":{"count":1,"data":{"duration":1603,"created":1589929221022},"id":"appInit"}}
{"recorder_version":"31","session":"1b16baa592b5","build":"193.5662.53","bucket":"159","time":1589929221021,"group":{"id":"startup","version":"1"},"event":{"count":1,"data":{"duration":380,"created":1589929221022},"id":"splash"}}
{"recorder_version":"31","session":"1b16baa592b5","build":"193.5662.53","bucket":"159","time":1589929221021,"group":{"id":"startup","version":"1"},"event":{"count":1,"data":{"duration":312,"created":1589929221022},"id":"bootstrap"}}
{"recorder_version":"31","session":"1b16baa592b5","build":"193.5662.53","bucket":"159","time":1589929221021,"group":{"id":"startup","version":"1"},"event":{"count":1,"data":{"duration":6942,"created":1589929221022},"id":"totalDuration"}}
{"recorder_version":"31","session":"1b16baa592b5","build":"193.5662.53","bucket":"159","time":1589929222927,"group":{"id":"lifecycle","version":"31"},"event":{"count":1,"data":{"created":1589929222927,"project":"d119a6d897fcb33934b9adf90ec59bc9e850f90f58367fa567dc99031a6fc921"},"id":"frame.deactivated"}}
{"recorder_version":"31","session":"1b16baa592b5","build":"193.5662.53","bucket":"159","time":1589929227075,"group":{"id":"lifecycle","version":"31"},"event":{"count":1,"data":{"created":1589929227075,"project":"d119a6d897fcb33934b9adf90ec59bc9e850f90f58367fa567dc99031a6fc921"},"id":"frame.activated"}}
{"recorder_version":"31","session":"1b16baa592b5","build":"193.5662.53","bucket":"159","time":1589929232674,"group":{"id":"ui.dialogs","version":"31"},"event":{"count":1,"data":{"created":1589929232675,"plugin_type":"PLATFORM","dialog_class":"com.intellij.openapi.ui.DialogBuilder$MyDialogWrapper"},"id":"show"}}
{"recorder_version":"31","session":"1b16baa592b5","build":"193.5662.53","bucket":"159","time":1589929237060,"group":{"id":"ui.dialogs","version":"31"},"event":{"count":1,"data":{"code":1,"created":1589929237060,"plugin_type":"PLATFORM","dialog_class":"com.intellij.openapi.ui.DialogBuilder$MyDialogWrapper"},"id":"close"}}
