{"recorder_version":"31","session":"801c6f93481f","build":"193.5662.53","bucket":"159","time":1590161012274,"group":{"id":"settings","version":"4"},"event":{"state":true,"data":{"component":"NotRoamableUiSettings","created":1590161013004},"id":"invoked"}}
{"recorder_version":"31","session":"801c6f93481f","build":"193.5662.53","bucket":"159","time":1590161012275,"group":{"id":"settings","version":"4"},"event":{"state":true,"data":{"component":"UISettings","created":1590161013008},"id":"invoked"}}
{"recorder_version":"31","session":"801c6f93481f","build":"193.5662.53","bucket":"159","time":1590161012308,"group":{"id":"system.java","version":"1"},"event":{"state":true,"data":{"created":1590161013038,"version":"validation.undefined_rule"},"id":"validation.undefined_rule"}}
{"recorder_version":"31","session":"801c6f93481f","build":"193.5662.53","bucket":"159","time":1590161012309,"group":{"id":"system.java","version":"1"},"event":{"state":true,"data":{"created":1590161013039},"id":"invoked"}}
{"recorder_version":"31","session":"801c6f93481f","build":"193.5662.53","bucket":"159","time":1590161012355,"group":{"id":"system.os","version":"3"},"event":{"state":true,"data":{"created":1590161013040,"version":"10.15"},"id":"Mac"}}
{"recorder_version":"31","session":"801c6f93481f","build":"193.5662.53","bucket":"159","time":1590161012355,"group":{"id":"system.os","version":"3"},"event":{"state":true,"data":{"created":1590161013040,"name":"Mac","version":"10.15"},"id":"os.name"}}
{"recorder_version":"31","session":"801c6f93481f","build":"193.5662.53","bucket":"159","time":1590161012356,"group":{"id":"system.os","version":"3"},"event":{"state":true,"data":{"created":1590161013042,"value":"+02_00"},"id":"os.timezone"}}
{"recorder_version":"31","session":"801c6f93481f","build":"193.5662.53","bucket":"159","time":1590161012356,"group":{"id":"system.os","version":"3"},"event":{"state":true,"data":{"created":1590161013047},"id":"invoked"}}
{"recorder_version":"31","session":"801c6f93481f","build":"193.5662.53","bucket":"159","time":1590161012627,"group":{"id":"settings","version":"4"},"event":{"state":true,"data":{"component":"UpdatesConfigurable","created":1590161013047,"name":"checkNeeded","type":"bool","value":false},"id":"not.default"}}
{"recorder_version":"31","session":"801c6f93481f","build":"193.5662.53","bucket":"159","time":1590161012627,"group":{"id":"settings","version":"4"},"event":{"state":true,"data":{"component":"UpdatesConfigurable","created":1590161013048},"id":"invoked"}}
{"recorder_version":"31","session":"801c6f93481f","build":"193.5662.53","bucket":"159","time":1590161012878,"group":{"id":"event.log","version":"31"},"event":{"count":1,"data":{"created":1590161013049,"version":"1268.0"},"id":"whitelist.loaded"}}
{"recorder_version":"31","session":"801c6f93481f","build":"193.5662.53","bucket":"159","time":1590161013017,"group":{"id":"settings","version":"4"},"event":{"state":true,"data":{"component":"GeneralSettings","created":1590161013049,"name":"showTipsOnStartup","type":"bool","value":false},"id":"not.default"}}
{"recorder_version":"31","session":"801c6f93481f","build":"193.5662.53","bucket":"159","time":1590161013027,"group":{"id":"settings","version":"4"},"event":{"state":true,"data":{"component":"GeneralSettings","created":1590161013049},"id":"invoked"}}
{"recorder_version":"31","session":"801c6f93481f","build":"193.5662.53","bucket":"159","time":1590161013058,"group":{"id":"lifecycle","version":"31"},"event":{"count":1,"data":{"internal":true,"eap":false,"created":1590161013059},"id":"ide.start"}}
{"recorder_version":"31","session":"801c6f93481f","build":"193.5662.53","bucket":"159","time":1590161013183,"group":{"id":"settings","version":"4"},"event":{"state":true,"data":{"component":"XmlEditorOptions","created":1590161013184},"id":"invoked"}}
{"recorder_version":"31","session":"801c6f93481f","build":"193.5662.53","bucket":"159","time":1590161013204,"group":{"id":"performance","version":"31"},"event":{"count":1,"data":{"duration_ms":125,"created":1590161013204},"id":"ui.latency"}}
{"recorder_version":"31","session":"801c6f93481f","build":"193.5662.53","bucket":"159","time":1590161013204,"group":{"id":"performance","version":"31"},"event":{"count":1,"data":{"duration_ms":125,"created":1590161013205},"id":"ui.lagging"}}
{"recorder_version":"31","session":"801c6f93481f","build":"193.5662.53","bucket":"159","time":1590161014799,"group":{"id":"settings","version":"4"},"event":{"state":true,"data":{"component":"VcsApplicationSettings","created":1590161014799},"id":"invoked"}}
{"recorder_version":"31","session":"801c6f93481f","build":"193.5662.53","bucket":"159","time":1590161014799,"group":{"id":"lifecycle","version":"31"},"event":{"count":1,"data":{"created":1590161014800},"id":"frame.activated"}}
{"recorder_version":"31","session":"801c6f93481f","build":"193.5662.53","bucket":"159","time":1590161014850,"group":{"id":"performance","version":"31"},"event":{"count":1,"data":{"duration_ms":777,"created":1590161014850},"id":"ui.lagging"}}
{"recorder_version":"31","session":"801c6f93481f","build":"193.5662.53","bucket":"159","time":1590161015314,"group":{"id":"ui.dialogs","version":"31"},"event":{"count":1,"data":{"created":1590161015314,"plugin_type":"PLATFORM","dialog_class":"com.intellij.openapi.progress.util.ProgressDialog$MyDialogWrapper"},"id":"show"}}
{"recorder_version":"31","session":"801c6f93481f","build":"193.5662.53","bucket":"159","time":1590161015569,"group":{"id":"performance","version":"31"},"event":{"count":1,"data":{"duration_ms":496,"created":1590161015569},"id":"ui.lagging"}}
{"recorder_version":"31","session":"801c6f93481f","build":"193.5662.53","bucket":"159","time":1590161017886,"group":{"id":"lifecycle","version":"31"},"event":{"count":1,"data":{"created":1590161017886,"project":"d119a6d897fcb33934b9adf90ec59bc9e850f90f58367fa567dc99031a6fc921"},"id":"project.opened"}}
{"recorder_version":"31","session":"801c6f93481f","build":"193.5662.53","bucket":"159","time":1590161018905,"group":{"id":"performance","version":"31"},"event":{"count":1,"data":{"duration_ms":827,"created":1590161018905},"id":"ui.lagging"}}
{"recorder_version":"31","session":"801c6f93481f","build":"193.5662.53","bucket":"159","time":1590161018935,"group":{"id":"toolwindow","version":"31"},"event":{"count":1,"data":{"created":1590161018935,"plugin_type":"PLATFORM","id":"Event_Log"},"id":"activated"}}
{"recorder_version":"31","session":"801c6f93481f","build":"193.5662.53","bucket":"159","time":1590161020255,"group":{"id":"performance","version":"31"},"event":{"count":1,"data":{"duration_ms":1175,"created":1590161020255},"id":"ui.lagging"}}
{"recorder_version":"31","session":"801c6f93481f","build":"193.5662.53","bucket":"159","time":1590161020263,"group":{"id":"performance","version":"31"},"event":{"count":1,"data":{"duration_ms":183,"created":1590161020263},"id":"ui.lagging"}}
{"recorder_version":"31","session":"801c6f93481f","build":"193.5662.53","bucket":"159","time":1590161021928,"group":{"id":"project.fs","version":"1"},"event":{"state":true,"data":{"os":"Mac","cs-project":false,"created":1590161021928,"project":"d119a6d897fcb33934b9adf90ec59bc9e850f90f58367fa567dc99031a6fc921","cs-implicit":true,"cs-system":false},"id":"case-sensitivity"}}
{"recorder_version":"31","session":"801c6f93481f","build":"193.5662.53","bucket":"159","time":1590161021928,"group":{"id":"project.fs","version":"1"},"event":{"state":true,"data":{"created":1590161021929},"id":"invoked"}}
{"recorder_version":"31","session":"801c6f93481f","build":"193.5662.53","bucket":"159","time":1590161021929,"group":{"id":"project.fs","version":"1"},"event":{"state":true,"data":{"pct-non-watched":0,"created":1590161021929,"project":"d119a6d897fcb33934b9adf90ec59bc9e850f90f58367fa567dc99031a6fc921"},"id":"roots-watched"}}
{"recorder_version":"31","session":"801c6f93481f","build":"193.5662.53","bucket":"159","time":1590161021929,"group":{"id":"project.fs","version":"1"},"event":{"state":true,"data":{"created":1590161021930},"id":"invoked"}}
{"recorder_version":"31","session":"801c6f93481f","build":"193.5662.53","bucket":"159","time":1590161022161,"group":{"id":"ui.dialogs","version":"31"},"event":{"count":1,"data":{"code":1,"created":1590161022161,"plugin_type":"PLATFORM","dialog_class":"com.intellij.openapi.progress.util.ProgressDialog$MyDialogWrapper"},"id":"close"}}
{"recorder_version":"31","session":"801c6f93481f","build":"193.5662.53","bucket":"159","time":1590161022192,"group":{"id":"performance","version":"31"},"event":{"count":1,"data":{"duration_ms":110,"created":1590161022192},"id":"ui.lagging"}}
{"recorder_version":"31","session":"801c6f93481f","build":"193.5662.53","bucket":"159","time":1590161022386,"group":{"id":"indexing","version":"2"},"event":{"count":1,"data":{"ide_activity_id":1,"created":1590161022386,"project":"d119a6d897fcb33934b9adf90ec59bc9e850f90f58367fa567dc99031a6fc921"},"id":"started"}}
{"recorder_version":"31","session":"801c6f93481f","build":"193.5662.53","bucket":"159","time":1590161022397,"group":{"id":"indexing","version":"2"},"event":{"count":1,"data":{"ide_activity_id":1,"stage_class":"com.intellij.util.indexing.UnindexedFilesUpdater","created":1590161022397,"plugin_type":"PLATFORM"},"id":"stage"}}
{"recorder_version":"31","session":"801c6f93481f","build":"193.5662.53","bucket":"159","time":1590161022533,"group":{"id":"lifecycle","version":"31"},"event":{"count":1,"data":{"duration_ms":9280,"created":1590161022534,"project":"d119a6d897fcb33934b9adf90ec59bc9e850f90f58367fa567dc99031a6fc921"},"id":"project.opening.finished"}}
{"recorder_version":"31","session":"801c6f93481f","build":"193.5662.53","bucket":"159","time":1590161026333,"group":{"id":"indexing","version":"2"},"event":{"count":1,"data":{"duration_ms":3947,"ide_activity_id":1,"created":1590161026334},"id":"finished"}}
{"recorder_version":"31","session":"801c6f93481f","build":"193.5662.53","bucket":"159","time":1590161026472,"group":{"id":"indexing","version":"2"},"event":{"count":1,"data":{"ide_activity_id":2,"created":1590161026472,"project":"d119a6d897fcb33934b9adf90ec59bc9e850f90f58367fa567dc99031a6fc921"},"id":"started"}}
{"recorder_version":"31","session":"801c6f93481f","build":"193.5662.53","bucket":"159","time":1590161026497,"group":{"id":"indexing","version":"2"},"event":{"count":1,"data":{"ide_activity_id":2,"plugin":"org.jetbrains.android","stage_class":"com.android.tools.idea.res.ResourceFolderRepositoryFileCacheImpl$PruneTask","created":1590161026499,"plugin_type":"JB_BUNDLED"},"id":"stage"}}
{"recorder_version":"31","session":"801c6f93481f","build":"193.5662.53","bucket":"159","time":1590161026546,"group":{"id":"indexing","version":"2"},"event":{"count":1,"data":{"ide_activity_id":2,"plugin":"org.jetbrains.android","stage_class":"com.android.tools.idea.res.ResourceFolderRepositoryFileCacheImpl$ManageLruProjectFilesTask","created":1590161026547,"plugin_type":"JB_BUNDLED"},"id":"stage"}}
{"recorder_version":"31","session":"801c6f93481f","build":"193.5662.53","bucket":"159","time":1590161026586,"group":{"id":"indexing","version":"2"},"event":{"count":1,"data":{"duration_ms":114,"ide_activity_id":2,"created":1590161026586},"id":"finished"}}
{"recorder_version":"31","session":"801c6f93481f","build":"193.5662.53","bucket":"159","time":1590161026608,"group":{"id":"indexing","version":"2"},"event":{"count":1,"data":{"ide_activity_id":3,"created":1590161026608,"project":"d119a6d897fcb33934b9adf90ec59bc9e850f90f58367fa567dc99031a6fc921"},"id":"started"}}
{"recorder_version":"31","session":"801c6f93481f","build":"193.5662.53","bucket":"159","time":1590161026612,"group":{"id":"indexing","version":"2"},"event":{"count":1,"data":{"ide_activity_id":3,"plugin":"org.jetbrains.android","stage_class":"com.android.tools.idea.res.ResourceFolderRegistry$PopulateCachesTask","created":1590161026613,"plugin_type":"JB_BUNDLED"},"id":"stage"}}
{"recorder_version":"31","session":"801c6f93481f","build":"193.5662.53","bucket":"159","time":1590161026615,"group":{"id":"indexing","version":"2"},"event":{"count":1,"data":{"duration_ms":7,"ide_activity_id":3,"created":1590161026616},"id":"finished"}}
{"recorder_version":"31","session":"801c6f93481f","build":"193.5662.53","bucket":"159","time":1590161027175,"group":{"id":"startup","version":"1"},"event":{"count":1,"data":{"duration":3331,"created":1590161027175},"id":"appInit"}}
{"recorder_version":"31","session":"801c6f93481f","build":"193.5662.53","bucket":"159","time":1590161027175,"group":{"id":"startup","version":"1"},"event":{"count":1,"data":{"duration":650,"created":1590161027175},"id":"splash"}}
{"recorder_version":"31","session":"801c6f93481f","build":"193.5662.53","bucket":"159","time":1590161027175,"group":{"id":"startup","version":"1"},"event":{"count":1,"data":{"duration":810,"created":1590161027176},"id":"bootstrap"}}
{"recorder_version":"31","session":"801c6f93481f","build":"193.5662.53","bucket":"159","time":1590161027175,"group":{"id":"startup","version":"1"},"event":{"count":1,"data":{"duration":14588,"created":1590161027176},"id":"totalDuration"}}
{"recorder_version":"31","session":"801c6f93481f","build":"193.5662.53","bucket":"159","time":1590161036589,"group":{"id":"actions","version":"31"},"event":{"count":1,"data":{"context_menu":true,"action_id":"third.party","created":1590161036590,"plugin_type":"NOT_LISTED","project":"d119a6d897fcb33934b9adf90ec59bc9e850f90f58367fa567dc99031a6fc921","place":"MainMenu","class":"third.party","input_event":"NoMouseButton"},"id":"action.invoked"}}
{"recorder_version":"31","session":"801c6f93481f","build":"193.5662.53","bucket":"159","time":1590161039088,"group":{"id":"ui.dialogs","version":"31"},"event":{"count":1,"data":{"created":1590161039089,"plugin_type":"NOT_LISTED","dialog_class":"third.party"},"id":"show"}}
{"recorder_version":"31","session":"801c6f93481f","build":"193.5662.53","bucket":"159","time":1590161046028,"group":{"id":"ui.dialogs","version":"31"},"event":{"count":1,"data":{"code":0,"created":1590161046029,"plugin_type":"NOT_LISTED","dialog_class":"third.party"},"id":"close"}}
{"recorder_version":"31","session":"801c6f93481f","build":"193.5662.53","bucket":"159","time":1590161047508,"group":{"id":"lifecycle","version":"31"},"event":{"count":1,"data":{"created":1590161047508,"project":"d119a6d897fcb33934b9adf90ec59bc9e850f90f58367fa567dc99031a6fc921"},"id":"frame.deactivated"}}
