{"recorder_version":"31","session":"377a199c72a9","build":"193.5662.53","bucket":"159","time":1590160687623,"group":{"id":"settings","version":"4"},"event":{"state":true,"data":{"component":"NotRoamableUiSettings","created":1590160688390},"id":"invoked"}}
{"recorder_version":"31","session":"377a199c72a9","build":"193.5662.53","bucket":"159","time":1590160687624,"group":{"id":"settings","version":"4"},"event":{"state":true,"data":{"component":"UISettings","created":1590160688398},"id":"invoked"}}
{"recorder_version":"31","session":"377a199c72a9","build":"193.5662.53","bucket":"159","time":1590160687647,"group":{"id":"system.java","version":"1"},"event":{"state":true,"data":{"created":1590160688432,"version":"validation.undefined_rule"},"id":"validation.undefined_rule"}}
{"recorder_version":"31","session":"377a199c72a9","build":"193.5662.53","bucket":"159","time":1590160687647,"group":{"id":"system.java","version":"1"},"event":{"state":true,"data":{"created":1590160688432},"id":"invoked"}}
{"recorder_version":"31","session":"377a199c72a9","build":"193.5662.53","bucket":"159","time":1590160687773,"group":{"id":"system.os","version":"3"},"event":{"state":true,"data":{"created":1590160688434,"version":"10.15"},"id":"Mac"}}
{"recorder_version":"31","session":"377a199c72a9","build":"193.5662.53","bucket":"159","time":1590160687773,"group":{"id":"system.os","version":"3"},"event":{"state":true,"data":{"created":1590160688436,"name":"Mac","version":"10.15"},"id":"os.name"}}
{"recorder_version":"31","session":"377a199c72a9","build":"193.5662.53","bucket":"159","time":1590160687773,"group":{"id":"system.os","version":"3"},"event":{"state":true,"data":{"created":1590160688438,"value":"+02_00"},"id":"os.timezone"}}
{"recorder_version":"31","session":"377a199c72a9","build":"193.5662.53","bucket":"159","time":1590160687773,"group":{"id":"system.os","version":"3"},"event":{"state":true,"data":{"created":1590160688438},"id":"invoked"}}
{"recorder_version":"31","session":"377a199c72a9","build":"193.5662.53","bucket":"159","time":1590160688302,"group":{"id":"event.log","version":"31"},"event":{"count":1,"data":{"created":1590160688439,"version":"1268.0"},"id":"whitelist.loaded"}}
{"recorder_version":"31","session":"377a199c72a9","build":"193.5662.53","bucket":"159","time":1590160688341,"group":{"id":"settings","version":"4"},"event":{"state":true,"data":{"component":"UpdatesConfigurable","created":1590160688441,"name":"checkNeeded","type":"bool","value":false},"id":"not.default"}}
{"recorder_version":"31","session":"377a199c72a9","build":"193.5662.53","bucket":"159","time":1590160688341,"group":{"id":"settings","version":"4"},"event":{"state":true,"data":{"component":"UpdatesConfigurable","created":1590160688442},"id":"invoked"}}
{"recorder_version":"31","session":"377a199c72a9","build":"193.5662.53","bucket":"159","time":1590160688680,"group":{"id":"settings","version":"4"},"event":{"state":true,"data":{"component":"GeneralSettings","created":1590160688681,"name":"showTipsOnStartup","type":"bool","value":false},"id":"not.default"}}
{"recorder_version":"31","session":"377a199c72a9","build":"193.5662.53","bucket":"159","time":1590160688681,"group":{"id":"settings","version":"4"},"event":{"state":true,"data":{"component":"GeneralSettings","created":1590160688682},"id":"invoked"}}
{"recorder_version":"31","session":"377a199c72a9","build":"193.5662.53","bucket":"159","time":1590160688867,"group":{"id":"performance","version":"31"},"event":{"count":1,"data":{"duration_ms":279,"created":1590160688868},"id":"ui.latency"}}
{"recorder_version":"31","session":"377a199c72a9","build":"193.5662.53","bucket":"159","time":1590160688867,"group":{"id":"performance","version":"31"},"event":{"count":1,"data":{"duration_ms":279,"created":1590160688869},"id":"ui.lagging"}}
{"recorder_version":"31","session":"377a199c72a9","build":"193.5662.53","bucket":"159","time":1590160688891,"group":{"id":"lifecycle","version":"31"},"event":{"count":1,"data":{"internal":true,"eap":false,"created":1590160688892},"id":"ide.start"}}
{"recorder_version":"31","session":"377a199c72a9","build":"193.5662.53","bucket":"159","time":1590160688926,"group":{"id":"settings","version":"4"},"event":{"state":true,"data":{"component":"XmlEditorOptions","created":1590160688926},"id":"invoked"}}
{"recorder_version":"31","session":"377a199c72a9","build":"193.5662.53","bucket":"159","time":1590160690752,"group":{"id":"settings","version":"4"},"event":{"state":true,"data":{"component":"VcsApplicationSettings","created":1590160690752},"id":"invoked"}}
{"recorder_version":"31","session":"377a199c72a9","build":"193.5662.53","bucket":"159","time":1590160690752,"group":{"id":"lifecycle","version":"31"},"event":{"count":1,"data":{"created":1590160690753},"id":"frame.activated"}}
{"recorder_version":"31","session":"377a199c72a9","build":"193.5662.53","bucket":"159","time":1590160690842,"group":{"id":"performance","version":"31"},"event":{"count":1,"data":{"duration_ms":1333,"created":1590160690842},"id":"ui.lagging"}}
{"recorder_version":"31","session":"377a199c72a9","build":"193.5662.53","bucket":"159","time":1590160690935,"group":{"id":"performance","version":"31"},"event":{"count":1,"data":{"duration_ms":416,"created":1590160690935},"id":"ui.lagging"}}
{"recorder_version":"31","session":"377a199c72a9","build":"193.5662.53","bucket":"159","time":1590160691047,"group":{"id":"ui.dialogs","version":"31"},"event":{"count":1,"data":{"created":1590160691048,"plugin_type":"PLATFORM","dialog_class":"com.intellij.openapi.progress.util.ProgressDialog$MyDialogWrapper"},"id":"show"}}
{"recorder_version":"31","session":"377a199c72a9","build":"193.5662.53","bucket":"159","time":1590160693369,"group":{"id":"lifecycle","version":"31"},"event":{"count":1,"data":{"created":1590160693369,"project":"d119a6d897fcb33934b9adf90ec59bc9e850f90f58367fa567dc99031a6fc921"},"id":"project.opened"}}
{"recorder_version":"31","session":"377a199c72a9","build":"193.5662.53","bucket":"159","time":1590160694141,"group":{"id":"performance","version":"31"},"event":{"count":1,"data":{"duration_ms":621,"created":1590160694141},"id":"ui.lagging"}}
{"recorder_version":"31","session":"377a199c72a9","build":"193.5662.53","bucket":"159","time":1590160694164,"group":{"id":"toolwindow","version":"31"},"event":{"count":1,"data":{"created":1590160694164,"plugin_type":"PLATFORM","id":"Event_Log"},"id":"activated"}}
{"recorder_version":"31","session":"377a199c72a9","build":"193.5662.53","bucket":"159","time":1590160695159,"group":{"id":"performance","version":"31"},"event":{"count":1,"data":{"duration_ms":639,"created":1590160695160},"id":"ui.lagging"}}
{"recorder_version":"31","session":"377a199c72a9","build":"193.5662.53","bucket":"159","time":1590160695797,"group":{"id":"performance","version":"31"},"event":{"count":1,"data":{"duration_ms":275,"created":1590160695797},"id":"ui.lagging"}}
{"recorder_version":"31","session":"377a199c72a9","build":"193.5662.53","bucket":"159","time":1590160696327,"group":{"id":"project.fs","version":"1"},"event":{"state":true,"data":{"os":"Mac","cs-project":false,"created":1590160696327,"project":"d119a6d897fcb33934b9adf90ec59bc9e850f90f58367fa567dc99031a6fc921","cs-implicit":true,"cs-system":false},"id":"case-sensitivity"}}
{"recorder_version":"31","session":"377a199c72a9","build":"193.5662.53","bucket":"159","time":1590160696327,"group":{"id":"project.fs","version":"1"},"event":{"state":true,"data":{"created":1590160696328},"id":"invoked"}}
{"recorder_version":"31","session":"377a199c72a9","build":"193.5662.53","bucket":"159","time":1590160696328,"group":{"id":"project.fs","version":"1"},"event":{"state":true,"data":{"pct-non-watched":0,"created":1590160696328,"project":"d119a6d897fcb33934b9adf90ec59bc9e850f90f58367fa567dc99031a6fc921"},"id":"roots-watched"}}
{"recorder_version":"31","session":"377a199c72a9","build":"193.5662.53","bucket":"159","time":1590160696328,"group":{"id":"project.fs","version":"1"},"event":{"state":true,"data":{"created":1590160696329},"id":"invoked"}}
{"recorder_version":"31","session":"377a199c72a9","build":"193.5662.53","bucket":"159","time":1590160696502,"group":{"id":"ui.dialogs","version":"31"},"event":{"count":1,"data":{"code":1,"created":1590160696502,"plugin_type":"PLATFORM","dialog_class":"com.intellij.openapi.progress.util.ProgressDialog$MyDialogWrapper"},"id":"close"}}
{"recorder_version":"31","session":"377a199c72a9","build":"193.5662.53","bucket":"159","time":1590160696753,"group":{"id":"indexing","version":"2"},"event":{"count":1,"data":{"ide_activity_id":1,"created":1590160696753,"project":"d119a6d897fcb33934b9adf90ec59bc9e850f90f58367fa567dc99031a6fc921"},"id":"started"}}
{"recorder_version":"31","session":"377a199c72a9","build":"193.5662.53","bucket":"159","time":1590160696819,"group":{"id":"indexing","version":"2"},"event":{"count":1,"data":{"ide_activity_id":1,"stage_class":"com.intellij.util.indexing.UnindexedFilesUpdater","created":1590160696820,"plugin_type":"PLATFORM"},"id":"stage"}}
{"recorder_version":"31","session":"377a199c72a9","build":"193.5662.53","bucket":"159","time":1590160696831,"group":{"id":"lifecycle","version":"31"},"event":{"count":1,"data":{"duration_ms":7496,"created":1590160696831,"project":"d119a6d897fcb33934b9adf90ec59bc9e850f90f58367fa567dc99031a6fc921"},"id":"project.opening.finished"}}
{"recorder_version":"31","session":"377a199c72a9","build":"193.5662.53","bucket":"159","time":1590160699809,"group":{"id":"indexing","version":"2"},"event":{"count":1,"data":{"duration_ms":3056,"ide_activity_id":1,"created":1590160699810},"id":"finished"}}
{"recorder_version":"31","session":"377a199c72a9","build":"193.5662.53","bucket":"159","time":1590160699920,"group":{"id":"indexing","version":"2"},"event":{"count":1,"data":{"ide_activity_id":2,"created":1590160699921,"project":"d119a6d897fcb33934b9adf90ec59bc9e850f90f58367fa567dc99031a6fc921"},"id":"started"}}
{"recorder_version":"31","session":"377a199c72a9","build":"193.5662.53","bucket":"159","time":1590160699939,"group":{"id":"indexing","version":"2"},"event":{"count":1,"data":{"ide_activity_id":2,"plugin":"org.jetbrains.android","stage_class":"com.android.tools.idea.res.ResourceFolderRepositoryFileCacheImpl$PruneTask","created":1590160699941,"plugin_type":"JB_BUNDLED"},"id":"stage"}}
{"recorder_version":"31","session":"377a199c72a9","build":"193.5662.53","bucket":"159","time":1590160699988,"group":{"id":"indexing","version":"2"},"event":{"count":1,"data":{"ide_activity_id":2,"plugin":"org.jetbrains.android","stage_class":"com.android.tools.idea.res.ResourceFolderRepositoryFileCacheImpl$ManageLruProjectFilesTask","created":1590160699989,"plugin_type":"JB_BUNDLED"},"id":"stage"}}
{"recorder_version":"31","session":"377a199c72a9","build":"193.5662.53","bucket":"159","time":1590160700017,"group":{"id":"indexing","version":"2"},"event":{"count":1,"data":{"duration_ms":97,"ide_activity_id":2,"created":1590160700018},"id":"finished"}}
{"recorder_version":"31","session":"377a199c72a9","build":"193.5662.53","bucket":"159","time":1590160700032,"group":{"id":"indexing","version":"2"},"event":{"count":1,"data":{"ide_activity_id":3,"created":1590160700032,"project":"d119a6d897fcb33934b9adf90ec59bc9e850f90f58367fa567dc99031a6fc921"},"id":"started"}}
{"recorder_version":"31","session":"377a199c72a9","build":"193.5662.53","bucket":"159","time":1590160700034,"group":{"id":"indexing","version":"2"},"event":{"count":1,"data":{"ide_activity_id":3,"plugin":"org.jetbrains.android","stage_class":"com.android.tools.idea.res.ResourceFolderRegistry$PopulateCachesTask","created":1590160700035,"plugin_type":"JB_BUNDLED"},"id":"stage"}}
{"recorder_version":"31","session":"377a199c72a9","build":"193.5662.53","bucket":"159","time":1590160700037,"group":{"id":"indexing","version":"2"},"event":{"count":1,"data":{"duration_ms":5,"ide_activity_id":3,"created":1590160700037},"id":"finished"}}
{"recorder_version":"31","session":"377a199c72a9","build":"193.5662.53","bucket":"159","time":1590160701509,"group":{"id":"startup","version":"1"},"event":{"count":1,"data":{"duration":4463,"created":1590160701509},"id":"appInit"}}
{"recorder_version":"31","session":"377a199c72a9","build":"193.5662.53","bucket":"159","time":1590160701509,"group":{"id":"startup","version":"1"},"event":{"count":1,"data":{"duration":1254,"created":1590160701510},"id":"splash"}}
{"recorder_version":"31","session":"377a199c72a9","build":"193.5662.53","bucket":"159","time":1590160701509,"group":{"id":"startup","version":"1"},"event":{"count":1,"data":{"duration":1038,"created":1590160701510},"id":"bootstrap"}}
{"recorder_version":"31","session":"377a199c72a9","build":"193.5662.53","bucket":"159","time":1590160701509,"group":{"id":"startup","version":"1"},"event":{"count":1,"data":{"duration":15266,"created":1590160701510},"id":"totalDuration"}}
{"recorder_version":"31","session":"377a199c72a9","build":"193.5662.53","bucket":"159","time":1590160701926,"group":{"id":"actions","version":"31"},"event":{"count":1,"data":{"context_menu":true,"action_id":"third.party","created":1590160701926,"plugin_type":"NOT_LISTED","project":"d119a6d897fcb33934b9adf90ec59bc9e850f90f58367fa567dc99031a6fc921","place":"MainMenu","class":"third.party","input_event":"NoMouseButton"},"id":"action.invoked"}}
{"recorder_version":"31","session":"377a199c72a9","build":"193.5662.53","bucket":"159","time":1590160703409,"group":{"id":"ui.dialogs","version":"31"},"event":{"count":1,"data":{"created":1590160703410,"plugin_type":"NOT_LISTED","dialog_class":"third.party"},"id":"show"}}
{"recorder_version":"31","session":"377a199c72a9","build":"193.5662.53","bucket":"159","time":1590160708588,"group":{"id":"ui.dialogs","version":"31"},"event":{"count":1,"data":{"code":0,"created":1590160708588,"plugin_type":"NOT_LISTED","dialog_class":"third.party"},"id":"close"}}
{"recorder_version":"31","session":"377a199c72a9","build":"193.5662.53","bucket":"159","time":1590160709742,"group":{"id":"lifecycle","version":"31"},"event":{"count":1,"data":{"created":1590160709742,"project":"d119a6d897fcb33934b9adf90ec59bc9e850f90f58367fa567dc99031a6fc921"},"id":"frame.deactivated"}}
{"recorder_version":"31","session":"377a199c72a9","build":"193.5662.53","bucket":"159","time":1590160789747,"group":{"id":"performance","version":"31"},"event":{"count":1,"data":{"duration_ms":0,"created":1590160789748},"id":"ui.latency"}}
{"recorder_version":"31","session":"377a199c72a9","build":"193.5662.53","bucket":"159","time":1590160889945,"group":{"id":"performance","version":"31"},"event":{"count":1,"data":{"duration_ms":0,"created":1590160889945},"id":"ui.latency"}}
{"recorder_version":"31","session":"377a199c72a9","build":"193.5662.53","bucket":"159","time":1590160988870,"group":{"id":"kotlin.ide.j2k","version":"1"},"event":{"count":1,"data":{"created":1590160988870},"id":"registered"}}
{"recorder_version":"31","session":"377a199c72a9","build":"193.5662.53","bucket":"159","time":1590160988870,"group":{"id":"java.find.usages","version":"1"},"event":{"count":1,"data":{"created":1590160988871},"id":"registered"}}
{"recorder_version":"31","session":"377a199c72a9","build":"193.5662.53","bucket":"159","time":1590160988870,"group":{"id":"file.types.usage","version":"31"},"event":{"count":1,"data":{"created":1590160988871},"id":"registered"}}
{"recorder_version":"31","session":"377a199c72a9","build":"193.5662.53","bucket":"159","time":1590160988870,"group":{"id":"ide.script.engine","version":"2"},"event":{"count":1,"data":{"created":1590160988871},"id":"registered"}}
{"recorder_version":"31","session":"377a199c72a9","build":"193.5662.53","bucket":"159","time":1590160988870,"group":{"id":"live.templates","version":"31"},"event":{"count":1,"data":{"created":1590160988871},"id":"registered"}}
{"recorder_version":"31","session":"377a199c72a9","build":"193.5662.53","bucket":"159","time":1590160988870,"group":{"id":"ide.self.update","version":"2"},"event":{"count":1,"data":{"created":1590160988871},"id":"registered"}}
{"recorder_version":"31","session":"377a199c72a9","build":"193.5662.53","bucket":"159","time":1590160988870,"group":{"id":"lifecycle","version":"31"},"event":{"count":1,"data":{"created":1590160988871},"id":"registered"}}
{"recorder_version":"31","session":"377a199c72a9","build":"193.5662.53","bucket":"159","time":1590160988870,"group":{"id":"vcs.diff.trigger","version":"1"},"event":{"count":1,"data":{"created":1590160988871},"id":"registered"}}
{"recorder_version":"31","session":"377a199c72a9","build":"193.5662.53","bucket":"159","time":1590160988870,"group":{"id":"debugger.breakpoints.usage","version":"2"},"event":{"count":1,"data":{"created":1590160988871},"id":"registered"}}
{"recorder_version":"31","session":"377a199c72a9","build":"193.5662.53","bucket":"159","time":1590160988870,"group":{"id":"kotlin.gradle.library","version":"1"},"event":{"count":1,"data":{"created":1590160988872},"id":"registered"}}
{"recorder_version":"31","session":"377a199c72a9","build":"193.5662.53","bucket":"159","time":1590160988870,"group":{"id":"startup","version":"1"},"event":{"count":1,"data":{"created":1590160988872},"id":"registered"}}
{"recorder_version":"31","session":"377a199c72a9","build":"193.5662.53","bucket":"159","time":1590160988870,"group":{"id":"find","version":"2"},"event":{"count":1,"data":{"created":1590160988872},"id":"registered"}}
{"recorder_version":"31","session":"377a199c72a9","build":"193.5662.53","bucket":"159","time":1590160988870,"group":{"id":"kotlin.gradle.target","version":"2"},"event":{"count":1,"data":{"created":1590160988872},"id":"registered"}}
{"recorder_version":"31","session":"377a199c72a9","build":"193.5662.53","bucket":"159","time":1590160988870,"group":{"id":"gutter.icon.click","version":"2"},"event":{"count":1,"data":{"created":1590160988872},"id":"registered"}}
{"recorder_version":"31","session":"377a199c72a9","build":"193.5662.53","bucket":"159","time":1590160988870,"group":{"id":"shell.script","version":"1"},"event":{"count":1,"data":{"created":1590160988872},"id":"registered"}}
{"recorder_version":"31","session":"377a199c72a9","build":"193.5662.53","bucket":"159","time":1590160988870,"group":{"id":"new.project.wizard","version":"1"},"event":{"count":1,"data":{"created":1590160988872},"id":"registered"}}
{"recorder_version":"31","session":"377a199c72a9","build":"193.5662.53","bucket":"159","time":1590160988870,"group":{"id":"kotlin.ide.npwizards","version":"1"},"event":{"count":1,"data":{"created":1590160988872},"id":"registered"}}
{"recorder_version":"31","session":"377a199c72a9","build":"193.5662.53","bucket":"159","time":1590160988870,"group":{"id":"intentions","version":"31"},"event":{"count":1,"data":{"created":1590160988872},"id":"registered"}}
{"recorder_version":"31","session":"377a199c72a9","build":"193.5662.53","bucket":"159","time":1590160988870,"group":{"id":"settings.repository","version":"1"},"event":{"count":1,"data":{"created":1590160988872},"id":"registered"}}
{"recorder_version":"31","session":"377a199c72a9","build":"193.5662.53","bucket":"159","time":1590160988870,"group":{"id":"vcs.change.reminder","version":"2"},"event":{"count":1,"data":{"created":1590160988872},"id":"registered"}}
{"recorder_version":"31","session":"377a199c72a9","build":"193.5662.53","bucket":"159","time":1590160988870,"group":{"id":"create.directory.dialog","version":"1"},"event":{"count":1,"data":{"created":1590160988872},"id":"registered"}}
{"recorder_version":"31","session":"377a199c72a9","build":"193.5662.53","bucket":"159","time":1590160988870,"group":{"id":"kotlin.maven.target","version":"3"},"event":{"count":1,"data":{"created":1590160988872},"id":"registered"}}
{"recorder_version":"31","session":"377a199c72a9","build":"193.5662.53","bucket":"159","time":1590160988870,"group":{"id":"json.schema","version":"1"},"event":{"count":1,"data":{"created":1590160988872},"id":"registered"}}
{"recorder_version":"31","session":"377a199c72a9","build":"193.5662.53","bucket":"159","time":1590160988870,"group":{"id":"terminalShell","version":"1"},"event":{"count":1,"data":{"created":1590160988872},"id":"registered"}}
{"recorder_version":"31","session":"377a199c72a9","build":"193.5662.53","bucket":"159","time":1590160988870,"group":{"id":"rename.refactoring","version":"1"},"event":{"count":1,"data":{"created":1590160988873},"id":"registered"}}
{"recorder_version":"31","session":"377a199c72a9","build":"193.5662.53","bucket":"159","time":1590160988870,"group":{"id":"build.ant.actions","version":"1"},"event":{"count":1,"data":{"created":1590160988873},"id":"registered"}}
{"recorder_version":"31","session":"377a199c72a9","build":"193.5662.53","bucket":"159","time":1590160988870,"group":{"id":"actions","version":"31"},"event":{"count":1,"data":{"created":1590160988873},"id":"registered"}}
{"recorder_version":"31","session":"377a199c72a9","build":"193.5662.53","bucket":"159","time":1590160988870,"group":{"id":"kotlin.ide.editor","version":"1"},"event":{"count":1,"data":{"created":1590160988873},"id":"registered"}}
{"recorder_version":"31","session":"377a199c72a9","build":"193.5662.53","bucket":"159","time":1590160988870,"group":{"id":"event.log","version":"31"},"event":{"count":1,"data":{"created":1590160988873},"id":"registered"}}
{"recorder_version":"31","session":"377a199c72a9","build":"193.5662.53","bucket":"159","time":1590160988870,"group":{"id":"run.configuration.exec","version":"31"},"event":{"count":1,"data":{"created":1590160988873},"id":"registered"}}
{"recorder_version":"31","session":"377a199c72a9","build":"193.5662.53","bucket":"159","time":1590160988870,"group":{"id":"build.tools.actions","version":"1"},"event":{"count":1,"data":{"created":1590160988873},"id":"registered"}}
{"recorder_version":"31","session":"377a199c72a9","build":"193.5662.53","bucket":"159","time":1590160988870,"group":{"id":"file.editor","version":"2"},"event":{"count":1,"data":{"created":1590160988873},"id":"registered"}}
{"recorder_version":"31","session":"377a199c72a9","build":"193.5662.53","bucket":"159","time":1590160988870,"group":{"id":"vfs","version":"2"},"event":{"count":1,"data":{"created":1590160988873},"id":"registered"}}
{"recorder_version":"31","session":"377a199c72a9","build":"193.5662.53","bucket":"159","time":1590160988870,"group":{"id":"project.import","version":"2"},"event":{"count":1,"data":{"created":1590160988873},"id":"registered"}}
{"recorder_version":"31","session":"377a199c72a9","build":"193.5662.53","bucket":"159","time":1590160988870,"group":{"id":"actions.runAnything","version":"1"},"event":{"count":1,"data":{"created":1590160988873},"id":"registered"}}
{"recorder_version":"31","session":"377a199c72a9","build":"193.5662.53","bucket":"159","time":1590160988870,"group":{"id":"toolwindow","version":"31"},"event":{"count":1,"data":{"created":1590160988873},"id":"registered"}}
{"recorder_version":"31","session":"377a199c72a9","build":"193.5662.53","bucket":"159","time":1590160988870,"group":{"id":"kotlin.ide.newFileTempl","version":"1"},"event":{"count":1,"data":{"created":1590160988873},"id":"registered"}}
{"recorder_version":"31","session":"377a199c72a9","build":"193.5662.53","bucket":"159","time":1590160988870,"group":{"id":"ui.settings","version":"31"},"event":{"count":1,"data":{"created":1590160988873},"id":"registered"}}
{"recorder_version":"31","session":"377a199c72a9","build":"193.5662.53","bucket":"159","time":1590160988870,"group":{"id":"vcs.log.trigger","version":"2"},"event":{"count":1,"data":{"created":1590160988873},"id":"registered"}}
{"recorder_version":"31","session":"377a199c72a9","build":"193.5662.53","bucket":"159","time":1590160988870,"group":{"id":"productivity","version":"31"},"event":{"count":1,"data":{"created":1590160988873},"id":"registered"}}
{"recorder_version":"31","session":"377a199c72a9","build":"193.5662.53","bucket":"159","time":1590160988870,"group":{"id":"build.maven.actions","version":"1"},"event":{"count":1,"data":{"created":1590160988874},"id":"registered"}}
{"recorder_version":"31","session":"377a199c72a9","build":"193.5662.53","bucket":"159","time":1590160988870,"group":{"id":"ui.event","version":"3"},"event":{"count":1,"data":{"created":1590160988874},"id":"registered"}}
{"recorder_version":"31","session":"377a199c72a9","build":"193.5662.53","bucket":"159","time":1590160988870,"group":{"id":"plugins.advertiser","version":"1"},"event":{"count":1,"data":{"created":1590160988874},"id":"registered"}}
{"recorder_version":"31","session":"377a199c72a9","build":"193.5662.53","bucket":"159","time":1590160988870,"group":{"id":"editor.notification.panel","version":"1"},"event":{"count":1,"data":{"created":1590160988874},"id":"registered"}}
{"recorder_version":"31","session":"377a199c72a9","build":"193.5662.53","bucket":"159","time":1590160988870,"group":{"id":"kotlin.ide.debugger","version":"2"},"event":{"count":1,"data":{"created":1590160988874},"id":"registered"}}
{"recorder_version":"31","session":"377a199c72a9","build":"193.5662.53","bucket":"159","time":1590160988870,"group":{"id":"tooltip.action.events","version":"1"},"event":{"count":1,"data":{"created":1590160988874},"id":"registered"}}
{"recorder_version":"31","session":"377a199c72a9","build":"193.5662.53","bucket":"159","time":1590160988870,"group":{"id":"completion","version":"1"},"event":{"count":1,"data":{"created":1590160988874},"id":"registered"}}
{"recorder_version":"31","session":"377a199c72a9","build":"193.5662.53","bucket":"159","time":1590160988870,"group":{"id":"indexing","version":"2"},"event":{"count":1,"data":{"created":1590160988874},"id":"registered"}}
{"recorder_version":"31","session":"377a199c72a9","build":"193.5662.53","bucket":"159","time":1590160988870,"group":{"id":"vcs","version":"2"},"event":{"count":1,"data":{"created":1590160988874},"id":"registered"}}
{"recorder_version":"31","session":"377a199c72a9","build":"193.5662.53","bucket":"159","time":1590160988870,"group":{"id":"ui.dialogs","version":"31"},"event":{"count":1,"data":{"created":1590160988874},"id":"registered"}}
{"recorder_version":"31","session":"377a199c72a9","build":"193.5662.53","bucket":"159","time":1590160988870,"group":{"id":"vcs.back.forward.trigger","version":"1"},"event":{"count":1,"data":{"created":1590160988874},"id":"registered"}}
{"recorder_version":"31","session":"377a199c72a9","build":"193.5662.53","bucket":"159","time":1590160988870,"group":{"id":"customize.wizard","version":"1"},"event":{"count":1,"data":{"created":1590160988874},"id":"registered"}}
{"recorder_version":"31","session":"377a199c72a9","build":"193.5662.53","bucket":"159","time":1590160988870,"group":{"id":"ide.update.dialog","version":"1"},"event":{"count":1,"data":{"created":1590160988874},"id":"registered"}}
{"recorder_version":"31","session":"377a199c72a9","build":"193.5662.53","bucket":"159","time":1590160988870,"group":{"id":"toolbar","version":"31"},"event":{"count":1,"data":{"created":1590160988874},"id":"registered"}}
{"recorder_version":"31","session":"377a199c72a9","build":"193.5662.53","bucket":"159","time":1590160988870,"group":{"id":"build.gradle.actions","version":"1"},"event":{"count":1,"data":{"created":1590160988874},"id":"registered"}}
{"recorder_version":"31","session":"377a199c72a9","build":"193.5662.53","bucket":"159","time":1590160988870,"group":{"id":"performance","version":"31"},"event":{"count":1,"data":{"created":1590160988874},"id":"registered"}}
{"recorder_version":"31","session":"377a199c72a9","build":"193.5662.53","bucket":"159","time":1590160988870,"group":{"id":"build","version":"2"},"event":{"count":1,"data":{"created":1590160988874},"id":"registered"}}
{"recorder_version":"31","session":"377a199c72a9","build":"193.5662.53","bucket":"159","time":1590160988870,"group":{"id":"searchEverywhere","version":"2"},"event":{"count":1,"data":{"created":1590160988874},"id":"registered"}}
{"recorder_version":"31","session":"377a199c72a9","build":"193.5662.53","bucket":"159","time":1590160988870,"group":{"id":"kotlin.ide.action.refactoring","version":"1"},"event":{"count":1,"data":{"created":1590160988875},"id":"registered"}}
{"recorder_version":"31","session":"377a199c72a9","build":"193.5662.53","bucket":"159","time":1590160988870,"group":{"id":"ui.tips","version":"3"},"event":{"count":1,"data":{"created":1590160988875},"id":"registered"}}
{"recorder_version":"31","session":"377a199c72a9","build":"193.5662.53","bucket":"159","time":1590160988870,"group":{"id":"surround.with","version":"2"},"event":{"count":1,"data":{"created":1590160988875},"id":"registered"}}
{"recorder_version":"31","session":"377a199c72a9","build":"193.5662.53","bucket":"159","time":1590160988870,"group":{"id":"import.old.config","version":"3"},"event":{"count":1,"data":{"created":1590160988875},"id":"registered"}}
{"recorder_version":"31","session":"377a199c72a9","build":"193.5662.53","bucket":"159","time":1590160988870,"group":{"id":"kotlin.jps.target","version":"3"},"event":{"count":1,"data":{"created":1590160988875},"id":"registered"}}
{"recorder_version":"31","session":"377a199c72a9","build":"193.5662.53","bucket":"159","time":1590160988870,"group":{"id":"completion.postfix","version":"31"},"event":{"count":1,"data":{"created":1590160988875},"id":"registered"}}
{"recorder_version":"31","session":"377a199c72a9","build":"193.5662.53","bucket":"159","time":1590160988870,"group":{"id":"build.maven.packagesearch","version":"2"},"event":{"count":1,"data":{"created":1590160988875},"id":"registered"}}
