{"recorder_version":"31","session":"47ad8e14dc84","build":"193.5662.53","bucket":"159","time":1590250963043,"group":{"id":"settings","version":"4"},"event":{"state":true,"data":{"component":"UISettings","created":1590250963483},"id":"invoked"}}
{"recorder_version":"31","session":"47ad8e14dc84","build":"193.5662.53","bucket":"159","time":1590250963045,"group":{"id":"settings","version":"4"},"event":{"state":true,"data":{"component":"NotRoamableUiSettings","created":1590250963491},"id":"invoked"}}
{"recorder_version":"31","session":"47ad8e14dc84","build":"193.5662.53","bucket":"159","time":1590250963054,"group":{"id":"system.java","version":"1"},"event":{"state":true,"data":{"created":1590250963510,"version":"validation.undefined_rule"},"id":"validation.undefined_rule"}}
{"recorder_version":"31","session":"47ad8e14dc84","build":"193.5662.53","bucket":"159","time":1590250963054,"group":{"id":"system.java","version":"1"},"event":{"state":true,"data":{"created":1590250963516},"id":"invoked"}}
{"recorder_version":"31","session":"47ad8e14dc84","build":"193.5662.53","bucket":"159","time":1590250963079,"group":{"id":"system.os","version":"3"},"event":{"state":true,"data":{"created":1590250963517,"version":"10.15"},"id":"Mac"}}
{"recorder_version":"31","session":"47ad8e14dc84","build":"193.5662.53","bucket":"159","time":1590250963079,"group":{"id":"system.os","version":"3"},"event":{"state":true,"data":{"created":1590250963519,"name":"Mac","version":"10.15"},"id":"os.name"}}
{"recorder_version":"31","session":"47ad8e14dc84","build":"193.5662.53","bucket":"159","time":1590250963079,"group":{"id":"system.os","version":"3"},"event":{"state":true,"data":{"created":1590250963520,"value":"+02_00"},"id":"os.timezone"}}
{"recorder_version":"31","session":"47ad8e14dc84","build":"193.5662.53","bucket":"159","time":1590250963079,"group":{"id":"system.os","version":"3"},"event":{"state":true,"data":{"created":1590250963520},"id":"invoked"}}
{"recorder_version":"31","session":"47ad8e14dc84","build":"193.5662.53","bucket":"159","time":1590250963235,"group":{"id":"settings","version":"4"},"event":{"state":true,"data":{"component":"UpdatesConfigurable","created":1590250963520,"name":"checkNeeded","type":"bool","value":false},"id":"not.default"}}
{"recorder_version":"31","session":"47ad8e14dc84","build":"193.5662.53","bucket":"159","time":1590250963235,"group":{"id":"settings","version":"4"},"event":{"state":true,"data":{"component":"UpdatesConfigurable","created":1590250963521},"id":"invoked"}}
{"recorder_version":"31","session":"47ad8e14dc84","build":"193.5662.53","bucket":"159","time":1590250963438,"group":{"id":"event.log","version":"31"},"event":{"count":1,"data":{"created":1590250963523,"version":"1268.0"},"id":"whitelist.loaded"}}
{"recorder_version":"31","session":"47ad8e14dc84","build":"193.5662.53","bucket":"159","time":1590250963539,"group":{"id":"settings","version":"4"},"event":{"state":true,"data":{"component":"GeneralSettings","created":1590250963540,"name":"showTipsOnStartup","type":"bool","value":false},"id":"not.default"}}
{"recorder_version":"31","session":"47ad8e14dc84","build":"193.5662.53","bucket":"159","time":1590250963539,"group":{"id":"settings","version":"4"},"event":{"state":true,"data":{"component":"GeneralSettings","created":1590250963541},"id":"invoked"}}
{"recorder_version":"31","session":"47ad8e14dc84","build":"193.5662.53","bucket":"159","time":1590250963559,"group":{"id":"lifecycle","version":"31"},"event":{"count":1,"data":{"internal":true,"eap":false,"created":1590250963560},"id":"ide.start"}}
{"recorder_version":"31","session":"47ad8e14dc84","build":"193.5662.53","bucket":"159","time":1590250963662,"group":{"id":"settings","version":"4"},"event":{"state":true,"data":{"component":"XmlEditorOptions","created":1590250963662},"id":"invoked"}}
{"recorder_version":"31","session":"47ad8e14dc84","build":"193.5662.53","bucket":"159","time":1590250964747,"group":{"id":"settings","version":"4"},"event":{"state":true,"data":{"component":"VcsApplicationSettings","created":1590250964747},"id":"invoked"}}
{"recorder_version":"31","session":"47ad8e14dc84","build":"193.5662.53","bucket":"159","time":1590250964747,"group":{"id":"lifecycle","version":"31"},"event":{"count":1,"data":{"created":1590250964748},"id":"frame.activated"}}
{"recorder_version":"31","session":"47ad8e14dc84","build":"193.5662.53","bucket":"159","time":1590250964787,"group":{"id":"performance","version":"31"},"event":{"count":1,"data":{"duration_ms":925,"created":1590250964788},"id":"ui.latency"}}
{"recorder_version":"31","session":"47ad8e14dc84","build":"193.5662.53","bucket":"159","time":1590250964788,"group":{"id":"performance","version":"31"},"event":{"count":1,"data":{"duration_ms":925,"created":1590250964788},"id":"ui.lagging"}}
{"recorder_version":"31","session":"47ad8e14dc84","build":"193.5662.53","bucket":"159","time":1590250965106,"group":{"id":"ui.dialogs","version":"31"},"event":{"count":1,"data":{"created":1590250965107,"plugin_type":"PLATFORM","dialog_class":"com.intellij.openapi.progress.util.ProgressDialog$MyDialogWrapper"},"id":"show"}}
{"recorder_version":"31","session":"47ad8e14dc84","build":"193.5662.53","bucket":"159","time":1590250965344,"group":{"id":"performance","version":"31"},"event":{"count":1,"data":{"duration_ms":486,"created":1590250965344},"id":"ui.lagging"}}
{"recorder_version":"31","session":"47ad8e14dc84","build":"193.5662.53","bucket":"159","time":1590250967012,"group":{"id":"lifecycle","version":"31"},"event":{"count":1,"data":{"created":1590250967012,"project":"d119a6d897fcb33934b9adf90ec59bc9e850f90f58367fa567dc99031a6fc921"},"id":"project.opened"}}
{"recorder_version":"31","session":"47ad8e14dc84","build":"193.5662.53","bucket":"159","time":1590250967614,"group":{"id":"performance","version":"31"},"event":{"count":1,"data":{"duration_ms":755,"created":1590250967614},"id":"ui.lagging"}}
{"recorder_version":"31","session":"47ad8e14dc84","build":"193.5662.53","bucket":"159","time":1590250967824,"group":{"id":"toolwindow","version":"31"},"event":{"count":1,"data":{"created":1590250967824,"plugin_type":"PLATFORM","id":"Event_Log"},"id":"activated"}}
{"recorder_version":"31","session":"47ad8e14dc84","build":"193.5662.53","bucket":"159","time":1590250968822,"group":{"id":"performance","version":"31"},"event":{"count":1,"data":{"duration_ms":961,"created":1590250968822},"id":"ui.lagging"}}
{"recorder_version":"31","session":"47ad8e14dc84","build":"193.5662.53","bucket":"159","time":1590250969432,"group":{"id":"performance","version":"31"},"event":{"count":1,"data":{"duration_ms":570,"created":1590250969432},"id":"ui.lagging"}}
{"recorder_version":"31","session":"47ad8e14dc84","build":"193.5662.53","bucket":"159","time":1590250970074,"group":{"id":"performance","version":"31"},"event":{"count":1,"data":{"duration_ms":210,"created":1590250970075},"id":"ui.lagging"}}
{"recorder_version":"31","session":"47ad8e14dc84","build":"193.5662.53","bucket":"159","time":1590250970184,"group":{"id":"indexing","version":"2"},"event":{"count":1,"data":{"ide_activity_id":1,"created":1590250970184,"project":"d119a6d897fcb33934b9adf90ec59bc9e850f90f58367fa567dc99031a6fc921"},"id":"started"}}
{"recorder_version":"31","session":"47ad8e14dc84","build":"193.5662.53","bucket":"159","time":1590250970191,"group":{"id":"project.fs","version":"1"},"event":{"state":true,"data":{"os":"Mac","cs-project":false,"created":1590250970191,"project":"d119a6d897fcb33934b9adf90ec59bc9e850f90f58367fa567dc99031a6fc921","cs-implicit":true,"cs-system":false},"id":"case-sensitivity"}}
{"recorder_version":"31","session":"47ad8e14dc84","build":"193.5662.53","bucket":"159","time":1590250970191,"group":{"id":"project.fs","version":"1"},"event":{"state":true,"data":{"created":1590250970191},"id":"invoked"}}
{"recorder_version":"31","session":"47ad8e14dc84","build":"193.5662.53","bucket":"159","time":1590250970191,"group":{"id":"project.fs","version":"1"},"event":{"state":true,"data":{"pct-non-watched":0,"created":1590250970192,"project":"d119a6d897fcb33934b9adf90ec59bc9e850f90f58367fa567dc99031a6fc921"},"id":"roots-watched"}}
{"recorder_version":"31","session":"47ad8e14dc84","build":"193.5662.53","bucket":"159","time":1590250970191,"group":{"id":"project.fs","version":"1"},"event":{"state":true,"data":{"created":1590250970192},"id":"invoked"}}
{"recorder_version":"31","session":"47ad8e14dc84","build":"193.5662.53","bucket":"159","time":1590250970288,"group":{"id":"indexing","version":"2"},"event":{"count":1,"data":{"ide_activity_id":1,"stage_class":"com.intellij.util.indexing.UnindexedFilesUpdater","created":1590250970288,"plugin_type":"PLATFORM"},"id":"stage"}}
{"recorder_version":"31","session":"47ad8e14dc84","build":"193.5662.53","bucket":"159","time":1590250970289,"group":{"id":"ui.dialogs","version":"31"},"event":{"count":1,"data":{"code":1,"created":1590250970289,"plugin_type":"PLATFORM","dialog_class":"com.intellij.openapi.progress.util.ProgressDialog$MyDialogWrapper"},"id":"close"}}
{"recorder_version":"31","session":"47ad8e14dc84","build":"193.5662.53","bucket":"159","time":1590250970480,"group":{"id":"lifecycle","version":"31"},"event":{"count":1,"data":{"duration_ms":6797,"created":1590250970480,"project":"d119a6d897fcb33934b9adf90ec59bc9e850f90f58367fa567dc99031a6fc921"},"id":"project.opening.finished"}}
{"recorder_version":"31","session":"47ad8e14dc84","build":"193.5662.53","bucket":"159","time":1590250973280,"group":{"id":"indexing","version":"2"},"event":{"count":1,"data":{"duration_ms":3096,"ide_activity_id":1,"created":1590250973280},"id":"finished"}}
{"recorder_version":"31","session":"47ad8e14dc84","build":"193.5662.53","bucket":"159","time":1590250973411,"group":{"id":"indexing","version":"2"},"event":{"count":1,"data":{"ide_activity_id":2,"created":1590250973411,"project":"d119a6d897fcb33934b9adf90ec59bc9e850f90f58367fa567dc99031a6fc921"},"id":"started"}}
{"recorder_version":"31","session":"47ad8e14dc84","build":"193.5662.53","bucket":"159","time":1590250973430,"group":{"id":"indexing","version":"2"},"event":{"count":1,"data":{"ide_activity_id":2,"plugin":"org.jetbrains.android","stage_class":"com.android.tools.idea.res.ResourceFolderRepositoryFileCacheImpl$PruneTask","created":1590250973431,"plugin_type":"JB_BUNDLED"},"id":"stage"}}
{"recorder_version":"31","session":"47ad8e14dc84","build":"193.5662.53","bucket":"159","time":1590250973476,"group":{"id":"indexing","version":"2"},"event":{"count":1,"data":{"ide_activity_id":2,"plugin":"org.jetbrains.android","stage_class":"com.android.tools.idea.res.ResourceFolderRepositoryFileCacheImpl$ManageLruProjectFilesTask","created":1590250973476,"plugin_type":"JB_BUNDLED"},"id":"stage"}}
{"recorder_version":"31","session":"47ad8e14dc84","build":"193.5662.53","bucket":"159","time":1590250973524,"group":{"id":"indexing","version":"2"},"event":{"count":1,"data":{"duration_ms":113,"ide_activity_id":2,"created":1590250973525},"id":"finished"}}
{"recorder_version":"31","session":"47ad8e14dc84","build":"193.5662.53","bucket":"159","time":1590250973544,"group":{"id":"indexing","version":"2"},"event":{"count":1,"data":{"ide_activity_id":3,"created":1590250973544,"project":"d119a6d897fcb33934b9adf90ec59bc9e850f90f58367fa567dc99031a6fc921"},"id":"started"}}
{"recorder_version":"31","session":"47ad8e14dc84","build":"193.5662.53","bucket":"159","time":1590250973553,"group":{"id":"indexing","version":"2"},"event":{"count":1,"data":{"ide_activity_id":3,"plugin":"org.jetbrains.android","stage_class":"com.android.tools.idea.res.ResourceFolderRegistry$PopulateCachesTask","created":1590250973554,"plugin_type":"JB_BUNDLED"},"id":"stage"}}
{"recorder_version":"31","session":"47ad8e14dc84","build":"193.5662.53","bucket":"159","time":1590250973591,"group":{"id":"indexing","version":"2"},"event":{"count":1,"data":{"duration_ms":47,"ide_activity_id":3,"created":1590250973591},"id":"finished"}}
{"recorder_version":"31","session":"47ad8e14dc84","build":"193.5662.53","bucket":"159","time":1590250974175,"group":{"id":"performance","version":"31"},"event":{"count":1,"data":{"duration_ms":296,"created":1590250974176},"id":"ui.lagging"}}
{"recorder_version":"31","session":"47ad8e14dc84","build":"193.5662.53","bucket":"159","time":1590250975178,"group":{"id":"actions","version":"31"},"event":{"count":1,"data":{"context_menu":true,"action_id":"third.party","created":1590250975179,"plugin_type":"NOT_LISTED","project":"d119a6d897fcb33934b9adf90ec59bc9e850f90f58367fa567dc99031a6fc921","place":"MainMenu","class":"third.party","input_event":"NoMouseButton"},"id":"action.invoked"}}
{"recorder_version":"31","session":"47ad8e14dc84","build":"193.5662.53","bucket":"159","time":1590250975315,"group":{"id":"startup","version":"1"},"event":{"count":1,"data":{"duration":2368,"created":1590250975315},"id":"appInit"}}
{"recorder_version":"31","session":"47ad8e14dc84","build":"193.5662.53","bucket":"159","time":1590250975315,"group":{"id":"startup","version":"1"},"event":{"count":1,"data":{"duration":428,"created":1590250975316},"id":"splash"}}
{"recorder_version":"31","session":"47ad8e14dc84","build":"193.5662.53","bucket":"159","time":1590250975315,"group":{"id":"startup","version":"1"},"event":{"count":1,"data":{"duration":483,"created":1590250975316},"id":"bootstrap"}}
{"recorder_version":"31","session":"47ad8e14dc84","build":"193.5662.53","bucket":"159","time":1590250975315,"group":{"id":"startup","version":"1"},"event":{"count":1,"data":{"duration":10971,"created":1590250975316},"id":"totalDuration"}}
{"recorder_version":"31","session":"47ad8e14dc84","build":"193.5662.53","bucket":"159","time":1590250976431,"group":{"id":"ui.dialogs","version":"31"},"event":{"count":1,"data":{"created":1590250976435,"plugin_type":"NOT_LISTED","dialog_class":"third.party"},"id":"show"}}
{"recorder_version":"31","session":"47ad8e14dc84","build":"193.5662.53","bucket":"159","time":1590250981745,"group":{"id":"ui.dialogs","version":"31"},"event":{"count":1,"data":{"code":1,"created":1590250981745,"plugin_type":"NOT_LISTED","dialog_class":"third.party"},"id":"close"}}
