{"recorder_version":"31","session":"bda6d283f07d","build":"193.5662.53","bucket":"159","time":1589726502960,"group":{"id":"settings","version":"4"},"event":{"state":true,"data":{"component":"UISettings","created":1589726503161},"id":"invoked"}}
{"recorder_version":"31","session":"bda6d283f07d","build":"193.5662.53","bucket":"159","time":1589726502964,"group":{"id":"system.java","version":"1"},"event":{"state":true,"data":{"created":1589726503163,"version":"validation.undefined_rule"},"id":"validation.undefined_rule"}}
{"recorder_version":"31","session":"bda6d283f07d","build":"193.5662.53","bucket":"159","time":1589726502964,"group":{"id":"system.java","version":"1"},"event":{"state":true,"data":{"created":1589726503170},"id":"invoked"}}
{"recorder_version":"31","session":"bda6d283f07d","build":"193.5662.53","bucket":"159","time":1589726502961,"group":{"id":"settings","version":"4"},"event":{"state":true,"data":{"component":"NotRoamableUiSettings","created":1589726503170},"id":"invoked"}}
{"recorder_version":"31","session":"bda6d283f07d","build":"193.5662.53","bucket":"159","time":1589726502979,"group":{"id":"system.os","version":"3"},"event":{"state":true,"data":{"created":1589726503170,"version":"10.15"},"id":"Mac"}}
{"recorder_version":"31","session":"bda6d283f07d","build":"193.5662.53","bucket":"159","time":1589726502979,"group":{"id":"system.os","version":"3"},"event":{"state":true,"data":{"created":1589726503171,"name":"Mac","version":"10.15"},"id":"os.name"}}
{"recorder_version":"31","session":"bda6d283f07d","build":"193.5662.53","bucket":"159","time":1589726502979,"group":{"id":"system.os","version":"3"},"event":{"state":true,"data":{"created":1589726503171,"value":"+02_00"},"id":"os.timezone"}}
{"recorder_version":"31","session":"bda6d283f07d","build":"193.5662.53","bucket":"159","time":1589726502979,"group":{"id":"system.os","version":"3"},"event":{"state":true,"data":{"created":1589726503171},"id":"invoked"}}
{"recorder_version":"31","session":"bda6d283f07d","build":"193.5662.53","bucket":"159","time":1589726503106,"group":{"id":"settings","version":"4"},"event":{"state":true,"data":{"component":"UpdatesConfigurable","created":1589726503172,"name":"checkNeeded","type":"bool","value":false},"id":"not.default"}}
{"recorder_version":"31","session":"bda6d283f07d","build":"193.5662.53","bucket":"159","time":1589726503106,"group":{"id":"settings","version":"4"},"event":{"state":true,"data":{"component":"UpdatesConfigurable","created":1589726503172},"id":"invoked"}}
{"recorder_version":"31","session":"bda6d283f07d","build":"193.5662.53","bucket":"159","time":1589726503145,"group":{"id":"event.log","version":"31"},"event":{"count":1,"data":{"created":1589726503172,"version":"1258.0"},"id":"whitelist.loaded"}}
{"recorder_version":"31","session":"bda6d283f07d","build":"193.5662.53","bucket":"159","time":1589726503262,"group":{"id":"settings","version":"4"},"event":{"state":true,"data":{"component":"GeneralSettings","created":1589726503262,"name":"showTipsOnStartup","type":"bool","value":false},"id":"not.default"}}
{"recorder_version":"31","session":"bda6d283f07d","build":"193.5662.53","bucket":"159","time":1589726503262,"group":{"id":"settings","version":"4"},"event":{"state":true,"data":{"component":"GeneralSettings","created":1589726503267},"id":"invoked"}}
{"recorder_version":"31","session":"bda6d283f07d","build":"193.5662.53","bucket":"159","time":1589726503278,"group":{"id":"lifecycle","version":"31"},"event":{"count":1,"data":{"internal":true,"eap":false,"created":1589726503278},"id":"ide.start"}}
{"recorder_version":"31","session":"bda6d283f07d","build":"193.5662.53","bucket":"159","time":1589726503350,"group":{"id":"settings","version":"4"},"event":{"state":true,"data":{"component":"XmlEditorOptions","created":1589726503350},"id":"invoked"}}
{"recorder_version":"31","session":"bda6d283f07d","build":"193.5662.53","bucket":"159","time":1589726503842,"group":{"id":"lifecycle","version":"31"},"event":{"count":1,"data":{"created":1589726503842},"id":"frame.activated"}}
{"recorder_version":"31","session":"bda6d283f07d","build":"193.5662.53","bucket":"159","time":1589726503842,"group":{"id":"settings","version":"4"},"event":{"state":true,"data":{"component":"VcsApplicationSettings","created":1589726503843},"id":"invoked"}}
{"recorder_version":"31","session":"bda6d283f07d","build":"193.5662.53","bucket":"159","time":1589726503933,"group":{"id":"performance","version":"31"},"event":{"count":1,"data":{"duration_ms":66,"created":1589726503934},"id":"ui.latency"}}
{"recorder_version":"31","session":"bda6d283f07d","build":"193.5662.53","bucket":"159","time":1589726503955,"group":{"id":"ui.dialogs","version":"31"},"event":{"count":1,"data":{"created":1589726503955,"plugin_type":"PLATFORM","dialog_class":"com.intellij.openapi.progress.util.ProgressDialog$MyDialogWrapper"},"id":"show"}}
{"recorder_version":"31","session":"bda6d283f07d","build":"193.5662.53","bucket":"159","time":1589726505060,"group":{"id":"lifecycle","version":"31"},"event":{"count":1,"data":{"created":1589726505060,"project":"d119a6d897fcb33934b9adf90ec59bc9e850f90f58367fa567dc99031a6fc921"},"id":"project.opened"}}
{"recorder_version":"31","session":"bda6d283f07d","build":"193.5662.53","bucket":"159","time":1589726505330,"group":{"id":"performance","version":"31"},"event":{"count":1,"data":{"duration_ms":466,"created":1589726505330},"id":"ui.lagging"}}
{"recorder_version":"31","session":"bda6d283f07d","build":"193.5662.53","bucket":"159","time":1589726506003,"group":{"id":"indexing","version":"2"},"event":{"count":1,"data":{"ide_activity_id":1,"created":1589726506003,"project":"d119a6d897fcb33934b9adf90ec59bc9e850f90f58367fa567dc99031a6fc921"},"id":"started"}}
{"recorder_version":"31","session":"bda6d283f07d","build":"193.5662.53","bucket":"159","time":1589726506039,"group":{"id":"indexing","version":"2"},"event":{"count":1,"data":{"ide_activity_id":1,"stage_class":"com.intellij.util.indexing.UnindexedFilesUpdater","created":1589726506040,"plugin_type":"PLATFORM"},"id":"stage"}}
{"recorder_version":"31","session":"bda6d283f07d","build":"193.5662.53","bucket":"159","time":1589726506137,"group":{"id":"project.fs","version":"1"},"event":{"state":true,"data":{"os":"Mac","cs-project":false,"created":1589726506137,"project":"d119a6d897fcb33934b9adf90ec59bc9e850f90f58367fa567dc99031a6fc921","cs-implicit":true,"cs-system":false},"id":"case-sensitivity"}}
{"recorder_version":"31","session":"bda6d283f07d","build":"193.5662.53","bucket":"159","time":1589726506137,"group":{"id":"project.fs","version":"1"},"event":{"state":true,"data":{"created":1589726506137},"id":"invoked"}}
{"recorder_version":"31","session":"bda6d283f07d","build":"193.5662.53","bucket":"159","time":1589726506137,"group":{"id":"project.fs","version":"1"},"event":{"state":true,"data":{"pct-non-watched":0,"created":1589726506137,"project":"d119a6d897fcb33934b9adf90ec59bc9e850f90f58367fa567dc99031a6fc921"},"id":"roots-watched"}}
{"recorder_version":"31","session":"bda6d283f07d","build":"193.5662.53","bucket":"159","time":1589726506137,"group":{"id":"project.fs","version":"1"},"event":{"state":true,"data":{"created":1589726506138},"id":"invoked"}}
{"recorder_version":"31","session":"bda6d283f07d","build":"193.5662.53","bucket":"159","time":1589726506249,"group":{"id":"ui.dialogs","version":"31"},"event":{"count":1,"data":{"code":1,"created":1589726506250,"plugin_type":"PLATFORM","dialog_class":"com.intellij.openapi.progress.util.ProgressDialog$MyDialogWrapper"},"id":"close"}}
{"recorder_version":"31","session":"bda6d283f07d","build":"193.5662.53","bucket":"159","time":1589726506330,"group":{"id":"lifecycle","version":"31"},"event":{"count":1,"data":{"duration_ms":2975,"created":1589726506330,"project":"d119a6d897fcb33934b9adf90ec59bc9e850f90f58367fa567dc99031a6fc921"},"id":"project.opening.finished"}}
{"recorder_version":"31","session":"bda6d283f07d","build":"193.5662.53","bucket":"159","time":1589726507698,"group":{"id":"indexing","version":"2"},"event":{"count":1,"data":{"duration_ms":1694,"ide_activity_id":1,"created":1589726507699},"id":"finished"}}
{"recorder_version":"31","session":"bda6d283f07d","build":"193.5662.53","bucket":"159","time":1589726507771,"group":{"id":"indexing","version":"2"},"event":{"count":1,"data":{"ide_activity_id":2,"created":1589726507771,"project":"d119a6d897fcb33934b9adf90ec59bc9e850f90f58367fa567dc99031a6fc921"},"id":"started"}}
{"recorder_version":"31","session":"bda6d283f07d","build":"193.5662.53","bucket":"159","time":1589726507777,"group":{"id":"indexing","version":"2"},"event":{"count":1,"data":{"ide_activity_id":2,"plugin":"org.jetbrains.android","stage_class":"com.android.tools.idea.res.ResourceFolderRepositoryFileCacheImpl$PruneTask","created":1589726507778,"plugin_type":"JB_BUNDLED"},"id":"stage"}}
{"recorder_version":"31","session":"bda6d283f07d","build":"193.5662.53","bucket":"159","time":1589726507811,"group":{"id":"indexing","version":"2"},"event":{"count":1,"data":{"ide_activity_id":2,"plugin":"org.jetbrains.android","stage_class":"com.android.tools.idea.res.ResourceFolderRepositoryFileCacheImpl$ManageLruProjectFilesTask","created":1589726507811,"plugin_type":"JB_BUNDLED"},"id":"stage"}}
{"recorder_version":"31","session":"bda6d283f07d","build":"193.5662.53","bucket":"159","time":1589726507833,"group":{"id":"indexing","version":"2"},"event":{"count":1,"data":{"duration_ms":62,"ide_activity_id":2,"created":1589726507833},"id":"finished"}}
{"recorder_version":"31","session":"bda6d283f07d","build":"193.5662.53","bucket":"159","time":1589726507844,"group":{"id":"indexing","version":"2"},"event":{"count":1,"data":{"ide_activity_id":3,"created":1589726507844,"project":"d119a6d897fcb33934b9adf90ec59bc9e850f90f58367fa567dc99031a6fc921"},"id":"started"}}
{"recorder_version":"31","session":"bda6d283f07d","build":"193.5662.53","bucket":"159","time":1589726507845,"group":{"id":"indexing","version":"2"},"event":{"count":1,"data":{"ide_activity_id":3,"plugin":"org.jetbrains.android","stage_class":"com.android.tools.idea.res.ResourceFolderRegistry$PopulateCachesTask","created":1589726507846,"plugin_type":"JB_BUNDLED"},"id":"stage"}}
{"recorder_version":"31","session":"bda6d283f07d","build":"193.5662.53","bucket":"159","time":1589726507848,"group":{"id":"indexing","version":"2"},"event":{"count":1,"data":{"duration_ms":4,"ide_activity_id":3,"created":1589726507848},"id":"finished"}}
{"recorder_version":"31","session":"bda6d283f07d","build":"193.5662.53","bucket":"159","time":1589726508281,"group":{"id":"performance","version":"31"},"event":{"count":1,"data":{"duration_ms":415,"created":1589726508281},"id":"ui.lagging"}}
{"recorder_version":"31","session":"bda6d283f07d","build":"193.5662.53","bucket":"159","time":1589726509234,"group":{"id":"actions","version":"31"},"event":{"count":1,"data":{"context_menu":true,"action_id":"third.party","created":1589726509234,"plugin_type":"NOT_LISTED","project":"d119a6d897fcb33934b9adf90ec59bc9e850f90f58367fa567dc99031a6fc921","place":"MainMenu","class":"third.party","input_event":"NoMouseButton"},"id":"action.invoked"}}
{"recorder_version":"31","session":"bda6d283f07d","build":"193.5662.53","bucket":"159","time":1589726511261,"group":{"id":"startup","version":"1"},"event":{"count":1,"data":{"duration":1269,"created":1589726511261},"id":"appInit"}}
{"recorder_version":"31","session":"bda6d283f07d","build":"193.5662.53","bucket":"159","time":1589726511261,"group":{"id":"startup","version":"1"},"event":{"count":1,"data":{"duration":210,"created":1589726511262},"id":"splash"}}
{"recorder_version":"31","session":"bda6d283f07d","build":"193.5662.53","bucket":"159","time":1589726511261,"group":{"id":"startup","version":"1"},"event":{"count":1,"data":{"duration":286,"created":1589726511262},"id":"bootstrap"}}
{"recorder_version":"31","session":"bda6d283f07d","build":"193.5662.53","bucket":"159","time":1589726511261,"group":{"id":"startup","version":"1"},"event":{"count":1,"data":{"duration":5687,"created":1589726511263},"id":"totalDuration"}}
{"recorder_version":"31","session":"bda6d283f07d","build":"193.5662.53","bucket":"159","time":1589726519699,"group":{"id":"lifecycle","version":"31"},"event":{"count":1,"data":{"created":1589726519699,"project":"d119a6d897fcb33934b9adf90ec59bc9e850f90f58367fa567dc99031a6fc921"},"id":"frame.deactivated"}}
