{"recorder_version":"31","session":"c8f663d8b3e4","build":"193.5662.53","bucket":"159","time":1589810613960,"group":{"id":"settings","version":"4"},"event":{"state":true,"data":{"component":"NotRoamableUiSettings","created":1589810614577},"id":"invoked"}}
{"recorder_version":"31","session":"c8f663d8b3e4","build":"193.5662.53","bucket":"159","time":1589810613960,"group":{"id":"settings","version":"4"},"event":{"state":true,"data":{"component":"UISettings","created":1589810614591},"id":"invoked"}}
{"recorder_version":"31","session":"c8f663d8b3e4","build":"193.5662.53","bucket":"159","time":1589810613979,"group":{"id":"system.java","version":"1"},"event":{"state":true,"data":{"created":1589810614623,"version":"validation.undefined_rule"},"id":"validation.undefined_rule"}}
{"recorder_version":"31","session":"c8f663d8b3e4","build":"193.5662.53","bucket":"159","time":1589810613979,"group":{"id":"system.java","version":"1"},"event":{"state":true,"data":{"created":1589810614624},"id":"invoked"}}
{"recorder_version":"31","session":"c8f663d8b3e4","build":"193.5662.53","bucket":"159","time":1589810614013,"group":{"id":"system.os","version":"3"},"event":{"state":true,"data":{"created":1589810614627,"version":"10.15"},"id":"Mac"}}
{"recorder_version":"31","session":"c8f663d8b3e4","build":"193.5662.53","bucket":"159","time":1589810614013,"group":{"id":"system.os","version":"3"},"event":{"state":true,"data":{"created":1589810614627,"name":"Mac","version":"10.15"},"id":"os.name"}}
{"recorder_version":"31","session":"c8f663d8b3e4","build":"193.5662.53","bucket":"159","time":1589810614013,"group":{"id":"system.os","version":"3"},"event":{"state":true,"data":{"created":1589810614628,"value":"+02_00"},"id":"os.timezone"}}
{"recorder_version":"31","session":"c8f663d8b3e4","build":"193.5662.53","bucket":"159","time":1589810614013,"group":{"id":"system.os","version":"3"},"event":{"state":true,"data":{"created":1589810614629},"id":"invoked"}}
{"recorder_version":"31","session":"c8f663d8b3e4","build":"193.5662.53","bucket":"159","time":1589810614223,"group":{"id":"settings","version":"4"},"event":{"state":true,"data":{"component":"UpdatesConfigurable","created":1589810614631,"name":"checkNeeded","type":"bool","value":false},"id":"not.default"}}
{"recorder_version":"31","session":"c8f663d8b3e4","build":"193.5662.53","bucket":"159","time":1589810614224,"group":{"id":"settings","version":"4"},"event":{"state":true,"data":{"component":"UpdatesConfigurable","created":1589810614632},"id":"invoked"}}
{"recorder_version":"31","session":"c8f663d8b3e4","build":"193.5662.53","bucket":"159","time":1589810614493,"group":{"id":"event.log","version":"31"},"event":{"count":1,"data":{"created":1589810614645,"version":"1259.0"},"id":"whitelist.loaded"}}
{"recorder_version":"31","session":"c8f663d8b3e4","build":"193.5662.53","bucket":"159","time":1589810614588,"group":{"id":"performance","version":"31"},"event":{"count":1,"data":{"duration_ms":10,"created":1589810614645},"id":"ui.latency"}}
{"recorder_version":"31","session":"c8f663d8b3e4","build":"193.5662.53","bucket":"159","time":1589810614618,"group":{"id":"settings","version":"4"},"event":{"state":true,"data":{"component":"GeneralSettings","created":1589810614646,"name":"showTipsOnStartup","type":"bool","value":false},"id":"not.default"}}
{"recorder_version":"31","session":"c8f663d8b3e4","build":"193.5662.53","bucket":"159","time":1589810614618,"group":{"id":"settings","version":"4"},"event":{"state":true,"data":{"component":"GeneralSettings","created":1589810614646},"id":"invoked"}}
{"recorder_version":"31","session":"c8f663d8b3e4","build":"193.5662.53","bucket":"159","time":1589810614628,"group":{"id":"lifecycle","version":"31"},"event":{"count":1,"data":{"internal":true,"eap":false,"created":1589810614647},"id":"ide.start"}}
{"recorder_version":"31","session":"c8f663d8b3e4","build":"193.5662.53","bucket":"159","time":1589810614847,"group":{"id":"settings","version":"4"},"event":{"state":true,"data":{"component":"XmlEditorOptions","created":1589810614847},"id":"invoked"}}
{"recorder_version":"31","session":"c8f663d8b3e4","build":"193.5662.53","bucket":"159","time":1589810616281,"group":{"id":"settings","version":"4"},"event":{"state":true,"data":{"component":"VcsApplicationSettings","created":1589810616281},"id":"invoked"}}
{"recorder_version":"31","session":"c8f663d8b3e4","build":"193.5662.53","bucket":"159","time":1589810616281,"group":{"id":"lifecycle","version":"31"},"event":{"count":1,"data":{"created":1589810616282},"id":"frame.activated"}}
{"recorder_version":"31","session":"c8f663d8b3e4","build":"193.5662.53","bucket":"159","time":1589810616376,"group":{"id":"performance","version":"31"},"event":{"count":1,"data":{"duration_ms":848,"created":1589810616376},"id":"ui.lagging"}}
{"recorder_version":"31","session":"c8f663d8b3e4","build":"193.5662.53","bucket":"159","time":1589810616546,"group":{"id":"ui.dialogs","version":"31"},"event":{"count":1,"data":{"created":1589810616547,"plugin_type":"PLATFORM","dialog_class":"com.intellij.openapi.progress.util.ProgressDialog$MyDialogWrapper"},"id":"show"}}
{"recorder_version":"31","session":"c8f663d8b3e4","build":"193.5662.53","bucket":"159","time":1589810616721,"group":{"id":"performance","version":"31"},"event":{"count":1,"data":{"duration_ms":193,"created":1589810616721},"id":"ui.lagging"}}
{"recorder_version":"31","session":"c8f663d8b3e4","build":"193.5662.53","bucket":"159","time":1589810618960,"group":{"id":"lifecycle","version":"31"},"event":{"count":1,"data":{"created":1589810618960,"project":"d119a6d897fcb33934b9adf90ec59bc9e850f90f58367fa567dc99031a6fc921"},"id":"project.opened"}}
{"recorder_version":"31","session":"c8f663d8b3e4","build":"193.5662.53","bucket":"159","time":1589810619710,"group":{"id":"performance","version":"31"},"event":{"count":1,"data":{"duration_ms":1176,"created":1589810619710},"id":"ui.lagging"}}
{"recorder_version":"31","session":"c8f663d8b3e4","build":"193.5662.53","bucket":"159","time":1589810619883,"group":{"id":"performance","version":"31"},"event":{"count":1,"data":{"duration_ms":348,"created":1589810619883},"id":"ui.lagging"}}
{"recorder_version":"31","session":"c8f663d8b3e4","build":"193.5662.53","bucket":"159","time":1589810620840,"group":{"id":"performance","version":"31"},"event":{"count":1,"data":{"duration_ms":299,"created":1589810620840},"id":"ui.lagging"}}
{"recorder_version":"31","session":"c8f663d8b3e4","build":"193.5662.53","bucket":"159","time":1589810621047,"group":{"id":"indexing","version":"2"},"event":{"count":1,"data":{"ide_activity_id":1,"created":1589810621048,"project":"d119a6d897fcb33934b9adf90ec59bc9e850f90f58367fa567dc99031a6fc921"},"id":"started"}}
{"recorder_version":"31","session":"c8f663d8b3e4","build":"193.5662.53","bucket":"159","time":1589810621140,"group":{"id":"indexing","version":"2"},"event":{"count":1,"data":{"ide_activity_id":1,"stage_class":"com.intellij.util.indexing.UnindexedFilesUpdater","created":1589810621140,"plugin_type":"PLATFORM"},"id":"stage"}}
{"recorder_version":"31","session":"c8f663d8b3e4","build":"193.5662.53","bucket":"159","time":1589810621512,"group":{"id":"project.fs","version":"1"},"event":{"state":true,"data":{"os":"Mac","cs-project":false,"created":1589810621512,"project":"d119a6d897fcb33934b9adf90ec59bc9e850f90f58367fa567dc99031a6fc921","cs-implicit":true,"cs-system":false},"id":"case-sensitivity"}}
{"recorder_version":"31","session":"c8f663d8b3e4","build":"193.5662.53","bucket":"159","time":1589810621512,"group":{"id":"project.fs","version":"1"},"event":{"state":true,"data":{"created":1589810621512},"id":"invoked"}}
{"recorder_version":"31","session":"c8f663d8b3e4","build":"193.5662.53","bucket":"159","time":1589810621513,"group":{"id":"project.fs","version":"1"},"event":{"state":true,"data":{"pct-non-watched":0,"created":1589810621513,"project":"d119a6d897fcb33934b9adf90ec59bc9e850f90f58367fa567dc99031a6fc921"},"id":"roots-watched"}}
{"recorder_version":"31","session":"c8f663d8b3e4","build":"193.5662.53","bucket":"159","time":1589810621513,"group":{"id":"project.fs","version":"1"},"event":{"state":true,"data":{"created":1589810621513},"id":"invoked"}}
{"recorder_version":"31","session":"c8f663d8b3e4","build":"193.5662.53","bucket":"159","time":1589810621680,"group":{"id":"performance","version":"31"},"event":{"count":1,"data":{"duration_ms":135,"created":1589810621681},"id":"ui.lagging"}}
{"recorder_version":"31","session":"c8f663d8b3e4","build":"193.5662.53","bucket":"159","time":1589810621703,"group":{"id":"ui.dialogs","version":"31"},"event":{"count":1,"data":{"code":1,"created":1589810621703,"plugin_type":"PLATFORM","dialog_class":"com.intellij.openapi.progress.util.ProgressDialog$MyDialogWrapper"},"id":"close"}}
{"recorder_version":"31","session":"c8f663d8b3e4","build":"193.5662.53","bucket":"159","time":1589810621807,"group":{"id":"lifecycle","version":"31"},"event":{"count":1,"data":{"duration_ms":6933,"created":1589810621808,"project":"d119a6d897fcb33934b9adf90ec59bc9e850f90f58367fa567dc99031a6fc921"},"id":"project.opening.finished"}}
{"recorder_version":"31","session":"c8f663d8b3e4","build":"193.5662.53","bucket":"159","time":1589810623896,"group":{"id":"indexing","version":"2"},"event":{"count":1,"data":{"duration_ms":2848,"ide_activity_id":1,"created":1589810623896},"id":"finished"}}
{"recorder_version":"31","session":"c8f663d8b3e4","build":"193.5662.53","bucket":"159","time":1589810623998,"group":{"id":"indexing","version":"2"},"event":{"count":1,"data":{"ide_activity_id":2,"created":1589810623998,"project":"d119a6d897fcb33934b9adf90ec59bc9e850f90f58367fa567dc99031a6fc921"},"id":"started"}}
{"recorder_version":"31","session":"c8f663d8b3e4","build":"193.5662.53","bucket":"159","time":1589810624014,"group":{"id":"indexing","version":"2"},"event":{"count":1,"data":{"ide_activity_id":2,"plugin":"org.jetbrains.android","stage_class":"com.android.tools.idea.res.ResourceFolderRepositoryFileCacheImpl$PruneTask","created":1589810624023,"plugin_type":"JB_BUNDLED"},"id":"stage"}}
{"recorder_version":"31","session":"c8f663d8b3e4","build":"193.5662.53","bucket":"159","time":1589810624055,"group":{"id":"indexing","version":"2"},"event":{"count":1,"data":{"ide_activity_id":2,"plugin":"org.jetbrains.android","stage_class":"com.android.tools.idea.res.ResourceFolderRepositoryFileCacheImpl$ManageLruProjectFilesTask","created":1589810624056,"plugin_type":"JB_BUNDLED"},"id":"stage"}}
{"recorder_version":"31","session":"c8f663d8b3e4","build":"193.5662.53","bucket":"159","time":1589810624087,"group":{"id":"indexing","version":"2"},"event":{"count":1,"data":{"duration_ms":89,"ide_activity_id":2,"created":1589810624087},"id":"finished"}}
{"recorder_version":"31","session":"c8f663d8b3e4","build":"193.5662.53","bucket":"159","time":1589810624099,"group":{"id":"indexing","version":"2"},"event":{"count":1,"data":{"ide_activity_id":3,"created":1589810624099,"project":"d119a6d897fcb33934b9adf90ec59bc9e850f90f58367fa567dc99031a6fc921"},"id":"started"}}
{"recorder_version":"31","session":"c8f663d8b3e4","build":"193.5662.53","bucket":"159","time":1589810624103,"group":{"id":"indexing","version":"2"},"event":{"count":1,"data":{"ide_activity_id":3,"plugin":"org.jetbrains.android","stage_class":"com.android.tools.idea.res.ResourceFolderRegistry$PopulateCachesTask","created":1589810624103,"plugin_type":"JB_BUNDLED"},"id":"stage"}}
{"recorder_version":"31","session":"c8f663d8b3e4","build":"193.5662.53","bucket":"159","time":1589810624106,"group":{"id":"indexing","version":"2"},"event":{"count":1,"data":{"duration_ms":7,"ide_activity_id":3,"created":1589810624106},"id":"finished"}}
{"recorder_version":"31","session":"c8f663d8b3e4","build":"193.5662.53","bucket":"159","time":1589810624668,"group":{"id":"performance","version":"31"},"event":{"count":1,"data":{"duration_ms":116,"created":1589810624668},"id":"ui.lagging"}}
{"recorder_version":"31","session":"c8f663d8b3e4","build":"193.5662.53","bucket":"159","time":1589810626663,"group":{"id":"actions","version":"31"},"event":{"count":1,"data":{"context_menu":true,"action_id":"third.party","created":1589810626663,"plugin_type":"NOT_LISTED","project":"d119a6d897fcb33934b9adf90ec59bc9e850f90f58367fa567dc99031a6fc921","place":"MainMenu","class":"third.party","input_event":"NoMouseButton"},"id":"action.invoked"}}
{"recorder_version":"31","session":"c8f663d8b3e4","build":"193.5662.53","bucket":"159","time":1589810626682,"group":{"id":"startup","version":"1"},"event":{"count":1,"data":{"duration":3566,"created":1589810626682},"id":"appInit"}}
{"recorder_version":"31","session":"c8f663d8b3e4","build":"193.5662.53","bucket":"159","time":1589810626682,"group":{"id":"startup","version":"1"},"event":{"count":1,"data":{"duration":651,"created":1589810626683},"id":"splash"}}
{"recorder_version":"31","session":"c8f663d8b3e4","build":"193.5662.53","bucket":"159","time":1589810626682,"group":{"id":"startup","version":"1"},"event":{"count":1,"data":{"duration":898,"created":1589810626683},"id":"bootstrap"}}
{"recorder_version":"31","session":"c8f663d8b3e4","build":"193.5662.53","bucket":"159","time":1589810626682,"group":{"id":"startup","version":"1"},"event":{"count":1,"data":{"duration":15380,"created":1589810626683},"id":"totalDuration"}}
