{"recorder_version":"31","session":"646b14cb4986","build":"193.5662.53","bucket":"159","time":1590252420463,"group":{"id":"settings","version":"4"},"event":{"state":true,"data":{"component":"NotRoamableUiSettings","created":1590252420914},"id":"invoked"}}
{"recorder_version":"31","session":"646b14cb4986","build":"193.5662.53","bucket":"159","time":1590252420466,"group":{"id":"settings","version":"4"},"event":{"state":true,"data":{"component":"UISettings","created":1590252420916},"id":"invoked"}}
{"recorder_version":"31","session":"646b14cb4986","build":"193.5662.53","bucket":"159","time":1590252420473,"group":{"id":"system.java","version":"1"},"event":{"state":true,"data":{"created":1590252420930,"version":"validation.undefined_rule"},"id":"validation.undefined_rule"}}
{"recorder_version":"31","session":"646b14cb4986","build":"193.5662.53","bucket":"159","time":1590252420473,"group":{"id":"system.java","version":"1"},"event":{"state":true,"data":{"created":1590252420931},"id":"invoked"}}
{"recorder_version":"31","session":"646b14cb4986","build":"193.5662.53","bucket":"159","time":1590252420509,"group":{"id":"system.os","version":"3"},"event":{"state":true,"data":{"created":1590252420931,"version":"10.15"},"id":"Mac"}}
{"recorder_version":"31","session":"646b14cb4986","build":"193.5662.53","bucket":"159","time":1590252420509,"group":{"id":"system.os","version":"3"},"event":{"state":true,"data":{"created":1590252420932,"name":"Mac","version":"10.15"},"id":"os.name"}}
{"recorder_version":"31","session":"646b14cb4986","build":"193.5662.53","bucket":"159","time":1590252420509,"group":{"id":"system.os","version":"3"},"event":{"state":true,"data":{"created":1590252420933,"value":"+02_00"},"id":"os.timezone"}}
{"recorder_version":"31","session":"646b14cb4986","build":"193.5662.53","bucket":"159","time":1590252420509,"group":{"id":"system.os","version":"3"},"event":{"state":true,"data":{"created":1590252420933},"id":"invoked"}}
{"recorder_version":"31","session":"646b14cb4986","build":"193.5662.53","bucket":"159","time":1590252420702,"group":{"id":"settings","version":"4"},"event":{"state":true,"data":{"component":"UpdatesConfigurable","created":1590252420934,"name":"checkNeeded","type":"bool","value":false},"id":"not.default"}}
{"recorder_version":"31","session":"646b14cb4986","build":"193.5662.53","bucket":"159","time":1590252420702,"group":{"id":"settings","version":"4"},"event":{"state":true,"data":{"component":"UpdatesConfigurable","created":1590252420934},"id":"invoked"}}
{"recorder_version":"31","session":"646b14cb4986","build":"193.5662.53","bucket":"159","time":1590252420856,"group":{"id":"event.log","version":"31"},"event":{"count":1,"data":{"created":1590252420935,"version":"1268.0"},"id":"whitelist.loaded"}}
{"recorder_version":"31","session":"646b14cb4986","build":"193.5662.53","bucket":"159","time":1590252421016,"group":{"id":"settings","version":"4"},"event":{"state":true,"data":{"component":"GeneralSettings","created":1590252421017,"name":"showTipsOnStartup","type":"bool","value":false},"id":"not.default"}}
{"recorder_version":"31","session":"646b14cb4986","build":"193.5662.53","bucket":"159","time":1590252421016,"group":{"id":"settings","version":"4"},"event":{"state":true,"data":{"component":"GeneralSettings","created":1590252421018},"id":"invoked"}}
{"recorder_version":"31","session":"646b14cb4986","build":"193.5662.53","bucket":"159","time":1590252421069,"group":{"id":"lifecycle","version":"31"},"event":{"count":1,"data":{"internal":true,"eap":false,"created":1590252421070},"id":"ide.start"}}
{"recorder_version":"31","session":"646b14cb4986","build":"193.5662.53","bucket":"159","time":1590252421150,"group":{"id":"settings","version":"4"},"event":{"state":true,"data":{"component":"XmlEditorOptions","created":1590252421150},"id":"invoked"}}
{"recorder_version":"31","session":"646b14cb4986","build":"193.5662.53","bucket":"159","time":1590252422263,"group":{"id":"settings","version":"4"},"event":{"state":true,"data":{"component":"VcsApplicationSettings","created":1590252422263},"id":"invoked"}}
{"recorder_version":"31","session":"646b14cb4986","build":"193.5662.53","bucket":"159","time":1590252422263,"group":{"id":"lifecycle","version":"31"},"event":{"count":1,"data":{"created":1590252422264},"id":"frame.activated"}}
{"recorder_version":"31","session":"646b14cb4986","build":"193.5662.53","bucket":"159","time":1590252422293,"group":{"id":"performance","version":"31"},"event":{"count":1,"data":{"duration_ms":1033,"created":1590252422293},"id":"ui.latency"}}
{"recorder_version":"31","session":"646b14cb4986","build":"193.5662.53","bucket":"159","time":1590252422293,"group":{"id":"performance","version":"31"},"event":{"count":1,"data":{"duration_ms":1033,"created":1590252422294},"id":"ui.lagging"}}
{"recorder_version":"31","session":"646b14cb4986","build":"193.5662.53","bucket":"159","time":1590252422399,"group":{"id":"performance","version":"31"},"event":{"count":1,"data":{"duration_ms":142,"created":1590252422400},"id":"ui.lagging"}}
{"recorder_version":"31","session":"646b14cb4986","build":"193.5662.53","bucket":"159","time":1590252422656,"group":{"id":"ui.dialogs","version":"31"},"event":{"count":1,"data":{"created":1590252422657,"plugin_type":"PLATFORM","dialog_class":"com.intellij.openapi.progress.util.ProgressDialog$MyDialogWrapper"},"id":"show"}}
{"recorder_version":"31","session":"646b14cb4986","build":"193.5662.53","bucket":"159","time":1590252424665,"group":{"id":"lifecycle","version":"31"},"event":{"count":1,"data":{"created":1590252424665,"project":"d119a6d897fcb33934b9adf90ec59bc9e850f90f58367fa567dc99031a6fc921"},"id":"project.opened"}}
{"recorder_version":"31","session":"646b14cb4986","build":"193.5662.53","bucket":"159","time":1590252425244,"group":{"id":"performance","version":"31"},"event":{"count":1,"data":{"duration_ms":985,"created":1590252425244},"id":"ui.lagging"}}
{"recorder_version":"31","session":"646b14cb4986","build":"193.5662.53","bucket":"159","time":1590252425448,"group":{"id":"performance","version":"31"},"event":{"count":1,"data":{"duration_ms":189,"created":1590252425449},"id":"ui.lagging"}}
{"recorder_version":"31","session":"646b14cb4986","build":"193.5662.53","bucket":"159","time":1590252425472,"group":{"id":"toolwindow","version":"31"},"event":{"count":1,"data":{"created":1590252425472,"plugin_type":"PLATFORM","id":"Event_Log"},"id":"activated"}}
{"recorder_version":"31","session":"646b14cb4986","build":"193.5662.53","bucket":"159","time":1590252426437,"group":{"id":"performance","version":"31"},"event":{"count":1,"data":{"duration_ms":176,"created":1590252426438},"id":"ui.lagging"}}
{"recorder_version":"31","session":"646b14cb4986","build":"193.5662.53","bucket":"159","time":1590252427885,"group":{"id":"indexing","version":"2"},"event":{"count":1,"data":{"ide_activity_id":1,"created":1590252427886,"project":"d119a6d897fcb33934b9adf90ec59bc9e850f90f58367fa567dc99031a6fc921"},"id":"started"}}
{"recorder_version":"31","session":"646b14cb4986","build":"193.5662.53","bucket":"159","time":1590252427896,"group":{"id":"project.fs","version":"1"},"event":{"state":true,"data":{"os":"Mac","cs-project":false,"created":1590252427896,"project":"d119a6d897fcb33934b9adf90ec59bc9e850f90f58367fa567dc99031a6fc921","cs-implicit":true,"cs-system":false},"id":"case-sensitivity"}}
{"recorder_version":"31","session":"646b14cb4986","build":"193.5662.53","bucket":"159","time":1590252427896,"group":{"id":"project.fs","version":"1"},"event":{"state":true,"data":{"created":1590252427897},"id":"invoked"}}
{"recorder_version":"31","session":"646b14cb4986","build":"193.5662.53","bucket":"159","time":1590252427898,"group":{"id":"project.fs","version":"1"},"event":{"state":true,"data":{"pct-non-watched":0,"created":1590252427898,"project":"d119a6d897fcb33934b9adf90ec59bc9e850f90f58367fa567dc99031a6fc921"},"id":"roots-watched"}}
{"recorder_version":"31","session":"646b14cb4986","build":"193.5662.53","bucket":"159","time":1590252427898,"group":{"id":"project.fs","version":"1"},"event":{"state":true,"data":{"created":1590252427898},"id":"invoked"}}
{"recorder_version":"31","session":"646b14cb4986","build":"193.5662.53","bucket":"159","time":1590252428084,"group":{"id":"indexing","version":"2"},"event":{"count":1,"data":{"ide_activity_id":1,"stage_class":"com.intellij.util.indexing.UnindexedFilesUpdater","created":1590252428085,"plugin_type":"PLATFORM"},"id":"stage"}}
{"recorder_version":"31","session":"646b14cb4986","build":"193.5662.53","bucket":"159","time":1590252428086,"group":{"id":"ui.dialogs","version":"31"},"event":{"count":1,"data":{"code":1,"created":1590252428086,"plugin_type":"PLATFORM","dialog_class":"com.intellij.openapi.progress.util.ProgressDialog$MyDialogWrapper"},"id":"close"}}
{"recorder_version":"31","session":"646b14cb4986","build":"193.5662.53","bucket":"159","time":1590252428277,"group":{"id":"lifecycle","version":"31"},"event":{"count":1,"data":{"duration_ms":7095,"created":1590252428278,"project":"d119a6d897fcb33934b9adf90ec59bc9e850f90f58367fa567dc99031a6fc921"},"id":"project.opening.finished"}}
{"recorder_version":"31","session":"646b14cb4986","build":"193.5662.53","bucket":"159","time":1590252431729,"group":{"id":"indexing","version":"2"},"event":{"count":1,"data":{"duration_ms":3843,"ide_activity_id":1,"created":1590252431730},"id":"finished"}}
{"recorder_version":"31","session":"646b14cb4986","build":"193.5662.53","bucket":"159","time":1590252431903,"group":{"id":"indexing","version":"2"},"event":{"count":1,"data":{"ide_activity_id":2,"created":1590252431903,"project":"d119a6d897fcb33934b9adf90ec59bc9e850f90f58367fa567dc99031a6fc921"},"id":"started"}}
{"recorder_version":"31","session":"646b14cb4986","build":"193.5662.53","bucket":"159","time":1590252431922,"group":{"id":"indexing","version":"2"},"event":{"count":1,"data":{"ide_activity_id":2,"plugin":"org.jetbrains.android","stage_class":"com.android.tools.idea.res.ResourceFolderRepositoryFileCacheImpl$PruneTask","created":1590252431923,"plugin_type":"JB_BUNDLED"},"id":"stage"}}
{"recorder_version":"31","session":"646b14cb4986","build":"193.5662.53","bucket":"159","time":1590252431971,"group":{"id":"indexing","version":"2"},"event":{"count":1,"data":{"ide_activity_id":2,"plugin":"org.jetbrains.android","stage_class":"com.android.tools.idea.res.ResourceFolderRepositoryFileCacheImpl$ManageLruProjectFilesTask","created":1590252431972,"plugin_type":"JB_BUNDLED"},"id":"stage"}}
{"recorder_version":"31","session":"646b14cb4986","build":"193.5662.53","bucket":"159","time":1590252432028,"group":{"id":"indexing","version":"2"},"event":{"count":1,"data":{"duration_ms":125,"ide_activity_id":2,"created":1590252432029},"id":"finished"}}
{"recorder_version":"31","session":"646b14cb4986","build":"193.5662.53","bucket":"159","time":1590252432055,"group":{"id":"indexing","version":"2"},"event":{"count":1,"data":{"ide_activity_id":3,"created":1590252432057,"project":"d119a6d897fcb33934b9adf90ec59bc9e850f90f58367fa567dc99031a6fc921"},"id":"started"}}
{"recorder_version":"31","session":"646b14cb4986","build":"193.5662.53","bucket":"159","time":1590252432071,"group":{"id":"indexing","version":"2"},"event":{"count":1,"data":{"ide_activity_id":3,"plugin":"org.jetbrains.android","stage_class":"com.android.tools.idea.res.ResourceFolderRegistry$PopulateCachesTask","created":1590252432075,"plugin_type":"JB_BUNDLED"},"id":"stage"}}
{"recorder_version":"31","session":"646b14cb4986","build":"193.5662.53","bucket":"159","time":1590252432119,"group":{"id":"indexing","version":"2"},"event":{"count":1,"data":{"duration_ms":63,"ide_activity_id":3,"created":1590252432123},"id":"finished"}}
{"recorder_version":"31","session":"646b14cb4986","build":"193.5662.53","bucket":"159","time":1590252432548,"group":{"id":"performance","version":"31"},"event":{"count":1,"data":{"duration_ms":278,"created":1590252432548},"id":"ui.lagging"}}
{"recorder_version":"31","session":"646b14cb4986","build":"193.5662.53","bucket":"159","time":1590252433100,"group":{"id":"startup","version":"1"},"event":{"count":1,"data":{"duration":2561,"created":1590252433101},"id":"appInit"}}
{"recorder_version":"31","session":"646b14cb4986","build":"193.5662.53","bucket":"159","time":1590252433100,"group":{"id":"startup","version":"1"},"event":{"count":1,"data":{"duration":400,"created":1590252433101},"id":"splash"}}
{"recorder_version":"31","session":"646b14cb4986","build":"193.5662.53","bucket":"159","time":1590252433100,"group":{"id":"startup","version":"1"},"event":{"count":1,"data":{"duration":484,"created":1590252433101},"id":"bootstrap"}}
{"recorder_version":"31","session":"646b14cb4986","build":"193.5662.53","bucket":"159","time":1590252433100,"group":{"id":"startup","version":"1"},"event":{"count":1,"data":{"duration":11614,"created":1590252433102},"id":"totalDuration"}}
