{"recorder_version":"31","session":"957d6ca85806","build":"193.5662.53","bucket":"159","time":1590250812909,"group":{"id":"settings","version":"4"},"event":{"state":true,"data":{"component":"UISettings","created":1590250813676},"id":"invoked"}}
{"recorder_version":"31","session":"957d6ca85806","build":"193.5662.53","bucket":"159","time":1590250812910,"group":{"id":"settings","version":"4"},"event":{"state":true,"data":{"component":"NotRoamableUiSettings","created":1590250813689},"id":"invoked"}}
{"recorder_version":"31","session":"957d6ca85806","build":"193.5662.53","bucket":"159","time":1590250812927,"group":{"id":"system.java","version":"1"},"event":{"state":true,"data":{"created":1590250813700,"version":"validation.undefined_rule"},"id":"validation.undefined_rule"}}
{"recorder_version":"31","session":"957d6ca85806","build":"193.5662.53","bucket":"159","time":1590250812927,"group":{"id":"system.java","version":"1"},"event":{"state":true,"data":{"created":1590250813701},"id":"invoked"}}
{"recorder_version":"31","session":"957d6ca85806","build":"193.5662.53","bucket":"159","time":1590250812955,"group":{"id":"system.os","version":"3"},"event":{"state":true,"data":{"created":1590250813702,"version":"10.15"},"id":"Mac"}}
{"recorder_version":"31","session":"957d6ca85806","build":"193.5662.53","bucket":"159","time":1590250812955,"group":{"id":"system.os","version":"3"},"event":{"state":true,"data":{"created":1590250813702,"name":"Mac","version":"10.15"},"id":"os.name"}}
{"recorder_version":"31","session":"957d6ca85806","build":"193.5662.53","bucket":"159","time":1590250812955,"group":{"id":"system.os","version":"3"},"event":{"state":true,"data":{"created":1590250813704,"value":"+02_00"},"id":"os.timezone"}}
{"recorder_version":"31","session":"957d6ca85806","build":"193.5662.53","bucket":"159","time":1590250812955,"group":{"id":"system.os","version":"3"},"event":{"state":true,"data":{"created":1590250813705},"id":"invoked"}}
{"recorder_version":"31","session":"957d6ca85806","build":"193.5662.53","bucket":"159","time":1590250813278,"group":{"id":"settings","version":"4"},"event":{"state":true,"data":{"component":"UpdatesConfigurable","created":1590250813706,"name":"checkNeeded","type":"bool","value":false},"id":"not.default"}}
{"recorder_version":"31","session":"957d6ca85806","build":"193.5662.53","bucket":"159","time":1590250813278,"group":{"id":"settings","version":"4"},"event":{"state":true,"data":{"component":"UpdatesConfigurable","created":1590250813706},"id":"invoked"}}
{"recorder_version":"31","session":"957d6ca85806","build":"193.5662.53","bucket":"159","time":1590250813558,"group":{"id":"event.log","version":"31"},"event":{"count":1,"data":{"created":1590250813707,"version":"1268.0"},"id":"whitelist.loaded"}}
{"recorder_version":"31","session":"957d6ca85806","build":"193.5662.53","bucket":"159","time":1590250813641,"group":{"id":"settings","version":"4"},"event":{"state":true,"data":{"component":"GeneralSettings","created":1590250813708,"name":"showTipsOnStartup","type":"bool","value":false},"id":"not.default"}}
{"recorder_version":"31","session":"957d6ca85806","build":"193.5662.53","bucket":"159","time":1590250813641,"group":{"id":"settings","version":"4"},"event":{"state":true,"data":{"component":"GeneralSettings","created":1590250813709},"id":"invoked"}}
{"recorder_version":"31","session":"957d6ca85806","build":"193.5662.53","bucket":"159","time":1590250813737,"group":{"id":"lifecycle","version":"31"},"event":{"count":1,"data":{"internal":true,"eap":false,"created":1590250813737},"id":"ide.start"}}
{"recorder_version":"31","session":"957d6ca85806","build":"193.5662.53","bucket":"159","time":1590250813833,"group":{"id":"settings","version":"4"},"event":{"state":true,"data":{"component":"XmlEditorOptions","created":1590250813834},"id":"invoked"}}
{"recorder_version":"31","session":"957d6ca85806","build":"193.5662.53","bucket":"159","time":1590250813874,"group":{"id":"performance","version":"31"},"event":{"count":1,"data":{"duration_ms":197,"created":1590250813874},"id":"ui.latency"}}
{"recorder_version":"31","session":"957d6ca85806","build":"193.5662.53","bucket":"159","time":1590250813874,"group":{"id":"performance","version":"31"},"event":{"count":1,"data":{"duration_ms":197,"created":1590250813875},"id":"ui.lagging"}}
{"recorder_version":"31","session":"957d6ca85806","build":"193.5662.53","bucket":"159","time":1590250815656,"group":{"id":"performance","version":"31"},"event":{"count":1,"data":{"duration_ms":966,"created":1590250815656},"id":"ui.lagging"}}
{"recorder_version":"31","session":"957d6ca85806","build":"193.5662.53","bucket":"159","time":1590250815860,"group":{"id":"performance","version":"31"},"event":{"count":1,"data":{"duration_ms":187,"created":1590250815861},"id":"ui.lagging"}}
{"recorder_version":"31","session":"957d6ca85806","build":"193.5662.53","bucket":"159","time":1590250815897,"group":{"id":"ui.dialogs","version":"31"},"event":{"count":1,"data":{"created":1590250815898,"plugin_type":"PLATFORM","dialog_class":"com.intellij.openapi.progress.util.ProgressDialog$MyDialogWrapper"},"id":"show"}}
{"recorder_version":"31","session":"957d6ca85806","build":"193.5662.53","bucket":"159","time":1590250815966,"group":{"id":"settings","version":"4"},"event":{"state":true,"data":{"component":"VcsApplicationSettings","created":1590250815966},"id":"invoked"}}
{"recorder_version":"31","session":"957d6ca85806","build":"193.5662.53","bucket":"159","time":1590250819235,"group":{"id":"lifecycle","version":"31"},"event":{"count":1,"data":{"created":1590250819235,"project":"d119a6d897fcb33934b9adf90ec59bc9e850f90f58367fa567dc99031a6fc921"},"id":"project.opened"}}
{"recorder_version":"31","session":"957d6ca85806","build":"193.5662.53","bucket":"159","time":1590250820206,"group":{"id":"performance","version":"31"},"event":{"count":1,"data":{"duration_ms":1527,"created":1590250820207},"id":"ui.lagging"}}
{"recorder_version":"31","session":"957d6ca85806","build":"193.5662.53","bucket":"159","time":1590250820469,"group":{"id":"performance","version":"31"},"event":{"count":1,"data":{"duration_ms":787,"created":1590250820469},"id":"ui.lagging"}}
{"recorder_version":"31","session":"957d6ca85806","build":"193.5662.53","bucket":"159","time":1590250820508,"group":{"id":"toolwindow","version":"31"},"event":{"count":1,"data":{"created":1590250820509,"plugin_type":"PLATFORM","id":"Event_Log"},"id":"activated"}}
{"recorder_version":"31","session":"957d6ca85806","build":"193.5662.53","bucket":"159","time":1590250822169,"group":{"id":"performance","version":"31"},"event":{"count":1,"data":{"duration_ms":1485,"created":1590250822169},"id":"ui.lagging"}}
{"recorder_version":"31","session":"957d6ca85806","build":"193.5662.53","bucket":"159","time":1590250822171,"group":{"id":"performance","version":"31"},"event":{"count":1,"data":{"duration_ms":487,"created":1590250822171},"id":"ui.lagging"}}
{"recorder_version":"31","session":"957d6ca85806","build":"193.5662.53","bucket":"159","time":1590250823308,"group":{"id":"performance","version":"31"},"event":{"count":1,"data":{"duration_ms":624,"created":1590250823308},"id":"ui.lagging"}}
{"recorder_version":"31","session":"957d6ca85806","build":"193.5662.53","bucket":"159","time":1590250823730,"group":{"id":"project.fs","version":"1"},"event":{"state":true,"data":{"os":"Mac","cs-project":false,"created":1590250823730,"project":"d119a6d897fcb33934b9adf90ec59bc9e850f90f58367fa567dc99031a6fc921","cs-implicit":true,"cs-system":false},"id":"case-sensitivity"}}
{"recorder_version":"31","session":"957d6ca85806","build":"193.5662.53","bucket":"159","time":1590250823730,"group":{"id":"project.fs","version":"1"},"event":{"state":true,"data":{"created":1590250823731},"id":"invoked"}}
{"recorder_version":"31","session":"957d6ca85806","build":"193.5662.53","bucket":"159","time":1590250823734,"group":{"id":"project.fs","version":"1"},"event":{"state":true,"data":{"pct-non-watched":0,"created":1590250823734,"project":"d119a6d897fcb33934b9adf90ec59bc9e850f90f58367fa567dc99031a6fc921"},"id":"roots-watched"}}
{"recorder_version":"31","session":"957d6ca85806","build":"193.5662.53","bucket":"159","time":1590250823734,"group":{"id":"project.fs","version":"1"},"event":{"state":true,"data":{"created":1590250823735},"id":"invoked"}}
{"recorder_version":"31","session":"957d6ca85806","build":"193.5662.53","bucket":"159","time":1590250823822,"group":{"id":"ui.dialogs","version":"31"},"event":{"count":1,"data":{"code":1,"created":1590250823822,"plugin_type":"PLATFORM","dialog_class":"com.intellij.openapi.progress.util.ProgressDialog$MyDialogWrapper"},"id":"close"}}
{"recorder_version":"31","session":"957d6ca85806","build":"193.5662.53","bucket":"159","time":1590250824154,"group":{"id":"indexing","version":"2"},"event":{"count":1,"data":{"ide_activity_id":1,"created":1590250824154,"project":"d119a6d897fcb33934b9adf90ec59bc9e850f90f58367fa567dc99031a6fc921"},"id":"started"}}
{"recorder_version":"31","session":"957d6ca85806","build":"193.5662.53","bucket":"159","time":1590250824363,"group":{"id":"indexing","version":"2"},"event":{"count":1,"data":{"ide_activity_id":1,"stage_class":"com.intellij.util.indexing.UnindexedFilesUpdater","created":1590250824364,"plugin_type":"PLATFORM"},"id":"stage"}}
{"recorder_version":"31","session":"957d6ca85806","build":"193.5662.53","bucket":"159","time":1590250824414,"group":{"id":"lifecycle","version":"31"},"event":{"count":1,"data":{"duration_ms":10497,"created":1590250824414,"project":"d119a6d897fcb33934b9adf90ec59bc9e850f90f58367fa567dc99031a6fc921"},"id":"project.opening.finished"}}
{"recorder_version":"31","session":"957d6ca85806","build":"193.5662.53","bucket":"159","time":1590250828643,"group":{"id":"indexing","version":"2"},"event":{"count":1,"data":{"duration_ms":4489,"ide_activity_id":1,"created":1590250828645},"id":"finished"}}
{"recorder_version":"31","session":"957d6ca85806","build":"193.5662.53","bucket":"159","time":1590250828770,"group":{"id":"indexing","version":"2"},"event":{"count":1,"data":{"ide_activity_id":2,"created":1590250828771,"project":"d119a6d897fcb33934b9adf90ec59bc9e850f90f58367fa567dc99031a6fc921"},"id":"started"}}
{"recorder_version":"31","session":"957d6ca85806","build":"193.5662.53","bucket":"159","time":1590250828787,"group":{"id":"indexing","version":"2"},"event":{"count":1,"data":{"ide_activity_id":2,"plugin":"org.jetbrains.android","stage_class":"com.android.tools.idea.res.ResourceFolderRepositoryFileCacheImpl$PruneTask","created":1590250828787,"plugin_type":"JB_BUNDLED"},"id":"stage"}}
{"recorder_version":"31","session":"957d6ca85806","build":"193.5662.53","bucket":"159","time":1590250828827,"group":{"id":"indexing","version":"2"},"event":{"count":1,"data":{"ide_activity_id":2,"plugin":"org.jetbrains.android","stage_class":"com.android.tools.idea.res.ResourceFolderRepositoryFileCacheImpl$ManageLruProjectFilesTask","created":1590250828828,"plugin_type":"JB_BUNDLED"},"id":"stage"}}
{"recorder_version":"31","session":"957d6ca85806","build":"193.5662.53","bucket":"159","time":1590250828837,"group":{"id":"startup","version":"1"},"event":{"count":1,"data":{"duration":2754,"created":1590250828838},"id":"appInit"}}
{"recorder_version":"31","session":"957d6ca85806","build":"193.5662.53","bucket":"159","time":1590250828837,"group":{"id":"startup","version":"1"},"event":{"count":1,"data":{"duration":583,"created":1590250828838},"id":"splash"}}
{"recorder_version":"31","session":"957d6ca85806","build":"193.5662.53","bucket":"159","time":1590250828838,"group":{"id":"startup","version":"1"},"event":{"count":1,"data":{"duration":750,"created":1590250828838},"id":"bootstrap"}}
{"recorder_version":"31","session":"957d6ca85806","build":"193.5662.53","bucket":"159","time":1590250828838,"group":{"id":"startup","version":"1"},"event":{"count":1,"data":{"duration":16015,"created":1590250828839},"id":"totalDuration"}}
{"recorder_version":"31","session":"957d6ca85806","build":"193.5662.53","bucket":"159","time":1590250828864,"group":{"id":"indexing","version":"2"},"event":{"count":1,"data":{"duration_ms":93,"ide_activity_id":2,"created":1590250828864},"id":"finished"}}
{"recorder_version":"31","session":"957d6ca85806","build":"193.5662.53","bucket":"159","time":1590250828883,"group":{"id":"indexing","version":"2"},"event":{"count":1,"data":{"ide_activity_id":3,"created":1590250828884,"project":"d119a6d897fcb33934b9adf90ec59bc9e850f90f58367fa567dc99031a6fc921"},"id":"started"}}
{"recorder_version":"31","session":"957d6ca85806","build":"193.5662.53","bucket":"159","time":1590250828900,"group":{"id":"indexing","version":"2"},"event":{"count":1,"data":{"ide_activity_id":3,"plugin":"org.jetbrains.android","stage_class":"com.android.tools.idea.res.ResourceFolderRegistry$PopulateCachesTask","created":1590250828901,"plugin_type":"JB_BUNDLED"},"id":"stage"}}
{"recorder_version":"31","session":"957d6ca85806","build":"193.5662.53","bucket":"159","time":1590250828957,"group":{"id":"indexing","version":"2"},"event":{"count":1,"data":{"duration_ms":74,"ide_activity_id":3,"created":1590250828958},"id":"finished"}}
{"recorder_version":"31","session":"957d6ca85806","build":"193.5662.53","bucket":"159","time":1590250893862,"group":{"id":"lifecycle","version":"31"},"event":{"count":1,"data":{"created":1590250893862,"project":"d119a6d897fcb33934b9adf90ec59bc9e850f90f58367fa567dc99031a6fc921"},"id":"frame.activated"}}
{"recorder_version":"31","session":"957d6ca85806","build":"193.5662.53","bucket":"159","time":1590250896235,"group":{"id":"actions","version":"31"},"event":{"count":1,"data":{"context_menu":true,"action_id":"third.party","created":1590250896235,"plugin_type":"NOT_LISTED","project":"d119a6d897fcb33934b9adf90ec59bc9e850f90f58367fa567dc99031a6fc921","place":"MainMenu","class":"third.party","input_event":"NoMouseButton"},"id":"action.invoked"}}
{"recorder_version":"31","session":"957d6ca85806","build":"193.5662.53","bucket":"159","time":1590250899404,"group":{"id":"ui.dialogs","version":"31"},"event":{"count":1,"data":{"created":1590250899405,"plugin_type":"NOT_LISTED","dialog_class":"third.party"},"id":"show"}}
{"recorder_version":"31","session":"957d6ca85806","build":"193.5662.53","bucket":"159","time":1590250903939,"group":{"id":"ui.dialogs","version":"31"},"event":{"count":1,"data":{"code":1,"created":1590250903939,"plugin_type":"NOT_LISTED","dialog_class":"third.party"},"id":"close"}}
{"recorder_version":"31","session":"957d6ca85806","build":"193.5662.53","bucket":"159","time":1590250906215,"group":{"id":"lifecycle","version":"31"},"event":{"count":1,"data":{"created":1590250906215,"project":"d119a6d897fcb33934b9adf90ec59bc9e850f90f58367fa567dc99031a6fc921"},"id":"frame.deactivated"}}
