{"recorder_version":"31","session":"baa8446e3fae","build":"193.5662.53","bucket":"159","time":1589928685429,"group":{"id":"settings","version":"4"},"event":{"state":true,"data":{"component":"UISettings","created":1589928685636},"id":"invoked"}}
{"recorder_version":"31","session":"baa8446e3fae","build":"193.5662.53","bucket":"159","time":1589928685429,"group":{"id":"settings","version":"4"},"event":{"state":true,"data":{"component":"NotRoamableUiSettings","created":1589928685638},"id":"invoked"}}
{"recorder_version":"31","session":"baa8446e3fae","build":"193.5662.53","bucket":"159","time":1589928685434,"group":{"id":"system.java","version":"1"},"event":{"state":true,"data":{"created":1589928685646,"version":"validation.undefined_rule"},"id":"validation.undefined_rule"}}
{"recorder_version":"31","session":"baa8446e3fae","build":"193.5662.53","bucket":"159","time":1589928685434,"group":{"id":"system.java","version":"1"},"event":{"state":true,"data":{"created":1589928685646},"id":"invoked"}}
{"recorder_version":"31","session":"baa8446e3fae","build":"193.5662.53","bucket":"159","time":1589928685450,"group":{"id":"system.os","version":"3"},"event":{"state":true,"data":{"created":1589928685647,"version":"10.15"},"id":"Mac"}}
{"recorder_version":"31","session":"baa8446e3fae","build":"193.5662.53","bucket":"159","time":1589928685450,"group":{"id":"system.os","version":"3"},"event":{"state":true,"data":{"created":1589928685647,"name":"Mac","version":"10.15"},"id":"os.name"}}
{"recorder_version":"31","session":"baa8446e3fae","build":"193.5662.53","bucket":"159","time":1589928685450,"group":{"id":"system.os","version":"3"},"event":{"state":true,"data":{"created":1589928685647,"value":"+02_00"},"id":"os.timezone"}}
{"recorder_version":"31","session":"baa8446e3fae","build":"193.5662.53","bucket":"159","time":1589928685451,"group":{"id":"system.os","version":"3"},"event":{"state":true,"data":{"created":1589928685648},"id":"invoked"}}
{"recorder_version":"31","session":"baa8446e3fae","build":"193.5662.53","bucket":"159","time":1589928685534,"group":{"id":"settings","version":"4"},"event":{"state":true,"data":{"component":"UpdatesConfigurable","created":1589928685648,"name":"checkNeeded","type":"bool","value":false},"id":"not.default"}}
{"recorder_version":"31","session":"baa8446e3fae","build":"193.5662.53","bucket":"159","time":1589928685534,"group":{"id":"settings","version":"4"},"event":{"state":true,"data":{"component":"UpdatesConfigurable","created":1589928685650},"id":"invoked"}}
{"recorder_version":"31","session":"baa8446e3fae","build":"193.5662.53","bucket":"159","time":1589928685619,"group":{"id":"event.log","version":"31"},"event":{"count":1,"data":{"created":1589928685650,"version":"1261.0"},"id":"whitelist.loaded"}}
{"recorder_version":"31","session":"baa8446e3fae","build":"193.5662.53","bucket":"159","time":1589928685692,"group":{"id":"settings","version":"4"},"event":{"state":true,"data":{"component":"GeneralSettings","created":1589928685692,"name":"showTipsOnStartup","type":"bool","value":false},"id":"not.default"}}
{"recorder_version":"31","session":"baa8446e3fae","build":"193.5662.53","bucket":"159","time":1589928685692,"group":{"id":"settings","version":"4"},"event":{"state":true,"data":{"component":"GeneralSettings","created":1589928685693},"id":"invoked"}}
{"recorder_version":"31","session":"baa8446e3fae","build":"193.5662.53","bucket":"159","time":1589928685719,"group":{"id":"lifecycle","version":"31"},"event":{"count":1,"data":{"internal":true,"eap":false,"created":1589928685720},"id":"ide.start"}}
{"recorder_version":"31","session":"baa8446e3fae","build":"193.5662.53","bucket":"159","time":1589928685789,"group":{"id":"settings","version":"4"},"event":{"state":true,"data":{"component":"XmlEditorOptions","created":1589928685789},"id":"invoked"}}
{"recorder_version":"31","session":"baa8446e3fae","build":"193.5662.53","bucket":"159","time":1589928686528,"group":{"id":"lifecycle","version":"31"},"event":{"count":1,"data":{"created":1589928686528},"id":"frame.activated"}}
{"recorder_version":"31","session":"baa8446e3fae","build":"193.5662.53","bucket":"159","time":1589928686528,"group":{"id":"settings","version":"4"},"event":{"state":true,"data":{"component":"VcsApplicationSettings","created":1589928686529},"id":"invoked"}}
{"recorder_version":"31","session":"baa8446e3fae","build":"193.5662.53","bucket":"159","time":1589928686581,"group":{"id":"performance","version":"31"},"event":{"count":1,"data":{"duration_ms":283,"created":1589928686582},"id":"ui.latency"}}
{"recorder_version":"31","session":"baa8446e3fae","build":"193.5662.53","bucket":"159","time":1589928686582,"group":{"id":"performance","version":"31"},"event":{"count":1,"data":{"duration_ms":283,"created":1589928686582},"id":"ui.lagging"}}
{"recorder_version":"31","session":"baa8446e3fae","build":"193.5662.53","bucket":"159","time":1589928686702,"group":{"id":"ui.dialogs","version":"31"},"event":{"count":1,"data":{"created":1589928686703,"plugin_type":"PLATFORM","dialog_class":"com.intellij.openapi.progress.util.ProgressDialog$MyDialogWrapper"},"id":"show"}}
{"recorder_version":"31","session":"baa8446e3fae","build":"193.5662.53","bucket":"159","time":1589928688104,"group":{"id":"lifecycle","version":"31"},"event":{"count":1,"data":{"created":1589928688105,"project":"d119a6d897fcb33934b9adf90ec59bc9e850f90f58367fa567dc99031a6fc921"},"id":"project.opened"}}
{"recorder_version":"31","session":"baa8446e3fae","build":"193.5662.53","bucket":"159","time":1589928688523,"group":{"id":"performance","version":"31"},"event":{"count":1,"data":{"duration_ms":230,"created":1589928688523},"id":"ui.lagging"}}
{"recorder_version":"31","session":"baa8446e3fae","build":"193.5662.53","bucket":"159","time":1589928688538,"group":{"id":"toolwindow","version":"31"},"event":{"count":1,"data":{"created":1589928688538,"plugin_type":"PLATFORM","id":"Event_Log"},"id":"activated"}}
{"recorder_version":"31","session":"baa8446e3fae","build":"193.5662.53","bucket":"159","time":1589928689478,"group":{"id":"performance","version":"31"},"event":{"count":1,"data":{"duration_ms":182,"created":1589928689479},"id":"ui.lagging"}}
{"recorder_version":"31","session":"baa8446e3fae","build":"193.5662.53","bucket":"159","time":1589928689618,"group":{"id":"indexing","version":"2"},"event":{"count":1,"data":{"ide_activity_id":1,"created":1589928689618,"project":"d119a6d897fcb33934b9adf90ec59bc9e850f90f58367fa567dc99031a6fc921"},"id":"started"}}
{"recorder_version":"31","session":"baa8446e3fae","build":"193.5662.53","bucket":"159","time":1589928689650,"group":{"id":"indexing","version":"2"},"event":{"count":1,"data":{"ide_activity_id":1,"stage_class":"com.intellij.util.indexing.UnindexedFilesUpdater","created":1589928689650,"plugin_type":"PLATFORM"},"id":"stage"}}
{"recorder_version":"31","session":"baa8446e3fae","build":"193.5662.53","bucket":"159","time":1589928689830,"group":{"id":"project.fs","version":"1"},"event":{"state":true,"data":{"os":"Mac","cs-project":false,"created":1589928689830,"project":"d119a6d897fcb33934b9adf90ec59bc9e850f90f58367fa567dc99031a6fc921","cs-implicit":true,"cs-system":false},"id":"case-sensitivity"}}
{"recorder_version":"31","session":"baa8446e3fae","build":"193.5662.53","bucket":"159","time":1589928689830,"group":{"id":"project.fs","version":"1"},"event":{"state":true,"data":{"created":1589928689830},"id":"invoked"}}
{"recorder_version":"31","session":"baa8446e3fae","build":"193.5662.53","bucket":"159","time":1589928689833,"group":{"id":"project.fs","version":"1"},"event":{"state":true,"data":{"pct-non-watched":0,"created":1589928689834,"project":"d119a6d897fcb33934b9adf90ec59bc9e850f90f58367fa567dc99031a6fc921"},"id":"roots-watched"}}
{"recorder_version":"31","session":"baa8446e3fae","build":"193.5662.53","bucket":"159","time":1589928689834,"group":{"id":"project.fs","version":"1"},"event":{"state":true,"data":{"created":1589928689834},"id":"invoked"}}
{"recorder_version":"31","session":"baa8446e3fae","build":"193.5662.53","bucket":"159","time":1589928689862,"group":{"id":"ui.dialogs","version":"31"},"event":{"count":1,"data":{"code":1,"created":1589928689862,"plugin_type":"PLATFORM","dialog_class":"com.intellij.openapi.progress.util.ProgressDialog$MyDialogWrapper"},"id":"close"}}
{"recorder_version":"31","session":"baa8446e3fae","build":"193.5662.53","bucket":"159","time":1589928690016,"group":{"id":"lifecycle","version":"31"},"event":{"count":1,"data":{"duration_ms":4058,"created":1589928690016,"project":"d119a6d897fcb33934b9adf90ec59bc9e850f90f58367fa567dc99031a6fc921"},"id":"project.opening.finished"}}
{"recorder_version":"31","session":"baa8446e3fae","build":"193.5662.53","bucket":"159","time":1589928691140,"group":{"id":"indexing","version":"2"},"event":{"count":1,"data":{"duration_ms":1522,"ide_activity_id":1,"created":1589928691140},"id":"finished"}}
{"recorder_version":"31","session":"baa8446e3fae","build":"193.5662.53","bucket":"159","time":1589928691207,"group":{"id":"indexing","version":"2"},"event":{"count":1,"data":{"ide_activity_id":2,"created":1589928691208,"project":"d119a6d897fcb33934b9adf90ec59bc9e850f90f58367fa567dc99031a6fc921"},"id":"started"}}
{"recorder_version":"31","session":"baa8446e3fae","build":"193.5662.53","bucket":"159","time":1589928691215,"group":{"id":"indexing","version":"2"},"event":{"count":1,"data":{"ide_activity_id":2,"plugin":"org.jetbrains.android","stage_class":"com.android.tools.idea.res.ResourceFolderRepositoryFileCacheImpl$PruneTask","created":1589928691216,"plugin_type":"JB_BUNDLED"},"id":"stage"}}
{"recorder_version":"31","session":"baa8446e3fae","build":"193.5662.53","bucket":"159","time":1589928691254,"group":{"id":"indexing","version":"2"},"event":{"count":1,"data":{"ide_activity_id":2,"plugin":"org.jetbrains.android","stage_class":"com.android.tools.idea.res.ResourceFolderRepositoryFileCacheImpl$ManageLruProjectFilesTask","created":1589928691254,"plugin_type":"JB_BUNDLED"},"id":"stage"}}
{"recorder_version":"31","session":"baa8446e3fae","build":"193.5662.53","bucket":"159","time":1589928691275,"group":{"id":"indexing","version":"2"},"event":{"count":1,"data":{"duration_ms":68,"ide_activity_id":2,"created":1589928691276},"id":"finished"}}
{"recorder_version":"31","session":"baa8446e3fae","build":"193.5662.53","bucket":"159","time":1589928691289,"group":{"id":"indexing","version":"2"},"event":{"count":1,"data":{"ide_activity_id":3,"created":1589928691289,"project":"d119a6d897fcb33934b9adf90ec59bc9e850f90f58367fa567dc99031a6fc921"},"id":"started"}}
{"recorder_version":"31","session":"baa8446e3fae","build":"193.5662.53","bucket":"159","time":1589928691291,"group":{"id":"indexing","version":"2"},"event":{"count":1,"data":{"ide_activity_id":3,"plugin":"org.jetbrains.android","stage_class":"com.android.tools.idea.res.ResourceFolderRegistry$PopulateCachesTask","created":1589928691292,"plugin_type":"JB_BUNDLED"},"id":"stage"}}
{"recorder_version":"31","session":"baa8446e3fae","build":"193.5662.53","bucket":"159","time":1589928691293,"group":{"id":"indexing","version":"2"},"event":{"count":1,"data":{"duration_ms":4,"ide_activity_id":3,"created":1589928691293},"id":"finished"}}
{"recorder_version":"31","session":"baa8446e3fae","build":"193.5662.53","bucket":"159","time":1589928691584,"group":{"id":"performance","version":"31"},"event":{"count":1,"data":{"duration_ms":286,"created":1589928691584},"id":"ui.lagging"}}
{"recorder_version":"31","session":"baa8446e3fae","build":"193.5662.53","bucket":"159","time":1589928694867,"group":{"id":"startup","version":"1"},"event":{"count":1,"data":{"duration":1571,"created":1589928694867},"id":"appInit"}}
{"recorder_version":"31","session":"baa8446e3fae","build":"193.5662.53","bucket":"159","time":1589928694867,"group":{"id":"startup","version":"1"},"event":{"count":1,"data":{"duration":334,"created":1589928694867},"id":"splash"}}
{"recorder_version":"31","session":"baa8446e3fae","build":"193.5662.53","bucket":"159","time":1589928694867,"group":{"id":"startup","version":"1"},"event":{"count":1,"data":{"duration":297,"created":1589928694867},"id":"bootstrap"}}
{"recorder_version":"31","session":"baa8446e3fae","build":"193.5662.53","bucket":"159","time":1589928694867,"group":{"id":"startup","version":"1"},"event":{"count":1,"data":{"duration":7101,"created":1589928694868},"id":"totalDuration"}}
