{"recorder_version":"31","session":"72da01fc4701","build":"193.5662.53","bucket":"159","time":1590674579931,"group":{"id":"settings","version":"4"},"event":{"state":true,"data":{"component":"NotRoamableUiSettings","created":1590674580231},"id":"invoked"}}
{"recorder_version":"31","session":"72da01fc4701","build":"193.5662.53","bucket":"159","time":1590674579931,"group":{"id":"settings","version":"4"},"event":{"state":true,"data":{"component":"UISettings","created":1590674580234},"id":"invoked"}}
{"recorder_version":"31","session":"72da01fc4701","build":"193.5662.53","bucket":"159","time":1590674579940,"group":{"id":"system.java","version":"1"},"event":{"state":true,"data":{"created":1590674580243,"version":"validation.undefined_rule"},"id":"validation.undefined_rule"}}
{"recorder_version":"31","session":"72da01fc4701","build":"193.5662.53","bucket":"159","time":1590674579940,"group":{"id":"system.java","version":"1"},"event":{"state":true,"data":{"created":1590674580243},"id":"invoked"}}
{"recorder_version":"31","session":"72da01fc4701","build":"193.5662.53","bucket":"159","time":1590674579976,"group":{"id":"system.os","version":"3"},"event":{"state":true,"data":{"created":1590674580244,"version":"10.15"},"id":"Mac"}}
{"recorder_version":"31","session":"72da01fc4701","build":"193.5662.53","bucket":"159","time":1590674579976,"group":{"id":"system.os","version":"3"},"event":{"state":true,"data":{"created":1590674580244,"name":"Mac","version":"10.15"},"id":"os.name"}}
{"recorder_version":"31","session":"72da01fc4701","build":"193.5662.53","bucket":"159","time":1590674579976,"group":{"id":"system.os","version":"3"},"event":{"state":true,"data":{"created":1590674580245,"value":"+02_00"},"id":"os.timezone"}}
{"recorder_version":"31","session":"72da01fc4701","build":"193.5662.53","bucket":"159","time":1590674579977,"group":{"id":"system.os","version":"3"},"event":{"state":true,"data":{"created":1590674580245},"id":"invoked"}}
{"recorder_version":"31","session":"72da01fc4701","build":"193.5662.53","bucket":"159","time":1590674580112,"group":{"id":"settings","version":"4"},"event":{"state":true,"data":{"component":"UpdatesConfigurable","created":1590674580246,"name":"checkNeeded","type":"bool","value":false},"id":"not.default"}}
{"recorder_version":"31","session":"72da01fc4701","build":"193.5662.53","bucket":"159","time":1590674580112,"group":{"id":"settings","version":"4"},"event":{"state":true,"data":{"component":"UpdatesConfigurable","created":1590674580246},"id":"invoked"}}
{"recorder_version":"31","session":"72da01fc4701","build":"193.5662.53","bucket":"159","time":1590674580207,"group":{"id":"event.log","version":"31"},"event":{"count":1,"data":{"created":1590674580248,"version":"1274.0"},"id":"whitelist.loaded"}}
{"recorder_version":"31","session":"72da01fc4701","build":"193.5662.53","bucket":"159","time":1590674580375,"group":{"id":"settings","version":"4"},"event":{"state":true,"data":{"component":"GeneralSettings","created":1590674580376,"name":"showTipsOnStartup","type":"bool","value":false},"id":"not.default"}}
{"recorder_version":"31","session":"72da01fc4701","build":"193.5662.53","bucket":"159","time":1590674580375,"group":{"id":"settings","version":"4"},"event":{"state":true,"data":{"component":"GeneralSettings","created":1590674580377},"id":"invoked"}}
{"recorder_version":"31","session":"72da01fc4701","build":"193.5662.53","bucket":"159","time":1590674580418,"group":{"id":"lifecycle","version":"31"},"event":{"count":1,"data":{"internal":true,"eap":false,"created":1590674580418},"id":"ide.start"}}
{"recorder_version":"31","session":"72da01fc4701","build":"193.5662.53","bucket":"159","time":1590674580548,"group":{"id":"settings","version":"4"},"event":{"state":true,"data":{"component":"XmlEditorOptions","created":1590674580548},"id":"invoked"}}
{"recorder_version":"31","session":"72da01fc4701","build":"193.5662.53","bucket":"159","time":1590674581709,"group":{"id":"performance","version":"31"},"event":{"count":1,"data":{"duration_ms":1113,"created":1590674581709},"id":"ui.latency"}}
{"recorder_version":"31","session":"72da01fc4701","build":"193.5662.53","bucket":"159","time":1590674581709,"group":{"id":"performance","version":"31"},"event":{"count":1,"data":{"duration_ms":1113,"created":1590674581710},"id":"ui.lagging"}}
{"recorder_version":"31","session":"72da01fc4701","build":"193.5662.53","bucket":"159","time":1590674581810,"group":{"id":"performance","version":"31"},"event":{"count":1,"data":{"duration_ms":215,"created":1590674581810},"id":"ui.lagging"}}
{"recorder_version":"31","session":"72da01fc4701","build":"193.5662.53","bucket":"159","time":1590674581978,"group":{"id":"ui.dialogs","version":"31"},"event":{"count":1,"data":{"created":1590674581979,"plugin_type":"PLATFORM","dialog_class":"com.intellij.openapi.progress.util.ProgressDialog$MyDialogWrapper"},"id":"show"}}
{"recorder_version":"31","session":"72da01fc4701","build":"193.5662.53","bucket":"159","time":1590674582105,"group":{"id":"settings","version":"4"},"event":{"state":true,"data":{"component":"VcsApplicationSettings","created":1590674582105},"id":"invoked"}}
{"recorder_version":"31","session":"72da01fc4701","build":"193.5662.53","bucket":"159","time":1590674584234,"group":{"id":"lifecycle","version":"31"},"event":{"count":1,"data":{"created":1590674584234,"project":"d119a6d897fcb33934b9adf90ec59bc9e850f90f58367fa567dc99031a6fc921"},"id":"project.opened"}}
{"recorder_version":"31","session":"72da01fc4701","build":"193.5662.53","bucket":"159","time":1590674585227,"group":{"id":"performance","version":"31"},"event":{"count":1,"data":{"duration_ms":631,"created":1590674585228},"id":"ui.lagging"}}
{"recorder_version":"31","session":"72da01fc4701","build":"193.5662.53","bucket":"159","time":1590674585258,"group":{"id":"toolwindow","version":"31"},"event":{"count":1,"data":{"created":1590674585258,"plugin_type":"PLATFORM","id":"Event_Log"},"id":"activated"}}
{"recorder_version":"31","session":"72da01fc4701","build":"193.5662.53","bucket":"159","time":1590674586139,"group":{"id":"performance","version":"31"},"event":{"count":1,"data":{"duration_ms":540,"created":1590674586139},"id":"ui.lagging"}}
{"recorder_version":"31","session":"72da01fc4701","build":"193.5662.53","bucket":"159","time":1590674586752,"group":{"id":"performance","version":"31"},"event":{"count":1,"data":{"duration_ms":152,"created":1590674586752},"id":"ui.lagging"}}
{"recorder_version":"31","session":"72da01fc4701","build":"193.5662.53","bucket":"159","time":1590674586902,"group":{"id":"project.fs","version":"1"},"event":{"state":true,"data":{"os":"Mac","cs-project":false,"created":1590674586903,"project":"d119a6d897fcb33934b9adf90ec59bc9e850f90f58367fa567dc99031a6fc921","cs-implicit":true,"cs-system":false},"id":"case-sensitivity"}}
{"recorder_version":"31","session":"72da01fc4701","build":"193.5662.53","bucket":"159","time":1590674586902,"group":{"id":"project.fs","version":"1"},"event":{"state":true,"data":{"created":1590674586903},"id":"invoked"}}
{"recorder_version":"31","session":"72da01fc4701","build":"193.5662.53","bucket":"159","time":1590674586903,"group":{"id":"project.fs","version":"1"},"event":{"state":true,"data":{"pct-non-watched":0,"created":1590674586904,"project":"d119a6d897fcb33934b9adf90ec59bc9e850f90f58367fa567dc99031a6fc921"},"id":"roots-watched"}}
{"recorder_version":"31","session":"72da01fc4701","build":"193.5662.53","bucket":"159","time":1590674586903,"group":{"id":"project.fs","version":"1"},"event":{"state":true,"data":{"created":1590674586904},"id":"invoked"}}
{"recorder_version":"31","session":"72da01fc4701","build":"193.5662.53","bucket":"159","time":1590674586994,"group":{"id":"ui.dialogs","version":"31"},"event":{"count":1,"data":{"code":1,"created":1590674586994,"plugin_type":"PLATFORM","dialog_class":"com.intellij.openapi.progress.util.ProgressDialog$MyDialogWrapper"},"id":"close"}}
{"recorder_version":"31","session":"72da01fc4701","build":"193.5662.53","bucket":"159","time":1590674587080,"group":{"id":"indexing","version":"2"},"event":{"count":1,"data":{"ide_activity_id":1,"created":1590674587080,"project":"d119a6d897fcb33934b9adf90ec59bc9e850f90f58367fa567dc99031a6fc921"},"id":"started"}}
{"recorder_version":"31","session":"72da01fc4701","build":"193.5662.53","bucket":"159","time":1590674587185,"group":{"id":"lifecycle","version":"31"},"event":{"count":1,"data":{"duration_ms":6632,"created":1590674587185,"project":"d119a6d897fcb33934b9adf90ec59bc9e850f90f58367fa567dc99031a6fc921"},"id":"project.opening.finished"}}
{"recorder_version":"31","session":"72da01fc4701","build":"193.5662.53","bucket":"159","time":1590674587186,"group":{"id":"indexing","version":"2"},"event":{"count":1,"data":{"ide_activity_id":1,"stage_class":"com.intellij.util.indexing.UnindexedFilesUpdater","created":1590674587186,"plugin_type":"PLATFORM"},"id":"stage"}}
{"recorder_version":"31","session":"72da01fc4701","build":"193.5662.53","bucket":"159","time":1590674589442,"group":{"id":"indexing","version":"2"},"event":{"count":1,"data":{"duration_ms":2362,"ide_activity_id":1,"created":1590674589442},"id":"finished"}}
{"recorder_version":"31","session":"72da01fc4701","build":"193.5662.53","bucket":"159","time":1590674589541,"group":{"id":"indexing","version":"2"},"event":{"count":1,"data":{"ide_activity_id":2,"created":1590674589542,"project":"d119a6d897fcb33934b9adf90ec59bc9e850f90f58367fa567dc99031a6fc921"},"id":"started"}}
{"recorder_version":"31","session":"72da01fc4701","build":"193.5662.53","bucket":"159","time":1590674589551,"group":{"id":"indexing","version":"2"},"event":{"count":1,"data":{"ide_activity_id":2,"plugin":"org.jetbrains.android","stage_class":"com.android.tools.idea.res.ResourceFolderRepositoryFileCacheImpl$PruneTask","created":1590674589552,"plugin_type":"JB_BUNDLED"},"id":"stage"}}
{"recorder_version":"31","session":"72da01fc4701","build":"193.5662.53","bucket":"159","time":1590674589628,"group":{"id":"indexing","version":"2"},"event":{"count":1,"data":{"ide_activity_id":2,"plugin":"org.jetbrains.android","stage_class":"com.android.tools.idea.res.ResourceFolderRepositoryFileCacheImpl$ManageLruProjectFilesTask","created":1590674589631,"plugin_type":"JB_BUNDLED"},"id":"stage"}}
{"recorder_version":"31","session":"72da01fc4701","build":"193.5662.53","bucket":"159","time":1590674589663,"group":{"id":"indexing","version":"2"},"event":{"count":1,"data":{"duration_ms":122,"ide_activity_id":2,"created":1590674589664},"id":"finished"}}
{"recorder_version":"31","session":"72da01fc4701","build":"193.5662.53","bucket":"159","time":1590674589703,"group":{"id":"indexing","version":"2"},"event":{"count":1,"data":{"ide_activity_id":3,"created":1590674589703,"project":"d119a6d897fcb33934b9adf90ec59bc9e850f90f58367fa567dc99031a6fc921"},"id":"started"}}
{"recorder_version":"31","session":"72da01fc4701","build":"193.5662.53","bucket":"159","time":1590674589714,"group":{"id":"indexing","version":"2"},"event":{"count":1,"data":{"ide_activity_id":3,"plugin":"org.jetbrains.android","stage_class":"com.android.tools.idea.res.ResourceFolderRegistry$PopulateCachesTask","created":1590674589714,"plugin_type":"JB_BUNDLED"},"id":"stage"}}
{"recorder_version":"31","session":"72da01fc4701","build":"193.5662.53","bucket":"159","time":1590674589741,"group":{"id":"indexing","version":"2"},"event":{"count":1,"data":{"duration_ms":38,"ide_activity_id":3,"created":1590674589741},"id":"finished"}}
{"recorder_version":"31","session":"72da01fc4701","build":"193.5662.53","bucket":"159","time":1590674591943,"group":{"id":"startup","version":"1"},"event":{"count":1,"data":{"duration":2522,"created":1590674591943},"id":"appInit"}}
{"recorder_version":"31","session":"72da01fc4701","build":"193.5662.53","bucket":"159","time":1590674591943,"group":{"id":"startup","version":"1"},"event":{"count":1,"data":{"duration":437,"created":1590674591943},"id":"splash"}}
{"recorder_version":"31","session":"72da01fc4701","build":"193.5662.53","bucket":"159","time":1590674591943,"group":{"id":"startup","version":"1"},"event":{"count":1,"data":{"duration":641,"created":1590674591943},"id":"bootstrap"}}
{"recorder_version":"31","session":"72da01fc4701","build":"193.5662.53","bucket":"159","time":1590674591943,"group":{"id":"startup","version":"1"},"event":{"count":1,"data":{"duration":12700,"created":1590674591943},"id":"totalDuration"}}
{"recorder_version":"31","session":"72da01fc4701","build":"193.5662.53","bucket":"159","time":1590674602398,"group":{"id":"lifecycle","version":"31"},"event":{"count":1,"data":{"created":1590674602405,"project":"d119a6d897fcb33934b9adf90ec59bc9e850f90f58367fa567dc99031a6fc921"},"id":"frame.activated"}}
{"recorder_version":"31","session":"72da01fc4701","build":"193.5662.53","bucket":"159","time":1590674605041,"group":{"id":"actions","version":"31"},"event":{"count":1,"data":{"context_menu":true,"action_id":"third.party","created":1590674605041,"plugin_type":"NOT_LISTED","project":"d119a6d897fcb33934b9adf90ec59bc9e850f90f58367fa567dc99031a6fc921","place":"MainMenu","class":"third.party","input_event":"NoMouseButton"},"id":"action.invoked"}}
{"recorder_version":"31","session":"72da01fc4701","build":"193.5662.53","bucket":"159","time":1590674677958,"group":{"id":"lifecycle","version":"31"},"event":{"count":1,"data":{"created":1590674677958,"project":"d119a6d897fcb33934b9adf90ec59bc9e850f90f58367fa567dc99031a6fc921"},"id":"frame.deactivated"}}
{"recorder_version":"31","session":"72da01fc4701","build":"193.5662.53","bucket":"159","time":1590674681831,"group":{"id":"performance","version":"31"},"event":{"count":1,"data":{"duration_ms":0,"created":1590674681831},"id":"ui.latency"}}
{"recorder_version":"31","session":"72da01fc4701","build":"193.5662.53","bucket":"159","time":1590674782114,"group":{"id":"performance","version":"31"},"event":{"count":1,"data":{"duration_ms":0,"created":1590674782114},"id":"ui.latency"}}
{"recorder_version":"31","session":"72da01fc4701","build":"193.5662.53","bucket":"159","time":1590674880424,"group":{"id":"kotlin.ide.j2k","version":"1"},"event":{"count":1,"data":{"created":1590674880425},"id":"registered"}}
{"recorder_version":"31","session":"72da01fc4701","build":"193.5662.53","bucket":"159","time":1590674880425,"group":{"id":"java.find.usages","version":"1"},"event":{"count":1,"data":{"created":1590674880426},"id":"registered"}}
{"recorder_version":"31","session":"72da01fc4701","build":"193.5662.53","bucket":"159","time":1590674880425,"group":{"id":"file.types.usage","version":"31"},"event":{"count":1,"data":{"created":1590674880426},"id":"registered"}}
{"recorder_version":"31","session":"72da01fc4701","build":"193.5662.53","bucket":"159","time":1590674880425,"group":{"id":"ide.script.engine","version":"2"},"event":{"count":1,"data":{"created":1590674880426},"id":"registered"}}
{"recorder_version":"31","session":"72da01fc4701","build":"193.5662.53","bucket":"159","time":1590674880425,"group":{"id":"live.templates","version":"31"},"event":{"count":1,"data":{"created":1590674880426},"id":"registered"}}
{"recorder_version":"31","session":"72da01fc4701","build":"193.5662.53","bucket":"159","time":1590674880425,"group":{"id":"ide.self.update","version":"2"},"event":{"count":1,"data":{"created":1590674880426},"id":"registered"}}
{"recorder_version":"31","session":"72da01fc4701","build":"193.5662.53","bucket":"159","time":1590674880425,"group":{"id":"lifecycle","version":"31"},"event":{"count":1,"data":{"created":1590674880426},"id":"registered"}}
{"recorder_version":"31","session":"72da01fc4701","build":"193.5662.53","bucket":"159","time":1590674880425,"group":{"id":"vcs.diff.trigger","version":"1"},"event":{"count":1,"data":{"created":1590674880426},"id":"registered"}}
{"recorder_version":"31","session":"72da01fc4701","build":"193.5662.53","bucket":"159","time":1590674880425,"group":{"id":"debugger.breakpoints.usage","version":"2"},"event":{"count":1,"data":{"created":1590674880426},"id":"registered"}}
{"recorder_version":"31","session":"72da01fc4701","build":"193.5662.53","bucket":"159","time":1590674880425,"group":{"id":"kotlin.gradle.library","version":"1"},"event":{"count":1,"data":{"created":1590674880426},"id":"registered"}}
{"recorder_version":"31","session":"72da01fc4701","build":"193.5662.53","bucket":"159","time":1590674880425,"group":{"id":"startup","version":"1"},"event":{"count":1,"data":{"created":1590674880426},"id":"registered"}}
{"recorder_version":"31","session":"72da01fc4701","build":"193.5662.53","bucket":"159","time":1590674880425,"group":{"id":"find","version":"2"},"event":{"count":1,"data":{"created":1590674880426},"id":"registered"}}
{"recorder_version":"31","session":"72da01fc4701","build":"193.5662.53","bucket":"159","time":1590674880425,"group":{"id":"kotlin.gradle.target","version":"2"},"event":{"count":1,"data":{"created":1590674880426},"id":"registered"}}
{"recorder_version":"31","session":"72da01fc4701","build":"193.5662.53","bucket":"159","time":1590674880425,"group":{"id":"gutter.icon.click","version":"2"},"event":{"count":1,"data":{"created":1590674880426},"id":"registered"}}
{"recorder_version":"31","session":"72da01fc4701","build":"193.5662.53","bucket":"159","time":1590674880425,"group":{"id":"shell.script","version":"1"},"event":{"count":1,"data":{"created":1590674880427},"id":"registered"}}
{"recorder_version":"31","session":"72da01fc4701","build":"193.5662.53","bucket":"159","time":1590674880425,"group":{"id":"new.project.wizard","version":"1"},"event":{"count":1,"data":{"created":1590674880427},"id":"registered"}}
{"recorder_version":"31","session":"72da01fc4701","build":"193.5662.53","bucket":"159","time":1590674880425,"group":{"id":"kotlin.ide.npwizards","version":"1"},"event":{"count":1,"data":{"created":1590674880427},"id":"registered"}}
{"recorder_version":"31","session":"72da01fc4701","build":"193.5662.53","bucket":"159","time":1590674880425,"group":{"id":"intentions","version":"31"},"event":{"count":1,"data":{"created":1590674880427},"id":"registered"}}
{"recorder_version":"31","session":"72da01fc4701","build":"193.5662.53","bucket":"159","time":1590674880425,"group":{"id":"settings.repository","version":"1"},"event":{"count":1,"data":{"created":1590674880427},"id":"registered"}}
{"recorder_version":"31","session":"72da01fc4701","build":"193.5662.53","bucket":"159","time":1590674880425,"group":{"id":"vcs.change.reminder","version":"2"},"event":{"count":1,"data":{"created":1590674880427},"id":"registered"}}
{"recorder_version":"31","session":"72da01fc4701","build":"193.5662.53","bucket":"159","time":1590674880425,"group":{"id":"create.directory.dialog","version":"1"},"event":{"count":1,"data":{"created":1590674880427},"id":"registered"}}
{"recorder_version":"31","session":"72da01fc4701","build":"193.5662.53","bucket":"159","time":1590674880425,"group":{"id":"kotlin.maven.target","version":"3"},"event":{"count":1,"data":{"created":1590674880427},"id":"registered"}}
{"recorder_version":"31","session":"72da01fc4701","build":"193.5662.53","bucket":"159","time":1590674880425,"group":{"id":"json.schema","version":"1"},"event":{"count":1,"data":{"created":1590674880427},"id":"registered"}}
{"recorder_version":"31","session":"72da01fc4701","build":"193.5662.53","bucket":"159","time":1590674880425,"group":{"id":"terminalShell","version":"1"},"event":{"count":1,"data":{"created":1590674880427},"id":"registered"}}
{"recorder_version":"31","session":"72da01fc4701","build":"193.5662.53","bucket":"159","time":1590674880425,"group":{"id":"rename.refactoring","version":"1"},"event":{"count":1,"data":{"created":1590674880427},"id":"registered"}}
{"recorder_version":"31","session":"72da01fc4701","build":"193.5662.53","bucket":"159","time":1590674880425,"group":{"id":"build.ant.actions","version":"1"},"event":{"count":1,"data":{"created":1590674880427},"id":"registered"}}
{"recorder_version":"31","session":"72da01fc4701","build":"193.5662.53","bucket":"159","time":1590674880425,"group":{"id":"actions","version":"31"},"event":{"count":1,"data":{"created":1590674880427},"id":"registered"}}
{"recorder_version":"31","session":"72da01fc4701","build":"193.5662.53","bucket":"159","time":1590674880425,"group":{"id":"kotlin.ide.editor","version":"1"},"event":{"count":1,"data":{"created":1590674880427},"id":"registered"}}
{"recorder_version":"31","session":"72da01fc4701","build":"193.5662.53","bucket":"159","time":1590674880425,"group":{"id":"event.log","version":"31"},"event":{"count":1,"data":{"created":1590674880427},"id":"registered"}}
{"recorder_version":"31","session":"72da01fc4701","build":"193.5662.53","bucket":"159","time":1590674880425,"group":{"id":"run.configuration.exec","version":"31"},"event":{"count":1,"data":{"created":1590674880427},"id":"registered"}}
{"recorder_version":"31","session":"72da01fc4701","build":"193.5662.53","bucket":"159","time":1590674880425,"group":{"id":"build.tools.actions","version":"1"},"event":{"count":1,"data":{"created":1590674880427},"id":"registered"}}
{"recorder_version":"31","session":"72da01fc4701","build":"193.5662.53","bucket":"159","time":1590674880425,"group":{"id":"file.editor","version":"2"},"event":{"count":1,"data":{"created":1590674880427},"id":"registered"}}
{"recorder_version":"31","session":"72da01fc4701","build":"193.5662.53","bucket":"159","time":1590674880425,"group":{"id":"vfs","version":"2"},"event":{"count":1,"data":{"created":1590674880427},"id":"registered"}}
{"recorder_version":"31","session":"72da01fc4701","build":"193.5662.53","bucket":"159","time":1590674880425,"group":{"id":"project.import","version":"2"},"event":{"count":1,"data":{"created":1590674880427},"id":"registered"}}
{"recorder_version":"31","session":"72da01fc4701","build":"193.5662.53","bucket":"159","time":1590674880425,"group":{"id":"actions.runAnything","version":"1"},"event":{"count":1,"data":{"created":1590674880427},"id":"registered"}}
{"recorder_version":"31","session":"72da01fc4701","build":"193.5662.53","bucket":"159","time":1590674880425,"group":{"id":"toolwindow","version":"31"},"event":{"count":1,"data":{"created":1590674880428},"id":"registered"}}
{"recorder_version":"31","session":"72da01fc4701","build":"193.5662.53","bucket":"159","time":1590674880425,"group":{"id":"kotlin.ide.newFileTempl","version":"1"},"event":{"count":1,"data":{"created":1590674880428},"id":"registered"}}
{"recorder_version":"31","session":"72da01fc4701","build":"193.5662.53","bucket":"159","time":1590674880425,"group":{"id":"ui.settings","version":"31"},"event":{"count":1,"data":{"created":1590674880428},"id":"registered"}}
{"recorder_version":"31","session":"72da01fc4701","build":"193.5662.53","bucket":"159","time":1590674880425,"group":{"id":"vcs.log.trigger","version":"2"},"event":{"count":1,"data":{"created":1590674880428},"id":"registered"}}
{"recorder_version":"31","session":"72da01fc4701","build":"193.5662.53","bucket":"159","time":1590674880425,"group":{"id":"productivity","version":"31"},"event":{"count":1,"data":{"created":1590674880428},"id":"registered"}}
{"recorder_version":"31","session":"72da01fc4701","build":"193.5662.53","bucket":"159","time":1590674880425,"group":{"id":"build.maven.actions","version":"1"},"event":{"count":1,"data":{"created":1590674880428},"id":"registered"}}
{"recorder_version":"31","session":"72da01fc4701","build":"193.5662.53","bucket":"159","time":1590674880425,"group":{"id":"ui.event","version":"3"},"event":{"count":1,"data":{"created":1590674880428},"id":"registered"}}
{"recorder_version":"31","session":"72da01fc4701","build":"193.5662.53","bucket":"159","time":1590674880425,"group":{"id":"plugins.advertiser","version":"1"},"event":{"count":1,"data":{"created":1590674880428},"id":"registered"}}
{"recorder_version":"31","session":"72da01fc4701","build":"193.5662.53","bucket":"159","time":1590674880425,"group":{"id":"editor.notification.panel","version":"1"},"event":{"count":1,"data":{"created":1590674880428},"id":"registered"}}
{"recorder_version":"31","session":"72da01fc4701","build":"193.5662.53","bucket":"159","time":1590674880425,"group":{"id":"kotlin.ide.debugger","version":"2"},"event":{"count":1,"data":{"created":1590674880428},"id":"registered"}}
{"recorder_version":"31","session":"72da01fc4701","build":"193.5662.53","bucket":"159","time":1590674880425,"group":{"id":"tooltip.action.events","version":"1"},"event":{"count":1,"data":{"created":1590674880428},"id":"registered"}}
{"recorder_version":"31","session":"72da01fc4701","build":"193.5662.53","bucket":"159","time":1590674880425,"group":{"id":"completion","version":"1"},"event":{"count":1,"data":{"created":1590674880428},"id":"registered"}}
{"recorder_version":"31","session":"72da01fc4701","build":"193.5662.53","bucket":"159","time":1590674880425,"group":{"id":"indexing","version":"2"},"event":{"count":1,"data":{"created":1590674880428},"id":"registered"}}
{"recorder_version":"31","session":"72da01fc4701","build":"193.5662.53","bucket":"159","time":1590674880425,"group":{"id":"vcs","version":"2"},"event":{"count":1,"data":{"created":1590674880428},"id":"registered"}}
{"recorder_version":"31","session":"72da01fc4701","build":"193.5662.53","bucket":"159","time":1590674880425,"group":{"id":"ui.dialogs","version":"31"},"event":{"count":1,"data":{"created":1590674880429},"id":"registered"}}
{"recorder_version":"31","session":"72da01fc4701","build":"193.5662.53","bucket":"159","time":1590674880425,"group":{"id":"vcs.back.forward.trigger","version":"1"},"event":{"count":1,"data":{"created":1590674880429},"id":"registered"}}
{"recorder_version":"31","session":"72da01fc4701","build":"193.5662.53","bucket":"159","time":1590674880425,"group":{"id":"customize.wizard","version":"1"},"event":{"count":1,"data":{"created":1590674880429},"id":"registered"}}
{"recorder_version":"31","session":"72da01fc4701","build":"193.5662.53","bucket":"159","time":1590674880425,"group":{"id":"ide.update.dialog","version":"1"},"event":{"count":1,"data":{"created":1590674880429},"id":"registered"}}
{"recorder_version":"31","session":"72da01fc4701","build":"193.5662.53","bucket":"159","time":1590674880425,"group":{"id":"toolbar","version":"31"},"event":{"count":1,"data":{"created":1590674880429},"id":"registered"}}
{"recorder_version":"31","session":"72da01fc4701","build":"193.5662.53","bucket":"159","time":1590674880425,"group":{"id":"build.gradle.actions","version":"1"},"event":{"count":1,"data":{"created":1590674880429},"id":"registered"}}
{"recorder_version":"31","session":"72da01fc4701","build":"193.5662.53","bucket":"159","time":1590674880425,"group":{"id":"performance","version":"31"},"event":{"count":1,"data":{"created":1590674880429},"id":"registered"}}
{"recorder_version":"31","session":"72da01fc4701","build":"193.5662.53","bucket":"159","time":1590674880425,"group":{"id":"build","version":"2"},"event":{"count":1,"data":{"created":1590674880429},"id":"registered"}}
{"recorder_version":"31","session":"72da01fc4701","build":"193.5662.53","bucket":"159","time":1590674880425,"group":{"id":"searchEverywhere","version":"2"},"event":{"count":1,"data":{"created":1590674880429},"id":"registered"}}
{"recorder_version":"31","session":"72da01fc4701","build":"193.5662.53","bucket":"159","time":1590674880425,"group":{"id":"kotlin.ide.action.refactoring","version":"1"},"event":{"count":1,"data":{"created":1590674880429},"id":"registered"}}
{"recorder_version":"31","session":"72da01fc4701","build":"193.5662.53","bucket":"159","time":1590674880425,"group":{"id":"ui.tips","version":"3"},"event":{"count":1,"data":{"created":1590674880429},"id":"registered"}}
{"recorder_version":"31","session":"72da01fc4701","build":"193.5662.53","bucket":"159","time":1590674880425,"group":{"id":"surround.with","version":"2"},"event":{"count":1,"data":{"created":1590674880429},"id":"registered"}}
{"recorder_version":"31","session":"72da01fc4701","build":"193.5662.53","bucket":"159","time":1590674880425,"group":{"id":"import.old.config","version":"3"},"event":{"count":1,"data":{"created":1590674880430},"id":"registered"}}
{"recorder_version":"31","session":"72da01fc4701","build":"193.5662.53","bucket":"159","time":1590674880425,"group":{"id":"kotlin.jps.target","version":"3"},"event":{"count":1,"data":{"created":1590674880430},"id":"registered"}}
{"recorder_version":"31","session":"72da01fc4701","build":"193.5662.53","bucket":"159","time":1590674880425,"group":{"id":"completion.postfix","version":"31"},"event":{"count":1,"data":{"created":1590674880430},"id":"registered"}}
{"recorder_version":"31","session":"72da01fc4701","build":"193.5662.53","bucket":"159","time":1590674880425,"group":{"id":"build.maven.packagesearch","version":"2"},"event":{"count":1,"data":{"created":1590674880430},"id":"registered"}}
{"recorder_version":"31","session":"72da01fc4701","build":"193.5662.53","bucket":"159","time":1590674882386,"group":{"id":"performance","version":"31"},"event":{"count":1,"data":{"duration_ms":1,"created":1590674882386},"id":"ui.latency"}}
{"recorder_version":"31","session":"72da01fc4701","build":"193.5662.53","bucket":"159","time":1590674982653,"group":{"id":"performance","version":"31"},"event":{"count":1,"data":{"duration_ms":0,"created":1590674982653},"id":"ui.latency"}}
{"recorder_version":"31","session":"72da01fc4701","build":"193.5662.53","bucket":"159","time":1590675082905,"group":{"id":"performance","version":"31"},"event":{"count":1,"data":{"duration_ms":0,"created":1590675082905},"id":"ui.latency"}}
{"recorder_version":"31","session":"72da01fc4701","build":"193.5662.53","bucket":"159","time":1590675183173,"group":{"id":"performance","version":"31"},"event":{"count":1,"data":{"duration_ms":0,"created":1590675183173},"id":"ui.latency"}}
{"recorder_version":"31","session":"72da01fc4701","build":"193.5662.53","bucket":"159","time":1590675232243,"group":{"id":"lifecycle","version":"31"},"event":{"count":1,"data":{"created":1590675232243,"project":"d119a6d897fcb33934b9adf90ec59bc9e850f90f58367fa567dc99031a6fc921"},"id":"frame.activated"}}
{"recorder_version":"31","session":"72da01fc4701","build":"193.5662.53","bucket":"159","time":1590675256663,"group":{"id":"lifecycle","version":"31"},"event":{"count":1,"data":{"created":1590675256663,"project":"d119a6d897fcb33934b9adf90ec59bc9e850f90f58367fa567dc99031a6fc921"},"id":"frame.deactivated"}}
{"recorder_version":"31","session":"72da01fc4701","build":"193.5662.53","bucket":"159","time":1590675276600,"group":{"id":"lifecycle","version":"31"},"event":{"count":1,"data":{"created":1590675276600,"project":"d119a6d897fcb33934b9adf90ec59bc9e850f90f58367fa567dc99031a6fc921"},"id":"frame.activated"}}
{"recorder_version":"31","session":"72da01fc4701","build":"193.5662.53","bucket":"159","time":1590675280141,"group":{"id":"lifecycle","version":"31"},"event":{"count":1,"data":{"created":1590675280141,"project":"d119a6d897fcb33934b9adf90ec59bc9e850f90f58367fa567dc99031a6fc921"},"id":"frame.deactivated"}}
{"recorder_version":"31","session":"72da01fc4701","build":"193.5662.53","bucket":"159","time":1590675283424,"group":{"id":"performance","version":"31"},"event":{"count":1,"data":{"duration_ms":0,"created":1590675283424},"id":"ui.latency"}}
{"recorder_version":"31","session":"72da01fc4701","build":"193.5662.53","bucket":"159","time":1590675383671,"group":{"id":"performance","version":"31"},"event":{"count":1,"data":{"duration_ms":1,"created":1590675383671},"id":"ui.latency"}}
{"recorder_version":"31","session":"72da01fc4701","build":"193.5662.53","bucket":"159","time":1590675480390,"group":{"id":"java.refactoring.settings","version":"1"},"event":{"state":true,"data":{"created":1590675480390},"id":"invoked"}}
{"recorder_version":"31","session":"72da01fc4701","build":"193.5662.53","bucket":"159","time":1590675480391,"group":{"id":"plugins","version":"1"},"event":{"state":true,"data":{"created":1590675480391,"plugin_type":"NOT_LISTED"},"id":"enabled.not.bundled.plugin"}}
{"recorder_version":"31","session":"72da01fc4701","build":"193.5662.53","bucket":"159","time":1590675480391,"group":{"id":"plugins","version":"1"},"event":{"state":true,"data":{"created":1590675480391},"id":"invoked"}}
{"recorder_version":"31","session":"72da01fc4701","build":"193.5662.53","bucket":"159","time":1590675480413,"group":{"id":"debugger.settings.ide","version":"2"},"event":{"state":true,"data":{"created":1590675480413},"id":"invoked"}}
{"recorder_version":"31","session":"72da01fc4701","build":"193.5662.53","bucket":"159","time":1590675480413,"group":{"id":"vcs.application.configuration","version":"1"},"event":{"state":true,"data":{"created":1590675480413},"id":"invoked"}}
{"recorder_version":"31","session":"72da01fc4701","build":"193.5662.53","bucket":"159","time":1590675480434,"group":{"id":"vcs.diff","version":"2"},"event":{"state":true,"data":{"created":1590675480434},"id":"invoked"}}
{"recorder_version":"31","session":"72da01fc4701","build":"193.5662.53","bucket":"159","time":1590675480434,"group":{"id":"ui.fonts","version":"2"},"event":{"state":true,"data":{"created":1590675480435,"font_size":13,"font_name":".SF_NS_Text"},"id":"UI"}}
{"recorder_version":"31","session":"72da01fc4701","build":"193.5662.53","bucket":"159","time":1590675480434,"group":{"id":"ui.fonts","version":"2"},"event":{"state":true,"data":{"created":1590675480435,"font_size":24},"id":"Presentation.mode"}}
{"recorder_version":"31","session":"72da01fc4701","build":"193.5662.53","bucket":"159","time":1590675480434,"group":{"id":"ui.fonts","version":"2"},"event":{"state":true,"data":{"created":1590675480435,"font_size":12,"font_name":"Menlo"},"id":"IDE.editor"}}
{"recorder_version":"31","session":"72da01fc4701","build":"193.5662.53","bucket":"159","time":1590675480434,"group":{"id":"ui.fonts","version":"2"},"event":{"state":true,"data":{"created":1590675480435,"value":1.2},"id":"editor.lineSpacing"}}
{"recorder_version":"31","session":"72da01fc4701","build":"193.5662.53","bucket":"159","time":1590675480434,"group":{"id":"ui.fonts","version":"2"},"event":{"state":true,"data":{"created":1590675480435},"id":"invoked"}}
{"recorder_version":"31","session":"72da01fc4701","build":"193.5662.53","bucket":"159","time":1590675480440,"group":{"id":"system.runtime","version":"2"},"event":{"state":true,"data":{"created":1590675480440,"name":"G1_Old_Generation"},"id":"garbage.collector"}}
{"recorder_version":"31","session":"72da01fc4701","build":"193.5662.53","bucket":"159","time":1590675480440,"group":{"id":"system.runtime","version":"2"},"event":{"state":true,"data":{"created":1590675480440,"name":"Xmx","value":512},"id":"jvm.option"}}
{"recorder_version":"31","session":"72da01fc4701","build":"193.5662.53","bucket":"159","time":1590675480440,"group":{"id":"system.runtime","version":"2"},"event":{"state":true,"data":{"vendor":"JetBrains","created":1590675480441,"bit":"64","version":"1.11"},"id":"jvm"}}
{"recorder_version":"31","session":"72da01fc4701","build":"193.5662.53","bucket":"159","time":1590675480440,"group":{"id":"system.runtime","version":"2"},"event":{"state":true,"data":{"created":1590675480441,"name":"G1_Young_Generation"},"id":"garbage.collector"}}
{"recorder_version":"31","session":"72da01fc4701","build":"193.5662.53","bucket":"159","time":1590675480440,"group":{"id":"system.runtime","version":"2"},"event":{"state":true,"data":{"created":1590675480441,"value":8},"id":"cores"}}
{"recorder_version":"31","session":"72da01fc4701","build":"193.5662.53","bucket":"159","time":1590675480440,"group":{"id":"system.runtime","version":"2"},"event":{"state":true,"data":{"created":1590675480441,"name":"Xms","value":256},"id":"jvm.option"}}
{"recorder_version":"31","session":"72da01fc4701","build":"193.5662.53","bucket":"159","time":1590675480440,"group":{"id":"system.runtime","version":"2"},"event":{"state":true,"data":{"created":1590675480441},"id":"invoked"}}
{"recorder_version":"31","session":"72da01fc4701","build":"193.5662.53","bucket":"159","time":1590675480440,"group":{"id":"ui.editor.color.schemes","version":"3"},"event":{"state":true,"data":{"scheme":"Default","created":1590675480441,"is_dark":false},"id":"enabled.color.scheme"}}
{"recorder_version":"31","session":"72da01fc4701","build":"193.5662.53","bucket":"159","time":1590675480440,"group":{"id":"ui.editor.color.schemes","version":"3"},"event":{"state":true,"data":{"created":1590675480441},"id":"invoked"}}
{"recorder_version":"31","session":"72da01fc4701","build":"193.5662.53","bucket":"159","time":1590675480445,"group":{"id":"platform.registry","version":"1"},"event":{"state":true,"data":{"created":1590675480446,"plugin_type":"PLATFORM","id":"show.create.new.element.in.popup"},"id":"experiment"}}
{"recorder_version":"31","session":"72da01fc4701","build":"193.5662.53","bucket":"159","time":1590675480445,"group":{"id":"platform.registry","version":"1"},"event":{"state":true,"data":{"created":1590675480446,"plugin_type":"PLATFORM","id":"wsl.p9.support"},"id":"experiment"}}
{"recorder_version":"31","session":"72da01fc4701","build":"193.5662.53","bucket":"159","time":1590675480445,"group":{"id":"platform.registry","version":"1"},"event":{"state":true,"data":{"created":1590675480446,"plugin_type":"PLATFORM","id":"inline.browse.button"},"id":"experiment"}}
{"recorder_version":"31","session":"72da01fc4701","build":"193.5662.53","bucket":"159","time":1590675480445,"group":{"id":"platform.registry","version":"1"},"event":{"state":true,"data":{"created":1590675480446,"plugin_type":"PLATFORM","id":"recent.and.edited.files.together"},"id":"experiment"}}
{"recorder_version":"31","session":"72da01fc4701","build":"193.5662.53","bucket":"159","time":1590675480445,"group":{"id":"platform.registry","version":"1"},"event":{"state":true,"data":{"created":1590675480446,"plugin_type":"PLATFORM","id":"copy.reference.popup"},"id":"experiment"}}
{"recorder_version":"31","session":"72da01fc4701","build":"193.5662.53","bucket":"159","time":1590675480445,"group":{"id":"platform.registry","version":"1"},"event":{"state":true,"data":{"created":1590675480447,"id":"java.completion.argument.hints.internal"},"id":"registry"}}
{"recorder_version":"31","session":"72da01fc4701","build":"193.5662.53","bucket":"159","time":1590675480445,"group":{"id":"platform.registry","version":"1"},"event":{"state":true,"data":{"created":1590675480447,"plugin_type":"PLATFORM","id":"new.large.text.file.viewer"},"id":"experiment"}}
{"recorder_version":"31","session":"72da01fc4701","build":"193.5662.53","bucket":"159","time":1590675480445,"group":{"id":"platform.registry","version":"1"},"event":{"state":true,"data":{"created":1590675480447,"plugin_type":"PLATFORM","id":"linux.native.menu"},"id":"experiment"}}
{"recorder_version":"31","session":"72da01fc4701","build":"193.5662.53","bucket":"159","time":1590675480445,"group":{"id":"platform.registry","version":"1"},"event":{"state":true,"data":{"created":1590675480447,"plugin_type":"PLATFORM","id":"property.value.inplace.editing"},"id":"experiment"}}
{"recorder_version":"31","session":"72da01fc4701","build":"193.5662.53","bucket":"159","time":1590675480445,"group":{"id":"platform.registry","version":"1"},"event":{"state":true,"data":{"created":1590675480447,"plugin_type":"PLATFORM","id":"wsl.p9.show.roots.in.file.chooser"},"id":"experiment"}}
{"recorder_version":"31","session":"72da01fc4701","build":"193.5662.53","bucket":"159","time":1590675480445,"group":{"id":"platform.registry","version":"1"},"event":{"state":true,"data":{"created":1590675480447},"id":"invoked"}}
{"recorder_version":"31","session":"72da01fc4701","build":"193.5662.53","bucket":"159","time":1590675480450,"group":{"id":"ui.info.features","version":"3"},"event":{"state":true,"data":{"created":1590675480450,"value":"hidden"},"id":"Toolbar"}}
{"recorder_version":"31","session":"72da01fc4701","build":"193.5662.53","bucket":"159","time":1590675480450,"group":{"id":"ui.info.features","version":"3"},"event":{"state":true,"data":{"created":1590675480450,"enabled":false},"id":"Show.tips.on.startup"}}
{"recorder_version":"31","session":"72da01fc4701","build":"193.5662.53","bucket":"159","time":1590675480450,"group":{"id":"ui.info.features","version":"3"},"event":{"state":true,"data":{"created":1590675480450,"scale_mode":true,"scale":2.0},"id":"Screen.Scale"}}
{"recorder_version":"31","session":"72da01fc4701","build":"193.5662.53","bucket":"159","time":1590675480450,"group":{"id":"ui.info.features","version":"3"},"event":{"state":true,"data":{"created":1590675480450,"value":"hidden"},"id":"Tool.Window.buttons"}}
{"recorder_version":"31","session":"72da01fc4701","build":"193.5662.53","bucket":"159","time":1590675480450,"group":{"id":"ui.info.features","version":"3"},"event":{"state":true,"data":{"created":1590675480451,"value":"Top"},"id":"Tabs"}}
{"recorder_version":"31","session":"72da01fc4701","build":"193.5662.53","bucket":"159","time":1590675480450,"group":{"id":"ui.info.features","version":"3"},"event":{"state":true,"data":{"created":1590675480451,"enabled":true},"id":"Hide.Editor.Tabs.If.Needed"}}
{"recorder_version":"31","session":"72da01fc4701","build":"193.5662.53","bucket":"159","time":1590675480450,"group":{"id":"ui.info.features","version":"3"},"event":{"state":true,"data":{"created":1590675480451,"enabled":true},"id":"Show.Editor.Tabs.In.Single.Row"}}
{"recorder_version":"31","session":"72da01fc4701","build":"193.5662.53","bucket":"159","time":1590675480450,"group":{"id":"ui.info.features","version":"3"},"event":{"state":true,"data":{"toolbar":"hidden","navbar":"visible","created":1590675480451},"id":"Toolbar.and.NavBar"}}
{"recorder_version":"31","session":"72da01fc4701","build":"193.5662.53","bucket":"159","time":1590675480450,"group":{"id":"ui.info.features","version":"3"},"event":{"state":true,"data":{"created":1590675480451,"enabled":false},"id":"Block.cursor"}}
{"recorder_version":"31","session":"72da01fc4701","build":"193.5662.53","bucket":"159","time":1590675480450,"group":{"id":"ui.info.features","version":"3"},"event":{"state":true,"data":{"created":1590675480451,"enabled":false},"id":"Screen.Reader"}}
{"recorder_version":"31","session":"72da01fc4701","build":"193.5662.53","bucket":"159","time":1590675480450,"group":{"id":"ui.info.features","version":"3"},"event":{"state":true,"data":{"created":1590675480451,"value":"Light"},"id":"Look.and.Feel"}}
{"recorder_version":"31","session":"72da01fc4701","build":"193.5662.53","bucket":"159","time":1590675480450,"group":{"id":"ui.info.features","version":"3"},"event":{"state":true,"data":{"created":1590675480452,"enabled":false},"id":"QuickDoc.Show.Toolwindow"}}
{"recorder_version":"31","session":"72da01fc4701","build":"193.5662.53","bucket":"159","time":1590675480450,"group":{"id":"ui.info.features","version":"3"},"event":{"state":true,"data":{"created":1590675480452,"enabled":true},"id":"Retina"}}
{"recorder_version":"31","session":"72da01fc4701","build":"193.5662.53","bucket":"159","time":1590675480450,"group":{"id":"ui.info.features","version":"3"},"event":{"state":true,"data":{"grouped":"[30_50]","created":1590675480452,"count":50},"id":"Recent.files.limit"}}
{"recorder_version":"31","session":"72da01fc4701","build":"193.5662.53","bucket":"159","time":1590675480450,"group":{"id":"ui.info.features","version":"3"},"event":{"state":true,"data":{"created":1590675480452,"value":"visible"},"id":"Status.bar"}}
{"recorder_version":"31","session":"72da01fc4701","build":"193.5662.53","bucket":"159","time":1590675480450,"group":{"id":"ui.info.features","version":"3"},"event":{"state":true,"data":{"created":1590675480452,"enabled":true},"id":"QuickDoc.AutoUpdate"}}
{"recorder_version":"31","session":"72da01fc4701","build":"193.5662.53","bucket":"159","time":1590675480450,"group":{"id":"ui.info.features","version":"3"},"event":{"state":true,"data":{"created":1590675480453,"value":"visible"},"id":"Nav.Bar"}}
{"recorder_version":"31","session":"72da01fc4701","build":"193.5662.53","bucket":"159","time":1590675480450,"group":{"id":"ui.info.features","version":"3"},"event":{"state":true,"data":{"created":1590675480453,"enabled":true},"id":"Gutter.Icons"}}
{"recorder_version":"31","session":"72da01fc4701","build":"193.5662.53","bucket":"159","time":1590675480450,"group":{"id":"ui.info.features","version":"3"},"event":{"state":true,"data":{"created":1590675480453,"enabled":true},"id":"Line.Numbers"}}
{"recorder_version":"31","session":"72da01fc4701","build":"193.5662.53","bucket":"159","time":1590675480450,"group":{"id":"ui.info.features","version":"3"},"event":{"state":true,"data":{"created":1590675480453,"value":"per_monitor_dpi"},"id":"Hidpi.Mode"}}
{"recorder_version":"31","session":"72da01fc4701","build":"193.5662.53","bucket":"159","time":1590675480450,"group":{"id":"ui.info.features","version":"3"},"event":{"state":true,"data":{"created":1590675480453,"enabled":true},"id":"Allow.merging.buttons"}}
{"recorder_version":"31","session":"72da01fc4701","build":"193.5662.53","bucket":"159","time":1590675480450,"group":{"id":"ui.info.features","version":"3"},"event":{"state":true,"data":{"created":1590675480453,"enabled":false},"id":"Soft.Wraps"}}
{"recorder_version":"31","session":"72da01fc4701","build":"193.5662.53","bucket":"159","time":1590675480450,"group":{"id":"ui.info.features","version":"3"},"event":{"state":true,"data":{"created":1590675480453},"id":"invoked"}}
{"recorder_version":"31","session":"72da01fc4701","build":"193.5662.53","bucket":"159","time":1590675480451,"group":{"id":"user.advanced.info","version":"2"},"event":{"state":true,"data":{"created":1590675480453,"value":"release"},"id":"build"}}
{"recorder_version":"31","session":"72da01fc4701","build":"193.5662.53","bucket":"159","time":1590675480451,"group":{"id":"user.advanced.info","version":"2"},"event":{"state":true,"data":{"created":1590675480454},"id":"release"}}
{"recorder_version":"31","session":"72da01fc4701","build":"193.5662.53","bucket":"159","time":1590675480451,"group":{"id":"user.advanced.info","version":"2"},"event":{"state":true,"data":{"created":1590675480454},"id":"invoked"}}
{"recorder_version":"31","session":"72da01fc4701","build":"193.5662.53","bucket":"159","time":1590675480456,"group":{"id":"vcs.log.index.application","version":"2"},"event":{"state":true,"data":{"created":1590675480456},"id":"invoked"}}
{"recorder_version":"31","session":"72da01fc4701","build":"193.5662.53","bucket":"159","time":1590675480472,"group":{"id":"vcs.github","version":"2"},"event":{"state":true,"data":{"has_enterprise":false,"created":1590675480472,"count":0},"id":"accounts"}}
{"recorder_version":"31","session":"72da01fc4701","build":"193.5662.53","bucket":"159","time":1590675480472,"group":{"id":"vcs.github","version":"2"},"event":{"state":true,"data":{"created":1590675480472},"id":"invoked"}}
{"recorder_version":"31","session":"72da01fc4701","build":"193.5662.53","bucket":"159","time":1590675480472,"group":{"id":"os.linux.wm","version":"2"},"event":{"state":true,"data":{"created":1590675480473},"id":"invoked"}}
{"recorder_version":"31","session":"72da01fc4701","build":"193.5662.53","bucket":"159","time":1590675480491,"group":{"id":"editor.settings.ide","version":"3"},"event":{"state":true,"data":{"created":1590675480492,"enabled":true},"id":"completionHints"}}
{"recorder_version":"31","session":"72da01fc4701","build":"193.5662.53","bucket":"159","time":1590675480491,"group":{"id":"editor.settings.ide","version":"3"},"event":{"state":true,"data":{"created":1590675480492},"id":"invoked"}}
{"recorder_version":"31","session":"72da01fc4701","build":"193.5662.53","bucket":"159","time":1590675480492,"group":{"id":"keymaps.name","version":"2"},"event":{"state":true,"data":{"created":1590675480492,"keymap_name":"Mac_OS_X_10.5+"},"id":"ide.keymap"}}
{"recorder_version":"31","session":"72da01fc4701","build":"193.5662.53","bucket":"159","time":1590675480492,"group":{"id":"keymaps.name","version":"2"},"event":{"state":true,"data":{"created":1590675480492},"id":"invoked"}}
{"recorder_version":"31","session":"72da01fc4701","build":"193.5662.53","bucket":"159","time":1590675483917,"group":{"id":"performance","version":"31"},"event":{"count":1,"data":{"duration_ms":0,"created":1590675483918},"id":"ui.latency"}}
{"recorder_version":"31","session":"72da01fc4701","build":"193.5662.53","bucket":"159","time":1590675584153,"group":{"id":"performance","version":"31"},"event":{"count":1,"data":{"duration_ms":0,"created":1590675584153},"id":"ui.latency"}}
{"recorder_version":"31","session":"72da01fc4701","build":"193.5662.53","bucket":"159","time":1590675684419,"group":{"id":"performance","version":"31"},"event":{"count":1,"data":{"duration_ms":0,"created":1590675684419},"id":"ui.latency"}}
{"recorder_version":"31","session":"72da01fc4701","build":"193.5662.53","bucket":"159","time":1590675784713,"group":{"id":"performance","version":"31"},"event":{"count":1,"data":{"duration_ms":0,"created":1590675784713},"id":"ui.latency"}}
{"recorder_version":"31","session":"72da01fc4701","build":"193.5662.53","bucket":"159","time":1590675884964,"group":{"id":"performance","version":"31"},"event":{"count":1,"data":{"duration_ms":0,"created":1590675884964},"id":"ui.latency"}}
{"recorder_version":"31","session":"72da01fc4701","build":"193.5662.53","bucket":"159","time":1590675985233,"group":{"id":"performance","version":"31"},"event":{"count":1,"data":{"duration_ms":0,"created":1590675985233},"id":"ui.latency"}}
{"recorder_version":"31","session":"72da01fc4701","build":"193.5662.53","bucket":"159","time":1590676085495,"group":{"id":"performance","version":"31"},"event":{"count":1,"data":{"duration_ms":0,"created":1590676085495},"id":"ui.latency"}}
{"recorder_version":"31","session":"72da01fc4701","build":"193.5662.53","bucket":"159","time":1590676185764,"group":{"id":"performance","version":"31"},"event":{"count":1,"data":{"duration_ms":0,"created":1590676185764},"id":"ui.latency"}}
{"recorder_version":"31","session":"72da01fc4701","build":"193.5662.53","bucket":"159","time":1590676286006,"group":{"id":"performance","version":"31"},"event":{"count":1,"data":{"duration_ms":0,"created":1590676286006},"id":"ui.latency"}}
{"recorder_version":"31","session":"72da01fc4701","build":"193.5662.53","bucket":"159","time":1590676384291,"group":{"id":"project.structure","version":"2"},"event":{"state":true,"data":{"created":1590676384292,"count":1,"project":"d119a6d897fcb33934b9adf90ec59bc9e850f90f58367fa567dc99031a6fc921"},"id":"content.roots.total"}}
{"recorder_version":"31","session":"72da01fc4701","build":"193.5662.53","bucket":"159","time":1590676384291,"group":{"id":"project.structure","version":"2"},"event":{"state":true,"data":{"created":1590676384292,"count":0,"project":"d119a6d897fcb33934b9adf90ec59bc9e850f90f58367fa567dc99031a6fc921"},"id":"package.prefix"}}
{"recorder_version":"31","session":"72da01fc4701","build":"193.5662.53","bucket":"159","time":1590676384291,"group":{"id":"project.structure","version":"2"},"event":{"state":true,"data":{"created":1590676384292,"count":1,"project":"d119a6d897fcb33934b9adf90ec59bc9e850f90f58367fa567dc99031a6fc921"},"id":"source.roots.total"}}
{"recorder_version":"31","session":"72da01fc4701","build":"193.5662.53","bucket":"159","time":1590676384291,"group":{"id":"project.structure","version":"2"},"event":{"state":true,"data":{"created":1590676384292,"count":1,"project":"d119a6d897fcb33934b9adf90ec59bc9e850f90f58367fa567dc99031a6fc921"},"id":"modules.total"}}
{"recorder_version":"31","session":"72da01fc4701","build":"193.5662.53","bucket":"159","time":1590676384291,"group":{"id":"project.structure","version":"2"},"event":{"state":true,"data":{"created":1590676384292,"count":0,"project":"d119a6d897fcb33934b9adf90ec59bc9e850f90f58367fa567dc99031a6fc921"},"id":"excluded.roots.total"}}
{"recorder_version":"31","session":"72da01fc4701","build":"193.5662.53","bucket":"159","time":1590676384291,"group":{"id":"project.structure","version":"2"},"event":{"state":true,"data":{"created":1590676384293,"count":1,"project":"d119a6d897fcb33934b9adf90ec59bc9e850f90f58367fa567dc99031a6fc921","type":"java-source"},"id":"source.root"}}
{"recorder_version":"31","session":"72da01fc4701","build":"193.5662.53","bucket":"159","time":1590676384292,"group":{"id":"project.structure","version":"2"},"event":{"state":true,"data":{"created":1590676384293,"project":"d119a6d897fcb33934b9adf90ec59bc9e850f90f58367fa567dc99031a6fc921"},"id":"invoked"}}
{"recorder_version":"31","session":"72da01fc4701","build":"193.5662.53","bucket":"159","time":1590676384297,"group":{"id":"kotlin.ide.settings","version":"2"},"event":{"state":true,"data":{"pluginVersion":"1.3.61-release-IJ2019.3-1","created":1590676384297,"project":"d119a6d897fcb33934b9adf90ec59bc9e850f90f58367fa567dc99031a6fc921","enabled":true},"id":"newInference"}}
{"recorder_version":"31","session":"72da01fc4701","build":"193.5662.53","bucket":"159","time":1590676384297,"group":{"id":"kotlin.ide.settings","version":"2"},"event":{"state":true,"data":{"pluginVersion":"1.3.61-release-IJ2019.3-1","created":1590676384297,"project":"d119a6d897fcb33934b9adf90ec59bc9e850f90f58367fa567dc99031a6fc921","enabled":false},"id":"scriptingAutoReloadEnabled"}}
{"recorder_version":"31","session":"72da01fc4701","build":"193.5662.53","bucket":"159","time":1590676384297,"group":{"id":"kotlin.ide.settings","version":"2"},"event":{"state":true,"data":{"created":1590676384297,"project":"d119a6d897fcb33934b9adf90ec59bc9e850f90f58367fa567dc99031a6fc921"},"id":"invoked"}}
{"recorder_version":"31","session":"72da01fc4701","build":"193.5662.53","bucket":"159","time":1590676384297,"group":{"id":"build.gradle.state","version":"1"},"event":{"state":true,"data":{"created":1590676384297,"project":"d119a6d897fcb33934b9adf90ec59bc9e850f90f58367fa567dc99031a6fc921"},"id":"invoked"}}
{"recorder_version":"31","session":"72da01fc4701","build":"193.5662.53","bucket":"159","time":1590676384297,"group":{"id":"vcs.log.data","version":"2"},"event":{"state":true,"data":{"created":1590676384298,"project":"d119a6d897fcb33934b9adf90ec59bc9e850f90f58367fa567dc99031a6fc921"},"id":"invoked"}}
{"recorder_version":"31","session":"72da01fc4701","build":"193.5662.53","bucket":"159","time":1590676384297,"group":{"id":"run.dashboard","version":"2"},"event":{"state":true,"data":{"created":1590676384298,"project":"d119a6d897fcb33934b9adf90ec59bc9e850f90f58367fa567dc99031a6fc921","enabled":false},"id":"run.dashboard"}}
{"recorder_version":"31","session":"72da01fc4701","build":"193.5662.53","bucket":"159","time":1590676384297,"group":{"id":"run.dashboard","version":"2"},"event":{"state":true,"data":{"created":1590676384298,"project":"d119a6d897fcb33934b9adf90ec59bc9e850f90f58367fa567dc99031a6fc921"},"id":"invoked"}}
{"recorder_version":"31","session":"72da01fc4701","build":"193.5662.53","bucket":"159","time":1590676384301,"group":{"id":"vcs.settings","version":"2"},"event":{"state":true,"data":{"created":1590676384301,"project":"d119a6d897fcb33934b9adf90ec59bc9e850f90f58367fa567dc99031a6fc921"},"id":"invoked"}}
{"recorder_version":"31","session":"72da01fc4701","build":"193.5662.53","bucket":"159","time":1590676384303,"group":{"id":"java.language","version":"1"},"event":{"state":true,"data":{"feature":11,"minor":0,"created":1590676384303,"project":"d119a6d897fcb33934b9adf90ec59bc9e850f90f58367fa567dc99031a6fc921","update":2,"ea":false},"id":"MODULE_JDK_VERSION"}}
{"recorder_version":"31","session":"72da01fc4701","build":"193.5662.53","bucket":"159","time":1590676384303,"group":{"id":"java.language","version":"1"},"event":{"state":true,"data":{"preview":false,"created":1590676384303,"project":"d119a6d897fcb33934b9adf90ec59bc9e850f90f58367fa567dc99031a6fc921","version":11},"id":"MODULE_LANGUAGE_LEVEL"}}
{"recorder_version":"31","session":"72da01fc4701","build":"193.5662.53","bucket":"159","time":1590676384303,"group":{"id":"java.language","version":"1"},"event":{"state":true,"data":{"created":1590676384303,"project":"d119a6d897fcb33934b9adf90ec59bc9e850f90f58367fa567dc99031a6fc921"},"id":"invoked"}}
{"recorder_version":"31","session":"72da01fc4701","build":"193.5662.53","bucket":"159","time":1590676384303,"group":{"id":"vcs.configuration","version":"2"},"event":{"state":true,"data":{"created":1590676384303,"count":0,"project":"d119a6d897fcb33934b9adf90ec59bc9e850f90f58367fa567dc99031a6fc921"},"id":"ignored.files"}}
{"recorder_version":"31","session":"72da01fc4701","build":"193.5662.53","bucket":"159","time":1590676384303,"group":{"id":"vcs.configuration","version":"2"},"event":{"state":true,"data":{"created":1590676384303,"count":0,"project":"d119a6d897fcb33934b9adf90ec59bc9e850f90f58367fa567dc99031a6fc921"},"id":"unversioned.files"}}
{"recorder_version":"31","session":"72da01fc4701","build":"193.5662.53","bucket":"159","time":1590676384303,"group":{"id":"vcs.configuration","version":"2"},"event":{"state":true,"data":{"created":1590676384303,"count":0,"project":"d119a6d897fcb33934b9adf90ec59bc9e850f90f58367fa567dc99031a6fc921"},"id":"mapped.roots"}}
{"recorder_version":"31","session":"72da01fc4701","build":"193.5662.53","bucket":"159","time":1590676384303,"group":{"id":"vcs.configuration","version":"2"},"event":{"state":true,"data":{"created":1590676384304,"count":1,"project":"d119a6d897fcb33934b9adf90ec59bc9e850f90f58367fa567dc99031a6fc921"},"id":"changelists"}}
{"recorder_version":"31","session":"72da01fc4701","build":"193.5662.53","bucket":"159","time":1590676384303,"group":{"id":"vcs.configuration","version":"2"},"event":{"state":true,"data":{"created":1590676384304,"project":"d119a6d897fcb33934b9adf90ec59bc9e850f90f58367fa567dc99031a6fc921"},"id":"invoked"}}
{"recorder_version":"31","session":"72da01fc4701","build":"193.5662.53","bucket":"159","time":1590676384303,"group":{"id":"build.maven.state","version":"1"},"event":{"state":true,"data":{"created":1590676384304,"project":"d119a6d897fcb33934b9adf90ec59bc9e850f90f58367fa567dc99031a6fc921"},"id":"invoked"}}
{"recorder_version":"31","session":"72da01fc4701","build":"193.5662.53","bucket":"159","time":1590676384303,"group":{"id":"kotlin.project.configuration","version":"1"},"event":{"state":true,"data":{"created":1590676384304,"project":"d119a6d897fcb33934b9adf90ec59bc9e850f90f58367fa567dc99031a6fc921"},"id":"invoked"}}
{"recorder_version":"31","session":"72da01fc4701","build":"193.5662.53","bucket":"159","time":1590676384304,"group":{"id":"module.facets","version":"3"},"event":{"state":true,"data":{"created":1590676384304,"project":"d119a6d897fcb33934b9adf90ec59bc9e850f90f58367fa567dc99031a6fc921"},"id":"invoked"}}
{"recorder_version":"31","session":"72da01fc4701","build":"193.5662.53","bucket":"159","time":1590676384318,"group":{"id":"git.configuration","version":"2"},"event":{"state":true,"data":{"created":1590676384318,"project":"d119a6d897fcb33934b9adf90ec59bc9e850f90f58367fa567dc99031a6fc921","type":"NULL","version":"0.0.0"},"id":"executable"}}
{"recorder_version":"31","session":"72da01fc4701","build":"193.5662.53","bucket":"159","time":1590676384318,"group":{"id":"git.configuration","version":"2"},"event":{"state":true,"data":{"created":1590676384318,"project":"d119a6d897fcb33934b9adf90ec59bc9e850f90f58367fa567dc99031a6fc921"},"id":"invoked"}}
{"recorder_version":"31","session":"72da01fc4701","build":"193.5662.53","bucket":"159","time":1590676384319,"group":{"id":"inspections","version":"2"},"event":{"state":true,"data":{"created":1590676384319,"project":"d119a6d897fcb33934b9adf90ec59bc9e850f90f58367fa567dc99031a6fc921"},"id":"invoked"}}
{"recorder_version":"31","session":"72da01fc4701","build":"193.5662.53","bucket":"159","time":1590676384388,"group":{"id":"inlay.configuration","version":"2"},"event":{"state":true,"data":{"created":1590676384388,"plugin_type":"PLATFORM","project":"d119a6d897fcb33934b9adf90ec59bc9e850f90f58367fa567dc99031a6fc921","lang":"Groovy","enabled":true},"id":"validation.unmatched_rule"}}
{"recorder_version":"31","session":"72da01fc4701","build":"193.5662.53","bucket":"159","time":1590676384388,"group":{"id":"inlay.configuration","version":"2"},"event":{"state":true,"data":{"java_simple_sequentially_numbered":"validation.undefined_rule","java_clear_expression_type":"validation.undefined_rule","java_new_expr":"validation.undefined_rule","java_multiple_params_same_type":"validation.undefined_rule","created":1590676384389,"java_build_like_method":"validation.undefined_rule","plugin_type":"PLATFORM","java_enums":"validation.undefined_rule","project":"d119a6d897fcb33934b9adf90ec59bc9e850f90f58367fa567dc99031a6fc921","java_method_name_contains_parameter_name":"validation.undefined_rule","lang":"JAVA","enabled":true},"id":"validation.unmatched_rule"}}
{"recorder_version":"31","session":"72da01fc4701","build":"193.5662.53","bucket":"159","time":1590676384388,"group":{"id":"inlay.configuration","version":"2"},"event":{"state":true,"data":{"SHOW_PARAMETER_HINT":"validation.undefined_rule","SHOW_PROPERTY_HINT":"validation.undefined_rule","SHOW_PARAMETER_TYPE_HINT":"validation.undefined_rule","created":1590676384389,"project":"d119a6d897fcb33934b9adf90ec59bc9e850f90f58367fa567dc99031a6fc921","enabled":true,"SHOW_SUSPENDING_CALL":"validation.undefined_rule","SHOW_LOCAL_VARIABLE_HINT":"validation.undefined_rule","SHOW_FUNCTION_HINT":"validation.undefined_rule","plugin_type":"PLATFORM","SHOW_LAMBDA_IMPLICIT_PARAMETER_RECEIVER":"validation.undefined_rule","lang":"kotlin","SHOW_LAMBDA_RETURN_EXPRESSION":"validation.undefined_rule"},"id":"validation.unmatched_rule"}}
{"recorder_version":"31","session":"72da01fc4701","build":"193.5662.53","bucket":"159","time":1590676384388,"group":{"id":"inlay.configuration","version":"2"},"event":{"state":true,"data":{"type_parameter_list":"validation.undefined_rule","inferred_parameter_types":"validation.undefined_rule","created":1590676384389,"plugin_type":"PLATFORM","project":"d119a6d897fcb33934b9adf90ec59bc9e850f90f58367fa567dc99031a6fc921","lang":"Groovy","enabled":true},"id":"validation.unmatched_rule"}}
{"recorder_version":"31","session":"72da01fc4701","build":"193.5662.53","bucket":"159","time":1590676384388,"group":{"id":"inlay.configuration","version":"2"},"event":{"state":true,"data":{"created":1590676384389,"plugin_type":"PLATFORM","project":"d119a6d897fcb33934b9adf90ec59bc9e850f90f58367fa567dc99031a6fc921","lang":"JAVA","enabled":true},"id":"validation.unmatched_rule"}}
{"recorder_version":"31","session":"72da01fc4701","build":"193.5662.53","bucket":"159","time":1590676384388,"group":{"id":"inlay.configuration","version":"2"},"event":{"state":true,"data":{"inferred_annotations":"validation.undefined_rule","created":1590676384389,"plugin_type":"PLATFORM","project":"d119a6d897fcb33934b9adf90ec59bc9e850f90f58367fa567dc99031a6fc921","lang":"JAVA","external_annotations":"validation.undefined_rule","enabled":true},"id":"validation.unmatched_rule"}}
{"recorder_version":"31","session":"72da01fc4701","build":"193.5662.53","bucket":"159","time":1590676384388,"group":{"id":"inlay.configuration","version":"2"},"event":{"state":true,"data":{"created":1590676384389,"project":"d119a6d897fcb33934b9adf90ec59bc9e850f90f58367fa567dc99031a6fc921"},"id":"invoked"}}
{"recorder_version":"31","session":"72da01fc4701","build":"193.5662.53","bucket":"159","time":1590676384391,"group":{"id":"debugger.breakpoints","version":"2"},"event":{"state":true,"data":{"created":1590676384391,"count":0,"project":"d119a6d897fcb33934b9adf90ec59bc9e850f90f58367fa567dc99031a6fc921"},"id":"total"}}
{"recorder_version":"31","session":"72da01fc4701","build":"193.5662.53","bucket":"159","time":1590676384391,"group":{"id":"debugger.breakpoints","version":"2"},"event":{"state":true,"data":{"created":1590676384391,"count":0,"project":"d119a6d897fcb33934b9adf90ec59bc9e850f90f58367fa567dc99031a6fc921"},"id":"total.disabled"}}
{"recorder_version":"31","session":"72da01fc4701","build":"193.5662.53","bucket":"159","time":1590676384391,"group":{"id":"debugger.breakpoints","version":"2"},"event":{"state":true,"data":{"created":1590676384391,"count":0,"project":"d119a6d897fcb33934b9adf90ec59bc9e850f90f58367fa567dc99031a6fc921"},"id":"total.non.suspending"}}
{"recorder_version":"31","session":"72da01fc4701","build":"193.5662.53","bucket":"159","time":1590676384391,"group":{"id":"debugger.breakpoints","version":"2"},"event":{"state":true,"data":{"created":1590676384391,"project":"d119a6d897fcb33934b9adf90ec59bc9e850f90f58367fa567dc99031a6fc921"},"id":"invoked"}}
{"recorder_version":"31","session":"72da01fc4701","build":"193.5662.53","bucket":"159","time":1590676384391,"group":{"id":"vcs.log.ui","version":"2"},"event":{"state":true,"data":{"created":1590676384391,"project":"d119a6d897fcb33934b9adf90ec59bc9e850f90f58367fa567dc99031a6fc921"},"id":"invoked"}}
{"recorder_version":"31","session":"72da01fc4701","build":"193.5662.53","bucket":"159","time":1590676384392,"group":{"id":"vcs.log.index.project","version":"2"},"event":{"state":true,"data":{"created":1590676384392,"project":"d119a6d897fcb33934b9adf90ec59bc9e850f90f58367fa567dc99031a6fc921"},"id":"invoked"}}
{"recorder_version":"31","session":"72da01fc4701","build":"193.5662.53","bucket":"159","time":1590676384393,"group":{"id":"build.tools.state","version":"1"},"event":{"state":true,"data":{"created":1590676384393,"count":0,"externalSystemId":"Gradle","project":"d119a6d897fcb33934b9adf90ec59bc9e850f90f58367fa567dc99031a6fc921"},"id":"numberOfLinkedProject"}}
{"recorder_version":"31","session":"72da01fc4701","build":"193.5662.53","bucket":"159","time":1590676384393,"group":{"id":"build.tools.state","version":"1"},"event":{"state":true,"data":{"created":1590676384393,"project":"d119a6d897fcb33934b9adf90ec59bc9e850f90f58367fa567dc99031a6fc921"},"id":"invoked"}}
{"recorder_version":"31","session":"72da01fc4701","build":"193.5662.53","bucket":"159","time":1590676384394,"group":{"id":"editor.settings.project","version":"2"},"event":{"state":true,"data":{"created":1590676384394,"project":"d119a6d897fcb33934b9adf90ec59bc9e850f90f58367fa567dc99031a6fc921"},"id":"invoked"}}
{"recorder_version":"31","session":"72da01fc4701","build":"193.5662.53","bucket":"159","time":1590676384405,"group":{"id":"build.ant.state","version":"1"},"event":{"state":true,"data":{"created":1590676384405,"project":"d119a6d897fcb33934b9adf90ec59bc9e850f90f58367fa567dc99031a6fc921"},"id":"invoked"}}
{"recorder_version":"31","session":"72da01fc4701","build":"193.5662.53","bucket":"159","time":1590676384405,"group":{"id":"build.tools","version":"1"},"event":{"state":true,"data":{"created":1590676384405,"project":"d119a6d897fcb33934b9adf90ec59bc9e850f90f58367fa567dc99031a6fc921"},"id":"invoked"}}
{"recorder_version":"31","session":"72da01fc4701","build":"193.5662.53","bucket":"159","time":1590676384458,"group":{"id":"svn.configuration","version":"1"},"event":{"state":true,"data":{"created":1590676384459,"project":"d119a6d897fcb33934b9adf90ec59bc9e850f90f58367fa567dc99031a6fc921"},"id":"invoked"}}
{"recorder_version":"31","session":"72da01fc4701","build":"193.5662.53","bucket":"159","time":1590676384459,"group":{"id":"java.compiler.settings.project","version":"1"},"event":{"state":true,"data":{"created":1590676384459,"project":"d119a6d897fcb33934b9adf90ec59bc9e850f90f58367fa567dc99031a6fc921","enabled":true},"id":"AUTO_SHOW_ERRORS_IN_EDITOR"}}
{"recorder_version":"31","session":"72da01fc4701","build":"193.5662.53","bucket":"159","time":1590676384459,"group":{"id":"java.compiler.settings.project","version":"1"},"event":{"state":true,"data":{"created":1590676384459,"project":"d119a6d897fcb33934b9adf90ec59bc9e850f90f58367fa567dc99031a6fc921","enabled":true},"id":"DISPLAY_NOTIFICATION_POPUP"}}
{"recorder_version":"31","session":"72da01fc4701","build":"193.5662.53","bucket":"159","time":1590676384459,"group":{"id":"java.compiler.settings.project","version":"1"},"event":{"state":true,"data":{"created":1590676384459,"project":"d119a6d897fcb33934b9adf90ec59bc9e850f90f58367fa567dc99031a6fc921","enabled":true},"id":"CLEAR_OUTPUT_DIRECTORY"}}
{"recorder_version":"31","session":"72da01fc4701","build":"193.5662.53","bucket":"159","time":1590676384459,"group":{"id":"java.compiler.settings.project","version":"1"},"event":{"state":true,"data":{"created":1590676384459,"project":"d119a6d897fcb33934b9adf90ec59bc9e850f90f58367fa567dc99031a6fc921","enabled":false},"id":"MAKE_PROJECT_ON_SAVE"}}
{"recorder_version":"31","session":"72da01fc4701","build":"193.5662.53","bucket":"159","time":1590676384459,"group":{"id":"java.compiler.settings.project","version":"1"},"event":{"state":true,"data":{"created":1590676384459,"project":"d119a6d897fcb33934b9adf90ec59bc9e850f90f58367fa567dc99031a6fc921","enabled":false},"id":"PARALLEL_COMPILATION"}}
{"recorder_version":"31","session":"72da01fc4701","build":"193.5662.53","bucket":"159","time":1590676384459,"group":{"id":"java.compiler.settings.project","version":"1"},"event":{"state":true,"data":{"created":1590676384459,"project":"d119a6d897fcb33934b9adf90ec59bc9e850f90f58367fa567dc99031a6fc921","enabled":true},"id":"REBUILD_ON_DEPENDENCY_CHANGE"}}
{"recorder_version":"31","session":"72da01fc4701","build":"193.5662.53","bucket":"159","time":1590676384459,"group":{"id":"java.compiler.settings.project","version":"1"},"event":{"state":true,"data":{"created":1590676384459,"project":"d119a6d897fcb33934b9adf90ec59bc9e850f90f58367fa567dc99031a6fc921","enabled":true},"id":"COMPILE_AFFECTED_UNLOADED_MODULES_BEFORE_COMMIT"}}
{"recorder_version":"31","session":"72da01fc4701","build":"193.5662.53","bucket":"159","time":1590676384459,"group":{"id":"java.compiler.settings.project","version":"1"},"event":{"state":true,"data":{"created":1590676384459,"project":"d119a6d897fcb33934b9adf90ec59bc9e850f90f58367fa567dc99031a6fc921"},"id":"invoked"}}
{"recorder_version":"31","session":"72da01fc4701","build":"193.5662.53","bucket":"159","time":1590676384525,"group":{"id":"file.types","version":"2"},"event":{"state":true,"data":{"file_type":"IDEA_MODULE","created":1590676384525,"plugin_type":"PLATFORM","project":"d119a6d897fcb33934b9adf90ec59bc9e850f90f58367fa567dc99031a6fc921"},"id":"file.in.project"}}
{"recorder_version":"31","session":"72da01fc4701","build":"193.5662.53","bucket":"159","time":1590676384525,"group":{"id":"file.types","version":"2"},"event":{"state":true,"data":{"plugin":"com.intellij.java","file_type":"JAVA","created":1590676384526,"plugin_type":"JB_BUNDLED","project":"d119a6d897fcb33934b9adf90ec59bc9e850f90f58367fa567dc99031a6fc921"},"id":"file.in.project"}}
{"recorder_version":"31","session":"72da01fc4701","build":"193.5662.53","bucket":"159","time":1590676384525,"group":{"id":"file.types","version":"2"},"event":{"state":true,"data":{"created":1590676384526,"project":"d119a6d897fcb33934b9adf90ec59bc9e850f90f58367fa567dc99031a6fc921"},"id":"invoked"}}
{"recorder_version":"31","session":"72da01fc4701","build":"193.5662.53","bucket":"159","time":1590676385134,"group":{"id":"javaLibraryJars","version":"2"},"event":{"state":true,"data":{"created":1590676385134,"project":"d119a6d897fcb33934b9adf90ec59bc9e850f90f58367fa567dc99031a6fc921"},"id":"invoked"}}
{"recorder_version":"31","session":"72da01fc4701","build":"193.5662.53","bucket":"159","time":1590676385136,"group":{"id":"run.configuration.type","version":"5"},"event":{"state":true,"data":{"created":1590676385136,"project":"d119a6d897fcb33934b9adf90ec59bc9e850f90f58367fa567dc99031a6fc921"},"id":"invoked"}}
{"recorder_version":"31","session":"72da01fc4701","build":"193.5662.53","bucket":"159","time":1590676386260,"group":{"id":"performance","version":"31"},"event":{"count":1,"data":{"duration_ms":0,"created":1590676386260},"id":"ui.latency"}}
{"recorder_version":"31","session":"72da01fc4701","build":"193.5662.53","bucket":"159","time":1590676486519,"group":{"id":"performance","version":"31"},"event":{"count":1,"data":{"duration_ms":0,"created":1590676486519},"id":"ui.latency"}}
{"recorder_version":"31","session":"72da01fc4701","build":"193.5662.53","bucket":"159","time":1590676586778,"group":{"id":"performance","version":"31"},"event":{"count":1,"data":{"duration_ms":0,"created":1590676586778},"id":"ui.latency"}}
{"recorder_version":"31","session":"72da01fc4701","build":"193.5662.53","bucket":"159","time":1590676622909,"group":{"id":"lifecycle","version":"31"},"event":{"count":1,"data":{"created":1590676622909,"project":"d119a6d897fcb33934b9adf90ec59bc9e850f90f58367fa567dc99031a6fc921"},"id":"frame.activated"}}
{"recorder_version":"31","session":"72da01fc4701","build":"193.5662.53","bucket":"159","time":1590676629616,"group":{"id":"ui.dialogs","version":"31"},"event":{"count":1,"data":{"created":1590676629616,"plugin_type":"NOT_LISTED","dialog_class":"third.party"},"id":"show"}}
{"recorder_version":"31","session":"72da01fc4701","build":"193.5662.53","bucket":"159","time":1590676650147,"group":{"id":"ui.dialogs","version":"31"},"event":{"count":1,"data":{"code":1,"created":1590676650148,"plugin_type":"NOT_LISTED","dialog_class":"third.party"},"id":"close"}}
{"recorder_version":"31","session":"72da01fc4701","build":"193.5662.53","bucket":"159","time":1590676653701,"group":{"id":"lifecycle","version":"31"},"event":{"count":1,"data":{"created":1590676653701,"project":"d119a6d897fcb33934b9adf90ec59bc9e850f90f58367fa567dc99031a6fc921"},"id":"frame.deactivated"}}
{"recorder_version":"31","session":"72da01fc4701","build":"193.5662.53","bucket":"159","time":1590676661410,"group":{"id":"lifecycle","version":"31"},"event":{"count":1,"data":{"created":1590676661410,"project":"d119a6d897fcb33934b9adf90ec59bc9e850f90f58367fa567dc99031a6fc921"},"id":"frame.activated"}}
{"recorder_version":"31","session":"72da01fc4701","build":"193.5662.53","bucket":"159","time":1590676669874,"group":{"id":"lifecycle","version":"31"},"event":{"count":1,"data":{"created":1590676669875,"project":"d119a6d897fcb33934b9adf90ec59bc9e850f90f58367fa567dc99031a6fc921"},"id":"frame.deactivated"}}
{"recorder_version":"31","session":"72da01fc4701","build":"193.5662.53","bucket":"159","time":1590676687036,"group":{"id":"performance","version":"31"},"event":{"count":1,"data":{"duration_ms":0,"created":1590676687036},"id":"ui.latency"}}
{"recorder_version":"31","session":"72da01fc4701","build":"193.5662.53","bucket":"159","time":1590676720348,"group":{"id":"lifecycle","version":"31"},"event":{"count":1,"data":{"created":1590676720348,"project":"d119a6d897fcb33934b9adf90ec59bc9e850f90f58367fa567dc99031a6fc921"},"id":"frame.activated"}}
{"recorder_version":"31","session":"72da01fc4701","build":"193.5662.53","bucket":"159","time":1590676722887,"group":{"id":"ui.dialogs","version":"31"},"event":{"count":1,"data":{"created":1590676722887,"plugin_type":"NOT_LISTED","dialog_class":"third.party"},"id":"show"}}
{"recorder_version":"31","session":"72da01fc4701","build":"193.5662.53","bucket":"159","time":1590676724673,"group":{"id":"ui.dialogs","version":"31"},"event":{"count":1,"data":{"code":1,"created":1590676724673,"plugin_type":"NOT_LISTED","dialog_class":"third.party"},"id":"close"}}
{"recorder_version":"31","session":"72da01fc4701","build":"193.5662.53","bucket":"159","time":1590676725655,"group":{"id":"ui.dialogs","version":"31"},"event":{"count":1,"data":{"created":1590676725655,"plugin_type":"NOT_LISTED","dialog_class":"third.party"},"id":"show"}}
{"recorder_version":"31","session":"72da01fc4701","build":"193.5662.53","bucket":"159","time":1590676730027,"group":{"id":"ui.dialogs","version":"31"},"event":{"count":1,"data":{"code":1,"created":1590676730028,"plugin_type":"NOT_LISTED","dialog_class":"third.party"},"id":"close"}}
