{"recorder_version":"31","session":"5a26af760d09","build":"193.5662.53","bucket":"159","time":1590245863979,"group":{"id":"settings","version":"4"},"event":{"state":true,"data":{"component":"NotRoamableUiSettings","created":1590245864366},"id":"invoked"}}
{"recorder_version":"31","session":"5a26af760d09","build":"193.5662.53","bucket":"159","time":1590245863979,"group":{"id":"settings","version":"4"},"event":{"state":true,"data":{"component":"UISettings","created":1590245864368},"id":"invoked"}}
{"recorder_version":"31","session":"5a26af760d09","build":"193.5662.53","bucket":"159","time":1590245863996,"group":{"id":"system.java","version":"1"},"event":{"state":true,"data":{"created":1590245864380,"version":"validation.undefined_rule"},"id":"validation.undefined_rule"}}
{"recorder_version":"31","session":"5a26af760d09","build":"193.5662.53","bucket":"159","time":1590245863996,"group":{"id":"system.java","version":"1"},"event":{"state":true,"data":{"created":1590245864381},"id":"invoked"}}
{"recorder_version":"31","session":"5a26af760d09","build":"193.5662.53","bucket":"159","time":1590245864047,"group":{"id":"system.os","version":"3"},"event":{"state":true,"data":{"created":1590245864382,"version":"10.15"},"id":"Mac"}}
{"recorder_version":"31","session":"5a26af760d09","build":"193.5662.53","bucket":"159","time":1590245864048,"group":{"id":"system.os","version":"3"},"event":{"state":true,"data":{"created":1590245864382,"name":"Mac","version":"10.15"},"id":"os.name"}}
{"recorder_version":"31","session":"5a26af760d09","build":"193.5662.53","bucket":"159","time":1590245864048,"group":{"id":"system.os","version":"3"},"event":{"state":true,"data":{"created":1590245864383,"value":"+02_00"},"id":"os.timezone"}}
{"recorder_version":"31","session":"5a26af760d09","build":"193.5662.53","bucket":"159","time":1590245864048,"group":{"id":"system.os","version":"3"},"event":{"state":true,"data":{"created":1590245864383},"id":"invoked"}}
{"recorder_version":"31","session":"5a26af760d09","build":"193.5662.53","bucket":"159","time":1590245864247,"group":{"id":"settings","version":"4"},"event":{"state":true,"data":{"component":"UpdatesConfigurable","created":1590245864383,"name":"checkNeeded","type":"bool","value":false},"id":"not.default"}}
{"recorder_version":"31","session":"5a26af760d09","build":"193.5662.53","bucket":"159","time":1590245864248,"group":{"id":"settings","version":"4"},"event":{"state":true,"data":{"component":"UpdatesConfigurable","created":1590245864384},"id":"invoked"}}
{"recorder_version":"31","session":"5a26af760d09","build":"193.5662.53","bucket":"159","time":1590245864333,"group":{"id":"event.log","version":"31"},"event":{"count":1,"data":{"created":1590245864384,"version":"1268.0"},"id":"whitelist.loaded"}}
{"recorder_version":"31","session":"5a26af760d09","build":"193.5662.53","bucket":"159","time":1590245864458,"group":{"id":"settings","version":"4"},"event":{"state":true,"data":{"component":"GeneralSettings","created":1590245864458,"name":"showTipsOnStartup","type":"bool","value":false},"id":"not.default"}}
{"recorder_version":"31","session":"5a26af760d09","build":"193.5662.53","bucket":"159","time":1590245864458,"group":{"id":"settings","version":"4"},"event":{"state":true,"data":{"component":"GeneralSettings","created":1590245864465},"id":"invoked"}}
{"recorder_version":"31","session":"5a26af760d09","build":"193.5662.53","bucket":"159","time":1590245864506,"group":{"id":"lifecycle","version":"31"},"event":{"count":1,"data":{"internal":true,"eap":false,"created":1590245864508},"id":"ide.start"}}
{"recorder_version":"31","session":"5a26af760d09","build":"193.5662.53","bucket":"159","time":1590245864586,"group":{"id":"settings","version":"4"},"event":{"state":true,"data":{"component":"XmlEditorOptions","created":1590245864586},"id":"invoked"}}
{"recorder_version":"31","session":"5a26af760d09","build":"193.5662.53","bucket":"159","time":1590245865424,"group":{"id":"lifecycle","version":"31"},"event":{"count":1,"data":{"created":1590245865424},"id":"frame.activated"}}
{"recorder_version":"31","session":"5a26af760d09","build":"193.5662.53","bucket":"159","time":1590245865424,"group":{"id":"settings","version":"4"},"event":{"state":true,"data":{"component":"VcsApplicationSettings","created":1590245865424},"id":"invoked"}}
{"recorder_version":"31","session":"5a26af760d09","build":"193.5662.53","bucket":"159","time":1590245865463,"group":{"id":"performance","version":"31"},"event":{"count":1,"data":{"duration_ms":664,"created":1590245865463},"id":"ui.latency"}}
{"recorder_version":"31","session":"5a26af760d09","build":"193.5662.53","bucket":"159","time":1590245865463,"group":{"id":"performance","version":"31"},"event":{"count":1,"data":{"duration_ms":664,"created":1590245865464},"id":"ui.lagging"}}
{"recorder_version":"31","session":"5a26af760d09","build":"193.5662.53","bucket":"159","time":1590245865774,"group":{"id":"ui.dialogs","version":"31"},"event":{"count":1,"data":{"created":1590245865775,"plugin_type":"PLATFORM","dialog_class":"com.intellij.openapi.progress.util.ProgressDialog$MyDialogWrapper"},"id":"show"}}
{"recorder_version":"31","session":"5a26af760d09","build":"193.5662.53","bucket":"159","time":1590245865931,"group":{"id":"performance","version":"31"},"event":{"count":1,"data":{"duration_ms":138,"created":1590245865931},"id":"ui.lagging"}}
{"recorder_version":"31","session":"5a26af760d09","build":"193.5662.53","bucket":"159","time":1590245867399,"group":{"id":"lifecycle","version":"31"},"event":{"count":1,"data":{"created":1590245867399,"project":"d119a6d897fcb33934b9adf90ec59bc9e850f90f58367fa567dc99031a6fc921"},"id":"project.opened"}}
{"recorder_version":"31","session":"5a26af760d09","build":"193.5662.53","bucket":"159","time":1590245868025,"group":{"id":"performance","version":"31"},"event":{"count":1,"data":{"duration_ms":231,"created":1590245868025},"id":"ui.lagging"}}
{"recorder_version":"31","session":"5a26af760d09","build":"193.5662.53","bucket":"159","time":1590245868045,"group":{"id":"toolwindow","version":"31"},"event":{"count":1,"data":{"created":1590245868045,"plugin_type":"PLATFORM","id":"Event_Log"},"id":"activated"}}
{"recorder_version":"31","session":"5a26af760d09","build":"193.5662.53","bucket":"159","time":1590245869038,"group":{"id":"lifecycle","version":"31"},"event":{"count":1,"data":{"created":1590245869038,"project":"d119a6d897fcb33934b9adf90ec59bc9e850f90f58367fa567dc99031a6fc921"},"id":"frame.deactivated"}}
{"recorder_version":"31","session":"5a26af760d09","build":"193.5662.53","bucket":"159","time":1590245869395,"group":{"id":"performance","version":"31"},"event":{"count":1,"data":{"duration_ms":600,"created":1590245869396},"id":"ui.lagging"}}
{"recorder_version":"31","session":"5a26af760d09","build":"193.5662.53","bucket":"159","time":1590245870275,"group":{"id":"performance","version":"31"},"event":{"count":1,"data":{"duration_ms":477,"created":1590245870275},"id":"ui.lagging"}}
{"recorder_version":"31","session":"5a26af760d09","build":"193.5662.53","bucket":"159","time":1590245870490,"group":{"id":"project.fs","version":"1"},"event":{"state":true,"data":{"os":"Mac","cs-project":false,"created":1590245870491,"project":"d119a6d897fcb33934b9adf90ec59bc9e850f90f58367fa567dc99031a6fc921","cs-implicit":true,"cs-system":false},"id":"case-sensitivity"}}
{"recorder_version":"31","session":"5a26af760d09","build":"193.5662.53","bucket":"159","time":1590245870490,"group":{"id":"project.fs","version":"1"},"event":{"state":true,"data":{"created":1590245870491},"id":"invoked"}}
{"recorder_version":"31","session":"5a26af760d09","build":"193.5662.53","bucket":"159","time":1590245870491,"group":{"id":"project.fs","version":"1"},"event":{"state":true,"data":{"pct-non-watched":0,"created":1590245870492,"project":"d119a6d897fcb33934b9adf90ec59bc9e850f90f58367fa567dc99031a6fc921"},"id":"roots-watched"}}
{"recorder_version":"31","session":"5a26af760d09","build":"193.5662.53","bucket":"159","time":1590245870491,"group":{"id":"project.fs","version":"1"},"event":{"state":true,"data":{"created":1590245870492},"id":"invoked"}}
{"recorder_version":"31","session":"5a26af760d09","build":"193.5662.53","bucket":"159","time":1590245870575,"group":{"id":"ui.dialogs","version":"31"},"event":{"count":1,"data":{"code":1,"created":1590245870576,"plugin_type":"PLATFORM","dialog_class":"com.intellij.openapi.progress.util.ProgressDialog$MyDialogWrapper"},"id":"close"}}
{"recorder_version":"31","session":"5a26af760d09","build":"193.5662.53","bucket":"159","time":1590245870752,"group":{"id":"indexing","version":"2"},"event":{"count":1,"data":{"ide_activity_id":1,"created":1590245870752,"project":"d119a6d897fcb33934b9adf90ec59bc9e850f90f58367fa567dc99031a6fc921"},"id":"started"}}
{"recorder_version":"31","session":"5a26af760d09","build":"193.5662.53","bucket":"159","time":1590245870830,"group":{"id":"indexing","version":"2"},"event":{"count":1,"data":{"ide_activity_id":1,"stage_class":"com.intellij.util.indexing.UnindexedFilesUpdater","created":1590245870830,"plugin_type":"PLATFORM"},"id":"stage"}}
{"recorder_version":"31","session":"5a26af760d09","build":"193.5662.53","bucket":"159","time":1590245870834,"group":{"id":"lifecycle","version":"31"},"event":{"count":1,"data":{"duration_ms":6219,"created":1590245870834,"project":"d119a6d897fcb33934b9adf90ec59bc9e850f90f58367fa567dc99031a6fc921"},"id":"project.opening.finished"}}
{"recorder_version":"31","session":"5a26af760d09","build":"193.5662.53","bucket":"159","time":1590245872184,"group":{"id":"lifecycle","version":"31"},"event":{"count":1,"data":{"created":1590245872185,"project":"d119a6d897fcb33934b9adf90ec59bc9e850f90f58367fa567dc99031a6fc921"},"id":"frame.activated"}}
{"recorder_version":"31","session":"5a26af760d09","build":"193.5662.53","bucket":"159","time":1590245874022,"group":{"id":"indexing","version":"2"},"event":{"count":1,"data":{"duration_ms":3270,"ide_activity_id":1,"created":1590245874022},"id":"finished"}}
{"recorder_version":"31","session":"5a26af760d09","build":"193.5662.53","bucket":"159","time":1590245874140,"group":{"id":"indexing","version":"2"},"event":{"count":1,"data":{"ide_activity_id":2,"created":1590245874140,"project":"d119a6d897fcb33934b9adf90ec59bc9e850f90f58367fa567dc99031a6fc921"},"id":"started"}}
{"recorder_version":"31","session":"5a26af760d09","build":"193.5662.53","bucket":"159","time":1590245874158,"group":{"id":"indexing","version":"2"},"event":{"count":1,"data":{"ide_activity_id":2,"plugin":"org.jetbrains.android","stage_class":"com.android.tools.idea.res.ResourceFolderRepositoryFileCacheImpl$PruneTask","created":1590245874158,"plugin_type":"JB_BUNDLED"},"id":"stage"}}
{"recorder_version":"31","session":"5a26af760d09","build":"193.5662.53","bucket":"159","time":1590245874209,"group":{"id":"indexing","version":"2"},"event":{"count":1,"data":{"ide_activity_id":2,"plugin":"org.jetbrains.android","stage_class":"com.android.tools.idea.res.ResourceFolderRepositoryFileCacheImpl$ManageLruProjectFilesTask","created":1590245874209,"plugin_type":"JB_BUNDLED"},"id":"stage"}}
{"recorder_version":"31","session":"5a26af760d09","build":"193.5662.53","bucket":"159","time":1590245874241,"group":{"id":"indexing","version":"2"},"event":{"count":1,"data":{"duration_ms":101,"ide_activity_id":2,"created":1590245874242},"id":"finished"}}
{"recorder_version":"31","session":"5a26af760d09","build":"193.5662.53","bucket":"159","time":1590245874254,"group":{"id":"indexing","version":"2"},"event":{"count":1,"data":{"ide_activity_id":3,"created":1590245874254,"project":"d119a6d897fcb33934b9adf90ec59bc9e850f90f58367fa567dc99031a6fc921"},"id":"started"}}
{"recorder_version":"31","session":"5a26af760d09","build":"193.5662.53","bucket":"159","time":1590245874258,"group":{"id":"indexing","version":"2"},"event":{"count":1,"data":{"ide_activity_id":3,"plugin":"org.jetbrains.android","stage_class":"com.android.tools.idea.res.ResourceFolderRegistry$PopulateCachesTask","created":1590245874259,"plugin_type":"JB_BUNDLED"},"id":"stage"}}
{"recorder_version":"31","session":"5a26af760d09","build":"193.5662.53","bucket":"159","time":1590245874277,"group":{"id":"indexing","version":"2"},"event":{"count":1,"data":{"duration_ms":23,"ide_activity_id":3,"created":1590245874277},"id":"finished"}}
{"recorder_version":"31","session":"5a26af760d09","build":"193.5662.53","bucket":"159","time":1590245875584,"group":{"id":"startup","version":"1"},"event":{"count":1,"data":{"duration":1953,"created":1590245875584},"id":"appInit"}}
{"recorder_version":"31","session":"5a26af760d09","build":"193.5662.53","bucket":"159","time":1590245875584,"group":{"id":"startup","version":"1"},"event":{"count":1,"data":{"duration":347,"created":1590245875584},"id":"splash"}}
{"recorder_version":"31","session":"5a26af760d09","build":"193.5662.53","bucket":"159","time":1590245875584,"group":{"id":"startup","version":"1"},"event":{"count":1,"data":{"duration":376,"created":1590245875585},"id":"bootstrap"}}
{"recorder_version":"31","session":"5a26af760d09","build":"193.5662.53","bucket":"159","time":1590245875584,"group":{"id":"startup","version":"1"},"event":{"count":1,"data":{"duration":10194,"created":1590245875585},"id":"totalDuration"}}
{"recorder_version":"31","session":"5a26af760d09","build":"193.5662.53","bucket":"159","time":1590245875944,"group":{"id":"actions","version":"31"},"event":{"count":1,"data":{"context_menu":true,"action_id":"third.party","created":1590245875944,"plugin_type":"NOT_LISTED","project":"d119a6d897fcb33934b9adf90ec59bc9e850f90f58367fa567dc99031a6fc921","place":"MainMenu","class":"third.party","input_event":"NoMouseButton"},"id":"action.invoked"}}
{"recorder_version":"31","session":"5a26af760d09","build":"193.5662.53","bucket":"159","time":1590245877724,"group":{"id":"ui.dialogs","version":"31"},"event":{"count":1,"data":{"created":1590245877725,"plugin_type":"NOT_LISTED","dialog_class":"third.party"},"id":"show"}}
{"recorder_version":"31","session":"5a26af760d09","build":"193.5662.53","bucket":"159","time":1590245879752,"group":{"id":"ui.dialogs","version":"31"},"event":{"count":1,"data":{"code":1,"created":1590245879753,"plugin_type":"NOT_LISTED","dialog_class":"third.party"},"id":"close"}}
