{"recorder_version":"31","session":"dd89f23da595","build":"193.5662.53","bucket":"159","time":1590181310451,"group":{"id":"settings","version":"4"},"event":{"state":true,"data":{"component":"NotRoamableUiSettings","created":1590181310947},"id":"invoked"}}
{"recorder_version":"31","session":"dd89f23da595","build":"193.5662.53","bucket":"159","time":1590181310451,"group":{"id":"settings","version":"4"},"event":{"state":true,"data":{"component":"UISettings","created":1590181310950},"id":"invoked"}}
{"recorder_version":"31","session":"dd89f23da595","build":"193.5662.53","bucket":"159","time":1590181310462,"group":{"id":"system.java","version":"1"},"event":{"state":true,"data":{"created":1590181310962,"version":"validation.undefined_rule"},"id":"validation.undefined_rule"}}
{"recorder_version":"31","session":"dd89f23da595","build":"193.5662.53","bucket":"159","time":1590181310462,"group":{"id":"system.java","version":"1"},"event":{"state":true,"data":{"created":1590181310962},"id":"invoked"}}
{"recorder_version":"31","session":"dd89f23da595","build":"193.5662.53","bucket":"159","time":1590181310492,"group":{"id":"system.os","version":"3"},"event":{"state":true,"data":{"created":1590181310963,"version":"10.15"},"id":"Mac"}}
{"recorder_version":"31","session":"dd89f23da595","build":"193.5662.53","bucket":"159","time":1590181310492,"group":{"id":"system.os","version":"3"},"event":{"state":true,"data":{"created":1590181310964,"name":"Mac","version":"10.15"},"id":"os.name"}}
{"recorder_version":"31","session":"dd89f23da595","build":"193.5662.53","bucket":"159","time":1590181310492,"group":{"id":"system.os","version":"3"},"event":{"state":true,"data":{"created":1590181310964,"value":"+02_00"},"id":"os.timezone"}}
{"recorder_version":"31","session":"dd89f23da595","build":"193.5662.53","bucket":"159","time":1590181310492,"group":{"id":"system.os","version":"3"},"event":{"state":true,"data":{"created":1590181310964},"id":"invoked"}}
{"recorder_version":"31","session":"dd89f23da595","build":"193.5662.53","bucket":"159","time":1590181310613,"group":{"id":"settings","version":"4"},"event":{"state":true,"data":{"component":"UpdatesConfigurable","created":1590181310965,"name":"checkNeeded","type":"bool","value":false},"id":"not.default"}}
{"recorder_version":"31","session":"dd89f23da595","build":"193.5662.53","bucket":"159","time":1590181310613,"group":{"id":"settings","version":"4"},"event":{"state":true,"data":{"component":"UpdatesConfigurable","created":1590181310965},"id":"invoked"}}
{"recorder_version":"31","session":"dd89f23da595","build":"193.5662.53","bucket":"159","time":1590181310842,"group":{"id":"event.log","version":"31"},"event":{"count":1,"data":{"created":1590181310966,"version":"1268.0"},"id":"whitelist.loaded"}}
{"recorder_version":"31","session":"dd89f23da595","build":"193.5662.53","bucket":"159","time":1590181310908,"group":{"id":"settings","version":"4"},"event":{"state":true,"data":{"component":"GeneralSettings","created":1590181310966,"name":"showTipsOnStartup","type":"bool","value":false},"id":"not.default"}}
{"recorder_version":"31","session":"dd89f23da595","build":"193.5662.53","bucket":"159","time":1590181310908,"group":{"id":"settings","version":"4"},"event":{"state":true,"data":{"component":"GeneralSettings","created":1590181310966},"id":"invoked"}}
{"recorder_version":"31","session":"dd89f23da595","build":"193.5662.53","bucket":"159","time":1590181310951,"group":{"id":"lifecycle","version":"31"},"event":{"count":1,"data":{"internal":true,"eap":false,"created":1590181310967},"id":"ide.start"}}
{"recorder_version":"31","session":"dd89f23da595","build":"193.5662.53","bucket":"159","time":1590181311033,"group":{"id":"settings","version":"4"},"event":{"state":true,"data":{"component":"XmlEditorOptions","created":1590181311034},"id":"invoked"}}
{"recorder_version":"31","session":"dd89f23da595","build":"193.5662.53","bucket":"159","time":1590181312013,"group":{"id":"lifecycle","version":"31"},"event":{"count":1,"data":{"created":1590181312013},"id":"frame.activated"}}
{"recorder_version":"31","session":"dd89f23da595","build":"193.5662.53","bucket":"159","time":1590181312013,"group":{"id":"settings","version":"4"},"event":{"state":true,"data":{"component":"VcsApplicationSettings","created":1590181312014},"id":"invoked"}}
{"recorder_version":"31","session":"dd89f23da595","build":"193.5662.53","bucket":"159","time":1590181312046,"group":{"id":"performance","version":"31"},"event":{"count":1,"data":{"duration_ms":750,"created":1590181312046},"id":"ui.latency"}}
{"recorder_version":"31","session":"dd89f23da595","build":"193.5662.53","bucket":"159","time":1590181312046,"group":{"id":"performance","version":"31"},"event":{"count":1,"data":{"duration_ms":750,"created":1590181312047},"id":"ui.lagging"}}
{"recorder_version":"31","session":"dd89f23da595","build":"193.5662.53","bucket":"159","time":1590181312154,"group":{"id":"ui.dialogs","version":"31"},"event":{"count":1,"data":{"created":1590181312155,"plugin_type":"PLATFORM","dialog_class":"com.intellij.openapi.progress.util.ProgressDialog$MyDialogWrapper"},"id":"show"}}
{"recorder_version":"31","session":"dd89f23da595","build":"193.5662.53","bucket":"159","time":1590181314074,"group":{"id":"lifecycle","version":"31"},"event":{"count":1,"data":{"created":1590181314074,"project":"d119a6d897fcb33934b9adf90ec59bc9e850f90f58367fa567dc99031a6fc921"},"id":"project.opened"}}
{"recorder_version":"31","session":"dd89f23da595","build":"193.5662.53","bucket":"159","time":1590181314757,"group":{"id":"performance","version":"31"},"event":{"count":1,"data":{"duration_ms":459,"created":1590181314758},"id":"ui.lagging"}}
{"recorder_version":"31","session":"dd89f23da595","build":"193.5662.53","bucket":"159","time":1590181314780,"group":{"id":"toolwindow","version":"31"},"event":{"count":1,"data":{"created":1590181314780,"plugin_type":"PLATFORM","id":"Event_Log"},"id":"activated"}}
{"recorder_version":"31","session":"dd89f23da595","build":"193.5662.53","bucket":"159","time":1590181315639,"group":{"id":"performance","version":"31"},"event":{"count":1,"data":{"duration_ms":337,"created":1590181315639},"id":"ui.lagging"}}
{"recorder_version":"31","session":"dd89f23da595","build":"193.5662.53","bucket":"159","time":1590181316793,"group":{"id":"indexing","version":"2"},"event":{"count":1,"data":{"ide_activity_id":1,"created":1590181316794,"project":"d119a6d897fcb33934b9adf90ec59bc9e850f90f58367fa567dc99031a6fc921"},"id":"started"}}
{"recorder_version":"31","session":"dd89f23da595","build":"193.5662.53","bucket":"159","time":1590181316867,"group":{"id":"project.fs","version":"1"},"event":{"state":true,"data":{"os":"Mac","cs-project":false,"created":1590181316867,"project":"d119a6d897fcb33934b9adf90ec59bc9e850f90f58367fa567dc99031a6fc921","cs-implicit":true,"cs-system":false},"id":"case-sensitivity"}}
{"recorder_version":"31","session":"dd89f23da595","build":"193.5662.53","bucket":"159","time":1590181316867,"group":{"id":"project.fs","version":"1"},"event":{"state":true,"data":{"created":1590181316868},"id":"invoked"}}
{"recorder_version":"31","session":"dd89f23da595","build":"193.5662.53","bucket":"159","time":1590181316868,"group":{"id":"project.fs","version":"1"},"event":{"state":true,"data":{"pct-non-watched":0,"created":1590181316869,"project":"d119a6d897fcb33934b9adf90ec59bc9e850f90f58367fa567dc99031a6fc921"},"id":"roots-watched"}}
{"recorder_version":"31","session":"dd89f23da595","build":"193.5662.53","bucket":"159","time":1590181316868,"group":{"id":"project.fs","version":"1"},"event":{"state":true,"data":{"created":1590181316869},"id":"invoked"}}
{"recorder_version":"31","session":"dd89f23da595","build":"193.5662.53","bucket":"159","time":1590181316959,"group":{"id":"indexing","version":"2"},"event":{"count":1,"data":{"ide_activity_id":1,"stage_class":"com.intellij.util.indexing.UnindexedFilesUpdater","created":1590181316959,"plugin_type":"PLATFORM"},"id":"stage"}}
{"recorder_version":"31","session":"dd89f23da595","build":"193.5662.53","bucket":"159","time":1590181316961,"group":{"id":"ui.dialogs","version":"31"},"event":{"count":1,"data":{"code":1,"created":1590181316961,"plugin_type":"PLATFORM","dialog_class":"com.intellij.openapi.progress.util.ProgressDialog$MyDialogWrapper"},"id":"close"}}
{"recorder_version":"31","session":"dd89f23da595","build":"193.5662.53","bucket":"159","time":1590181317161,"group":{"id":"lifecycle","version":"31"},"event":{"count":1,"data":{"duration_ms":6109,"created":1590181317161,"project":"d119a6d897fcb33934b9adf90ec59bc9e850f90f58367fa567dc99031a6fc921"},"id":"project.opening.finished"}}
{"recorder_version":"31","session":"dd89f23da595","build":"193.5662.53","bucket":"159","time":1590181319319,"group":{"id":"indexing","version":"2"},"event":{"count":1,"data":{"duration_ms":2526,"ide_activity_id":1,"created":1590181319319},"id":"finished"}}
{"recorder_version":"31","session":"dd89f23da595","build":"193.5662.53","bucket":"159","time":1590181319420,"group":{"id":"indexing","version":"2"},"event":{"count":1,"data":{"ide_activity_id":2,"created":1590181319421,"project":"d119a6d897fcb33934b9adf90ec59bc9e850f90f58367fa567dc99031a6fc921"},"id":"started"}}
{"recorder_version":"31","session":"dd89f23da595","build":"193.5662.53","bucket":"159","time":1590181319434,"group":{"id":"indexing","version":"2"},"event":{"count":1,"data":{"ide_activity_id":2,"plugin":"org.jetbrains.android","stage_class":"com.android.tools.idea.res.ResourceFolderRepositoryFileCacheImpl$PruneTask","created":1590181319435,"plugin_type":"JB_BUNDLED"},"id":"stage"}}
{"recorder_version":"31","session":"dd89f23da595","build":"193.5662.53","bucket":"159","time":1590181319481,"group":{"id":"indexing","version":"2"},"event":{"count":1,"data":{"ide_activity_id":2,"plugin":"org.jetbrains.android","stage_class":"com.android.tools.idea.res.ResourceFolderRepositoryFileCacheImpl$ManageLruProjectFilesTask","created":1590181319481,"plugin_type":"JB_BUNDLED"},"id":"stage"}}
{"recorder_version":"31","session":"dd89f23da595","build":"193.5662.53","bucket":"159","time":1590181319513,"group":{"id":"indexing","version":"2"},"event":{"count":1,"data":{"duration_ms":93,"ide_activity_id":2,"created":1590181319513},"id":"finished"}}
{"recorder_version":"31","session":"dd89f23da595","build":"193.5662.53","bucket":"159","time":1590181319528,"group":{"id":"indexing","version":"2"},"event":{"count":1,"data":{"ide_activity_id":3,"created":1590181319528,"project":"d119a6d897fcb33934b9adf90ec59bc9e850f90f58367fa567dc99031a6fc921"},"id":"started"}}
{"recorder_version":"31","session":"dd89f23da595","build":"193.5662.53","bucket":"159","time":1590181319530,"group":{"id":"indexing","version":"2"},"event":{"count":1,"data":{"ide_activity_id":3,"plugin":"org.jetbrains.android","stage_class":"com.android.tools.idea.res.ResourceFolderRegistry$PopulateCachesTask","created":1590181319531,"plugin_type":"JB_BUNDLED"},"id":"stage"}}
{"recorder_version":"31","session":"dd89f23da595","build":"193.5662.53","bucket":"159","time":1590181319542,"group":{"id":"indexing","version":"2"},"event":{"count":1,"data":{"duration_ms":14,"ide_activity_id":3,"created":1590181319542},"id":"finished"}}
{"recorder_version":"31","session":"dd89f23da595","build":"193.5662.53","bucket":"159","time":1590181320881,"group":{"id":"actions","version":"31"},"event":{"count":1,"data":{"context_menu":true,"action_id":"third.party","created":1590181320882,"plugin_type":"NOT_LISTED","project":"d119a6d897fcb33934b9adf90ec59bc9e850f90f58367fa567dc99031a6fc921","place":"MainMenu","class":"third.party","input_event":"NoMouseButton"},"id":"action.invoked"}}
{"recorder_version":"31","session":"dd89f23da595","build":"193.5662.53","bucket":"159","time":1590181321968,"group":{"id":"startup","version":"1"},"event":{"count":1,"data":{"duration":2092,"created":1590181321968},"id":"appInit"}}
{"recorder_version":"31","session":"dd89f23da595","build":"193.5662.53","bucket":"159","time":1590181321968,"group":{"id":"startup","version":"1"},"event":{"count":1,"data":{"duration":731,"created":1590181321968},"id":"splash"}}
{"recorder_version":"31","session":"dd89f23da595","build":"193.5662.53","bucket":"159","time":1590181321968,"group":{"id":"startup","version":"1"},"event":{"count":1,"data":{"duration":386,"created":1590181321969},"id":"bootstrap"}}
{"recorder_version":"31","session":"dd89f23da595","build":"193.5662.53","bucket":"159","time":1590181321968,"group":{"id":"startup","version":"1"},"event":{"count":1,"data":{"duration":9713,"created":1590181321969},"id":"totalDuration"}}
{"recorder_version":"31","session":"dd89f23da595","build":"193.5662.53","bucket":"159","time":1590181322189,"group":{"id":"ui.dialogs","version":"31"},"event":{"count":1,"data":{"created":1590181322189,"plugin_type":"NOT_LISTED","dialog_class":"third.party"},"id":"show"}}
{"recorder_version":"31","session":"dd89f23da595","build":"193.5662.53","bucket":"159","time":1590181327698,"group":{"id":"ui.dialogs","version":"31"},"event":{"count":1,"data":{"code":0,"created":1590181327699,"plugin_type":"NOT_LISTED","dialog_class":"third.party"},"id":"close"}}
