{"recorder_version":"31","session":"57a11791149e","build":"193.5662.53","bucket":"159","time":1590168208703,"group":{"id":"settings","version":"4"},"event":{"state":true,"data":{"component":"UISettings","created":1590168209206},"id":"invoked"}}
{"recorder_version":"31","session":"57a11791149e","build":"193.5662.53","bucket":"159","time":1590168208705,"group":{"id":"settings","version":"4"},"event":{"state":true,"data":{"component":"NotRoamableUiSettings","created":1590168209210},"id":"invoked"}}
{"recorder_version":"31","session":"57a11791149e","build":"193.5662.53","bucket":"159","time":1590168208720,"group":{"id":"system.java","version":"1"},"event":{"state":true,"data":{"created":1590168209224,"version":"validation.undefined_rule"},"id":"validation.undefined_rule"}}
{"recorder_version":"31","session":"57a11791149e","build":"193.5662.53","bucket":"159","time":1590168208720,"group":{"id":"system.java","version":"1"},"event":{"state":true,"data":{"created":1590168209224},"id":"invoked"}}
{"recorder_version":"31","session":"57a11791149e","build":"193.5662.53","bucket":"159","time":1590168208750,"group":{"id":"system.os","version":"3"},"event":{"state":true,"data":{"created":1590168209225,"version":"10.15"},"id":"Mac"}}
{"recorder_version":"31","session":"57a11791149e","build":"193.5662.53","bucket":"159","time":1590168208750,"group":{"id":"system.os","version":"3"},"event":{"state":true,"data":{"created":1590168209226,"name":"Mac","version":"10.15"},"id":"os.name"}}
{"recorder_version":"31","session":"57a11791149e","build":"193.5662.53","bucket":"159","time":1590168208750,"group":{"id":"system.os","version":"3"},"event":{"state":true,"data":{"created":1590168209226,"value":"+02_00"},"id":"os.timezone"}}
{"recorder_version":"31","session":"57a11791149e","build":"193.5662.53","bucket":"159","time":1590168208750,"group":{"id":"system.os","version":"3"},"event":{"state":true,"data":{"created":1590168209227},"id":"invoked"}}
{"recorder_version":"31","session":"57a11791149e","build":"193.5662.53","bucket":"159","time":1590168209091,"group":{"id":"settings","version":"4"},"event":{"state":true,"data":{"component":"UpdatesConfigurable","created":1590168209227,"name":"checkNeeded","type":"bool","value":false},"id":"not.default"}}
{"recorder_version":"31","session":"57a11791149e","build":"193.5662.53","bucket":"159","time":1590168209091,"group":{"id":"settings","version":"4"},"event":{"state":true,"data":{"component":"UpdatesConfigurable","created":1590168209231},"id":"invoked"}}
{"recorder_version":"31","session":"57a11791149e","build":"193.5662.53","bucket":"159","time":1590168209169,"group":{"id":"event.log","version":"31"},"event":{"count":1,"data":{"created":1590168209232,"version":"1268.0"},"id":"whitelist.loaded"}}
{"recorder_version":"31","session":"57a11791149e","build":"193.5662.53","bucket":"159","time":1590168209286,"group":{"id":"settings","version":"4"},"event":{"state":true,"data":{"component":"GeneralSettings","created":1590168209287,"name":"showTipsOnStartup","type":"bool","value":false},"id":"not.default"}}
{"recorder_version":"31","session":"57a11791149e","build":"193.5662.53","bucket":"159","time":1590168209287,"group":{"id":"settings","version":"4"},"event":{"state":true,"data":{"component":"GeneralSettings","created":1590168209295},"id":"invoked"}}
{"recorder_version":"31","session":"57a11791149e","build":"193.5662.53","bucket":"159","time":1590168209317,"group":{"id":"lifecycle","version":"31"},"event":{"count":1,"data":{"internal":true,"eap":false,"created":1590168209318},"id":"ide.start"}}
{"recorder_version":"31","session":"57a11791149e","build":"193.5662.53","bucket":"159","time":1590168209518,"group":{"id":"settings","version":"4"},"event":{"state":true,"data":{"component":"XmlEditorOptions","created":1590168209519},"id":"invoked"}}
{"recorder_version":"31","session":"57a11791149e","build":"193.5662.53","bucket":"159","time":1590168211052,"group":{"id":"performance","version":"31"},"event":{"count":1,"data":{"duration_ms":1509,"created":1590168211052},"id":"ui.latency"}}
{"recorder_version":"31","session":"57a11791149e","build":"193.5662.53","bucket":"159","time":1590168211052,"group":{"id":"performance","version":"31"},"event":{"count":1,"data":{"duration_ms":1509,"created":1590168211053},"id":"ui.lagging"}}
{"recorder_version":"31","session":"57a11791149e","build":"193.5662.53","bucket":"159","time":1590168211058,"group":{"id":"performance","version":"31"},"event":{"count":1,"data":{"duration_ms":555,"created":1590168211058},"id":"ui.lagging"}}
{"recorder_version":"31","session":"57a11791149e","build":"193.5662.53","bucket":"159","time":1590168211234,"group":{"id":"ui.dialogs","version":"31"},"event":{"count":1,"data":{"created":1590168211234,"plugin_type":"PLATFORM","dialog_class":"com.intellij.openapi.progress.util.ProgressDialog$MyDialogWrapper"},"id":"show"}}
{"recorder_version":"31","session":"57a11791149e","build":"193.5662.53","bucket":"159","time":1590168211305,"group":{"id":"settings","version":"4"},"event":{"state":true,"data":{"component":"VcsApplicationSettings","created":1590168211305},"id":"invoked"}}
{"recorder_version":"31","session":"57a11791149e","build":"193.5662.53","bucket":"159","time":1590168213521,"group":{"id":"lifecycle","version":"31"},"event":{"count":1,"data":{"created":1590168213521,"project":"d119a6d897fcb33934b9adf90ec59bc9e850f90f58367fa567dc99031a6fc921"},"id":"project.opened"}}
{"recorder_version":"31","session":"57a11791149e","build":"193.5662.53","bucket":"159","time":1590168214164,"group":{"id":"performance","version":"31"},"event":{"count":1,"data":{"duration_ms":659,"created":1590168214168},"id":"ui.lagging"}}
{"recorder_version":"31","session":"57a11791149e","build":"193.5662.53","bucket":"159","time":1590168214222,"group":{"id":"toolwindow","version":"31"},"event":{"count":1,"data":{"created":1590168214224,"plugin_type":"PLATFORM","id":"Event_Log"},"id":"activated"}}
{"recorder_version":"31","session":"57a11791149e","build":"193.5662.53","bucket":"159","time":1590168215335,"group":{"id":"performance","version":"31"},"event":{"count":1,"data":{"duration_ms":825,"created":1590168215335},"id":"ui.lagging"}}
{"recorder_version":"31","session":"57a11791149e","build":"193.5662.53","bucket":"159","time":1590168215967,"group":{"id":"performance","version":"31"},"event":{"count":1,"data":{"duration_ms":455,"created":1590168215967},"id":"ui.lagging"}}
{"recorder_version":"31","session":"57a11791149e","build":"193.5662.53","bucket":"159","time":1590168216337,"group":{"id":"indexing","version":"2"},"event":{"count":1,"data":{"ide_activity_id":1,"created":1590168216338,"project":"d119a6d897fcb33934b9adf90ec59bc9e850f90f58367fa567dc99031a6fc921"},"id":"started"}}
{"recorder_version":"31","session":"57a11791149e","build":"193.5662.53","bucket":"159","time":1590168216339,"group":{"id":"project.fs","version":"1"},"event":{"state":true,"data":{"os":"Mac","cs-project":false,"created":1590168216339,"project":"d119a6d897fcb33934b9adf90ec59bc9e850f90f58367fa567dc99031a6fc921","cs-implicit":true,"cs-system":false},"id":"case-sensitivity"}}
{"recorder_version":"31","session":"57a11791149e","build":"193.5662.53","bucket":"159","time":1590168216339,"group":{"id":"project.fs","version":"1"},"event":{"state":true,"data":{"created":1590168216340},"id":"invoked"}}
{"recorder_version":"31","session":"57a11791149e","build":"193.5662.53","bucket":"159","time":1590168216340,"group":{"id":"project.fs","version":"1"},"event":{"state":true,"data":{"pct-non-watched":0,"created":1590168216340,"project":"d119a6d897fcb33934b9adf90ec59bc9e850f90f58367fa567dc99031a6fc921"},"id":"roots-watched"}}
{"recorder_version":"31","session":"57a11791149e","build":"193.5662.53","bucket":"159","time":1590168216340,"group":{"id":"project.fs","version":"1"},"event":{"state":true,"data":{"created":1590168216341},"id":"invoked"}}
{"recorder_version":"31","session":"57a11791149e","build":"193.5662.53","bucket":"159","time":1590168216374,"group":{"id":"ui.dialogs","version":"31"},"event":{"count":1,"data":{"code":1,"created":1590168216375,"plugin_type":"PLATFORM","dialog_class":"com.intellij.openapi.progress.util.ProgressDialog$MyDialogWrapper"},"id":"close"}}
{"recorder_version":"31","session":"57a11791149e","build":"193.5662.53","bucket":"159","time":1590168216388,"group":{"id":"indexing","version":"2"},"event":{"count":1,"data":{"ide_activity_id":1,"stage_class":"com.intellij.util.indexing.UnindexedFilesUpdater","created":1590168216388,"plugin_type":"PLATFORM"},"id":"stage"}}
{"recorder_version":"31","session":"57a11791149e","build":"193.5662.53","bucket":"159","time":1590168216643,"group":{"id":"lifecycle","version":"31"},"event":{"count":1,"data":{"duration_ms":7120,"created":1590168216643,"project":"d119a6d897fcb33934b9adf90ec59bc9e850f90f58367fa567dc99031a6fc921"},"id":"project.opening.finished"}}
{"recorder_version":"31","session":"57a11791149e","build":"193.5662.53","bucket":"159","time":1590168219275,"group":{"id":"indexing","version":"2"},"event":{"count":1,"data":{"duration_ms":2938,"ide_activity_id":1,"created":1590168219275},"id":"finished"}}
{"recorder_version":"31","session":"57a11791149e","build":"193.5662.53","bucket":"159","time":1590168219379,"group":{"id":"indexing","version":"2"},"event":{"count":1,"data":{"ide_activity_id":2,"created":1590168219379,"project":"d119a6d897fcb33934b9adf90ec59bc9e850f90f58367fa567dc99031a6fc921"},"id":"started"}}
{"recorder_version":"31","session":"57a11791149e","build":"193.5662.53","bucket":"159","time":1590168219449,"group":{"id":"indexing","version":"2"},"event":{"count":1,"data":{"ide_activity_id":2,"plugin":"org.jetbrains.android","stage_class":"com.android.tools.idea.res.ResourceFolderRepositoryFileCacheImpl$PruneTask","created":1590168219449,"plugin_type":"JB_BUNDLED"},"id":"stage"}}
{"recorder_version":"31","session":"57a11791149e","build":"193.5662.53","bucket":"159","time":1590168219488,"group":{"id":"indexing","version":"2"},"event":{"count":1,"data":{"ide_activity_id":2,"plugin":"org.jetbrains.android","stage_class":"com.android.tools.idea.res.ResourceFolderRepositoryFileCacheImpl$ManageLruProjectFilesTask","created":1590168219488,"plugin_type":"JB_BUNDLED"},"id":"stage"}}
{"recorder_version":"31","session":"57a11791149e","build":"193.5662.53","bucket":"159","time":1590168219526,"group":{"id":"indexing","version":"2"},"event":{"count":1,"data":{"duration_ms":147,"ide_activity_id":2,"created":1590168219526},"id":"finished"}}
{"recorder_version":"31","session":"57a11791149e","build":"193.5662.53","bucket":"159","time":1590168219546,"group":{"id":"indexing","version":"2"},"event":{"count":1,"data":{"ide_activity_id":3,"created":1590168219546,"project":"d119a6d897fcb33934b9adf90ec59bc9e850f90f58367fa567dc99031a6fc921"},"id":"started"}}
{"recorder_version":"31","session":"57a11791149e","build":"193.5662.53","bucket":"159","time":1590168219552,"group":{"id":"indexing","version":"2"},"event":{"count":1,"data":{"ide_activity_id":3,"plugin":"org.jetbrains.android","stage_class":"com.android.tools.idea.res.ResourceFolderRegistry$PopulateCachesTask","created":1590168219552,"plugin_type":"JB_BUNDLED"},"id":"stage"}}
{"recorder_version":"31","session":"57a11791149e","build":"193.5662.53","bucket":"159","time":1590168219590,"group":{"id":"indexing","version":"2"},"event":{"count":1,"data":{"duration_ms":44,"ide_activity_id":3,"created":1590168219590},"id":"finished"}}
{"recorder_version":"31","session":"57a11791149e","build":"193.5662.53","bucket":"159","time":1590168221001,"group":{"id":"lifecycle","version":"31"},"event":{"count":1,"data":{"created":1590168221002,"project":"d119a6d897fcb33934b9adf90ec59bc9e850f90f58367fa567dc99031a6fc921"},"id":"frame.activated"}}
{"recorder_version":"31","session":"57a11791149e","build":"193.5662.53","bucket":"159","time":1590168221382,"group":{"id":"startup","version":"1"},"event":{"count":1,"data":{"duration":2500,"created":1590168221383},"id":"appInit"}}
{"recorder_version":"31","session":"57a11791149e","build":"193.5662.53","bucket":"159","time":1590168221383,"group":{"id":"startup","version":"1"},"event":{"count":1,"data":{"duration":380,"created":1590168221383},"id":"splash"}}
{"recorder_version":"31","session":"57a11791149e","build":"193.5662.53","bucket":"159","time":1590168221383,"group":{"id":"startup","version":"1"},"event":{"count":1,"data":{"duration":468,"created":1590168221383},"id":"bootstrap"}}
{"recorder_version":"31","session":"57a11791149e","build":"193.5662.53","bucket":"159","time":1590168221383,"group":{"id":"startup","version":"1"},"event":{"count":1,"data":{"duration":12071,"created":1590168221383},"id":"totalDuration"}}
{"recorder_version":"31","session":"57a11791149e","build":"193.5662.53","bucket":"159","time":1590168223266,"group":{"id":"actions","version":"31"},"event":{"count":1,"data":{"context_menu":true,"action_id":"third.party","created":1590168223267,"plugin_type":"NOT_LISTED","project":"d119a6d897fcb33934b9adf90ec59bc9e850f90f58367fa567dc99031a6fc921","place":"MainMenu","class":"third.party","input_event":"NoMouseButton"},"id":"action.invoked"}}
{"recorder_version":"31","session":"57a11791149e","build":"193.5662.53","bucket":"159","time":1590168224480,"group":{"id":"ui.dialogs","version":"31"},"event":{"count":1,"data":{"created":1590168224481,"plugin_type":"NOT_LISTED","dialog_class":"third.party"},"id":"show"}}
{"recorder_version":"31","session":"57a11791149e","build":"193.5662.53","bucket":"159","time":1590168231728,"group":{"id":"ui.dialogs","version":"31"},"event":{"count":1,"data":{"code":0,"created":1590168231729,"plugin_type":"NOT_LISTED","dialog_class":"third.party"},"id":"close"}}
