{"recorder_version":"31","session":"28fdc43f5c5b","build":"193.5662.53","bucket":"159","time":1590175484552,"group":{"id":"settings","version":"4"},"event":{"state":true,"data":{"component":"NotRoamableUiSettings","created":1590175484826},"id":"invoked"}}
{"recorder_version":"31","session":"28fdc43f5c5b","build":"193.5662.53","bucket":"159","time":1590175484552,"group":{"id":"settings","version":"4"},"event":{"state":true,"data":{"component":"UISettings","created":1590175484827},"id":"invoked"}}
{"recorder_version":"31","session":"28fdc43f5c5b","build":"193.5662.53","bucket":"159","time":1590175484558,"group":{"id":"system.java","version":"1"},"event":{"state":true,"data":{"created":1590175484835,"version":"validation.undefined_rule"},"id":"validation.undefined_rule"}}
{"recorder_version":"31","session":"28fdc43f5c5b","build":"193.5662.53","bucket":"159","time":1590175484559,"group":{"id":"system.java","version":"1"},"event":{"state":true,"data":{"created":1590175484835},"id":"invoked"}}
{"recorder_version":"31","session":"28fdc43f5c5b","build":"193.5662.53","bucket":"159","time":1590175484576,"group":{"id":"system.os","version":"3"},"event":{"state":true,"data":{"created":1590175484836,"version":"10.15"},"id":"Mac"}}
{"recorder_version":"31","session":"28fdc43f5c5b","build":"193.5662.53","bucket":"159","time":1590175484576,"group":{"id":"system.os","version":"3"},"event":{"state":true,"data":{"created":1590175484836,"name":"Mac","version":"10.15"},"id":"os.name"}}
{"recorder_version":"31","session":"28fdc43f5c5b","build":"193.5662.53","bucket":"159","time":1590175484576,"group":{"id":"system.os","version":"3"},"event":{"state":true,"data":{"created":1590175484836,"value":"+02_00"},"id":"os.timezone"}}
{"recorder_version":"31","session":"28fdc43f5c5b","build":"193.5662.53","bucket":"159","time":1590175484576,"group":{"id":"system.os","version":"3"},"event":{"state":true,"data":{"created":1590175484837},"id":"invoked"}}
{"recorder_version":"31","session":"28fdc43f5c5b","build":"193.5662.53","bucket":"159","time":1590175484689,"group":{"id":"settings","version":"4"},"event":{"state":true,"data":{"component":"UpdatesConfigurable","created":1590175484838,"name":"checkNeeded","type":"bool","value":false},"id":"not.default"}}
{"recorder_version":"31","session":"28fdc43f5c5b","build":"193.5662.53","bucket":"159","time":1590175484689,"group":{"id":"settings","version":"4"},"event":{"state":true,"data":{"component":"UpdatesConfigurable","created":1590175484838},"id":"invoked"}}
{"recorder_version":"31","session":"28fdc43f5c5b","build":"193.5662.53","bucket":"159","time":1590175484803,"group":{"id":"event.log","version":"31"},"event":{"count":1,"data":{"created":1590175484839,"version":"1268.0"},"id":"whitelist.loaded"}}
{"recorder_version":"31","session":"28fdc43f5c5b","build":"193.5662.53","bucket":"159","time":1590175484890,"group":{"id":"settings","version":"4"},"event":{"state":true,"data":{"component":"GeneralSettings","created":1590175484890,"name":"showTipsOnStartup","type":"bool","value":false},"id":"not.default"}}
{"recorder_version":"31","session":"28fdc43f5c5b","build":"193.5662.53","bucket":"159","time":1590175484890,"group":{"id":"settings","version":"4"},"event":{"state":true,"data":{"component":"GeneralSettings","created":1590175484891},"id":"invoked"}}
{"recorder_version":"31","session":"28fdc43f5c5b","build":"193.5662.53","bucket":"159","time":1590175484969,"group":{"id":"lifecycle","version":"31"},"event":{"count":1,"data":{"internal":true,"eap":false,"created":1590175484969},"id":"ide.start"}}
{"recorder_version":"31","session":"28fdc43f5c5b","build":"193.5662.53","bucket":"159","time":1590175484998,"group":{"id":"settings","version":"4"},"event":{"state":true,"data":{"component":"XmlEditorOptions","created":1590175484999},"id":"invoked"}}
{"recorder_version":"31","session":"28fdc43f5c5b","build":"193.5662.53","bucket":"159","time":1590175485827,"group":{"id":"performance","version":"31"},"event":{"count":1,"data":{"duration_ms":399,"created":1590175485827},"id":"ui.latency"}}
{"recorder_version":"31","session":"28fdc43f5c5b","build":"193.5662.53","bucket":"159","time":1590175485827,"group":{"id":"performance","version":"31"},"event":{"count":1,"data":{"duration_ms":399,"created":1590175485828},"id":"ui.lagging"}}
{"recorder_version":"31","session":"28fdc43f5c5b","build":"193.5662.53","bucket":"159","time":1590175485948,"group":{"id":"ui.dialogs","version":"31"},"event":{"count":1,"data":{"created":1590175485949,"plugin_type":"PLATFORM","dialog_class":"com.intellij.openapi.progress.util.ProgressDialog$MyDialogWrapper"},"id":"show"}}
{"recorder_version":"31","session":"28fdc43f5c5b","build":"193.5662.53","bucket":"159","time":1590175486112,"group":{"id":"settings","version":"4"},"event":{"state":true,"data":{"component":"VcsApplicationSettings","created":1590175486113},"id":"invoked"}}
{"recorder_version":"31","session":"28fdc43f5c5b","build":"193.5662.53","bucket":"159","time":1590175487670,"group":{"id":"lifecycle","version":"31"},"event":{"count":1,"data":{"created":1590175487670,"project":"d119a6d897fcb33934b9adf90ec59bc9e850f90f58367fa567dc99031a6fc921"},"id":"project.opened"}}
{"recorder_version":"31","session":"28fdc43f5c5b","build":"193.5662.53","bucket":"159","time":1590175488127,"group":{"id":"performance","version":"31"},"event":{"count":1,"data":{"duration_ms":702,"created":1590175488127},"id":"ui.lagging"}}
{"recorder_version":"31","session":"28fdc43f5c5b","build":"193.5662.53","bucket":"159","time":1590175488326,"group":{"id":"toolwindow","version":"31"},"event":{"count":1,"data":{"created":1590175488326,"plugin_type":"PLATFORM","id":"Event_Log"},"id":"activated"}}
{"recorder_version":"31","session":"28fdc43f5c5b","build":"193.5662.53","bucket":"159","time":1590175489239,"group":{"id":"performance","version":"31"},"event":{"count":1,"data":{"duration_ms":812,"created":1590175489239},"id":"ui.lagging"}}
{"recorder_version":"31","session":"28fdc43f5c5b","build":"193.5662.53","bucket":"159","time":1590175489781,"group":{"id":"performance","version":"31"},"event":{"count":1,"data":{"duration_ms":353,"created":1590175489781},"id":"ui.lagging"}}
{"recorder_version":"31","session":"28fdc43f5c5b","build":"193.5662.53","bucket":"159","time":1590175490102,"group":{"id":"project.fs","version":"1"},"event":{"state":true,"data":{"os":"Mac","cs-project":false,"created":1590175490102,"project":"d119a6d897fcb33934b9adf90ec59bc9e850f90f58367fa567dc99031a6fc921","cs-implicit":true,"cs-system":false},"id":"case-sensitivity"}}
{"recorder_version":"31","session":"28fdc43f5c5b","build":"193.5662.53","bucket":"159","time":1590175490102,"group":{"id":"project.fs","version":"1"},"event":{"state":true,"data":{"created":1590175490102},"id":"invoked"}}
{"recorder_version":"31","session":"28fdc43f5c5b","build":"193.5662.53","bucket":"159","time":1590175490103,"group":{"id":"project.fs","version":"1"},"event":{"state":true,"data":{"pct-non-watched":0,"created":1590175490103,"project":"d119a6d897fcb33934b9adf90ec59bc9e850f90f58367fa567dc99031a6fc921"},"id":"roots-watched"}}
{"recorder_version":"31","session":"28fdc43f5c5b","build":"193.5662.53","bucket":"159","time":1590175490103,"group":{"id":"project.fs","version":"1"},"event":{"state":true,"data":{"created":1590175490103},"id":"invoked"}}
{"recorder_version":"31","session":"28fdc43f5c5b","build":"193.5662.53","bucket":"159","time":1590175490181,"group":{"id":"ui.dialogs","version":"31"},"event":{"count":1,"data":{"code":1,"created":1590175490182,"plugin_type":"PLATFORM","dialog_class":"com.intellij.openapi.progress.util.ProgressDialog$MyDialogWrapper"},"id":"close"}}
{"recorder_version":"31","session":"28fdc43f5c5b","build":"193.5662.53","bucket":"159","time":1590175490294,"group":{"id":"indexing","version":"2"},"event":{"count":1,"data":{"ide_activity_id":1,"created":1590175490295,"project":"d119a6d897fcb33934b9adf90ec59bc9e850f90f58367fa567dc99031a6fc921"},"id":"started"}}
{"recorder_version":"31","session":"28fdc43f5c5b","build":"193.5662.53","bucket":"159","time":1590175490469,"group":{"id":"indexing","version":"2"},"event":{"count":1,"data":{"ide_activity_id":1,"stage_class":"com.intellij.util.indexing.UnindexedFilesUpdater","created":1590175490469,"plugin_type":"PLATFORM"},"id":"stage"}}
{"recorder_version":"31","session":"28fdc43f5c5b","build":"193.5662.53","bucket":"159","time":1590175490474,"group":{"id":"lifecycle","version":"31"},"event":{"count":1,"data":{"duration_ms":5358,"created":1590175490475,"project":"d119a6d897fcb33934b9adf90ec59bc9e850f90f58367fa567dc99031a6fc921"},"id":"project.opening.finished"}}
{"recorder_version":"31","session":"28fdc43f5c5b","build":"193.5662.53","bucket":"159","time":1590175493696,"group":{"id":"lifecycle","version":"31"},"event":{"count":1,"data":{"created":1590175493699,"project":"d119a6d897fcb33934b9adf90ec59bc9e850f90f58367fa567dc99031a6fc921"},"id":"frame.activated"}}
{"recorder_version":"31","session":"28fdc43f5c5b","build":"193.5662.53","bucket":"159","time":1590175493727,"group":{"id":"indexing","version":"2"},"event":{"count":1,"data":{"duration_ms":3432,"ide_activity_id":1,"created":1590175493730},"id":"finished"}}
{"recorder_version":"31","session":"28fdc43f5c5b","build":"193.5662.53","bucket":"159","time":1590175493962,"group":{"id":"indexing","version":"2"},"event":{"count":1,"data":{"ide_activity_id":2,"created":1590175493962,"project":"d119a6d897fcb33934b9adf90ec59bc9e850f90f58367fa567dc99031a6fc921"},"id":"started"}}
{"recorder_version":"31","session":"28fdc43f5c5b","build":"193.5662.53","bucket":"159","time":1590175493985,"group":{"id":"indexing","version":"2"},"event":{"count":1,"data":{"ide_activity_id":2,"plugin":"org.jetbrains.android","stage_class":"com.android.tools.idea.res.ResourceFolderRepositoryFileCacheImpl$PruneTask","created":1590175493986,"plugin_type":"JB_BUNDLED"},"id":"stage"}}
{"recorder_version":"31","session":"28fdc43f5c5b","build":"193.5662.53","bucket":"159","time":1590175494068,"group":{"id":"indexing","version":"2"},"event":{"count":1,"data":{"ide_activity_id":2,"plugin":"org.jetbrains.android","stage_class":"com.android.tools.idea.res.ResourceFolderRepositoryFileCacheImpl$ManageLruProjectFilesTask","created":1590175494069,"plugin_type":"JB_BUNDLED"},"id":"stage"}}
{"recorder_version":"31","session":"28fdc43f5c5b","build":"193.5662.53","bucket":"159","time":1590175494138,"group":{"id":"indexing","version":"2"},"event":{"count":1,"data":{"duration_ms":176,"ide_activity_id":2,"created":1590175494138},"id":"finished"}}
{"recorder_version":"31","session":"28fdc43f5c5b","build":"193.5662.53","bucket":"159","time":1590175494165,"group":{"id":"indexing","version":"2"},"event":{"count":1,"data":{"ide_activity_id":3,"created":1590175494165,"project":"d119a6d897fcb33934b9adf90ec59bc9e850f90f58367fa567dc99031a6fc921"},"id":"started"}}
{"recorder_version":"31","session":"28fdc43f5c5b","build":"193.5662.53","bucket":"159","time":1590175494173,"group":{"id":"indexing","version":"2"},"event":{"count":1,"data":{"ide_activity_id":3,"plugin":"org.jetbrains.android","stage_class":"com.android.tools.idea.res.ResourceFolderRegistry$PopulateCachesTask","created":1590175494174,"plugin_type":"JB_BUNDLED"},"id":"stage"}}
{"recorder_version":"31","session":"28fdc43f5c5b","build":"193.5662.53","bucket":"159","time":1590175494176,"group":{"id":"indexing","version":"2"},"event":{"count":1,"data":{"duration_ms":11,"ide_activity_id":3,"created":1590175494177},"id":"finished"}}
{"recorder_version":"31","session":"28fdc43f5c5b","build":"193.5662.53","bucket":"159","time":1590175494884,"group":{"id":"performance","version":"31"},"event":{"count":1,"data":{"duration_ms":452,"created":1590175494884},"id":"ui.lagging"}}
{"recorder_version":"31","session":"28fdc43f5c5b","build":"193.5662.53","bucket":"159","time":1590175495189,"group":{"id":"startup","version":"1"},"event":{"count":1,"data":{"duration":1631,"created":1590175495189},"id":"appInit"}}
{"recorder_version":"31","session":"28fdc43f5c5b","build":"193.5662.53","bucket":"159","time":1590175495189,"group":{"id":"startup","version":"1"},"event":{"count":1,"data":{"duration":341,"created":1590175495189},"id":"splash"}}
{"recorder_version":"31","session":"28fdc43f5c5b","build":"193.5662.53","bucket":"159","time":1590175495189,"group":{"id":"startup","version":"1"},"event":{"count":1,"data":{"duration":332,"created":1590175495190},"id":"bootstrap"}}
{"recorder_version":"31","session":"28fdc43f5c5b","build":"193.5662.53","bucket":"159","time":1590175495189,"group":{"id":"startup","version":"1"},"event":{"count":1,"data":{"duration":8652,"created":1590175495190},"id":"totalDuration"}}
{"recorder_version":"31","session":"28fdc43f5c5b","build":"193.5662.53","bucket":"159","time":1590175497645,"group":{"id":"actions","version":"31"},"event":{"count":1,"data":{"context_menu":true,"action_id":"third.party","created":1590175497645,"plugin_type":"NOT_LISTED","project":"d119a6d897fcb33934b9adf90ec59bc9e850f90f58367fa567dc99031a6fc921","place":"MainMenu","class":"third.party","input_event":"NoMouseButton"},"id":"action.invoked"}}
{"recorder_version":"31","session":"28fdc43f5c5b","build":"193.5662.53","bucket":"159","time":1590175498774,"group":{"id":"ui.dialogs","version":"31"},"event":{"count":1,"data":{"created":1590175498775,"plugin_type":"NOT_LISTED","dialog_class":"third.party"},"id":"show"}}
{"recorder_version":"31","session":"28fdc43f5c5b","build":"193.5662.53","bucket":"159","time":1590175507757,"group":{"id":"ui.dialogs","version":"31"},"event":{"count":1,"data":{"code":0,"created":1590175507757,"plugin_type":"NOT_LISTED","dialog_class":"third.party"},"id":"close"}}
