{"recorder_version":"31","session":"fceda7986c51","build":"193.5662.53","bucket":"159","time":1590174999678,"group":{"id":"settings","version":"4"},"event":{"state":true,"data":{"component":"UISettings","created":1590174999928},"id":"invoked"}}
{"recorder_version":"31","session":"fceda7986c51","build":"193.5662.53","bucket":"159","time":1590174999677,"group":{"id":"settings","version":"4"},"event":{"state":true,"data":{"component":"NotRoamableUiSettings","created":1590174999940},"id":"invoked"}}
{"recorder_version":"31","session":"fceda7986c51","build":"193.5662.53","bucket":"159","time":1590174999684,"group":{"id":"system.java","version":"1"},"event":{"state":true,"data":{"created":1590174999952,"version":"validation.undefined_rule"},"id":"validation.undefined_rule"}}
{"recorder_version":"31","session":"fceda7986c51","build":"193.5662.53","bucket":"159","time":1590174999684,"group":{"id":"system.java","version":"1"},"event":{"state":true,"data":{"created":1590174999953},"id":"invoked"}}
{"recorder_version":"31","session":"fceda7986c51","build":"193.5662.53","bucket":"159","time":1590174999705,"group":{"id":"system.os","version":"3"},"event":{"state":true,"data":{"created":1590174999954,"version":"10.15"},"id":"Mac"}}
{"recorder_version":"31","session":"fceda7986c51","build":"193.5662.53","bucket":"159","time":1590174999705,"group":{"id":"system.os","version":"3"},"event":{"state":true,"data":{"created":1590174999954,"name":"Mac","version":"10.15"},"id":"os.name"}}
{"recorder_version":"31","session":"fceda7986c51","build":"193.5662.53","bucket":"159","time":1590174999705,"group":{"id":"system.os","version":"3"},"event":{"state":true,"data":{"created":1590174999955,"value":"+02_00"},"id":"os.timezone"}}
{"recorder_version":"31","session":"fceda7986c51","build":"193.5662.53","bucket":"159","time":1590174999705,"group":{"id":"system.os","version":"3"},"event":{"state":true,"data":{"created":1590174999956},"id":"invoked"}}
{"recorder_version":"31","session":"fceda7986c51","build":"193.5662.53","bucket":"159","time":1590174999890,"group":{"id":"settings","version":"4"},"event":{"state":true,"data":{"component":"UpdatesConfigurable","created":1590174999956,"name":"checkNeeded","type":"bool","value":false},"id":"not.default"}}
{"recorder_version":"31","session":"fceda7986c51","build":"193.5662.53","bucket":"159","time":1590174999890,"group":{"id":"settings","version":"4"},"event":{"state":true,"data":{"component":"UpdatesConfigurable","created":1590174999957},"id":"invoked"}}
{"recorder_version":"31","session":"fceda7986c51","build":"193.5662.53","bucket":"159","time":1590174999902,"group":{"id":"event.log","version":"31"},"event":{"count":1,"data":{"created":1590174999957,"version":"1268.0"},"id":"whitelist.loaded"}}
{"recorder_version":"31","session":"fceda7986c51","build":"193.5662.53","bucket":"159","time":1590175000075,"group":{"id":"settings","version":"4"},"event":{"state":true,"data":{"component":"GeneralSettings","created":1590175000079,"name":"showTipsOnStartup","type":"bool","value":false},"id":"not.default"}}
{"recorder_version":"31","session":"fceda7986c51","build":"193.5662.53","bucket":"159","time":1590175000080,"group":{"id":"settings","version":"4"},"event":{"state":true,"data":{"component":"GeneralSettings","created":1590175000080},"id":"invoked"}}
{"recorder_version":"31","session":"fceda7986c51","build":"193.5662.53","bucket":"159","time":1590175000096,"group":{"id":"lifecycle","version":"31"},"event":{"count":1,"data":{"internal":true,"eap":false,"created":1590175000097},"id":"ide.start"}}
{"recorder_version":"31","session":"fceda7986c51","build":"193.5662.53","bucket":"159","time":1590175000176,"group":{"id":"settings","version":"4"},"event":{"state":true,"data":{"component":"XmlEditorOptions","created":1590175000176},"id":"invoked"}}
{"recorder_version":"31","session":"fceda7986c51","build":"193.5662.53","bucket":"159","time":1590175001008,"group":{"id":"lifecycle","version":"31"},"event":{"count":1,"data":{"created":1590175001009},"id":"frame.activated"}}
{"recorder_version":"31","session":"fceda7986c51","build":"193.5662.53","bucket":"159","time":1590175001008,"group":{"id":"settings","version":"4"},"event":{"state":true,"data":{"component":"VcsApplicationSettings","created":1590175001009},"id":"invoked"}}
{"recorder_version":"31","session":"fceda7986c51","build":"193.5662.53","bucket":"159","time":1590175001047,"group":{"id":"performance","version":"31"},"event":{"count":1,"data":{"duration_ms":458,"created":1590175001047},"id":"ui.latency"}}
{"recorder_version":"31","session":"fceda7986c51","build":"193.5662.53","bucket":"159","time":1590175001047,"group":{"id":"performance","version":"31"},"event":{"count":1,"data":{"duration_ms":458,"created":1590175001048},"id":"ui.lagging"}}
{"recorder_version":"31","session":"fceda7986c51","build":"193.5662.53","bucket":"159","time":1590175001278,"group":{"id":"ui.dialogs","version":"31"},"event":{"count":1,"data":{"created":1590175001278,"plugin_type":"PLATFORM","dialog_class":"com.intellij.openapi.progress.util.ProgressDialog$MyDialogWrapper"},"id":"show"}}
{"recorder_version":"31","session":"fceda7986c51","build":"193.5662.53","bucket":"159","time":1590175002776,"group":{"id":"lifecycle","version":"31"},"event":{"count":1,"data":{"created":1590175002777,"project":"d119a6d897fcb33934b9adf90ec59bc9e850f90f58367fa567dc99031a6fc921"},"id":"project.opened"}}
{"recorder_version":"31","session":"fceda7986c51","build":"193.5662.53","bucket":"159","time":1590175003182,"group":{"id":"performance","version":"31"},"event":{"count":1,"data":{"duration_ms":600,"created":1590175003182},"id":"ui.lagging"}}
{"recorder_version":"31","session":"fceda7986c51","build":"193.5662.53","bucket":"159","time":1590175003340,"group":{"id":"toolwindow","version":"31"},"event":{"count":1,"data":{"created":1590175003341,"plugin_type":"PLATFORM","id":"Event_Log"},"id":"activated"}}
{"recorder_version":"31","session":"fceda7986c51","build":"193.5662.53","bucket":"159","time":1590175004100,"group":{"id":"performance","version":"31"},"event":{"count":1,"data":{"duration_ms":515,"created":1590175004100},"id":"ui.lagging"}}
{"recorder_version":"31","session":"fceda7986c51","build":"193.5662.53","bucket":"159","time":1590175004791,"group":{"id":"performance","version":"31"},"event":{"count":1,"data":{"duration_ms":205,"created":1590175004791},"id":"ui.lagging"}}
{"recorder_version":"31","session":"fceda7986c51","build":"193.5662.53","bucket":"159","time":1590175004962,"group":{"id":"project.fs","version":"1"},"event":{"state":true,"data":{"os":"Mac","cs-project":false,"created":1590175004963,"project":"d119a6d897fcb33934b9adf90ec59bc9e850f90f58367fa567dc99031a6fc921","cs-implicit":true,"cs-system":false},"id":"case-sensitivity"}}
{"recorder_version":"31","session":"fceda7986c51","build":"193.5662.53","bucket":"159","time":1590175004962,"group":{"id":"project.fs","version":"1"},"event":{"state":true,"data":{"created":1590175004963},"id":"invoked"}}
{"recorder_version":"31","session":"fceda7986c51","build":"193.5662.53","bucket":"159","time":1590175004964,"group":{"id":"project.fs","version":"1"},"event":{"state":true,"data":{"pct-non-watched":0,"created":1590175004964,"project":"d119a6d897fcb33934b9adf90ec59bc9e850f90f58367fa567dc99031a6fc921"},"id":"roots-watched"}}
{"recorder_version":"31","session":"fceda7986c51","build":"193.5662.53","bucket":"159","time":1590175004964,"group":{"id":"project.fs","version":"1"},"event":{"state":true,"data":{"created":1590175004965},"id":"invoked"}}
{"recorder_version":"31","session":"fceda7986c51","build":"193.5662.53","bucket":"159","time":1590175005144,"group":{"id":"ui.dialogs","version":"31"},"event":{"count":1,"data":{"code":1,"created":1590175005144,"plugin_type":"PLATFORM","dialog_class":"com.intellij.openapi.progress.util.ProgressDialog$MyDialogWrapper"},"id":"close"}}
{"recorder_version":"31","session":"fceda7986c51","build":"193.5662.53","bucket":"159","time":1590175005316,"group":{"id":"indexing","version":"2"},"event":{"count":1,"data":{"ide_activity_id":1,"created":1590175005316,"project":"d119a6d897fcb33934b9adf90ec59bc9e850f90f58367fa567dc99031a6fc921"},"id":"started"}}
{"recorder_version":"31","session":"fceda7986c51","build":"193.5662.53","bucket":"159","time":1590175005382,"group":{"id":"indexing","version":"2"},"event":{"count":1,"data":{"ide_activity_id":1,"stage_class":"com.intellij.util.indexing.UnindexedFilesUpdater","created":1590175005382,"plugin_type":"PLATFORM"},"id":"stage"}}
{"recorder_version":"31","session":"fceda7986c51","build":"193.5662.53","bucket":"159","time":1590175005492,"group":{"id":"lifecycle","version":"31"},"event":{"count":1,"data":{"duration_ms":5300,"created":1590175005492,"project":"d119a6d897fcb33934b9adf90ec59bc9e850f90f58367fa567dc99031a6fc921"},"id":"project.opening.finished"}}
{"recorder_version":"31","session":"fceda7986c51","build":"193.5662.53","bucket":"159","time":1590175007583,"group":{"id":"indexing","version":"2"},"event":{"count":1,"data":{"duration_ms":2267,"ide_activity_id":1,"created":1590175007584},"id":"finished"}}
{"recorder_version":"31","session":"fceda7986c51","build":"193.5662.53","bucket":"159","time":1590175007687,"group":{"id":"indexing","version":"2"},"event":{"count":1,"data":{"ide_activity_id":2,"created":1590175007688,"project":"d119a6d897fcb33934b9adf90ec59bc9e850f90f58367fa567dc99031a6fc921"},"id":"started"}}
{"recorder_version":"31","session":"fceda7986c51","build":"193.5662.53","bucket":"159","time":1590175007704,"group":{"id":"indexing","version":"2"},"event":{"count":1,"data":{"ide_activity_id":2,"plugin":"org.jetbrains.android","stage_class":"com.android.tools.idea.res.ResourceFolderRepositoryFileCacheImpl$PruneTask","created":1590175007708,"plugin_type":"JB_BUNDLED"},"id":"stage"}}
{"recorder_version":"31","session":"fceda7986c51","build":"193.5662.53","bucket":"159","time":1590175007755,"group":{"id":"indexing","version":"2"},"event":{"count":1,"data":{"ide_activity_id":2,"plugin":"org.jetbrains.android","stage_class":"com.android.tools.idea.res.ResourceFolderRepositoryFileCacheImpl$ManageLruProjectFilesTask","created":1590175007756,"plugin_type":"JB_BUNDLED"},"id":"stage"}}
{"recorder_version":"31","session":"fceda7986c51","build":"193.5662.53","bucket":"159","time":1590175007784,"group":{"id":"indexing","version":"2"},"event":{"count":1,"data":{"duration_ms":97,"ide_activity_id":2,"created":1590175007785},"id":"finished"}}
{"recorder_version":"31","session":"fceda7986c51","build":"193.5662.53","bucket":"159","time":1590175007800,"group":{"id":"indexing","version":"2"},"event":{"count":1,"data":{"ide_activity_id":3,"created":1590175007800,"project":"d119a6d897fcb33934b9adf90ec59bc9e850f90f58367fa567dc99031a6fc921"},"id":"started"}}
{"recorder_version":"31","session":"fceda7986c51","build":"193.5662.53","bucket":"159","time":1590175007802,"group":{"id":"indexing","version":"2"},"event":{"count":1,"data":{"ide_activity_id":3,"plugin":"org.jetbrains.android","stage_class":"com.android.tools.idea.res.ResourceFolderRegistry$PopulateCachesTask","created":1590175007802,"plugin_type":"JB_BUNDLED"},"id":"stage"}}
{"recorder_version":"31","session":"fceda7986c51","build":"193.5662.53","bucket":"159","time":1590175007807,"group":{"id":"indexing","version":"2"},"event":{"count":1,"data":{"duration_ms":7,"ide_activity_id":3,"created":1590175007808},"id":"finished"}}
{"recorder_version":"31","session":"fceda7986c51","build":"193.5662.53","bucket":"159","time":1590175010095,"group":{"id":"actions","version":"31"},"event":{"count":1,"data":{"context_menu":true,"action_id":"third.party","created":1590175010096,"plugin_type":"NOT_LISTED","project":"d119a6d897fcb33934b9adf90ec59bc9e850f90f58367fa567dc99031a6fc921","place":"MainMenu","class":"third.party","input_event":"NoMouseButton"},"id":"action.invoked"}}
{"recorder_version":"31","session":"fceda7986c51","build":"193.5662.53","bucket":"159","time":1590175010164,"group":{"id":"startup","version":"1"},"event":{"count":1,"data":{"duration":1652,"created":1590175010164},"id":"appInit"}}
{"recorder_version":"31","session":"fceda7986c51","build":"193.5662.53","bucket":"159","time":1590175010164,"group":{"id":"startup","version":"1"},"event":{"count":1,"data":{"duration":329,"created":1590175010164},"id":"splash"}}
{"recorder_version":"31","session":"fceda7986c51","build":"193.5662.53","bucket":"159","time":1590175010164,"group":{"id":"startup","version":"1"},"event":{"count":1,"data":{"duration":361,"created":1590175010165},"id":"bootstrap"}}
{"recorder_version":"31","session":"fceda7986c51","build":"193.5662.53","bucket":"159","time":1590175010164,"group":{"id":"startup","version":"1"},"event":{"count":1,"data":{"duration":8027,"created":1590175010165},"id":"totalDuration"}}
{"recorder_version":"31","session":"fceda7986c51","build":"193.5662.53","bucket":"159","time":1590175012206,"group":{"id":"ui.dialogs","version":"31"},"event":{"count":1,"data":{"created":1590175012207,"plugin_type":"NOT_LISTED","dialog_class":"third.party"},"id":"show"}}
{"recorder_version":"31","session":"fceda7986c51","build":"193.5662.53","bucket":"159","time":1590175019247,"group":{"id":"ui.dialogs","version":"31"},"event":{"count":1,"data":{"code":0,"created":1590175019247,"plugin_type":"NOT_LISTED","dialog_class":"third.party"},"id":"close"}}
