{"recorder_version":"31","session":"c099198d1cf7","build":"193.5662.53","bucket":"159","time":1589808406901,"group":{"id":"settings","version":"4"},"event":{"state":true,"data":{"component":"NotRoamableUiSettings","created":1589808407374},"id":"invoked"}}
{"recorder_version":"31","session":"c099198d1cf7","build":"193.5662.53","bucket":"159","time":1589808406902,"group":{"id":"settings","version":"4"},"event":{"state":true,"data":{"component":"UISettings","created":1589808407378},"id":"invoked"}}
{"recorder_version":"31","session":"c099198d1cf7","build":"193.5662.53","bucket":"159","time":1589808406929,"group":{"id":"system.java","version":"1"},"event":{"state":true,"data":{"created":1589808407390,"version":"validation.undefined_rule"},"id":"validation.undefined_rule"}}
{"recorder_version":"31","session":"c099198d1cf7","build":"193.5662.53","bucket":"159","time":1589808406929,"group":{"id":"system.java","version":"1"},"event":{"state":true,"data":{"created":1589808407390},"id":"invoked"}}
{"recorder_version":"31","session":"c099198d1cf7","build":"193.5662.53","bucket":"159","time":1589808406963,"group":{"id":"system.os","version":"3"},"event":{"state":true,"data":{"created":1589808407391,"version":"10.15"},"id":"Mac"}}
{"recorder_version":"31","session":"c099198d1cf7","build":"193.5662.53","bucket":"159","time":1589808406963,"group":{"id":"system.os","version":"3"},"event":{"state":true,"data":{"created":1589808407392,"name":"Mac","version":"10.15"},"id":"os.name"}}
{"recorder_version":"31","session":"c099198d1cf7","build":"193.5662.53","bucket":"159","time":1589808406963,"group":{"id":"system.os","version":"3"},"event":{"state":true,"data":{"created":1589808407392,"value":"+02_00"},"id":"os.timezone"}}
{"recorder_version":"31","session":"c099198d1cf7","build":"193.5662.53","bucket":"159","time":1589808406963,"group":{"id":"system.os","version":"3"},"event":{"state":true,"data":{"created":1589808407393},"id":"invoked"}}
{"recorder_version":"31","session":"c099198d1cf7","build":"193.5662.53","bucket":"159","time":1589808407233,"group":{"id":"settings","version":"4"},"event":{"state":true,"data":{"component":"UpdatesConfigurable","created":1589808407393,"name":"checkNeeded","type":"bool","value":false},"id":"not.default"}}
{"recorder_version":"31","session":"c099198d1cf7","build":"193.5662.53","bucket":"159","time":1589808407233,"group":{"id":"settings","version":"4"},"event":{"state":true,"data":{"component":"UpdatesConfigurable","created":1589808407394},"id":"invoked"}}
{"recorder_version":"31","session":"c099198d1cf7","build":"193.5662.53","bucket":"159","time":1589808407337,"group":{"id":"event.log","version":"31"},"event":{"count":1,"data":{"created":1589808407395,"version":"1258.0"},"id":"whitelist.loaded"}}
{"recorder_version":"31","session":"c099198d1cf7","build":"193.5662.53","bucket":"159","time":1589808407475,"group":{"id":"settings","version":"4"},"event":{"state":true,"data":{"component":"GeneralSettings","created":1589808407476,"name":"showTipsOnStartup","type":"bool","value":false},"id":"not.default"}}
{"recorder_version":"31","session":"c099198d1cf7","build":"193.5662.53","bucket":"159","time":1589808407475,"group":{"id":"settings","version":"4"},"event":{"state":true,"data":{"component":"GeneralSettings","created":1589808407476},"id":"invoked"}}
{"recorder_version":"31","session":"c099198d1cf7","build":"193.5662.53","bucket":"159","time":1589808407525,"group":{"id":"lifecycle","version":"31"},"event":{"count":1,"data":{"internal":true,"eap":false,"created":1589808407525},"id":"ide.start"}}
{"recorder_version":"31","session":"c099198d1cf7","build":"193.5662.53","bucket":"159","time":1589808407615,"group":{"id":"settings","version":"4"},"event":{"state":true,"data":{"component":"XmlEditorOptions","created":1589808407616},"id":"invoked"}}
{"recorder_version":"31","session":"c099198d1cf7","build":"193.5662.53","bucket":"159","time":1589808408867,"group":{"id":"lifecycle","version":"31"},"event":{"count":1,"data":{"created":1589808408867},"id":"frame.activated"}}
{"recorder_version":"31","session":"c099198d1cf7","build":"193.5662.53","bucket":"159","time":1589808408867,"group":{"id":"settings","version":"4"},"event":{"state":true,"data":{"component":"VcsApplicationSettings","created":1589808408868},"id":"invoked"}}
{"recorder_version":"31","session":"c099198d1cf7","build":"193.5662.53","bucket":"159","time":1589808408937,"group":{"id":"performance","version":"31"},"event":{"count":1,"data":{"duration_ms":1279,"created":1589808408937},"id":"ui.latency"}}
{"recorder_version":"31","session":"c099198d1cf7","build":"193.5662.53","bucket":"159","time":1589808408937,"group":{"id":"performance","version":"31"},"event":{"count":1,"data":{"duration_ms":1279,"created":1589808408937},"id":"ui.lagging"}}
{"recorder_version":"31","session":"c099198d1cf7","build":"193.5662.53","bucket":"159","time":1589808409004,"group":{"id":"performance","version":"31"},"event":{"count":1,"data":{"duration_ms":351,"created":1589808409004},"id":"ui.lagging"}}
{"recorder_version":"31","session":"c099198d1cf7","build":"193.5662.53","bucket":"159","time":1589808409110,"group":{"id":"ui.dialogs","version":"31"},"event":{"count":1,"data":{"created":1589808409110,"plugin_type":"PLATFORM","dialog_class":"com.intellij.openapi.progress.util.ProgressDialog$MyDialogWrapper"},"id":"show"}}
{"recorder_version":"31","session":"c099198d1cf7","build":"193.5662.53","bucket":"159","time":1589808411450,"group":{"id":"lifecycle","version":"31"},"event":{"count":1,"data":{"created":1589808411450,"project":"d119a6d897fcb33934b9adf90ec59bc9e850f90f58367fa567dc99031a6fc921"},"id":"project.opened"}}
{"recorder_version":"31","session":"c099198d1cf7","build":"193.5662.53","bucket":"159","time":1589808412329,"group":{"id":"performance","version":"31"},"event":{"count":1,"data":{"duration_ms":675,"created":1589808412329},"id":"ui.lagging"}}
{"recorder_version":"31","session":"c099198d1cf7","build":"193.5662.53","bucket":"159","time":1589808412869,"group":{"id":"performance","version":"31"},"event":{"count":1,"data":{"duration_ms":211,"created":1589808412870},"id":"ui.lagging"}}
{"recorder_version":"31","session":"c099198d1cf7","build":"193.5662.53","bucket":"159","time":1589808413483,"group":{"id":"indexing","version":"2"},"event":{"count":1,"data":{"ide_activity_id":1,"created":1589808413483,"project":"d119a6d897fcb33934b9adf90ec59bc9e850f90f58367fa567dc99031a6fc921"},"id":"started"}}
{"recorder_version":"31","session":"c099198d1cf7","build":"193.5662.53","bucket":"159","time":1589808413712,"group":{"id":"indexing","version":"2"},"event":{"count":1,"data":{"ide_activity_id":1,"stage_class":"com.intellij.util.indexing.UnindexedFilesUpdater","created":1589808413713,"plugin_type":"PLATFORM"},"id":"stage"}}
{"recorder_version":"31","session":"c099198d1cf7","build":"193.5662.53","bucket":"159","time":1589808413828,"group":{"id":"performance","version":"31"},"event":{"count":1,"data":{"duration_ms":169,"created":1589808413829},"id":"ui.lagging"}}
{"recorder_version":"31","session":"c099198d1cf7","build":"193.5662.53","bucket":"159","time":1589808413843,"group":{"id":"project.fs","version":"1"},"event":{"state":true,"data":{"os":"Mac","cs-project":false,"created":1589808413843,"project":"d119a6d897fcb33934b9adf90ec59bc9e850f90f58367fa567dc99031a6fc921","cs-implicit":true,"cs-system":false},"id":"case-sensitivity"}}
{"recorder_version":"31","session":"c099198d1cf7","build":"193.5662.53","bucket":"159","time":1589808413843,"group":{"id":"project.fs","version":"1"},"event":{"state":true,"data":{"created":1589808413844},"id":"invoked"}}
{"recorder_version":"31","session":"c099198d1cf7","build":"193.5662.53","bucket":"159","time":1589808413844,"group":{"id":"project.fs","version":"1"},"event":{"state":true,"data":{"pct-non-watched":0,"created":1589808413845,"project":"d119a6d897fcb33934b9adf90ec59bc9e850f90f58367fa567dc99031a6fc921"},"id":"roots-watched"}}
{"recorder_version":"31","session":"c099198d1cf7","build":"193.5662.53","bucket":"159","time":1589808413844,"group":{"id":"project.fs","version":"1"},"event":{"state":true,"data":{"created":1589808413845},"id":"invoked"}}
{"recorder_version":"31","session":"c099198d1cf7","build":"193.5662.53","bucket":"159","time":1589808413997,"group":{"id":"ui.dialogs","version":"31"},"event":{"count":1,"data":{"code":1,"created":1589808413998,"plugin_type":"PLATFORM","dialog_class":"com.intellij.openapi.progress.util.ProgressDialog$MyDialogWrapper"},"id":"close"}}
{"recorder_version":"31","session":"c099198d1cf7","build":"193.5662.53","bucket":"159","time":1589808414092,"group":{"id":"lifecycle","version":"31"},"event":{"count":1,"data":{"duration_ms":6274,"created":1589808414092,"project":"d119a6d897fcb33934b9adf90ec59bc9e850f90f58367fa567dc99031a6fc921"},"id":"project.opening.finished"}}
{"recorder_version":"31","session":"c099198d1cf7","build":"193.5662.53","bucket":"159","time":1589808416203,"group":{"id":"indexing","version":"2"},"event":{"count":1,"data":{"duration_ms":2720,"ide_activity_id":1,"created":1589808416203},"id":"finished"}}
{"recorder_version":"31","session":"c099198d1cf7","build":"193.5662.53","bucket":"159","time":1589808416324,"group":{"id":"indexing","version":"2"},"event":{"count":1,"data":{"ide_activity_id":2,"created":1589808416324,"project":"d119a6d897fcb33934b9adf90ec59bc9e850f90f58367fa567dc99031a6fc921"},"id":"started"}}
{"recorder_version":"31","session":"c099198d1cf7","build":"193.5662.53","bucket":"159","time":1589808416329,"group":{"id":"indexing","version":"2"},"event":{"count":1,"data":{"ide_activity_id":2,"plugin":"org.jetbrains.android","stage_class":"com.android.tools.idea.res.ResourceFolderRepositoryFileCacheImpl$PruneTask","created":1589808416329,"plugin_type":"JB_BUNDLED"},"id":"stage"}}
{"recorder_version":"31","session":"c099198d1cf7","build":"193.5662.53","bucket":"159","time":1589808416365,"group":{"id":"indexing","version":"2"},"event":{"count":1,"data":{"ide_activity_id":2,"plugin":"org.jetbrains.android","stage_class":"com.android.tools.idea.res.ResourceFolderRepositoryFileCacheImpl$ManageLruProjectFilesTask","created":1589808416365,"plugin_type":"JB_BUNDLED"},"id":"stage"}}
{"recorder_version":"31","session":"c099198d1cf7","build":"193.5662.53","bucket":"159","time":1589808416431,"group":{"id":"indexing","version":"2"},"event":{"count":1,"data":{"duration_ms":107,"ide_activity_id":2,"created":1589808416432},"id":"finished"}}
{"recorder_version":"31","session":"c099198d1cf7","build":"193.5662.53","bucket":"159","time":1589808416447,"group":{"id":"indexing","version":"2"},"event":{"count":1,"data":{"ide_activity_id":3,"created":1589808416448,"project":"d119a6d897fcb33934b9adf90ec59bc9e850f90f58367fa567dc99031a6fc921"},"id":"started"}}
{"recorder_version":"31","session":"c099198d1cf7","build":"193.5662.53","bucket":"159","time":1589808416452,"group":{"id":"indexing","version":"2"},"event":{"count":1,"data":{"ide_activity_id":3,"plugin":"org.jetbrains.android","stage_class":"com.android.tools.idea.res.ResourceFolderRegistry$PopulateCachesTask","created":1589808416453,"plugin_type":"JB_BUNDLED"},"id":"stage"}}
{"recorder_version":"31","session":"c099198d1cf7","build":"193.5662.53","bucket":"159","time":1589808416455,"group":{"id":"indexing","version":"2"},"event":{"count":1,"data":{"duration_ms":8,"ide_activity_id":3,"created":1589808416456},"id":"finished"}}
{"recorder_version":"31","session":"c099198d1cf7","build":"193.5662.53","bucket":"159","time":1589808417069,"group":{"id":"performance","version":"31"},"event":{"count":1,"data":{"duration_ms":394,"created":1589808417069},"id":"ui.lagging"}}
{"recorder_version":"31","session":"c099198d1cf7","build":"193.5662.53","bucket":"159","time":1589808418336,"group":{"id":"actions","version":"31"},"event":{"count":1,"data":{"context_menu":true,"action_id":"third.party","created":1589808418336,"plugin_type":"NOT_LISTED","project":"d119a6d897fcb33934b9adf90ec59bc9e850f90f58367fa567dc99031a6fc921","place":"MainMenu","class":"third.party","input_event":"NoMouseButton"},"id":"action.invoked"}}
{"recorder_version":"31","session":"c099198d1cf7","build":"193.5662.53","bucket":"159","time":1589808418902,"group":{"id":"startup","version":"1"},"event":{"count":1,"data":{"duration":3069,"created":1589808418902},"id":"appInit"}}
{"recorder_version":"31","session":"c099198d1cf7","build":"193.5662.53","bucket":"159","time":1589808418902,"group":{"id":"startup","version":"1"},"event":{"count":1,"data":{"duration":447,"created":1589808418903},"id":"splash"}}
{"recorder_version":"31","session":"c099198d1cf7","build":"193.5662.53","bucket":"159","time":1589808418902,"group":{"id":"startup","version":"1"},"event":{"count":1,"data":{"duration":675,"created":1589808418903},"id":"bootstrap"}}
{"recorder_version":"31","session":"c099198d1cf7","build":"193.5662.53","bucket":"159","time":1589808418902,"group":{"id":"startup","version":"1"},"event":{"count":1,"data":{"duration":12044,"created":1589808418903},"id":"totalDuration"}}
{"recorder_version":"31","session":"c099198d1cf7","build":"193.5662.53","bucket":"159","time":1589808427322,"group":{"id":"lifecycle","version":"31"},"event":{"count":1,"data":{"created":1589808427323,"project":"d119a6d897fcb33934b9adf90ec59bc9e850f90f58367fa567dc99031a6fc921"},"id":"frame.deactivated"}}
{"recorder_version":"31","session":"c099198d1cf7","build":"193.5662.53","bucket":"159","time":1589808433633,"group":{"id":"lifecycle","version":"31"},"event":{"count":1,"data":{"created":1589808433634,"project":"d119a6d897fcb33934b9adf90ec59bc9e850f90f58367fa567dc99031a6fc921"},"id":"frame.activated"}}
{"recorder_version":"31","session":"c099198d1cf7","build":"193.5662.53","bucket":"159","time":1589808460192,"group":{"id":"lifecycle","version":"31"},"event":{"count":1,"data":{"created":1589808460192,"project":"d119a6d897fcb33934b9adf90ec59bc9e850f90f58367fa567dc99031a6fc921"},"id":"frame.deactivated"}}
{"recorder_version":"31","session":"c099198d1cf7","build":"193.5662.53","bucket":"159","time":1589808509880,"group":{"id":"performance","version":"31"},"event":{"count":1,"data":{"duration_ms":0,"created":1589808509880},"id":"ui.latency"}}
{"recorder_version":"31","session":"c099198d1cf7","build":"193.5662.53","bucket":"159","time":1589808588892,"group":{"id":"event.log","version":"31"},"event":{"count":1,"data":{"created":1589808588892,"version":"1259.0"},"id":"whitelist.updated"}}
{"recorder_version":"31","session":"c099198d1cf7","build":"193.5662.53","bucket":"159","time":1589808610131,"group":{"id":"performance","version":"31"},"event":{"count":1,"data":{"duration_ms":0,"created":1589808610131},"id":"ui.latency"}}
{"recorder_version":"31","session":"c099198d1cf7","build":"193.5662.53","bucket":"159","time":1589808707529,"group":{"id":"kotlin.ide.j2k","version":"1"},"event":{"count":1,"data":{"created":1589808707530},"id":"registered"}}
{"recorder_version":"31","session":"c099198d1cf7","build":"193.5662.53","bucket":"159","time":1589808707530,"group":{"id":"java.find.usages","version":"1"},"event":{"count":1,"data":{"created":1589808707531},"id":"registered"}}
{"recorder_version":"31","session":"c099198d1cf7","build":"193.5662.53","bucket":"159","time":1589808707530,"group":{"id":"file.types.usage","version":"31"},"event":{"count":1,"data":{"created":1589808707531},"id":"registered"}}
{"recorder_version":"31","session":"c099198d1cf7","build":"193.5662.53","bucket":"159","time":1589808707530,"group":{"id":"ide.script.engine","version":"2"},"event":{"count":1,"data":{"created":1589808707531},"id":"registered"}}
{"recorder_version":"31","session":"c099198d1cf7","build":"193.5662.53","bucket":"159","time":1589808707530,"group":{"id":"live.templates","version":"31"},"event":{"count":1,"data":{"created":1589808707531},"id":"registered"}}
{"recorder_version":"31","session":"c099198d1cf7","build":"193.5662.53","bucket":"159","time":1589808707530,"group":{"id":"ide.self.update","version":"2"},"event":{"count":1,"data":{"created":1589808707531},"id":"registered"}}
{"recorder_version":"31","session":"c099198d1cf7","build":"193.5662.53","bucket":"159","time":1589808707530,"group":{"id":"lifecycle","version":"31"},"event":{"count":1,"data":{"created":1589808707531},"id":"registered"}}
{"recorder_version":"31","session":"c099198d1cf7","build":"193.5662.53","bucket":"159","time":1589808707530,"group":{"id":"vcs.diff.trigger","version":"1"},"event":{"count":1,"data":{"created":1589808707531},"id":"registered"}}
{"recorder_version":"31","session":"c099198d1cf7","build":"193.5662.53","bucket":"159","time":1589808707530,"group":{"id":"debugger.breakpoints.usage","version":"2"},"event":{"count":1,"data":{"created":1589808707531},"id":"registered"}}
{"recorder_version":"31","session":"c099198d1cf7","build":"193.5662.53","bucket":"159","time":1589808707530,"group":{"id":"kotlin.gradle.library","version":"1"},"event":{"count":1,"data":{"created":1589808707531},"id":"registered"}}
{"recorder_version":"31","session":"c099198d1cf7","build":"193.5662.53","bucket":"159","time":1589808707530,"group":{"id":"startup","version":"1"},"event":{"count":1,"data":{"created":1589808707531},"id":"registered"}}
{"recorder_version":"31","session":"c099198d1cf7","build":"193.5662.53","bucket":"159","time":1589808707530,"group":{"id":"find","version":"2"},"event":{"count":1,"data":{"created":1589808707531},"id":"registered"}}
{"recorder_version":"31","session":"c099198d1cf7","build":"193.5662.53","bucket":"159","time":1589808707530,"group":{"id":"kotlin.gradle.target","version":"2"},"event":{"count":1,"data":{"created":1589808707532},"id":"registered"}}
{"recorder_version":"31","session":"c099198d1cf7","build":"193.5662.53","bucket":"159","time":1589808707530,"group":{"id":"gutter.icon.click","version":"2"},"event":{"count":1,"data":{"created":1589808707532},"id":"registered"}}
{"recorder_version":"31","session":"c099198d1cf7","build":"193.5662.53","bucket":"159","time":1589808707530,"group":{"id":"shell.script","version":"1"},"event":{"count":1,"data":{"created":1589808707532},"id":"registered"}}
{"recorder_version":"31","session":"c099198d1cf7","build":"193.5662.53","bucket":"159","time":1589808707530,"group":{"id":"new.project.wizard","version":"1"},"event":{"count":1,"data":{"created":1589808707532},"id":"registered"}}
{"recorder_version":"31","session":"c099198d1cf7","build":"193.5662.53","bucket":"159","time":1589808707530,"group":{"id":"kotlin.ide.npwizards","version":"1"},"event":{"count":1,"data":{"created":1589808707532},"id":"registered"}}
{"recorder_version":"31","session":"c099198d1cf7","build":"193.5662.53","bucket":"159","time":1589808707530,"group":{"id":"intentions","version":"31"},"event":{"count":1,"data":{"created":1589808707532},"id":"registered"}}
{"recorder_version":"31","session":"c099198d1cf7","build":"193.5662.53","bucket":"159","time":1589808707530,"group":{"id":"settings.repository","version":"1"},"event":{"count":1,"data":{"created":1589808707532},"id":"registered"}}
{"recorder_version":"31","session":"c099198d1cf7","build":"193.5662.53","bucket":"159","time":1589808707530,"group":{"id":"vcs.change.reminder","version":"2"},"event":{"count":1,"data":{"created":1589808707532},"id":"registered"}}
{"recorder_version":"31","session":"c099198d1cf7","build":"193.5662.53","bucket":"159","time":1589808707530,"group":{"id":"create.directory.dialog","version":"1"},"event":{"count":1,"data":{"created":1589808707532},"id":"registered"}}
{"recorder_version":"31","session":"c099198d1cf7","build":"193.5662.53","bucket":"159","time":1589808707530,"group":{"id":"kotlin.maven.target","version":"3"},"event":{"count":1,"data":{"created":1589808707532},"id":"registered"}}
{"recorder_version":"31","session":"c099198d1cf7","build":"193.5662.53","bucket":"159","time":1589808707530,"group":{"id":"json.schema","version":"1"},"event":{"count":1,"data":{"created":1589808707532},"id":"registered"}}
{"recorder_version":"31","session":"c099198d1cf7","build":"193.5662.53","bucket":"159","time":1589808707530,"group":{"id":"terminalShell","version":"1"},"event":{"count":1,"data":{"created":1589808707532},"id":"registered"}}
{"recorder_version":"31","session":"c099198d1cf7","build":"193.5662.53","bucket":"159","time":1589808707530,"group":{"id":"rename.refactoring","version":"1"},"event":{"count":1,"data":{"created":1589808707532},"id":"registered"}}
{"recorder_version":"31","session":"c099198d1cf7","build":"193.5662.53","bucket":"159","time":1589808707530,"group":{"id":"build.ant.actions","version":"1"},"event":{"count":1,"data":{"created":1589808707532},"id":"registered"}}
{"recorder_version":"31","session":"c099198d1cf7","build":"193.5662.53","bucket":"159","time":1589808707530,"group":{"id":"actions","version":"31"},"event":{"count":1,"data":{"created":1589808707532},"id":"registered"}}
{"recorder_version":"31","session":"c099198d1cf7","build":"193.5662.53","bucket":"159","time":1589808707530,"group":{"id":"kotlin.ide.editor","version":"1"},"event":{"count":1,"data":{"created":1589808707533},"id":"registered"}}
{"recorder_version":"31","session":"c099198d1cf7","build":"193.5662.53","bucket":"159","time":1589808707530,"group":{"id":"event.log","version":"31"},"event":{"count":1,"data":{"created":1589808707533},"id":"registered"}}
{"recorder_version":"31","session":"c099198d1cf7","build":"193.5662.53","bucket":"159","time":1589808707530,"group":{"id":"run.configuration.exec","version":"31"},"event":{"count":1,"data":{"created":1589808707533},"id":"registered"}}
{"recorder_version":"31","session":"c099198d1cf7","build":"193.5662.53","bucket":"159","time":1589808707530,"group":{"id":"build.tools.actions","version":"1"},"event":{"count":1,"data":{"created":1589808707533},"id":"registered"}}
{"recorder_version":"31","session":"c099198d1cf7","build":"193.5662.53","bucket":"159","time":1589808707530,"group":{"id":"file.editor","version":"2"},"event":{"count":1,"data":{"created":1589808707533},"id":"registered"}}
{"recorder_version":"31","session":"c099198d1cf7","build":"193.5662.53","bucket":"159","time":1589808707530,"group":{"id":"vfs","version":"2"},"event":{"count":1,"data":{"created":1589808707533},"id":"registered"}}
{"recorder_version":"31","session":"c099198d1cf7","build":"193.5662.53","bucket":"159","time":1589808707530,"group":{"id":"project.import","version":"2"},"event":{"count":1,"data":{"created":1589808707533},"id":"registered"}}
{"recorder_version":"31","session":"c099198d1cf7","build":"193.5662.53","bucket":"159","time":1589808707530,"group":{"id":"actions.runAnything","version":"1"},"event":{"count":1,"data":{"created":1589808707533},"id":"registered"}}
{"recorder_version":"31","session":"c099198d1cf7","build":"193.5662.53","bucket":"159","time":1589808707530,"group":{"id":"toolwindow","version":"31"},"event":{"count":1,"data":{"created":1589808707533},"id":"registered"}}
{"recorder_version":"31","session":"c099198d1cf7","build":"193.5662.53","bucket":"159","time":1589808707530,"group":{"id":"kotlin.ide.newFileTempl","version":"1"},"event":{"count":1,"data":{"created":1589808707533},"id":"registered"}}
{"recorder_version":"31","session":"c099198d1cf7","build":"193.5662.53","bucket":"159","time":1589808707530,"group":{"id":"ui.settings","version":"31"},"event":{"count":1,"data":{"created":1589808707533},"id":"registered"}}
{"recorder_version":"31","session":"c099198d1cf7","build":"193.5662.53","bucket":"159","time":1589808707530,"group":{"id":"vcs.log.trigger","version":"2"},"event":{"count":1,"data":{"created":1589808707533},"id":"registered"}}
{"recorder_version":"31","session":"c099198d1cf7","build":"193.5662.53","bucket":"159","time":1589808707530,"group":{"id":"productivity","version":"31"},"event":{"count":1,"data":{"created":1589808707533},"id":"registered"}}
{"recorder_version":"31","session":"c099198d1cf7","build":"193.5662.53","bucket":"159","time":1589808707530,"group":{"id":"build.maven.actions","version":"1"},"event":{"count":1,"data":{"created":1589808707533},"id":"registered"}}
{"recorder_version":"31","session":"c099198d1cf7","build":"193.5662.53","bucket":"159","time":1589808707530,"group":{"id":"ui.event","version":"3"},"event":{"count":1,"data":{"created":1589808707533},"id":"registered"}}
{"recorder_version":"31","session":"c099198d1cf7","build":"193.5662.53","bucket":"159","time":1589808707530,"group":{"id":"plugins.advertiser","version":"1"},"event":{"count":1,"data":{"created":1589808707533},"id":"registered"}}
{"recorder_version":"31","session":"c099198d1cf7","build":"193.5662.53","bucket":"159","time":1589808707530,"group":{"id":"editor.notification.panel","version":"1"},"event":{"count":1,"data":{"created":1589808707533},"id":"registered"}}
{"recorder_version":"31","session":"c099198d1cf7","build":"193.5662.53","bucket":"159","time":1589808707530,"group":{"id":"kotlin.ide.debugger","version":"2"},"event":{"count":1,"data":{"created":1589808707533},"id":"registered"}}
{"recorder_version":"31","session":"c099198d1cf7","build":"193.5662.53","bucket":"159","time":1589808707530,"group":{"id":"tooltip.action.events","version":"1"},"event":{"count":1,"data":{"created":1589808707534},"id":"registered"}}
{"recorder_version":"31","session":"c099198d1cf7","build":"193.5662.53","bucket":"159","time":1589808707530,"group":{"id":"completion","version":"1"},"event":{"count":1,"data":{"created":1589808707534},"id":"registered"}}
{"recorder_version":"31","session":"c099198d1cf7","build":"193.5662.53","bucket":"159","time":1589808707530,"group":{"id":"indexing","version":"2"},"event":{"count":1,"data":{"created":1589808707534},"id":"registered"}}
{"recorder_version":"31","session":"c099198d1cf7","build":"193.5662.53","bucket":"159","time":1589808707530,"group":{"id":"vcs","version":"2"},"event":{"count":1,"data":{"created":1589808707534},"id":"registered"}}
{"recorder_version":"31","session":"c099198d1cf7","build":"193.5662.53","bucket":"159","time":1589808707530,"group":{"id":"ui.dialogs","version":"31"},"event":{"count":1,"data":{"created":1589808707534},"id":"registered"}}
{"recorder_version":"31","session":"c099198d1cf7","build":"193.5662.53","bucket":"159","time":1589808707530,"group":{"id":"vcs.back.forward.trigger","version":"1"},"event":{"count":1,"data":{"created":1589808707534},"id":"registered"}}
{"recorder_version":"31","session":"c099198d1cf7","build":"193.5662.53","bucket":"159","time":1589808707530,"group":{"id":"customize.wizard","version":"1"},"event":{"count":1,"data":{"created":1589808707534},"id":"registered"}}
{"recorder_version":"31","session":"c099198d1cf7","build":"193.5662.53","bucket":"159","time":1589808707530,"group":{"id":"ide.update.dialog","version":"1"},"event":{"count":1,"data":{"created":1589808707534},"id":"registered"}}
{"recorder_version":"31","session":"c099198d1cf7","build":"193.5662.53","bucket":"159","time":1589808707530,"group":{"id":"toolbar","version":"31"},"event":{"count":1,"data":{"created":1589808707534},"id":"registered"}}
{"recorder_version":"31","session":"c099198d1cf7","build":"193.5662.53","bucket":"159","time":1589808707530,"group":{"id":"build.gradle.actions","version":"1"},"event":{"count":1,"data":{"created":1589808707534},"id":"registered"}}
{"recorder_version":"31","session":"c099198d1cf7","build":"193.5662.53","bucket":"159","time":1589808707530,"group":{"id":"performance","version":"31"},"event":{"count":1,"data":{"created":1589808707534},"id":"registered"}}
{"recorder_version":"31","session":"c099198d1cf7","build":"193.5662.53","bucket":"159","time":1589808707530,"group":{"id":"build","version":"2"},"event":{"count":1,"data":{"created":1589808707534},"id":"registered"}}
{"recorder_version":"31","session":"c099198d1cf7","build":"193.5662.53","bucket":"159","time":1589808707530,"group":{"id":"searchEverywhere","version":"2"},"event":{"count":1,"data":{"created":1589808707534},"id":"registered"}}
{"recorder_version":"31","session":"c099198d1cf7","build":"193.5662.53","bucket":"159","time":1589808707530,"group":{"id":"kotlin.ide.action.refactoring","version":"1"},"event":{"count":1,"data":{"created":1589808707534},"id":"registered"}}
{"recorder_version":"31","session":"c099198d1cf7","build":"193.5662.53","bucket":"159","time":1589808707530,"group":{"id":"ui.tips","version":"3"},"event":{"count":1,"data":{"created":1589808707534},"id":"registered"}}
{"recorder_version":"31","session":"c099198d1cf7","build":"193.5662.53","bucket":"159","time":1589808707530,"group":{"id":"surround.with","version":"2"},"event":{"count":1,"data":{"created":1589808707534},"id":"registered"}}
{"recorder_version":"31","session":"c099198d1cf7","build":"193.5662.53","bucket":"159","time":1589808707530,"group":{"id":"import.old.config","version":"3"},"event":{"count":1,"data":{"created":1589808707534},"id":"registered"}}
{"recorder_version":"31","session":"c099198d1cf7","build":"193.5662.53","bucket":"159","time":1589808707530,"group":{"id":"kotlin.jps.target","version":"3"},"event":{"count":1,"data":{"created":1589808707534},"id":"registered"}}
{"recorder_version":"31","session":"c099198d1cf7","build":"193.5662.53","bucket":"159","time":1589808707530,"group":{"id":"completion.postfix","version":"31"},"event":{"count":1,"data":{"created":1589808707534},"id":"registered"}}
{"recorder_version":"31","session":"c099198d1cf7","build":"193.5662.53","bucket":"159","time":1589808707530,"group":{"id":"build.maven.packagesearch","version":"2"},"event":{"count":1,"data":{"created":1589808707535},"id":"registered"}}
{"recorder_version":"31","session":"c099198d1cf7","build":"193.5662.53","bucket":"159","time":1589808710319,"group":{"id":"performance","version":"31"},"event":{"count":1,"data":{"duration_ms":0,"created":1589808710319},"id":"ui.latency"}}
{"recorder_version":"31","session":"c099198d1cf7","build":"193.5662.53","bucket":"159","time":1589808810530,"group":{"id":"performance","version":"31"},"event":{"count":1,"data":{"duration_ms":0,"created":1589808810530},"id":"ui.latency"}}
{"recorder_version":"31","session":"c099198d1cf7","build":"193.5662.53","bucket":"159","time":1589808910760,"group":{"id":"performance","version":"31"},"event":{"count":1,"data":{"duration_ms":0,"created":1589808910760},"id":"ui.latency"}}
{"recorder_version":"31","session":"c099198d1cf7","build":"193.5662.53","bucket":"159","time":1589809010969,"group":{"id":"performance","version":"31"},"event":{"count":1,"data":{"duration_ms":0,"created":1589809010970},"id":"ui.latency"}}
{"recorder_version":"31","session":"c099198d1cf7","build":"193.5662.53","bucket":"159","time":1589809111223,"group":{"id":"performance","version":"31"},"event":{"count":1,"data":{"duration_ms":1,"created":1589809111223},"id":"ui.latency"}}
{"recorder_version":"31","session":"c099198d1cf7","build":"193.5662.53","bucket":"159","time":1589809211500,"group":{"id":"performance","version":"31"},"event":{"count":1,"data":{"duration_ms":0,"created":1589809211500},"id":"ui.latency"}}
{"recorder_version":"31","session":"c099198d1cf7","build":"193.5662.53","bucket":"159","time":1589809307463,"group":{"id":"user.advanced.info","version":"2"},"event":{"state":true,"data":{"created":1589809307463,"value":"release"},"id":"build"}}
{"recorder_version":"31","session":"c099198d1cf7","build":"193.5662.53","bucket":"159","time":1589809307463,"group":{"id":"user.advanced.info","version":"2"},"event":{"state":true,"data":{"created":1589809307464},"id":"release"}}
{"recorder_version":"31","session":"c099198d1cf7","build":"193.5662.53","bucket":"159","time":1589809307463,"group":{"id":"user.advanced.info","version":"2"},"event":{"state":true,"data":{"created":1589809307464},"id":"invoked"}}
{"recorder_version":"31","session":"c099198d1cf7","build":"193.5662.53","bucket":"159","time":1589809307477,"group":{"id":"vcs.diff","version":"2"},"event":{"state":true,"data":{"created":1589809307477},"id":"invoked"}}
{"recorder_version":"31","session":"c099198d1cf7","build":"193.5662.53","bucket":"159","time":1589809307496,"group":{"id":"debugger.settings.ide","version":"2"},"event":{"state":true,"data":{"created":1589809307496},"id":"invoked"}}
{"recorder_version":"31","session":"c099198d1cf7","build":"193.5662.53","bucket":"159","time":1589809307497,"group":{"id":"plugins","version":"1"},"event":{"state":true,"data":{"created":1589809307497,"plugin_type":"NOT_LISTED"},"id":"enabled.not.bundled.plugin"}}
{"recorder_version":"31","session":"c099198d1cf7","build":"193.5662.53","bucket":"159","time":1589809307497,"group":{"id":"plugins","version":"1"},"event":{"state":true,"data":{"created":1589809307497},"id":"invoked"}}
{"recorder_version":"31","session":"c099198d1cf7","build":"193.5662.53","bucket":"159","time":1589809307497,"group":{"id":"os.linux.wm","version":"2"},"event":{"state":true,"data":{"created":1589809307497},"id":"invoked"}}
{"recorder_version":"31","session":"c099198d1cf7","build":"193.5662.53","bucket":"159","time":1589809307497,"group":{"id":"ui.fonts","version":"2"},"event":{"state":true,"data":{"created":1589809307497,"font_size":13,"font_name":".SF_NS_Text"},"id":"UI"}}
{"recorder_version":"31","session":"c099198d1cf7","build":"193.5662.53","bucket":"159","time":1589809307497,"group":{"id":"ui.fonts","version":"2"},"event":{"state":true,"data":{"created":1589809307497,"font_size":24},"id":"Presentation.mode"}}
{"recorder_version":"31","session":"c099198d1cf7","build":"193.5662.53","bucket":"159","time":1589809307497,"group":{"id":"ui.fonts","version":"2"},"event":{"state":true,"data":{"created":1589809307498,"font_size":12,"font_name":"Menlo"},"id":"IDE.editor"}}
{"recorder_version":"31","session":"c099198d1cf7","build":"193.5662.53","bucket":"159","time":1589809307497,"group":{"id":"ui.fonts","version":"2"},"event":{"state":true,"data":{"created":1589809307498,"value":1.2},"id":"editor.lineSpacing"}}
{"recorder_version":"31","session":"c099198d1cf7","build":"193.5662.53","bucket":"159","time":1589809307497,"group":{"id":"ui.fonts","version":"2"},"event":{"state":true,"data":{"created":1589809307498},"id":"invoked"}}
{"recorder_version":"31","session":"c099198d1cf7","build":"193.5662.53","bucket":"159","time":1589809307508,"group":{"id":"editor.settings.ide","version":"3"},"event":{"state":true,"data":{"created":1589809307508,"enabled":true},"id":"completionHints"}}
{"recorder_version":"31","session":"c099198d1cf7","build":"193.5662.53","bucket":"159","time":1589809307508,"group":{"id":"editor.settings.ide","version":"3"},"event":{"state":true,"data":{"created":1589809307508},"id":"invoked"}}
{"recorder_version":"31","session":"c099198d1cf7","build":"193.5662.53","bucket":"159","time":1589809307510,"group":{"id":"ui.info.features","version":"3"},"event":{"state":true,"data":{"created":1589809307510,"value":"hidden"},"id":"Toolbar"}}
{"recorder_version":"31","session":"c099198d1cf7","build":"193.5662.53","bucket":"159","time":1589809307510,"group":{"id":"ui.info.features","version":"3"},"event":{"state":true,"data":{"created":1589809307510,"enabled":false},"id":"Show.tips.on.startup"}}
{"recorder_version":"31","session":"c099198d1cf7","build":"193.5662.53","bucket":"159","time":1589809307510,"group":{"id":"ui.info.features","version":"3"},"event":{"state":true,"data":{"created":1589809307510,"scale_mode":true,"scale":2.0},"id":"Screen.Scale"}}
{"recorder_version":"31","session":"c099198d1cf7","build":"193.5662.53","bucket":"159","time":1589809307510,"group":{"id":"ui.info.features","version":"3"},"event":{"state":true,"data":{"created":1589809307511,"value":"hidden"},"id":"Tool.Window.buttons"}}
{"recorder_version":"31","session":"c099198d1cf7","build":"193.5662.53","bucket":"159","time":1589809307510,"group":{"id":"ui.info.features","version":"3"},"event":{"state":true,"data":{"created":1589809307511,"value":"Top"},"id":"Tabs"}}
{"recorder_version":"31","session":"c099198d1cf7","build":"193.5662.53","bucket":"159","time":1589809307510,"group":{"id":"ui.info.features","version":"3"},"event":{"state":true,"data":{"created":1589809307511,"enabled":true},"id":"Hide.Editor.Tabs.If.Needed"}}
{"recorder_version":"31","session":"c099198d1cf7","build":"193.5662.53","bucket":"159","time":1589809307510,"group":{"id":"ui.info.features","version":"3"},"event":{"state":true,"data":{"created":1589809307511,"enabled":true},"id":"Show.Editor.Tabs.In.Single.Row"}}
{"recorder_version":"31","session":"c099198d1cf7","build":"193.5662.53","bucket":"159","time":1589809307510,"group":{"id":"ui.info.features","version":"3"},"event":{"state":true,"data":{"toolbar":"hidden","navbar":"visible","created":1589809307511},"id":"Toolbar.and.NavBar"}}
{"recorder_version":"31","session":"c099198d1cf7","build":"193.5662.53","bucket":"159","time":1589809307510,"group":{"id":"ui.info.features","version":"3"},"event":{"state":true,"data":{"created":1589809307511,"enabled":false},"id":"Block.cursor"}}
{"recorder_version":"31","session":"c099198d1cf7","build":"193.5662.53","bucket":"159","time":1589809307510,"group":{"id":"ui.info.features","version":"3"},"event":{"state":true,"data":{"created":1589809307511,"enabled":false},"id":"Screen.Reader"}}
{"recorder_version":"31","session":"c099198d1cf7","build":"193.5662.53","bucket":"159","time":1589809307510,"group":{"id":"ui.info.features","version":"3"},"event":{"state":true,"data":{"created":1589809307511,"value":"Light"},"id":"Look.and.Feel"}}
{"recorder_version":"31","session":"c099198d1cf7","build":"193.5662.53","bucket":"159","time":1589809307510,"group":{"id":"ui.info.features","version":"3"},"event":{"state":true,"data":{"created":1589809307511,"enabled":false},"id":"QuickDoc.Show.Toolwindow"}}
{"recorder_version":"31","session":"c099198d1cf7","build":"193.5662.53","bucket":"159","time":1589809307510,"group":{"id":"ui.info.features","version":"3"},"event":{"state":true,"data":{"created":1589809307512,"enabled":true},"id":"Retina"}}
{"recorder_version":"31","session":"c099198d1cf7","build":"193.5662.53","bucket":"159","time":1589809307510,"group":{"id":"ui.info.features","version":"3"},"event":{"state":true,"data":{"grouped":"[30_50]","created":1589809307512,"count":50},"id":"Recent.files.limit"}}
{"recorder_version":"31","session":"c099198d1cf7","build":"193.5662.53","bucket":"159","time":1589809307510,"group":{"id":"ui.info.features","version":"3"},"event":{"state":true,"data":{"created":1589809307512,"value":"visible"},"id":"Status.bar"}}
{"recorder_version":"31","session":"c099198d1cf7","build":"193.5662.53","bucket":"159","time":1589809307510,"group":{"id":"ui.info.features","version":"3"},"event":{"state":true,"data":{"created":1589809307512,"enabled":true},"id":"QuickDoc.AutoUpdate"}}
{"recorder_version":"31","session":"c099198d1cf7","build":"193.5662.53","bucket":"159","time":1589809307510,"group":{"id":"ui.info.features","version":"3"},"event":{"state":true,"data":{"created":1589809307512,"value":"visible"},"id":"Nav.Bar"}}
{"recorder_version":"31","session":"c099198d1cf7","build":"193.5662.53","bucket":"159","time":1589809307510,"group":{"id":"ui.info.features","version":"3"},"event":{"state":true,"data":{"created":1589809307512,"enabled":true},"id":"Gutter.Icons"}}
{"recorder_version":"31","session":"c099198d1cf7","build":"193.5662.53","bucket":"159","time":1589809307510,"group":{"id":"ui.info.features","version":"3"},"event":{"state":true,"data":{"created":1589809307512,"enabled":true},"id":"Line.Numbers"}}
{"recorder_version":"31","session":"c099198d1cf7","build":"193.5662.53","bucket":"159","time":1589809307510,"group":{"id":"ui.info.features","version":"3"},"event":{"state":true,"data":{"created":1589809307512,"value":"per_monitor_dpi"},"id":"Hidpi.Mode"}}
{"recorder_version":"31","session":"c099198d1cf7","build":"193.5662.53","bucket":"159","time":1589809307510,"group":{"id":"ui.info.features","version":"3"},"event":{"state":true,"data":{"created":1589809307512,"enabled":true},"id":"Allow.merging.buttons"}}
{"recorder_version":"31","session":"c099198d1cf7","build":"193.5662.53","bucket":"159","time":1589809307510,"group":{"id":"ui.info.features","version":"3"},"event":{"state":true,"data":{"created":1589809307512,"enabled":false},"id":"Soft.Wraps"}}
{"recorder_version":"31","session":"c099198d1cf7","build":"193.5662.53","bucket":"159","time":1589809307510,"group":{"id":"ui.info.features","version":"3"},"event":{"state":true,"data":{"created":1589809307512},"id":"invoked"}}
{"recorder_version":"31","session":"c099198d1cf7","build":"193.5662.53","bucket":"159","time":1589809307521,"group":{"id":"vcs.github","version":"2"},"event":{"state":true,"data":{"has_enterprise":false,"created":1589809307521,"count":0},"id":"accounts"}}
{"recorder_version":"31","session":"c099198d1cf7","build":"193.5662.53","bucket":"159","time":1589809307521,"group":{"id":"vcs.github","version":"2"},"event":{"state":true,"data":{"created":1589809307522},"id":"invoked"}}
{"recorder_version":"31","session":"c099198d1cf7","build":"193.5662.53","bucket":"159","time":1589809307522,"group":{"id":"vcs.log.index.application","version":"2"},"event":{"state":true,"data":{"created":1589809307522},"id":"invoked"}}
{"recorder_version":"31","session":"c099198d1cf7","build":"193.5662.53","bucket":"159","time":1589809307527,"group":{"id":"java.refactoring.settings","version":"1"},"event":{"state":true,"data":{"created":1589809307527},"id":"invoked"}}
{"recorder_version":"31","session":"c099198d1cf7","build":"193.5662.53","bucket":"159","time":1589809307527,"group":{"id":"vcs.application.configuration","version":"1"},"event":{"state":true,"data":{"created":1589809307527},"id":"invoked"}}
{"recorder_version":"31","session":"c099198d1cf7","build":"193.5662.53","bucket":"159","time":1589809307527,"group":{"id":"keymaps.name","version":"2"},"event":{"state":true,"data":{"created":1589809307527,"keymap_name":"Mac_OS_X_10.5+"},"id":"ide.keymap"}}
{"recorder_version":"31","session":"c099198d1cf7","build":"193.5662.53","bucket":"159","time":1589809307527,"group":{"id":"keymaps.name","version":"2"},"event":{"state":true,"data":{"created":1589809307528},"id":"invoked"}}
{"recorder_version":"31","session":"c099198d1cf7","build":"193.5662.53","bucket":"159","time":1589809307528,"group":{"id":"ui.editor.color.schemes","version":"3"},"event":{"state":true,"data":{"scheme":"Default","created":1589809307528,"is_dark":false},"id":"enabled.color.scheme"}}
{"recorder_version":"31","session":"c099198d1cf7","build":"193.5662.53","bucket":"159","time":1589809307528,"group":{"id":"ui.editor.color.schemes","version":"3"},"event":{"state":true,"data":{"created":1589809307528},"id":"invoked"}}
{"recorder_version":"31","session":"c099198d1cf7","build":"193.5662.53","bucket":"159","time":1589809307530,"group":{"id":"system.runtime","version":"2"},"event":{"state":true,"data":{"created":1589809307531,"name":"G1_Old_Generation"},"id":"garbage.collector"}}
{"recorder_version":"31","session":"c099198d1cf7","build":"193.5662.53","bucket":"159","time":1589809307530,"group":{"id":"system.runtime","version":"2"},"event":{"state":true,"data":{"created":1589809307531,"name":"Xmx","value":512},"id":"jvm.option"}}
{"recorder_version":"31","session":"c099198d1cf7","build":"193.5662.53","bucket":"159","time":1589809307530,"group":{"id":"system.runtime","version":"2"},"event":{"state":true,"data":{"vendor":"JetBrains","created":1589809307531,"bit":"64","version":"1.11"},"id":"jvm"}}
{"recorder_version":"31","session":"c099198d1cf7","build":"193.5662.53","bucket":"159","time":1589809307530,"group":{"id":"system.runtime","version":"2"},"event":{"state":true,"data":{"created":1589809307531,"name":"G1_Young_Generation"},"id":"garbage.collector"}}
{"recorder_version":"31","session":"c099198d1cf7","build":"193.5662.53","bucket":"159","time":1589809307531,"group":{"id":"system.runtime","version":"2"},"event":{"state":true,"data":{"created":1589809307531,"value":8},"id":"cores"}}
{"recorder_version":"31","session":"c099198d1cf7","build":"193.5662.53","bucket":"159","time":1589809307531,"group":{"id":"system.runtime","version":"2"},"event":{"state":true,"data":{"created":1589809307531,"name":"Xms","value":256},"id":"jvm.option"}}
{"recorder_version":"31","session":"c099198d1cf7","build":"193.5662.53","bucket":"159","time":1589809307531,"group":{"id":"system.runtime","version":"2"},"event":{"state":true,"data":{"created":1589809307531},"id":"invoked"}}
{"recorder_version":"31","session":"c099198d1cf7","build":"193.5662.53","bucket":"159","time":1589809307532,"group":{"id":"platform.registry","version":"1"},"event":{"state":true,"data":{"created":1589809307533,"plugin_type":"PLATFORM","id":"show.create.new.element.in.popup"},"id":"experiment"}}
{"recorder_version":"31","session":"c099198d1cf7","build":"193.5662.53","bucket":"159","time":1589809307533,"group":{"id":"platform.registry","version":"1"},"event":{"state":true,"data":{"created":1589809307533,"plugin_type":"PLATFORM","id":"wsl.p9.support"},"id":"experiment"}}
{"recorder_version":"31","session":"c099198d1cf7","build":"193.5662.53","bucket":"159","time":1589809307533,"group":{"id":"platform.registry","version":"1"},"event":{"state":true,"data":{"created":1589809307533,"plugin_type":"PLATFORM","id":"inline.browse.button"},"id":"experiment"}}
{"recorder_version":"31","session":"c099198d1cf7","build":"193.5662.53","bucket":"159","time":1589809307533,"group":{"id":"platform.registry","version":"1"},"event":{"state":true,"data":{"created":1589809307533,"plugin_type":"PLATFORM","id":"recent.and.edited.files.together"},"id":"experiment"}}
{"recorder_version":"31","session":"c099198d1cf7","build":"193.5662.53","bucket":"159","time":1589809307533,"group":{"id":"platform.registry","version":"1"},"event":{"state":true,"data":{"created":1589809307533,"plugin_type":"PLATFORM","id":"copy.reference.popup"},"id":"experiment"}}
{"recorder_version":"31","session":"c099198d1cf7","build":"193.5662.53","bucket":"159","time":1589809307533,"group":{"id":"platform.registry","version":"1"},"event":{"state":true,"data":{"created":1589809307533,"id":"java.completion.argument.hints.internal"},"id":"registry"}}
{"recorder_version":"31","session":"c099198d1cf7","build":"193.5662.53","bucket":"159","time":1589809307533,"group":{"id":"platform.registry","version":"1"},"event":{"state":true,"data":{"created":1589809307534,"plugin_type":"PLATFORM","id":"new.large.text.file.viewer"},"id":"experiment"}}
{"recorder_version":"31","session":"c099198d1cf7","build":"193.5662.53","bucket":"159","time":1589809307533,"group":{"id":"platform.registry","version":"1"},"event":{"state":true,"data":{"created":1589809307534,"plugin_type":"PLATFORM","id":"linux.native.menu"},"id":"experiment"}}
{"recorder_version":"31","session":"c099198d1cf7","build":"193.5662.53","bucket":"159","time":1589809307533,"group":{"id":"platform.registry","version":"1"},"event":{"state":true,"data":{"created":1589809307534,"plugin_type":"PLATFORM","id":"property.value.inplace.editing"},"id":"experiment"}}
{"recorder_version":"31","session":"c099198d1cf7","build":"193.5662.53","bucket":"159","time":1589809307533,"group":{"id":"platform.registry","version":"1"},"event":{"state":true,"data":{"created":1589809307534,"plugin_type":"PLATFORM","id":"wsl.p9.show.roots.in.file.chooser"},"id":"experiment"}}
{"recorder_version":"31","session":"c099198d1cf7","build":"193.5662.53","bucket":"159","time":1589809307533,"group":{"id":"platform.registry","version":"1"},"event":{"state":true,"data":{"created":1589809307534},"id":"invoked"}}
{"recorder_version":"31","session":"c099198d1cf7","build":"193.5662.53","bucket":"159","time":1589809311731,"group":{"id":"performance","version":"31"},"event":{"count":1,"data":{"duration_ms":1,"created":1589809311731},"id":"ui.latency"}}
{"recorder_version":"31","session":"c099198d1cf7","build":"193.5662.53","bucket":"159","time":1589809411961,"group":{"id":"performance","version":"31"},"event":{"count":1,"data":{"duration_ms":0,"created":1589809411961},"id":"ui.latency"}}
{"recorder_version":"31","session":"c099198d1cf7","build":"193.5662.53","bucket":"159","time":1589809512184,"group":{"id":"performance","version":"31"},"event":{"count":1,"data":{"duration_ms":0,"created":1589809512184},"id":"ui.latency"}}
{"recorder_version":"31","session":"c099198d1cf7","build":"193.5662.53","bucket":"159","time":1589809612415,"group":{"id":"performance","version":"31"},"event":{"count":1,"data":{"duration_ms":0,"created":1589809612415},"id":"ui.latency"}}
{"recorder_version":"31","session":"c099198d1cf7","build":"193.5662.53","bucket":"159","time":1589809712652,"group":{"id":"performance","version":"31"},"event":{"count":1,"data":{"duration_ms":0,"created":1589809712652},"id":"ui.latency"}}
{"recorder_version":"31","session":"c099198d1cf7","build":"193.5662.53","bucket":"159","time":1589809812855,"group":{"id":"performance","version":"31"},"event":{"count":1,"data":{"duration_ms":0,"created":1589809812855},"id":"ui.latency"}}
{"recorder_version":"31","session":"c099198d1cf7","build":"193.5662.53","bucket":"159","time":1589809913060,"group":{"id":"performance","version":"31"},"event":{"count":1,"data":{"duration_ms":0,"created":1589809913060},"id":"ui.latency"}}
{"recorder_version":"31","session":"c099198d1cf7","build":"193.5662.53","bucket":"159","time":1589810013290,"group":{"id":"performance","version":"31"},"event":{"count":1,"data":{"duration_ms":0,"created":1589810013290},"id":"ui.latency"}}
{"recorder_version":"31","session":"c099198d1cf7","build":"193.5662.53","bucket":"159","time":1589810113514,"group":{"id":"performance","version":"31"},"event":{"count":1,"data":{"duration_ms":0,"created":1589810113514},"id":"ui.latency"}}
{"recorder_version":"31","session":"c099198d1cf7","build":"193.5662.53","bucket":"159","time":1589810213314,"group":{"id":"javaLibraryJars","version":"2"},"event":{"state":true,"data":{"created":1589810213314,"project":"d119a6d897fcb33934b9adf90ec59bc9e850f90f58367fa567dc99031a6fc921"},"id":"invoked"}}
{"recorder_version":"31","session":"c099198d1cf7","build":"193.5662.53","bucket":"159","time":1589810213314,"group":{"id":"build.gradle.state","version":"1"},"event":{"state":true,"data":{"created":1589810213314,"project":"d119a6d897fcb33934b9adf90ec59bc9e850f90f58367fa567dc99031a6fc921"},"id":"invoked"}}
{"recorder_version":"31","session":"c099198d1cf7","build":"193.5662.53","bucket":"159","time":1589810213318,"group":{"id":"java.language","version":"1"},"event":{"state":true,"data":{"feature":11,"minor":0,"created":1589810213318,"project":"d119a6d897fcb33934b9adf90ec59bc9e850f90f58367fa567dc99031a6fc921","update":2,"ea":false},"id":"MODULE_JDK_VERSION"}}
{"recorder_version":"31","session":"c099198d1cf7","build":"193.5662.53","bucket":"159","time":1589810213318,"group":{"id":"java.language","version":"1"},"event":{"state":true,"data":{"preview":false,"created":1589810213319,"project":"d119a6d897fcb33934b9adf90ec59bc9e850f90f58367fa567dc99031a6fc921","version":11},"id":"MODULE_LANGUAGE_LEVEL"}}
{"recorder_version":"31","session":"c099198d1cf7","build":"193.5662.53","bucket":"159","time":1589810213318,"group":{"id":"java.language","version":"1"},"event":{"state":true,"data":{"created":1589810213319,"project":"d119a6d897fcb33934b9adf90ec59bc9e850f90f58367fa567dc99031a6fc921"},"id":"invoked"}}
{"recorder_version":"31","session":"c099198d1cf7","build":"193.5662.53","bucket":"159","time":1589810213320,"group":{"id":"debugger.breakpoints","version":"2"},"event":{"state":true,"data":{"created":1589810213321,"count":0,"project":"d119a6d897fcb33934b9adf90ec59bc9e850f90f58367fa567dc99031a6fc921"},"id":"total"}}
{"recorder_version":"31","session":"c099198d1cf7","build":"193.5662.53","bucket":"159","time":1589810213320,"group":{"id":"debugger.breakpoints","version":"2"},"event":{"state":true,"data":{"created":1589810213321,"count":0,"project":"d119a6d897fcb33934b9adf90ec59bc9e850f90f58367fa567dc99031a6fc921"},"id":"total.disabled"}}
{"recorder_version":"31","session":"c099198d1cf7","build":"193.5662.53","bucket":"159","time":1589810213320,"group":{"id":"debugger.breakpoints","version":"2"},"event":{"state":true,"data":{"created":1589810213321,"count":0,"project":"d119a6d897fcb33934b9adf90ec59bc9e850f90f58367fa567dc99031a6fc921"},"id":"total.non.suspending"}}
{"recorder_version":"31","session":"c099198d1cf7","build":"193.5662.53","bucket":"159","time":1589810213320,"group":{"id":"debugger.breakpoints","version":"2"},"event":{"state":true,"data":{"created":1589810213321,"project":"d119a6d897fcb33934b9adf90ec59bc9e850f90f58367fa567dc99031a6fc921"},"id":"invoked"}}
{"recorder_version":"31","session":"c099198d1cf7","build":"193.5662.53","bucket":"159","time":1589810213342,"group":{"id":"git.configuration","version":"2"},"event":{"state":true,"data":{"created":1589810213342,"project":"d119a6d897fcb33934b9adf90ec59bc9e850f90f58367fa567dc99031a6fc921","type":"NULL","version":"0.0.0"},"id":"executable"}}
{"recorder_version":"31","session":"c099198d1cf7","build":"193.5662.53","bucket":"159","time":1589810213342,"group":{"id":"git.configuration","version":"2"},"event":{"state":true,"data":{"created":1589810213343,"project":"d119a6d897fcb33934b9adf90ec59bc9e850f90f58367fa567dc99031a6fc921"},"id":"invoked"}}
{"recorder_version":"31","session":"c099198d1cf7","build":"193.5662.53","bucket":"159","time":1589810213348,"group":{"id":"kotlin.ide.settings","version":"2"},"event":{"state":true,"data":{"pluginVersion":"1.3.61-release-IJ2019.3-1","created":1589810213348,"project":"d119a6d897fcb33934b9adf90ec59bc9e850f90f58367fa567dc99031a6fc921","enabled":true},"id":"newInference"}}
{"recorder_version":"31","session":"c099198d1cf7","build":"193.5662.53","bucket":"159","time":1589810213348,"group":{"id":"kotlin.ide.settings","version":"2"},"event":{"state":true,"data":{"pluginVersion":"1.3.61-release-IJ2019.3-1","created":1589810213348,"project":"d119a6d897fcb33934b9adf90ec59bc9e850f90f58367fa567dc99031a6fc921","enabled":false},"id":"scriptingAutoReloadEnabled"}}
{"recorder_version":"31","session":"c099198d1cf7","build":"193.5662.53","bucket":"159","time":1589810213348,"group":{"id":"kotlin.ide.settings","version":"2"},"event":{"state":true,"data":{"created":1589810213349,"project":"d119a6d897fcb33934b9adf90ec59bc9e850f90f58367fa567dc99031a6fc921"},"id":"invoked"}}
{"recorder_version":"31","session":"c099198d1cf7","build":"193.5662.53","bucket":"159","time":1589810213349,"group":{"id":"build.tools.state","version":"1"},"event":{"state":true,"data":{"created":1589810213349,"count":0,"externalSystemId":"Gradle","project":"d119a6d897fcb33934b9adf90ec59bc9e850f90f58367fa567dc99031a6fc921"},"id":"numberOfLinkedProject"}}
{"recorder_version":"31","session":"c099198d1cf7","build":"193.5662.53","bucket":"159","time":1589810213349,"group":{"id":"build.tools.state","version":"1"},"event":{"state":true,"data":{"created":1589810213350,"project":"d119a6d897fcb33934b9adf90ec59bc9e850f90f58367fa567dc99031a6fc921"},"id":"invoked"}}
{"recorder_version":"31","session":"c099198d1cf7","build":"193.5662.53","bucket":"159","time":1589810213368,"group":{"id":"build.ant.state","version":"1"},"event":{"state":true,"data":{"created":1589810213369,"project":"d119a6d897fcb33934b9adf90ec59bc9e850f90f58367fa567dc99031a6fc921"},"id":"invoked"}}
{"recorder_version":"31","session":"c099198d1cf7","build":"193.5662.53","bucket":"159","time":1589810213506,"group":{"id":"svn.configuration","version":"1"},"event":{"state":true,"data":{"created":1589810213506,"project":"d119a6d897fcb33934b9adf90ec59bc9e850f90f58367fa567dc99031a6fc921"},"id":"invoked"}}
{"recorder_version":"31","session":"c099198d1cf7","build":"193.5662.53","bucket":"159","time":1589810213513,"group":{"id":"vcs.settings","version":"2"},"event":{"state":true,"data":{"created":1589810213513,"project":"d119a6d897fcb33934b9adf90ec59bc9e850f90f58367fa567dc99031a6fc921"},"id":"invoked"}}
{"recorder_version":"31","session":"c099198d1cf7","build":"193.5662.53","bucket":"159","time":1589810213516,"group":{"id":"project.structure","version":"2"},"event":{"state":true,"data":{"created":1589810213516,"count":1,"project":"d119a6d897fcb33934b9adf90ec59bc9e850f90f58367fa567dc99031a6fc921"},"id":"content.roots.total"}}
{"recorder_version":"31","session":"c099198d1cf7","build":"193.5662.53","bucket":"159","time":1589810213516,"group":{"id":"project.structure","version":"2"},"event":{"state":true,"data":{"created":1589810213516,"count":0,"project":"d119a6d897fcb33934b9adf90ec59bc9e850f90f58367fa567dc99031a6fc921"},"id":"package.prefix"}}
{"recorder_version":"31","session":"c099198d1cf7","build":"193.5662.53","bucket":"159","time":1589810213516,"group":{"id":"project.structure","version":"2"},"event":{"state":true,"data":{"created":1589810213516,"count":1,"project":"d119a6d897fcb33934b9adf90ec59bc9e850f90f58367fa567dc99031a6fc921"},"id":"source.roots.total"}}
{"recorder_version":"31","session":"c099198d1cf7","build":"193.5662.53","bucket":"159","time":1589810213516,"group":{"id":"project.structure","version":"2"},"event":{"state":true,"data":{"created":1589810213516,"count":1,"project":"d119a6d897fcb33934b9adf90ec59bc9e850f90f58367fa567dc99031a6fc921"},"id":"modules.total"}}
{"recorder_version":"31","session":"c099198d1cf7","build":"193.5662.53","bucket":"159","time":1589810213516,"group":{"id":"project.structure","version":"2"},"event":{"state":true,"data":{"created":1589810213516,"count":0,"project":"d119a6d897fcb33934b9adf90ec59bc9e850f90f58367fa567dc99031a6fc921"},"id":"excluded.roots.total"}}
{"recorder_version":"31","session":"c099198d1cf7","build":"193.5662.53","bucket":"159","time":1589810213516,"group":{"id":"project.structure","version":"2"},"event":{"state":true,"data":{"created":1589810213517,"count":1,"project":"d119a6d897fcb33934b9adf90ec59bc9e850f90f58367fa567dc99031a6fc921","type":"java-source"},"id":"source.root"}}
{"recorder_version":"31","session":"c099198d1cf7","build":"193.5662.53","bucket":"159","time":1589810213516,"group":{"id":"project.structure","version":"2"},"event":{"state":true,"data":{"created":1589810213517,"project":"d119a6d897fcb33934b9adf90ec59bc9e850f90f58367fa567dc99031a6fc921"},"id":"invoked"}}
{"recorder_version":"31","session":"c099198d1cf7","build":"193.5662.53","bucket":"159","time":1589810213518,"group":{"id":"vcs.configuration","version":"2"},"event":{"state":true,"data":{"created":1589810213518,"count":0,"project":"d119a6d897fcb33934b9adf90ec59bc9e850f90f58367fa567dc99031a6fc921"},"id":"ignored.files"}}
{"recorder_version":"31","session":"c099198d1cf7","build":"193.5662.53","bucket":"159","time":1589810213518,"group":{"id":"vcs.configuration","version":"2"},"event":{"state":true,"data":{"created":1589810213518,"count":0,"project":"d119a6d897fcb33934b9adf90ec59bc9e850f90f58367fa567dc99031a6fc921"},"id":"unversioned.files"}}
{"recorder_version":"31","session":"c099198d1cf7","build":"193.5662.53","bucket":"159","time":1589810213518,"group":{"id":"vcs.configuration","version":"2"},"event":{"state":true,"data":{"created":1589810213519,"count":0,"project":"d119a6d897fcb33934b9adf90ec59bc9e850f90f58367fa567dc99031a6fc921"},"id":"mapped.roots"}}
{"recorder_version":"31","session":"c099198d1cf7","build":"193.5662.53","bucket":"159","time":1589810213518,"group":{"id":"vcs.configuration","version":"2"},"event":{"state":true,"data":{"created":1589810213519,"count":1,"project":"d119a6d897fcb33934b9adf90ec59bc9e850f90f58367fa567dc99031a6fc921"},"id":"changelists"}}
{"recorder_version":"31","session":"c099198d1cf7","build":"193.5662.53","bucket":"159","time":1589810213518,"group":{"id":"vcs.configuration","version":"2"},"event":{"state":true,"data":{"created":1589810213519,"project":"d119a6d897fcb33934b9adf90ec59bc9e850f90f58367fa567dc99031a6fc921"},"id":"invoked"}}
{"recorder_version":"31","session":"c099198d1cf7","build":"193.5662.53","bucket":"159","time":1589810213520,"group":{"id":"vcs.log.index.project","version":"2"},"event":{"state":true,"data":{"created":1589810213520,"project":"d119a6d897fcb33934b9adf90ec59bc9e850f90f58367fa567dc99031a6fc921"},"id":"invoked"}}
{"recorder_version":"31","session":"c099198d1cf7","build":"193.5662.53","bucket":"159","time":1589810213522,"group":{"id":"editor.settings.project","version":"2"},"event":{"state":true,"data":{"created":1589810213522,"project":"d119a6d897fcb33934b9adf90ec59bc9e850f90f58367fa567dc99031a6fc921"},"id":"invoked"}}
{"recorder_version":"31","session":"c099198d1cf7","build":"193.5662.53","bucket":"159","time":1589810213522,"group":{"id":"run.dashboard","version":"2"},"event":{"state":true,"data":{"created":1589810213522,"project":"d119a6d897fcb33934b9adf90ec59bc9e850f90f58367fa567dc99031a6fc921","enabled":false},"id":"run.dashboard"}}
{"recorder_version":"31","session":"c099198d1cf7","build":"193.5662.53","bucket":"159","time":1589810213522,"group":{"id":"run.dashboard","version":"2"},"event":{"state":true,"data":{"created":1589810213522,"project":"d119a6d897fcb33934b9adf90ec59bc9e850f90f58367fa567dc99031a6fc921"},"id":"invoked"}}
{"recorder_version":"31","session":"c099198d1cf7","build":"193.5662.53","bucket":"159","time":1589810213648,"group":{"id":"inlay.configuration","version":"2"},"event":{"state":true,"data":{"created":1589810213648,"plugin_type":"PLATFORM","project":"d119a6d897fcb33934b9adf90ec59bc9e850f90f58367fa567dc99031a6fc921","lang":"Groovy","enabled":true},"id":"validation.unmatched_rule"}}
{"recorder_version":"31","session":"c099198d1cf7","build":"193.5662.53","bucket":"159","time":1589810213648,"group":{"id":"inlay.configuration","version":"2"},"event":{"state":true,"data":{"java_simple_sequentially_numbered":"validation.undefined_rule","java_clear_expression_type":"validation.undefined_rule","java_new_expr":"validation.undefined_rule","java_multiple_params_same_type":"validation.undefined_rule","created":1589810213648,"java_build_like_method":"validation.undefined_rule","plugin_type":"PLATFORM","java_enums":"validation.undefined_rule","project":"d119a6d897fcb33934b9adf90ec59bc9e850f90f58367fa567dc99031a6fc921","java_method_name_contains_parameter_name":"validation.undefined_rule","lang":"JAVA","enabled":true},"id":"validation.unmatched_rule"}}
{"recorder_version":"31","session":"c099198d1cf7","build":"193.5662.53","bucket":"159","time":1589810213648,"group":{"id":"inlay.configuration","version":"2"},"event":{"state":true,"data":{"SHOW_PARAMETER_HINT":"validation.undefined_rule","SHOW_PROPERTY_HINT":"validation.undefined_rule","SHOW_PARAMETER_TYPE_HINT":"validation.undefined_rule","created":1589810213648,"project":"d119a6d897fcb33934b9adf90ec59bc9e850f90f58367fa567dc99031a6fc921","enabled":true,"SHOW_SUSPENDING_CALL":"validation.undefined_rule","SHOW_LOCAL_VARIABLE_HINT":"validation.undefined_rule","SHOW_FUNCTION_HINT":"validation.undefined_rule","plugin_type":"PLATFORM","SHOW_LAMBDA_IMPLICIT_PARAMETER_RECEIVER":"validation.undefined_rule","lang":"kotlin","SHOW_LAMBDA_RETURN_EXPRESSION":"validation.undefined_rule"},"id":"validation.unmatched_rule"}}
{"recorder_version":"31","session":"c099198d1cf7","build":"193.5662.53","bucket":"159","time":1589810213648,"group":{"id":"inlay.configuration","version":"2"},"event":{"state":true,"data":{"created":1589810213649,"plugin_type":"PLATFORM","project":"d119a6d897fcb33934b9adf90ec59bc9e850f90f58367fa567dc99031a6fc921","lang":"JAVA","enabled":true},"id":"validation.unmatched_rule"}}
{"recorder_version":"31","session":"c099198d1cf7","build":"193.5662.53","bucket":"159","time":1589810213648,"group":{"id":"inlay.configuration","version":"2"},"event":{"state":true,"data":{"inferred_annotations":"validation.undefined_rule","created":1589810213649,"plugin_type":"PLATFORM","project":"d119a6d897fcb33934b9adf90ec59bc9e850f90f58367fa567dc99031a6fc921","lang":"JAVA","external_annotations":"validation.undefined_rule","enabled":true},"id":"validation.unmatched_rule"}}
{"recorder_version":"31","session":"c099198d1cf7","build":"193.5662.53","bucket":"159","time":1589810213648,"group":{"id":"inlay.configuration","version":"2"},"event":{"state":true,"data":{"type_parameter_list":"validation.undefined_rule","inferred_parameter_types":"validation.undefined_rule","created":1589810213649,"plugin_type":"PLATFORM","project":"d119a6d897fcb33934b9adf90ec59bc9e850f90f58367fa567dc99031a6fc921","lang":"Groovy","enabled":true},"id":"validation.unmatched_rule"}}
{"recorder_version":"31","session":"c099198d1cf7","build":"193.5662.53","bucket":"159","time":1589810213648,"group":{"id":"inlay.configuration","version":"2"},"event":{"state":true,"data":{"created":1589810213649,"project":"d119a6d897fcb33934b9adf90ec59bc9e850f90f58367fa567dc99031a6fc921"},"id":"invoked"}}
{"recorder_version":"31","session":"c099198d1cf7","build":"193.5662.53","bucket":"159","time":1589810213648,"group":{"id":"build.maven.state","version":"1"},"event":{"state":true,"data":{"created":1589810213649,"project":"d119a6d897fcb33934b9adf90ec59bc9e850f90f58367fa567dc99031a6fc921"},"id":"invoked"}}
{"recorder_version":"31","session":"c099198d1cf7","build":"193.5662.53","bucket":"159","time":1589810213648,"group":{"id":"module.facets","version":"3"},"event":{"state":true,"data":{"created":1589810213649,"project":"d119a6d897fcb33934b9adf90ec59bc9e850f90f58367fa567dc99031a6fc921"},"id":"invoked"}}
{"recorder_version":"31","session":"c099198d1cf7","build":"193.5662.53","bucket":"159","time":1589810213649,"group":{"id":"kotlin.project.configuration","version":"1"},"event":{"state":true,"data":{"created":1589810213649,"project":"d119a6d897fcb33934b9adf90ec59bc9e850f90f58367fa567dc99031a6fc921"},"id":"invoked"}}
{"recorder_version":"31","session":"c099198d1cf7","build":"193.5662.53","bucket":"159","time":1589810213649,"group":{"id":"java.compiler.settings.project","version":"1"},"event":{"state":true,"data":{"created":1589810213649,"project":"d119a6d897fcb33934b9adf90ec59bc9e850f90f58367fa567dc99031a6fc921","enabled":true},"id":"AUTO_SHOW_ERRORS_IN_EDITOR"}}
{"recorder_version":"31","session":"c099198d1cf7","build":"193.5662.53","bucket":"159","time":1589810213649,"group":{"id":"java.compiler.settings.project","version":"1"},"event":{"state":true,"data":{"created":1589810213649,"project":"d119a6d897fcb33934b9adf90ec59bc9e850f90f58367fa567dc99031a6fc921","enabled":true},"id":"DISPLAY_NOTIFICATION_POPUP"}}
{"recorder_version":"31","session":"c099198d1cf7","build":"193.5662.53","bucket":"159","time":1589810213649,"group":{"id":"java.compiler.settings.project","version":"1"},"event":{"state":true,"data":{"created":1589810213649,"project":"d119a6d897fcb33934b9adf90ec59bc9e850f90f58367fa567dc99031a6fc921","enabled":true},"id":"CLEAR_OUTPUT_DIRECTORY"}}
{"recorder_version":"31","session":"c099198d1cf7","build":"193.5662.53","bucket":"159","time":1589810213649,"group":{"id":"java.compiler.settings.project","version":"1"},"event":{"state":true,"data":{"created":1589810213649,"project":"d119a6d897fcb33934b9adf90ec59bc9e850f90f58367fa567dc99031a6fc921","enabled":false},"id":"MAKE_PROJECT_ON_SAVE"}}
{"recorder_version":"31","session":"c099198d1cf7","build":"193.5662.53","bucket":"159","time":1589810213649,"group":{"id":"java.compiler.settings.project","version":"1"},"event":{"state":true,"data":{"created":1589810213650,"project":"d119a6d897fcb33934b9adf90ec59bc9e850f90f58367fa567dc99031a6fc921","enabled":false},"id":"PARALLEL_COMPILATION"}}
{"recorder_version":"31","session":"c099198d1cf7","build":"193.5662.53","bucket":"159","time":1589810213649,"group":{"id":"java.compiler.settings.project","version":"1"},"event":{"state":true,"data":{"created":1589810213650,"project":"d119a6d897fcb33934b9adf90ec59bc9e850f90f58367fa567dc99031a6fc921","enabled":true},"id":"REBUILD_ON_DEPENDENCY_CHANGE"}}
{"recorder_version":"31","session":"c099198d1cf7","build":"193.5662.53","bucket":"159","time":1589810213649,"group":{"id":"java.compiler.settings.project","version":"1"},"event":{"state":true,"data":{"created":1589810213650,"project":"d119a6d897fcb33934b9adf90ec59bc9e850f90f58367fa567dc99031a6fc921","enabled":true},"id":"COMPILE_AFFECTED_UNLOADED_MODULES_BEFORE_COMMIT"}}
{"recorder_version":"31","session":"c099198d1cf7","build":"193.5662.53","bucket":"159","time":1589810213649,"group":{"id":"java.compiler.settings.project","version":"1"},"event":{"state":true,"data":{"created":1589810213650,"project":"d119a6d897fcb33934b9adf90ec59bc9e850f90f58367fa567dc99031a6fc921"},"id":"invoked"}}
{"recorder_version":"31","session":"c099198d1cf7","build":"193.5662.53","bucket":"159","time":1589810213649,"group":{"id":"build.tools","version":"1"},"event":{"state":true,"data":{"created":1589810213650,"project":"d119a6d897fcb33934b9adf90ec59bc9e850f90f58367fa567dc99031a6fc921"},"id":"invoked"}}
{"recorder_version":"31","session":"c099198d1cf7","build":"193.5662.53","bucket":"159","time":1589810213651,"group":{"id":"run.configuration.type","version":"5"},"event":{"state":true,"data":{"created":1589810213652,"project":"d119a6d897fcb33934b9adf90ec59bc9e850f90f58367fa567dc99031a6fc921"},"id":"invoked"}}
{"recorder_version":"31","session":"c099198d1cf7","build":"193.5662.53","bucket":"159","time":1589810213652,"group":{"id":"inspections","version":"2"},"event":{"state":true,"data":{"created":1589810213652,"project":"d119a6d897fcb33934b9adf90ec59bc9e850f90f58367fa567dc99031a6fc921"},"id":"invoked"}}
{"recorder_version":"31","session":"c099198d1cf7","build":"193.5662.53","bucket":"159","time":1589810213658,"group":{"id":"vcs.log.ui","version":"2"},"event":{"state":true,"data":{"created":1589810213658,"project":"d119a6d897fcb33934b9adf90ec59bc9e850f90f58367fa567dc99031a6fc921"},"id":"invoked"}}
{"recorder_version":"31","session":"c099198d1cf7","build":"193.5662.53","bucket":"159","time":1589810213671,"group":{"id":"vcs.log.data","version":"2"},"event":{"state":true,"data":{"created":1589810213671,"project":"d119a6d897fcb33934b9adf90ec59bc9e850f90f58367fa567dc99031a6fc921"},"id":"invoked"}}
{"recorder_version":"31","session":"c099198d1cf7","build":"193.5662.53","bucket":"159","time":1589810213715,"group":{"id":"performance","version":"31"},"event":{"count":1,"data":{"duration_ms":0,"created":1589810213716},"id":"ui.latency"}}
{"recorder_version":"31","session":"c099198d1cf7","build":"193.5662.53","bucket":"159","time":1589810213725,"group":{"id":"file.types","version":"2"},"event":{"state":true,"data":{"file_type":"IDEA_MODULE","created":1589810213725,"plugin_type":"PLATFORM","project":"d119a6d897fcb33934b9adf90ec59bc9e850f90f58367fa567dc99031a6fc921"},"id":"file.in.project"}}
{"recorder_version":"31","session":"c099198d1cf7","build":"193.5662.53","bucket":"159","time":1589810213725,"group":{"id":"file.types","version":"2"},"event":{"state":true,"data":{"plugin":"com.intellij.java","file_type":"JAVA","created":1589810213725,"plugin_type":"JB_BUNDLED","project":"d119a6d897fcb33934b9adf90ec59bc9e850f90f58367fa567dc99031a6fc921"},"id":"file.in.project"}}
{"recorder_version":"31","session":"c099198d1cf7","build":"193.5662.53","bucket":"159","time":1589810213725,"group":{"id":"file.types","version":"2"},"event":{"state":true,"data":{"created":1589810213725,"project":"d119a6d897fcb33934b9adf90ec59bc9e850f90f58367fa567dc99031a6fc921"},"id":"invoked"}}
{"recorder_version":"31","session":"c099198d1cf7","build":"193.5662.53","bucket":"159","time":1589810313943,"group":{"id":"performance","version":"31"},"event":{"count":1,"data":{"duration_ms":0,"created":1589810313943},"id":"ui.latency"}}
{"recorder_version":"31","session":"c099198d1cf7","build":"193.5662.53","bucket":"159","time":1589810414191,"group":{"id":"performance","version":"31"},"event":{"count":1,"data":{"duration_ms":0,"created":1589810414191},"id":"ui.latency"}}
{"recorder_version":"31","session":"c099198d1cf7","build":"193.5662.53","bucket":"159","time":1589810441066,"group":{"id":"lifecycle","version":"31"},"event":{"count":1,"data":{"created":1589810441066,"project":"d119a6d897fcb33934b9adf90ec59bc9e850f90f58367fa567dc99031a6fc921"},"id":"frame.activated"}}
{"recorder_version":"31","session":"c099198d1cf7","build":"193.5662.53","bucket":"159","time":1589810444741,"group":{"id":"lifecycle","version":"31"},"event":{"count":1,"data":{"created":1589810444741,"project":"d119a6d897fcb33934b9adf90ec59bc9e850f90f58367fa567dc99031a6fc921"},"id":"frame.deactivated"}}
{"recorder_version":"31","session":"c099198d1cf7","build":"193.5662.53","bucket":"159","time":1589810446729,"group":{"id":"lifecycle","version":"31"},"event":{"count":1,"data":{"created":1589810446729,"project":"d119a6d897fcb33934b9adf90ec59bc9e850f90f58367fa567dc99031a6fc921"},"id":"frame.activated"}}
