{"recorder_version":"31","session":"9fc358b9f8fb","build":"193.5662.53","bucket":"159","time":1590244118161,"group":{"id":"settings","version":"4"},"event":{"state":true,"data":{"component":"UISettings","created":1590244118552},"id":"invoked"}}
{"recorder_version":"31","session":"9fc358b9f8fb","build":"193.5662.53","bucket":"159","time":1590244118162,"group":{"id":"settings","version":"4"},"event":{"state":true,"data":{"component":"NotRoamableUiSettings","created":1590244118554},"id":"invoked"}}
{"recorder_version":"31","session":"9fc358b9f8fb","build":"193.5662.53","bucket":"159","time":1590244118170,"group":{"id":"system.java","version":"1"},"event":{"state":true,"data":{"created":1590244118568,"version":"validation.undefined_rule"},"id":"validation.undefined_rule"}}
{"recorder_version":"31","session":"9fc358b9f8fb","build":"193.5662.53","bucket":"159","time":1590244118170,"group":{"id":"system.java","version":"1"},"event":{"state":true,"data":{"created":1590244118569},"id":"invoked"}}
{"recorder_version":"31","session":"9fc358b9f8fb","build":"193.5662.53","bucket":"159","time":1590244118208,"group":{"id":"system.os","version":"3"},"event":{"state":true,"data":{"created":1590244118570,"version":"10.15"},"id":"Mac"}}
{"recorder_version":"31","session":"9fc358b9f8fb","build":"193.5662.53","bucket":"159","time":1590244118208,"group":{"id":"system.os","version":"3"},"event":{"state":true,"data":{"created":1590244118571,"name":"Mac","version":"10.15"},"id":"os.name"}}
{"recorder_version":"31","session":"9fc358b9f8fb","build":"193.5662.53","bucket":"159","time":1590244118208,"group":{"id":"system.os","version":"3"},"event":{"state":true,"data":{"created":1590244118571,"value":"+02_00"},"id":"os.timezone"}}
{"recorder_version":"31","session":"9fc358b9f8fb","build":"193.5662.53","bucket":"159","time":1590244118209,"group":{"id":"system.os","version":"3"},"event":{"state":true,"data":{"created":1590244118572},"id":"invoked"}}
{"recorder_version":"31","session":"9fc358b9f8fb","build":"193.5662.53","bucket":"159","time":1590244118429,"group":{"id":"settings","version":"4"},"event":{"state":true,"data":{"component":"UpdatesConfigurable","created":1590244118572,"name":"checkNeeded","type":"bool","value":false},"id":"not.default"}}
{"recorder_version":"31","session":"9fc358b9f8fb","build":"193.5662.53","bucket":"159","time":1590244118429,"group":{"id":"settings","version":"4"},"event":{"state":true,"data":{"component":"UpdatesConfigurable","created":1590244118572},"id":"invoked"}}
{"recorder_version":"31","session":"9fc358b9f8fb","build":"193.5662.53","bucket":"159","time":1590244118517,"group":{"id":"event.log","version":"31"},"event":{"count":1,"data":{"created":1590244118573,"version":"1268.0"},"id":"whitelist.loaded"}}
{"recorder_version":"31","session":"9fc358b9f8fb","build":"193.5662.53","bucket":"159","time":1590244118636,"group":{"id":"settings","version":"4"},"event":{"state":true,"data":{"component":"GeneralSettings","created":1590244118636,"name":"showTipsOnStartup","type":"bool","value":false},"id":"not.default"}}
{"recorder_version":"31","session":"9fc358b9f8fb","build":"193.5662.53","bucket":"159","time":1590244118643,"group":{"id":"settings","version":"4"},"event":{"state":true,"data":{"component":"GeneralSettings","created":1590244118643},"id":"invoked"}}
{"recorder_version":"31","session":"9fc358b9f8fb","build":"193.5662.53","bucket":"159","time":1590244118662,"group":{"id":"lifecycle","version":"31"},"event":{"count":1,"data":{"internal":true,"eap":false,"created":1590244118662},"id":"ide.start"}}
{"recorder_version":"31","session":"9fc358b9f8fb","build":"193.5662.53","bucket":"159","time":1590244118751,"group":{"id":"settings","version":"4"},"event":{"state":true,"data":{"component":"XmlEditorOptions","created":1590244118751},"id":"invoked"}}
{"recorder_version":"31","session":"9fc358b9f8fb","build":"193.5662.53","bucket":"159","time":1590244119668,"group":{"id":"settings","version":"4"},"event":{"state":true,"data":{"component":"VcsApplicationSettings","created":1590244119668},"id":"invoked"}}
{"recorder_version":"31","session":"9fc358b9f8fb","build":"193.5662.53","bucket":"159","time":1590244119668,"group":{"id":"lifecycle","version":"31"},"event":{"count":1,"data":{"created":1590244119668},"id":"frame.activated"}}
{"recorder_version":"31","session":"9fc358b9f8fb","build":"193.5662.53","bucket":"159","time":1590244119751,"group":{"id":"performance","version":"31"},"event":{"count":1,"data":{"duration_ms":697,"created":1590244119751},"id":"ui.latency"}}
{"recorder_version":"31","session":"9fc358b9f8fb","build":"193.5662.53","bucket":"159","time":1590244119751,"group":{"id":"performance","version":"31"},"event":{"count":1,"data":{"duration_ms":697,"created":1590244119752},"id":"ui.lagging"}}
{"recorder_version":"31","session":"9fc358b9f8fb","build":"193.5662.53","bucket":"159","time":1590244119934,"group":{"id":"ui.dialogs","version":"31"},"event":{"count":1,"data":{"created":1590244119934,"plugin_type":"PLATFORM","dialog_class":"com.intellij.openapi.progress.util.ProgressDialog$MyDialogWrapper"},"id":"show"}}
{"recorder_version":"31","session":"9fc358b9f8fb","build":"193.5662.53","bucket":"159","time":1590244121708,"group":{"id":"lifecycle","version":"31"},"event":{"count":1,"data":{"created":1590244121708,"project":"d119a6d897fcb33934b9adf90ec59bc9e850f90f58367fa567dc99031a6fc921"},"id":"project.opened"}}
{"recorder_version":"31","session":"9fc358b9f8fb","build":"193.5662.53","bucket":"159","time":1590244122317,"group":{"id":"performance","version":"31"},"event":{"count":1,"data":{"duration_ms":266,"created":1590244122317},"id":"ui.lagging"}}
{"recorder_version":"31","session":"9fc358b9f8fb","build":"193.5662.53","bucket":"159","time":1590244122339,"group":{"id":"toolwindow","version":"31"},"event":{"count":1,"data":{"created":1590244122339,"plugin_type":"PLATFORM","id":"Event_Log"},"id":"activated"}}
{"recorder_version":"31","session":"9fc358b9f8fb","build":"193.5662.53","bucket":"159","time":1590244123253,"group":{"id":"performance","version":"31"},"event":{"count":1,"data":{"duration_ms":197,"created":1590244123253},"id":"ui.lagging"}}
{"recorder_version":"31","session":"9fc358b9f8fb","build":"193.5662.53","bucket":"159","time":1590244124509,"group":{"id":"indexing","version":"2"},"event":{"count":1,"data":{"ide_activity_id":1,"created":1590244124509,"project":"d119a6d897fcb33934b9adf90ec59bc9e850f90f58367fa567dc99031a6fc921"},"id":"started"}}
{"recorder_version":"31","session":"9fc358b9f8fb","build":"193.5662.53","bucket":"159","time":1590244124510,"group":{"id":"project.fs","version":"1"},"event":{"state":true,"data":{"os":"Mac","cs-project":false,"created":1590244124510,"project":"d119a6d897fcb33934b9adf90ec59bc9e850f90f58367fa567dc99031a6fc921","cs-implicit":true,"cs-system":false},"id":"case-sensitivity"}}
{"recorder_version":"31","session":"9fc358b9f8fb","build":"193.5662.53","bucket":"159","time":1590244124510,"group":{"id":"project.fs","version":"1"},"event":{"state":true,"data":{"created":1590244124511},"id":"invoked"}}
{"recorder_version":"31","session":"9fc358b9f8fb","build":"193.5662.53","bucket":"159","time":1590244124511,"group":{"id":"project.fs","version":"1"},"event":{"state":true,"data":{"pct-non-watched":0,"created":1590244124511,"project":"d119a6d897fcb33934b9adf90ec59bc9e850f90f58367fa567dc99031a6fc921"},"id":"roots-watched"}}
{"recorder_version":"31","session":"9fc358b9f8fb","build":"193.5662.53","bucket":"159","time":1590244124511,"group":{"id":"project.fs","version":"1"},"event":{"state":true,"data":{"created":1590244124511},"id":"invoked"}}
{"recorder_version":"31","session":"9fc358b9f8fb","build":"193.5662.53","bucket":"159","time":1590244124591,"group":{"id":"indexing","version":"2"},"event":{"count":1,"data":{"ide_activity_id":1,"stage_class":"com.intellij.util.indexing.UnindexedFilesUpdater","created":1590244124592,"plugin_type":"PLATFORM"},"id":"stage"}}
{"recorder_version":"31","session":"9fc358b9f8fb","build":"193.5662.53","bucket":"159","time":1590244124597,"group":{"id":"ui.dialogs","version":"31"},"event":{"count":1,"data":{"code":1,"created":1590244124598,"plugin_type":"PLATFORM","dialog_class":"com.intellij.openapi.progress.util.ProgressDialog$MyDialogWrapper"},"id":"close"}}
{"recorder_version":"31","session":"9fc358b9f8fb","build":"193.5662.53","bucket":"159","time":1590244124905,"group":{"id":"lifecycle","version":"31"},"event":{"count":1,"data":{"duration_ms":6095,"created":1590244124905,"project":"d119a6d897fcb33934b9adf90ec59bc9e850f90f58367fa567dc99031a6fc921"},"id":"project.opening.finished"}}
{"recorder_version":"31","session":"9fc358b9f8fb","build":"193.5662.53","bucket":"159","time":1590244127202,"group":{"id":"indexing","version":"2"},"event":{"count":1,"data":{"duration_ms":2693,"ide_activity_id":1,"created":1590244127203},"id":"finished"}}
{"recorder_version":"31","session":"9fc358b9f8fb","build":"193.5662.53","bucket":"159","time":1590244127308,"group":{"id":"indexing","version":"2"},"event":{"count":1,"data":{"ide_activity_id":2,"created":1590244127309,"project":"d119a6d897fcb33934b9adf90ec59bc9e850f90f58367fa567dc99031a6fc921"},"id":"started"}}
{"recorder_version":"31","session":"9fc358b9f8fb","build":"193.5662.53","bucket":"159","time":1590244127333,"group":{"id":"indexing","version":"2"},"event":{"count":1,"data":{"ide_activity_id":2,"plugin":"org.jetbrains.android","stage_class":"com.android.tools.idea.res.ResourceFolderRepositoryFileCacheImpl$PruneTask","created":1590244127334,"plugin_type":"JB_BUNDLED"},"id":"stage"}}
{"recorder_version":"31","session":"9fc358b9f8fb","build":"193.5662.53","bucket":"159","time":1590244127375,"group":{"id":"indexing","version":"2"},"event":{"count":1,"data":{"ide_activity_id":2,"plugin":"org.jetbrains.android","stage_class":"com.android.tools.idea.res.ResourceFolderRepositoryFileCacheImpl$ManageLruProjectFilesTask","created":1590244127375,"plugin_type":"JB_BUNDLED"},"id":"stage"}}
{"recorder_version":"31","session":"9fc358b9f8fb","build":"193.5662.53","bucket":"159","time":1590244127405,"group":{"id":"indexing","version":"2"},"event":{"count":1,"data":{"duration_ms":97,"ide_activity_id":2,"created":1590244127405},"id":"finished"}}
{"recorder_version":"31","session":"9fc358b9f8fb","build":"193.5662.53","bucket":"159","time":1590244127421,"group":{"id":"indexing","version":"2"},"event":{"count":1,"data":{"ide_activity_id":3,"created":1590244127421,"project":"d119a6d897fcb33934b9adf90ec59bc9e850f90f58367fa567dc99031a6fc921"},"id":"started"}}
{"recorder_version":"31","session":"9fc358b9f8fb","build":"193.5662.53","bucket":"159","time":1590244127424,"group":{"id":"indexing","version":"2"},"event":{"count":1,"data":{"ide_activity_id":3,"plugin":"org.jetbrains.android","stage_class":"com.android.tools.idea.res.ResourceFolderRegistry$PopulateCachesTask","created":1590244127425,"plugin_type":"JB_BUNDLED"},"id":"stage"}}
{"recorder_version":"31","session":"9fc358b9f8fb","build":"193.5662.53","bucket":"159","time":1590244127428,"group":{"id":"indexing","version":"2"},"event":{"count":1,"data":{"duration_ms":7,"ide_activity_id":3,"created":1590244127429},"id":"finished"}}
{"recorder_version":"31","session":"9fc358b9f8fb","build":"193.5662.53","bucket":"159","time":1590244129602,"group":{"id":"startup","version":"1"},"event":{"count":1,"data":{"duration":2021,"created":1590244129602},"id":"appInit"}}
{"recorder_version":"31","session":"9fc358b9f8fb","build":"193.5662.53","bucket":"159","time":1590244129602,"group":{"id":"startup","version":"1"},"event":{"count":1,"data":{"duration":390,"created":1590244129602},"id":"splash"}}
{"recorder_version":"31","session":"9fc358b9f8fb","build":"193.5662.53","bucket":"159","time":1590244129602,"group":{"id":"startup","version":"1"},"event":{"count":1,"data":{"duration":368,"created":1590244129603},"id":"bootstrap"}}
{"recorder_version":"31","session":"9fc358b9f8fb","build":"193.5662.53","bucket":"159","time":1590244129602,"group":{"id":"startup","version":"1"},"event":{"count":1,"data":{"duration":9489,"created":1590244129603},"id":"totalDuration"}}
{"recorder_version":"31","session":"9fc358b9f8fb","build":"193.5662.53","bucket":"159","time":1590244129837,"group":{"id":"actions","version":"31"},"event":{"count":1,"data":{"context_menu":true,"action_id":"third.party","created":1590244129838,"plugin_type":"NOT_LISTED","project":"d119a6d897fcb33934b9adf90ec59bc9e850f90f58367fa567dc99031a6fc921","place":"MainMenu","class":"third.party","input_event":"NoMouseButton"},"id":"action.invoked"}}
{"recorder_version":"31","session":"9fc358b9f8fb","build":"193.5662.53","bucket":"159","time":1590244131272,"group":{"id":"ui.dialogs","version":"31"},"event":{"count":1,"data":{"created":1590244131272,"plugin_type":"NOT_LISTED","dialog_class":"third.party"},"id":"show"}}
