{"recorder_version":"31","session":"4eaa78a6b8c4","build":"193.5662.53","bucket":"159","time":1590251008979,"group":{"id":"settings","version":"4"},"event":{"state":true,"data":{"component":"NotRoamableUiSettings","created":1590251009423},"id":"invoked"}}
{"recorder_version":"31","session":"4eaa78a6b8c4","build":"193.5662.53","bucket":"159","time":1590251008981,"group":{"id":"settings","version":"4"},"event":{"state":true,"data":{"component":"UISettings","created":1590251009427},"id":"invoked"}}
{"recorder_version":"31","session":"4eaa78a6b8c4","build":"193.5662.53","bucket":"159","time":1590251008988,"group":{"id":"system.java","version":"1"},"event":{"state":true,"data":{"created":1590251009437,"version":"validation.undefined_rule"},"id":"validation.undefined_rule"}}
{"recorder_version":"31","session":"4eaa78a6b8c4","build":"193.5662.53","bucket":"159","time":1590251008988,"group":{"id":"system.java","version":"1"},"event":{"state":true,"data":{"created":1590251009438},"id":"invoked"}}
{"recorder_version":"31","session":"4eaa78a6b8c4","build":"193.5662.53","bucket":"159","time":1590251009020,"group":{"id":"system.os","version":"3"},"event":{"state":true,"data":{"created":1590251009438,"version":"10.15"},"id":"Mac"}}
{"recorder_version":"31","session":"4eaa78a6b8c4","build":"193.5662.53","bucket":"159","time":1590251009020,"group":{"id":"system.os","version":"3"},"event":{"state":true,"data":{"created":1590251009439,"name":"Mac","version":"10.15"},"id":"os.name"}}
{"recorder_version":"31","session":"4eaa78a6b8c4","build":"193.5662.53","bucket":"159","time":1590251009020,"group":{"id":"system.os","version":"3"},"event":{"state":true,"data":{"created":1590251009439,"value":"+02_00"},"id":"os.timezone"}}
{"recorder_version":"31","session":"4eaa78a6b8c4","build":"193.5662.53","bucket":"159","time":1590251009020,"group":{"id":"system.os","version":"3"},"event":{"state":true,"data":{"created":1590251009440},"id":"invoked"}}
{"recorder_version":"31","session":"4eaa78a6b8c4","build":"193.5662.53","bucket":"159","time":1590251009276,"group":{"id":"settings","version":"4"},"event":{"state":true,"data":{"component":"UpdatesConfigurable","created":1590251009441,"name":"checkNeeded","type":"bool","value":false},"id":"not.default"}}
{"recorder_version":"31","session":"4eaa78a6b8c4","build":"193.5662.53","bucket":"159","time":1590251009276,"group":{"id":"settings","version":"4"},"event":{"state":true,"data":{"component":"UpdatesConfigurable","created":1590251009441},"id":"invoked"}}
{"recorder_version":"31","session":"4eaa78a6b8c4","build":"193.5662.53","bucket":"159","time":1590251009394,"group":{"id":"event.log","version":"31"},"event":{"count":1,"data":{"created":1590251009441,"version":"1268.0"},"id":"whitelist.loaded"}}
{"recorder_version":"31","session":"4eaa78a6b8c4","build":"193.5662.53","bucket":"159","time":1590251009516,"group":{"id":"settings","version":"4"},"event":{"state":true,"data":{"component":"GeneralSettings","created":1590251009518,"name":"showTipsOnStartup","type":"bool","value":false},"id":"not.default"}}
{"recorder_version":"31","session":"4eaa78a6b8c4","build":"193.5662.53","bucket":"159","time":1590251009516,"group":{"id":"settings","version":"4"},"event":{"state":true,"data":{"component":"GeneralSettings","created":1590251009524},"id":"invoked"}}
{"recorder_version":"31","session":"4eaa78a6b8c4","build":"193.5662.53","bucket":"159","time":1590251009542,"group":{"id":"lifecycle","version":"31"},"event":{"count":1,"data":{"internal":true,"eap":false,"created":1590251009542},"id":"ide.start"}}
{"recorder_version":"31","session":"4eaa78a6b8c4","build":"193.5662.53","bucket":"159","time":1590251009640,"group":{"id":"settings","version":"4"},"event":{"state":true,"data":{"component":"XmlEditorOptions","created":1590251009640},"id":"invoked"}}
{"recorder_version":"31","session":"4eaa78a6b8c4","build":"193.5662.53","bucket":"159","time":1590251010523,"group":{"id":"lifecycle","version":"31"},"event":{"count":1,"data":{"created":1590251010523},"id":"frame.activated"}}
{"recorder_version":"31","session":"4eaa78a6b8c4","build":"193.5662.53","bucket":"159","time":1590251010523,"group":{"id":"settings","version":"4"},"event":{"state":true,"data":{"component":"VcsApplicationSettings","created":1590251010523},"id":"invoked"}}
{"recorder_version":"31","session":"4eaa78a6b8c4","build":"193.5662.53","bucket":"159","time":1590251010558,"group":{"id":"performance","version":"31"},"event":{"count":1,"data":{"duration_ms":735,"created":1590251010558},"id":"ui.latency"}}
{"recorder_version":"31","session":"4eaa78a6b8c4","build":"193.5662.53","bucket":"159","time":1590251010558,"group":{"id":"performance","version":"31"},"event":{"count":1,"data":{"duration_ms":735,"created":1590251010559},"id":"ui.lagging"}}
{"recorder_version":"31","session":"4eaa78a6b8c4","build":"193.5662.53","bucket":"159","time":1590251010675,"group":{"id":"ui.dialogs","version":"31"},"event":{"count":1,"data":{"created":1590251010676,"plugin_type":"PLATFORM","dialog_class":"com.intellij.openapi.progress.util.ProgressDialog$MyDialogWrapper"},"id":"show"}}
{"recorder_version":"31","session":"4eaa78a6b8c4","build":"193.5662.53","bucket":"159","time":1590251012572,"group":{"id":"lifecycle","version":"31"},"event":{"count":1,"data":{"created":1590251012572,"project":"d119a6d897fcb33934b9adf90ec59bc9e850f90f58367fa567dc99031a6fc921"},"id":"project.opened"}}
{"recorder_version":"31","session":"4eaa78a6b8c4","build":"193.5662.53","bucket":"159","time":1590251013212,"group":{"id":"performance","version":"31"},"event":{"count":1,"data":{"duration_ms":392,"created":1590251013212},"id":"ui.lagging"}}
{"recorder_version":"31","session":"4eaa78a6b8c4","build":"193.5662.53","bucket":"159","time":1590251013231,"group":{"id":"toolwindow","version":"31"},"event":{"count":1,"data":{"created":1590251013232,"plugin_type":"PLATFORM","id":"Event_Log"},"id":"activated"}}
{"recorder_version":"31","session":"4eaa78a6b8c4","build":"193.5662.53","bucket":"159","time":1590251014252,"group":{"id":"performance","version":"31"},"event":{"count":1,"data":{"duration_ms":427,"created":1590251014252},"id":"ui.lagging"}}
{"recorder_version":"31","session":"4eaa78a6b8c4","build":"193.5662.53","bucket":"159","time":1590251015481,"group":{"id":"indexing","version":"2"},"event":{"count":1,"data":{"ide_activity_id":1,"created":1590251015482,"project":"d119a6d897fcb33934b9adf90ec59bc9e850f90f58367fa567dc99031a6fc921"},"id":"started"}}
{"recorder_version":"31","session":"4eaa78a6b8c4","build":"193.5662.53","bucket":"159","time":1590251015487,"group":{"id":"project.fs","version":"1"},"event":{"state":true,"data":{"os":"Mac","cs-project":false,"created":1590251015488,"project":"d119a6d897fcb33934b9adf90ec59bc9e850f90f58367fa567dc99031a6fc921","cs-implicit":true,"cs-system":false},"id":"case-sensitivity"}}
{"recorder_version":"31","session":"4eaa78a6b8c4","build":"193.5662.53","bucket":"159","time":1590251015487,"group":{"id":"project.fs","version":"1"},"event":{"state":true,"data":{"created":1590251015488},"id":"invoked"}}
{"recorder_version":"31","session":"4eaa78a6b8c4","build":"193.5662.53","bucket":"159","time":1590251015488,"group":{"id":"project.fs","version":"1"},"event":{"state":true,"data":{"pct-non-watched":0,"created":1590251015489,"project":"d119a6d897fcb33934b9adf90ec59bc9e850f90f58367fa567dc99031a6fc921"},"id":"roots-watched"}}
{"recorder_version":"31","session":"4eaa78a6b8c4","build":"193.5662.53","bucket":"159","time":1590251015488,"group":{"id":"project.fs","version":"1"},"event":{"state":true,"data":{"created":1590251015489},"id":"invoked"}}
{"recorder_version":"31","session":"4eaa78a6b8c4","build":"193.5662.53","bucket":"159","time":1590251015580,"group":{"id":"indexing","version":"2"},"event":{"count":1,"data":{"ide_activity_id":1,"stage_class":"com.intellij.util.indexing.UnindexedFilesUpdater","created":1590251015581,"plugin_type":"PLATFORM"},"id":"stage"}}
{"recorder_version":"31","session":"4eaa78a6b8c4","build":"193.5662.53","bucket":"159","time":1590251015582,"group":{"id":"ui.dialogs","version":"31"},"event":{"count":1,"data":{"code":1,"created":1590251015584,"plugin_type":"PLATFORM","dialog_class":"com.intellij.openapi.progress.util.ProgressDialog$MyDialogWrapper"},"id":"close"}}
{"recorder_version":"31","session":"4eaa78a6b8c4","build":"193.5662.53","bucket":"159","time":1590251015894,"group":{"id":"lifecycle","version":"31"},"event":{"count":1,"data":{"duration_ms":6235,"created":1590251015894,"project":"d119a6d897fcb33934b9adf90ec59bc9e850f90f58367fa567dc99031a6fc921"},"id":"project.opening.finished"}}
{"recorder_version":"31","session":"4eaa78a6b8c4","build":"193.5662.53","bucket":"159","time":1590251018499,"group":{"id":"indexing","version":"2"},"event":{"count":1,"data":{"duration_ms":3018,"ide_activity_id":1,"created":1590251018500},"id":"finished"}}
{"recorder_version":"31","session":"4eaa78a6b8c4","build":"193.5662.53","bucket":"159","time":1590251018612,"group":{"id":"indexing","version":"2"},"event":{"count":1,"data":{"ide_activity_id":2,"created":1590251018613,"project":"d119a6d897fcb33934b9adf90ec59bc9e850f90f58367fa567dc99031a6fc921"},"id":"started"}}
{"recorder_version":"31","session":"4eaa78a6b8c4","build":"193.5662.53","bucket":"159","time":1590251018633,"group":{"id":"indexing","version":"2"},"event":{"count":1,"data":{"ide_activity_id":2,"plugin":"org.jetbrains.android","stage_class":"com.android.tools.idea.res.ResourceFolderRepositoryFileCacheImpl$PruneTask","created":1590251018633,"plugin_type":"JB_BUNDLED"},"id":"stage"}}
{"recorder_version":"31","session":"4eaa78a6b8c4","build":"193.5662.53","bucket":"159","time":1590251018665,"group":{"id":"indexing","version":"2"},"event":{"count":1,"data":{"ide_activity_id":2,"plugin":"org.jetbrains.android","stage_class":"com.android.tools.idea.res.ResourceFolderRepositoryFileCacheImpl$ManageLruProjectFilesTask","created":1590251018665,"plugin_type":"JB_BUNDLED"},"id":"stage"}}
{"recorder_version":"31","session":"4eaa78a6b8c4","build":"193.5662.53","bucket":"159","time":1590251018696,"group":{"id":"indexing","version":"2"},"event":{"count":1,"data":{"duration_ms":84,"ide_activity_id":2,"created":1590251018696},"id":"finished"}}
{"recorder_version":"31","session":"4eaa78a6b8c4","build":"193.5662.53","bucket":"159","time":1590251018710,"group":{"id":"indexing","version":"2"},"event":{"count":1,"data":{"ide_activity_id":3,"created":1590251018710,"project":"d119a6d897fcb33934b9adf90ec59bc9e850f90f58367fa567dc99031a6fc921"},"id":"started"}}
{"recorder_version":"31","session":"4eaa78a6b8c4","build":"193.5662.53","bucket":"159","time":1590251018712,"group":{"id":"indexing","version":"2"},"event":{"count":1,"data":{"ide_activity_id":3,"plugin":"org.jetbrains.android","stage_class":"com.android.tools.idea.res.ResourceFolderRegistry$PopulateCachesTask","created":1590251018713,"plugin_type":"JB_BUNDLED"},"id":"stage"}}
{"recorder_version":"31","session":"4eaa78a6b8c4","build":"193.5662.53","bucket":"159","time":1590251018716,"group":{"id":"indexing","version":"2"},"event":{"count":1,"data":{"duration_ms":6,"ide_activity_id":3,"created":1590251018717},"id":"finished"}}
{"recorder_version":"31","session":"4eaa78a6b8c4","build":"193.5662.53","bucket":"159","time":1590251019214,"group":{"id":"performance","version":"31"},"event":{"count":1,"data":{"duration_ms":382,"created":1590251019214},"id":"ui.lagging"}}
{"recorder_version":"31","session":"4eaa78a6b8c4","build":"193.5662.53","bucket":"159","time":1590251020425,"group":{"id":"actions","version":"31"},"event":{"count":1,"data":{"context_menu":true,"action_id":"third.party","created":1590251020425,"plugin_type":"NOT_LISTED","project":"d119a6d897fcb33934b9adf90ec59bc9e850f90f58367fa567dc99031a6fc921","place":"MainMenu","class":"third.party","input_event":"NoMouseButton"},"id":"action.invoked"}}
{"recorder_version":"31","session":"4eaa78a6b8c4","build":"193.5662.53","bucket":"159","time":1590251020607,"group":{"id":"startup","version":"1"},"event":{"count":1,"data":{"duration":2160,"created":1590251020608},"id":"appInit"}}
{"recorder_version":"31","session":"4eaa78a6b8c4","build":"193.5662.53","bucket":"159","time":1590251020607,"group":{"id":"startup","version":"1"},"event":{"count":1,"data":{"duration":436,"created":1590251020608},"id":"splash"}}
{"recorder_version":"31","session":"4eaa78a6b8c4","build":"193.5662.53","bucket":"159","time":1590251020607,"group":{"id":"startup","version":"1"},"event":{"count":1,"data":{"duration":430,"created":1590251020608},"id":"bootstrap"}}
{"recorder_version":"31","session":"4eaa78a6b8c4","build":"193.5662.53","bucket":"159","time":1590251020607,"group":{"id":"startup","version":"1"},"event":{"count":1,"data":{"duration":9710,"created":1590251020609},"id":"totalDuration"}}
{"recorder_version":"31","session":"4eaa78a6b8c4","build":"193.5662.53","bucket":"159","time":1590251020985,"group":{"id":"performance","version":"31"},"event":{"count":1,"data":{"duration_ms":147,"created":1590251020985},"id":"ui.lagging"}}
{"recorder_version":"31","session":"4eaa78a6b8c4","build":"193.5662.53","bucket":"159","time":1590251021735,"group":{"id":"ui.dialogs","version":"31"},"event":{"count":1,"data":{"created":1590251021736,"plugin_type":"NOT_LISTED","dialog_class":"third.party"},"id":"show"}}
{"recorder_version":"31","session":"4eaa78a6b8c4","build":"193.5662.53","bucket":"159","time":1590251026351,"group":{"id":"ui.dialogs","version":"31"},"event":{"count":1,"data":{"code":1,"created":1590251026351,"plugin_type":"NOT_LISTED","dialog_class":"third.party"},"id":"close"}}
{"recorder_version":"31","session":"4eaa78a6b8c4","build":"193.5662.53","bucket":"159","time":1590251027776,"group":{"id":"lifecycle","version":"31"},"event":{"count":1,"data":{"created":1590251027776,"project":"d119a6d897fcb33934b9adf90ec59bc9e850f90f58367fa567dc99031a6fc921"},"id":"frame.deactivated"}}
{"recorder_version":"31","session":"4eaa78a6b8c4","build":"193.5662.53","bucket":"159","time":1590251111046,"group":{"id":"performance","version":"31"},"event":{"count":1,"data":{"duration_ms":0,"created":1590251111047},"id":"ui.latency"}}
