{"recorder_version":"31","session":"e797125e6156","build":"193.5662.53","bucket":"159","time":1590251838791,"group":{"id":"settings","version":"4"},"event":{"state":true,"data":{"component":"UISettings","created":1590251839328},"id":"invoked"}}
{"recorder_version":"31","session":"e797125e6156","build":"193.5662.53","bucket":"159","time":1590251838791,"group":{"id":"settings","version":"4"},"event":{"state":true,"data":{"component":"NotRoamableUiSettings","created":1590251839341},"id":"invoked"}}
{"recorder_version":"31","session":"e797125e6156","build":"193.5662.53","bucket":"159","time":1590251838801,"group":{"id":"system.java","version":"1"},"event":{"state":true,"data":{"created":1590251839362,"version":"validation.undefined_rule"},"id":"validation.undefined_rule"}}
{"recorder_version":"31","session":"e797125e6156","build":"193.5662.53","bucket":"159","time":1590251838801,"group":{"id":"system.java","version":"1"},"event":{"state":true,"data":{"created":1590251839362},"id":"invoked"}}
{"recorder_version":"31","session":"e797125e6156","build":"193.5662.53","bucket":"159","time":1590251838849,"group":{"id":"system.os","version":"3"},"event":{"state":true,"data":{"created":1590251839364,"version":"10.15"},"id":"Mac"}}
{"recorder_version":"31","session":"e797125e6156","build":"193.5662.53","bucket":"159","time":1590251838849,"group":{"id":"system.os","version":"3"},"event":{"state":true,"data":{"created":1590251839364,"name":"Mac","version":"10.15"},"id":"os.name"}}
{"recorder_version":"31","session":"e797125e6156","build":"193.5662.53","bucket":"159","time":1590251838849,"group":{"id":"system.os","version":"3"},"event":{"state":true,"data":{"created":1590251839365,"value":"+02_00"},"id":"os.timezone"}}
{"recorder_version":"31","session":"e797125e6156","build":"193.5662.53","bucket":"159","time":1590251838849,"group":{"id":"system.os","version":"3"},"event":{"state":true,"data":{"created":1590251839366},"id":"invoked"}}
{"recorder_version":"31","session":"e797125e6156","build":"193.5662.53","bucket":"159","time":1590251839140,"group":{"id":"settings","version":"4"},"event":{"state":true,"data":{"component":"UpdatesConfigurable","created":1590251839367,"name":"checkNeeded","type":"bool","value":false},"id":"not.default"}}
{"recorder_version":"31","session":"e797125e6156","build":"193.5662.53","bucket":"159","time":1590251839141,"group":{"id":"settings","version":"4"},"event":{"state":true,"data":{"component":"UpdatesConfigurable","created":1590251839368},"id":"invoked"}}
{"recorder_version":"31","session":"e797125e6156","build":"193.5662.53","bucket":"159","time":1590251839274,"group":{"id":"event.log","version":"31"},"event":{"count":1,"data":{"created":1590251839368,"version":"1268.0"},"id":"whitelist.loaded"}}
{"recorder_version":"31","session":"e797125e6156","build":"193.5662.53","bucket":"159","time":1590251839485,"group":{"id":"settings","version":"4"},"event":{"state":true,"data":{"component":"GeneralSettings","created":1590251839485,"name":"showTipsOnStartup","type":"bool","value":false},"id":"not.default"}}
{"recorder_version":"31","session":"e797125e6156","build":"193.5662.53","bucket":"159","time":1590251839485,"group":{"id":"settings","version":"4"},"event":{"state":true,"data":{"component":"GeneralSettings","created":1590251839486},"id":"invoked"}}
{"recorder_version":"31","session":"e797125e6156","build":"193.5662.53","bucket":"159","time":1590251839515,"group":{"id":"lifecycle","version":"31"},"event":{"count":1,"data":{"internal":true,"eap":false,"created":1590251839516},"id":"ide.start"}}
{"recorder_version":"31","session":"e797125e6156","build":"193.5662.53","bucket":"159","time":1590251839723,"group":{"id":"settings","version":"4"},"event":{"state":true,"data":{"component":"XmlEditorOptions","created":1590251839723},"id":"invoked"}}
{"recorder_version":"31","session":"e797125e6156","build":"193.5662.53","bucket":"159","time":1590251839757,"group":{"id":"performance","version":"31"},"event":{"count":1,"data":{"duration_ms":102,"created":1590251839757},"id":"ui.latency"}}
{"recorder_version":"31","session":"e797125e6156","build":"193.5662.53","bucket":"159","time":1590251839757,"group":{"id":"performance","version":"31"},"event":{"count":1,"data":{"duration_ms":102,"created":1590251839758},"id":"ui.lagging"}}
{"recorder_version":"31","session":"e797125e6156","build":"193.5662.53","bucket":"159","time":1590251840992,"group":{"id":"performance","version":"31"},"event":{"count":1,"data":{"duration_ms":342,"created":1590251840993},"id":"ui.lagging"}}
{"recorder_version":"31","session":"e797125e6156","build":"193.5662.53","bucket":"159","time":1590251841159,"group":{"id":"ui.dialogs","version":"31"},"event":{"count":1,"data":{"created":1590251841160,"plugin_type":"PLATFORM","dialog_class":"com.intellij.openapi.progress.util.ProgressDialog$MyDialogWrapper"},"id":"show"}}
{"recorder_version":"31","session":"e797125e6156","build":"193.5662.53","bucket":"159","time":1590251841247,"group":{"id":"settings","version":"4"},"event":{"state":true,"data":{"component":"VcsApplicationSettings","created":1590251841247},"id":"invoked"}}
{"recorder_version":"31","session":"e797125e6156","build":"193.5662.53","bucket":"159","time":1590251843427,"group":{"id":"lifecycle","version":"31"},"event":{"count":1,"data":{"created":1590251843427,"project":"d119a6d897fcb33934b9adf90ec59bc9e850f90f58367fa567dc99031a6fc921"},"id":"project.opened"}}
{"recorder_version":"31","session":"e797125e6156","build":"193.5662.53","bucket":"159","time":1590251844340,"group":{"id":"performance","version":"31"},"event":{"count":1,"data":{"duration_ms":687,"created":1590251844340},"id":"ui.lagging"}}
{"recorder_version":"31","session":"e797125e6156","build":"193.5662.53","bucket":"159","time":1590251844375,"group":{"id":"toolwindow","version":"31"},"event":{"count":1,"data":{"created":1590251844375,"plugin_type":"PLATFORM","id":"Event_Log"},"id":"activated"}}
{"recorder_version":"31","session":"e797125e6156","build":"193.5662.53","bucket":"159","time":1590251845843,"group":{"id":"performance","version":"31"},"event":{"count":1,"data":{"duration_ms":1187,"created":1590251845843},"id":"ui.lagging"}}
{"recorder_version":"31","session":"e797125e6156","build":"193.5662.53","bucket":"159","time":1590251845859,"group":{"id":"performance","version":"31"},"event":{"count":1,"data":{"duration_ms":201,"created":1590251845859},"id":"ui.lagging"}}
{"recorder_version":"31","session":"e797125e6156","build":"193.5662.53","bucket":"159","time":1590251846843,"group":{"id":"lifecycle","version":"31"},"event":{"count":1,"data":{"created":1590251846843,"project":"d119a6d897fcb33934b9adf90ec59bc9e850f90f58367fa567dc99031a6fc921"},"id":"frame.activated"}}
{"recorder_version":"31","session":"e797125e6156","build":"193.5662.53","bucket":"159","time":1590251846898,"group":{"id":"performance","version":"31"},"event":{"count":1,"data":{"duration_ms":239,"created":1590251846898},"id":"ui.lagging"}}
{"recorder_version":"31","session":"e797125e6156","build":"193.5662.53","bucket":"159","time":1590251847867,"group":{"id":"project.fs","version":"1"},"event":{"state":true,"data":{"os":"Mac","cs-project":false,"created":1590251847868,"project":"d119a6d897fcb33934b9adf90ec59bc9e850f90f58367fa567dc99031a6fc921","cs-implicit":true,"cs-system":false},"id":"case-sensitivity"}}
{"recorder_version":"31","session":"e797125e6156","build":"193.5662.53","bucket":"159","time":1590251847867,"group":{"id":"project.fs","version":"1"},"event":{"state":true,"data":{"created":1590251847869},"id":"invoked"}}
{"recorder_version":"31","session":"e797125e6156","build":"193.5662.53","bucket":"159","time":1590251847869,"group":{"id":"project.fs","version":"1"},"event":{"state":true,"data":{"pct-non-watched":0,"created":1590251847870,"project":"d119a6d897fcb33934b9adf90ec59bc9e850f90f58367fa567dc99031a6fc921"},"id":"roots-watched"}}
{"recorder_version":"31","session":"e797125e6156","build":"193.5662.53","bucket":"159","time":1590251847869,"group":{"id":"project.fs","version":"1"},"event":{"state":true,"data":{"created":1590251847870},"id":"invoked"}}
{"recorder_version":"31","session":"e797125e6156","build":"193.5662.53","bucket":"159","time":1590251848412,"group":{"id":"ui.dialogs","version":"31"},"event":{"count":1,"data":{"code":1,"created":1590251848412,"plugin_type":"PLATFORM","dialog_class":"com.intellij.openapi.progress.util.ProgressDialog$MyDialogWrapper"},"id":"close"}}
{"recorder_version":"31","session":"e797125e6156","build":"193.5662.53","bucket":"159","time":1590251848698,"group":{"id":"indexing","version":"2"},"event":{"count":1,"data":{"ide_activity_id":1,"created":1590251848698,"project":"d119a6d897fcb33934b9adf90ec59bc9e850f90f58367fa567dc99031a6fc921"},"id":"started"}}
{"recorder_version":"31","session":"e797125e6156","build":"193.5662.53","bucket":"159","time":1590251848796,"group":{"id":"indexing","version":"2"},"event":{"count":1,"data":{"ide_activity_id":1,"stage_class":"com.intellij.util.indexing.UnindexedFilesUpdater","created":1590251848797,"plugin_type":"PLATFORM"},"id":"stage"}}
{"recorder_version":"31","session":"e797125e6156","build":"193.5662.53","bucket":"159","time":1590251848823,"group":{"id":"lifecycle","version":"31"},"event":{"count":1,"data":{"duration_ms":9024,"created":1590251848823,"project":"d119a6d897fcb33934b9adf90ec59bc9e850f90f58367fa567dc99031a6fc921"},"id":"project.opening.finished"}}
{"recorder_version":"31","session":"e797125e6156","build":"193.5662.53","bucket":"159","time":1590251853430,"group":{"id":"startup","version":"1"},"event":{"count":1,"data":{"duration":2516,"created":1590251853430},"id":"appInit"}}
{"recorder_version":"31","session":"e797125e6156","build":"193.5662.53","bucket":"159","time":1590251853430,"group":{"id":"startup","version":"1"},"event":{"count":1,"data":{"duration":373,"created":1590251853432},"id":"splash"}}
{"recorder_version":"31","session":"e797125e6156","build":"193.5662.53","bucket":"159","time":1590251853430,"group":{"id":"startup","version":"1"},"event":{"count":1,"data":{"duration":347,"created":1590251853432},"id":"bootstrap"}}
{"recorder_version":"31","session":"e797125e6156","build":"193.5662.53","bucket":"159","time":1590251853430,"group":{"id":"startup","version":"1"},"event":{"count":1,"data":{"duration":12484,"created":1590251853433},"id":"totalDuration"}}
{"recorder_version":"31","session":"e797125e6156","build":"193.5662.53","bucket":"159","time":1590251853534,"group":{"id":"indexing","version":"2"},"event":{"count":1,"data":{"duration_ms":4835,"ide_activity_id":1,"created":1590251853534},"id":"finished"}}
{"recorder_version":"31","session":"e797125e6156","build":"193.5662.53","bucket":"159","time":1590251853713,"group":{"id":"indexing","version":"2"},"event":{"count":1,"data":{"ide_activity_id":2,"created":1590251853713,"project":"d119a6d897fcb33934b9adf90ec59bc9e850f90f58367fa567dc99031a6fc921"},"id":"started"}}
{"recorder_version":"31","session":"e797125e6156","build":"193.5662.53","bucket":"159","time":1590251853732,"group":{"id":"indexing","version":"2"},"event":{"count":1,"data":{"ide_activity_id":2,"plugin":"org.jetbrains.android","stage_class":"com.android.tools.idea.res.ResourceFolderRepositoryFileCacheImpl$PruneTask","created":1590251853733,"plugin_type":"JB_BUNDLED"},"id":"stage"}}
{"recorder_version":"31","session":"e797125e6156","build":"193.5662.53","bucket":"159","time":1590251853780,"group":{"id":"indexing","version":"2"},"event":{"count":1,"data":{"ide_activity_id":2,"plugin":"org.jetbrains.android","stage_class":"com.android.tools.idea.res.ResourceFolderRepositoryFileCacheImpl$ManageLruProjectFilesTask","created":1590251853780,"plugin_type":"JB_BUNDLED"},"id":"stage"}}
{"recorder_version":"31","session":"e797125e6156","build":"193.5662.53","bucket":"159","time":1590251853818,"group":{"id":"indexing","version":"2"},"event":{"count":1,"data":{"duration_ms":105,"ide_activity_id":2,"created":1590251853818},"id":"finished"}}
{"recorder_version":"31","session":"e797125e6156","build":"193.5662.53","bucket":"159","time":1590251853837,"group":{"id":"indexing","version":"2"},"event":{"count":1,"data":{"ide_activity_id":3,"created":1590251853838,"project":"d119a6d897fcb33934b9adf90ec59bc9e850f90f58367fa567dc99031a6fc921"},"id":"started"}}
{"recorder_version":"31","session":"e797125e6156","build":"193.5662.53","bucket":"159","time":1590251853851,"group":{"id":"indexing","version":"2"},"event":{"count":1,"data":{"ide_activity_id":3,"plugin":"org.jetbrains.android","stage_class":"com.android.tools.idea.res.ResourceFolderRegistry$PopulateCachesTask","created":1590251853852,"plugin_type":"JB_BUNDLED"},"id":"stage"}}
{"recorder_version":"31","session":"e797125e6156","build":"193.5662.53","bucket":"159","time":1590251853903,"group":{"id":"indexing","version":"2"},"event":{"count":1,"data":{"duration_ms":66,"ide_activity_id":3,"created":1590251853904},"id":"finished"}}
{"recorder_version":"31","session":"e797125e6156","build":"193.5662.53","bucket":"159","time":1590251854810,"group":{"id":"performance","version":"31"},"event":{"count":1,"data":{"duration_ms":131,"created":1590251854810},"id":"ui.lagging"}}
{"recorder_version":"31","session":"e797125e6156","build":"193.5662.53","bucket":"159","time":1590251856400,"group":{"id":"actions","version":"31"},"event":{"count":1,"data":{"context_menu":true,"action_id":"third.party","created":1590251856401,"plugin_type":"NOT_LISTED","project":"d119a6d897fcb33934b9adf90ec59bc9e850f90f58367fa567dc99031a6fc921","place":"MainMenu","class":"third.party","input_event":"NoMouseButton"},"id":"action.invoked"}}
{"recorder_version":"31","session":"e797125e6156","build":"193.5662.53","bucket":"159","time":1590251856858,"group":{"id":"performance","version":"31"},"event":{"count":1,"data":{"duration_ms":174,"created":1590251856858},"id":"ui.lagging"}}
{"recorder_version":"31","session":"e797125e6156","build":"193.5662.53","bucket":"159","time":1590251859114,"group":{"id":"ui.dialogs","version":"31"},"event":{"count":1,"data":{"created":1590251859115,"plugin_type":"NOT_LISTED","dialog_class":"third.party"},"id":"show"}}
{"recorder_version":"31","session":"e797125e6156","build":"193.5662.53","bucket":"159","time":1590251861746,"group":{"id":"ui.dialogs","version":"31"},"event":{"count":1,"data":{"code":1,"created":1590251861746,"plugin_type":"NOT_LISTED","dialog_class":"third.party"},"id":"close"}}
{"recorder_version":"31","session":"e797125e6156","build":"193.5662.53","bucket":"159","time":1590251862889,"group":{"id":"lifecycle","version":"31"},"event":{"count":1,"data":{"created":1590251862889,"project":"d119a6d897fcb33934b9adf90ec59bc9e850f90f58367fa567dc99031a6fc921"},"id":"frame.deactivated"}}
