{"recorder_version":"31","session":"64f378ec1336","build":"193.5662.53","bucket":"159","time":1590161583340,"group":{"id":"settings","version":"4"},"event":{"state":true,"data":{"component":"UISettings","created":1590161583940},"id":"invoked"}}
{"recorder_version":"31","session":"64f378ec1336","build":"193.5662.53","bucket":"159","time":1590161583342,"group":{"id":"settings","version":"4"},"event":{"state":true,"data":{"component":"NotRoamableUiSettings","created":1590161583944},"id":"invoked"}}
{"recorder_version":"31","session":"64f378ec1336","build":"193.5662.53","bucket":"159","time":1590161583351,"group":{"id":"system.java","version":"1"},"event":{"state":true,"data":{"created":1590161584011,"version":"validation.undefined_rule"},"id":"validation.undefined_rule"}}
{"recorder_version":"31","session":"64f378ec1336","build":"193.5662.53","bucket":"159","time":1590161583351,"group":{"id":"system.java","version":"1"},"event":{"state":true,"data":{"created":1590161584011},"id":"invoked"}}
{"recorder_version":"31","session":"64f378ec1336","build":"193.5662.53","bucket":"159","time":1590161583393,"group":{"id":"system.os","version":"3"},"event":{"state":true,"data":{"created":1590161584012,"version":"10.15"},"id":"Mac"}}
{"recorder_version":"31","session":"64f378ec1336","build":"193.5662.53","bucket":"159","time":1590161583393,"group":{"id":"system.os","version":"3"},"event":{"state":true,"data":{"created":1590161584018,"name":"Mac","version":"10.15"},"id":"os.name"}}
{"recorder_version":"31","session":"64f378ec1336","build":"193.5662.53","bucket":"159","time":1590161583393,"group":{"id":"system.os","version":"3"},"event":{"state":true,"data":{"created":1590161584021,"value":"+02_00"},"id":"os.timezone"}}
{"recorder_version":"31","session":"64f378ec1336","build":"193.5662.53","bucket":"159","time":1590161583393,"group":{"id":"system.os","version":"3"},"event":{"state":true,"data":{"created":1590161584022},"id":"invoked"}}
{"recorder_version":"31","session":"64f378ec1336","build":"193.5662.53","bucket":"159","time":1590161583686,"group":{"id":"settings","version":"4"},"event":{"state":true,"data":{"component":"UpdatesConfigurable","created":1590161584022,"name":"checkNeeded","type":"bool","value":false},"id":"not.default"}}
{"recorder_version":"31","session":"64f378ec1336","build":"193.5662.53","bucket":"159","time":1590161583686,"group":{"id":"settings","version":"4"},"event":{"state":true,"data":{"component":"UpdatesConfigurable","created":1590161584023},"id":"invoked"}}
{"recorder_version":"31","session":"64f378ec1336","build":"193.5662.53","bucket":"159","time":1590161583891,"group":{"id":"event.log","version":"31"},"event":{"count":1,"data":{"created":1590161584023,"version":"1268.0"},"id":"whitelist.loaded"}}
{"recorder_version":"31","session":"64f378ec1336","build":"193.5662.53","bucket":"159","time":1590161584067,"group":{"id":"settings","version":"4"},"event":{"state":true,"data":{"component":"GeneralSettings","created":1590161584070,"name":"showTipsOnStartup","type":"bool","value":false},"id":"not.default"}}
{"recorder_version":"31","session":"64f378ec1336","build":"193.5662.53","bucket":"159","time":1590161584067,"group":{"id":"settings","version":"4"},"event":{"state":true,"data":{"component":"GeneralSettings","created":1590161584071},"id":"invoked"}}
{"recorder_version":"31","session":"64f378ec1336","build":"193.5662.53","bucket":"159","time":1590161584145,"group":{"id":"lifecycle","version":"31"},"event":{"count":1,"data":{"internal":true,"eap":false,"created":1590161584145},"id":"ide.start"}}
{"recorder_version":"31","session":"64f378ec1336","build":"193.5662.53","bucket":"159","time":1590161584194,"group":{"id":"performance","version":"31"},"event":{"count":1,"data":{"duration_ms":24,"created":1590161584195},"id":"ui.latency"}}
{"recorder_version":"31","session":"64f378ec1336","build":"193.5662.53","bucket":"159","time":1590161584228,"group":{"id":"settings","version":"4"},"event":{"state":true,"data":{"component":"XmlEditorOptions","created":1590161584228},"id":"invoked"}}
{"recorder_version":"31","session":"64f378ec1336","build":"193.5662.53","bucket":"159","time":1590161586656,"group":{"id":"settings","version":"4"},"event":{"state":true,"data":{"component":"VcsApplicationSettings","created":1590161586656},"id":"invoked"}}
{"recorder_version":"31","session":"64f378ec1336","build":"193.5662.53","bucket":"159","time":1590161586657,"group":{"id":"lifecycle","version":"31"},"event":{"count":1,"data":{"created":1590161586657},"id":"frame.activated"}}
{"recorder_version":"31","session":"64f378ec1336","build":"193.5662.53","bucket":"159","time":1590161586706,"group":{"id":"performance","version":"31"},"event":{"count":1,"data":{"duration_ms":1544,"created":1590161586706},"id":"ui.lagging"}}
{"recorder_version":"31","session":"64f378ec1336","build":"193.5662.53","bucket":"159","time":1590161586706,"group":{"id":"performance","version":"31"},"event":{"count":1,"data":{"duration_ms":538,"created":1590161586707},"id":"ui.lagging"}}
{"recorder_version":"31","session":"64f378ec1336","build":"193.5662.53","bucket":"159","time":1590161587095,"group":{"id":"ui.dialogs","version":"31"},"event":{"count":1,"data":{"created":1590161587095,"plugin_type":"PLATFORM","dialog_class":"com.intellij.openapi.progress.util.ProgressDialog$MyDialogWrapper"},"id":"show"}}
{"recorder_version":"31","session":"64f378ec1336","build":"193.5662.53","bucket":"159","time":1590161587314,"group":{"id":"performance","version":"31"},"event":{"count":1,"data":{"duration_ms":144,"created":1590161587314},"id":"ui.lagging"}}
{"recorder_version":"31","session":"64f378ec1336","build":"193.5662.53","bucket":"159","time":1590161589459,"group":{"id":"lifecycle","version":"31"},"event":{"count":1,"data":{"created":1590161589460,"project":"d119a6d897fcb33934b9adf90ec59bc9e850f90f58367fa567dc99031a6fc921"},"id":"project.opened"}}
{"recorder_version":"31","session":"64f378ec1336","build":"193.5662.53","bucket":"159","time":1590161590246,"group":{"id":"performance","version":"31"},"event":{"count":1,"data":{"duration_ms":1074,"created":1590161590247},"id":"ui.lagging"}}
{"recorder_version":"31","session":"64f378ec1336","build":"193.5662.53","bucket":"159","time":1590161590480,"group":{"id":"performance","version":"31"},"event":{"count":1,"data":{"duration_ms":296,"created":1590161590480},"id":"ui.lagging"}}
{"recorder_version":"31","session":"64f378ec1336","build":"193.5662.53","bucket":"159","time":1590161590515,"group":{"id":"toolwindow","version":"31"},"event":{"count":1,"data":{"created":1590161590516,"plugin_type":"PLATFORM","id":"Event_Log"},"id":"activated"}}
{"recorder_version":"31","session":"64f378ec1336","build":"193.5662.53","bucket":"159","time":1590161592056,"group":{"id":"performance","version":"31"},"event":{"count":1,"data":{"duration_ms":871,"created":1590161592056},"id":"ui.lagging"}}
{"recorder_version":"31","session":"64f378ec1336","build":"193.5662.53","bucket":"159","time":1590161593345,"group":{"id":"performance","version":"31"},"event":{"count":1,"data":{"duration_ms":1159,"created":1590161593345},"id":"ui.lagging"}}
{"recorder_version":"31","session":"64f378ec1336","build":"193.5662.53","bucket":"159","time":1590161593388,"group":{"id":"performance","version":"31"},"event":{"count":1,"data":{"duration_ms":199,"created":1590161593389},"id":"ui.lagging"}}
{"recorder_version":"31","session":"64f378ec1336","build":"193.5662.53","bucket":"159","time":1590161594245,"group":{"id":"lifecycle","version":"31"},"event":{"count":1,"data":{"created":1590161594245,"project":"d119a6d897fcb33934b9adf90ec59bc9e850f90f58367fa567dc99031a6fc921"},"id":"frame.deactivated"}}
{"recorder_version":"31","session":"64f378ec1336","build":"193.5662.53","bucket":"159","time":1590161594609,"group":{"id":"performance","version":"31"},"event":{"count":1,"data":{"duration_ms":417,"created":1590161594609},"id":"ui.lagging"}}
{"recorder_version":"31","session":"64f378ec1336","build":"193.5662.53","bucket":"159","time":1590161594765,"group":{"id":"project.fs","version":"1"},"event":{"state":true,"data":{"os":"Mac","cs-project":false,"created":1590161594765,"project":"d119a6d897fcb33934b9adf90ec59bc9e850f90f58367fa567dc99031a6fc921","cs-implicit":true,"cs-system":false},"id":"case-sensitivity"}}
{"recorder_version":"31","session":"64f378ec1336","build":"193.5662.53","bucket":"159","time":1590161594765,"group":{"id":"project.fs","version":"1"},"event":{"state":true,"data":{"created":1590161594765},"id":"invoked"}}
{"recorder_version":"31","session":"64f378ec1336","build":"193.5662.53","bucket":"159","time":1590161594766,"group":{"id":"project.fs","version":"1"},"event":{"state":true,"data":{"pct-non-watched":0,"created":1590161594766,"project":"d119a6d897fcb33934b9adf90ec59bc9e850f90f58367fa567dc99031a6fc921"},"id":"roots-watched"}}
{"recorder_version":"31","session":"64f378ec1336","build":"193.5662.53","bucket":"159","time":1590161594766,"group":{"id":"project.fs","version":"1"},"event":{"state":true,"data":{"created":1590161594766},"id":"invoked"}}
{"recorder_version":"31","session":"64f378ec1336","build":"193.5662.53","bucket":"159","time":1590161595199,"group":{"id":"ui.dialogs","version":"31"},"event":{"count":1,"data":{"code":1,"created":1590161595200,"plugin_type":"PLATFORM","dialog_class":"com.intellij.openapi.progress.util.ProgressDialog$MyDialogWrapper"},"id":"close"}}
{"recorder_version":"31","session":"64f378ec1336","build":"193.5662.53","bucket":"159","time":1590161595345,"group":{"id":"indexing","version":"2"},"event":{"count":1,"data":{"ide_activity_id":1,"created":1590161595346,"project":"d119a6d897fcb33934b9adf90ec59bc9e850f90f58367fa567dc99031a6fc921"},"id":"started"}}
{"recorder_version":"31","session":"64f378ec1336","build":"193.5662.53","bucket":"159","time":1590161595415,"group":{"id":"indexing","version":"2"},"event":{"count":1,"data":{"ide_activity_id":1,"stage_class":"com.intellij.util.indexing.UnindexedFilesUpdater","created":1590161595416,"plugin_type":"PLATFORM"},"id":"stage"}}
{"recorder_version":"31","session":"64f378ec1336","build":"193.5662.53","bucket":"159","time":1590161595469,"group":{"id":"lifecycle","version":"31"},"event":{"count":1,"data":{"duration_ms":11226,"created":1590161595469,"project":"d119a6d897fcb33934b9adf90ec59bc9e850f90f58367fa567dc99031a6fc921"},"id":"project.opening.finished"}}
{"recorder_version":"31","session":"64f378ec1336","build":"193.5662.53","bucket":"159","time":1590161598415,"group":{"id":"indexing","version":"2"},"event":{"count":1,"data":{"duration_ms":3070,"ide_activity_id":1,"created":1590161598415},"id":"finished"}}
{"recorder_version":"31","session":"64f378ec1336","build":"193.5662.53","bucket":"159","time":1590161598546,"group":{"id":"indexing","version":"2"},"event":{"count":1,"data":{"ide_activity_id":2,"created":1590161598546,"project":"d119a6d897fcb33934b9adf90ec59bc9e850f90f58367fa567dc99031a6fc921"},"id":"started"}}
{"recorder_version":"31","session":"64f378ec1336","build":"193.5662.53","bucket":"159","time":1590161598562,"group":{"id":"indexing","version":"2"},"event":{"count":1,"data":{"ide_activity_id":2,"plugin":"org.jetbrains.android","stage_class":"com.android.tools.idea.res.ResourceFolderRepositoryFileCacheImpl$PruneTask","created":1590161598563,"plugin_type":"JB_BUNDLED"},"id":"stage"}}
{"recorder_version":"31","session":"64f378ec1336","build":"193.5662.53","bucket":"159","time":1590161598606,"group":{"id":"indexing","version":"2"},"event":{"count":1,"data":{"ide_activity_id":2,"plugin":"org.jetbrains.android","stage_class":"com.android.tools.idea.res.ResourceFolderRepositoryFileCacheImpl$ManageLruProjectFilesTask","created":1590161598607,"plugin_type":"JB_BUNDLED"},"id":"stage"}}
{"recorder_version":"31","session":"64f378ec1336","build":"193.5662.53","bucket":"159","time":1590161598638,"group":{"id":"indexing","version":"2"},"event":{"count":1,"data":{"duration_ms":92,"ide_activity_id":2,"created":1590161598639},"id":"finished"}}
{"recorder_version":"31","session":"64f378ec1336","build":"193.5662.53","bucket":"159","time":1590161598653,"group":{"id":"indexing","version":"2"},"event":{"count":1,"data":{"ide_activity_id":3,"created":1590161598653,"project":"d119a6d897fcb33934b9adf90ec59bc9e850f90f58367fa567dc99031a6fc921"},"id":"started"}}
{"recorder_version":"31","session":"64f378ec1336","build":"193.5662.53","bucket":"159","time":1590161598656,"group":{"id":"indexing","version":"2"},"event":{"count":1,"data":{"ide_activity_id":3,"plugin":"org.jetbrains.android","stage_class":"com.android.tools.idea.res.ResourceFolderRegistry$PopulateCachesTask","created":1590161598657,"plugin_type":"JB_BUNDLED"},"id":"stage"}}
{"recorder_version":"31","session":"64f378ec1336","build":"193.5662.53","bucket":"159","time":1590161598676,"group":{"id":"indexing","version":"2"},"event":{"count":1,"data":{"duration_ms":22,"ide_activity_id":3,"created":1590161598676},"id":"finished"}}
{"recorder_version":"31","session":"64f378ec1336","build":"193.5662.53","bucket":"159","time":1590161600211,"group":{"id":"startup","version":"1"},"event":{"count":1,"data":{"duration":3066,"created":1590161600211},"id":"appInit"}}
{"recorder_version":"31","session":"64f378ec1336","build":"193.5662.53","bucket":"159","time":1590161600211,"group":{"id":"startup","version":"1"},"event":{"count":1,"data":{"duration":540,"created":1590161600211},"id":"splash"}}
{"recorder_version":"31","session":"64f378ec1336","build":"193.5662.53","bucket":"159","time":1590161600211,"group":{"id":"startup","version":"1"},"event":{"count":1,"data":{"duration":613,"created":1590161600212},"id":"bootstrap"}}
{"recorder_version":"31","session":"64f378ec1336","build":"193.5662.53","bucket":"159","time":1590161600211,"group":{"id":"startup","version":"1"},"event":{"count":1,"data":{"duration":15408,"created":1590161600212},"id":"totalDuration"}}
{"recorder_version":"31","session":"64f378ec1336","build":"193.5662.53","bucket":"159","time":1590161641462,"group":{"id":"lifecycle","version":"31"},"event":{"count":1,"data":{"created":1590161641462,"project":"d119a6d897fcb33934b9adf90ec59bc9e850f90f58367fa567dc99031a6fc921"},"id":"frame.activated"}}
{"recorder_version":"31","session":"64f378ec1336","build":"193.5662.53","bucket":"159","time":1590161642371,"group":{"id":"actions","version":"31"},"event":{"count":1,"data":{"context_menu":true,"action_id":"third.party","created":1590161642372,"plugin_type":"NOT_LISTED","project":"d119a6d897fcb33934b9adf90ec59bc9e850f90f58367fa567dc99031a6fc921","place":"MainMenu","class":"third.party","input_event":"NoMouseButton"},"id":"action.invoked"}}
{"recorder_version":"31","session":"64f378ec1336","build":"193.5662.53","bucket":"159","time":1590161645440,"group":{"id":"ui.dialogs","version":"31"},"event":{"count":1,"data":{"created":1590161645440,"plugin_type":"NOT_LISTED","dialog_class":"third.party"},"id":"show"}}
{"recorder_version":"31","session":"64f378ec1336","build":"193.5662.53","bucket":"159","time":1590161648980,"group":{"id":"ui.dialogs","version":"31"},"event":{"count":1,"data":{"code":0,"created":1590161648980,"plugin_type":"NOT_LISTED","dialog_class":"third.party"},"id":"close"}}
{"recorder_version":"31","session":"64f378ec1336","build":"193.5662.53","bucket":"159","time":1590161649738,"group":{"id":"lifecycle","version":"31"},"event":{"count":1,"data":{"created":1590161649738,"project":"d119a6d897fcb33934b9adf90ec59bc9e850f90f58367fa567dc99031a6fc921"},"id":"frame.deactivated"}}
{"recorder_version":"31","session":"64f378ec1336","build":"193.5662.53","bucket":"159","time":1590161684375,"group":{"id":"performance","version":"31"},"event":{"count":1,"data":{"duration_ms":1,"created":1590161684375},"id":"ui.latency"}}
{"recorder_version":"31","session":"64f378ec1336","build":"193.5662.53","bucket":"159","time":1590161784622,"group":{"id":"performance","version":"31"},"event":{"count":1,"data":{"duration_ms":0,"created":1590161784622},"id":"ui.latency"}}
{"recorder_version":"31","session":"64f378ec1336","build":"193.5662.53","bucket":"159","time":1590161884147,"group":{"id":"kotlin.ide.j2k","version":"1"},"event":{"count":1,"data":{"created":1590161884148},"id":"registered"}}
{"recorder_version":"31","session":"64f378ec1336","build":"193.5662.53","bucket":"159","time":1590161884148,"group":{"id":"java.find.usages","version":"1"},"event":{"count":1,"data":{"created":1590161884149},"id":"registered"}}
{"recorder_version":"31","session":"64f378ec1336","build":"193.5662.53","bucket":"159","time":1590161884148,"group":{"id":"file.types.usage","version":"31"},"event":{"count":1,"data":{"created":1590161884149},"id":"registered"}}
{"recorder_version":"31","session":"64f378ec1336","build":"193.5662.53","bucket":"159","time":1590161884148,"group":{"id":"ide.script.engine","version":"2"},"event":{"count":1,"data":{"created":1590161884149},"id":"registered"}}
{"recorder_version":"31","session":"64f378ec1336","build":"193.5662.53","bucket":"159","time":1590161884148,"group":{"id":"live.templates","version":"31"},"event":{"count":1,"data":{"created":1590161884149},"id":"registered"}}
{"recorder_version":"31","session":"64f378ec1336","build":"193.5662.53","bucket":"159","time":1590161884148,"group":{"id":"ide.self.update","version":"2"},"event":{"count":1,"data":{"created":1590161884149},"id":"registered"}}
{"recorder_version":"31","session":"64f378ec1336","build":"193.5662.53","bucket":"159","time":1590161884148,"group":{"id":"lifecycle","version":"31"},"event":{"count":1,"data":{"created":1590161884149},"id":"registered"}}
{"recorder_version":"31","session":"64f378ec1336","build":"193.5662.53","bucket":"159","time":1590161884148,"group":{"id":"vcs.diff.trigger","version":"1"},"event":{"count":1,"data":{"created":1590161884149},"id":"registered"}}
{"recorder_version":"31","session":"64f378ec1336","build":"193.5662.53","bucket":"159","time":1590161884148,"group":{"id":"debugger.breakpoints.usage","version":"2"},"event":{"count":1,"data":{"created":1590161884149},"id":"registered"}}
{"recorder_version":"31","session":"64f378ec1336","build":"193.5662.53","bucket":"159","time":1590161884148,"group":{"id":"kotlin.gradle.library","version":"1"},"event":{"count":1,"data":{"created":1590161884149},"id":"registered"}}
{"recorder_version":"31","session":"64f378ec1336","build":"193.5662.53","bucket":"159","time":1590161884148,"group":{"id":"startup","version":"1"},"event":{"count":1,"data":{"created":1590161884149},"id":"registered"}}
{"recorder_version":"31","session":"64f378ec1336","build":"193.5662.53","bucket":"159","time":1590161884148,"group":{"id":"find","version":"2"},"event":{"count":1,"data":{"created":1590161884149},"id":"registered"}}
{"recorder_version":"31","session":"64f378ec1336","build":"193.5662.53","bucket":"159","time":1590161884148,"group":{"id":"kotlin.gradle.target","version":"2"},"event":{"count":1,"data":{"created":1590161884149},"id":"registered"}}
{"recorder_version":"31","session":"64f378ec1336","build":"193.5662.53","bucket":"159","time":1590161884148,"group":{"id":"gutter.icon.click","version":"2"},"event":{"count":1,"data":{"created":1590161884149},"id":"registered"}}
{"recorder_version":"31","session":"64f378ec1336","build":"193.5662.53","bucket":"159","time":1590161884148,"group":{"id":"shell.script","version":"1"},"event":{"count":1,"data":{"created":1590161884149},"id":"registered"}}
{"recorder_version":"31","session":"64f378ec1336","build":"193.5662.53","bucket":"159","time":1590161884148,"group":{"id":"new.project.wizard","version":"1"},"event":{"count":1,"data":{"created":1590161884150},"id":"registered"}}
{"recorder_version":"31","session":"64f378ec1336","build":"193.5662.53","bucket":"159","time":1590161884148,"group":{"id":"kotlin.ide.npwizards","version":"1"},"event":{"count":1,"data":{"created":1590161884150},"id":"registered"}}
{"recorder_version":"31","session":"64f378ec1336","build":"193.5662.53","bucket":"159","time":1590161884148,"group":{"id":"intentions","version":"31"},"event":{"count":1,"data":{"created":1590161884150},"id":"registered"}}
{"recorder_version":"31","session":"64f378ec1336","build":"193.5662.53","bucket":"159","time":1590161884148,"group":{"id":"settings.repository","version":"1"},"event":{"count":1,"data":{"created":1590161884150},"id":"registered"}}
{"recorder_version":"31","session":"64f378ec1336","build":"193.5662.53","bucket":"159","time":1590161884148,"group":{"id":"vcs.change.reminder","version":"2"},"event":{"count":1,"data":{"created":1590161884150},"id":"registered"}}
{"recorder_version":"31","session":"64f378ec1336","build":"193.5662.53","bucket":"159","time":1590161884148,"group":{"id":"create.directory.dialog","version":"1"},"event":{"count":1,"data":{"created":1590161884150},"id":"registered"}}
{"recorder_version":"31","session":"64f378ec1336","build":"193.5662.53","bucket":"159","time":1590161884148,"group":{"id":"kotlin.maven.target","version":"3"},"event":{"count":1,"data":{"created":1590161884150},"id":"registered"}}
{"recorder_version":"31","session":"64f378ec1336","build":"193.5662.53","bucket":"159","time":1590161884148,"group":{"id":"json.schema","version":"1"},"event":{"count":1,"data":{"created":1590161884150},"id":"registered"}}
{"recorder_version":"31","session":"64f378ec1336","build":"193.5662.53","bucket":"159","time":1590161884148,"group":{"id":"terminalShell","version":"1"},"event":{"count":1,"data":{"created":1590161884150},"id":"registered"}}
{"recorder_version":"31","session":"64f378ec1336","build":"193.5662.53","bucket":"159","time":1590161884148,"group":{"id":"rename.refactoring","version":"1"},"event":{"count":1,"data":{"created":1590161884150},"id":"registered"}}
{"recorder_version":"31","session":"64f378ec1336","build":"193.5662.53","bucket":"159","time":1590161884148,"group":{"id":"build.ant.actions","version":"1"},"event":{"count":1,"data":{"created":1590161884150},"id":"registered"}}
{"recorder_version":"31","session":"64f378ec1336","build":"193.5662.53","bucket":"159","time":1590161884148,"group":{"id":"actions","version":"31"},"event":{"count":1,"data":{"created":1590161884150},"id":"registered"}}
{"recorder_version":"31","session":"64f378ec1336","build":"193.5662.53","bucket":"159","time":1590161884148,"group":{"id":"kotlin.ide.editor","version":"1"},"event":{"count":1,"data":{"created":1590161884150},"id":"registered"}}
{"recorder_version":"31","session":"64f378ec1336","build":"193.5662.53","bucket":"159","time":1590161884148,"group":{"id":"event.log","version":"31"},"event":{"count":1,"data":{"created":1590161884151},"id":"registered"}}
{"recorder_version":"31","session":"64f378ec1336","build":"193.5662.53","bucket":"159","time":1590161884148,"group":{"id":"run.configuration.exec","version":"31"},"event":{"count":1,"data":{"created":1590161884151},"id":"registered"}}
{"recorder_version":"31","session":"64f378ec1336","build":"193.5662.53","bucket":"159","time":1590161884148,"group":{"id":"build.tools.actions","version":"1"},"event":{"count":1,"data":{"created":1590161884151},"id":"registered"}}
{"recorder_version":"31","session":"64f378ec1336","build":"193.5662.53","bucket":"159","time":1590161884148,"group":{"id":"file.editor","version":"2"},"event":{"count":1,"data":{"created":1590161884151},"id":"registered"}}
{"recorder_version":"31","session":"64f378ec1336","build":"193.5662.53","bucket":"159","time":1590161884148,"group":{"id":"vfs","version":"2"},"event":{"count":1,"data":{"created":1590161884151},"id":"registered"}}
{"recorder_version":"31","session":"64f378ec1336","build":"193.5662.53","bucket":"159","time":1590161884148,"group":{"id":"project.import","version":"2"},"event":{"count":1,"data":{"created":1590161884151},"id":"registered"}}
{"recorder_version":"31","session":"64f378ec1336","build":"193.5662.53","bucket":"159","time":1590161884148,"group":{"id":"actions.runAnything","version":"1"},"event":{"count":1,"data":{"created":1590161884151},"id":"registered"}}
{"recorder_version":"31","session":"64f378ec1336","build":"193.5662.53","bucket":"159","time":1590161884148,"group":{"id":"toolwindow","version":"31"},"event":{"count":1,"data":{"created":1590161884151},"id":"registered"}}
{"recorder_version":"31","session":"64f378ec1336","build":"193.5662.53","bucket":"159","time":1590161884148,"group":{"id":"kotlin.ide.newFileTempl","version":"1"},"event":{"count":1,"data":{"created":1590161884151},"id":"registered"}}
{"recorder_version":"31","session":"64f378ec1336","build":"193.5662.53","bucket":"159","time":1590161884148,"group":{"id":"ui.settings","version":"31"},"event":{"count":1,"data":{"created":1590161884151},"id":"registered"}}
{"recorder_version":"31","session":"64f378ec1336","build":"193.5662.53","bucket":"159","time":1590161884148,"group":{"id":"vcs.log.trigger","version":"2"},"event":{"count":1,"data":{"created":1590161884151},"id":"registered"}}
{"recorder_version":"31","session":"64f378ec1336","build":"193.5662.53","bucket":"159","time":1590161884148,"group":{"id":"productivity","version":"31"},"event":{"count":1,"data":{"created":1590161884151},"id":"registered"}}
{"recorder_version":"31","session":"64f378ec1336","build":"193.5662.53","bucket":"159","time":1590161884148,"group":{"id":"build.maven.actions","version":"1"},"event":{"count":1,"data":{"created":1590161884151},"id":"registered"}}
{"recorder_version":"31","session":"64f378ec1336","build":"193.5662.53","bucket":"159","time":1590161884148,"group":{"id":"ui.event","version":"3"},"event":{"count":1,"data":{"created":1590161884151},"id":"registered"}}
{"recorder_version":"31","session":"64f378ec1336","build":"193.5662.53","bucket":"159","time":1590161884148,"group":{"id":"plugins.advertiser","version":"1"},"event":{"count":1,"data":{"created":1590161884151},"id":"registered"}}
{"recorder_version":"31","session":"64f378ec1336","build":"193.5662.53","bucket":"159","time":1590161884148,"group":{"id":"editor.notification.panel","version":"1"},"event":{"count":1,"data":{"created":1590161884152},"id":"registered"}}
{"recorder_version":"31","session":"64f378ec1336","build":"193.5662.53","bucket":"159","time":1590161884148,"group":{"id":"kotlin.ide.debugger","version":"2"},"event":{"count":1,"data":{"created":1590161884152},"id":"registered"}}
{"recorder_version":"31","session":"64f378ec1336","build":"193.5662.53","bucket":"159","time":1590161884148,"group":{"id":"tooltip.action.events","version":"1"},"event":{"count":1,"data":{"created":1590161884152},"id":"registered"}}
{"recorder_version":"31","session":"64f378ec1336","build":"193.5662.53","bucket":"159","time":1590161884148,"group":{"id":"completion","version":"1"},"event":{"count":1,"data":{"created":1590161884152},"id":"registered"}}
{"recorder_version":"31","session":"64f378ec1336","build":"193.5662.53","bucket":"159","time":1590161884148,"group":{"id":"indexing","version":"2"},"event":{"count":1,"data":{"created":1590161884152},"id":"registered"}}
{"recorder_version":"31","session":"64f378ec1336","build":"193.5662.53","bucket":"159","time":1590161884148,"group":{"id":"vcs","version":"2"},"event":{"count":1,"data":{"created":1590161884152},"id":"registered"}}
{"recorder_version":"31","session":"64f378ec1336","build":"193.5662.53","bucket":"159","time":1590161884148,"group":{"id":"ui.dialogs","version":"31"},"event":{"count":1,"data":{"created":1590161884152},"id":"registered"}}
{"recorder_version":"31","session":"64f378ec1336","build":"193.5662.53","bucket":"159","time":1590161884148,"group":{"id":"vcs.back.forward.trigger","version":"1"},"event":{"count":1,"data":{"created":1590161884152},"id":"registered"}}
{"recorder_version":"31","session":"64f378ec1336","build":"193.5662.53","bucket":"159","time":1590161884148,"group":{"id":"customize.wizard","version":"1"},"event":{"count":1,"data":{"created":1590161884152},"id":"registered"}}
{"recorder_version":"31","session":"64f378ec1336","build":"193.5662.53","bucket":"159","time":1590161884148,"group":{"id":"ide.update.dialog","version":"1"},"event":{"count":1,"data":{"created":1590161884152},"id":"registered"}}
{"recorder_version":"31","session":"64f378ec1336","build":"193.5662.53","bucket":"159","time":1590161884148,"group":{"id":"toolbar","version":"31"},"event":{"count":1,"data":{"created":1590161884152},"id":"registered"}}
{"recorder_version":"31","session":"64f378ec1336","build":"193.5662.53","bucket":"159","time":1590161884148,"group":{"id":"build.gradle.actions","version":"1"},"event":{"count":1,"data":{"created":1590161884152},"id":"registered"}}
{"recorder_version":"31","session":"64f378ec1336","build":"193.5662.53","bucket":"159","time":1590161884148,"group":{"id":"performance","version":"31"},"event":{"count":1,"data":{"created":1590161884152},"id":"registered"}}
{"recorder_version":"31","session":"64f378ec1336","build":"193.5662.53","bucket":"159","time":1590161884148,"group":{"id":"build","version":"2"},"event":{"count":1,"data":{"created":1590161884153},"id":"registered"}}
{"recorder_version":"31","session":"64f378ec1336","build":"193.5662.53","bucket":"159","time":1590161884148,"group":{"id":"searchEverywhere","version":"2"},"event":{"count":1,"data":{"created":1590161884153},"id":"registered"}}
{"recorder_version":"31","session":"64f378ec1336","build":"193.5662.53","bucket":"159","time":1590161884148,"group":{"id":"kotlin.ide.action.refactoring","version":"1"},"event":{"count":1,"data":{"created":1590161884153},"id":"registered"}}
{"recorder_version":"31","session":"64f378ec1336","build":"193.5662.53","bucket":"159","time":1590161884148,"group":{"id":"ui.tips","version":"3"},"event":{"count":1,"data":{"created":1590161884153},"id":"registered"}}
{"recorder_version":"31","session":"64f378ec1336","build":"193.5662.53","bucket":"159","time":1590161884148,"group":{"id":"surround.with","version":"2"},"event":{"count":1,"data":{"created":1590161884153},"id":"registered"}}
{"recorder_version":"31","session":"64f378ec1336","build":"193.5662.53","bucket":"159","time":1590161884148,"group":{"id":"import.old.config","version":"3"},"event":{"count":1,"data":{"created":1590161884153},"id":"registered"}}
{"recorder_version":"31","session":"64f378ec1336","build":"193.5662.53","bucket":"159","time":1590161884148,"group":{"id":"kotlin.jps.target","version":"3"},"event":{"count":1,"data":{"created":1590161884153},"id":"registered"}}
{"recorder_version":"31","session":"64f378ec1336","build":"193.5662.53","bucket":"159","time":1590161884148,"group":{"id":"completion.postfix","version":"31"},"event":{"count":1,"data":{"created":1590161884153},"id":"registered"}}
{"recorder_version":"31","session":"64f378ec1336","build":"193.5662.53","bucket":"159","time":1590161884148,"group":{"id":"build.maven.packagesearch","version":"2"},"event":{"count":1,"data":{"created":1590161884153},"id":"registered"}}
{"recorder_version":"31","session":"64f378ec1336","build":"193.5662.53","bucket":"159","time":1590161884858,"group":{"id":"performance","version":"31"},"event":{"count":1,"data":{"duration_ms":0,"created":1590161884859},"id":"ui.latency"}}
{"recorder_version":"31","session":"64f378ec1336","build":"193.5662.53","bucket":"159","time":1590161985090,"group":{"id":"performance","version":"31"},"event":{"count":1,"data":{"duration_ms":1,"created":1590161985090},"id":"ui.latency"}}
{"recorder_version":"31","session":"64f378ec1336","build":"193.5662.53","bucket":"159","time":1590162085334,"group":{"id":"performance","version":"31"},"event":{"count":1,"data":{"duration_ms":0,"created":1590162085334},"id":"ui.latency"}}
{"recorder_version":"31","session":"64f378ec1336","build":"193.5662.53","bucket":"159","time":1590162185548,"group":{"id":"performance","version":"31"},"event":{"count":1,"data":{"duration_ms":0,"created":1590162185548},"id":"ui.latency"}}
{"recorder_version":"31","session":"64f378ec1336","build":"193.5662.53","bucket":"159","time":1590162285765,"group":{"id":"performance","version":"31"},"event":{"count":1,"data":{"duration_ms":0,"created":1590162285765},"id":"ui.latency"}}
{"recorder_version":"31","session":"64f378ec1336","build":"193.5662.53","bucket":"159","time":1590162386024,"group":{"id":"performance","version":"31"},"event":{"count":1,"data":{"duration_ms":0,"created":1590162386024},"id":"ui.latency"}}
{"recorder_version":"31","session":"64f378ec1336","build":"193.5662.53","bucket":"159","time":1590162484038,"group":{"id":"vcs.diff","version":"2"},"event":{"state":true,"data":{"created":1590162484038},"id":"invoked"}}
{"recorder_version":"31","session":"64f378ec1336","build":"193.5662.53","bucket":"159","time":1590162484038,"group":{"id":"ui.fonts","version":"2"},"event":{"state":true,"data":{"created":1590162484039,"font_size":13,"font_name":".SF_NS_Text"},"id":"UI"}}
{"recorder_version":"31","session":"64f378ec1336","build":"193.5662.53","bucket":"159","time":1590162484038,"group":{"id":"ui.fonts","version":"2"},"event":{"state":true,"data":{"created":1590162484039,"font_size":24},"id":"Presentation.mode"}}
{"recorder_version":"31","session":"64f378ec1336","build":"193.5662.53","bucket":"159","time":1590162484038,"group":{"id":"ui.fonts","version":"2"},"event":{"state":true,"data":{"created":1590162484039,"font_size":12,"font_name":"Menlo"},"id":"IDE.editor"}}
{"recorder_version":"31","session":"64f378ec1336","build":"193.5662.53","bucket":"159","time":1590162484038,"group":{"id":"ui.fonts","version":"2"},"event":{"state":true,"data":{"created":1590162484039,"value":1.2},"id":"editor.lineSpacing"}}
{"recorder_version":"31","session":"64f378ec1336","build":"193.5662.53","bucket":"159","time":1590162484038,"group":{"id":"ui.fonts","version":"2"},"event":{"state":true,"data":{"created":1590162484039},"id":"invoked"}}
{"recorder_version":"31","session":"64f378ec1336","build":"193.5662.53","bucket":"159","time":1590162484039,"group":{"id":"plugins","version":"1"},"event":{"state":true,"data":{"created":1590162484040,"plugin_type":"NOT_LISTED"},"id":"enabled.not.bundled.plugin"}}
{"recorder_version":"31","session":"64f378ec1336","build":"193.5662.53","bucket":"159","time":1590162484039,"group":{"id":"plugins","version":"1"},"event":{"state":true,"data":{"created":1590162484040},"id":"invoked"}}
{"recorder_version":"31","session":"64f378ec1336","build":"193.5662.53","bucket":"159","time":1590162484042,"group":{"id":"platform.registry","version":"1"},"event":{"state":true,"data":{"created":1590162484043,"plugin_type":"PLATFORM","id":"show.create.new.element.in.popup"},"id":"experiment"}}
{"recorder_version":"31","session":"64f378ec1336","build":"193.5662.53","bucket":"159","time":1590162484042,"group":{"id":"platform.registry","version":"1"},"event":{"state":true,"data":{"created":1590162484043,"plugin_type":"PLATFORM","id":"wsl.p9.support"},"id":"experiment"}}
{"recorder_version":"31","session":"64f378ec1336","build":"193.5662.53","bucket":"159","time":1590162484042,"group":{"id":"platform.registry","version":"1"},"event":{"state":true,"data":{"created":1590162484043,"plugin_type":"PLATFORM","id":"inline.browse.button"},"id":"experiment"}}
{"recorder_version":"31","session":"64f378ec1336","build":"193.5662.53","bucket":"159","time":1590162484042,"group":{"id":"platform.registry","version":"1"},"event":{"state":true,"data":{"created":1590162484043,"plugin_type":"PLATFORM","id":"recent.and.edited.files.together"},"id":"experiment"}}
{"recorder_version":"31","session":"64f378ec1336","build":"193.5662.53","bucket":"159","time":1590162484043,"group":{"id":"platform.registry","version":"1"},"event":{"state":true,"data":{"created":1590162484044,"plugin_type":"PLATFORM","id":"copy.reference.popup"},"id":"experiment"}}
{"recorder_version":"31","session":"64f378ec1336","build":"193.5662.53","bucket":"159","time":1590162484043,"group":{"id":"platform.registry","version":"1"},"event":{"state":true,"data":{"created":1590162484044,"id":"java.completion.argument.hints.internal"},"id":"registry"}}
{"recorder_version":"31","session":"64f378ec1336","build":"193.5662.53","bucket":"159","time":1590162484043,"group":{"id":"platform.registry","version":"1"},"event":{"state":true,"data":{"created":1590162484044,"plugin_type":"PLATFORM","id":"new.large.text.file.viewer"},"id":"experiment"}}
{"recorder_version":"31","session":"64f378ec1336","build":"193.5662.53","bucket":"159","time":1590162484043,"group":{"id":"platform.registry","version":"1"},"event":{"state":true,"data":{"created":1590162484044,"plugin_type":"PLATFORM","id":"linux.native.menu"},"id":"experiment"}}
{"recorder_version":"31","session":"64f378ec1336","build":"193.5662.53","bucket":"159","time":1590162484043,"group":{"id":"platform.registry","version":"1"},"event":{"state":true,"data":{"created":1590162484044,"plugin_type":"PLATFORM","id":"property.value.inplace.editing"},"id":"experiment"}}
{"recorder_version":"31","session":"64f378ec1336","build":"193.5662.53","bucket":"159","time":1590162484043,"group":{"id":"platform.registry","version":"1"},"event":{"state":true,"data":{"created":1590162484044,"plugin_type":"PLATFORM","id":"wsl.p9.show.roots.in.file.chooser"},"id":"experiment"}}
{"recorder_version":"31","session":"64f378ec1336","build":"193.5662.53","bucket":"159","time":1590162484043,"group":{"id":"platform.registry","version":"1"},"event":{"state":true,"data":{"created":1590162484044},"id":"invoked"}}
{"recorder_version":"31","session":"64f378ec1336","build":"193.5662.53","bucket":"159","time":1590162484061,"group":{"id":"debugger.settings.ide","version":"2"},"event":{"state":true,"data":{"created":1590162484061},"id":"invoked"}}
{"recorder_version":"31","session":"64f378ec1336","build":"193.5662.53","bucket":"159","time":1590162484061,"group":{"id":"os.linux.wm","version":"2"},"event":{"state":true,"data":{"created":1590162484061},"id":"invoked"}}
{"recorder_version":"31","session":"64f378ec1336","build":"193.5662.53","bucket":"159","time":1590162484063,"group":{"id":"ui.info.features","version":"3"},"event":{"state":true,"data":{"created":1590162484063,"value":"hidden"},"id":"Toolbar"}}
{"recorder_version":"31","session":"64f378ec1336","build":"193.5662.53","bucket":"159","time":1590162484063,"group":{"id":"ui.info.features","version":"3"},"event":{"state":true,"data":{"created":1590162484063,"enabled":false},"id":"Show.tips.on.startup"}}
{"recorder_version":"31","session":"64f378ec1336","build":"193.5662.53","bucket":"159","time":1590162484063,"group":{"id":"ui.info.features","version":"3"},"event":{"state":true,"data":{"created":1590162484063,"scale_mode":true,"scale":2.0},"id":"Screen.Scale"}}
{"recorder_version":"31","session":"64f378ec1336","build":"193.5662.53","bucket":"159","time":1590162484063,"group":{"id":"ui.info.features","version":"3"},"event":{"state":true,"data":{"created":1590162484063,"value":"hidden"},"id":"Tool.Window.buttons"}}
{"recorder_version":"31","session":"64f378ec1336","build":"193.5662.53","bucket":"159","time":1590162484063,"group":{"id":"ui.info.features","version":"3"},"event":{"state":true,"data":{"created":1590162484063,"value":"Top"},"id":"Tabs"}}
{"recorder_version":"31","session":"64f378ec1336","build":"193.5662.53","bucket":"159","time":1590162484063,"group":{"id":"ui.info.features","version":"3"},"event":{"state":true,"data":{"created":1590162484064,"enabled":true},"id":"Hide.Editor.Tabs.If.Needed"}}
{"recorder_version":"31","session":"64f378ec1336","build":"193.5662.53","bucket":"159","time":1590162484063,"group":{"id":"ui.info.features","version":"3"},"event":{"state":true,"data":{"created":1590162484064,"enabled":true},"id":"Show.Editor.Tabs.In.Single.Row"}}
{"recorder_version":"31","session":"64f378ec1336","build":"193.5662.53","bucket":"159","time":1590162484063,"group":{"id":"ui.info.features","version":"3"},"event":{"state":true,"data":{"toolbar":"hidden","navbar":"visible","created":1590162484064},"id":"Toolbar.and.NavBar"}}
{"recorder_version":"31","session":"64f378ec1336","build":"193.5662.53","bucket":"159","time":1590162484063,"group":{"id":"ui.info.features","version":"3"},"event":{"state":true,"data":{"created":1590162484064,"enabled":false},"id":"Block.cursor"}}
{"recorder_version":"31","session":"64f378ec1336","build":"193.5662.53","bucket":"159","time":1590162484063,"group":{"id":"ui.info.features","version":"3"},"event":{"state":true,"data":{"created":1590162484064,"enabled":false},"id":"Screen.Reader"}}
{"recorder_version":"31","session":"64f378ec1336","build":"193.5662.53","bucket":"159","time":1590162484063,"group":{"id":"ui.info.features","version":"3"},"event":{"state":true,"data":{"created":1590162484064,"value":"Light"},"id":"Look.and.Feel"}}
{"recorder_version":"31","session":"64f378ec1336","build":"193.5662.53","bucket":"159","time":1590162484063,"group":{"id":"ui.info.features","version":"3"},"event":{"state":true,"data":{"created":1590162484064,"enabled":false},"id":"QuickDoc.Show.Toolwindow"}}
{"recorder_version":"31","session":"64f378ec1336","build":"193.5662.53","bucket":"159","time":1590162484063,"group":{"id":"ui.info.features","version":"3"},"event":{"state":true,"data":{"created":1590162484064,"enabled":true},"id":"Retina"}}
{"recorder_version":"31","session":"64f378ec1336","build":"193.5662.53","bucket":"159","time":1590162484063,"group":{"id":"ui.info.features","version":"3"},"event":{"state":true,"data":{"grouped":"[30_50]","created":1590162484064,"count":50},"id":"Recent.files.limit"}}
{"recorder_version":"31","session":"64f378ec1336","build":"193.5662.53","bucket":"159","time":1590162484063,"group":{"id":"ui.info.features","version":"3"},"event":{"state":true,"data":{"created":1590162484065,"value":"visible"},"id":"Status.bar"}}
{"recorder_version":"31","session":"64f378ec1336","build":"193.5662.53","bucket":"159","time":1590162484063,"group":{"id":"ui.info.features","version":"3"},"event":{"state":true,"data":{"created":1590162484065,"enabled":true},"id":"QuickDoc.AutoUpdate"}}
{"recorder_version":"31","session":"64f378ec1336","build":"193.5662.53","bucket":"159","time":1590162484063,"group":{"id":"ui.info.features","version":"3"},"event":{"state":true,"data":{"created":1590162484065,"value":"visible"},"id":"Nav.Bar"}}
{"recorder_version":"31","session":"64f378ec1336","build":"193.5662.53","bucket":"159","time":1590162484063,"group":{"id":"ui.info.features","version":"3"},"event":{"state":true,"data":{"created":1590162484065,"enabled":true},"id":"Gutter.Icons"}}
{"recorder_version":"31","session":"64f378ec1336","build":"193.5662.53","bucket":"159","time":1590162484063,"group":{"id":"ui.info.features","version":"3"},"event":{"state":true,"data":{"created":1590162484065,"enabled":true},"id":"Line.Numbers"}}
{"recorder_version":"31","session":"64f378ec1336","build":"193.5662.53","bucket":"159","time":1590162484063,"group":{"id":"ui.info.features","version":"3"},"event":{"state":true,"data":{"created":1590162484065,"value":"per_monitor_dpi"},"id":"Hidpi.Mode"}}
{"recorder_version":"31","session":"64f378ec1336","build":"193.5662.53","bucket":"159","time":1590162484063,"group":{"id":"ui.info.features","version":"3"},"event":{"state":true,"data":{"created":1590162484065,"enabled":true},"id":"Allow.merging.buttons"}}
{"recorder_version":"31","session":"64f378ec1336","build":"193.5662.53","bucket":"159","time":1590162484063,"group":{"id":"ui.info.features","version":"3"},"event":{"state":true,"data":{"created":1590162484065,"enabled":false},"id":"Soft.Wraps"}}
{"recorder_version":"31","session":"64f378ec1336","build":"193.5662.53","bucket":"159","time":1590162484063,"group":{"id":"ui.info.features","version":"3"},"event":{"state":true,"data":{"created":1590162484065},"id":"invoked"}}
{"recorder_version":"31","session":"64f378ec1336","build":"193.5662.53","bucket":"159","time":1590162484075,"group":{"id":"editor.settings.ide","version":"3"},"event":{"state":true,"data":{"created":1590162484075,"enabled":true},"id":"completionHints"}}
{"recorder_version":"31","session":"64f378ec1336","build":"193.5662.53","bucket":"159","time":1590162484075,"group":{"id":"editor.settings.ide","version":"3"},"event":{"state":true,"data":{"created":1590162484075},"id":"invoked"}}
{"recorder_version":"31","session":"64f378ec1336","build":"193.5662.53","bucket":"159","time":1590162484075,"group":{"id":"vcs.log.index.application","version":"2"},"event":{"state":true,"data":{"created":1590162484075},"id":"invoked"}}
{"recorder_version":"31","session":"64f378ec1336","build":"193.5662.53","bucket":"159","time":1590162484087,"group":{"id":"vcs.github","version":"2"},"event":{"state":true,"data":{"has_enterprise":false,"created":1590162484087,"count":0},"id":"accounts"}}
{"recorder_version":"31","session":"64f378ec1336","build":"193.5662.53","bucket":"159","time":1590162484087,"group":{"id":"vcs.github","version":"2"},"event":{"state":true,"data":{"created":1590162484087},"id":"invoked"}}
{"recorder_version":"31","session":"64f378ec1336","build":"193.5662.53","bucket":"159","time":1590162484087,"group":{"id":"vcs.application.configuration","version":"1"},"event":{"state":true,"data":{"created":1590162484087},"id":"invoked"}}
{"recorder_version":"31","session":"64f378ec1336","build":"193.5662.53","bucket":"159","time":1590162484087,"group":{"id":"ui.editor.color.schemes","version":"3"},"event":{"state":true,"data":{"scheme":"Default","created":1590162484087,"is_dark":false},"id":"enabled.color.scheme"}}
{"recorder_version":"31","session":"64f378ec1336","build":"193.5662.53","bucket":"159","time":1590162484087,"group":{"id":"ui.editor.color.schemes","version":"3"},"event":{"state":true,"data":{"created":1590162484087},"id":"invoked"}}
{"recorder_version":"31","session":"64f378ec1336","build":"193.5662.53","bucket":"159","time":1590162484090,"group":{"id":"system.runtime","version":"2"},"event":{"state":true,"data":{"created":1590162484090,"name":"G1_Old_Generation"},"id":"garbage.collector"}}
{"recorder_version":"31","session":"64f378ec1336","build":"193.5662.53","bucket":"159","time":1590162484090,"group":{"id":"system.runtime","version":"2"},"event":{"state":true,"data":{"created":1590162484091,"name":"Xmx","value":512},"id":"jvm.option"}}
{"recorder_version":"31","session":"64f378ec1336","build":"193.5662.53","bucket":"159","time":1590162484090,"group":{"id":"system.runtime","version":"2"},"event":{"state":true,"data":{"vendor":"JetBrains","created":1590162484091,"bit":"64","version":"1.11"},"id":"jvm"}}
{"recorder_version":"31","session":"64f378ec1336","build":"193.5662.53","bucket":"159","time":1590162484090,"group":{"id":"system.runtime","version":"2"},"event":{"state":true,"data":{"created":1590162484091,"name":"G1_Young_Generation"},"id":"garbage.collector"}}
{"recorder_version":"31","session":"64f378ec1336","build":"193.5662.53","bucket":"159","time":1590162484090,"group":{"id":"system.runtime","version":"2"},"event":{"state":true,"data":{"created":1590162484091,"value":8},"id":"cores"}}
{"recorder_version":"31","session":"64f378ec1336","build":"193.5662.53","bucket":"159","time":1590162484090,"group":{"id":"system.runtime","version":"2"},"event":{"state":true,"data":{"created":1590162484091,"name":"Xms","value":256},"id":"jvm.option"}}
{"recorder_version":"31","session":"64f378ec1336","build":"193.5662.53","bucket":"159","time":1590162484090,"group":{"id":"system.runtime","version":"2"},"event":{"state":true,"data":{"created":1590162484091},"id":"invoked"}}
{"recorder_version":"31","session":"64f378ec1336","build":"193.5662.53","bucket":"159","time":1590162484090,"group":{"id":"keymaps.name","version":"2"},"event":{"state":true,"data":{"created":1590162484091,"keymap_name":"Mac_OS_X_10.5+"},"id":"ide.keymap"}}
{"recorder_version":"31","session":"64f378ec1336","build":"193.5662.53","bucket":"159","time":1590162484090,"group":{"id":"keymaps.name","version":"2"},"event":{"state":true,"data":{"created":1590162484091},"id":"invoked"}}
{"recorder_version":"31","session":"64f378ec1336","build":"193.5662.53","bucket":"159","time":1590162484096,"group":{"id":"java.refactoring.settings","version":"1"},"event":{"state":true,"data":{"created":1590162484096},"id":"invoked"}}
{"recorder_version":"31","session":"64f378ec1336","build":"193.5662.53","bucket":"159","time":1590162484097,"group":{"id":"user.advanced.info","version":"2"},"event":{"state":true,"data":{"created":1590162484097,"value":"release"},"id":"build"}}
{"recorder_version":"31","session":"64f378ec1336","build":"193.5662.53","bucket":"159","time":1590162484097,"group":{"id":"user.advanced.info","version":"2"},"event":{"state":true,"data":{"created":1590162484097},"id":"release"}}
{"recorder_version":"31","session":"64f378ec1336","build":"193.5662.53","bucket":"159","time":1590162484097,"group":{"id":"user.advanced.info","version":"2"},"event":{"state":true,"data":{"created":1590162484097},"id":"invoked"}}
{"recorder_version":"31","session":"64f378ec1336","build":"193.5662.53","bucket":"159","time":1590162486272,"group":{"id":"performance","version":"31"},"event":{"count":1,"data":{"duration_ms":0,"created":1590162486272},"id":"ui.latency"}}
{"recorder_version":"31","session":"64f378ec1336","build":"193.5662.53","bucket":"159","time":1590162586482,"group":{"id":"performance","version":"31"},"event":{"count":1,"data":{"duration_ms":0,"created":1590162586482},"id":"ui.latency"}}
{"recorder_version":"31","session":"64f378ec1336","build":"193.5662.53","bucket":"159","time":1590162686676,"group":{"id":"performance","version":"31"},"event":{"count":1,"data":{"duration_ms":0,"created":1590162686676},"id":"ui.latency"}}
{"recorder_version":"31","session":"64f378ec1336","build":"193.5662.53","bucket":"159","time":1590162786864,"group":{"id":"performance","version":"31"},"event":{"count":1,"data":{"duration_ms":0,"created":1590162786864},"id":"ui.latency"}}
