{"recorder_version":"31","session":"ee75b4da7de7","build":"193.5662.53","bucket":"159","time":1589726073305,"group":{"id":"settings","version":"4"},"event":{"state":true,"data":{"component":"UISettings","created":1589726073484},"id":"invoked"}}
{"recorder_version":"31","session":"ee75b4da7de7","build":"193.5662.53","bucket":"159","time":1589726073306,"group":{"id":"settings","version":"4"},"event":{"state":true,"data":{"component":"NotRoamableUiSettings","created":1589726073485},"id":"invoked"}}
{"recorder_version":"31","session":"ee75b4da7de7","build":"193.5662.53","bucket":"159","time":1589726073314,"group":{"id":"system.java","version":"1"},"event":{"state":true,"data":{"created":1589726073491,"version":"validation.undefined_rule"},"id":"validation.undefined_rule"}}
{"recorder_version":"31","session":"ee75b4da7de7","build":"193.5662.53","bucket":"159","time":1589726073314,"group":{"id":"system.java","version":"1"},"event":{"state":true,"data":{"created":1589726073491},"id":"invoked"}}
{"recorder_version":"31","session":"ee75b4da7de7","build":"193.5662.53","bucket":"159","time":1589726073331,"group":{"id":"system.os","version":"3"},"event":{"state":true,"data":{"created":1589726073491,"version":"10.15"},"id":"Mac"}}
{"recorder_version":"31","session":"ee75b4da7de7","build":"193.5662.53","bucket":"159","time":1589726073331,"group":{"id":"system.os","version":"3"},"event":{"state":true,"data":{"created":1589726073491,"name":"Mac","version":"10.15"},"id":"os.name"}}
{"recorder_version":"31","session":"ee75b4da7de7","build":"193.5662.53","bucket":"159","time":1589726073331,"group":{"id":"system.os","version":"3"},"event":{"state":true,"data":{"created":1589726073492,"value":"+02_00"},"id":"os.timezone"}}
{"recorder_version":"31","session":"ee75b4da7de7","build":"193.5662.53","bucket":"159","time":1589726073331,"group":{"id":"system.os","version":"3"},"event":{"state":true,"data":{"created":1589726073492},"id":"invoked"}}
{"recorder_version":"31","session":"ee75b4da7de7","build":"193.5662.53","bucket":"159","time":1589726073445,"group":{"id":"settings","version":"4"},"event":{"state":true,"data":{"component":"UpdatesConfigurable","created":1589726073494,"name":"checkNeeded","type":"bool","value":false},"id":"not.default"}}
{"recorder_version":"31","session":"ee75b4da7de7","build":"193.5662.53","bucket":"159","time":1589726073446,"group":{"id":"settings","version":"4"},"event":{"state":true,"data":{"component":"UpdatesConfigurable","created":1589726073494},"id":"invoked"}}
{"recorder_version":"31","session":"ee75b4da7de7","build":"193.5662.53","bucket":"159","time":1589726073469,"group":{"id":"event.log","version":"31"},"event":{"count":1,"data":{"created":1589726073494,"version":"1258.0"},"id":"whitelist.loaded"}}
{"recorder_version":"31","session":"ee75b4da7de7","build":"193.5662.53","bucket":"159","time":1589726073556,"group":{"id":"settings","version":"4"},"event":{"state":true,"data":{"component":"GeneralSettings","created":1589726073556,"name":"showTipsOnStartup","type":"bool","value":false},"id":"not.default"}}
{"recorder_version":"31","session":"ee75b4da7de7","build":"193.5662.53","bucket":"159","time":1589726073556,"group":{"id":"settings","version":"4"},"event":{"state":true,"data":{"component":"GeneralSettings","created":1589726073557},"id":"invoked"}}
{"recorder_version":"31","session":"ee75b4da7de7","build":"193.5662.53","bucket":"159","time":1589726073572,"group":{"id":"lifecycle","version":"31"},"event":{"count":1,"data":{"internal":true,"eap":false,"created":1589726073572},"id":"ide.start"}}
{"recorder_version":"31","session":"ee75b4da7de7","build":"193.5662.53","bucket":"159","time":1589726073654,"group":{"id":"settings","version":"4"},"event":{"state":true,"data":{"component":"XmlEditorOptions","created":1589726073654},"id":"invoked"}}
{"recorder_version":"31","session":"ee75b4da7de7","build":"193.5662.53","bucket":"159","time":1589726074062,"group":{"id":"settings","version":"4"},"event":{"state":true,"data":{"component":"VcsApplicationSettings","created":1589726074062},"id":"invoked"}}
{"recorder_version":"31","session":"ee75b4da7de7","build":"193.5662.53","bucket":"159","time":1589726074062,"group":{"id":"lifecycle","version":"31"},"event":{"count":1,"data":{"created":1589726074062},"id":"frame.activated"}}
{"recorder_version":"31","session":"ee75b4da7de7","build":"193.5662.53","bucket":"159","time":1589726074165,"group":{"id":"ui.dialogs","version":"31"},"event":{"count":1,"data":{"created":1589726074166,"plugin_type":"PLATFORM","dialog_class":"com.intellij.openapi.progress.util.ProgressDialog$MyDialogWrapper"},"id":"show"}}
{"recorder_version":"31","session":"ee75b4da7de7","build":"193.5662.53","bucket":"159","time":1589726074334,"group":{"id":"performance","version":"31"},"event":{"count":1,"data":{"duration_ms":89,"created":1589726074334},"id":"ui.latency"}}
{"recorder_version":"31","session":"ee75b4da7de7","build":"193.5662.53","bucket":"159","time":1589726075148,"group":{"id":"lifecycle","version":"31"},"event":{"count":1,"data":{"created":1589726075148,"project":"d119a6d897fcb33934b9adf90ec59bc9e850f90f58367fa567dc99031a6fc921"},"id":"project.opened"}}
{"recorder_version":"31","session":"ee75b4da7de7","build":"193.5662.53","bucket":"159","time":1589726075436,"group":{"id":"performance","version":"31"},"event":{"count":1,"data":{"duration_ms":197,"created":1589726075436},"id":"ui.lagging"}}
{"recorder_version":"31","session":"ee75b4da7de7","build":"193.5662.53","bucket":"159","time":1589726075934,"group":{"id":"indexing","version":"2"},"event":{"count":1,"data":{"ide_activity_id":1,"created":1589726075934,"project":"d119a6d897fcb33934b9adf90ec59bc9e850f90f58367fa567dc99031a6fc921"},"id":"started"}}
{"recorder_version":"31","session":"ee75b4da7de7","build":"193.5662.53","bucket":"159","time":1589726075967,"group":{"id":"indexing","version":"2"},"event":{"count":1,"data":{"ide_activity_id":1,"stage_class":"com.intellij.util.indexing.UnindexedFilesUpdater","created":1589726075967,"plugin_type":"PLATFORM"},"id":"stage"}}
{"recorder_version":"31","session":"ee75b4da7de7","build":"193.5662.53","bucket":"159","time":1589726076098,"group":{"id":"project.fs","version":"1"},"event":{"state":true,"data":{"os":"Mac","cs-project":false,"created":1589726076098,"project":"d119a6d897fcb33934b9adf90ec59bc9e850f90f58367fa567dc99031a6fc921","cs-implicit":true,"cs-system":false},"id":"case-sensitivity"}}
{"recorder_version":"31","session":"ee75b4da7de7","build":"193.5662.53","bucket":"159","time":1589726076098,"group":{"id":"project.fs","version":"1"},"event":{"state":true,"data":{"created":1589726076098},"id":"invoked"}}
{"recorder_version":"31","session":"ee75b4da7de7","build":"193.5662.53","bucket":"159","time":1589726076099,"group":{"id":"project.fs","version":"1"},"event":{"state":true,"data":{"pct-non-watched":0,"created":1589726076099,"project":"d119a6d897fcb33934b9adf90ec59bc9e850f90f58367fa567dc99031a6fc921"},"id":"roots-watched"}}
{"recorder_version":"31","session":"ee75b4da7de7","build":"193.5662.53","bucket":"159","time":1589726076099,"group":{"id":"project.fs","version":"1"},"event":{"state":true,"data":{"created":1589726076099},"id":"invoked"}}
{"recorder_version":"31","session":"ee75b4da7de7","build":"193.5662.53","bucket":"159","time":1589726076216,"group":{"id":"ui.dialogs","version":"31"},"event":{"count":1,"data":{"code":1,"created":1589726076217,"plugin_type":"PLATFORM","dialog_class":"com.intellij.openapi.progress.util.ProgressDialog$MyDialogWrapper"},"id":"close"}}
{"recorder_version":"31","session":"ee75b4da7de7","build":"193.5662.53","bucket":"159","time":1589726076277,"group":{"id":"lifecycle","version":"31"},"event":{"count":1,"data":{"duration_ms":2548,"created":1589726076277,"project":"d119a6d897fcb33934b9adf90ec59bc9e850f90f58367fa567dc99031a6fc921"},"id":"project.opening.finished"}}
{"recorder_version":"31","session":"ee75b4da7de7","build":"193.5662.53","bucket":"159","time":1589726077089,"group":{"id":"indexing","version":"2"},"event":{"count":1,"data":{"duration_ms":1155,"ide_activity_id":1,"created":1589726077089},"id":"finished"}}
{"recorder_version":"31","session":"ee75b4da7de7","build":"193.5662.53","bucket":"159","time":1589726077141,"group":{"id":"indexing","version":"2"},"event":{"count":1,"data":{"ide_activity_id":2,"created":1589726077141,"project":"d119a6d897fcb33934b9adf90ec59bc9e850f90f58367fa567dc99031a6fc921"},"id":"started"}}
{"recorder_version":"31","session":"ee75b4da7de7","build":"193.5662.53","bucket":"159","time":1589726077148,"group":{"id":"indexing","version":"2"},"event":{"count":1,"data":{"ide_activity_id":2,"plugin":"org.jetbrains.android","stage_class":"com.android.tools.idea.res.ResourceFolderRepositoryFileCacheImpl$PruneTask","created":1589726077148,"plugin_type":"JB_BUNDLED"},"id":"stage"}}
{"recorder_version":"31","session":"ee75b4da7de7","build":"193.5662.53","bucket":"159","time":1589726077180,"group":{"id":"indexing","version":"2"},"event":{"count":1,"data":{"ide_activity_id":2,"plugin":"org.jetbrains.android","stage_class":"com.android.tools.idea.res.ResourceFolderRepositoryFileCacheImpl$ManageLruProjectFilesTask","created":1589726077180,"plugin_type":"JB_BUNDLED"},"id":"stage"}}
{"recorder_version":"31","session":"ee75b4da7de7","build":"193.5662.53","bucket":"159","time":1589726077194,"group":{"id":"indexing","version":"2"},"event":{"count":1,"data":{"duration_ms":53,"ide_activity_id":2,"created":1589726077194},"id":"finished"}}
{"recorder_version":"31","session":"ee75b4da7de7","build":"193.5662.53","bucket":"159","time":1589726077203,"group":{"id":"indexing","version":"2"},"event":{"count":1,"data":{"ide_activity_id":3,"created":1589726077203,"project":"d119a6d897fcb33934b9adf90ec59bc9e850f90f58367fa567dc99031a6fc921"},"id":"started"}}
{"recorder_version":"31","session":"ee75b4da7de7","build":"193.5662.53","bucket":"159","time":1589726077208,"group":{"id":"indexing","version":"2"},"event":{"count":1,"data":{"ide_activity_id":3,"plugin":"org.jetbrains.android","stage_class":"com.android.tools.idea.res.ResourceFolderRegistry$PopulateCachesTask","created":1589726077209,"plugin_type":"JB_BUNDLED"},"id":"stage"}}
{"recorder_version":"31","session":"ee75b4da7de7","build":"193.5662.53","bucket":"159","time":1589726077235,"group":{"id":"indexing","version":"2"},"event":{"count":1,"data":{"duration_ms":32,"ide_activity_id":3,"created":1589726077235},"id":"finished"}}
{"recorder_version":"31","session":"ee75b4da7de7","build":"193.5662.53","bucket":"159","time":1589726077605,"group":{"id":"performance","version":"31"},"event":{"count":1,"data":{"duration_ms":361,"created":1589726077605},"id":"ui.lagging"}}
{"recorder_version":"31","session":"ee75b4da7de7","build":"193.5662.53","bucket":"159","time":1589726079278,"group":{"id":"actions","version":"31"},"event":{"count":1,"data":{"context_menu":true,"action_id":"third.party","created":1589726079278,"plugin_type":"NOT_LISTED","project":"d119a6d897fcb33934b9adf90ec59bc9e850f90f58367fa567dc99031a6fc921","place":"MainMenu","class":"third.party","input_event":"NoMouseButton"},"id":"action.invoked"}}
{"recorder_version":"31","session":"ee75b4da7de7","build":"193.5662.53","bucket":"159","time":1589726081202,"group":{"id":"startup","version":"1"},"event":{"count":1,"data":{"duration":1072,"created":1589726081203},"id":"appInit"}}
{"recorder_version":"31","session":"ee75b4da7de7","build":"193.5662.53","bucket":"159","time":1589726081203,"group":{"id":"startup","version":"1"},"event":{"count":1,"data":{"duration":184,"created":1589726081203},"id":"splash"}}
{"recorder_version":"31","session":"ee75b4da7de7","build":"193.5662.53","bucket":"159","time":1589726081203,"group":{"id":"startup","version":"1"},"event":{"count":1,"data":{"duration":309,"created":1589726081203},"id":"bootstrap"}}
{"recorder_version":"31","session":"ee75b4da7de7","build":"193.5662.53","bucket":"159","time":1589726081203,"group":{"id":"startup","version":"1"},"event":{"count":1,"data":{"duration":5945,"created":1589726081203},"id":"totalDuration"}}
{"recorder_version":"31","session":"ee75b4da7de7","build":"193.5662.53","bucket":"159","time":1589726090473,"group":{"id":"lifecycle","version":"31"},"event":{"count":1,"data":{"created":1589726090473,"project":"d119a6d897fcb33934b9adf90ec59bc9e850f90f58367fa567dc99031a6fc921"},"id":"frame.deactivated"}}
{"recorder_version":"31","session":"ee75b4da7de7","build":"193.5662.53","bucket":"159","time":1589726174541,"group":{"id":"performance","version":"31"},"event":{"count":1,"data":{"duration_ms":1,"created":1589726174541},"id":"ui.latency"}}
{"recorder_version":"31","session":"ee75b4da7de7","build":"193.5662.53","bucket":"159","time":1589726274840,"group":{"id":"performance","version":"31"},"event":{"count":1,"data":{"duration_ms":0,"created":1589726274840},"id":"ui.latency"}}
{"recorder_version":"31","session":"ee75b4da7de7","build":"193.5662.53","bucket":"159","time":1589726373574,"group":{"id":"kotlin.ide.j2k","version":"1"},"event":{"count":1,"data":{"created":1589726373574},"id":"registered"}}
{"recorder_version":"31","session":"ee75b4da7de7","build":"193.5662.53","bucket":"159","time":1589726373574,"group":{"id":"java.find.usages","version":"1"},"event":{"count":1,"data":{"created":1589726373575},"id":"registered"}}
{"recorder_version":"31","session":"ee75b4da7de7","build":"193.5662.53","bucket":"159","time":1589726373574,"group":{"id":"file.types.usage","version":"31"},"event":{"count":1,"data":{"created":1589726373575},"id":"registered"}}
{"recorder_version":"31","session":"ee75b4da7de7","build":"193.5662.53","bucket":"159","time":1589726373574,"group":{"id":"ide.script.engine","version":"2"},"event":{"count":1,"data":{"created":1589726373575},"id":"registered"}}
{"recorder_version":"31","session":"ee75b4da7de7","build":"193.5662.53","bucket":"159","time":1589726373574,"group":{"id":"live.templates","version":"31"},"event":{"count":1,"data":{"created":1589726373575},"id":"registered"}}
{"recorder_version":"31","session":"ee75b4da7de7","build":"193.5662.53","bucket":"159","time":1589726373574,"group":{"id":"ide.self.update","version":"2"},"event":{"count":1,"data":{"created":1589726373575},"id":"registered"}}
{"recorder_version":"31","session":"ee75b4da7de7","build":"193.5662.53","bucket":"159","time":1589726373574,"group":{"id":"lifecycle","version":"31"},"event":{"count":1,"data":{"created":1589726373575},"id":"registered"}}
{"recorder_version":"31","session":"ee75b4da7de7","build":"193.5662.53","bucket":"159","time":1589726373574,"group":{"id":"vcs.diff.trigger","version":"1"},"event":{"count":1,"data":{"created":1589726373576},"id":"registered"}}
{"recorder_version":"31","session":"ee75b4da7de7","build":"193.5662.53","bucket":"159","time":1589726373574,"group":{"id":"debugger.breakpoints.usage","version":"2"},"event":{"count":1,"data":{"created":1589726373576},"id":"registered"}}
{"recorder_version":"31","session":"ee75b4da7de7","build":"193.5662.53","bucket":"159","time":1589726373574,"group":{"id":"kotlin.gradle.library","version":"1"},"event":{"count":1,"data":{"created":1589726373576},"id":"registered"}}
{"recorder_version":"31","session":"ee75b4da7de7","build":"193.5662.53","bucket":"159","time":1589726373574,"group":{"id":"startup","version":"1"},"event":{"count":1,"data":{"created":1589726373576},"id":"registered"}}
{"recorder_version":"31","session":"ee75b4da7de7","build":"193.5662.53","bucket":"159","time":1589726373574,"group":{"id":"find","version":"2"},"event":{"count":1,"data":{"created":1589726373576},"id":"registered"}}
{"recorder_version":"31","session":"ee75b4da7de7","build":"193.5662.53","bucket":"159","time":1589726373574,"group":{"id":"kotlin.gradle.target","version":"2"},"event":{"count":1,"data":{"created":1589726373576},"id":"registered"}}
{"recorder_version":"31","session":"ee75b4da7de7","build":"193.5662.53","bucket":"159","time":1589726373574,"group":{"id":"gutter.icon.click","version":"2"},"event":{"count":1,"data":{"created":1589726373576},"id":"registered"}}
{"recorder_version":"31","session":"ee75b4da7de7","build":"193.5662.53","bucket":"159","time":1589726373574,"group":{"id":"shell.script","version":"1"},"event":{"count":1,"data":{"created":1589726373576},"id":"registered"}}
{"recorder_version":"31","session":"ee75b4da7de7","build":"193.5662.53","bucket":"159","time":1589726373574,"group":{"id":"new.project.wizard","version":"1"},"event":{"count":1,"data":{"created":1589726373576},"id":"registered"}}
{"recorder_version":"31","session":"ee75b4da7de7","build":"193.5662.53","bucket":"159","time":1589726373574,"group":{"id":"kotlin.ide.npwizards","version":"1"},"event":{"count":1,"data":{"created":1589726373576},"id":"registered"}}
{"recorder_version":"31","session":"ee75b4da7de7","build":"193.5662.53","bucket":"159","time":1589726373574,"group":{"id":"intentions","version":"31"},"event":{"count":1,"data":{"created":1589726373577},"id":"registered"}}
{"recorder_version":"31","session":"ee75b4da7de7","build":"193.5662.53","bucket":"159","time":1589726373574,"group":{"id":"settings.repository","version":"1"},"event":{"count":1,"data":{"created":1589726373577},"id":"registered"}}
{"recorder_version":"31","session":"ee75b4da7de7","build":"193.5662.53","bucket":"159","time":1589726373574,"group":{"id":"vcs.change.reminder","version":"2"},"event":{"count":1,"data":{"created":1589726373577},"id":"registered"}}
{"recorder_version":"31","session":"ee75b4da7de7","build":"193.5662.53","bucket":"159","time":1589726373574,"group":{"id":"create.directory.dialog","version":"1"},"event":{"count":1,"data":{"created":1589726373577},"id":"registered"}}
{"recorder_version":"31","session":"ee75b4da7de7","build":"193.5662.53","bucket":"159","time":1589726373574,"group":{"id":"kotlin.maven.target","version":"3"},"event":{"count":1,"data":{"created":1589726373577},"id":"registered"}}
{"recorder_version":"31","session":"ee75b4da7de7","build":"193.5662.53","bucket":"159","time":1589726373574,"group":{"id":"json.schema","version":"1"},"event":{"count":1,"data":{"created":1589726373577},"id":"registered"}}
{"recorder_version":"31","session":"ee75b4da7de7","build":"193.5662.53","bucket":"159","time":1589726373574,"group":{"id":"terminalShell","version":"1"},"event":{"count":1,"data":{"created":1589726373577},"id":"registered"}}
{"recorder_version":"31","session":"ee75b4da7de7","build":"193.5662.53","bucket":"159","time":1589726373574,"group":{"id":"rename.refactoring","version":"1"},"event":{"count":1,"data":{"created":1589726373577},"id":"registered"}}
{"recorder_version":"31","session":"ee75b4da7de7","build":"193.5662.53","bucket":"159","time":1589726373574,"group":{"id":"build.ant.actions","version":"1"},"event":{"count":1,"data":{"created":1589726373577},"id":"registered"}}
{"recorder_version":"31","session":"ee75b4da7de7","build":"193.5662.53","bucket":"159","time":1589726373574,"group":{"id":"actions","version":"31"},"event":{"count":1,"data":{"created":1589726373577},"id":"registered"}}
{"recorder_version":"31","session":"ee75b4da7de7","build":"193.5662.53","bucket":"159","time":1589726373574,"group":{"id":"kotlin.ide.editor","version":"1"},"event":{"count":1,"data":{"created":1589726373577},"id":"registered"}}
{"recorder_version":"31","session":"ee75b4da7de7","build":"193.5662.53","bucket":"159","time":1589726373574,"group":{"id":"event.log","version":"31"},"event":{"count":1,"data":{"created":1589726373578},"id":"registered"}}
{"recorder_version":"31","session":"ee75b4da7de7","build":"193.5662.53","bucket":"159","time":1589726373574,"group":{"id":"run.configuration.exec","version":"31"},"event":{"count":1,"data":{"created":1589726373578},"id":"registered"}}
{"recorder_version":"31","session":"ee75b4da7de7","build":"193.5662.53","bucket":"159","time":1589726373574,"group":{"id":"build.tools.actions","version":"1"},"event":{"count":1,"data":{"created":1589726373578},"id":"registered"}}
{"recorder_version":"31","session":"ee75b4da7de7","build":"193.5662.53","bucket":"159","time":1589726373574,"group":{"id":"file.editor","version":"2"},"event":{"count":1,"data":{"created":1589726373578},"id":"registered"}}
{"recorder_version":"31","session":"ee75b4da7de7","build":"193.5662.53","bucket":"159","time":1589726373574,"group":{"id":"vfs","version":"2"},"event":{"count":1,"data":{"created":1589726373578},"id":"registered"}}
{"recorder_version":"31","session":"ee75b4da7de7","build":"193.5662.53","bucket":"159","time":1589726373574,"group":{"id":"project.import","version":"2"},"event":{"count":1,"data":{"created":1589726373578},"id":"registered"}}
{"recorder_version":"31","session":"ee75b4da7de7","build":"193.5662.53","bucket":"159","time":1589726373574,"group":{"id":"actions.runAnything","version":"1"},"event":{"count":1,"data":{"created":1589726373578},"id":"registered"}}
{"recorder_version":"31","session":"ee75b4da7de7","build":"193.5662.53","bucket":"159","time":1589726373574,"group":{"id":"toolwindow","version":"31"},"event":{"count":1,"data":{"created":1589726373578},"id":"registered"}}
{"recorder_version":"31","session":"ee75b4da7de7","build":"193.5662.53","bucket":"159","time":1589726373574,"group":{"id":"kotlin.ide.newFileTempl","version":"1"},"event":{"count":1,"data":{"created":1589726373578},"id":"registered"}}
{"recorder_version":"31","session":"ee75b4da7de7","build":"193.5662.53","bucket":"159","time":1589726373574,"group":{"id":"ui.settings","version":"31"},"event":{"count":1,"data":{"created":1589726373579},"id":"registered"}}
{"recorder_version":"31","session":"ee75b4da7de7","build":"193.5662.53","bucket":"159","time":1589726373574,"group":{"id":"vcs.log.trigger","version":"2"},"event":{"count":1,"data":{"created":1589726373579},"id":"registered"}}
{"recorder_version":"31","session":"ee75b4da7de7","build":"193.5662.53","bucket":"159","time":1589726373574,"group":{"id":"productivity","version":"31"},"event":{"count":1,"data":{"created":1589726373579},"id":"registered"}}
{"recorder_version":"31","session":"ee75b4da7de7","build":"193.5662.53","bucket":"159","time":1589726373574,"group":{"id":"build.maven.actions","version":"1"},"event":{"count":1,"data":{"created":1589726373579},"id":"registered"}}
{"recorder_version":"31","session":"ee75b4da7de7","build":"193.5662.53","bucket":"159","time":1589726373574,"group":{"id":"ui.event","version":"3"},"event":{"count":1,"data":{"created":1589726373579},"id":"registered"}}
{"recorder_version":"31","session":"ee75b4da7de7","build":"193.5662.53","bucket":"159","time":1589726373574,"group":{"id":"plugins.advertiser","version":"1"},"event":{"count":1,"data":{"created":1589726373579},"id":"registered"}}
{"recorder_version":"31","session":"ee75b4da7de7","build":"193.5662.53","bucket":"159","time":1589726373574,"group":{"id":"editor.notification.panel","version":"1"},"event":{"count":1,"data":{"created":1589726373579},"id":"registered"}}
{"recorder_version":"31","session":"ee75b4da7de7","build":"193.5662.53","bucket":"159","time":1589726373574,"group":{"id":"kotlin.ide.debugger","version":"2"},"event":{"count":1,"data":{"created":1589726373579},"id":"registered"}}
{"recorder_version":"31","session":"ee75b4da7de7","build":"193.5662.53","bucket":"159","time":1589726373574,"group":{"id":"tooltip.action.events","version":"1"},"event":{"count":1,"data":{"created":1589726373579},"id":"registered"}}
{"recorder_version":"31","session":"ee75b4da7de7","build":"193.5662.53","bucket":"159","time":1589726373574,"group":{"id":"completion","version":"1"},"event":{"count":1,"data":{"created":1589726373580},"id":"registered"}}
{"recorder_version":"31","session":"ee75b4da7de7","build":"193.5662.53","bucket":"159","time":1589726373574,"group":{"id":"indexing","version":"2"},"event":{"count":1,"data":{"created":1589726373580},"id":"registered"}}
{"recorder_version":"31","session":"ee75b4da7de7","build":"193.5662.53","bucket":"159","time":1589726373574,"group":{"id":"vcs","version":"2"},"event":{"count":1,"data":{"created":1589726373580},"id":"registered"}}
{"recorder_version":"31","session":"ee75b4da7de7","build":"193.5662.53","bucket":"159","time":1589726373574,"group":{"id":"ui.dialogs","version":"31"},"event":{"count":1,"data":{"created":1589726373580},"id":"registered"}}
{"recorder_version":"31","session":"ee75b4da7de7","build":"193.5662.53","bucket":"159","time":1589726373574,"group":{"id":"vcs.back.forward.trigger","version":"1"},"event":{"count":1,"data":{"created":1589726373580},"id":"registered"}}
{"recorder_version":"31","session":"ee75b4da7de7","build":"193.5662.53","bucket":"159","time":1589726373574,"group":{"id":"customize.wizard","version":"1"},"event":{"count":1,"data":{"created":1589726373580},"id":"registered"}}
{"recorder_version":"31","session":"ee75b4da7de7","build":"193.5662.53","bucket":"159","time":1589726373574,"group":{"id":"ide.update.dialog","version":"1"},"event":{"count":1,"data":{"created":1589726373580},"id":"registered"}}
{"recorder_version":"31","session":"ee75b4da7de7","build":"193.5662.53","bucket":"159","time":1589726373574,"group":{"id":"toolbar","version":"31"},"event":{"count":1,"data":{"created":1589726373580},"id":"registered"}}
{"recorder_version":"31","session":"ee75b4da7de7","build":"193.5662.53","bucket":"159","time":1589726373574,"group":{"id":"build.gradle.actions","version":"1"},"event":{"count":1,"data":{"created":1589726373580},"id":"registered"}}
{"recorder_version":"31","session":"ee75b4da7de7","build":"193.5662.53","bucket":"159","time":1589726373574,"group":{"id":"performance","version":"31"},"event":{"count":1,"data":{"created":1589726373580},"id":"registered"}}
{"recorder_version":"31","session":"ee75b4da7de7","build":"193.5662.53","bucket":"159","time":1589726373574,"group":{"id":"build","version":"2"},"event":{"count":1,"data":{"created":1589726373580},"id":"registered"}}
{"recorder_version":"31","session":"ee75b4da7de7","build":"193.5662.53","bucket":"159","time":1589726373574,"group":{"id":"searchEverywhere","version":"2"},"event":{"count":1,"data":{"created":1589726373580},"id":"registered"}}
{"recorder_version":"31","session":"ee75b4da7de7","build":"193.5662.53","bucket":"159","time":1589726373574,"group":{"id":"kotlin.ide.action.refactoring","version":"1"},"event":{"count":1,"data":{"created":1589726373580},"id":"registered"}}
{"recorder_version":"31","session":"ee75b4da7de7","build":"193.5662.53","bucket":"159","time":1589726373574,"group":{"id":"ui.tips","version":"3"},"event":{"count":1,"data":{"created":1589726373580},"id":"registered"}}
{"recorder_version":"31","session":"ee75b4da7de7","build":"193.5662.53","bucket":"159","time":1589726373574,"group":{"id":"surround.with","version":"2"},"event":{"count":1,"data":{"created":1589726373580},"id":"registered"}}
{"recorder_version":"31","session":"ee75b4da7de7","build":"193.5662.53","bucket":"159","time":1589726373574,"group":{"id":"import.old.config","version":"3"},"event":{"count":1,"data":{"created":1589726373580},"id":"registered"}}
{"recorder_version":"31","session":"ee75b4da7de7","build":"193.5662.53","bucket":"159","time":1589726373574,"group":{"id":"kotlin.jps.target","version":"3"},"event":{"count":1,"data":{"created":1589726373581},"id":"registered"}}
{"recorder_version":"31","session":"ee75b4da7de7","build":"193.5662.53","bucket":"159","time":1589726373574,"group":{"id":"completion.postfix","version":"31"},"event":{"count":1,"data":{"created":1589726373581},"id":"registered"}}
{"recorder_version":"31","session":"ee75b4da7de7","build":"193.5662.53","bucket":"159","time":1589726373574,"group":{"id":"build.maven.packagesearch","version":"2"},"event":{"count":1,"data":{"created":1589726373581},"id":"registered"}}
{"recorder_version":"31","session":"ee75b4da7de7","build":"193.5662.53","bucket":"159","time":1589726375122,"group":{"id":"performance","version":"31"},"event":{"count":1,"data":{"duration_ms":0,"created":1589726375123},"id":"ui.latency"}}
