{"recorder_version":"31","session":"ebb35ef802e7","build":"193.5662.53","bucket":"159","time":1590243964730,"group":{"id":"settings","version":"4"},"event":{"state":true,"data":{"component":"NotRoamableUiSettings","created":1590243965142},"id":"invoked"}}
{"recorder_version":"31","session":"ebb35ef802e7","build":"193.5662.53","bucket":"159","time":1590243964731,"group":{"id":"settings","version":"4"},"event":{"state":true,"data":{"component":"UISettings","created":1590243965144},"id":"invoked"}}
{"recorder_version":"31","session":"ebb35ef802e7","build":"193.5662.53","bucket":"159","time":1590243964741,"group":{"id":"system.java","version":"1"},"event":{"state":true,"data":{"created":1590243965155,"version":"validation.undefined_rule"},"id":"validation.undefined_rule"}}
{"recorder_version":"31","session":"ebb35ef802e7","build":"193.5662.53","bucket":"159","time":1590243964741,"group":{"id":"system.java","version":"1"},"event":{"state":true,"data":{"created":1590243965156},"id":"invoked"}}
{"recorder_version":"31","session":"ebb35ef802e7","build":"193.5662.53","bucket":"159","time":1590243964785,"group":{"id":"system.os","version":"3"},"event":{"state":true,"data":{"created":1590243965156,"version":"10.15"},"id":"Mac"}}
{"recorder_version":"31","session":"ebb35ef802e7","build":"193.5662.53","bucket":"159","time":1590243964786,"group":{"id":"system.os","version":"3"},"event":{"state":true,"data":{"created":1590243965158,"name":"Mac","version":"10.15"},"id":"os.name"}}
{"recorder_version":"31","session":"ebb35ef802e7","build":"193.5662.53","bucket":"159","time":1590243964786,"group":{"id":"system.os","version":"3"},"event":{"state":true,"data":{"created":1590243965159,"value":"+02_00"},"id":"os.timezone"}}
{"recorder_version":"31","session":"ebb35ef802e7","build":"193.5662.53","bucket":"159","time":1590243964786,"group":{"id":"system.os","version":"3"},"event":{"state":true,"data":{"created":1590243965160},"id":"invoked"}}
{"recorder_version":"31","session":"ebb35ef802e7","build":"193.5662.53","bucket":"159","time":1590243964977,"group":{"id":"settings","version":"4"},"event":{"state":true,"data":{"component":"UpdatesConfigurable","created":1590243965160,"name":"checkNeeded","type":"bool","value":false},"id":"not.default"}}
{"recorder_version":"31","session":"ebb35ef802e7","build":"193.5662.53","bucket":"159","time":1590243964977,"group":{"id":"settings","version":"4"},"event":{"state":true,"data":{"component":"UpdatesConfigurable","created":1590243965161},"id":"invoked"}}
{"recorder_version":"31","session":"ebb35ef802e7","build":"193.5662.53","bucket":"159","time":1590243965100,"group":{"id":"event.log","version":"31"},"event":{"count":1,"data":{"created":1590243965162,"version":"1268.0"},"id":"whitelist.loaded"}}
{"recorder_version":"31","session":"ebb35ef802e7","build":"193.5662.53","bucket":"159","time":1590243965208,"group":{"id":"settings","version":"4"},"event":{"state":true,"data":{"component":"GeneralSettings","created":1590243965217,"name":"showTipsOnStartup","type":"bool","value":false},"id":"not.default"}}
{"recorder_version":"31","session":"ebb35ef802e7","build":"193.5662.53","bucket":"159","time":1590243965208,"group":{"id":"settings","version":"4"},"event":{"state":true,"data":{"component":"GeneralSettings","created":1590243965218},"id":"invoked"}}
{"recorder_version":"31","session":"ebb35ef802e7","build":"193.5662.53","bucket":"159","time":1590243965258,"group":{"id":"lifecycle","version":"31"},"event":{"count":1,"data":{"internal":true,"eap":false,"created":1590243965258},"id":"ide.start"}}
{"recorder_version":"31","session":"ebb35ef802e7","build":"193.5662.53","bucket":"159","time":1590243965406,"group":{"id":"settings","version":"4"},"event":{"state":true,"data":{"component":"XmlEditorOptions","created":1590243965406},"id":"invoked"}}
{"recorder_version":"31","session":"ebb35ef802e7","build":"193.5662.53","bucket":"159","time":1590243966305,"group":{"id":"settings","version":"4"},"event":{"state":true,"data":{"component":"VcsApplicationSettings","created":1590243966306},"id":"invoked"}}
{"recorder_version":"31","session":"ebb35ef802e7","build":"193.5662.53","bucket":"159","time":1590243966306,"group":{"id":"lifecycle","version":"31"},"event":{"count":1,"data":{"created":1590243966306},"id":"frame.activated"}}
{"recorder_version":"31","session":"ebb35ef802e7","build":"193.5662.53","bucket":"159","time":1590243966345,"group":{"id":"performance","version":"31"},"event":{"count":1,"data":{"duration_ms":741,"created":1590243966345},"id":"ui.latency"}}
{"recorder_version":"31","session":"ebb35ef802e7","build":"193.5662.53","bucket":"159","time":1590243966345,"group":{"id":"performance","version":"31"},"event":{"count":1,"data":{"duration_ms":741,"created":1590243966346},"id":"ui.lagging"}}
{"recorder_version":"31","session":"ebb35ef802e7","build":"193.5662.53","bucket":"159","time":1590243966661,"group":{"id":"ui.dialogs","version":"31"},"event":{"count":1,"data":{"created":1590243966662,"plugin_type":"PLATFORM","dialog_class":"com.intellij.openapi.progress.util.ProgressDialog$MyDialogWrapper"},"id":"show"}}
{"recorder_version":"31","session":"ebb35ef802e7","build":"193.5662.53","bucket":"159","time":1590243966811,"group":{"id":"performance","version":"31"},"event":{"count":1,"data":{"duration_ms":211,"created":1590243966812},"id":"ui.lagging"}}
{"recorder_version":"31","session":"ebb35ef802e7","build":"193.5662.53","bucket":"159","time":1590243968491,"group":{"id":"lifecycle","version":"31"},"event":{"count":1,"data":{"created":1590243968491,"project":"d119a6d897fcb33934b9adf90ec59bc9e850f90f58367fa567dc99031a6fc921"},"id":"project.opened"}}
{"recorder_version":"31","session":"ebb35ef802e7","build":"193.5662.53","bucket":"159","time":1590243969215,"group":{"id":"performance","version":"31"},"event":{"count":1,"data":{"duration_ms":611,"created":1590243969215},"id":"ui.lagging"}}
{"recorder_version":"31","session":"ebb35ef802e7","build":"193.5662.53","bucket":"159","time":1590243969235,"group":{"id":"toolwindow","version":"31"},"event":{"count":1,"data":{"created":1590243969235,"plugin_type":"PLATFORM","id":"Event_Log"},"id":"activated"}}
{"recorder_version":"31","session":"ebb35ef802e7","build":"193.5662.53","bucket":"159","time":1590243970265,"group":{"id":"performance","version":"31"},"event":{"count":1,"data":{"duration_ms":657,"created":1590243970265},"id":"ui.lagging"}}
{"recorder_version":"31","session":"ebb35ef802e7","build":"193.5662.53","bucket":"159","time":1590243970920,"group":{"id":"performance","version":"31"},"event":{"count":1,"data":{"duration_ms":308,"created":1590243970920},"id":"ui.lagging"}}
{"recorder_version":"31","session":"ebb35ef802e7","build":"193.5662.53","bucket":"159","time":1590243971670,"group":{"id":"indexing","version":"2"},"event":{"count":1,"data":{"ide_activity_id":1,"created":1590243971670,"project":"d119a6d897fcb33934b9adf90ec59bc9e850f90f58367fa567dc99031a6fc921"},"id":"started"}}
{"recorder_version":"31","session":"ebb35ef802e7","build":"193.5662.53","bucket":"159","time":1590243971677,"group":{"id":"project.fs","version":"1"},"event":{"state":true,"data":{"os":"Mac","cs-project":false,"created":1590243971677,"project":"d119a6d897fcb33934b9adf90ec59bc9e850f90f58367fa567dc99031a6fc921","cs-implicit":true,"cs-system":false},"id":"case-sensitivity"}}
{"recorder_version":"31","session":"ebb35ef802e7","build":"193.5662.53","bucket":"159","time":1590243971677,"group":{"id":"project.fs","version":"1"},"event":{"state":true,"data":{"created":1590243971677},"id":"invoked"}}
{"recorder_version":"31","session":"ebb35ef802e7","build":"193.5662.53","bucket":"159","time":1590243971678,"group":{"id":"project.fs","version":"1"},"event":{"state":true,"data":{"pct-non-watched":0,"created":1590243971678,"project":"d119a6d897fcb33934b9adf90ec59bc9e850f90f58367fa567dc99031a6fc921"},"id":"roots-watched"}}
{"recorder_version":"31","session":"ebb35ef802e7","build":"193.5662.53","bucket":"159","time":1590243971678,"group":{"id":"project.fs","version":"1"},"event":{"state":true,"data":{"created":1590243971678},"id":"invoked"}}
{"recorder_version":"31","session":"ebb35ef802e7","build":"193.5662.53","bucket":"159","time":1590243971796,"group":{"id":"indexing","version":"2"},"event":{"count":1,"data":{"ide_activity_id":1,"stage_class":"com.intellij.util.indexing.UnindexedFilesUpdater","created":1590243971796,"plugin_type":"PLATFORM"},"id":"stage"}}
{"recorder_version":"31","session":"ebb35ef802e7","build":"193.5662.53","bucket":"159","time":1590243971840,"group":{"id":"ui.dialogs","version":"31"},"event":{"count":1,"data":{"code":1,"created":1590243971840,"plugin_type":"PLATFORM","dialog_class":"com.intellij.openapi.progress.util.ProgressDialog$MyDialogWrapper"},"id":"close"}}
{"recorder_version":"31","session":"ebb35ef802e7","build":"193.5662.53","bucket":"159","time":1590243972050,"group":{"id":"lifecycle","version":"31"},"event":{"count":1,"data":{"duration_ms":6653,"created":1590243972050,"project":"d119a6d897fcb33934b9adf90ec59bc9e850f90f58367fa567dc99031a6fc921"},"id":"project.opening.finished"}}
{"recorder_version":"31","session":"ebb35ef802e7","build":"193.5662.53","bucket":"159","time":1590243974813,"group":{"id":"indexing","version":"2"},"event":{"count":1,"data":{"duration_ms":3143,"ide_activity_id":1,"created":1590243974813},"id":"finished"}}
{"recorder_version":"31","session":"ebb35ef802e7","build":"193.5662.53","bucket":"159","time":1590243974935,"group":{"id":"indexing","version":"2"},"event":{"count":1,"data":{"ide_activity_id":2,"created":1590243974935,"project":"d119a6d897fcb33934b9adf90ec59bc9e850f90f58367fa567dc99031a6fc921"},"id":"started"}}
{"recorder_version":"31","session":"ebb35ef802e7","build":"193.5662.53","bucket":"159","time":1590243974954,"group":{"id":"indexing","version":"2"},"event":{"count":1,"data":{"ide_activity_id":2,"plugin":"org.jetbrains.android","stage_class":"com.android.tools.idea.res.ResourceFolderRepositoryFileCacheImpl$PruneTask","created":1590243974955,"plugin_type":"JB_BUNDLED"},"id":"stage"}}
{"recorder_version":"31","session":"ebb35ef802e7","build":"193.5662.53","bucket":"159","time":1590243975000,"group":{"id":"indexing","version":"2"},"event":{"count":1,"data":{"ide_activity_id":2,"plugin":"org.jetbrains.android","stage_class":"com.android.tools.idea.res.ResourceFolderRepositoryFileCacheImpl$ManageLruProjectFilesTask","created":1590243975000,"plugin_type":"JB_BUNDLED"},"id":"stage"}}
{"recorder_version":"31","session":"ebb35ef802e7","build":"193.5662.53","bucket":"159","time":1590243975032,"group":{"id":"indexing","version":"2"},"event":{"count":1,"data":{"duration_ms":97,"ide_activity_id":2,"created":1590243975033},"id":"finished"}}
{"recorder_version":"31","session":"ebb35ef802e7","build":"193.5662.53","bucket":"159","time":1590243975046,"group":{"id":"indexing","version":"2"},"event":{"count":1,"data":{"ide_activity_id":3,"created":1590243975048,"project":"d119a6d897fcb33934b9adf90ec59bc9e850f90f58367fa567dc99031a6fc921"},"id":"started"}}
{"recorder_version":"31","session":"ebb35ef802e7","build":"193.5662.53","bucket":"159","time":1590243975051,"group":{"id":"indexing","version":"2"},"event":{"count":1,"data":{"ide_activity_id":3,"plugin":"org.jetbrains.android","stage_class":"com.android.tools.idea.res.ResourceFolderRegistry$PopulateCachesTask","created":1590243975052,"plugin_type":"JB_BUNDLED"},"id":"stage"}}
{"recorder_version":"31","session":"ebb35ef802e7","build":"193.5662.53","bucket":"159","time":1590243975067,"group":{"id":"indexing","version":"2"},"event":{"count":1,"data":{"duration_ms":21,"ide_activity_id":3,"created":1590243975068},"id":"finished"}}
{"recorder_version":"31","session":"ebb35ef802e7","build":"193.5662.53","bucket":"159","time":1590243976809,"group":{"id":"startup","version":"1"},"event":{"count":1,"data":{"duration":2136,"created":1590243976809},"id":"appInit"}}
{"recorder_version":"31","session":"ebb35ef802e7","build":"193.5662.53","bucket":"159","time":1590243976809,"group":{"id":"startup","version":"1"},"event":{"count":1,"data":{"duration":441,"created":1590243976809},"id":"splash"}}
{"recorder_version":"31","session":"ebb35ef802e7","build":"193.5662.53","bucket":"159","time":1590243976809,"group":{"id":"startup","version":"1"},"event":{"count":1,"data":{"duration":393,"created":1590243976809},"id":"bootstrap"}}
{"recorder_version":"31","session":"ebb35ef802e7","build":"193.5662.53","bucket":"159","time":1590243976809,"group":{"id":"startup","version":"1"},"event":{"count":1,"data":{"duration":10425,"created":1590243976810},"id":"totalDuration"}}
{"recorder_version":"31","session":"ebb35ef802e7","build":"193.5662.53","bucket":"159","time":1590243977028,"group":{"id":"actions","version":"31"},"event":{"count":1,"data":{"context_menu":true,"action_id":"third.party","created":1590243977028,"plugin_type":"NOT_LISTED","project":"d119a6d897fcb33934b9adf90ec59bc9e850f90f58367fa567dc99031a6fc921","place":"MainMenu","class":"third.party","input_event":"NoMouseButton"},"id":"action.invoked"}}
{"recorder_version":"31","session":"ebb35ef802e7","build":"193.5662.53","bucket":"159","time":1590243979497,"group":{"id":"ui.dialogs","version":"31"},"event":{"count":1,"data":{"created":1590243979497,"plugin_type":"NOT_LISTED","dialog_class":"third.party"},"id":"show"}}
{"recorder_version":"31","session":"ebb35ef802e7","build":"193.5662.53","bucket":"159","time":1590243987171,"group":{"id":"ui.dialogs","version":"31"},"event":{"count":1,"data":{"code":0,"created":1590243987171,"plugin_type":"NOT_LISTED","dialog_class":"third.party"},"id":"close"}}
