{"recorder_version":"31","session":"ca31f1d6e363","build":"193.5662.53","bucket":"159","time":1589726676139,"group":{"id":"settings","version":"4"},"event":{"state":true,"data":{"component":"NotRoamableUiSettings","created":1589726676332},"id":"invoked"}}
{"recorder_version":"31","session":"ca31f1d6e363","build":"193.5662.53","bucket":"159","time":1589726676140,"group":{"id":"settings","version":"4"},"event":{"state":true,"data":{"component":"UISettings","created":1589726676333},"id":"invoked"}}
{"recorder_version":"31","session":"ca31f1d6e363","build":"193.5662.53","bucket":"159","time":1589726676147,"group":{"id":"system.java","version":"1"},"event":{"state":true,"data":{"created":1589726676339,"version":"validation.undefined_rule"},"id":"validation.undefined_rule"}}
{"recorder_version":"31","session":"ca31f1d6e363","build":"193.5662.53","bucket":"159","time":1589726676147,"group":{"id":"system.java","version":"1"},"event":{"state":true,"data":{"created":1589726676340},"id":"invoked"}}
{"recorder_version":"31","session":"ca31f1d6e363","build":"193.5662.53","bucket":"159","time":1589726676172,"group":{"id":"system.os","version":"3"},"event":{"state":true,"data":{"created":1589726676340,"version":"10.15"},"id":"Mac"}}
{"recorder_version":"31","session":"ca31f1d6e363","build":"193.5662.53","bucket":"159","time":1589726676172,"group":{"id":"system.os","version":"3"},"event":{"state":true,"data":{"created":1589726676340,"name":"Mac","version":"10.15"},"id":"os.name"}}
{"recorder_version":"31","session":"ca31f1d6e363","build":"193.5662.53","bucket":"159","time":1589726676172,"group":{"id":"system.os","version":"3"},"event":{"state":true,"data":{"created":1589726676340,"value":"+02_00"},"id":"os.timezone"}}
{"recorder_version":"31","session":"ca31f1d6e363","build":"193.5662.53","bucket":"159","time":1589726676172,"group":{"id":"system.os","version":"3"},"event":{"state":true,"data":{"created":1589726676341},"id":"invoked"}}
{"recorder_version":"31","session":"ca31f1d6e363","build":"193.5662.53","bucket":"159","time":1589726676265,"group":{"id":"settings","version":"4"},"event":{"state":true,"data":{"component":"UpdatesConfigurable","created":1589726676341,"name":"checkNeeded","type":"bool","value":false},"id":"not.default"}}
{"recorder_version":"31","session":"ca31f1d6e363","build":"193.5662.53","bucket":"159","time":1589726676266,"group":{"id":"settings","version":"4"},"event":{"state":true,"data":{"component":"UpdatesConfigurable","created":1589726676341},"id":"invoked"}}
{"recorder_version":"31","session":"ca31f1d6e363","build":"193.5662.53","bucket":"159","time":1589726676319,"group":{"id":"event.log","version":"31"},"event":{"count":1,"data":{"created":1589726676342,"version":"1258.0"},"id":"whitelist.loaded"}}
{"recorder_version":"31","session":"ca31f1d6e363","build":"193.5662.53","bucket":"159","time":1589726676396,"group":{"id":"settings","version":"4"},"event":{"state":true,"data":{"component":"GeneralSettings","created":1589726676396,"name":"showTipsOnStartup","type":"bool","value":false},"id":"not.default"}}
{"recorder_version":"31","session":"ca31f1d6e363","build":"193.5662.53","bucket":"159","time":1589726676396,"group":{"id":"settings","version":"4"},"event":{"state":true,"data":{"component":"GeneralSettings","created":1589726676397},"id":"invoked"}}
{"recorder_version":"31","session":"ca31f1d6e363","build":"193.5662.53","bucket":"159","time":1589726676416,"group":{"id":"lifecycle","version":"31"},"event":{"count":1,"data":{"internal":true,"eap":false,"created":1589726676416},"id":"ide.start"}}
{"recorder_version":"31","session":"ca31f1d6e363","build":"193.5662.53","bucket":"159","time":1589726676501,"group":{"id":"settings","version":"4"},"event":{"state":true,"data":{"component":"XmlEditorOptions","created":1589726676503},"id":"invoked"}}
{"recorder_version":"31","session":"ca31f1d6e363","build":"193.5662.53","bucket":"159","time":1589726676942,"group":{"id":"settings","version":"4"},"event":{"state":true,"data":{"component":"VcsApplicationSettings","created":1589726676942},"id":"invoked"}}
{"recorder_version":"31","session":"ca31f1d6e363","build":"193.5662.53","bucket":"159","time":1589726676942,"group":{"id":"lifecycle","version":"31"},"event":{"count":1,"data":{"created":1589726676942},"id":"frame.activated"}}
{"recorder_version":"31","session":"ca31f1d6e363","build":"193.5662.53","bucket":"159","time":1589726677174,"group":{"id":"ui.dialogs","version":"31"},"event":{"count":1,"data":{"created":1589726677175,"plugin_type":"PLATFORM","dialog_class":"com.intellij.openapi.progress.util.ProgressDialog$MyDialogWrapper"},"id":"show"}}
{"recorder_version":"31","session":"ca31f1d6e363","build":"193.5662.53","bucket":"159","time":1589726677254,"group":{"id":"performance","version":"31"},"event":{"count":1,"data":{"duration_ms":218,"created":1589726677254},"id":"ui.latency"}}
{"recorder_version":"31","session":"ca31f1d6e363","build":"193.5662.53","bucket":"159","time":1589726677254,"group":{"id":"performance","version":"31"},"event":{"count":1,"data":{"duration_ms":218,"created":1589726677254},"id":"ui.lagging"}}
{"recorder_version":"31","session":"ca31f1d6e363","build":"193.5662.53","bucket":"159","time":1589726678130,"group":{"id":"lifecycle","version":"31"},"event":{"count":1,"data":{"created":1589726678130,"project":"d119a6d897fcb33934b9adf90ec59bc9e850f90f58367fa567dc99031a6fc921"},"id":"project.opened"}}
{"recorder_version":"31","session":"ca31f1d6e363","build":"193.5662.53","bucket":"159","time":1589726678375,"group":{"id":"performance","version":"31"},"event":{"count":1,"data":{"duration_ms":342,"created":1589726678375},"id":"ui.lagging"}}
{"recorder_version":"31","session":"ca31f1d6e363","build":"193.5662.53","bucket":"159","time":1589726678969,"group":{"id":"indexing","version":"2"},"event":{"count":1,"data":{"ide_activity_id":1,"created":1589726678969,"project":"d119a6d897fcb33934b9adf90ec59bc9e850f90f58367fa567dc99031a6fc921"},"id":"started"}}
{"recorder_version":"31","session":"ca31f1d6e363","build":"193.5662.53","bucket":"159","time":1589726679001,"group":{"id":"indexing","version":"2"},"event":{"count":1,"data":{"ide_activity_id":1,"stage_class":"com.intellij.util.indexing.UnindexedFilesUpdater","created":1589726679001,"plugin_type":"PLATFORM"},"id":"stage"}}
{"recorder_version":"31","session":"ca31f1d6e363","build":"193.5662.53","bucket":"159","time":1589726679123,"group":{"id":"project.fs","version":"1"},"event":{"state":true,"data":{"os":"Mac","cs-project":false,"created":1589726679123,"project":"d119a6d897fcb33934b9adf90ec59bc9e850f90f58367fa567dc99031a6fc921","cs-implicit":true,"cs-system":false},"id":"case-sensitivity"}}
{"recorder_version":"31","session":"ca31f1d6e363","build":"193.5662.53","bucket":"159","time":1589726679123,"group":{"id":"project.fs","version":"1"},"event":{"state":true,"data":{"created":1589726679124},"id":"invoked"}}
{"recorder_version":"31","session":"ca31f1d6e363","build":"193.5662.53","bucket":"159","time":1589726679124,"group":{"id":"project.fs","version":"1"},"event":{"state":true,"data":{"pct-non-watched":0,"created":1589726679124,"project":"d119a6d897fcb33934b9adf90ec59bc9e850f90f58367fa567dc99031a6fc921"},"id":"roots-watched"}}
{"recorder_version":"31","session":"ca31f1d6e363","build":"193.5662.53","bucket":"159","time":1589726679124,"group":{"id":"project.fs","version":"1"},"event":{"state":true,"data":{"created":1589726679124},"id":"invoked"}}
{"recorder_version":"31","session":"ca31f1d6e363","build":"193.5662.53","bucket":"159","time":1589726679207,"group":{"id":"ui.dialogs","version":"31"},"event":{"count":1,"data":{"code":1,"created":1589726679207,"plugin_type":"PLATFORM","dialog_class":"com.intellij.openapi.progress.util.ProgressDialog$MyDialogWrapper"},"id":"close"}}
{"recorder_version":"31","session":"ca31f1d6e363","build":"193.5662.53","bucket":"159","time":1589726679267,"group":{"id":"lifecycle","version":"31"},"event":{"count":1,"data":{"duration_ms":2775,"created":1589726679267,"project":"d119a6d897fcb33934b9adf90ec59bc9e850f90f58367fa567dc99031a6fc921"},"id":"project.opening.finished"}}
{"recorder_version":"31","session":"ca31f1d6e363","build":"193.5662.53","bucket":"159","time":1589726680427,"group":{"id":"indexing","version":"2"},"event":{"count":1,"data":{"duration_ms":1458,"ide_activity_id":1,"created":1589726680427},"id":"finished"}}
{"recorder_version":"31","session":"ca31f1d6e363","build":"193.5662.53","bucket":"159","time":1589726680486,"group":{"id":"indexing","version":"2"},"event":{"count":1,"data":{"ide_activity_id":2,"created":1589726680486,"project":"d119a6d897fcb33934b9adf90ec59bc9e850f90f58367fa567dc99031a6fc921"},"id":"started"}}
{"recorder_version":"31","session":"ca31f1d6e363","build":"193.5662.53","bucket":"159","time":1589726680528,"group":{"id":"indexing","version":"2"},"event":{"count":1,"data":{"ide_activity_id":2,"plugin":"org.jetbrains.android","stage_class":"com.android.tools.idea.res.ResourceFolderRepositoryFileCacheImpl$PruneTask","created":1589726680528,"plugin_type":"JB_BUNDLED"},"id":"stage"}}
{"recorder_version":"31","session":"ca31f1d6e363","build":"193.5662.53","bucket":"159","time":1589726680560,"group":{"id":"indexing","version":"2"},"event":{"count":1,"data":{"ide_activity_id":2,"plugin":"org.jetbrains.android","stage_class":"com.android.tools.idea.res.ResourceFolderRepositoryFileCacheImpl$ManageLruProjectFilesTask","created":1589726680560,"plugin_type":"JB_BUNDLED"},"id":"stage"}}
{"recorder_version":"31","session":"ca31f1d6e363","build":"193.5662.53","bucket":"159","time":1589726680581,"group":{"id":"indexing","version":"2"},"event":{"count":1,"data":{"duration_ms":94,"ide_activity_id":2,"created":1589726680581},"id":"finished"}}
{"recorder_version":"31","session":"ca31f1d6e363","build":"193.5662.53","bucket":"159","time":1589726680591,"group":{"id":"indexing","version":"2"},"event":{"count":1,"data":{"ide_activity_id":3,"created":1589726680591,"project":"d119a6d897fcb33934b9adf90ec59bc9e850f90f58367fa567dc99031a6fc921"},"id":"started"}}
{"recorder_version":"31","session":"ca31f1d6e363","build":"193.5662.53","bucket":"159","time":1589726680593,"group":{"id":"indexing","version":"2"},"event":{"count":1,"data":{"ide_activity_id":3,"plugin":"org.jetbrains.android","stage_class":"com.android.tools.idea.res.ResourceFolderRegistry$PopulateCachesTask","created":1589726680593,"plugin_type":"JB_BUNDLED"},"id":"stage"}}
{"recorder_version":"31","session":"ca31f1d6e363","build":"193.5662.53","bucket":"159","time":1589726680595,"group":{"id":"indexing","version":"2"},"event":{"count":1,"data":{"duration_ms":4,"ide_activity_id":3,"created":1589726680595},"id":"finished"}}
{"recorder_version":"31","session":"ca31f1d6e363","build":"193.5662.53","bucket":"159","time":1589726682764,"group":{"id":"actions","version":"31"},"event":{"count":1,"data":{"context_menu":true,"action_id":"third.party","created":1589726682764,"plugin_type":"NOT_LISTED","project":"d119a6d897fcb33934b9adf90ec59bc9e850f90f58367fa567dc99031a6fc921","place":"MainMenu","class":"third.party","input_event":"NoMouseButton"},"id":"action.invoked"}}
{"recorder_version":"31","session":"ca31f1d6e363","build":"193.5662.53","bucket":"159","time":1589726684201,"group":{"id":"startup","version":"1"},"event":{"count":1,"data":{"duration":1142,"created":1589726684202},"id":"appInit"}}
{"recorder_version":"31","session":"ca31f1d6e363","build":"193.5662.53","bucket":"159","time":1589726684201,"group":{"id":"startup","version":"1"},"event":{"count":1,"data":{"duration":216,"created":1589726684202},"id":"splash"}}
{"recorder_version":"31","session":"ca31f1d6e363","build":"193.5662.53","bucket":"159","time":1589726684201,"group":{"id":"startup","version":"1"},"event":{"count":1,"data":{"duration":283,"created":1589726684202},"id":"bootstrap"}}
{"recorder_version":"31","session":"ca31f1d6e363","build":"193.5662.53","bucket":"159","time":1589726684201,"group":{"id":"startup","version":"1"},"event":{"count":1,"data":{"duration":5670,"created":1589726684202},"id":"totalDuration"}}
{"recorder_version":"31","session":"ca31f1d6e363","build":"193.5662.53","bucket":"159","time":1589726692523,"group":{"id":"lifecycle","version":"31"},"event":{"count":1,"data":{"created":1589726692523,"project":"d119a6d897fcb33934b9adf90ec59bc9e850f90f58367fa567dc99031a6fc921"},"id":"frame.deactivated"}}
{"recorder_version":"31","session":"ca31f1d6e363","build":"193.5662.53","bucket":"159","time":1589726777309,"group":{"id":"performance","version":"31"},"event":{"count":1,"data":{"duration_ms":1,"created":1589726777309},"id":"ui.latency"}}
{"recorder_version":"31","session":"ca31f1d6e363","build":"193.5662.53","bucket":"159","time":1589726877604,"group":{"id":"performance","version":"31"},"event":{"count":1,"data":{"duration_ms":0,"created":1589726877604},"id":"ui.latency"}}
{"recorder_version":"31","session":"ca31f1d6e363","build":"193.5662.53","bucket":"159","time":1589726976416,"group":{"id":"kotlin.ide.j2k","version":"1"},"event":{"count":1,"data":{"created":1589726976417},"id":"registered"}}
{"recorder_version":"31","session":"ca31f1d6e363","build":"193.5662.53","bucket":"159","time":1589726976416,"group":{"id":"java.find.usages","version":"1"},"event":{"count":1,"data":{"created":1589726976417},"id":"registered"}}
{"recorder_version":"31","session":"ca31f1d6e363","build":"193.5662.53","bucket":"159","time":1589726976417,"group":{"id":"file.types.usage","version":"31"},"event":{"count":1,"data":{"created":1589726976417},"id":"registered"}}
{"recorder_version":"31","session":"ca31f1d6e363","build":"193.5662.53","bucket":"159","time":1589726976417,"group":{"id":"ide.script.engine","version":"2"},"event":{"count":1,"data":{"created":1589726976418},"id":"registered"}}
{"recorder_version":"31","session":"ca31f1d6e363","build":"193.5662.53","bucket":"159","time":1589726976417,"group":{"id":"live.templates","version":"31"},"event":{"count":1,"data":{"created":1589726976418},"id":"registered"}}
{"recorder_version":"31","session":"ca31f1d6e363","build":"193.5662.53","bucket":"159","time":1589726976417,"group":{"id":"ide.self.update","version":"2"},"event":{"count":1,"data":{"created":1589726976418},"id":"registered"}}
{"recorder_version":"31","session":"ca31f1d6e363","build":"193.5662.53","bucket":"159","time":1589726976417,"group":{"id":"lifecycle","version":"31"},"event":{"count":1,"data":{"created":1589726976418},"id":"registered"}}
{"recorder_version":"31","session":"ca31f1d6e363","build":"193.5662.53","bucket":"159","time":1589726976417,"group":{"id":"vcs.diff.trigger","version":"1"},"event":{"count":1,"data":{"created":1589726976418},"id":"registered"}}
{"recorder_version":"31","session":"ca31f1d6e363","build":"193.5662.53","bucket":"159","time":1589726976417,"group":{"id":"debugger.breakpoints.usage","version":"2"},"event":{"count":1,"data":{"created":1589726976418},"id":"registered"}}
{"recorder_version":"31","session":"ca31f1d6e363","build":"193.5662.53","bucket":"159","time":1589726976417,"group":{"id":"kotlin.gradle.library","version":"1"},"event":{"count":1,"data":{"created":1589726976418},"id":"registered"}}
{"recorder_version":"31","session":"ca31f1d6e363","build":"193.5662.53","bucket":"159","time":1589726976417,"group":{"id":"startup","version":"1"},"event":{"count":1,"data":{"created":1589726976418},"id":"registered"}}
{"recorder_version":"31","session":"ca31f1d6e363","build":"193.5662.53","bucket":"159","time":1589726976417,"group":{"id":"find","version":"2"},"event":{"count":1,"data":{"created":1589726976418},"id":"registered"}}
{"recorder_version":"31","session":"ca31f1d6e363","build":"193.5662.53","bucket":"159","time":1589726976417,"group":{"id":"kotlin.gradle.target","version":"2"},"event":{"count":1,"data":{"created":1589726976418},"id":"registered"}}
{"recorder_version":"31","session":"ca31f1d6e363","build":"193.5662.53","bucket":"159","time":1589726976417,"group":{"id":"gutter.icon.click","version":"2"},"event":{"count":1,"data":{"created":1589726976418},"id":"registered"}}
{"recorder_version":"31","session":"ca31f1d6e363","build":"193.5662.53","bucket":"159","time":1589726976417,"group":{"id":"shell.script","version":"1"},"event":{"count":1,"data":{"created":1589726976418},"id":"registered"}}
{"recorder_version":"31","session":"ca31f1d6e363","build":"193.5662.53","bucket":"159","time":1589726976417,"group":{"id":"new.project.wizard","version":"1"},"event":{"count":1,"data":{"created":1589726976418},"id":"registered"}}
{"recorder_version":"31","session":"ca31f1d6e363","build":"193.5662.53","bucket":"159","time":1589726976417,"group":{"id":"kotlin.ide.npwizards","version":"1"},"event":{"count":1,"data":{"created":1589726976418},"id":"registered"}}
{"recorder_version":"31","session":"ca31f1d6e363","build":"193.5662.53","bucket":"159","time":1589726976417,"group":{"id":"intentions","version":"31"},"event":{"count":1,"data":{"created":1589726976419},"id":"registered"}}
{"recorder_version":"31","session":"ca31f1d6e363","build":"193.5662.53","bucket":"159","time":1589726976417,"group":{"id":"settings.repository","version":"1"},"event":{"count":1,"data":{"created":1589726976419},"id":"registered"}}
{"recorder_version":"31","session":"ca31f1d6e363","build":"193.5662.53","bucket":"159","time":1589726976417,"group":{"id":"vcs.change.reminder","version":"2"},"event":{"count":1,"data":{"created":1589726976419},"id":"registered"}}
{"recorder_version":"31","session":"ca31f1d6e363","build":"193.5662.53","bucket":"159","time":1589726976417,"group":{"id":"create.directory.dialog","version":"1"},"event":{"count":1,"data":{"created":1589726976419},"id":"registered"}}
{"recorder_version":"31","session":"ca31f1d6e363","build":"193.5662.53","bucket":"159","time":1589726976417,"group":{"id":"kotlin.maven.target","version":"3"},"event":{"count":1,"data":{"created":1589726976419},"id":"registered"}}
{"recorder_version":"31","session":"ca31f1d6e363","build":"193.5662.53","bucket":"159","time":1589726976417,"group":{"id":"json.schema","version":"1"},"event":{"count":1,"data":{"created":1589726976419},"id":"registered"}}
{"recorder_version":"31","session":"ca31f1d6e363","build":"193.5662.53","bucket":"159","time":1589726976417,"group":{"id":"terminalShell","version":"1"},"event":{"count":1,"data":{"created":1589726976419},"id":"registered"}}
{"recorder_version":"31","session":"ca31f1d6e363","build":"193.5662.53","bucket":"159","time":1589726976417,"group":{"id":"rename.refactoring","version":"1"},"event":{"count":1,"data":{"created":1589726976419},"id":"registered"}}
{"recorder_version":"31","session":"ca31f1d6e363","build":"193.5662.53","bucket":"159","time":1589726976417,"group":{"id":"build.ant.actions","version":"1"},"event":{"count":1,"data":{"created":1589726976419},"id":"registered"}}
{"recorder_version":"31","session":"ca31f1d6e363","build":"193.5662.53","bucket":"159","time":1589726976417,"group":{"id":"actions","version":"31"},"event":{"count":1,"data":{"created":1589726976419},"id":"registered"}}
{"recorder_version":"31","session":"ca31f1d6e363","build":"193.5662.53","bucket":"159","time":1589726976417,"group":{"id":"kotlin.ide.editor","version":"1"},"event":{"count":1,"data":{"created":1589726976419},"id":"registered"}}
{"recorder_version":"31","session":"ca31f1d6e363","build":"193.5662.53","bucket":"159","time":1589726976417,"group":{"id":"event.log","version":"31"},"event":{"count":1,"data":{"created":1589726976419},"id":"registered"}}
{"recorder_version":"31","session":"ca31f1d6e363","build":"193.5662.53","bucket":"159","time":1589726976417,"group":{"id":"run.configuration.exec","version":"31"},"event":{"count":1,"data":{"created":1589726976420},"id":"registered"}}
{"recorder_version":"31","session":"ca31f1d6e363","build":"193.5662.53","bucket":"159","time":1589726976417,"group":{"id":"build.tools.actions","version":"1"},"event":{"count":1,"data":{"created":1589726976420},"id":"registered"}}
{"recorder_version":"31","session":"ca31f1d6e363","build":"193.5662.53","bucket":"159","time":1589726976417,"group":{"id":"file.editor","version":"2"},"event":{"count":1,"data":{"created":1589726976420},"id":"registered"}}
{"recorder_version":"31","session":"ca31f1d6e363","build":"193.5662.53","bucket":"159","time":1589726976417,"group":{"id":"vfs","version":"2"},"event":{"count":1,"data":{"created":1589726976420},"id":"registered"}}
{"recorder_version":"31","session":"ca31f1d6e363","build":"193.5662.53","bucket":"159","time":1589726976417,"group":{"id":"project.import","version":"2"},"event":{"count":1,"data":{"created":1589726976420},"id":"registered"}}
{"recorder_version":"31","session":"ca31f1d6e363","build":"193.5662.53","bucket":"159","time":1589726976417,"group":{"id":"actions.runAnything","version":"1"},"event":{"count":1,"data":{"created":1589726976420},"id":"registered"}}
{"recorder_version":"31","session":"ca31f1d6e363","build":"193.5662.53","bucket":"159","time":1589726976417,"group":{"id":"toolwindow","version":"31"},"event":{"count":1,"data":{"created":1589726976420},"id":"registered"}}
{"recorder_version":"31","session":"ca31f1d6e363","build":"193.5662.53","bucket":"159","time":1589726976417,"group":{"id":"kotlin.ide.newFileTempl","version":"1"},"event":{"count":1,"data":{"created":1589726976420},"id":"registered"}}
{"recorder_version":"31","session":"ca31f1d6e363","build":"193.5662.53","bucket":"159","time":1589726976417,"group":{"id":"ui.settings","version":"31"},"event":{"count":1,"data":{"created":1589726976420},"id":"registered"}}
{"recorder_version":"31","session":"ca31f1d6e363","build":"193.5662.53","bucket":"159","time":1589726976417,"group":{"id":"vcs.log.trigger","version":"2"},"event":{"count":1,"data":{"created":1589726976420},"id":"registered"}}
{"recorder_version":"31","session":"ca31f1d6e363","build":"193.5662.53","bucket":"159","time":1589726976417,"group":{"id":"productivity","version":"31"},"event":{"count":1,"data":{"created":1589726976420},"id":"registered"}}
{"recorder_version":"31","session":"ca31f1d6e363","build":"193.5662.53","bucket":"159","time":1589726976417,"group":{"id":"build.maven.actions","version":"1"},"event":{"count":1,"data":{"created":1589726976421},"id":"registered"}}
{"recorder_version":"31","session":"ca31f1d6e363","build":"193.5662.53","bucket":"159","time":1589726976417,"group":{"id":"ui.event","version":"3"},"event":{"count":1,"data":{"created":1589726976421},"id":"registered"}}
{"recorder_version":"31","session":"ca31f1d6e363","build":"193.5662.53","bucket":"159","time":1589726976417,"group":{"id":"plugins.advertiser","version":"1"},"event":{"count":1,"data":{"created":1589726976421},"id":"registered"}}
{"recorder_version":"31","session":"ca31f1d6e363","build":"193.5662.53","bucket":"159","time":1589726976417,"group":{"id":"editor.notification.panel","version":"1"},"event":{"count":1,"data":{"created":1589726976421},"id":"registered"}}
{"recorder_version":"31","session":"ca31f1d6e363","build":"193.5662.53","bucket":"159","time":1589726976417,"group":{"id":"kotlin.ide.debugger","version":"2"},"event":{"count":1,"data":{"created":1589726976421},"id":"registered"}}
{"recorder_version":"31","session":"ca31f1d6e363","build":"193.5662.53","bucket":"159","time":1589726976417,"group":{"id":"tooltip.action.events","version":"1"},"event":{"count":1,"data":{"created":1589726976421},"id":"registered"}}
{"recorder_version":"31","session":"ca31f1d6e363","build":"193.5662.53","bucket":"159","time":1589726976417,"group":{"id":"completion","version":"1"},"event":{"count":1,"data":{"created":1589726976421},"id":"registered"}}
{"recorder_version":"31","session":"ca31f1d6e363","build":"193.5662.53","bucket":"159","time":1589726976417,"group":{"id":"indexing","version":"2"},"event":{"count":1,"data":{"created":1589726976421},"id":"registered"}}
{"recorder_version":"31","session":"ca31f1d6e363","build":"193.5662.53","bucket":"159","time":1589726976417,"group":{"id":"vcs","version":"2"},"event":{"count":1,"data":{"created":1589726976421},"id":"registered"}}
{"recorder_version":"31","session":"ca31f1d6e363","build":"193.5662.53","bucket":"159","time":1589726976417,"group":{"id":"ui.dialogs","version":"31"},"event":{"count":1,"data":{"created":1589726976421},"id":"registered"}}
{"recorder_version":"31","session":"ca31f1d6e363","build":"193.5662.53","bucket":"159","time":1589726976417,"group":{"id":"vcs.back.forward.trigger","version":"1"},"event":{"count":1,"data":{"created":1589726976421},"id":"registered"}}
{"recorder_version":"31","session":"ca31f1d6e363","build":"193.5662.53","bucket":"159","time":1589726976417,"group":{"id":"customize.wizard","version":"1"},"event":{"count":1,"data":{"created":1589726976421},"id":"registered"}}
{"recorder_version":"31","session":"ca31f1d6e363","build":"193.5662.53","bucket":"159","time":1589726976417,"group":{"id":"ide.update.dialog","version":"1"},"event":{"count":1,"data":{"created":1589726976421},"id":"registered"}}
{"recorder_version":"31","session":"ca31f1d6e363","build":"193.5662.53","bucket":"159","time":1589726976417,"group":{"id":"toolbar","version":"31"},"event":{"count":1,"data":{"created":1589726976421},"id":"registered"}}
{"recorder_version":"31","session":"ca31f1d6e363","build":"193.5662.53","bucket":"159","time":1589726976417,"group":{"id":"build.gradle.actions","version":"1"},"event":{"count":1,"data":{"created":1589726976421},"id":"registered"}}
{"recorder_version":"31","session":"ca31f1d6e363","build":"193.5662.53","bucket":"159","time":1589726976417,"group":{"id":"performance","version":"31"},"event":{"count":1,"data":{"created":1589726976421},"id":"registered"}}
{"recorder_version":"31","session":"ca31f1d6e363","build":"193.5662.53","bucket":"159","time":1589726976417,"group":{"id":"build","version":"2"},"event":{"count":1,"data":{"created":1589726976421},"id":"registered"}}
{"recorder_version":"31","session":"ca31f1d6e363","build":"193.5662.53","bucket":"159","time":1589726976417,"group":{"id":"searchEverywhere","version":"2"},"event":{"count":1,"data":{"created":1589726976422},"id":"registered"}}
{"recorder_version":"31","session":"ca31f1d6e363","build":"193.5662.53","bucket":"159","time":1589726976417,"group":{"id":"kotlin.ide.action.refactoring","version":"1"},"event":{"count":1,"data":{"created":1589726976422},"id":"registered"}}
{"recorder_version":"31","session":"ca31f1d6e363","build":"193.5662.53","bucket":"159","time":1589726976417,"group":{"id":"ui.tips","version":"3"},"event":{"count":1,"data":{"created":1589726976422},"id":"registered"}}
{"recorder_version":"31","session":"ca31f1d6e363","build":"193.5662.53","bucket":"159","time":1589726976417,"group":{"id":"surround.with","version":"2"},"event":{"count":1,"data":{"created":1589726976422},"id":"registered"}}
{"recorder_version":"31","session":"ca31f1d6e363","build":"193.5662.53","bucket":"159","time":1589726976417,"group":{"id":"import.old.config","version":"3"},"event":{"count":1,"data":{"created":1589726976422},"id":"registered"}}
{"recorder_version":"31","session":"ca31f1d6e363","build":"193.5662.53","bucket":"159","time":1589726976417,"group":{"id":"kotlin.jps.target","version":"3"},"event":{"count":1,"data":{"created":1589726976422},"id":"registered"}}
{"recorder_version":"31","session":"ca31f1d6e363","build":"193.5662.53","bucket":"159","time":1589726976417,"group":{"id":"completion.postfix","version":"31"},"event":{"count":1,"data":{"created":1589726976422},"id":"registered"}}
{"recorder_version":"31","session":"ca31f1d6e363","build":"193.5662.53","bucket":"159","time":1589726976417,"group":{"id":"build.maven.packagesearch","version":"2"},"event":{"count":1,"data":{"created":1589726976422},"id":"registered"}}
{"recorder_version":"31","session":"ca31f1d6e363","build":"193.5662.53","bucket":"159","time":1589726977873,"group":{"id":"performance","version":"31"},"event":{"count":1,"data":{"duration_ms":0,"created":1589726977874},"id":"ui.latency"}}
