{"recorder_version":"31","session":"3212df09e567","build":"193.5662.53","bucket":"159","time":1589930039808,"group":{"id":"settings","version":"4"},"event":{"state":true,"data":{"component":"UISettings","created":1589930040135},"id":"invoked"}}
{"recorder_version":"31","session":"3212df09e567","build":"193.5662.53","bucket":"159","time":1589930039808,"group":{"id":"settings","version":"4"},"event":{"state":true,"data":{"component":"NotRoamableUiSettings","created":1589930040138},"id":"invoked"}}
{"recorder_version":"31","session":"3212df09e567","build":"193.5662.53","bucket":"159","time":1589930039820,"group":{"id":"system.java","version":"1"},"event":{"state":true,"data":{"created":1589930040144,"version":"validation.undefined_rule"},"id":"validation.undefined_rule"}}
{"recorder_version":"31","session":"3212df09e567","build":"193.5662.53","bucket":"159","time":1589930039820,"group":{"id":"system.java","version":"1"},"event":{"state":true,"data":{"created":1589930040144},"id":"invoked"}}
{"recorder_version":"31","session":"3212df09e567","build":"193.5662.53","bucket":"159","time":1589930039843,"group":{"id":"system.os","version":"3"},"event":{"state":true,"data":{"created":1589930040145,"version":"10.15"},"id":"Mac"}}
{"recorder_version":"31","session":"3212df09e567","build":"193.5662.53","bucket":"159","time":1589930039843,"group":{"id":"system.os","version":"3"},"event":{"state":true,"data":{"created":1589930040145,"name":"Mac","version":"10.15"},"id":"os.name"}}
{"recorder_version":"31","session":"3212df09e567","build":"193.5662.53","bucket":"159","time":1589930039843,"group":{"id":"system.os","version":"3"},"event":{"state":true,"data":{"created":1589930040146,"value":"+02_00"},"id":"os.timezone"}}
{"recorder_version":"31","session":"3212df09e567","build":"193.5662.53","bucket":"159","time":1589930039843,"group":{"id":"system.os","version":"3"},"event":{"state":true,"data":{"created":1589930040146},"id":"invoked"}}
{"recorder_version":"31","session":"3212df09e567","build":"193.5662.53","bucket":"159","time":1589930040108,"group":{"id":"event.log","version":"31"},"event":{"count":1,"data":{"created":1589930040146,"version":"1261.0"},"id":"whitelist.loaded"}}
{"recorder_version":"31","session":"3212df09e567","build":"193.5662.53","bucket":"159","time":1589930040168,"group":{"id":"settings","version":"4"},"event":{"state":true,"data":{"component":"UpdatesConfigurable","created":1589930040169,"name":"checkNeeded","type":"bool","value":false},"id":"not.default"}}
{"recorder_version":"31","session":"3212df09e567","build":"193.5662.53","bucket":"159","time":1589930040169,"group":{"id":"settings","version":"4"},"event":{"state":true,"data":{"component":"UpdatesConfigurable","created":1589930040169},"id":"invoked"}}
{"recorder_version":"31","session":"3212df09e567","build":"193.5662.53","bucket":"159","time":1589930040323,"group":{"id":"settings","version":"4"},"event":{"state":true,"data":{"component":"GeneralSettings","created":1589930040331,"name":"showTipsOnStartup","type":"bool","value":false},"id":"not.default"}}
{"recorder_version":"31","session":"3212df09e567","build":"193.5662.53","bucket":"159","time":1589930040323,"group":{"id":"settings","version":"4"},"event":{"state":true,"data":{"component":"GeneralSettings","created":1589930040334},"id":"invoked"}}
{"recorder_version":"31","session":"3212df09e567","build":"193.5662.53","bucket":"159","time":1589930040462,"group":{"id":"settings","version":"4"},"event":{"state":true,"data":{"component":"XmlEditorOptions","created":1589930040466},"id":"invoked"}}
{"recorder_version":"31","session":"3212df09e567","build":"193.5662.53","bucket":"159","time":1589930040497,"group":{"id":"lifecycle","version":"31"},"event":{"count":1,"data":{"internal":true,"eap":false,"created":1589930040499},"id":"ide.start"}}
{"recorder_version":"31","session":"3212df09e567","build":"193.5662.53","bucket":"159","time":1589930041222,"group":{"id":"settings","version":"4"},"event":{"state":true,"data":{"component":"VcsApplicationSettings","created":1589930041222},"id":"invoked"}}
{"recorder_version":"31","session":"3212df09e567","build":"193.5662.53","bucket":"159","time":1589930041222,"group":{"id":"lifecycle","version":"31"},"event":{"count":1,"data":{"created":1589930041223},"id":"frame.activated"}}
{"recorder_version":"31","session":"3212df09e567","build":"193.5662.53","bucket":"159","time":1589930041266,"group":{"id":"performance","version":"31"},"event":{"count":1,"data":{"duration_ms":516,"created":1589930041266},"id":"ui.latency"}}
{"recorder_version":"31","session":"3212df09e567","build":"193.5662.53","bucket":"159","time":1589930041266,"group":{"id":"performance","version":"31"},"event":{"count":1,"data":{"duration_ms":516,"created":1589930041267},"id":"ui.lagging"}}
{"recorder_version":"31","session":"3212df09e567","build":"193.5662.53","bucket":"159","time":1589930041395,"group":{"id":"ui.dialogs","version":"31"},"event":{"count":1,"data":{"created":1589930041395,"plugin_type":"PLATFORM","dialog_class":"com.intellij.openapi.progress.util.ProgressDialog$MyDialogWrapper"},"id":"show"}}
{"recorder_version":"31","session":"3212df09e567","build":"193.5662.53","bucket":"159","time":1589930042744,"group":{"id":"lifecycle","version":"31"},"event":{"count":1,"data":{"created":1589930042744,"project":"d119a6d897fcb33934b9adf90ec59bc9e850f90f58367fa567dc99031a6fc921"},"id":"project.opened"}}
{"recorder_version":"31","session":"3212df09e567","build":"193.5662.53","bucket":"159","time":1589930043115,"group":{"id":"performance","version":"31"},"event":{"count":1,"data":{"duration_ms":368,"created":1589930043116},"id":"ui.lagging"}}
{"recorder_version":"31","session":"3212df09e567","build":"193.5662.53","bucket":"159","time":1589930043156,"group":{"id":"toolwindow","version":"31"},"event":{"count":1,"data":{"created":1589930043156,"plugin_type":"PLATFORM","id":"Event_Log"},"id":"activated"}}
{"recorder_version":"31","session":"3212df09e567","build":"193.5662.53","bucket":"159","time":1589930043991,"group":{"id":"performance","version":"31"},"event":{"count":1,"data":{"duration_ms":242,"created":1589930043991},"id":"ui.lagging"}}
{"recorder_version":"31","session":"3212df09e567","build":"193.5662.53","bucket":"159","time":1589930044152,"group":{"id":"indexing","version":"2"},"event":{"count":1,"data":{"ide_activity_id":1,"created":1589930044153,"project":"d119a6d897fcb33934b9adf90ec59bc9e850f90f58367fa567dc99031a6fc921"},"id":"started"}}
{"recorder_version":"31","session":"3212df09e567","build":"193.5662.53","bucket":"159","time":1589930044249,"group":{"id":"indexing","version":"2"},"event":{"count":1,"data":{"ide_activity_id":1,"stage_class":"com.intellij.util.indexing.UnindexedFilesUpdater","created":1589930044249,"plugin_type":"PLATFORM"},"id":"stage"}}
{"recorder_version":"31","session":"3212df09e567","build":"193.5662.53","bucket":"159","time":1589930044382,"group":{"id":"project.fs","version":"1"},"event":{"state":true,"data":{"os":"Mac","cs-project":false,"created":1589930044382,"project":"d119a6d897fcb33934b9adf90ec59bc9e850f90f58367fa567dc99031a6fc921","cs-implicit":true,"cs-system":false},"id":"case-sensitivity"}}
{"recorder_version":"31","session":"3212df09e567","build":"193.5662.53","bucket":"159","time":1589930044382,"group":{"id":"project.fs","version":"1"},"event":{"state":true,"data":{"created":1589930044382},"id":"invoked"}}
{"recorder_version":"31","session":"3212df09e567","build":"193.5662.53","bucket":"159","time":1589930044382,"group":{"id":"project.fs","version":"1"},"event":{"state":true,"data":{"pct-non-watched":0,"created":1589930044383,"project":"d119a6d897fcb33934b9adf90ec59bc9e850f90f58367fa567dc99031a6fc921"},"id":"roots-watched"}}
{"recorder_version":"31","session":"3212df09e567","build":"193.5662.53","bucket":"159","time":1589930044382,"group":{"id":"project.fs","version":"1"},"event":{"state":true,"data":{"created":1589930044383},"id":"invoked"}}
{"recorder_version":"31","session":"3212df09e567","build":"193.5662.53","bucket":"159","time":1589930044501,"group":{"id":"ui.dialogs","version":"31"},"event":{"count":1,"data":{"code":1,"created":1589930044501,"plugin_type":"PLATFORM","dialog_class":"com.intellij.openapi.progress.util.ProgressDialog$MyDialogWrapper"},"id":"close"}}
{"recorder_version":"31","session":"3212df09e567","build":"193.5662.53","bucket":"159","time":1589930044598,"group":{"id":"lifecycle","version":"31"},"event":{"count":1,"data":{"duration_ms":3904,"created":1589930044598,"project":"d119a6d897fcb33934b9adf90ec59bc9e850f90f58367fa567dc99031a6fc921"},"id":"project.opening.finished"}}
{"recorder_version":"31","session":"3212df09e567","build":"193.5662.53","bucket":"159","time":1589930045747,"group":{"id":"indexing","version":"2"},"event":{"count":1,"data":{"duration_ms":1595,"ide_activity_id":1,"created":1589930045747},"id":"finished"}}
{"recorder_version":"31","session":"3212df09e567","build":"193.5662.53","bucket":"159","time":1589930045811,"group":{"id":"indexing","version":"2"},"event":{"count":1,"data":{"ide_activity_id":2,"created":1589930045811,"project":"d119a6d897fcb33934b9adf90ec59bc9e850f90f58367fa567dc99031a6fc921"},"id":"started"}}
{"recorder_version":"31","session":"3212df09e567","build":"193.5662.53","bucket":"159","time":1589930045820,"group":{"id":"indexing","version":"2"},"event":{"count":1,"data":{"ide_activity_id":2,"plugin":"org.jetbrains.android","stage_class":"com.android.tools.idea.res.ResourceFolderRepositoryFileCacheImpl$PruneTask","created":1589930045820,"plugin_type":"JB_BUNDLED"},"id":"stage"}}
{"recorder_version":"31","session":"3212df09e567","build":"193.5662.53","bucket":"159","time":1589930045855,"group":{"id":"indexing","version":"2"},"event":{"count":1,"data":{"ide_activity_id":2,"plugin":"org.jetbrains.android","stage_class":"com.android.tools.idea.res.ResourceFolderRepositoryFileCacheImpl$ManageLruProjectFilesTask","created":1589930045855,"plugin_type":"JB_BUNDLED"},"id":"stage"}}
{"recorder_version":"31","session":"3212df09e567","build":"193.5662.53","bucket":"159","time":1589930045878,"group":{"id":"indexing","version":"2"},"event":{"count":1,"data":{"duration_ms":67,"ide_activity_id":2,"created":1589930045879},"id":"finished"}}
{"recorder_version":"31","session":"3212df09e567","build":"193.5662.53","bucket":"159","time":1589930045886,"group":{"id":"indexing","version":"2"},"event":{"count":1,"data":{"ide_activity_id":3,"created":1589930045887,"project":"d119a6d897fcb33934b9adf90ec59bc9e850f90f58367fa567dc99031a6fc921"},"id":"started"}}
{"recorder_version":"31","session":"3212df09e567","build":"193.5662.53","bucket":"159","time":1589930045889,"group":{"id":"indexing","version":"2"},"event":{"count":1,"data":{"ide_activity_id":3,"plugin":"org.jetbrains.android","stage_class":"com.android.tools.idea.res.ResourceFolderRegistry$PopulateCachesTask","created":1589930045890,"plugin_type":"JB_BUNDLED"},"id":"stage"}}
{"recorder_version":"31","session":"3212df09e567","build":"193.5662.53","bucket":"159","time":1589930045891,"group":{"id":"indexing","version":"2"},"event":{"count":1,"data":{"duration_ms":5,"ide_activity_id":3,"created":1589930045891},"id":"finished"}}
{"recorder_version":"31","session":"3212df09e567","build":"193.5662.53","bucket":"159","time":1589930047744,"group":{"id":"actions","version":"31"},"event":{"count":1,"data":{"context_menu":true,"action_id":"third.party","created":1589930047745,"plugin_type":"NOT_LISTED","project":"d119a6d897fcb33934b9adf90ec59bc9e850f90f58367fa567dc99031a6fc921","place":"MainMenu","class":"third.party","input_event":"NoMouseButton"},"id":"action.invoked"}}
{"recorder_version":"31","session":"3212df09e567","build":"193.5662.53","bucket":"159","time":1589930049470,"group":{"id":"startup","version":"1"},"event":{"count":1,"data":{"duration":2355,"created":1589930049470},"id":"appInit"}}
{"recorder_version":"31","session":"3212df09e567","build":"193.5662.53","bucket":"159","time":1589930049470,"group":{"id":"startup","version":"1"},"event":{"count":1,"data":{"duration":561,"created":1589930049471},"id":"splash"}}
{"recorder_version":"31","session":"3212df09e567","build":"193.5662.53","bucket":"159","time":1589930049470,"group":{"id":"startup","version":"1"},"event":{"count":1,"data":{"duration":347,"created":1589930049471},"id":"bootstrap"}}
{"recorder_version":"31","session":"3212df09e567","build":"193.5662.53","bucket":"159","time":1589930049470,"group":{"id":"startup","version":"1"},"event":{"count":1,"data":{"duration":7896,"created":1589930049471},"id":"totalDuration"}}
