{"recorder_version":"31","session":"00ef48ea89ab","build":"193.5662.53","bucket":"159","time":1590175528544,"group":{"id":"settings","version":"4"},"event":{"state":true,"data":{"component":"NotRoamableUiSettings","created":1590175528840},"id":"invoked"}}
{"recorder_version":"31","session":"00ef48ea89ab","build":"193.5662.53","bucket":"159","time":1590175528544,"group":{"id":"settings","version":"4"},"event":{"state":true,"data":{"component":"UISettings","created":1590175528844},"id":"invoked"}}
{"recorder_version":"31","session":"00ef48ea89ab","build":"193.5662.53","bucket":"159","time":1590175528547,"group":{"id":"system.java","version":"1"},"event":{"state":true,"data":{"created":1590175528853,"version":"validation.undefined_rule"},"id":"validation.undefined_rule"}}
{"recorder_version":"31","session":"00ef48ea89ab","build":"193.5662.53","bucket":"159","time":1590175528547,"group":{"id":"system.java","version":"1"},"event":{"state":true,"data":{"created":1590175528853},"id":"invoked"}}
{"recorder_version":"31","session":"00ef48ea89ab","build":"193.5662.53","bucket":"159","time":1590175528568,"group":{"id":"system.os","version":"3"},"event":{"state":true,"data":{"created":1590175528854,"version":"10.15"},"id":"Mac"}}
{"recorder_version":"31","session":"00ef48ea89ab","build":"193.5662.53","bucket":"159","time":1590175528568,"group":{"id":"system.os","version":"3"},"event":{"state":true,"data":{"created":1590175528854,"name":"Mac","version":"10.15"},"id":"os.name"}}
{"recorder_version":"31","session":"00ef48ea89ab","build":"193.5662.53","bucket":"159","time":1590175528568,"group":{"id":"system.os","version":"3"},"event":{"state":true,"data":{"created":1590175528855,"value":"+02_00"},"id":"os.timezone"}}
{"recorder_version":"31","session":"00ef48ea89ab","build":"193.5662.53","bucket":"159","time":1590175528568,"group":{"id":"system.os","version":"3"},"event":{"state":true,"data":{"created":1590175528855},"id":"invoked"}}
{"recorder_version":"31","session":"00ef48ea89ab","build":"193.5662.53","bucket":"159","time":1590175528690,"group":{"id":"settings","version":"4"},"event":{"state":true,"data":{"component":"UpdatesConfigurable","created":1590175528856,"name":"checkNeeded","type":"bool","value":false},"id":"not.default"}}
{"recorder_version":"31","session":"00ef48ea89ab","build":"193.5662.53","bucket":"159","time":1590175528691,"group":{"id":"settings","version":"4"},"event":{"state":true,"data":{"component":"UpdatesConfigurable","created":1590175528856},"id":"invoked"}}
{"recorder_version":"31","session":"00ef48ea89ab","build":"193.5662.53","bucket":"159","time":1590175528810,"group":{"id":"event.log","version":"31"},"event":{"count":1,"data":{"created":1590175528857,"version":"1268.0"},"id":"whitelist.loaded"}}
{"recorder_version":"31","session":"00ef48ea89ab","build":"193.5662.53","bucket":"159","time":1590175528896,"group":{"id":"settings","version":"4"},"event":{"state":true,"data":{"component":"GeneralSettings","created":1590175528896,"name":"showTipsOnStartup","type":"bool","value":false},"id":"not.default"}}
{"recorder_version":"31","session":"00ef48ea89ab","build":"193.5662.53","bucket":"159","time":1590175528896,"group":{"id":"settings","version":"4"},"event":{"state":true,"data":{"component":"GeneralSettings","created":1590175528898},"id":"invoked"}}
{"recorder_version":"31","session":"00ef48ea89ab","build":"193.5662.53","bucket":"159","time":1590175528959,"group":{"id":"lifecycle","version":"31"},"event":{"count":1,"data":{"internal":true,"eap":false,"created":1590175528959},"id":"ide.start"}}
{"recorder_version":"31","session":"00ef48ea89ab","build":"193.5662.53","bucket":"159","time":1590175529040,"group":{"id":"settings","version":"4"},"event":{"state":true,"data":{"component":"XmlEditorOptions","created":1590175529040},"id":"invoked"}}
{"recorder_version":"31","session":"00ef48ea89ab","build":"193.5662.53","bucket":"159","time":1590175529943,"group":{"id":"settings","version":"4"},"event":{"state":true,"data":{"component":"VcsApplicationSettings","created":1590175529943},"id":"invoked"}}
{"recorder_version":"31","session":"00ef48ea89ab","build":"193.5662.53","bucket":"159","time":1590175529943,"group":{"id":"lifecycle","version":"31"},"event":{"count":1,"data":{"created":1590175529943},"id":"frame.activated"}}
{"recorder_version":"31","session":"00ef48ea89ab","build":"193.5662.53","bucket":"159","time":1590175529996,"group":{"id":"performance","version":"31"},"event":{"count":1,"data":{"duration_ms":589,"created":1590175529996},"id":"ui.latency"}}
{"recorder_version":"31","session":"00ef48ea89ab","build":"193.5662.53","bucket":"159","time":1590175529996,"group":{"id":"performance","version":"31"},"event":{"count":1,"data":{"duration_ms":589,"created":1590175529996},"id":"ui.lagging"}}
{"recorder_version":"31","session":"00ef48ea89ab","build":"193.5662.53","bucket":"159","time":1590175530282,"group":{"id":"ui.dialogs","version":"31"},"event":{"count":1,"data":{"created":1590175530283,"plugin_type":"PLATFORM","dialog_class":"com.intellij.openapi.progress.util.ProgressDialog$MyDialogWrapper"},"id":"show"}}
{"recorder_version":"31","session":"00ef48ea89ab","build":"193.5662.53","bucket":"159","time":1590175531899,"group":{"id":"lifecycle","version":"31"},"event":{"count":1,"data":{"created":1590175531899,"project":"d119a6d897fcb33934b9adf90ec59bc9e850f90f58367fa567dc99031a6fc921"},"id":"project.opened"}}
{"recorder_version":"31","session":"00ef48ea89ab","build":"193.5662.53","bucket":"159","time":1590175532411,"group":{"id":"performance","version":"31"},"event":{"count":1,"data":{"duration_ms":1010,"created":1590175532412},"id":"ui.lagging"}}
{"recorder_version":"31","session":"00ef48ea89ab","build":"193.5662.53","bucket":"159","time":1590175532578,"group":{"id":"performance","version":"31"},"event":{"count":1,"data":{"duration_ms":176,"created":1590175532578},"id":"ui.lagging"}}
{"recorder_version":"31","session":"00ef48ea89ab","build":"193.5662.53","bucket":"159","time":1590175532599,"group":{"id":"toolwindow","version":"31"},"event":{"count":1,"data":{"created":1590175532600,"plugin_type":"PLATFORM","id":"Event_Log"},"id":"activated"}}
{"recorder_version":"31","session":"00ef48ea89ab","build":"193.5662.53","bucket":"159","time":1590175533662,"group":{"id":"performance","version":"31"},"event":{"count":1,"data":{"duration_ms":259,"created":1590175533662},"id":"ui.lagging"}}
{"recorder_version":"31","session":"00ef48ea89ab","build":"193.5662.53","bucket":"159","time":1590175535104,"group":{"id":"project.fs","version":"1"},"event":{"state":true,"data":{"os":"Mac","cs-project":false,"created":1590175535104,"project":"d119a6d897fcb33934b9adf90ec59bc9e850f90f58367fa567dc99031a6fc921","cs-implicit":true,"cs-system":false},"id":"case-sensitivity"}}
{"recorder_version":"31","session":"00ef48ea89ab","build":"193.5662.53","bucket":"159","time":1590175535104,"group":{"id":"project.fs","version":"1"},"event":{"state":true,"data":{"created":1590175535104},"id":"invoked"}}
{"recorder_version":"31","session":"00ef48ea89ab","build":"193.5662.53","bucket":"159","time":1590175535105,"group":{"id":"project.fs","version":"1"},"event":{"state":true,"data":{"pct-non-watched":0,"created":1590175535105,"project":"d119a6d897fcb33934b9adf90ec59bc9e850f90f58367fa567dc99031a6fc921"},"id":"roots-watched"}}
{"recorder_version":"31","session":"00ef48ea89ab","build":"193.5662.53","bucket":"159","time":1590175535105,"group":{"id":"project.fs","version":"1"},"event":{"state":true,"data":{"created":1590175535105},"id":"invoked"}}
{"recorder_version":"31","session":"00ef48ea89ab","build":"193.5662.53","bucket":"159","time":1590175535235,"group":{"id":"ui.dialogs","version":"31"},"event":{"count":1,"data":{"code":1,"created":1590175535235,"plugin_type":"PLATFORM","dialog_class":"com.intellij.openapi.progress.util.ProgressDialog$MyDialogWrapper"},"id":"close"}}
{"recorder_version":"31","session":"00ef48ea89ab","build":"193.5662.53","bucket":"159","time":1590175535385,"group":{"id":"indexing","version":"2"},"event":{"count":1,"data":{"ide_activity_id":1,"created":1590175535385,"project":"d119a6d897fcb33934b9adf90ec59bc9e850f90f58367fa567dc99031a6fc921"},"id":"started"}}
{"recorder_version":"31","session":"00ef48ea89ab","build":"193.5662.53","bucket":"159","time":1590175535453,"group":{"id":"indexing","version":"2"},"event":{"count":1,"data":{"ide_activity_id":1,"stage_class":"com.intellij.util.indexing.UnindexedFilesUpdater","created":1590175535454,"plugin_type":"PLATFORM"},"id":"stage"}}
{"recorder_version":"31","session":"00ef48ea89ab","build":"193.5662.53","bucket":"159","time":1590175535513,"group":{"id":"lifecycle","version":"31"},"event":{"count":1,"data":{"duration_ms":6454,"created":1590175535513,"project":"d119a6d897fcb33934b9adf90ec59bc9e850f90f58367fa567dc99031a6fc921"},"id":"project.opening.finished"}}
{"recorder_version":"31","session":"00ef48ea89ab","build":"193.5662.53","bucket":"159","time":1590175538817,"group":{"id":"indexing","version":"2"},"event":{"count":1,"data":{"duration_ms":3432,"ide_activity_id":1,"created":1590175538818},"id":"finished"}}
{"recorder_version":"31","session":"00ef48ea89ab","build":"193.5662.53","bucket":"159","time":1590175538953,"group":{"id":"indexing","version":"2"},"event":{"count":1,"data":{"ide_activity_id":2,"created":1590175538953,"project":"d119a6d897fcb33934b9adf90ec59bc9e850f90f58367fa567dc99031a6fc921"},"id":"started"}}
{"recorder_version":"31","session":"00ef48ea89ab","build":"193.5662.53","bucket":"159","time":1590175538971,"group":{"id":"indexing","version":"2"},"event":{"count":1,"data":{"ide_activity_id":2,"plugin":"org.jetbrains.android","stage_class":"com.android.tools.idea.res.ResourceFolderRepositoryFileCacheImpl$PruneTask","created":1590175538973,"plugin_type":"JB_BUNDLED"},"id":"stage"}}
{"recorder_version":"31","session":"00ef48ea89ab","build":"193.5662.53","bucket":"159","time":1590175539020,"group":{"id":"indexing","version":"2"},"event":{"count":1,"data":{"ide_activity_id":2,"plugin":"org.jetbrains.android","stage_class":"com.android.tools.idea.res.ResourceFolderRepositoryFileCacheImpl$ManageLruProjectFilesTask","created":1590175539022,"plugin_type":"JB_BUNDLED"},"id":"stage"}}
{"recorder_version":"31","session":"00ef48ea89ab","build":"193.5662.53","bucket":"159","time":1590175539059,"group":{"id":"indexing","version":"2"},"event":{"count":1,"data":{"duration_ms":106,"ide_activity_id":2,"created":1590175539059},"id":"finished"}}
{"recorder_version":"31","session":"00ef48ea89ab","build":"193.5662.53","bucket":"159","time":1590175539074,"group":{"id":"indexing","version":"2"},"event":{"count":1,"data":{"ide_activity_id":3,"created":1590175539075,"project":"d119a6d897fcb33934b9adf90ec59bc9e850f90f58367fa567dc99031a6fc921"},"id":"started"}}
{"recorder_version":"31","session":"00ef48ea89ab","build":"193.5662.53","bucket":"159","time":1590175539095,"group":{"id":"indexing","version":"2"},"event":{"count":1,"data":{"ide_activity_id":3,"plugin":"org.jetbrains.android","stage_class":"com.android.tools.idea.res.ResourceFolderRegistry$PopulateCachesTask","created":1590175539096,"plugin_type":"JB_BUNDLED"},"id":"stage"}}
{"recorder_version":"31","session":"00ef48ea89ab","build":"193.5662.53","bucket":"159","time":1590175539137,"group":{"id":"indexing","version":"2"},"event":{"count":1,"data":{"duration_ms":63,"ide_activity_id":3,"created":1590175539137},"id":"finished"}}
{"recorder_version":"31","session":"00ef48ea89ab","build":"193.5662.53","bucket":"159","time":1590175539668,"group":{"id":"performance","version":"31"},"event":{"count":1,"data":{"duration_ms":251,"created":1590175539668},"id":"ui.lagging"}}
{"recorder_version":"31","session":"00ef48ea89ab","build":"193.5662.53","bucket":"159","time":1590175540248,"group":{"id":"startup","version":"1"},"event":{"count":1,"data":{"duration":1680,"created":1590175540248},"id":"appInit"}}
{"recorder_version":"31","session":"00ef48ea89ab","build":"193.5662.53","bucket":"159","time":1590175540248,"group":{"id":"startup","version":"1"},"event":{"count":1,"data":{"duration":352,"created":1590175540249},"id":"splash"}}
{"recorder_version":"31","session":"00ef48ea89ab","build":"193.5662.53","bucket":"159","time":1590175540248,"group":{"id":"startup","version":"1"},"event":{"count":1,"data":{"duration":354,"created":1590175540249},"id":"bootstrap"}}
{"recorder_version":"31","session":"00ef48ea89ab","build":"193.5662.53","bucket":"159","time":1590175540248,"group":{"id":"startup","version":"1"},"event":{"count":1,"data":{"duration":9327,"created":1590175540250},"id":"totalDuration"}}
{"recorder_version":"31","session":"00ef48ea89ab","build":"193.5662.53","bucket":"159","time":1590175549215,"group":{"id":"actions","version":"31"},"event":{"count":1,"data":{"context_menu":true,"action_id":"third.party","created":1590175549216,"plugin_type":"NOT_LISTED","project":"d119a6d897fcb33934b9adf90ec59bc9e850f90f58367fa567dc99031a6fc921","place":"MainMenu","class":"third.party","input_event":"NoMouseButton"},"id":"action.invoked"}}
{"recorder_version":"31","session":"00ef48ea89ab","build":"193.5662.53","bucket":"159","time":1590175550194,"group":{"id":"ui.dialogs","version":"31"},"event":{"count":1,"data":{"created":1590175550195,"plugin_type":"NOT_LISTED","dialog_class":"third.party"},"id":"show"}}
{"recorder_version":"31","session":"00ef48ea89ab","build":"193.5662.53","bucket":"159","time":1590175556701,"group":{"id":"ui.dialogs","version":"31"},"event":{"count":1,"data":{"code":0,"created":1590175556702,"plugin_type":"NOT_LISTED","dialog_class":"third.party"},"id":"close"}}
