{"recorder_version":"31","session":"88744ef07899","build":"193.5662.53","bucket":"159","time":1590245126096,"group":{"id":"settings","version":"4"},"event":{"state":true,"data":{"component":"UISettings","created":1590245126416},"id":"invoked"}}
{"recorder_version":"31","session":"88744ef07899","build":"193.5662.53","bucket":"159","time":1590245126096,"group":{"id":"settings","version":"4"},"event":{"state":true,"data":{"component":"NotRoamableUiSettings","created":1590245126418},"id":"invoked"}}
{"recorder_version":"31","session":"88744ef07899","build":"193.5662.53","bucket":"159","time":1590245126111,"group":{"id":"system.java","version":"1"},"event":{"state":true,"data":{"created":1590245126434,"version":"validation.undefined_rule"},"id":"validation.undefined_rule"}}
{"recorder_version":"31","session":"88744ef07899","build":"193.5662.53","bucket":"159","time":1590245126112,"group":{"id":"system.java","version":"1"},"event":{"state":true,"data":{"created":1590245126434},"id":"invoked"}}
{"recorder_version":"31","session":"88744ef07899","build":"193.5662.53","bucket":"159","time":1590245126142,"group":{"id":"system.os","version":"3"},"event":{"state":true,"data":{"created":1590245126436,"version":"10.15"},"id":"Mac"}}
{"recorder_version":"31","session":"88744ef07899","build":"193.5662.53","bucket":"159","time":1590245126142,"group":{"id":"system.os","version":"3"},"event":{"state":true,"data":{"created":1590245126436,"name":"Mac","version":"10.15"},"id":"os.name"}}
{"recorder_version":"31","session":"88744ef07899","build":"193.5662.53","bucket":"159","time":1590245126142,"group":{"id":"system.os","version":"3"},"event":{"state":true,"data":{"created":1590245126437,"value":"+02_00"},"id":"os.timezone"}}
{"recorder_version":"31","session":"88744ef07899","build":"193.5662.53","bucket":"159","time":1590245126142,"group":{"id":"system.os","version":"3"},"event":{"state":true,"data":{"created":1590245126437},"id":"invoked"}}
{"recorder_version":"31","session":"88744ef07899","build":"193.5662.53","bucket":"159","time":1590245126294,"group":{"id":"settings","version":"4"},"event":{"state":true,"data":{"component":"UpdatesConfigurable","created":1590245126438,"name":"checkNeeded","type":"bool","value":false},"id":"not.default"}}
{"recorder_version":"31","session":"88744ef07899","build":"193.5662.53","bucket":"159","time":1590245126294,"group":{"id":"settings","version":"4"},"event":{"state":true,"data":{"component":"UpdatesConfigurable","created":1590245126438},"id":"invoked"}}
{"recorder_version":"31","session":"88744ef07899","build":"193.5662.53","bucket":"159","time":1590245126384,"group":{"id":"event.log","version":"31"},"event":{"count":1,"data":{"created":1590245126439,"version":"1268.0"},"id":"whitelist.loaded"}}
{"recorder_version":"31","session":"88744ef07899","build":"193.5662.53","bucket":"159","time":1590245126492,"group":{"id":"settings","version":"4"},"event":{"state":true,"data":{"component":"GeneralSettings","created":1590245126492,"name":"showTipsOnStartup","type":"bool","value":false},"id":"not.default"}}
{"recorder_version":"31","session":"88744ef07899","build":"193.5662.53","bucket":"159","time":1590245126492,"group":{"id":"settings","version":"4"},"event":{"state":true,"data":{"component":"GeneralSettings","created":1590245126493},"id":"invoked"}}
{"recorder_version":"31","session":"88744ef07899","build":"193.5662.53","bucket":"159","time":1590245126585,"group":{"id":"lifecycle","version":"31"},"event":{"count":1,"data":{"internal":true,"eap":false,"created":1590245126586},"id":"ide.start"}}
{"recorder_version":"31","session":"88744ef07899","build":"193.5662.53","bucket":"159","time":1590245126622,"group":{"id":"settings","version":"4"},"event":{"state":true,"data":{"component":"XmlEditorOptions","created":1590245126622},"id":"invoked"}}
{"recorder_version":"31","session":"88744ef07899","build":"193.5662.53","bucket":"159","time":1590245127495,"group":{"id":"settings","version":"4"},"event":{"state":true,"data":{"component":"VcsApplicationSettings","created":1590245127495},"id":"invoked"}}
{"recorder_version":"31","session":"88744ef07899","build":"193.5662.53","bucket":"159","time":1590245127495,"group":{"id":"lifecycle","version":"31"},"event":{"count":1,"data":{"created":1590245127495},"id":"frame.activated"}}
{"recorder_version":"31","session":"88744ef07899","build":"193.5662.53","bucket":"159","time":1590245127532,"group":{"id":"performance","version":"31"},"event":{"count":1,"data":{"duration_ms":571,"created":1590245127533},"id":"ui.latency"}}
{"recorder_version":"31","session":"88744ef07899","build":"193.5662.53","bucket":"159","time":1590245127532,"group":{"id":"performance","version":"31"},"event":{"count":1,"data":{"duration_ms":571,"created":1590245127533},"id":"ui.lagging"}}
{"recorder_version":"31","session":"88744ef07899","build":"193.5662.53","bucket":"159","time":1590245127820,"group":{"id":"ui.dialogs","version":"31"},"event":{"count":1,"data":{"created":1590245127821,"plugin_type":"PLATFORM","dialog_class":"com.intellij.openapi.progress.util.ProgressDialog$MyDialogWrapper"},"id":"show"}}
{"recorder_version":"31","session":"88744ef07899","build":"193.5662.53","bucket":"159","time":1590245128120,"group":{"id":"performance","version":"31"},"event":{"count":1,"data":{"duration_ms":165,"created":1590245128120},"id":"ui.lagging"}}
{"recorder_version":"31","session":"88744ef07899","build":"193.5662.53","bucket":"159","time":1590245129455,"group":{"id":"lifecycle","version":"31"},"event":{"count":1,"data":{"created":1590245129455,"project":"d119a6d897fcb33934b9adf90ec59bc9e850f90f58367fa567dc99031a6fc921"},"id":"project.opened"}}
{"recorder_version":"31","session":"88744ef07899","build":"193.5662.53","bucket":"159","time":1590245129897,"group":{"id":"performance","version":"31"},"event":{"count":1,"data":{"duration_ms":940,"created":1590245129897},"id":"ui.lagging"}}
{"recorder_version":"31","session":"88744ef07899","build":"193.5662.53","bucket":"159","time":1590245130079,"group":{"id":"toolwindow","version":"31"},"event":{"count":1,"data":{"created":1590245130080,"plugin_type":"PLATFORM","id":"Event_Log"},"id":"activated"}}
{"recorder_version":"31","session":"88744ef07899","build":"193.5662.53","bucket":"159","time":1590245131132,"group":{"id":"performance","version":"31"},"event":{"count":1,"data":{"duration_ms":172,"created":1590245131132},"id":"ui.lagging"}}
{"recorder_version":"31","session":"88744ef07899","build":"193.5662.53","bucket":"159","time":1590245132106,"group":{"id":"performance","version":"31"},"event":{"count":1,"data":{"duration_ms":141,"created":1590245132106},"id":"ui.lagging"}}
{"recorder_version":"31","session":"88744ef07899","build":"193.5662.53","bucket":"159","time":1590245132171,"group":{"id":"project.fs","version":"1"},"event":{"state":true,"data":{"os":"Mac","cs-project":false,"created":1590245132172,"project":"d119a6d897fcb33934b9adf90ec59bc9e850f90f58367fa567dc99031a6fc921","cs-implicit":true,"cs-system":false},"id":"case-sensitivity"}}
{"recorder_version":"31","session":"88744ef07899","build":"193.5662.53","bucket":"159","time":1590245132171,"group":{"id":"project.fs","version":"1"},"event":{"state":true,"data":{"created":1590245132172},"id":"invoked"}}
{"recorder_version":"31","session":"88744ef07899","build":"193.5662.53","bucket":"159","time":1590245132172,"group":{"id":"project.fs","version":"1"},"event":{"state":true,"data":{"pct-non-watched":0,"created":1590245132172,"project":"d119a6d897fcb33934b9adf90ec59bc9e850f90f58367fa567dc99031a6fc921"},"id":"roots-watched"}}
{"recorder_version":"31","session":"88744ef07899","build":"193.5662.53","bucket":"159","time":1590245132172,"group":{"id":"project.fs","version":"1"},"event":{"state":true,"data":{"created":1590245132173},"id":"invoked"}}
{"recorder_version":"31","session":"88744ef07899","build":"193.5662.53","bucket":"159","time":1590245132295,"group":{"id":"ui.dialogs","version":"31"},"event":{"count":1,"data":{"code":1,"created":1590245132296,"plugin_type":"PLATFORM","dialog_class":"com.intellij.openapi.progress.util.ProgressDialog$MyDialogWrapper"},"id":"close"}}
{"recorder_version":"31","session":"88744ef07899","build":"193.5662.53","bucket":"159","time":1590245132386,"group":{"id":"indexing","version":"2"},"event":{"count":1,"data":{"ide_activity_id":1,"created":1590245132386,"project":"d119a6d897fcb33934b9adf90ec59bc9e850f90f58367fa567dc99031a6fc921"},"id":"started"}}
{"recorder_version":"31","session":"88744ef07899","build":"193.5662.53","bucket":"159","time":1590245132435,"group":{"id":"indexing","version":"2"},"event":{"count":1,"data":{"ide_activity_id":1,"stage_class":"com.intellij.util.indexing.UnindexedFilesUpdater","created":1590245132435,"plugin_type":"PLATFORM"},"id":"stage"}}
{"recorder_version":"31","session":"88744ef07899","build":"193.5662.53","bucket":"159","time":1590245132479,"group":{"id":"lifecycle","version":"31"},"event":{"count":1,"data":{"duration_ms":5837,"created":1590245132479,"project":"d119a6d897fcb33934b9adf90ec59bc9e850f90f58367fa567dc99031a6fc921"},"id":"project.opening.finished"}}
{"recorder_version":"31","session":"88744ef07899","build":"193.5662.53","bucket":"159","time":1590245135145,"group":{"id":"indexing","version":"2"},"event":{"count":1,"data":{"duration_ms":2759,"ide_activity_id":1,"created":1590245135145},"id":"finished"}}
{"recorder_version":"31","session":"88744ef07899","build":"193.5662.53","bucket":"159","time":1590245135257,"group":{"id":"indexing","version":"2"},"event":{"count":1,"data":{"ide_activity_id":2,"created":1590245135257,"project":"d119a6d897fcb33934b9adf90ec59bc9e850f90f58367fa567dc99031a6fc921"},"id":"started"}}
{"recorder_version":"31","session":"88744ef07899","build":"193.5662.53","bucket":"159","time":1590245135270,"group":{"id":"indexing","version":"2"},"event":{"count":1,"data":{"ide_activity_id":2,"plugin":"org.jetbrains.android","stage_class":"com.android.tools.idea.res.ResourceFolderRepositoryFileCacheImpl$PruneTask","created":1590245135271,"plugin_type":"JB_BUNDLED"},"id":"stage"}}
{"recorder_version":"31","session":"88744ef07899","build":"193.5662.53","bucket":"159","time":1590245135313,"group":{"id":"indexing","version":"2"},"event":{"count":1,"data":{"ide_activity_id":2,"plugin":"org.jetbrains.android","stage_class":"com.android.tools.idea.res.ResourceFolderRepositoryFileCacheImpl$ManageLruProjectFilesTask","created":1590245135314,"plugin_type":"JB_BUNDLED"},"id":"stage"}}
{"recorder_version":"31","session":"88744ef07899","build":"193.5662.53","bucket":"159","time":1590245135343,"group":{"id":"indexing","version":"2"},"event":{"count":1,"data":{"duration_ms":86,"ide_activity_id":2,"created":1590245135346},"id":"finished"}}
{"recorder_version":"31","session":"88744ef07899","build":"193.5662.53","bucket":"159","time":1590245135358,"group":{"id":"indexing","version":"2"},"event":{"count":1,"data":{"ide_activity_id":3,"created":1590245135358,"project":"d119a6d897fcb33934b9adf90ec59bc9e850f90f58367fa567dc99031a6fc921"},"id":"started"}}
{"recorder_version":"31","session":"88744ef07899","build":"193.5662.53","bucket":"159","time":1590245135360,"group":{"id":"indexing","version":"2"},"event":{"count":1,"data":{"ide_activity_id":3,"plugin":"org.jetbrains.android","stage_class":"com.android.tools.idea.res.ResourceFolderRegistry$PopulateCachesTask","created":1590245135361,"plugin_type":"JB_BUNDLED"},"id":"stage"}}
{"recorder_version":"31","session":"88744ef07899","build":"193.5662.53","bucket":"159","time":1590245135363,"group":{"id":"indexing","version":"2"},"event":{"count":1,"data":{"duration_ms":5,"ide_activity_id":3,"created":1590245135363},"id":"finished"}}
{"recorder_version":"31","session":"88744ef07899","build":"193.5662.53","bucket":"159","time":1590245136812,"group":{"id":"actions","version":"31"},"event":{"count":1,"data":{"context_menu":true,"action_id":"third.party","created":1590245136813,"plugin_type":"NOT_LISTED","project":"d119a6d897fcb33934b9adf90ec59bc9e850f90f58367fa567dc99031a6fc921","place":"MainMenu","class":"third.party","input_event":"NoMouseButton"},"id":"action.invoked"}}
{"recorder_version":"31","session":"88744ef07899","build":"193.5662.53","bucket":"159","time":1590245137285,"group":{"id":"startup","version":"1"},"event":{"count":1,"data":{"duration":1812,"created":1590245137285},"id":"appInit"}}
{"recorder_version":"31","session":"88744ef07899","build":"193.5662.53","bucket":"159","time":1590245137285,"group":{"id":"startup","version":"1"},"event":{"count":1,"data":{"duration":381,"created":1590245137286},"id":"splash"}}
{"recorder_version":"31","session":"88744ef07899","build":"193.5662.53","bucket":"159","time":1590245137285,"group":{"id":"startup","version":"1"},"event":{"count":1,"data":{"duration":404,"created":1590245137286},"id":"bootstrap"}}
{"recorder_version":"31","session":"88744ef07899","build":"193.5662.53","bucket":"159","time":1590245137285,"group":{"id":"startup","version":"1"},"event":{"count":1,"data":{"duration":8770,"created":1590245137287},"id":"totalDuration"}}
{"recorder_version":"31","session":"88744ef07899","build":"193.5662.53","bucket":"159","time":1590245138088,"group":{"id":"ui.dialogs","version":"31"},"event":{"count":1,"data":{"created":1590245138088,"plugin_type":"NOT_LISTED","dialog_class":"third.party"},"id":"show"}}
{"recorder_version":"31","session":"88744ef07899","build":"193.5662.53","bucket":"159","time":1590245142491,"group":{"id":"ui.dialogs","version":"31"},"event":{"count":1,"data":{"code":1,"created":1590245142492,"plugin_type":"NOT_LISTED","dialog_class":"third.party"},"id":"close"}}
{"recorder_version":"31","session":"88744ef07899","build":"193.5662.53","bucket":"159","time":1590245144611,"group":{"id":"ui.dialogs","version":"31"},"event":{"count":1,"data":{"created":1590245144611,"plugin_type":"NOT_LISTED","dialog_class":"third.party"},"id":"show"}}
{"recorder_version":"31","session":"88744ef07899","build":"193.5662.53","bucket":"159","time":1590245149534,"group":{"id":"ui.dialogs","version":"31"},"event":{"count":1,"data":{"code":1,"created":1590245149534,"plugin_type":"NOT_LISTED","dialog_class":"third.party"},"id":"close"}}
{"recorder_version":"31","session":"88744ef07899","build":"193.5662.53","bucket":"159","time":1590245150393,"group":{"id":"ui.dialogs","version":"31"},"event":{"count":1,"data":{"created":1590245150393,"plugin_type":"NOT_LISTED","dialog_class":"third.party"},"id":"show"}}
{"recorder_version":"31","session":"88744ef07899","build":"193.5662.53","bucket":"159","time":1590245154709,"group":{"id":"ui.dialogs","version":"31"},"event":{"count":1,"data":{"code":1,"created":1590245154709,"plugin_type":"NOT_LISTED","dialog_class":"third.party"},"id":"close"}}
