{"recorder_version":"31","session":"fd6535162b3f","build":"193.5662.53","bucket":"159","time":1590243561270,"group":{"id":"settings","version":"4"},"event":{"state":true,"data":{"component":"UISettings","created":1590243561657},"id":"invoked"}}
{"recorder_version":"31","session":"fd6535162b3f","build":"193.5662.53","bucket":"159","time":1590243561275,"group":{"id":"settings","version":"4"},"event":{"state":true,"data":{"component":"NotRoamableUiSettings","created":1590243561658},"id":"invoked"}}
{"recorder_version":"31","session":"fd6535162b3f","build":"193.5662.53","bucket":"159","time":1590243561283,"group":{"id":"system.java","version":"1"},"event":{"state":true,"data":{"created":1590243561678,"version":"validation.undefined_rule"},"id":"validation.undefined_rule"}}
{"recorder_version":"31","session":"fd6535162b3f","build":"193.5662.53","bucket":"159","time":1590243561283,"group":{"id":"system.java","version":"1"},"event":{"state":true,"data":{"created":1590243561678},"id":"invoked"}}
{"recorder_version":"31","session":"fd6535162b3f","build":"193.5662.53","bucket":"159","time":1590243561324,"group":{"id":"system.os","version":"3"},"event":{"state":true,"data":{"created":1590243561679,"version":"10.15"},"id":"Mac"}}
{"recorder_version":"31","session":"fd6535162b3f","build":"193.5662.53","bucket":"159","time":1590243561324,"group":{"id":"system.os","version":"3"},"event":{"state":true,"data":{"created":1590243561679,"name":"Mac","version":"10.15"},"id":"os.name"}}
{"recorder_version":"31","session":"fd6535162b3f","build":"193.5662.53","bucket":"159","time":1590243561324,"group":{"id":"system.os","version":"3"},"event":{"state":true,"data":{"created":1590243561680,"value":"+02_00"},"id":"os.timezone"}}
{"recorder_version":"31","session":"fd6535162b3f","build":"193.5662.53","bucket":"159","time":1590243561324,"group":{"id":"system.os","version":"3"},"event":{"state":true,"data":{"created":1590243561680},"id":"invoked"}}
{"recorder_version":"31","session":"fd6535162b3f","build":"193.5662.53","bucket":"159","time":1590243561550,"group":{"id":"settings","version":"4"},"event":{"state":true,"data":{"component":"UpdatesConfigurable","created":1590243561680,"name":"checkNeeded","type":"bool","value":false},"id":"not.default"}}
{"recorder_version":"31","session":"fd6535162b3f","build":"193.5662.53","bucket":"159","time":1590243561551,"group":{"id":"settings","version":"4"},"event":{"state":true,"data":{"component":"UpdatesConfigurable","created":1590243561682},"id":"invoked"}}
{"recorder_version":"31","session":"fd6535162b3f","build":"193.5662.53","bucket":"159","time":1590243561585,"group":{"id":"event.log","version":"31"},"event":{"count":1,"data":{"created":1590243561682,"version":"1268.0"},"id":"whitelist.loaded"}}
{"recorder_version":"31","session":"fd6535162b3f","build":"193.5662.53","bucket":"159","time":1590243561750,"group":{"id":"settings","version":"4"},"event":{"state":true,"data":{"component":"GeneralSettings","created":1590243561751,"name":"showTipsOnStartup","type":"bool","value":false},"id":"not.default"}}
{"recorder_version":"31","session":"fd6535162b3f","build":"193.5662.53","bucket":"159","time":1590243561750,"group":{"id":"settings","version":"4"},"event":{"state":true,"data":{"component":"GeneralSettings","created":1590243561752},"id":"invoked"}}
{"recorder_version":"31","session":"fd6535162b3f","build":"193.5662.53","bucket":"159","time":1590243561845,"group":{"id":"lifecycle","version":"31"},"event":{"count":1,"data":{"internal":true,"eap":false,"created":1590243561845},"id":"ide.start"}}
{"recorder_version":"31","session":"fd6535162b3f","build":"193.5662.53","bucket":"159","time":1590243561883,"group":{"id":"settings","version":"4"},"event":{"state":true,"data":{"component":"XmlEditorOptions","created":1590243561884},"id":"invoked"}}
{"recorder_version":"31","session":"fd6535162b3f","build":"193.5662.53","bucket":"159","time":1590243562928,"group":{"id":"performance","version":"31"},"event":{"count":1,"data":{"duration_ms":769,"created":1590243562929},"id":"ui.latency"}}
{"recorder_version":"31","session":"fd6535162b3f","build":"193.5662.53","bucket":"159","time":1590243562928,"group":{"id":"performance","version":"31"},"event":{"count":1,"data":{"duration_ms":769,"created":1590243562929},"id":"ui.lagging"}}
{"recorder_version":"31","session":"fd6535162b3f","build":"193.5662.53","bucket":"159","time":1590243563078,"group":{"id":"ui.dialogs","version":"31"},"event":{"count":1,"data":{"created":1590243563078,"plugin_type":"PLATFORM","dialog_class":"com.intellij.openapi.progress.util.ProgressDialog$MyDialogWrapper"},"id":"show"}}
{"recorder_version":"31","session":"fd6535162b3f","build":"193.5662.53","bucket":"159","time":1590243563112,"group":{"id":"settings","version":"4"},"event":{"state":true,"data":{"component":"VcsApplicationSettings","created":1590243563115},"id":"invoked"}}
{"recorder_version":"31","session":"fd6535162b3f","build":"193.5662.53","bucket":"159","time":1590243563254,"group":{"id":"performance","version":"31"},"event":{"count":1,"data":{"duration_ms":101,"created":1590243563254},"id":"ui.lagging"}}
{"recorder_version":"31","session":"fd6535162b3f","build":"193.5662.53","bucket":"159","time":1590243565135,"group":{"id":"lifecycle","version":"31"},"event":{"count":1,"data":{"created":1590243565135,"project":"d119a6d897fcb33934b9adf90ec59bc9e850f90f58367fa567dc99031a6fc921"},"id":"project.opened"}}
{"recorder_version":"31","session":"fd6535162b3f","build":"193.5662.53","bucket":"159","time":1590243565701,"group":{"id":"performance","version":"31"},"event":{"count":1,"data":{"duration_ms":547,"created":1590243565701},"id":"ui.lagging"}}
{"recorder_version":"31","session":"fd6535162b3f","build":"193.5662.53","bucket":"159","time":1590243565758,"group":{"id":"toolwindow","version":"31"},"event":{"count":1,"data":{"created":1590243565758,"plugin_type":"PLATFORM","id":"Event_Log"},"id":"activated"}}
{"recorder_version":"31","session":"fd6535162b3f","build":"193.5662.53","bucket":"159","time":1590243566594,"group":{"id":"performance","version":"31"},"event":{"count":1,"data":{"duration_ms":436,"created":1590243566595},"id":"ui.lagging"}}
{"recorder_version":"31","session":"fd6535162b3f","build":"193.5662.53","bucket":"159","time":1590243567591,"group":{"id":"indexing","version":"2"},"event":{"count":1,"data":{"ide_activity_id":1,"created":1590243567592,"project":"d119a6d897fcb33934b9adf90ec59bc9e850f90f58367fa567dc99031a6fc921"},"id":"started"}}
{"recorder_version":"31","session":"fd6535162b3f","build":"193.5662.53","bucket":"159","time":1590243567595,"group":{"id":"project.fs","version":"1"},"event":{"state":true,"data":{"os":"Mac","cs-project":false,"created":1590243567595,"project":"d119a6d897fcb33934b9adf90ec59bc9e850f90f58367fa567dc99031a6fc921","cs-implicit":true,"cs-system":false},"id":"case-sensitivity"}}
{"recorder_version":"31","session":"fd6535162b3f","build":"193.5662.53","bucket":"159","time":1590243567595,"group":{"id":"project.fs","version":"1"},"event":{"state":true,"data":{"created":1590243567596},"id":"invoked"}}
{"recorder_version":"31","session":"fd6535162b3f","build":"193.5662.53","bucket":"159","time":1590243567596,"group":{"id":"project.fs","version":"1"},"event":{"state":true,"data":{"pct-non-watched":0,"created":1590243567597,"project":"d119a6d897fcb33934b9adf90ec59bc9e850f90f58367fa567dc99031a6fc921"},"id":"roots-watched"}}
{"recorder_version":"31","session":"fd6535162b3f","build":"193.5662.53","bucket":"159","time":1590243567596,"group":{"id":"project.fs","version":"1"},"event":{"state":true,"data":{"created":1590243567597},"id":"invoked"}}
{"recorder_version":"31","session":"fd6535162b3f","build":"193.5662.53","bucket":"159","time":1590243567734,"group":{"id":"ui.dialogs","version":"31"},"event":{"count":1,"data":{"code":1,"created":1590243567735,"plugin_type":"PLATFORM","dialog_class":"com.intellij.openapi.progress.util.ProgressDialog$MyDialogWrapper"},"id":"close"}}
{"recorder_version":"31","session":"fd6535162b3f","build":"193.5662.53","bucket":"159","time":1590243567745,"group":{"id":"indexing","version":"2"},"event":{"count":1,"data":{"ide_activity_id":1,"stage_class":"com.intellij.util.indexing.UnindexedFilesUpdater","created":1590243567746,"plugin_type":"PLATFORM"},"id":"stage"}}
{"recorder_version":"31","session":"fd6535162b3f","build":"193.5662.53","bucket":"159","time":1590243567906,"group":{"id":"lifecycle","version":"31"},"event":{"count":1,"data":{"duration_ms":6024,"created":1590243567907,"project":"d119a6d897fcb33934b9adf90ec59bc9e850f90f58367fa567dc99031a6fc921"},"id":"project.opening.finished"}}
{"recorder_version":"31","session":"fd6535162b3f","build":"193.5662.53","bucket":"159","time":1590243570958,"group":{"id":"indexing","version":"2"},"event":{"count":1,"data":{"duration_ms":3367,"ide_activity_id":1,"created":1590243570959},"id":"finished"}}
{"recorder_version":"31","session":"fd6535162b3f","build":"193.5662.53","bucket":"159","time":1590243571078,"group":{"id":"indexing","version":"2"},"event":{"count":1,"data":{"ide_activity_id":2,"created":1590243571079,"project":"d119a6d897fcb33934b9adf90ec59bc9e850f90f58367fa567dc99031a6fc921"},"id":"started"}}
{"recorder_version":"31","session":"fd6535162b3f","build":"193.5662.53","bucket":"159","time":1590243571097,"group":{"id":"indexing","version":"2"},"event":{"count":1,"data":{"ide_activity_id":2,"plugin":"org.jetbrains.android","stage_class":"com.android.tools.idea.res.ResourceFolderRepositoryFileCacheImpl$PruneTask","created":1590243571097,"plugin_type":"JB_BUNDLED"},"id":"stage"}}
{"recorder_version":"31","session":"fd6535162b3f","build":"193.5662.53","bucket":"159","time":1590243571141,"group":{"id":"indexing","version":"2"},"event":{"count":1,"data":{"ide_activity_id":2,"plugin":"org.jetbrains.android","stage_class":"com.android.tools.idea.res.ResourceFolderRepositoryFileCacheImpl$ManageLruProjectFilesTask","created":1590243571141,"plugin_type":"JB_BUNDLED"},"id":"stage"}}
{"recorder_version":"31","session":"fd6535162b3f","build":"193.5662.53","bucket":"159","time":1590243571173,"group":{"id":"indexing","version":"2"},"event":{"count":1,"data":{"duration_ms":95,"ide_activity_id":2,"created":1590243571174},"id":"finished"}}
{"recorder_version":"31","session":"fd6535162b3f","build":"193.5662.53","bucket":"159","time":1590243571189,"group":{"id":"indexing","version":"2"},"event":{"count":1,"data":{"ide_activity_id":3,"created":1590243571189,"project":"d119a6d897fcb33934b9adf90ec59bc9e850f90f58367fa567dc99031a6fc921"},"id":"started"}}
{"recorder_version":"31","session":"fd6535162b3f","build":"193.5662.53","bucket":"159","time":1590243571193,"group":{"id":"indexing","version":"2"},"event":{"count":1,"data":{"ide_activity_id":3,"plugin":"org.jetbrains.android","stage_class":"com.android.tools.idea.res.ResourceFolderRegistry$PopulateCachesTask","created":1590243571193,"plugin_type":"JB_BUNDLED"},"id":"stage"}}
{"recorder_version":"31","session":"fd6535162b3f","build":"193.5662.53","bucket":"159","time":1590243571210,"group":{"id":"indexing","version":"2"},"event":{"count":1,"data":{"duration_ms":21,"ide_activity_id":3,"created":1590243571210},"id":"finished"}}
{"recorder_version":"31","session":"fd6535162b3f","build":"193.5662.53","bucket":"159","time":1590243572741,"group":{"id":"startup","version":"1"},"event":{"count":1,"data":{"duration":1866,"created":1590243572741},"id":"appInit"}}
{"recorder_version":"31","session":"fd6535162b3f","build":"193.5662.53","bucket":"159","time":1590243572741,"group":{"id":"startup","version":"1"},"event":{"count":1,"data":{"duration":375,"created":1590243572741},"id":"splash"}}
{"recorder_version":"31","session":"fd6535162b3f","build":"193.5662.53","bucket":"159","time":1590243572741,"group":{"id":"startup","version":"1"},"event":{"count":1,"data":{"duration":353,"created":1590243572741},"id":"bootstrap"}}
{"recorder_version":"31","session":"fd6535162b3f","build":"193.5662.53","bucket":"159","time":1590243572741,"group":{"id":"startup","version":"1"},"event":{"count":1,"data":{"duration":9468,"created":1590243572742},"id":"totalDuration"}}
{"recorder_version":"31","session":"fd6535162b3f","build":"193.5662.53","bucket":"159","time":1590243576938,"group":{"id":"lifecycle","version":"31"},"event":{"count":1,"data":{"created":1590243576938,"project":"d119a6d897fcb33934b9adf90ec59bc9e850f90f58367fa567dc99031a6fc921"},"id":"frame.activated"}}
{"recorder_version":"31","session":"fd6535162b3f","build":"193.5662.53","bucket":"159","time":1590243578307,"group":{"id":"actions","version":"31"},"event":{"count":1,"data":{"context_menu":true,"action_id":"third.party","created":1590243578307,"plugin_type":"NOT_LISTED","project":"d119a6d897fcb33934b9adf90ec59bc9e850f90f58367fa567dc99031a6fc921","place":"MainMenu","class":"third.party","input_event":"NoMouseButton"},"id":"action.invoked"}}
{"recorder_version":"31","session":"fd6535162b3f","build":"193.5662.53","bucket":"159","time":1590243579603,"group":{"id":"ui.dialogs","version":"31"},"event":{"count":1,"data":{"created":1590243579603,"plugin_type":"NOT_LISTED","dialog_class":"third.party"},"id":"show"}}
{"recorder_version":"31","session":"fd6535162b3f","build":"193.5662.53","bucket":"159","time":1590243589390,"group":{"id":"ui.dialogs","version":"31"},"event":{"count":1,"data":{"code":0,"created":1590243589391,"plugin_type":"NOT_LISTED","dialog_class":"third.party"},"id":"close"}}
{"recorder_version":"31","session":"fd6535162b3f","build":"193.5662.53","bucket":"159","time":1590243590350,"group":{"id":"lifecycle","version":"31"},"event":{"count":1,"data":{"created":1590243590350,"project":"d119a6d897fcb33934b9adf90ec59bc9e850f90f58367fa567dc99031a6fc921"},"id":"frame.deactivated"}}
