{"recorder_version":"31","session":"6ea80a210a70","build":"193.5662.53","bucket":"159","time":1590251516583,"group":{"id":"settings","version":"4"},"event":{"state":true,"data":{"component":"UISettings","created":1590251516994},"id":"invoked"}}
{"recorder_version":"31","session":"6ea80a210a70","build":"193.5662.53","bucket":"159","time":1590251516583,"group":{"id":"settings","version":"4"},"event":{"state":true,"data":{"component":"NotRoamableUiSettings","created":1590251516995},"id":"invoked"}}
{"recorder_version":"31","session":"6ea80a210a70","build":"193.5662.53","bucket":"159","time":1590251516593,"group":{"id":"system.java","version":"1"},"event":{"state":true,"data":{"created":1590251517006,"version":"validation.undefined_rule"},"id":"validation.undefined_rule"}}
{"recorder_version":"31","session":"6ea80a210a70","build":"193.5662.53","bucket":"159","time":1590251516593,"group":{"id":"system.java","version":"1"},"event":{"state":true,"data":{"created":1590251517007},"id":"invoked"}}
{"recorder_version":"31","session":"6ea80a210a70","build":"193.5662.53","bucket":"159","time":1590251516625,"group":{"id":"system.os","version":"3"},"event":{"state":true,"data":{"created":1590251517007,"version":"10.15"},"id":"Mac"}}
{"recorder_version":"31","session":"6ea80a210a70","build":"193.5662.53","bucket":"159","time":1590251516625,"group":{"id":"system.os","version":"3"},"event":{"state":true,"data":{"created":1590251517008,"name":"Mac","version":"10.15"},"id":"os.name"}}
{"recorder_version":"31","session":"6ea80a210a70","build":"193.5662.53","bucket":"159","time":1590251516625,"group":{"id":"system.os","version":"3"},"event":{"state":true,"data":{"created":1590251517010,"value":"+02_00"},"id":"os.timezone"}}
{"recorder_version":"31","session":"6ea80a210a70","build":"193.5662.53","bucket":"159","time":1590251516625,"group":{"id":"system.os","version":"3"},"event":{"state":true,"data":{"created":1590251517010},"id":"invoked"}}
{"recorder_version":"31","session":"6ea80a210a70","build":"193.5662.53","bucket":"159","time":1590251516826,"group":{"id":"settings","version":"4"},"event":{"state":true,"data":{"component":"UpdatesConfigurable","created":1590251517011,"name":"checkNeeded","type":"bool","value":false},"id":"not.default"}}
{"recorder_version":"31","session":"6ea80a210a70","build":"193.5662.53","bucket":"159","time":1590251516826,"group":{"id":"settings","version":"4"},"event":{"state":true,"data":{"component":"UpdatesConfigurable","created":1590251517012},"id":"invoked"}}
{"recorder_version":"31","session":"6ea80a210a70","build":"193.5662.53","bucket":"159","time":1590251516961,"group":{"id":"event.log","version":"31"},"event":{"count":1,"data":{"created":1590251517012,"version":"1268.0"},"id":"whitelist.loaded"}}
{"recorder_version":"31","session":"6ea80a210a70","build":"193.5662.53","bucket":"159","time":1590251517085,"group":{"id":"settings","version":"4"},"event":{"state":true,"data":{"component":"GeneralSettings","created":1590251517086,"name":"showTipsOnStartup","type":"bool","value":false},"id":"not.default"}}
{"recorder_version":"31","session":"6ea80a210a70","build":"193.5662.53","bucket":"159","time":1590251517085,"group":{"id":"settings","version":"4"},"event":{"state":true,"data":{"component":"GeneralSettings","created":1590251517095},"id":"invoked"}}
{"recorder_version":"31","session":"6ea80a210a70","build":"193.5662.53","bucket":"159","time":1590251517115,"group":{"id":"lifecycle","version":"31"},"event":{"count":1,"data":{"internal":true,"eap":false,"created":1590251517115},"id":"ide.start"}}
{"recorder_version":"31","session":"6ea80a210a70","build":"193.5662.53","bucket":"159","time":1590251517217,"group":{"id":"settings","version":"4"},"event":{"state":true,"data":{"component":"XmlEditorOptions","created":1590251517217},"id":"invoked"}}
{"recorder_version":"31","session":"6ea80a210a70","build":"193.5662.53","bucket":"159","time":1590251518227,"group":{"id":"settings","version":"4"},"event":{"state":true,"data":{"component":"VcsApplicationSettings","created":1590251518227},"id":"invoked"}}
{"recorder_version":"31","session":"6ea80a210a70","build":"193.5662.53","bucket":"159","time":1590251518227,"group":{"id":"lifecycle","version":"31"},"event":{"count":1,"data":{"created":1590251518228},"id":"frame.activated"}}
{"recorder_version":"31","session":"6ea80a210a70","build":"193.5662.53","bucket":"159","time":1590251518264,"group":{"id":"performance","version":"31"},"event":{"count":1,"data":{"duration_ms":880,"created":1590251518265},"id":"ui.latency"}}
{"recorder_version":"31","session":"6ea80a210a70","build":"193.5662.53","bucket":"159","time":1590251518264,"group":{"id":"performance","version":"31"},"event":{"count":1,"data":{"duration_ms":880,"created":1590251518266},"id":"ui.lagging"}}
{"recorder_version":"31","session":"6ea80a210a70","build":"193.5662.53","bucket":"159","time":1590251518648,"group":{"id":"ui.dialogs","version":"31"},"event":{"count":1,"data":{"created":1590251518649,"plugin_type":"PLATFORM","dialog_class":"com.intellij.openapi.progress.util.ProgressDialog$MyDialogWrapper"},"id":"show"}}
{"recorder_version":"31","session":"6ea80a210a70","build":"193.5662.53","bucket":"159","time":1590251518812,"group":{"id":"performance","version":"31"},"event":{"count":1,"data":{"duration_ms":428,"created":1590251518813},"id":"ui.lagging"}}
{"recorder_version":"31","session":"6ea80a210a70","build":"193.5662.53","bucket":"159","time":1590251520533,"group":{"id":"lifecycle","version":"31"},"event":{"count":1,"data":{"created":1590251520533,"project":"d119a6d897fcb33934b9adf90ec59bc9e850f90f58367fa567dc99031a6fc921"},"id":"project.opened"}}
{"recorder_version":"31","session":"6ea80a210a70","build":"193.5662.53","bucket":"159","time":1590251521106,"group":{"id":"performance","version":"31"},"event":{"count":1,"data":{"duration_ms":720,"created":1590251521106},"id":"ui.lagging"}}
{"recorder_version":"31","session":"6ea80a210a70","build":"193.5662.53","bucket":"159","time":1590251521328,"group":{"id":"toolwindow","version":"31"},"event":{"count":1,"data":{"created":1590251521329,"plugin_type":"PLATFORM","id":"Event_Log"},"id":"activated"}}
{"recorder_version":"31","session":"6ea80a210a70","build":"193.5662.53","bucket":"159","time":1590251522357,"group":{"id":"performance","version":"31"},"event":{"count":1,"data":{"duration_ms":967,"created":1590251522357},"id":"ui.lagging"}}
{"recorder_version":"31","session":"6ea80a210a70","build":"193.5662.53","bucket":"159","time":1590251523041,"group":{"id":"performance","version":"31"},"event":{"count":1,"data":{"duration_ms":646,"created":1590251523042},"id":"ui.lagging"}}
{"recorder_version":"31","session":"6ea80a210a70","build":"193.5662.53","bucket":"159","time":1590251523514,"group":{"id":"performance","version":"31"},"event":{"count":1,"data":{"duration_ms":114,"created":1590251523514},"id":"ui.lagging"}}
{"recorder_version":"31","session":"6ea80a210a70","build":"193.5662.53","bucket":"159","time":1590251523806,"group":{"id":"project.fs","version":"1"},"event":{"state":true,"data":{"os":"Mac","cs-project":false,"created":1590251523806,"project":"d119a6d897fcb33934b9adf90ec59bc9e850f90f58367fa567dc99031a6fc921","cs-implicit":true,"cs-system":false},"id":"case-sensitivity"}}
{"recorder_version":"31","session":"6ea80a210a70","build":"193.5662.53","bucket":"159","time":1590251523806,"group":{"id":"project.fs","version":"1"},"event":{"state":true,"data":{"created":1590251523807},"id":"invoked"}}
{"recorder_version":"31","session":"6ea80a210a70","build":"193.5662.53","bucket":"159","time":1590251523807,"group":{"id":"project.fs","version":"1"},"event":{"state":true,"data":{"pct-non-watched":0,"created":1590251523808,"project":"d119a6d897fcb33934b9adf90ec59bc9e850f90f58367fa567dc99031a6fc921"},"id":"roots-watched"}}
{"recorder_version":"31","session":"6ea80a210a70","build":"193.5662.53","bucket":"159","time":1590251523807,"group":{"id":"project.fs","version":"1"},"event":{"state":true,"data":{"created":1590251523808},"id":"invoked"}}
{"recorder_version":"31","session":"6ea80a210a70","build":"193.5662.53","bucket":"159","time":1590251523904,"group":{"id":"ui.dialogs","version":"31"},"event":{"count":1,"data":{"code":1,"created":1590251523905,"plugin_type":"PLATFORM","dialog_class":"com.intellij.openapi.progress.util.ProgressDialog$MyDialogWrapper"},"id":"close"}}
{"recorder_version":"31","session":"6ea80a210a70","build":"193.5662.53","bucket":"159","time":1590251524042,"group":{"id":"indexing","version":"2"},"event":{"count":1,"data":{"ide_activity_id":1,"created":1590251524042,"project":"d119a6d897fcb33934b9adf90ec59bc9e850f90f58367fa567dc99031a6fc921"},"id":"started"}}
{"recorder_version":"31","session":"6ea80a210a70","build":"193.5662.53","bucket":"159","time":1590251524110,"group":{"id":"indexing","version":"2"},"event":{"count":1,"data":{"ide_activity_id":1,"stage_class":"com.intellij.util.indexing.UnindexedFilesUpdater","created":1590251524110,"plugin_type":"PLATFORM"},"id":"stage"}}
{"recorder_version":"31","session":"6ea80a210a70","build":"193.5662.53","bucket":"159","time":1590251524192,"group":{"id":"lifecycle","version":"31"},"event":{"count":1,"data":{"duration_ms":6954,"created":1590251524193,"project":"d119a6d897fcb33934b9adf90ec59bc9e850f90f58367fa567dc99031a6fc921"},"id":"project.opening.finished"}}
{"recorder_version":"31","session":"6ea80a210a70","build":"193.5662.53","bucket":"159","time":1590251527306,"group":{"id":"indexing","version":"2"},"event":{"count":1,"data":{"duration_ms":3264,"ide_activity_id":1,"created":1590251527311},"id":"finished"}}
{"recorder_version":"31","session":"6ea80a210a70","build":"193.5662.53","bucket":"159","time":1590251527429,"group":{"id":"indexing","version":"2"},"event":{"count":1,"data":{"ide_activity_id":2,"created":1590251527429,"project":"d119a6d897fcb33934b9adf90ec59bc9e850f90f58367fa567dc99031a6fc921"},"id":"started"}}
{"recorder_version":"31","session":"6ea80a210a70","build":"193.5662.53","bucket":"159","time":1590251527446,"group":{"id":"indexing","version":"2"},"event":{"count":1,"data":{"ide_activity_id":2,"plugin":"org.jetbrains.android","stage_class":"com.android.tools.idea.res.ResourceFolderRepositoryFileCacheImpl$PruneTask","created":1590251527448,"plugin_type":"JB_BUNDLED"},"id":"stage"}}
{"recorder_version":"31","session":"6ea80a210a70","build":"193.5662.53","bucket":"159","time":1590251527489,"group":{"id":"indexing","version":"2"},"event":{"count":1,"data":{"ide_activity_id":2,"plugin":"org.jetbrains.android","stage_class":"com.android.tools.idea.res.ResourceFolderRepositoryFileCacheImpl$ManageLruProjectFilesTask","created":1590251527490,"plugin_type":"JB_BUNDLED"},"id":"stage"}}
{"recorder_version":"31","session":"6ea80a210a70","build":"193.5662.53","bucket":"159","time":1590251527526,"group":{"id":"indexing","version":"2"},"event":{"count":1,"data":{"duration_ms":97,"ide_activity_id":2,"created":1590251527526},"id":"finished"}}
{"recorder_version":"31","session":"6ea80a210a70","build":"193.5662.53","bucket":"159","time":1590251527544,"group":{"id":"indexing","version":"2"},"event":{"count":1,"data":{"ide_activity_id":3,"created":1590251527545,"project":"d119a6d897fcb33934b9adf90ec59bc9e850f90f58367fa567dc99031a6fc921"},"id":"started"}}
{"recorder_version":"31","session":"6ea80a210a70","build":"193.5662.53","bucket":"159","time":1590251527545,"group":{"id":"indexing","version":"2"},"event":{"count":1,"data":{"ide_activity_id":3,"plugin":"org.jetbrains.android","stage_class":"com.android.tools.idea.res.ResourceFolderRegistry$PopulateCachesTask","created":1590251527546,"plugin_type":"JB_BUNDLED"},"id":"stage"}}
{"recorder_version":"31","session":"6ea80a210a70","build":"193.5662.53","bucket":"159","time":1590251527560,"group":{"id":"indexing","version":"2"},"event":{"count":1,"data":{"duration_ms":16,"ide_activity_id":3,"created":1590251527560},"id":"finished"}}
{"recorder_version":"31","session":"6ea80a210a70","build":"193.5662.53","bucket":"159","time":1590251528915,"group":{"id":"startup","version":"1"},"event":{"count":1,"data":{"duration":2297,"created":1590251528916},"id":"appInit"}}
{"recorder_version":"31","session":"6ea80a210a70","build":"193.5662.53","bucket":"159","time":1590251528915,"group":{"id":"startup","version":"1"},"event":{"count":1,"data":{"duration":521,"created":1590251528917},"id":"splash"}}
{"recorder_version":"31","session":"6ea80a210a70","build":"193.5662.53","bucket":"159","time":1590251528915,"group":{"id":"startup","version":"1"},"event":{"count":1,"data":{"duration":419,"created":1590251528917},"id":"bootstrap"}}
{"recorder_version":"31","session":"6ea80a210a70","build":"193.5662.53","bucket":"159","time":1590251528915,"group":{"id":"startup","version":"1"},"event":{"count":1,"data":{"duration":10711,"created":1590251528917},"id":"totalDuration"}}
{"recorder_version":"31","session":"6ea80a210a70","build":"193.5662.53","bucket":"159","time":1590251530039,"group":{"id":"actions","version":"31"},"event":{"count":1,"data":{"context_menu":true,"action_id":"third.party","created":1590251530040,"plugin_type":"NOT_LISTED","project":"d119a6d897fcb33934b9adf90ec59bc9e850f90f58367fa567dc99031a6fc921","place":"MainMenu","class":"third.party","input_event":"NoMouseButton"},"id":"action.invoked"}}
{"recorder_version":"31","session":"6ea80a210a70","build":"193.5662.53","bucket":"159","time":1590251533399,"group":{"id":"ui.dialogs","version":"31"},"event":{"count":1,"data":{"created":1590251533400,"plugin_type":"NOT_LISTED","dialog_class":"third.party"},"id":"show"}}
{"recorder_version":"31","session":"6ea80a210a70","build":"193.5662.53","bucket":"159","time":1590251553455,"group":{"id":"ui.dialogs","version":"31"},"event":{"count":1,"data":{"code":1,"created":1590251553456,"plugin_type":"NOT_LISTED","dialog_class":"third.party"},"id":"close"}}
{"recorder_version":"31","session":"6ea80a210a70","build":"193.5662.53","bucket":"159","time":1590251561812,"group":{"id":"ui.dialogs","version":"31"},"event":{"count":1,"data":{"created":1590251561812,"plugin_type":"NOT_LISTED","dialog_class":"third.party"},"id":"show"}}
{"recorder_version":"31","session":"6ea80a210a70","build":"193.5662.53","bucket":"159","time":1590251581819,"group":{"id":"ui.dialogs","version":"31"},"event":{"count":1,"data":{"code":1,"created":1590251581819,"plugin_type":"NOT_LISTED","dialog_class":"third.party"},"id":"close"}}
