{"recorder_version":"31","session":"6baae7d5d440","build":"193.5662.53","bucket":"159","time":1590250601503,"group":{"id":"settings","version":"4"},"event":{"state":true,"data":{"component":"UISettings","created":1590250601821},"id":"invoked"}}
{"recorder_version":"31","session":"6baae7d5d440","build":"193.5662.53","bucket":"159","time":1590250601502,"group":{"id":"settings","version":"4"},"event":{"state":true,"data":{"component":"NotRoamableUiSettings","created":1590250601824},"id":"invoked"}}
{"recorder_version":"31","session":"6baae7d5d440","build":"193.5662.53","bucket":"159","time":1590250601509,"group":{"id":"system.java","version":"1"},"event":{"state":true,"data":{"created":1590250601834,"version":"validation.undefined_rule"},"id":"validation.undefined_rule"}}
{"recorder_version":"31","session":"6baae7d5d440","build":"193.5662.53","bucket":"159","time":1590250601509,"group":{"id":"system.java","version":"1"},"event":{"state":true,"data":{"created":1590250601834},"id":"invoked"}}
{"recorder_version":"31","session":"6baae7d5d440","build":"193.5662.53","bucket":"159","time":1590250601538,"group":{"id":"system.os","version":"3"},"event":{"state":true,"data":{"created":1590250601835,"version":"10.15"},"id":"Mac"}}
{"recorder_version":"31","session":"6baae7d5d440","build":"193.5662.53","bucket":"159","time":1590250601538,"group":{"id":"system.os","version":"3"},"event":{"state":true,"data":{"created":1590250601835,"name":"Mac","version":"10.15"},"id":"os.name"}}
{"recorder_version":"31","session":"6baae7d5d440","build":"193.5662.53","bucket":"159","time":1590250601538,"group":{"id":"system.os","version":"3"},"event":{"state":true,"data":{"created":1590250601835,"value":"+02_00"},"id":"os.timezone"}}
{"recorder_version":"31","session":"6baae7d5d440","build":"193.5662.53","bucket":"159","time":1590250601538,"group":{"id":"system.os","version":"3"},"event":{"state":true,"data":{"created":1590250601836},"id":"invoked"}}
{"recorder_version":"31","session":"6baae7d5d440","build":"193.5662.53","bucket":"159","time":1590250601727,"group":{"id":"settings","version":"4"},"event":{"state":true,"data":{"component":"UpdatesConfigurable","created":1590250601836,"name":"checkNeeded","type":"bool","value":false},"id":"not.default"}}
{"recorder_version":"31","session":"6baae7d5d440","build":"193.5662.53","bucket":"159","time":1590250601727,"group":{"id":"settings","version":"4"},"event":{"state":true,"data":{"component":"UpdatesConfigurable","created":1590250601836},"id":"invoked"}}
{"recorder_version":"31","session":"6baae7d5d440","build":"193.5662.53","bucket":"159","time":1590250601790,"group":{"id":"event.log","version":"31"},"event":{"count":1,"data":{"created":1590250601837,"version":"1268.0"},"id":"whitelist.loaded"}}
{"recorder_version":"31","session":"6baae7d5d440","build":"193.5662.53","bucket":"159","time":1590250601913,"group":{"id":"settings","version":"4"},"event":{"state":true,"data":{"component":"GeneralSettings","created":1590250601914,"name":"showTipsOnStartup","type":"bool","value":false},"id":"not.default"}}
{"recorder_version":"31","session":"6baae7d5d440","build":"193.5662.53","bucket":"159","time":1590250601914,"group":{"id":"settings","version":"4"},"event":{"state":true,"data":{"component":"GeneralSettings","created":1590250601915},"id":"invoked"}}
{"recorder_version":"31","session":"6baae7d5d440","build":"193.5662.53","bucket":"159","time":1590250601998,"group":{"id":"lifecycle","version":"31"},"event":{"count":1,"data":{"internal":true,"eap":false,"created":1590250601998},"id":"ide.start"}}
{"recorder_version":"31","session":"6baae7d5d440","build":"193.5662.53","bucket":"159","time":1590250602046,"group":{"id":"settings","version":"4"},"event":{"state":true,"data":{"component":"XmlEditorOptions","created":1590250602046},"id":"invoked"}}
{"recorder_version":"31","session":"6baae7d5d440","build":"193.5662.53","bucket":"159","time":1590250602815,"group":{"id":"settings","version":"4"},"event":{"state":true,"data":{"component":"VcsApplicationSettings","created":1590250602815},"id":"invoked"}}
{"recorder_version":"31","session":"6baae7d5d440","build":"193.5662.53","bucket":"159","time":1590250602815,"group":{"id":"lifecycle","version":"31"},"event":{"count":1,"data":{"created":1590250602815},"id":"frame.activated"}}
{"recorder_version":"31","session":"6baae7d5d440","build":"193.5662.53","bucket":"159","time":1590250602851,"group":{"id":"performance","version":"31"},"event":{"count":1,"data":{"duration_ms":469,"created":1590250602851},"id":"ui.latency"}}
{"recorder_version":"31","session":"6baae7d5d440","build":"193.5662.53","bucket":"159","time":1590250602851,"group":{"id":"performance","version":"31"},"event":{"count":1,"data":{"duration_ms":469,"created":1590250602851},"id":"ui.lagging"}}
{"recorder_version":"31","session":"6baae7d5d440","build":"193.5662.53","bucket":"159","time":1590250602987,"group":{"id":"ui.dialogs","version":"31"},"event":{"count":1,"data":{"created":1590250602988,"plugin_type":"PLATFORM","dialog_class":"com.intellij.openapi.progress.util.ProgressDialog$MyDialogWrapper"},"id":"show"}}
{"recorder_version":"31","session":"6baae7d5d440","build":"193.5662.53","bucket":"159","time":1590250604756,"group":{"id":"lifecycle","version":"31"},"event":{"count":1,"data":{"created":1590250604756,"project":"d119a6d897fcb33934b9adf90ec59bc9e850f90f58367fa567dc99031a6fc921"},"id":"project.opened"}}
{"recorder_version":"31","session":"6baae7d5d440","build":"193.5662.53","bucket":"159","time":1590250605193,"group":{"id":"performance","version":"31"},"event":{"count":1,"data":{"duration_ms":814,"created":1590250605193},"id":"ui.lagging"}}
{"recorder_version":"31","session":"6baae7d5d440","build":"193.5662.53","bucket":"159","time":1590250605359,"group":{"id":"toolwindow","version":"31"},"event":{"count":1,"data":{"created":1590250605359,"plugin_type":"PLATFORM","id":"Event_Log"},"id":"activated"}}
{"recorder_version":"31","session":"6baae7d5d440","build":"193.5662.53","bucket":"159","time":1590250606192,"group":{"id":"performance","version":"31"},"event":{"count":1,"data":{"duration_ms":810,"created":1590250606192},"id":"ui.lagging"}}
{"recorder_version":"31","session":"6baae7d5d440","build":"193.5662.53","bucket":"159","time":1590250606822,"group":{"id":"performance","version":"31"},"event":{"count":1,"data":{"duration_ms":439,"created":1590250606822},"id":"ui.lagging"}}
{"recorder_version":"31","session":"6baae7d5d440","build":"193.5662.53","bucket":"159","time":1590250607262,"group":{"id":"project.fs","version":"1"},"event":{"state":true,"data":{"os":"Mac","cs-project":false,"created":1590250607262,"project":"d119a6d897fcb33934b9adf90ec59bc9e850f90f58367fa567dc99031a6fc921","cs-implicit":true,"cs-system":false},"id":"case-sensitivity"}}
{"recorder_version":"31","session":"6baae7d5d440","build":"193.5662.53","bucket":"159","time":1590250607262,"group":{"id":"project.fs","version":"1"},"event":{"state":true,"data":{"created":1590250607263},"id":"invoked"}}
{"recorder_version":"31","session":"6baae7d5d440","build":"193.5662.53","bucket":"159","time":1590250607264,"group":{"id":"project.fs","version":"1"},"event":{"state":true,"data":{"pct-non-watched":0,"created":1590250607264,"project":"d119a6d897fcb33934b9adf90ec59bc9e850f90f58367fa567dc99031a6fc921"},"id":"roots-watched"}}
{"recorder_version":"31","session":"6baae7d5d440","build":"193.5662.53","bucket":"159","time":1590250607264,"group":{"id":"project.fs","version":"1"},"event":{"state":true,"data":{"created":1590250607265},"id":"invoked"}}
{"recorder_version":"31","session":"6baae7d5d440","build":"193.5662.53","bucket":"159","time":1590250607344,"group":{"id":"ui.dialogs","version":"31"},"event":{"count":1,"data":{"code":1,"created":1590250607344,"plugin_type":"PLATFORM","dialog_class":"com.intellij.openapi.progress.util.ProgressDialog$MyDialogWrapper"},"id":"close"}}
{"recorder_version":"31","session":"6baae7d5d440","build":"193.5662.53","bucket":"159","time":1590250607443,"group":{"id":"indexing","version":"2"},"event":{"count":1,"data":{"ide_activity_id":1,"created":1590250607443,"project":"d119a6d897fcb33934b9adf90ec59bc9e850f90f58367fa567dc99031a6fc921"},"id":"started"}}
{"recorder_version":"31","session":"6baae7d5d440","build":"193.5662.53","bucket":"159","time":1590250607487,"group":{"id":"performance","version":"31"},"event":{"count":1,"data":{"duration_ms":102,"created":1590250607488},"id":"ui.lagging"}}
{"recorder_version":"31","session":"6baae7d5d440","build":"193.5662.53","bucket":"159","time":1590250607494,"group":{"id":"indexing","version":"2"},"event":{"count":1,"data":{"ide_activity_id":1,"stage_class":"com.intellij.util.indexing.UnindexedFilesUpdater","created":1590250607495,"plugin_type":"PLATFORM"},"id":"stage"}}
{"recorder_version":"31","session":"6baae7d5d440","build":"193.5662.53","bucket":"159","time":1590250607535,"group":{"id":"lifecycle","version":"31"},"event":{"count":1,"data":{"duration_ms":5486,"created":1590250607536,"project":"d119a6d897fcb33934b9adf90ec59bc9e850f90f58367fa567dc99031a6fc921"},"id":"project.opening.finished"}}
{"recorder_version":"31","session":"6baae7d5d440","build":"193.5662.53","bucket":"159","time":1590250609932,"group":{"id":"indexing","version":"2"},"event":{"count":1,"data":{"duration_ms":2489,"ide_activity_id":1,"created":1590250609932},"id":"finished"}}
{"recorder_version":"31","session":"6baae7d5d440","build":"193.5662.53","bucket":"159","time":1590250610039,"group":{"id":"indexing","version":"2"},"event":{"count":1,"data":{"ide_activity_id":2,"created":1590250610039,"project":"d119a6d897fcb33934b9adf90ec59bc9e850f90f58367fa567dc99031a6fc921"},"id":"started"}}
{"recorder_version":"31","session":"6baae7d5d440","build":"193.5662.53","bucket":"159","time":1590250610053,"group":{"id":"indexing","version":"2"},"event":{"count":1,"data":{"ide_activity_id":2,"plugin":"org.jetbrains.android","stage_class":"com.android.tools.idea.res.ResourceFolderRepositoryFileCacheImpl$PruneTask","created":1590250610055,"plugin_type":"JB_BUNDLED"},"id":"stage"}}
{"recorder_version":"31","session":"6baae7d5d440","build":"193.5662.53","bucket":"159","time":1590250610095,"group":{"id":"indexing","version":"2"},"event":{"count":1,"data":{"ide_activity_id":2,"plugin":"org.jetbrains.android","stage_class":"com.android.tools.idea.res.ResourceFolderRepositoryFileCacheImpl$ManageLruProjectFilesTask","created":1590250610096,"plugin_type":"JB_BUNDLED"},"id":"stage"}}
{"recorder_version":"31","session":"6baae7d5d440","build":"193.5662.53","bucket":"159","time":1590250610125,"group":{"id":"indexing","version":"2"},"event":{"count":1,"data":{"duration_ms":86,"ide_activity_id":2,"created":1590250610126},"id":"finished"}}
{"recorder_version":"31","session":"6baae7d5d440","build":"193.5662.53","bucket":"159","time":1590250610140,"group":{"id":"indexing","version":"2"},"event":{"count":1,"data":{"ide_activity_id":3,"created":1590250610140,"project":"d119a6d897fcb33934b9adf90ec59bc9e850f90f58367fa567dc99031a6fc921"},"id":"started"}}
{"recorder_version":"31","session":"6baae7d5d440","build":"193.5662.53","bucket":"159","time":1590250610141,"group":{"id":"indexing","version":"2"},"event":{"count":1,"data":{"ide_activity_id":3,"plugin":"org.jetbrains.android","stage_class":"com.android.tools.idea.res.ResourceFolderRegistry$PopulateCachesTask","created":1590250610141,"plugin_type":"JB_BUNDLED"},"id":"stage"}}
{"recorder_version":"31","session":"6baae7d5d440","build":"193.5662.53","bucket":"159","time":1590250610144,"group":{"id":"indexing","version":"2"},"event":{"count":1,"data":{"duration_ms":4,"ide_activity_id":3,"created":1590250610144},"id":"finished"}}
{"recorder_version":"31","session":"6baae7d5d440","build":"193.5662.53","bucket":"159","time":1590250611963,"group":{"id":"actions","version":"31"},"event":{"count":1,"data":{"context_menu":true,"action_id":"third.party","created":1590250611964,"plugin_type":"NOT_LISTED","project":"d119a6d897fcb33934b9adf90ec59bc9e850f90f58367fa567dc99031a6fc921","place":"MainMenu","class":"third.party","input_event":"NoMouseButton"},"id":"action.invoked"}}
{"recorder_version":"31","session":"6baae7d5d440","build":"193.5662.53","bucket":"159","time":1590250612359,"group":{"id":"startup","version":"1"},"event":{"count":1,"data":{"duration":1815,"created":1590250612359},"id":"appInit"}}
{"recorder_version":"31","session":"6baae7d5d440","build":"193.5662.53","bucket":"159","time":1590250612359,"group":{"id":"startup","version":"1"},"event":{"count":1,"data":{"duration":376,"created":1590250612360},"id":"splash"}}
{"recorder_version":"31","session":"6baae7d5d440","build":"193.5662.53","bucket":"159","time":1590250612359,"group":{"id":"startup","version":"1"},"event":{"count":1,"data":{"duration":367,"created":1590250612360},"id":"bootstrap"}}
{"recorder_version":"31","session":"6baae7d5d440","build":"193.5662.53","bucket":"159","time":1590250612359,"group":{"id":"startup","version":"1"},"event":{"count":1,"data":{"duration":8673,"created":1590250612360},"id":"totalDuration"}}
{"recorder_version":"31","session":"6baae7d5d440","build":"193.5662.53","bucket":"159","time":1590250613713,"group":{"id":"ui.dialogs","version":"31"},"event":{"count":1,"data":{"created":1590250613713,"plugin_type":"NOT_LISTED","dialog_class":"third.party"},"id":"show"}}
{"recorder_version":"31","session":"6baae7d5d440","build":"193.5662.53","bucket":"159","time":1590250619954,"group":{"id":"ui.dialogs","version":"31"},"event":{"count":1,"data":{"code":1,"created":1590250619954,"plugin_type":"NOT_LISTED","dialog_class":"third.party"},"id":"close"}}
