{"recorder_version":"31","session":"c7e4bdcddd0d","build":"193.5662.53","bucket":"159","time":1590175240274,"group":{"id":"settings","version":"4"},"event":{"state":true,"data":{"component":"UISettings","created":1590175240625},"id":"invoked"}}
{"recorder_version":"31","session":"c7e4bdcddd0d","build":"193.5662.53","bucket":"159","time":1590175240275,"group":{"id":"settings","version":"4"},"event":{"state":true,"data":{"component":"NotRoamableUiSettings","created":1590175240627},"id":"invoked"}}
{"recorder_version":"31","session":"c7e4bdcddd0d","build":"193.5662.53","bucket":"159","time":1590175240281,"group":{"id":"system.java","version":"1"},"event":{"state":true,"data":{"created":1590175240639,"version":"validation.undefined_rule"},"id":"validation.undefined_rule"}}
{"recorder_version":"31","session":"c7e4bdcddd0d","build":"193.5662.53","bucket":"159","time":1590175240281,"group":{"id":"system.java","version":"1"},"event":{"state":true,"data":{"created":1590175240640},"id":"invoked"}}
{"recorder_version":"31","session":"c7e4bdcddd0d","build":"193.5662.53","bucket":"159","time":1590175240305,"group":{"id":"system.os","version":"3"},"event":{"state":true,"data":{"created":1590175240640,"version":"10.15"},"id":"Mac"}}
{"recorder_version":"31","session":"c7e4bdcddd0d","build":"193.5662.53","bucket":"159","time":1590175240305,"group":{"id":"system.os","version":"3"},"event":{"state":true,"data":{"created":1590175240641,"name":"Mac","version":"10.15"},"id":"os.name"}}
{"recorder_version":"31","session":"c7e4bdcddd0d","build":"193.5662.53","bucket":"159","time":1590175240305,"group":{"id":"system.os","version":"3"},"event":{"state":true,"data":{"created":1590175240641,"value":"+02_00"},"id":"os.timezone"}}
{"recorder_version":"31","session":"c7e4bdcddd0d","build":"193.5662.53","bucket":"159","time":1590175240305,"group":{"id":"system.os","version":"3"},"event":{"state":true,"data":{"created":1590175240642},"id":"invoked"}}
{"recorder_version":"31","session":"c7e4bdcddd0d","build":"193.5662.53","bucket":"159","time":1590175240468,"group":{"id":"settings","version":"4"},"event":{"state":true,"data":{"component":"UpdatesConfigurable","created":1590175240643,"name":"checkNeeded","type":"bool","value":false},"id":"not.default"}}
{"recorder_version":"31","session":"c7e4bdcddd0d","build":"193.5662.53","bucket":"159","time":1590175240468,"group":{"id":"settings","version":"4"},"event":{"state":true,"data":{"component":"UpdatesConfigurable","created":1590175240643},"id":"invoked"}}
{"recorder_version":"31","session":"c7e4bdcddd0d","build":"193.5662.53","bucket":"159","time":1590175240592,"group":{"id":"event.log","version":"31"},"event":{"count":1,"data":{"created":1590175240644,"version":"1268.0"},"id":"whitelist.loaded"}}
{"recorder_version":"31","session":"c7e4bdcddd0d","build":"193.5662.53","bucket":"159","time":1590175240715,"group":{"id":"settings","version":"4"},"event":{"state":true,"data":{"component":"GeneralSettings","created":1590175240716,"name":"showTipsOnStartup","type":"bool","value":false},"id":"not.default"}}
{"recorder_version":"31","session":"c7e4bdcddd0d","build":"193.5662.53","bucket":"159","time":1590175240715,"group":{"id":"settings","version":"4"},"event":{"state":true,"data":{"component":"GeneralSettings","created":1590175240716},"id":"invoked"}}
{"recorder_version":"31","session":"c7e4bdcddd0d","build":"193.5662.53","bucket":"159","time":1590175240760,"group":{"id":"lifecycle","version":"31"},"event":{"count":1,"data":{"internal":true,"eap":false,"created":1590175240761},"id":"ide.start"}}
{"recorder_version":"31","session":"c7e4bdcddd0d","build":"193.5662.53","bucket":"159","time":1590175240837,"group":{"id":"settings","version":"4"},"event":{"state":true,"data":{"component":"XmlEditorOptions","created":1590175240837},"id":"invoked"}}
{"recorder_version":"31","session":"c7e4bdcddd0d","build":"193.5662.53","bucket":"159","time":1590175241722,"group":{"id":"settings","version":"4"},"event":{"state":true,"data":{"component":"VcsApplicationSettings","created":1590175241722},"id":"invoked"}}
{"recorder_version":"31","session":"c7e4bdcddd0d","build":"193.5662.53","bucket":"159","time":1590175241722,"group":{"id":"lifecycle","version":"31"},"event":{"count":1,"data":{"created":1590175241723},"id":"frame.activated"}}
{"recorder_version":"31","session":"c7e4bdcddd0d","build":"193.5662.53","bucket":"159","time":1590175241792,"group":{"id":"performance","version":"31"},"event":{"count":1,"data":{"duration_ms":628,"created":1590175241792},"id":"ui.latency"}}
{"recorder_version":"31","session":"c7e4bdcddd0d","build":"193.5662.53","bucket":"159","time":1590175241792,"group":{"id":"performance","version":"31"},"event":{"count":1,"data":{"duration_ms":628,"created":1590175241792},"id":"ui.lagging"}}
{"recorder_version":"31","session":"c7e4bdcddd0d","build":"193.5662.53","bucket":"159","time":1590175241914,"group":{"id":"ui.dialogs","version":"31"},"event":{"count":1,"data":{"created":1590175241914,"plugin_type":"PLATFORM","dialog_class":"com.intellij.openapi.progress.util.ProgressDialog$MyDialogWrapper"},"id":"show"}}
{"recorder_version":"31","session":"c7e4bdcddd0d","build":"193.5662.53","bucket":"159","time":1590175243974,"group":{"id":"lifecycle","version":"31"},"event":{"count":1,"data":{"created":1590175243974,"project":"d119a6d897fcb33934b9adf90ec59bc9e850f90f58367fa567dc99031a6fc921"},"id":"project.opened"}}
{"recorder_version":"31","session":"c7e4bdcddd0d","build":"193.5662.53","bucket":"159","time":1590175244677,"group":{"id":"performance","version":"31"},"event":{"count":1,"data":{"duration_ms":511,"created":1590175244678},"id":"ui.lagging"}}
{"recorder_version":"31","session":"c7e4bdcddd0d","build":"193.5662.53","bucket":"159","time":1590175244699,"group":{"id":"toolwindow","version":"31"},"event":{"count":1,"data":{"created":1590175244699,"plugin_type":"PLATFORM","id":"Event_Log"},"id":"activated"}}
{"recorder_version":"31","session":"c7e4bdcddd0d","build":"193.5662.53","bucket":"159","time":1590175245601,"group":{"id":"performance","version":"31"},"event":{"count":1,"data":{"duration_ms":434,"created":1590175245602},"id":"ui.lagging"}}
{"recorder_version":"31","session":"c7e4bdcddd0d","build":"193.5662.53","bucket":"159","time":1590175247103,"group":{"id":"indexing","version":"2"},"event":{"count":1,"data":{"ide_activity_id":1,"created":1590175247103,"project":"d119a6d897fcb33934b9adf90ec59bc9e850f90f58367fa567dc99031a6fc921"},"id":"started"}}
{"recorder_version":"31","session":"c7e4bdcddd0d","build":"193.5662.53","bucket":"159","time":1590175247109,"group":{"id":"project.fs","version":"1"},"event":{"state":true,"data":{"os":"Mac","cs-project":false,"created":1590175247109,"project":"d119a6d897fcb33934b9adf90ec59bc9e850f90f58367fa567dc99031a6fc921","cs-implicit":true,"cs-system":false},"id":"case-sensitivity"}}
{"recorder_version":"31","session":"c7e4bdcddd0d","build":"193.5662.53","bucket":"159","time":1590175247109,"group":{"id":"project.fs","version":"1"},"event":{"state":true,"data":{"created":1590175247110},"id":"invoked"}}
{"recorder_version":"31","session":"c7e4bdcddd0d","build":"193.5662.53","bucket":"159","time":1590175247110,"group":{"id":"project.fs","version":"1"},"event":{"state":true,"data":{"pct-non-watched":0,"created":1590175247110,"project":"d119a6d897fcb33934b9adf90ec59bc9e850f90f58367fa567dc99031a6fc921"},"id":"roots-watched"}}
{"recorder_version":"31","session":"c7e4bdcddd0d","build":"193.5662.53","bucket":"159","time":1590175247110,"group":{"id":"project.fs","version":"1"},"event":{"state":true,"data":{"created":1590175247111},"id":"invoked"}}
{"recorder_version":"31","session":"c7e4bdcddd0d","build":"193.5662.53","bucket":"159","time":1590175247215,"group":{"id":"indexing","version":"2"},"event":{"count":1,"data":{"ide_activity_id":1,"stage_class":"com.intellij.util.indexing.UnindexedFilesUpdater","created":1590175247215,"plugin_type":"PLATFORM"},"id":"stage"}}
{"recorder_version":"31","session":"c7e4bdcddd0d","build":"193.5662.53","bucket":"159","time":1590175247215,"group":{"id":"ui.dialogs","version":"31"},"event":{"count":1,"data":{"code":1,"created":1590175247216,"plugin_type":"PLATFORM","dialog_class":"com.intellij.openapi.progress.util.ProgressDialog$MyDialogWrapper"},"id":"close"}}
{"recorder_version":"31","session":"c7e4bdcddd0d","build":"193.5662.53","bucket":"159","time":1590175247411,"group":{"id":"lifecycle","version":"31"},"event":{"count":1,"data":{"duration_ms":6382,"created":1590175247411,"project":"d119a6d897fcb33934b9adf90ec59bc9e850f90f58367fa567dc99031a6fc921"},"id":"project.opening.finished"}}
{"recorder_version":"31","session":"c7e4bdcddd0d","build":"193.5662.53","bucket":"159","time":1590175250260,"group":{"id":"indexing","version":"2"},"event":{"count":1,"data":{"duration_ms":3157,"ide_activity_id":1,"created":1590175250260},"id":"finished"}}
{"recorder_version":"31","session":"c7e4bdcddd0d","build":"193.5662.53","bucket":"159","time":1590175250390,"group":{"id":"indexing","version":"2"},"event":{"count":1,"data":{"ide_activity_id":2,"created":1590175250390,"project":"d119a6d897fcb33934b9adf90ec59bc9e850f90f58367fa567dc99031a6fc921"},"id":"started"}}
{"recorder_version":"31","session":"c7e4bdcddd0d","build":"193.5662.53","bucket":"159","time":1590175250407,"group":{"id":"indexing","version":"2"},"event":{"count":1,"data":{"ide_activity_id":2,"plugin":"org.jetbrains.android","stage_class":"com.android.tools.idea.res.ResourceFolderRepositoryFileCacheImpl$PruneTask","created":1590175250408,"plugin_type":"JB_BUNDLED"},"id":"stage"}}
{"recorder_version":"31","session":"c7e4bdcddd0d","build":"193.5662.53","bucket":"159","time":1590175250451,"group":{"id":"indexing","version":"2"},"event":{"count":1,"data":{"ide_activity_id":2,"plugin":"org.jetbrains.android","stage_class":"com.android.tools.idea.res.ResourceFolderRepositoryFileCacheImpl$ManageLruProjectFilesTask","created":1590175250452,"plugin_type":"JB_BUNDLED"},"id":"stage"}}
{"recorder_version":"31","session":"c7e4bdcddd0d","build":"193.5662.53","bucket":"159","time":1590175250483,"group":{"id":"indexing","version":"2"},"event":{"count":1,"data":{"duration_ms":93,"ide_activity_id":2,"created":1590175250483},"id":"finished"}}
{"recorder_version":"31","session":"c7e4bdcddd0d","build":"193.5662.53","bucket":"159","time":1590175250497,"group":{"id":"indexing","version":"2"},"event":{"count":1,"data":{"ide_activity_id":3,"created":1590175250497,"project":"d119a6d897fcb33934b9adf90ec59bc9e850f90f58367fa567dc99031a6fc921"},"id":"started"}}
{"recorder_version":"31","session":"c7e4bdcddd0d","build":"193.5662.53","bucket":"159","time":1590175250500,"group":{"id":"indexing","version":"2"},"event":{"count":1,"data":{"ide_activity_id":3,"plugin":"org.jetbrains.android","stage_class":"com.android.tools.idea.res.ResourceFolderRegistry$PopulateCachesTask","created":1590175250505,"plugin_type":"JB_BUNDLED"},"id":"stage"}}
{"recorder_version":"31","session":"c7e4bdcddd0d","build":"193.5662.53","bucket":"159","time":1590175250516,"group":{"id":"indexing","version":"2"},"event":{"count":1,"data":{"duration_ms":19,"ide_activity_id":3,"created":1590175250519},"id":"finished"}}
{"recorder_version":"31","session":"c7e4bdcddd0d","build":"193.5662.53","bucket":"159","time":1590175252224,"group":{"id":"startup","version":"1"},"event":{"count":1,"data":{"duration":1912,"created":1590175252224},"id":"appInit"}}
{"recorder_version":"31","session":"c7e4bdcddd0d","build":"193.5662.53","bucket":"159","time":1590175252224,"group":{"id":"startup","version":"1"},"event":{"count":1,"data":{"duration":420,"created":1590175252224},"id":"splash"}}
{"recorder_version":"31","session":"c7e4bdcddd0d","build":"193.5662.53","bucket":"159","time":1590175252224,"group":{"id":"startup","version":"1"},"event":{"count":1,"data":{"duration":354,"created":1590175252225},"id":"bootstrap"}}
{"recorder_version":"31","session":"c7e4bdcddd0d","build":"193.5662.53","bucket":"159","time":1590175252224,"group":{"id":"startup","version":"1"},"event":{"count":1,"data":{"duration":9878,"created":1590175252226},"id":"totalDuration"}}
{"recorder_version":"31","session":"c7e4bdcddd0d","build":"193.5662.53","bucket":"159","time":1590175252581,"group":{"id":"actions","version":"31"},"event":{"count":1,"data":{"context_menu":true,"action_id":"third.party","created":1590175252582,"plugin_type":"NOT_LISTED","project":"d119a6d897fcb33934b9adf90ec59bc9e850f90f58367fa567dc99031a6fc921","place":"MainMenu","class":"third.party","input_event":"NoMouseButton"},"id":"action.invoked"}}
{"recorder_version":"31","session":"c7e4bdcddd0d","build":"193.5662.53","bucket":"159","time":1590175254047,"group":{"id":"ui.dialogs","version":"31"},"event":{"count":1,"data":{"created":1590175254048,"plugin_type":"NOT_LISTED","dialog_class":"third.party"},"id":"show"}}
{"recorder_version":"31","session":"c7e4bdcddd0d","build":"193.5662.53","bucket":"159","time":1590175272404,"group":{"id":"ui.dialogs","version":"31"},"event":{"count":1,"data":{"code":0,"created":1590175272404,"plugin_type":"NOT_LISTED","dialog_class":"third.party"},"id":"close"}}
