{"recorder_version":"31","session":"67d578489fc0","build":"193.5662.53","bucket":"159","time":1589810768477,"group":{"id":"settings","version":"4"},"event":{"state":true,"data":{"component":"NotRoamableUiSettings","created":1589810769084},"id":"invoked"}}
{"recorder_version":"31","session":"67d578489fc0","build":"193.5662.53","bucket":"159","time":1589810768479,"group":{"id":"settings","version":"4"},"event":{"state":true,"data":{"component":"UISettings","created":1589810769088},"id":"invoked"}}
{"recorder_version":"31","session":"67d578489fc0","build":"193.5662.53","bucket":"159","time":1589810768502,"group":{"id":"system.java","version":"1"},"event":{"state":true,"data":{"created":1589810769102,"version":"validation.undefined_rule"},"id":"validation.undefined_rule"}}
{"recorder_version":"31","session":"67d578489fc0","build":"193.5662.53","bucket":"159","time":1589810768502,"group":{"id":"system.java","version":"1"},"event":{"state":true,"data":{"created":1589810769103},"id":"invoked"}}
{"recorder_version":"31","session":"67d578489fc0","build":"193.5662.53","bucket":"159","time":1589810768551,"group":{"id":"system.os","version":"3"},"event":{"state":true,"data":{"created":1589810769104,"version":"10.15"},"id":"Mac"}}
{"recorder_version":"31","session":"67d578489fc0","build":"193.5662.53","bucket":"159","time":1589810768551,"group":{"id":"system.os","version":"3"},"event":{"state":true,"data":{"created":1589810769105,"name":"Mac","version":"10.15"},"id":"os.name"}}
{"recorder_version":"31","session":"67d578489fc0","build":"193.5662.53","bucket":"159","time":1589810768551,"group":{"id":"system.os","version":"3"},"event":{"state":true,"data":{"created":1589810769106,"value":"+02_00"},"id":"os.timezone"}}
{"recorder_version":"31","session":"67d578489fc0","build":"193.5662.53","bucket":"159","time":1589810768551,"group":{"id":"system.os","version":"3"},"event":{"state":true,"data":{"created":1589810769107},"id":"invoked"}}
{"recorder_version":"31","session":"67d578489fc0","build":"193.5662.53","bucket":"159","time":1589810768892,"group":{"id":"settings","version":"4"},"event":{"state":true,"data":{"component":"UpdatesConfigurable","created":1589810769107,"name":"checkNeeded","type":"bool","value":false},"id":"not.default"}}
{"recorder_version":"31","session":"67d578489fc0","build":"193.5662.53","bucket":"159","time":1589810768892,"group":{"id":"settings","version":"4"},"event":{"state":true,"data":{"component":"UpdatesConfigurable","created":1589810769108},"id":"invoked"}}
{"recorder_version":"31","session":"67d578489fc0","build":"193.5662.53","bucket":"159","time":1589810769044,"group":{"id":"event.log","version":"31"},"event":{"count":1,"data":{"created":1589810769108,"version":"1259.0"},"id":"whitelist.loaded"}}
{"recorder_version":"31","session":"67d578489fc0","build":"193.5662.53","bucket":"159","time":1589810769157,"group":{"id":"settings","version":"4"},"event":{"state":true,"data":{"component":"GeneralSettings","created":1589810769157,"name":"showTipsOnStartup","type":"bool","value":false},"id":"not.default"}}
{"recorder_version":"31","session":"67d578489fc0","build":"193.5662.53","bucket":"159","time":1589810769157,"group":{"id":"settings","version":"4"},"event":{"state":true,"data":{"component":"GeneralSettings","created":1589810769158},"id":"invoked"}}
{"recorder_version":"31","session":"67d578489fc0","build":"193.5662.53","bucket":"159","time":1589810769191,"group":{"id":"lifecycle","version":"31"},"event":{"count":1,"data":{"internal":true,"eap":false,"created":1589810769192},"id":"ide.start"}}
{"recorder_version":"31","session":"67d578489fc0","build":"193.5662.53","bucket":"159","time":1589810769336,"group":{"id":"performance","version":"31"},"event":{"count":1,"data":{"duration_ms":80,"created":1589810769337},"id":"ui.latency"}}
{"recorder_version":"31","session":"67d578489fc0","build":"193.5662.53","bucket":"159","time":1589810769355,"group":{"id":"settings","version":"4"},"event":{"state":true,"data":{"component":"XmlEditorOptions","created":1589810769355},"id":"invoked"}}
{"recorder_version":"31","session":"67d578489fc0","build":"193.5662.53","bucket":"159","time":1589810770920,"group":{"id":"settings","version":"4"},"event":{"state":true,"data":{"component":"VcsApplicationSettings","created":1589810770920},"id":"invoked"}}
{"recorder_version":"31","session":"67d578489fc0","build":"193.5662.53","bucket":"159","time":1589810770926,"group":{"id":"lifecycle","version":"31"},"event":{"count":1,"data":{"created":1589810770926},"id":"frame.activated"}}
{"recorder_version":"31","session":"67d578489fc0","build":"193.5662.53","bucket":"159","time":1589810771069,"group":{"id":"performance","version":"31"},"event":{"count":1,"data":{"duration_ms":824,"created":1589810771070},"id":"ui.lagging"}}
{"recorder_version":"31","session":"67d578489fc0","build":"193.5662.53","bucket":"159","time":1589810771225,"group":{"id":"ui.dialogs","version":"31"},"event":{"count":1,"data":{"created":1589810771225,"plugin_type":"PLATFORM","dialog_class":"com.intellij.openapi.progress.util.ProgressDialog$MyDialogWrapper"},"id":"show"}}
{"recorder_version":"31","session":"67d578489fc0","build":"193.5662.53","bucket":"159","time":1589810771552,"group":{"id":"performance","version":"31"},"event":{"count":1,"data":{"duration_ms":287,"created":1589810771553},"id":"ui.lagging"}}
{"recorder_version":"31","session":"67d578489fc0","build":"193.5662.53","bucket":"159","time":1589810774468,"group":{"id":"lifecycle","version":"31"},"event":{"count":1,"data":{"created":1589810774469,"project":"d119a6d897fcb33934b9adf90ec59bc9e850f90f58367fa567dc99031a6fc921"},"id":"project.opened"}}
{"recorder_version":"31","session":"67d578489fc0","build":"193.5662.53","bucket":"159","time":1589810775225,"group":{"id":"performance","version":"31"},"event":{"count":1,"data":{"duration_ms":956,"created":1589810775226},"id":"ui.lagging"}}
{"recorder_version":"31","session":"67d578489fc0","build":"193.5662.53","bucket":"159","time":1589810775513,"group":{"id":"performance","version":"31"},"event":{"count":1,"data":{"duration_ms":241,"created":1589810775513},"id":"ui.lagging"}}
{"recorder_version":"31","session":"67d578489fc0","build":"193.5662.53","bucket":"159","time":1589810776924,"group":{"id":"performance","version":"31"},"event":{"count":1,"data":{"duration_ms":650,"created":1589810776925},"id":"ui.lagging"}}
{"recorder_version":"31","session":"67d578489fc0","build":"193.5662.53","bucket":"159","time":1589810777507,"group":{"id":"performance","version":"31"},"event":{"count":1,"data":{"duration_ms":233,"created":1589810777507},"id":"ui.lagging"}}
{"recorder_version":"31","session":"67d578489fc0","build":"193.5662.53","bucket":"159","time":1589810777754,"group":{"id":"indexing","version":"2"},"event":{"count":1,"data":{"ide_activity_id":1,"created":1589810777754,"project":"d119a6d897fcb33934b9adf90ec59bc9e850f90f58367fa567dc99031a6fc921"},"id":"started"}}
{"recorder_version":"31","session":"67d578489fc0","build":"193.5662.53","bucket":"159","time":1589810777759,"group":{"id":"project.fs","version":"1"},"event":{"state":true,"data":{"os":"Mac","cs-project":false,"created":1589810777759,"project":"d119a6d897fcb33934b9adf90ec59bc9e850f90f58367fa567dc99031a6fc921","cs-implicit":true,"cs-system":false},"id":"case-sensitivity"}}
{"recorder_version":"31","session":"67d578489fc0","build":"193.5662.53","bucket":"159","time":1589810777759,"group":{"id":"project.fs","version":"1"},"event":{"state":true,"data":{"created":1589810777760},"id":"invoked"}}
{"recorder_version":"31","session":"67d578489fc0","build":"193.5662.53","bucket":"159","time":1589810777760,"group":{"id":"project.fs","version":"1"},"event":{"state":true,"data":{"pct-non-watched":0,"created":1589810777761,"project":"d119a6d897fcb33934b9adf90ec59bc9e850f90f58367fa567dc99031a6fc921"},"id":"roots-watched"}}
{"recorder_version":"31","session":"67d578489fc0","build":"193.5662.53","bucket":"159","time":1589810777760,"group":{"id":"project.fs","version":"1"},"event":{"state":true,"data":{"created":1589810777761},"id":"invoked"}}
{"recorder_version":"31","session":"67d578489fc0","build":"193.5662.53","bucket":"159","time":1589810777918,"group":{"id":"indexing","version":"2"},"event":{"count":1,"data":{"ide_activity_id":1,"stage_class":"com.intellij.util.indexing.UnindexedFilesUpdater","created":1589810777918,"plugin_type":"PLATFORM"},"id":"stage"}}
{"recorder_version":"31","session":"67d578489fc0","build":"193.5662.53","bucket":"159","time":1589810777968,"group":{"id":"ui.dialogs","version":"31"},"event":{"count":1,"data":{"code":1,"created":1589810777969,"plugin_type":"PLATFORM","dialog_class":"com.intellij.openapi.progress.util.ProgressDialog$MyDialogWrapper"},"id":"close"}}
{"recorder_version":"31","session":"67d578489fc0","build":"193.5662.53","bucket":"159","time":1589810778248,"group":{"id":"lifecycle","version":"31"},"event":{"count":1,"data":{"duration_ms":8859,"created":1589810778248,"project":"d119a6d897fcb33934b9adf90ec59bc9e850f90f58367fa567dc99031a6fc921"},"id":"project.opening.finished"}}
{"recorder_version":"31","session":"67d578489fc0","build":"193.5662.53","bucket":"159","time":1589810782205,"group":{"id":"indexing","version":"2"},"event":{"count":1,"data":{"duration_ms":4451,"ide_activity_id":1,"created":1589810782209},"id":"finished"}}
{"recorder_version":"31","session":"67d578489fc0","build":"193.5662.53","bucket":"159","time":1589810782351,"group":{"id":"indexing","version":"2"},"event":{"count":1,"data":{"ide_activity_id":2,"created":1589810782351,"project":"d119a6d897fcb33934b9adf90ec59bc9e850f90f58367fa567dc99031a6fc921"},"id":"started"}}
{"recorder_version":"31","session":"67d578489fc0","build":"193.5662.53","bucket":"159","time":1589810782388,"group":{"id":"indexing","version":"2"},"event":{"count":1,"data":{"ide_activity_id":2,"plugin":"org.jetbrains.android","stage_class":"com.android.tools.idea.res.ResourceFolderRepositoryFileCacheImpl$PruneTask","created":1589810782389,"plugin_type":"JB_BUNDLED"},"id":"stage"}}
{"recorder_version":"31","session":"67d578489fc0","build":"193.5662.53","bucket":"159","time":1589810782431,"group":{"id":"indexing","version":"2"},"event":{"count":1,"data":{"ide_activity_id":2,"plugin":"org.jetbrains.android","stage_class":"com.android.tools.idea.res.ResourceFolderRepositoryFileCacheImpl$ManageLruProjectFilesTask","created":1589810782431,"plugin_type":"JB_BUNDLED"},"id":"stage"}}
{"recorder_version":"31","session":"67d578489fc0","build":"193.5662.53","bucket":"159","time":1589810782479,"group":{"id":"indexing","version":"2"},"event":{"count":1,"data":{"duration_ms":128,"ide_activity_id":2,"created":1589810782479},"id":"finished"}}
{"recorder_version":"31","session":"67d578489fc0","build":"193.5662.53","bucket":"159","time":1589810782499,"group":{"id":"indexing","version":"2"},"event":{"count":1,"data":{"ide_activity_id":3,"created":1589810782499,"project":"d119a6d897fcb33934b9adf90ec59bc9e850f90f58367fa567dc99031a6fc921"},"id":"started"}}
{"recorder_version":"31","session":"67d578489fc0","build":"193.5662.53","bucket":"159","time":1589810782503,"group":{"id":"indexing","version":"2"},"event":{"count":1,"data":{"ide_activity_id":3,"plugin":"org.jetbrains.android","stage_class":"com.android.tools.idea.res.ResourceFolderRegistry$PopulateCachesTask","created":1589810782504,"plugin_type":"JB_BUNDLED"},"id":"stage"}}
{"recorder_version":"31","session":"67d578489fc0","build":"193.5662.53","bucket":"159","time":1589810782506,"group":{"id":"indexing","version":"2"},"event":{"count":1,"data":{"duration_ms":7,"ide_activity_id":3,"created":1589810782507},"id":"finished"}}
{"recorder_version":"31","session":"67d578489fc0","build":"193.5662.53","bucket":"159","time":1589810782948,"group":{"id":"startup","version":"1"},"event":{"count":1,"data":{"duration":3084,"created":1589810782948},"id":"appInit"}}
{"recorder_version":"31","session":"67d578489fc0","build":"193.5662.53","bucket":"159","time":1589810782948,"group":{"id":"startup","version":"1"},"event":{"count":1,"data":{"duration":653,"created":1589810782949},"id":"splash"}}
{"recorder_version":"31","session":"67d578489fc0","build":"193.5662.53","bucket":"159","time":1589810782948,"group":{"id":"startup","version":"1"},"event":{"count":1,"data":{"duration":801,"created":1589810782949},"id":"bootstrap"}}
{"recorder_version":"31","session":"67d578489fc0","build":"193.5662.53","bucket":"159","time":1589810782948,"group":{"id":"startup","version":"1"},"event":{"count":1,"data":{"duration":14439,"created":1589810782949},"id":"totalDuration"}}
{"recorder_version":"31","session":"67d578489fc0","build":"193.5662.53","bucket":"159","time":1589810784734,"group":{"id":"actions","version":"31"},"event":{"count":1,"data":{"context_menu":true,"action_id":"third.party","created":1589810784735,"plugin_type":"NOT_LISTED","project":"d119a6d897fcb33934b9adf90ec59bc9e850f90f58367fa567dc99031a6fc921","place":"MainMenu","class":"third.party","input_event":"NoMouseButton"},"id":"action.invoked"}}
{"recorder_version":"31","session":"67d578489fc0","build":"193.5662.53","bucket":"159","time":1589810789014,"group":{"id":"lifecycle","version":"31"},"event":{"count":1,"data":{"created":1589810789014,"project":"d119a6d897fcb33934b9adf90ec59bc9e850f90f58367fa567dc99031a6fc921"},"id":"frame.deactivated"}}
{"recorder_version":"31","session":"67d578489fc0","build":"193.5662.53","bucket":"159","time":1589810869477,"group":{"id":"performance","version":"31"},"event":{"count":1,"data":{"duration_ms":0,"created":1589810869477},"id":"ui.latency"}}
{"recorder_version":"31","session":"67d578489fc0","build":"193.5662.53","bucket":"159","time":1589810949488,"group":{"id":"event.log","version":"31"},"event":{"count":1,"data":{"created":1589810949489,"version":"1260.0"},"id":"whitelist.updated"}}
{"recorder_version":"31","session":"67d578489fc0","build":"193.5662.53","bucket":"159","time":1589810969706,"group":{"id":"performance","version":"31"},"event":{"count":1,"data":{"duration_ms":0,"created":1589810969706},"id":"ui.latency"}}
{"recorder_version":"31","session":"67d578489fc0","build":"193.5662.53","bucket":"159","time":1589811069197,"group":{"id":"kotlin.ide.j2k","version":"1"},"event":{"count":1,"data":{"created":1589811069197},"id":"registered"}}
{"recorder_version":"31","session":"67d578489fc0","build":"193.5662.53","bucket":"159","time":1589811069197,"group":{"id":"java.find.usages","version":"1"},"event":{"count":1,"data":{"created":1589811069197},"id":"registered"}}
{"recorder_version":"31","session":"67d578489fc0","build":"193.5662.53","bucket":"159","time":1589811069197,"group":{"id":"file.types.usage","version":"31"},"event":{"count":1,"data":{"created":1589811069197},"id":"registered"}}
{"recorder_version":"31","session":"67d578489fc0","build":"193.5662.53","bucket":"159","time":1589811069197,"group":{"id":"ide.script.engine","version":"2"},"event":{"count":1,"data":{"created":1589811069197},"id":"registered"}}
{"recorder_version":"31","session":"67d578489fc0","build":"193.5662.53","bucket":"159","time":1589811069197,"group":{"id":"live.templates","version":"31"},"event":{"count":1,"data":{"created":1589811069198},"id":"registered"}}
{"recorder_version":"31","session":"67d578489fc0","build":"193.5662.53","bucket":"159","time":1589811069197,"group":{"id":"ide.self.update","version":"2"},"event":{"count":1,"data":{"created":1589811069198},"id":"registered"}}
{"recorder_version":"31","session":"67d578489fc0","build":"193.5662.53","bucket":"159","time":1589811069197,"group":{"id":"lifecycle","version":"31"},"event":{"count":1,"data":{"created":1589811069198},"id":"registered"}}
{"recorder_version":"31","session":"67d578489fc0","build":"193.5662.53","bucket":"159","time":1589811069197,"group":{"id":"vcs.diff.trigger","version":"1"},"event":{"count":1,"data":{"created":1589811069198},"id":"registered"}}
{"recorder_version":"31","session":"67d578489fc0","build":"193.5662.53","bucket":"159","time":1589811069197,"group":{"id":"debugger.breakpoints.usage","version":"2"},"event":{"count":1,"data":{"created":1589811069198},"id":"registered"}}
{"recorder_version":"31","session":"67d578489fc0","build":"193.5662.53","bucket":"159","time":1589811069197,"group":{"id":"kotlin.gradle.library","version":"1"},"event":{"count":1,"data":{"created":1589811069198},"id":"registered"}}
{"recorder_version":"31","session":"67d578489fc0","build":"193.5662.53","bucket":"159","time":1589811069197,"group":{"id":"startup","version":"1"},"event":{"count":1,"data":{"created":1589811069198},"id":"registered"}}
{"recorder_version":"31","session":"67d578489fc0","build":"193.5662.53","bucket":"159","time":1589811069197,"group":{"id":"find","version":"2"},"event":{"count":1,"data":{"created":1589811069198},"id":"registered"}}
{"recorder_version":"31","session":"67d578489fc0","build":"193.5662.53","bucket":"159","time":1589811069197,"group":{"id":"kotlin.gradle.target","version":"2"},"event":{"count":1,"data":{"created":1589811069198},"id":"registered"}}
{"recorder_version":"31","session":"67d578489fc0","build":"193.5662.53","bucket":"159","time":1589811069197,"group":{"id":"gutter.icon.click","version":"2"},"event":{"count":1,"data":{"created":1589811069198},"id":"registered"}}
{"recorder_version":"31","session":"67d578489fc0","build":"193.5662.53","bucket":"159","time":1589811069197,"group":{"id":"shell.script","version":"1"},"event":{"count":1,"data":{"created":1589811069198},"id":"registered"}}
{"recorder_version":"31","session":"67d578489fc0","build":"193.5662.53","bucket":"159","time":1589811069197,"group":{"id":"new.project.wizard","version":"1"},"event":{"count":1,"data":{"created":1589811069198},"id":"registered"}}
{"recorder_version":"31","session":"67d578489fc0","build":"193.5662.53","bucket":"159","time":1589811069197,"group":{"id":"kotlin.ide.npwizards","version":"1"},"event":{"count":1,"data":{"created":1589811069199},"id":"registered"}}
{"recorder_version":"31","session":"67d578489fc0","build":"193.5662.53","bucket":"159","time":1589811069197,"group":{"id":"intentions","version":"31"},"event":{"count":1,"data":{"created":1589811069199},"id":"registered"}}
{"recorder_version":"31","session":"67d578489fc0","build":"193.5662.53","bucket":"159","time":1589811069197,"group":{"id":"settings.repository","version":"1"},"event":{"count":1,"data":{"created":1589811069199},"id":"registered"}}
{"recorder_version":"31","session":"67d578489fc0","build":"193.5662.53","bucket":"159","time":1589811069197,"group":{"id":"vcs.change.reminder","version":"2"},"event":{"count":1,"data":{"created":1589811069199},"id":"registered"}}
{"recorder_version":"31","session":"67d578489fc0","build":"193.5662.53","bucket":"159","time":1589811069197,"group":{"id":"create.directory.dialog","version":"1"},"event":{"count":1,"data":{"created":1589811069199},"id":"registered"}}
{"recorder_version":"31","session":"67d578489fc0","build":"193.5662.53","bucket":"159","time":1589811069197,"group":{"id":"kotlin.maven.target","version":"3"},"event":{"count":1,"data":{"created":1589811069199},"id":"registered"}}
{"recorder_version":"31","session":"67d578489fc0","build":"193.5662.53","bucket":"159","time":1589811069197,"group":{"id":"json.schema","version":"1"},"event":{"count":1,"data":{"created":1589811069199},"id":"registered"}}
{"recorder_version":"31","session":"67d578489fc0","build":"193.5662.53","bucket":"159","time":1589811069197,"group":{"id":"terminalShell","version":"1"},"event":{"count":1,"data":{"created":1589811069199},"id":"registered"}}
{"recorder_version":"31","session":"67d578489fc0","build":"193.5662.53","bucket":"159","time":1589811069197,"group":{"id":"rename.refactoring","version":"1"},"event":{"count":1,"data":{"created":1589811069199},"id":"registered"}}
{"recorder_version":"31","session":"67d578489fc0","build":"193.5662.53","bucket":"159","time":1589811069197,"group":{"id":"build.ant.actions","version":"1"},"event":{"count":1,"data":{"created":1589811069199},"id":"registered"}}
{"recorder_version":"31","session":"67d578489fc0","build":"193.5662.53","bucket":"159","time":1589811069197,"group":{"id":"actions","version":"31"},"event":{"count":1,"data":{"created":1589811069199},"id":"registered"}}
{"recorder_version":"31","session":"67d578489fc0","build":"193.5662.53","bucket":"159","time":1589811069197,"group":{"id":"kotlin.ide.editor","version":"1"},"event":{"count":1,"data":{"created":1589811069199},"id":"registered"}}
{"recorder_version":"31","session":"67d578489fc0","build":"193.5662.53","bucket":"159","time":1589811069197,"group":{"id":"event.log","version":"31"},"event":{"count":1,"data":{"created":1589811069199},"id":"registered"}}
{"recorder_version":"31","session":"67d578489fc0","build":"193.5662.53","bucket":"159","time":1589811069197,"group":{"id":"run.configuration.exec","version":"31"},"event":{"count":1,"data":{"created":1589811069199},"id":"registered"}}
{"recorder_version":"31","session":"67d578489fc0","build":"193.5662.53","bucket":"159","time":1589811069197,"group":{"id":"build.tools.actions","version":"1"},"event":{"count":1,"data":{"created":1589811069199},"id":"registered"}}
{"recorder_version":"31","session":"67d578489fc0","build":"193.5662.53","bucket":"159","time":1589811069197,"group":{"id":"file.editor","version":"2"},"event":{"count":1,"data":{"created":1589811069199},"id":"registered"}}
{"recorder_version":"31","session":"67d578489fc0","build":"193.5662.53","bucket":"159","time":1589811069197,"group":{"id":"vfs","version":"2"},"event":{"count":1,"data":{"created":1589811069200},"id":"registered"}}
{"recorder_version":"31","session":"67d578489fc0","build":"193.5662.53","bucket":"159","time":1589811069197,"group":{"id":"project.import","version":"2"},"event":{"count":1,"data":{"created":1589811069200},"id":"registered"}}
{"recorder_version":"31","session":"67d578489fc0","build":"193.5662.53","bucket":"159","time":1589811069197,"group":{"id":"actions.runAnything","version":"1"},"event":{"count":1,"data":{"created":1589811069200},"id":"registered"}}
{"recorder_version":"31","session":"67d578489fc0","build":"193.5662.53","bucket":"159","time":1589811069197,"group":{"id":"toolwindow","version":"31"},"event":{"count":1,"data":{"created":1589811069200},"id":"registered"}}
{"recorder_version":"31","session":"67d578489fc0","build":"193.5662.53","bucket":"159","time":1589811069197,"group":{"id":"kotlin.ide.newFileTempl","version":"1"},"event":{"count":1,"data":{"created":1589811069200},"id":"registered"}}
{"recorder_version":"31","session":"67d578489fc0","build":"193.5662.53","bucket":"159","time":1589811069197,"group":{"id":"ui.settings","version":"31"},"event":{"count":1,"data":{"created":1589811069200},"id":"registered"}}
{"recorder_version":"31","session":"67d578489fc0","build":"193.5662.53","bucket":"159","time":1589811069197,"group":{"id":"vcs.log.trigger","version":"2"},"event":{"count":1,"data":{"created":1589811069200},"id":"registered"}}
{"recorder_version":"31","session":"67d578489fc0","build":"193.5662.53","bucket":"159","time":1589811069197,"group":{"id":"productivity","version":"31"},"event":{"count":1,"data":{"created":1589811069200},"id":"registered"}}
{"recorder_version":"31","session":"67d578489fc0","build":"193.5662.53","bucket":"159","time":1589811069197,"group":{"id":"build.maven.actions","version":"1"},"event":{"count":1,"data":{"created":1589811069200},"id":"registered"}}
{"recorder_version":"31","session":"67d578489fc0","build":"193.5662.53","bucket":"159","time":1589811069197,"group":{"id":"ui.event","version":"3"},"event":{"count":1,"data":{"created":1589811069200},"id":"registered"}}
{"recorder_version":"31","session":"67d578489fc0","build":"193.5662.53","bucket":"159","time":1589811069197,"group":{"id":"plugins.advertiser","version":"1"},"event":{"count":1,"data":{"created":1589811069200},"id":"registered"}}
{"recorder_version":"31","session":"67d578489fc0","build":"193.5662.53","bucket":"159","time":1589811069197,"group":{"id":"editor.notification.panel","version":"1"},"event":{"count":1,"data":{"created":1589811069200},"id":"registered"}}
{"recorder_version":"31","session":"67d578489fc0","build":"193.5662.53","bucket":"159","time":1589811069197,"group":{"id":"kotlin.ide.debugger","version":"2"},"event":{"count":1,"data":{"created":1589811069201},"id":"registered"}}
{"recorder_version":"31","session":"67d578489fc0","build":"193.5662.53","bucket":"159","time":1589811069197,"group":{"id":"tooltip.action.events","version":"1"},"event":{"count":1,"data":{"created":1589811069201},"id":"registered"}}
{"recorder_version":"31","session":"67d578489fc0","build":"193.5662.53","bucket":"159","time":1589811069197,"group":{"id":"completion","version":"1"},"event":{"count":1,"data":{"created":1589811069201},"id":"registered"}}
{"recorder_version":"31","session":"67d578489fc0","build":"193.5662.53","bucket":"159","time":1589811069197,"group":{"id":"indexing","version":"2"},"event":{"count":1,"data":{"created":1589811069201},"id":"registered"}}
{"recorder_version":"31","session":"67d578489fc0","build":"193.5662.53","bucket":"159","time":1589811069197,"group":{"id":"vcs","version":"2"},"event":{"count":1,"data":{"created":1589811069201},"id":"registered"}}
{"recorder_version":"31","session":"67d578489fc0","build":"193.5662.53","bucket":"159","time":1589811069197,"group":{"id":"ui.dialogs","version":"31"},"event":{"count":1,"data":{"created":1589811069201},"id":"registered"}}
{"recorder_version":"31","session":"67d578489fc0","build":"193.5662.53","bucket":"159","time":1589811069197,"group":{"id":"vcs.back.forward.trigger","version":"1"},"event":{"count":1,"data":{"created":1589811069201},"id":"registered"}}
{"recorder_version":"31","session":"67d578489fc0","build":"193.5662.53","bucket":"159","time":1589811069197,"group":{"id":"customize.wizard","version":"1"},"event":{"count":1,"data":{"created":1589811069201},"id":"registered"}}
{"recorder_version":"31","session":"67d578489fc0","build":"193.5662.53","bucket":"159","time":1589811069197,"group":{"id":"ide.update.dialog","version":"1"},"event":{"count":1,"data":{"created":1589811069201},"id":"registered"}}
{"recorder_version":"31","session":"67d578489fc0","build":"193.5662.53","bucket":"159","time":1589811069197,"group":{"id":"toolbar","version":"31"},"event":{"count":1,"data":{"created":1589811069201},"id":"registered"}}
{"recorder_version":"31","session":"67d578489fc0","build":"193.5662.53","bucket":"159","time":1589811069197,"group":{"id":"build.gradle.actions","version":"1"},"event":{"count":1,"data":{"created":1589811069201},"id":"registered"}}
{"recorder_version":"31","session":"67d578489fc0","build":"193.5662.53","bucket":"159","time":1589811069197,"group":{"id":"performance","version":"31"},"event":{"count":1,"data":{"created":1589811069201},"id":"registered"}}
{"recorder_version":"31","session":"67d578489fc0","build":"193.5662.53","bucket":"159","time":1589811069197,"group":{"id":"build","version":"2"},"event":{"count":1,"data":{"created":1589811069201},"id":"registered"}}
{"recorder_version":"31","session":"67d578489fc0","build":"193.5662.53","bucket":"159","time":1589811069197,"group":{"id":"searchEverywhere","version":"2"},"event":{"count":1,"data":{"created":1589811069201},"id":"registered"}}
{"recorder_version":"31","session":"67d578489fc0","build":"193.5662.53","bucket":"159","time":1589811069197,"group":{"id":"kotlin.ide.action.refactoring","version":"1"},"event":{"count":1,"data":{"created":1589811069201},"id":"registered"}}
{"recorder_version":"31","session":"67d578489fc0","build":"193.5662.53","bucket":"159","time":1589811069197,"group":{"id":"ui.tips","version":"3"},"event":{"count":1,"data":{"created":1589811069202},"id":"registered"}}
{"recorder_version":"31","session":"67d578489fc0","build":"193.5662.53","bucket":"159","time":1589811069197,"group":{"id":"surround.with","version":"2"},"event":{"count":1,"data":{"created":1589811069202},"id":"registered"}}
{"recorder_version":"31","session":"67d578489fc0","build":"193.5662.53","bucket":"159","time":1589811069197,"group":{"id":"import.old.config","version":"3"},"event":{"count":1,"data":{"created":1589811069202},"id":"registered"}}
{"recorder_version":"31","session":"67d578489fc0","build":"193.5662.53","bucket":"159","time":1589811069197,"group":{"id":"kotlin.jps.target","version":"3"},"event":{"count":1,"data":{"created":1589811069202},"id":"registered"}}
{"recorder_version":"31","session":"67d578489fc0","build":"193.5662.53","bucket":"159","time":1589811069197,"group":{"id":"completion.postfix","version":"31"},"event":{"count":1,"data":{"created":1589811069202},"id":"registered"}}
{"recorder_version":"31","session":"67d578489fc0","build":"193.5662.53","bucket":"159","time":1589811069197,"group":{"id":"build.maven.packagesearch","version":"2"},"event":{"count":1,"data":{"created":1589811069202},"id":"registered"}}
{"recorder_version":"31","session":"67d578489fc0","build":"193.5662.53","bucket":"159","time":1589811069931,"group":{"id":"performance","version":"31"},"event":{"count":1,"data":{"duration_ms":0,"created":1589811069931},"id":"ui.latency"}}
{"recorder_version":"31","session":"67d578489fc0","build":"193.5662.53","bucket":"159","time":1589811170165,"group":{"id":"performance","version":"31"},"event":{"count":1,"data":{"duration_ms":1,"created":1589811170165},"id":"ui.latency"}}
