{"recorder_version":"31","session":"de377498c7a3","build":"193.5662.53","bucket":"159","time":1590251376445,"group":{"id":"settings","version":"4"},"event":{"state":true,"data":{"component":"UISettings","created":1590251376953},"id":"invoked"}}
{"recorder_version":"31","session":"de377498c7a3","build":"193.5662.53","bucket":"159","time":1590251376445,"group":{"id":"settings","version":"4"},"event":{"state":true,"data":{"component":"NotRoamableUiSettings","created":1590251376959},"id":"invoked"}}
{"recorder_version":"31","session":"de377498c7a3","build":"193.5662.53","bucket":"159","time":1590251376454,"group":{"id":"system.java","version":"1"},"event":{"state":true,"data":{"created":1590251376976,"version":"validation.undefined_rule"},"id":"validation.undefined_rule"}}
{"recorder_version":"31","session":"de377498c7a3","build":"193.5662.53","bucket":"159","time":1590251376454,"group":{"id":"system.java","version":"1"},"event":{"state":true,"data":{"created":1590251376977},"id":"invoked"}}
{"recorder_version":"31","session":"de377498c7a3","build":"193.5662.53","bucket":"159","time":1590251376487,"group":{"id":"system.os","version":"3"},"event":{"state":true,"data":{"created":1590251376977,"version":"10.15"},"id":"Mac"}}
{"recorder_version":"31","session":"de377498c7a3","build":"193.5662.53","bucket":"159","time":1590251376487,"group":{"id":"system.os","version":"3"},"event":{"state":true,"data":{"created":1590251376978,"name":"Mac","version":"10.15"},"id":"os.name"}}
{"recorder_version":"31","session":"de377498c7a3","build":"193.5662.53","bucket":"159","time":1590251376487,"group":{"id":"system.os","version":"3"},"event":{"state":true,"data":{"created":1590251376979,"value":"+02_00"},"id":"os.timezone"}}
{"recorder_version":"31","session":"de377498c7a3","build":"193.5662.53","bucket":"159","time":1590251376487,"group":{"id":"system.os","version":"3"},"event":{"state":true,"data":{"created":1590251376979},"id":"invoked"}}
{"recorder_version":"31","session":"de377498c7a3","build":"193.5662.53","bucket":"159","time":1590251376795,"group":{"id":"settings","version":"4"},"event":{"state":true,"data":{"component":"UpdatesConfigurable","created":1590251376980,"name":"checkNeeded","type":"bool","value":false},"id":"not.default"}}
{"recorder_version":"31","session":"de377498c7a3","build":"193.5662.53","bucket":"159","time":1590251376795,"group":{"id":"settings","version":"4"},"event":{"state":true,"data":{"component":"UpdatesConfigurable","created":1590251376981},"id":"invoked"}}
{"recorder_version":"31","session":"de377498c7a3","build":"193.5662.53","bucket":"159","time":1590251376876,"group":{"id":"event.log","version":"31"},"event":{"count":1,"data":{"created":1590251376981,"version":"1268.0"},"id":"whitelist.loaded"}}
{"recorder_version":"31","session":"de377498c7a3","build":"193.5662.53","bucket":"159","time":1590251377058,"group":{"id":"settings","version":"4"},"event":{"state":true,"data":{"component":"GeneralSettings","created":1590251377059,"name":"showTipsOnStartup","type":"bool","value":false},"id":"not.default"}}
{"recorder_version":"31","session":"de377498c7a3","build":"193.5662.53","bucket":"159","time":1590251377058,"group":{"id":"settings","version":"4"},"event":{"state":true,"data":{"component":"GeneralSettings","created":1590251377059},"id":"invoked"}}
{"recorder_version":"31","session":"de377498c7a3","build":"193.5662.53","bucket":"159","time":1590251377099,"group":{"id":"lifecycle","version":"31"},"event":{"count":1,"data":{"internal":true,"eap":false,"created":1590251377099},"id":"ide.start"}}
{"recorder_version":"31","session":"de377498c7a3","build":"193.5662.53","bucket":"159","time":1590251377210,"group":{"id":"settings","version":"4"},"event":{"state":true,"data":{"component":"XmlEditorOptions","created":1590251377210},"id":"invoked"}}
{"recorder_version":"31","session":"de377498c7a3","build":"193.5662.53","bucket":"159","time":1590251378444,"group":{"id":"lifecycle","version":"31"},"event":{"count":1,"data":{"created":1590251378444},"id":"frame.activated"}}
{"recorder_version":"31","session":"de377498c7a3","build":"193.5662.53","bucket":"159","time":1590251378444,"group":{"id":"settings","version":"4"},"event":{"state":true,"data":{"component":"VcsApplicationSettings","created":1590251378444},"id":"invoked"}}
{"recorder_version":"31","session":"de377498c7a3","build":"193.5662.53","bucket":"159","time":1590251378491,"group":{"id":"performance","version":"31"},"event":{"count":1,"data":{"duration_ms":1181,"created":1590251378491},"id":"ui.latency"}}
{"recorder_version":"31","session":"de377498c7a3","build":"193.5662.53","bucket":"159","time":1590251378491,"group":{"id":"performance","version":"31"},"event":{"count":1,"data":{"duration_ms":1181,"created":1590251378492},"id":"ui.lagging"}}
{"recorder_version":"31","session":"de377498c7a3","build":"193.5662.53","bucket":"159","time":1590251378619,"group":{"id":"performance","version":"31"},"event":{"count":1,"data":{"duration_ms":319,"created":1590251378620},"id":"ui.lagging"}}
{"recorder_version":"31","session":"de377498c7a3","build":"193.5662.53","bucket":"159","time":1590251378852,"group":{"id":"ui.dialogs","version":"31"},"event":{"count":1,"data":{"created":1590251378853,"plugin_type":"PLATFORM","dialog_class":"com.intellij.openapi.progress.util.ProgressDialog$MyDialogWrapper"},"id":"show"}}
{"recorder_version":"31","session":"de377498c7a3","build":"193.5662.53","bucket":"159","time":1590251380868,"group":{"id":"lifecycle","version":"31"},"event":{"count":1,"data":{"created":1590251380868,"project":"d119a6d897fcb33934b9adf90ec59bc9e850f90f58367fa567dc99031a6fc921"},"id":"project.opened"}}
{"recorder_version":"31","session":"de377498c7a3","build":"193.5662.53","bucket":"159","time":1590251381501,"group":{"id":"performance","version":"31"},"event":{"count":1,"data":{"duration_ms":1196,"created":1590251381501},"id":"ui.lagging"}}
{"recorder_version":"31","session":"de377498c7a3","build":"193.5662.53","bucket":"159","time":1590251381690,"group":{"id":"performance","version":"31"},"event":{"count":1,"data":{"duration_ms":384,"created":1590251381690},"id":"ui.lagging"}}
{"recorder_version":"31","session":"de377498c7a3","build":"193.5662.53","bucket":"159","time":1590251381723,"group":{"id":"toolwindow","version":"31"},"event":{"count":1,"data":{"created":1590251381723,"plugin_type":"PLATFORM","id":"Event_Log"},"id":"activated"}}
{"recorder_version":"31","session":"de377498c7a3","build":"193.5662.53","bucket":"159","time":1590251382867,"group":{"id":"performance","version":"31"},"event":{"count":1,"data":{"duration_ms":560,"created":1590251382867},"id":"ui.lagging"}}
{"recorder_version":"31","session":"de377498c7a3","build":"193.5662.53","bucket":"159","time":1590251383568,"group":{"id":"performance","version":"31"},"event":{"count":1,"data":{"duration_ms":260,"created":1590251383569},"id":"ui.lagging"}}
{"recorder_version":"31","session":"de377498c7a3","build":"193.5662.53","bucket":"159","time":1590251384453,"group":{"id":"performance","version":"31"},"event":{"count":1,"data":{"duration_ms":143,"created":1590251384453},"id":"ui.lagging"}}
{"recorder_version":"31","session":"de377498c7a3","build":"193.5662.53","bucket":"159","time":1590251384454,"group":{"id":"indexing","version":"2"},"event":{"count":1,"data":{"ide_activity_id":1,"created":1590251384454,"project":"d119a6d897fcb33934b9adf90ec59bc9e850f90f58367fa567dc99031a6fc921"},"id":"started"}}
{"recorder_version":"31","session":"de377498c7a3","build":"193.5662.53","bucket":"159","time":1590251384457,"group":{"id":"project.fs","version":"1"},"event":{"state":true,"data":{"os":"Mac","cs-project":false,"created":1590251384458,"project":"d119a6d897fcb33934b9adf90ec59bc9e850f90f58367fa567dc99031a6fc921","cs-implicit":true,"cs-system":false},"id":"case-sensitivity"}}
{"recorder_version":"31","session":"de377498c7a3","build":"193.5662.53","bucket":"159","time":1590251384457,"group":{"id":"project.fs","version":"1"},"event":{"state":true,"data":{"created":1590251384458},"id":"invoked"}}
{"recorder_version":"31","session":"de377498c7a3","build":"193.5662.53","bucket":"159","time":1590251384458,"group":{"id":"project.fs","version":"1"},"event":{"state":true,"data":{"pct-non-watched":0,"created":1590251384459,"project":"d119a6d897fcb33934b9adf90ec59bc9e850f90f58367fa567dc99031a6fc921"},"id":"roots-watched"}}
{"recorder_version":"31","session":"de377498c7a3","build":"193.5662.53","bucket":"159","time":1590251384458,"group":{"id":"project.fs","version":"1"},"event":{"state":true,"data":{"created":1590251384459},"id":"invoked"}}
{"recorder_version":"31","session":"de377498c7a3","build":"193.5662.53","bucket":"159","time":1590251384571,"group":{"id":"indexing","version":"2"},"event":{"count":1,"data":{"ide_activity_id":1,"stage_class":"com.intellij.util.indexing.UnindexedFilesUpdater","created":1590251384571,"plugin_type":"PLATFORM"},"id":"stage"}}
{"recorder_version":"31","session":"de377498c7a3","build":"193.5662.53","bucket":"159","time":1590251384573,"group":{"id":"ui.dialogs","version":"31"},"event":{"count":1,"data":{"code":1,"created":1590251384573,"plugin_type":"PLATFORM","dialog_class":"com.intellij.openapi.progress.util.ProgressDialog$MyDialogWrapper"},"id":"close"}}
{"recorder_version":"31","session":"de377498c7a3","build":"193.5662.53","bucket":"159","time":1590251384764,"group":{"id":"lifecycle","version":"31"},"event":{"count":1,"data":{"duration_ms":7533,"created":1590251384764,"project":"d119a6d897fcb33934b9adf90ec59bc9e850f90f58367fa567dc99031a6fc921"},"id":"project.opening.finished"}}
{"recorder_version":"31","session":"de377498c7a3","build":"193.5662.53","bucket":"159","time":1590251387673,"group":{"id":"indexing","version":"2"},"event":{"count":1,"data":{"duration_ms":3219,"ide_activity_id":1,"created":1590251387673},"id":"finished"}}
{"recorder_version":"31","session":"de377498c7a3","build":"193.5662.53","bucket":"159","time":1590251387825,"group":{"id":"indexing","version":"2"},"event":{"count":1,"data":{"ide_activity_id":2,"created":1590251387826,"project":"d119a6d897fcb33934b9adf90ec59bc9e850f90f58367fa567dc99031a6fc921"},"id":"started"}}
{"recorder_version":"31","session":"de377498c7a3","build":"193.5662.53","bucket":"159","time":1590251387847,"group":{"id":"indexing","version":"2"},"event":{"count":1,"data":{"ide_activity_id":2,"plugin":"org.jetbrains.android","stage_class":"com.android.tools.idea.res.ResourceFolderRepositoryFileCacheImpl$PruneTask","created":1590251387849,"plugin_type":"JB_BUNDLED"},"id":"stage"}}
{"recorder_version":"31","session":"de377498c7a3","build":"193.5662.53","bucket":"159","time":1590251387896,"group":{"id":"indexing","version":"2"},"event":{"count":1,"data":{"ide_activity_id":2,"plugin":"org.jetbrains.android","stage_class":"com.android.tools.idea.res.ResourceFolderRepositoryFileCacheImpl$ManageLruProjectFilesTask","created":1590251387897,"plugin_type":"JB_BUNDLED"},"id":"stage"}}
{"recorder_version":"31","session":"de377498c7a3","build":"193.5662.53","bucket":"159","time":1590251387933,"group":{"id":"indexing","version":"2"},"event":{"count":1,"data":{"duration_ms":108,"ide_activity_id":2,"created":1590251387933},"id":"finished"}}
{"recorder_version":"31","session":"de377498c7a3","build":"193.5662.53","bucket":"159","time":1590251387955,"group":{"id":"indexing","version":"2"},"event":{"count":1,"data":{"ide_activity_id":3,"created":1590251387955,"project":"d119a6d897fcb33934b9adf90ec59bc9e850f90f58367fa567dc99031a6fc921"},"id":"started"}}
{"recorder_version":"31","session":"de377498c7a3","build":"193.5662.53","bucket":"159","time":1590251387967,"group":{"id":"indexing","version":"2"},"event":{"count":1,"data":{"ide_activity_id":3,"plugin":"org.jetbrains.android","stage_class":"com.android.tools.idea.res.ResourceFolderRegistry$PopulateCachesTask","created":1590251387967,"plugin_type":"JB_BUNDLED"},"id":"stage"}}
{"recorder_version":"31","session":"de377498c7a3","build":"193.5662.53","bucket":"159","time":1590251388012,"group":{"id":"indexing","version":"2"},"event":{"count":1,"data":{"duration_ms":57,"ide_activity_id":3,"created":1590251388012},"id":"finished"}}
{"recorder_version":"31","session":"de377498c7a3","build":"193.5662.53","bucket":"159","time":1590251388494,"group":{"id":"performance","version":"31"},"event":{"count":1,"data":{"duration_ms":178,"created":1590251388494},"id":"ui.lagging"}}
{"recorder_version":"31","session":"de377498c7a3","build":"193.5662.53","bucket":"159","time":1590251389584,"group":{"id":"startup","version":"1"},"event":{"count":1,"data":{"duration":2566,"created":1590251389585},"id":"appInit"}}
{"recorder_version":"31","session":"de377498c7a3","build":"193.5662.53","bucket":"159","time":1590251389584,"group":{"id":"startup","version":"1"},"event":{"count":1,"data":{"duration":512,"created":1590251389585},"id":"splash"}}
{"recorder_version":"31","session":"de377498c7a3","build":"193.5662.53","bucket":"159","time":1590251389584,"group":{"id":"startup","version":"1"},"event":{"count":1,"data":{"duration":508,"created":1590251389585},"id":"bootstrap"}}
{"recorder_version":"31","session":"de377498c7a3","build":"193.5662.53","bucket":"159","time":1590251389584,"group":{"id":"startup","version":"1"},"event":{"count":1,"data":{"duration":12117,"created":1590251389586},"id":"totalDuration"}}
{"recorder_version":"31","session":"de377498c7a3","build":"193.5662.53","bucket":"159","time":1590251390203,"group":{"id":"actions","version":"31"},"event":{"count":1,"data":{"context_menu":true,"action_id":"third.party","created":1590251390204,"plugin_type":"NOT_LISTED","project":"d119a6d897fcb33934b9adf90ec59bc9e850f90f58367fa567dc99031a6fc921","place":"MainMenu","class":"third.party","input_event":"NoMouseButton"},"id":"action.invoked"}}
{"recorder_version":"31","session":"de377498c7a3","build":"193.5662.53","bucket":"159","time":1590251390522,"group":{"id":"performance","version":"31"},"event":{"count":1,"data":{"duration_ms":200,"created":1590251390522},"id":"ui.lagging"}}
{"recorder_version":"31","session":"de377498c7a3","build":"193.5662.53","bucket":"159","time":1590251391959,"group":{"id":"ui.dialogs","version":"31"},"event":{"count":1,"data":{"created":1590251391959,"plugin_type":"NOT_LISTED","dialog_class":"third.party"},"id":"show"}}
{"recorder_version":"31","session":"de377498c7a3","build":"193.5662.53","bucket":"159","time":1590251397163,"group":{"id":"ui.dialogs","version":"31"},"event":{"count":1,"data":{"code":1,"created":1590251397164,"plugin_type":"NOT_LISTED","dialog_class":"third.party"},"id":"close"}}
