{"recorder_version":"31","session":"134833ac790b","build":"193.5662.53","bucket":"159","time":1590174944148,"group":{"id":"settings","version":"4"},"event":{"state":true,"data":{"component":"NotRoamableUiSettings","created":1590174944428},"id":"invoked"}}
{"recorder_version":"31","session":"134833ac790b","build":"193.5662.53","bucket":"159","time":1590174944149,"group":{"id":"settings","version":"4"},"event":{"state":true,"data":{"component":"UISettings","created":1590174944430},"id":"invoked"}}
{"recorder_version":"31","session":"134833ac790b","build":"193.5662.53","bucket":"159","time":1590174944158,"group":{"id":"system.java","version":"1"},"event":{"state":true,"data":{"created":1590174944438,"version":"validation.undefined_rule"},"id":"validation.undefined_rule"}}
{"recorder_version":"31","session":"134833ac790b","build":"193.5662.53","bucket":"159","time":1590174944158,"group":{"id":"system.java","version":"1"},"event":{"state":true,"data":{"created":1590174944439},"id":"invoked"}}
{"recorder_version":"31","session":"134833ac790b","build":"193.5662.53","bucket":"159","time":1590174944181,"group":{"id":"system.os","version":"3"},"event":{"state":true,"data":{"created":1590174944441,"version":"10.15"},"id":"Mac"}}
{"recorder_version":"31","session":"134833ac790b","build":"193.5662.53","bucket":"159","time":1590174944181,"group":{"id":"system.os","version":"3"},"event":{"state":true,"data":{"created":1590174944441,"name":"Mac","version":"10.15"},"id":"os.name"}}
{"recorder_version":"31","session":"134833ac790b","build":"193.5662.53","bucket":"159","time":1590174944181,"group":{"id":"system.os","version":"3"},"event":{"state":true,"data":{"created":1590174944442,"value":"+02_00"},"id":"os.timezone"}}
{"recorder_version":"31","session":"134833ac790b","build":"193.5662.53","bucket":"159","time":1590174944181,"group":{"id":"system.os","version":"3"},"event":{"state":true,"data":{"created":1590174944442},"id":"invoked"}}
{"recorder_version":"31","session":"134833ac790b","build":"193.5662.53","bucket":"159","time":1590174944323,"group":{"id":"settings","version":"4"},"event":{"state":true,"data":{"component":"UpdatesConfigurable","created":1590174944442,"name":"checkNeeded","type":"bool","value":false},"id":"not.default"}}
{"recorder_version":"31","session":"134833ac790b","build":"193.5662.53","bucket":"159","time":1590174944323,"group":{"id":"settings","version":"4"},"event":{"state":true,"data":{"component":"UpdatesConfigurable","created":1590174944442},"id":"invoked"}}
{"recorder_version":"31","session":"134833ac790b","build":"193.5662.53","bucket":"159","time":1590174944403,"group":{"id":"event.log","version":"31"},"event":{"count":1,"data":{"created":1590174944443,"version":"1268.0"},"id":"whitelist.loaded"}}
{"recorder_version":"31","session":"134833ac790b","build":"193.5662.53","bucket":"159","time":1590174944496,"group":{"id":"settings","version":"4"},"event":{"state":true,"data":{"component":"GeneralSettings","created":1590174944498,"name":"showTipsOnStartup","type":"bool","value":false},"id":"not.default"}}
{"recorder_version":"31","session":"134833ac790b","build":"193.5662.53","bucket":"159","time":1590174944496,"group":{"id":"settings","version":"4"},"event":{"state":true,"data":{"component":"GeneralSettings","created":1590174944498},"id":"invoked"}}
{"recorder_version":"31","session":"134833ac790b","build":"193.5662.53","bucket":"159","time":1590174944573,"group":{"id":"lifecycle","version":"31"},"event":{"count":1,"data":{"internal":true,"eap":false,"created":1590174944574},"id":"ide.start"}}
{"recorder_version":"31","session":"134833ac790b","build":"193.5662.53","bucket":"159","time":1590174944657,"group":{"id":"settings","version":"4"},"event":{"state":true,"data":{"component":"XmlEditorOptions","created":1590174944659},"id":"invoked"}}
{"recorder_version":"31","session":"134833ac790b","build":"193.5662.53","bucket":"159","time":1590174945241,"group":{"id":"settings","version":"4"},"event":{"state":true,"data":{"component":"VcsApplicationSettings","created":1590174945241},"id":"invoked"}}
{"recorder_version":"31","session":"134833ac790b","build":"193.5662.53","bucket":"159","time":1590174945241,"group":{"id":"lifecycle","version":"31"},"event":{"count":1,"data":{"created":1590174945242},"id":"frame.activated"}}
{"recorder_version":"31","session":"134833ac790b","build":"193.5662.53","bucket":"159","time":1590174945291,"group":{"id":"performance","version":"31"},"event":{"count":1,"data":{"duration_ms":246,"created":1590174945291},"id":"ui.latency"}}
{"recorder_version":"31","session":"134833ac790b","build":"193.5662.53","bucket":"159","time":1590174945291,"group":{"id":"performance","version":"31"},"event":{"count":1,"data":{"duration_ms":246,"created":1590174945291},"id":"ui.lagging"}}
{"recorder_version":"31","session":"134833ac790b","build":"193.5662.53","bucket":"159","time":1590174945385,"group":{"id":"ui.dialogs","version":"31"},"event":{"count":1,"data":{"created":1590174945386,"plugin_type":"PLATFORM","dialog_class":"com.intellij.openapi.progress.util.ProgressDialog$MyDialogWrapper"},"id":"show"}}
{"recorder_version":"31","session":"134833ac790b","build":"193.5662.53","bucket":"159","time":1590174946845,"group":{"id":"lifecycle","version":"31"},"event":{"count":1,"data":{"created":1590174946845,"project":"d119a6d897fcb33934b9adf90ec59bc9e850f90f58367fa567dc99031a6fc921"},"id":"project.opened"}}
{"recorder_version":"31","session":"134833ac790b","build":"193.5662.53","bucket":"159","time":1590174947259,"group":{"id":"performance","version":"31"},"event":{"count":1,"data":{"duration_ms":218,"created":1590174947259},"id":"ui.lagging"}}
{"recorder_version":"31","session":"134833ac790b","build":"193.5662.53","bucket":"159","time":1590174947272,"group":{"id":"toolwindow","version":"31"},"event":{"count":1,"data":{"created":1590174947272,"plugin_type":"PLATFORM","id":"Event_Log"},"id":"activated"}}
{"recorder_version":"31","session":"134833ac790b","build":"193.5662.53","bucket":"159","time":1590174948173,"group":{"id":"performance","version":"31"},"event":{"count":1,"data":{"duration_ms":130,"created":1590174948173},"id":"ui.lagging"}}
{"recorder_version":"31","session":"134833ac790b","build":"193.5662.53","bucket":"159","time":1590174948321,"group":{"id":"indexing","version":"2"},"event":{"count":1,"data":{"ide_activity_id":1,"created":1590174948322,"project":"d119a6d897fcb33934b9adf90ec59bc9e850f90f58367fa567dc99031a6fc921"},"id":"started"}}
{"recorder_version":"31","session":"134833ac790b","build":"193.5662.53","bucket":"159","time":1590174948439,"group":{"id":"indexing","version":"2"},"event":{"count":1,"data":{"ide_activity_id":1,"stage_class":"com.intellij.util.indexing.UnindexedFilesUpdater","created":1590174948439,"plugin_type":"PLATFORM"},"id":"stage"}}
{"recorder_version":"31","session":"134833ac790b","build":"193.5662.53","bucket":"159","time":1590174948613,"group":{"id":"project.fs","version":"1"},"event":{"state":true,"data":{"os":"Mac","cs-project":false,"created":1590174948613,"project":"d119a6d897fcb33934b9adf90ec59bc9e850f90f58367fa567dc99031a6fc921","cs-implicit":true,"cs-system":false},"id":"case-sensitivity"}}
{"recorder_version":"31","session":"134833ac790b","build":"193.5662.53","bucket":"159","time":1590174948613,"group":{"id":"project.fs","version":"1"},"event":{"state":true,"data":{"created":1590174948614},"id":"invoked"}}
{"recorder_version":"31","session":"134833ac790b","build":"193.5662.53","bucket":"159","time":1590174948614,"group":{"id":"project.fs","version":"1"},"event":{"state":true,"data":{"pct-non-watched":0,"created":1590174948614,"project":"d119a6d897fcb33934b9adf90ec59bc9e850f90f58367fa567dc99031a6fc921"},"id":"roots-watched"}}
{"recorder_version":"31","session":"134833ac790b","build":"193.5662.53","bucket":"159","time":1590174948614,"group":{"id":"project.fs","version":"1"},"event":{"state":true,"data":{"created":1590174948614},"id":"invoked"}}
{"recorder_version":"31","session":"134833ac790b","build":"193.5662.53","bucket":"159","time":1590174948776,"group":{"id":"ui.dialogs","version":"31"},"event":{"count":1,"data":{"code":1,"created":1590174948777,"plugin_type":"PLATFORM","dialog_class":"com.intellij.openapi.progress.util.ProgressDialog$MyDialogWrapper"},"id":"close"}}
{"recorder_version":"31","session":"134833ac790b","build":"193.5662.53","bucket":"159","time":1590174948878,"group":{"id":"lifecycle","version":"31"},"event":{"count":1,"data":{"duration_ms":4244,"created":1590174948880,"project":"d119a6d897fcb33934b9adf90ec59bc9e850f90f58367fa567dc99031a6fc921"},"id":"project.opening.finished"}}
{"recorder_version":"31","session":"134833ac790b","build":"193.5662.53","bucket":"159","time":1590174949923,"group":{"id":"indexing","version":"2"},"event":{"count":1,"data":{"duration_ms":1602,"ide_activity_id":1,"created":1590174949923},"id":"finished"}}
{"recorder_version":"31","session":"134833ac790b","build":"193.5662.53","bucket":"159","time":1590174949991,"group":{"id":"indexing","version":"2"},"event":{"count":1,"data":{"ide_activity_id":2,"created":1590174949998,"project":"d119a6d897fcb33934b9adf90ec59bc9e850f90f58367fa567dc99031a6fc921"},"id":"started"}}
{"recorder_version":"31","session":"134833ac790b","build":"193.5662.53","bucket":"159","time":1590174950010,"group":{"id":"indexing","version":"2"},"event":{"count":1,"data":{"ide_activity_id":2,"plugin":"org.jetbrains.android","stage_class":"com.android.tools.idea.res.ResourceFolderRepositoryFileCacheImpl$PruneTask","created":1590174950010,"plugin_type":"JB_BUNDLED"},"id":"stage"}}
{"recorder_version":"31","session":"134833ac790b","build":"193.5662.53","bucket":"159","time":1590174950045,"group":{"id":"indexing","version":"2"},"event":{"count":1,"data":{"ide_activity_id":2,"plugin":"org.jetbrains.android","stage_class":"com.android.tools.idea.res.ResourceFolderRepositoryFileCacheImpl$ManageLruProjectFilesTask","created":1590174950045,"plugin_type":"JB_BUNDLED"},"id":"stage"}}
{"recorder_version":"31","session":"134833ac790b","build":"193.5662.53","bucket":"159","time":1590174950112,"group":{"id":"indexing","version":"2"},"event":{"count":1,"data":{"duration_ms":121,"ide_activity_id":2,"created":1590174950112},"id":"finished"}}
{"recorder_version":"31","session":"134833ac790b","build":"193.5662.53","bucket":"159","time":1590174950122,"group":{"id":"indexing","version":"2"},"event":{"count":1,"data":{"ide_activity_id":3,"created":1590174950122,"project":"d119a6d897fcb33934b9adf90ec59bc9e850f90f58367fa567dc99031a6fc921"},"id":"started"}}
{"recorder_version":"31","session":"134833ac790b","build":"193.5662.53","bucket":"159","time":1590174950123,"group":{"id":"indexing","version":"2"},"event":{"count":1,"data":{"ide_activity_id":3,"plugin":"org.jetbrains.android","stage_class":"com.android.tools.idea.res.ResourceFolderRegistry$PopulateCachesTask","created":1590174950123,"plugin_type":"JB_BUNDLED"},"id":"stage"}}
{"recorder_version":"31","session":"134833ac790b","build":"193.5662.53","bucket":"159","time":1590174950126,"group":{"id":"indexing","version":"2"},"event":{"count":1,"data":{"duration_ms":4,"ide_activity_id":3,"created":1590174950126},"id":"finished"}}
{"recorder_version":"31","session":"134833ac790b","build":"193.5662.53","bucket":"159","time":1590174953734,"group":{"id":"startup","version":"1"},"event":{"count":1,"data":{"duration":1764,"created":1590174953734},"id":"appInit"}}
{"recorder_version":"31","session":"134833ac790b","build":"193.5662.53","bucket":"159","time":1590174953734,"group":{"id":"startup","version":"1"},"event":{"count":1,"data":{"duration":317,"created":1590174953734},"id":"splash"}}
{"recorder_version":"31","session":"134833ac790b","build":"193.5662.53","bucket":"159","time":1590174953734,"group":{"id":"startup","version":"1"},"event":{"count":1,"data":{"duration":420,"created":1590174953734},"id":"bootstrap"}}
{"recorder_version":"31","session":"134833ac790b","build":"193.5662.53","bucket":"159","time":1590174953734,"group":{"id":"startup","version":"1"},"event":{"count":1,"data":{"duration":7658,"created":1590174953734},"id":"totalDuration"}}
{"recorder_version":"31","session":"134833ac790b","build":"193.5662.53","bucket":"159","time":1590174958909,"group":{"id":"actions","version":"31"},"event":{"count":1,"data":{"context_menu":true,"action_id":"third.party","created":1590174958909,"plugin_type":"NOT_LISTED","project":"d119a6d897fcb33934b9adf90ec59bc9e850f90f58367fa567dc99031a6fc921","place":"MainMenu","class":"third.party","input_event":"NoMouseButton"},"id":"action.invoked"}}
{"recorder_version":"31","session":"134833ac790b","build":"193.5662.53","bucket":"159","time":1590174961699,"group":{"id":"ui.dialogs","version":"31"},"event":{"count":1,"data":{"created":1590174961699,"plugin_type":"NOT_LISTED","dialog_class":"third.party"},"id":"show"}}
{"recorder_version":"31","session":"134833ac790b","build":"193.5662.53","bucket":"159","time":1590174968768,"group":{"id":"ui.dialogs","version":"31"},"event":{"count":1,"data":{"code":0,"created":1590174968769,"plugin_type":"NOT_LISTED","dialog_class":"third.party"},"id":"close"}}
