{"recorder_version":"31","session":"f13e26151c30","build":"193.5662.53","bucket":"159","time":1590245302923,"group":{"id":"settings","version":"4"},"event":{"state":true,"data":{"component":"UISettings","created":1590245303207},"id":"invoked"}}
{"recorder_version":"31","session":"f13e26151c30","build":"193.5662.53","bucket":"159","time":1590245302923,"group":{"id":"settings","version":"4"},"event":{"state":true,"data":{"component":"NotRoamableUiSettings","created":1590245303208},"id":"invoked"}}
{"recorder_version":"31","session":"f13e26151c30","build":"193.5662.53","bucket":"159","time":1590245302927,"group":{"id":"system.java","version":"1"},"event":{"state":true,"data":{"created":1590245303244,"version":"validation.undefined_rule"},"id":"validation.undefined_rule"}}
{"recorder_version":"31","session":"f13e26151c30","build":"193.5662.53","bucket":"159","time":1590245302927,"group":{"id":"system.java","version":"1"},"event":{"state":true,"data":{"created":1590245303244},"id":"invoked"}}
{"recorder_version":"31","session":"f13e26151c30","build":"193.5662.53","bucket":"159","time":1590245302945,"group":{"id":"system.os","version":"3"},"event":{"state":true,"data":{"created":1590245303245,"version":"10.15"},"id":"Mac"}}
{"recorder_version":"31","session":"f13e26151c30","build":"193.5662.53","bucket":"159","time":1590245302945,"group":{"id":"system.os","version":"3"},"event":{"state":true,"data":{"created":1590245303245,"name":"Mac","version":"10.15"},"id":"os.name"}}
{"recorder_version":"31","session":"f13e26151c30","build":"193.5662.53","bucket":"159","time":1590245302945,"group":{"id":"system.os","version":"3"},"event":{"state":true,"data":{"created":1590245303245,"value":"+02_00"},"id":"os.timezone"}}
{"recorder_version":"31","session":"f13e26151c30","build":"193.5662.53","bucket":"159","time":1590245302945,"group":{"id":"system.os","version":"3"},"event":{"state":true,"data":{"created":1590245303246},"id":"invoked"}}
{"recorder_version":"31","session":"f13e26151c30","build":"193.5662.53","bucket":"159","time":1590245303061,"group":{"id":"settings","version":"4"},"event":{"state":true,"data":{"component":"UpdatesConfigurable","created":1590245303246,"name":"checkNeeded","type":"bool","value":false},"id":"not.default"}}
{"recorder_version":"31","session":"f13e26151c30","build":"193.5662.53","bucket":"159","time":1590245303061,"group":{"id":"settings","version":"4"},"event":{"state":true,"data":{"component":"UpdatesConfigurable","created":1590245303246},"id":"invoked"}}
{"recorder_version":"31","session":"f13e26151c30","build":"193.5662.53","bucket":"159","time":1590245303166,"group":{"id":"event.log","version":"31"},"event":{"count":1,"data":{"created":1590245303247,"version":"1268.0"},"id":"whitelist.loaded"}}
{"recorder_version":"31","session":"f13e26151c30","build":"193.5662.53","bucket":"159","time":1590245303210,"group":{"id":"settings","version":"4"},"event":{"state":true,"data":{"component":"GeneralSettings","created":1590245303247,"name":"showTipsOnStartup","type":"bool","value":false},"id":"not.default"}}
{"recorder_version":"31","session":"f13e26151c30","build":"193.5662.53","bucket":"159","time":1590245303210,"group":{"id":"settings","version":"4"},"event":{"state":true,"data":{"component":"GeneralSettings","created":1590245303248},"id":"invoked"}}
{"recorder_version":"31","session":"f13e26151c30","build":"193.5662.53","bucket":"159","time":1590245303255,"group":{"id":"lifecycle","version":"31"},"event":{"count":1,"data":{"internal":true,"eap":false,"created":1590245303255},"id":"ide.start"}}
{"recorder_version":"31","session":"f13e26151c30","build":"193.5662.53","bucket":"159","time":1590245303397,"group":{"id":"settings","version":"4"},"event":{"state":true,"data":{"component":"XmlEditorOptions","created":1590245303397},"id":"invoked"}}
{"recorder_version":"31","session":"f13e26151c30","build":"193.5662.53","bucket":"159","time":1590245304272,"group":{"id":"lifecycle","version":"31"},"event":{"count":1,"data":{"created":1590245304272},"id":"frame.activated"}}
{"recorder_version":"31","session":"f13e26151c30","build":"193.5662.53","bucket":"159","time":1590245304272,"group":{"id":"settings","version":"4"},"event":{"state":true,"data":{"component":"VcsApplicationSettings","created":1590245304273},"id":"invoked"}}
{"recorder_version":"31","session":"f13e26151c30","build":"193.5662.53","bucket":"159","time":1590245304303,"group":{"id":"performance","version":"31"},"event":{"count":1,"data":{"duration_ms":535,"created":1590245304303},"id":"ui.latency"}}
{"recorder_version":"31","session":"f13e26151c30","build":"193.5662.53","bucket":"159","time":1590245304303,"group":{"id":"performance","version":"31"},"event":{"count":1,"data":{"duration_ms":535,"created":1590245304304},"id":"ui.lagging"}}
{"recorder_version":"31","session":"f13e26151c30","build":"193.5662.53","bucket":"159","time":1590245304568,"group":{"id":"ui.dialogs","version":"31"},"event":{"count":1,"data":{"created":1590245304568,"plugin_type":"PLATFORM","dialog_class":"com.intellij.openapi.progress.util.ProgressDialog$MyDialogWrapper"},"id":"show"}}
{"recorder_version":"31","session":"f13e26151c30","build":"193.5662.53","bucket":"159","time":1590245305985,"group":{"id":"lifecycle","version":"31"},"event":{"count":1,"data":{"created":1590245305985,"project":"d119a6d897fcb33934b9adf90ec59bc9e850f90f58367fa567dc99031a6fc921"},"id":"project.opened"}}
{"recorder_version":"31","session":"f13e26151c30","build":"193.5662.53","bucket":"159","time":1590245306400,"group":{"id":"performance","version":"31"},"event":{"count":1,"data":{"duration_ms":634,"created":1590245306400},"id":"ui.lagging"}}
{"recorder_version":"31","session":"f13e26151c30","build":"193.5662.53","bucket":"159","time":1590245306561,"group":{"id":"toolwindow","version":"31"},"event":{"count":1,"data":{"created":1590245306561,"plugin_type":"PLATFORM","id":"Event_Log"},"id":"activated"}}
{"recorder_version":"31","session":"f13e26151c30","build":"193.5662.53","bucket":"159","time":1590245307393,"group":{"id":"performance","version":"31"},"event":{"count":1,"data":{"duration_ms":627,"created":1590245307393},"id":"ui.lagging"}}
{"recorder_version":"31","session":"f13e26151c30","build":"193.5662.53","bucket":"159","time":1590245307999,"group":{"id":"performance","version":"31"},"event":{"count":1,"data":{"duration_ms":228,"created":1590245308000},"id":"ui.lagging"}}
{"recorder_version":"31","session":"f13e26151c30","build":"193.5662.53","bucket":"159","time":1590245308513,"group":{"id":"project.fs","version":"1"},"event":{"state":true,"data":{"os":"Mac","cs-project":false,"created":1590245308514,"project":"d119a6d897fcb33934b9adf90ec59bc9e850f90f58367fa567dc99031a6fc921","cs-implicit":true,"cs-system":false},"id":"case-sensitivity"}}
{"recorder_version":"31","session":"f13e26151c30","build":"193.5662.53","bucket":"159","time":1590245308513,"group":{"id":"project.fs","version":"1"},"event":{"state":true,"data":{"created":1590245308514},"id":"invoked"}}
{"recorder_version":"31","session":"f13e26151c30","build":"193.5662.53","bucket":"159","time":1590245308514,"group":{"id":"project.fs","version":"1"},"event":{"state":true,"data":{"pct-non-watched":0,"created":1590245308514,"project":"d119a6d897fcb33934b9adf90ec59bc9e850f90f58367fa567dc99031a6fc921"},"id":"roots-watched"}}
{"recorder_version":"31","session":"f13e26151c30","build":"193.5662.53","bucket":"159","time":1590245308514,"group":{"id":"project.fs","version":"1"},"event":{"state":true,"data":{"created":1590245308515},"id":"invoked"}}
{"recorder_version":"31","session":"f13e26151c30","build":"193.5662.53","bucket":"159","time":1590245308776,"group":{"id":"indexing","version":"2"},"event":{"count":1,"data":{"ide_activity_id":1,"created":1590245308777,"project":"d119a6d897fcb33934b9adf90ec59bc9e850f90f58367fa567dc99031a6fc921"},"id":"started"}}
{"recorder_version":"31","session":"f13e26151c30","build":"193.5662.53","bucket":"159","time":1590245308802,"group":{"id":"indexing","version":"2"},"event":{"count":1,"data":{"ide_activity_id":1,"stage_class":"com.intellij.util.indexing.UnindexedFilesUpdater","created":1590245308802,"plugin_type":"PLATFORM"},"id":"stage"}}
{"recorder_version":"31","session":"f13e26151c30","build":"193.5662.53","bucket":"159","time":1590245308864,"group":{"id":"ui.dialogs","version":"31"},"event":{"count":1,"data":{"code":1,"created":1590245308864,"plugin_type":"PLATFORM","dialog_class":"com.intellij.openapi.progress.util.ProgressDialog$MyDialogWrapper"},"id":"close"}}
{"recorder_version":"31","session":"f13e26151c30","build":"193.5662.53","bucket":"159","time":1590245309004,"group":{"id":"lifecycle","version":"31"},"event":{"count":1,"data":{"duration_ms":5557,"created":1590245309005,"project":"d119a6d897fcb33934b9adf90ec59bc9e850f90f58367fa567dc99031a6fc921"},"id":"project.opening.finished"}}
{"recorder_version":"31","session":"f13e26151c30","build":"193.5662.53","bucket":"159","time":1590245311290,"group":{"id":"indexing","version":"2"},"event":{"count":1,"data":{"duration_ms":2514,"ide_activity_id":1,"created":1590245311290},"id":"finished"}}
{"recorder_version":"31","session":"f13e26151c30","build":"193.5662.53","bucket":"159","time":1590245311402,"group":{"id":"indexing","version":"2"},"event":{"count":1,"data":{"ide_activity_id":2,"created":1590245311403,"project":"d119a6d897fcb33934b9adf90ec59bc9e850f90f58367fa567dc99031a6fc921"},"id":"started"}}
{"recorder_version":"31","session":"f13e26151c30","build":"193.5662.53","bucket":"159","time":1590245311420,"group":{"id":"indexing","version":"2"},"event":{"count":1,"data":{"ide_activity_id":2,"plugin":"org.jetbrains.android","stage_class":"com.android.tools.idea.res.ResourceFolderRepositoryFileCacheImpl$PruneTask","created":1590245311421,"plugin_type":"JB_BUNDLED"},"id":"stage"}}
{"recorder_version":"31","session":"f13e26151c30","build":"193.5662.53","bucket":"159","time":1590245311469,"group":{"id":"indexing","version":"2"},"event":{"count":1,"data":{"ide_activity_id":2,"plugin":"org.jetbrains.android","stage_class":"com.android.tools.idea.res.ResourceFolderRepositoryFileCacheImpl$ManageLruProjectFilesTask","created":1590245311470,"plugin_type":"JB_BUNDLED"},"id":"stage"}}
{"recorder_version":"31","session":"f13e26151c30","build":"193.5662.53","bucket":"159","time":1590245311498,"group":{"id":"indexing","version":"2"},"event":{"count":1,"data":{"duration_ms":96,"ide_activity_id":2,"created":1590245311498},"id":"finished"}}
{"recorder_version":"31","session":"f13e26151c30","build":"193.5662.53","bucket":"159","time":1590245311515,"group":{"id":"indexing","version":"2"},"event":{"count":1,"data":{"ide_activity_id":3,"created":1590245311515,"project":"d119a6d897fcb33934b9adf90ec59bc9e850f90f58367fa567dc99031a6fc921"},"id":"started"}}
{"recorder_version":"31","session":"f13e26151c30","build":"193.5662.53","bucket":"159","time":1590245311518,"group":{"id":"indexing","version":"2"},"event":{"count":1,"data":{"ide_activity_id":3,"plugin":"org.jetbrains.android","stage_class":"com.android.tools.idea.res.ResourceFolderRegistry$PopulateCachesTask","created":1590245311519,"plugin_type":"JB_BUNDLED"},"id":"stage"}}
{"recorder_version":"31","session":"f13e26151c30","build":"193.5662.53","bucket":"159","time":1590245311522,"group":{"id":"indexing","version":"2"},"event":{"count":1,"data":{"duration_ms":6,"ide_activity_id":3,"created":1590245311522},"id":"finished"}}
{"recorder_version":"31","session":"f13e26151c30","build":"193.5662.53","bucket":"159","time":1590245311982,"group":{"id":"performance","version":"31"},"event":{"count":1,"data":{"duration_ms":199,"created":1590245311983},"id":"ui.lagging"}}
{"recorder_version":"31","session":"f13e26151c30","build":"193.5662.53","bucket":"159","time":1590245313650,"group":{"id":"startup","version":"1"},"event":{"count":1,"data":{"duration":1705,"created":1590245313651},"id":"appInit"}}
{"recorder_version":"31","session":"f13e26151c30","build":"193.5662.53","bucket":"159","time":1590245313650,"group":{"id":"startup","version":"1"},"event":{"count":1,"data":{"duration":389,"created":1590245313651},"id":"splash"}}
{"recorder_version":"31","session":"f13e26151c30","build":"193.5662.53","bucket":"159","time":1590245313650,"group":{"id":"startup","version":"1"},"event":{"count":1,"data":{"duration":326,"created":1590245313651},"id":"bootstrap"}}
{"recorder_version":"31","session":"f13e26151c30","build":"193.5662.53","bucket":"159","time":1590245313650,"group":{"id":"startup","version":"1"},"event":{"count":1,"data":{"duration":8623,"created":1590245313651},"id":"totalDuration"}}
{"recorder_version":"31","session":"f13e26151c30","build":"193.5662.53","bucket":"159","time":1590245316729,"group":{"id":"actions","version":"31"},"event":{"count":1,"data":{"context_menu":true,"action_id":"third.party","created":1590245316730,"plugin_type":"NOT_LISTED","project":"d119a6d897fcb33934b9adf90ec59bc9e850f90f58367fa567dc99031a6fc921","place":"MainMenu","class":"third.party","input_event":"NoMouseButton"},"id":"action.invoked"}}
{"recorder_version":"31","session":"f13e26151c30","build":"193.5662.53","bucket":"159","time":1590245316966,"group":{"id":"performance","version":"31"},"event":{"count":1,"data":{"duration_ms":175,"created":1590245316966},"id":"ui.lagging"}}
{"recorder_version":"31","session":"f13e26151c30","build":"193.5662.53","bucket":"159","time":1590245317927,"group":{"id":"ui.dialogs","version":"31"},"event":{"count":1,"data":{"created":1590245317927,"plugin_type":"NOT_LISTED","dialog_class":"third.party"},"id":"show"}}
{"recorder_version":"31","session":"f13e26151c30","build":"193.5662.53","bucket":"159","time":1590245318118,"group":{"id":"ui.dialogs","version":"31"},"event":{"count":1,"data":{"code":1,"created":1590245318119,"plugin_type":"NOT_LISTED","dialog_class":"third.party"},"id":"close"}}
{"recorder_version":"31","session":"f13e26151c30","build":"193.5662.53","bucket":"159","time":1590245319616,"group":{"id":"ui.dialogs","version":"31"},"event":{"count":1,"data":{"created":1590245319617,"plugin_type":"NOT_LISTED","dialog_class":"third.party"},"id":"show"}}
{"recorder_version":"31","session":"f13e26151c30","build":"193.5662.53","bucket":"159","time":1590245319708,"group":{"id":"ui.dialogs","version":"31"},"event":{"count":1,"data":{"code":1,"created":1590245319709,"plugin_type":"NOT_LISTED","dialog_class":"third.party"},"id":"close"}}
{"recorder_version":"31","session":"f13e26151c30","build":"193.5662.53","bucket":"159","time":1590245320391,"group":{"id":"ui.dialogs","version":"31"},"event":{"count":1,"data":{"created":1590245320392,"plugin_type":"NOT_LISTED","dialog_class":"third.party"},"id":"show"}}
{"recorder_version":"31","session":"f13e26151c30","build":"193.5662.53","bucket":"159","time":1590245320484,"group":{"id":"ui.dialogs","version":"31"},"event":{"count":1,"data":{"code":1,"created":1590245320484,"plugin_type":"NOT_LISTED","dialog_class":"third.party"},"id":"close"}}
{"recorder_version":"31","session":"f13e26151c30","build":"193.5662.53","bucket":"159","time":1590245320999,"group":{"id":"ui.dialogs","version":"31"},"event":{"count":1,"data":{"created":1590245320999,"plugin_type":"NOT_LISTED","dialog_class":"third.party"},"id":"show"}}
{"recorder_version":"31","session":"f13e26151c30","build":"193.5662.53","bucket":"159","time":1590245321065,"group":{"id":"ui.dialogs","version":"31"},"event":{"count":1,"data":{"code":1,"created":1590245321065,"plugin_type":"NOT_LISTED","dialog_class":"third.party"},"id":"close"}}
{"recorder_version":"31","session":"f13e26151c30","build":"193.5662.53","bucket":"159","time":1590245321572,"group":{"id":"ui.dialogs","version":"31"},"event":{"count":1,"data":{"created":1590245321573,"plugin_type":"NOT_LISTED","dialog_class":"third.party"},"id":"show"}}
{"recorder_version":"31","session":"f13e26151c30","build":"193.5662.53","bucket":"159","time":1590245321642,"group":{"id":"ui.dialogs","version":"31"},"event":{"count":1,"data":{"code":1,"created":1590245321642,"plugin_type":"NOT_LISTED","dialog_class":"third.party"},"id":"close"}}
