{"recorder_version":"31","session":"be259542f9c7","build":"193.5662.53","bucket":"159","time":1590177220736,"group":{"id":"settings","version":"4"},"event":{"state":true,"data":{"component":"UISettings","created":1590177220987},"id":"invoked"}}
{"recorder_version":"31","session":"be259542f9c7","build":"193.5662.53","bucket":"159","time":1590177220735,"group":{"id":"settings","version":"4"},"event":{"state":true,"data":{"component":"NotRoamableUiSettings","created":1590177220989},"id":"invoked"}}
{"recorder_version":"31","session":"be259542f9c7","build":"193.5662.53","bucket":"159","time":1590177220742,"group":{"id":"system.java","version":"1"},"event":{"state":true,"data":{"created":1590177220997,"version":"validation.undefined_rule"},"id":"validation.undefined_rule"}}
{"recorder_version":"31","session":"be259542f9c7","build":"193.5662.53","bucket":"159","time":1590177220742,"group":{"id":"system.java","version":"1"},"event":{"state":true,"data":{"created":1590177220998},"id":"invoked"}}
{"recorder_version":"31","session":"be259542f9c7","build":"193.5662.53","bucket":"159","time":1590177220757,"group":{"id":"system.os","version":"3"},"event":{"state":true,"data":{"created":1590177220999,"version":"10.15"},"id":"Mac"}}
{"recorder_version":"31","session":"be259542f9c7","build":"193.5662.53","bucket":"159","time":1590177220757,"group":{"id":"system.os","version":"3"},"event":{"state":true,"data":{"created":1590177220999,"name":"Mac","version":"10.15"},"id":"os.name"}}
{"recorder_version":"31","session":"be259542f9c7","build":"193.5662.53","bucket":"159","time":1590177220757,"group":{"id":"system.os","version":"3"},"event":{"state":true,"data":{"created":1590177221000,"value":"+02_00"},"id":"os.timezone"}}
{"recorder_version":"31","session":"be259542f9c7","build":"193.5662.53","bucket":"159","time":1590177220757,"group":{"id":"system.os","version":"3"},"event":{"state":true,"data":{"created":1590177221000},"id":"invoked"}}
{"recorder_version":"31","session":"be259542f9c7","build":"193.5662.53","bucket":"159","time":1590177220909,"group":{"id":"settings","version":"4"},"event":{"state":true,"data":{"component":"UpdatesConfigurable","created":1590177221001,"name":"checkNeeded","type":"bool","value":false},"id":"not.default"}}
{"recorder_version":"31","session":"be259542f9c7","build":"193.5662.53","bucket":"159","time":1590177220909,"group":{"id":"settings","version":"4"},"event":{"state":true,"data":{"component":"UpdatesConfigurable","created":1590177221001},"id":"invoked"}}
{"recorder_version":"31","session":"be259542f9c7","build":"193.5662.53","bucket":"159","time":1590177220967,"group":{"id":"event.log","version":"31"},"event":{"count":1,"data":{"created":1590177221001,"version":"1268.0"},"id":"whitelist.loaded"}}
{"recorder_version":"31","session":"be259542f9c7","build":"193.5662.53","bucket":"159","time":1590177221054,"group":{"id":"settings","version":"4"},"event":{"state":true,"data":{"component":"GeneralSettings","created":1590177221056,"name":"showTipsOnStartup","type":"bool","value":false},"id":"not.default"}}
{"recorder_version":"31","session":"be259542f9c7","build":"193.5662.53","bucket":"159","time":1590177221054,"group":{"id":"settings","version":"4"},"event":{"state":true,"data":{"component":"GeneralSettings","created":1590177221057},"id":"invoked"}}
{"recorder_version":"31","session":"be259542f9c7","build":"193.5662.53","bucket":"159","time":1590177221075,"group":{"id":"lifecycle","version":"31"},"event":{"count":1,"data":{"internal":true,"eap":false,"created":1590177221075},"id":"ide.start"}}
{"recorder_version":"31","session":"be259542f9c7","build":"193.5662.53","bucket":"159","time":1590177221176,"group":{"id":"settings","version":"4"},"event":{"state":true,"data":{"component":"XmlEditorOptions","created":1590177221176},"id":"invoked"}}
{"recorder_version":"31","session":"be259542f9c7","build":"193.5662.53","bucket":"159","time":1590177221868,"group":{"id":"settings","version":"4"},"event":{"state":true,"data":{"component":"VcsApplicationSettings","created":1590177221868},"id":"invoked"}}
{"recorder_version":"31","session":"be259542f9c7","build":"193.5662.53","bucket":"159","time":1590177221868,"group":{"id":"lifecycle","version":"31"},"event":{"count":1,"data":{"created":1590177221868},"id":"frame.activated"}}
{"recorder_version":"31","session":"be259542f9c7","build":"193.5662.53","bucket":"159","time":1590177221900,"group":{"id":"performance","version":"31"},"event":{"count":1,"data":{"duration_ms":281,"created":1590177221900},"id":"ui.latency"}}
{"recorder_version":"31","session":"be259542f9c7","build":"193.5662.53","bucket":"159","time":1590177221900,"group":{"id":"performance","version":"31"},"event":{"count":1,"data":{"duration_ms":281,"created":1590177221900},"id":"ui.lagging"}}
{"recorder_version":"31","session":"be259542f9c7","build":"193.5662.53","bucket":"159","time":1590177222142,"group":{"id":"ui.dialogs","version":"31"},"event":{"count":1,"data":{"created":1590177222143,"plugin_type":"PLATFORM","dialog_class":"com.intellij.openapi.progress.util.ProgressDialog$MyDialogWrapper"},"id":"show"}}
{"recorder_version":"31","session":"be259542f9c7","build":"193.5662.53","bucket":"159","time":1590177223457,"group":{"id":"lifecycle","version":"31"},"event":{"count":1,"data":{"created":1590177223457,"project":"d119a6d897fcb33934b9adf90ec59bc9e850f90f58367fa567dc99031a6fc921"},"id":"project.opened"}}
{"recorder_version":"31","session":"be259542f9c7","build":"193.5662.53","bucket":"159","time":1590177223922,"group":{"id":"performance","version":"31"},"event":{"count":1,"data":{"duration_ms":308,"created":1590177223923},"id":"ui.lagging"}}
{"recorder_version":"31","session":"be259542f9c7","build":"193.5662.53","bucket":"159","time":1590177223940,"group":{"id":"toolwindow","version":"31"},"event":{"count":1,"data":{"created":1590177223941,"plugin_type":"PLATFORM","id":"Event_Log"},"id":"activated"}}
{"recorder_version":"31","session":"be259542f9c7","build":"193.5662.53","bucket":"159","time":1590177225036,"group":{"id":"performance","version":"31"},"event":{"count":1,"data":{"duration_ms":421,"created":1590177225036},"id":"ui.lagging"}}
{"recorder_version":"31","session":"be259542f9c7","build":"193.5662.53","bucket":"159","time":1590177225381,"group":{"id":"project.fs","version":"1"},"event":{"state":true,"data":{"os":"Mac","cs-project":false,"created":1590177225381,"project":"d119a6d897fcb33934b9adf90ec59bc9e850f90f58367fa567dc99031a6fc921","cs-implicit":true,"cs-system":false},"id":"case-sensitivity"}}
{"recorder_version":"31","session":"be259542f9c7","build":"193.5662.53","bucket":"159","time":1590177225381,"group":{"id":"project.fs","version":"1"},"event":{"state":true,"data":{"created":1590177225381},"id":"invoked"}}
{"recorder_version":"31","session":"be259542f9c7","build":"193.5662.53","bucket":"159","time":1590177225381,"group":{"id":"project.fs","version":"1"},"event":{"state":true,"data":{"pct-non-watched":0,"created":1590177225382,"project":"d119a6d897fcb33934b9adf90ec59bc9e850f90f58367fa567dc99031a6fc921"},"id":"roots-watched"}}
{"recorder_version":"31","session":"be259542f9c7","build":"193.5662.53","bucket":"159","time":1590177225381,"group":{"id":"project.fs","version":"1"},"event":{"state":true,"data":{"created":1590177225382},"id":"invoked"}}
{"recorder_version":"31","session":"be259542f9c7","build":"193.5662.53","bucket":"159","time":1590177225443,"group":{"id":"ui.dialogs","version":"31"},"event":{"count":1,"data":{"code":1,"created":1590177225443,"plugin_type":"PLATFORM","dialog_class":"com.intellij.openapi.progress.util.ProgressDialog$MyDialogWrapper"},"id":"close"}}
{"recorder_version":"31","session":"be259542f9c7","build":"193.5662.53","bucket":"159","time":1590177225574,"group":{"id":"indexing","version":"2"},"event":{"count":1,"data":{"ide_activity_id":1,"created":1590177225574,"project":"d119a6d897fcb33934b9adf90ec59bc9e850f90f58367fa567dc99031a6fc921"},"id":"started"}}
{"recorder_version":"31","session":"be259542f9c7","build":"193.5662.53","bucket":"159","time":1590177225664,"group":{"id":"indexing","version":"2"},"event":{"count":1,"data":{"ide_activity_id":1,"stage_class":"com.intellij.util.indexing.UnindexedFilesUpdater","created":1590177225664,"plugin_type":"PLATFORM"},"id":"stage"}}
{"recorder_version":"31","session":"be259542f9c7","build":"193.5662.53","bucket":"159","time":1590177225720,"group":{"id":"lifecycle","version":"31"},"event":{"count":1,"data":{"duration_ms":4519,"created":1590177225720,"project":"d119a6d897fcb33934b9adf90ec59bc9e850f90f58367fa567dc99031a6fc921"},"id":"project.opening.finished"}}
{"recorder_version":"31","session":"be259542f9c7","build":"193.5662.53","bucket":"159","time":1590177227357,"group":{"id":"indexing","version":"2"},"event":{"count":1,"data":{"duration_ms":1783,"ide_activity_id":1,"created":1590177227362},"id":"finished"}}
{"recorder_version":"31","session":"be259542f9c7","build":"193.5662.53","bucket":"159","time":1590177227442,"group":{"id":"indexing","version":"2"},"event":{"count":1,"data":{"ide_activity_id":2,"created":1590177227442,"project":"d119a6d897fcb33934b9adf90ec59bc9e850f90f58367fa567dc99031a6fc921"},"id":"started"}}
{"recorder_version":"31","session":"be259542f9c7","build":"193.5662.53","bucket":"159","time":1590177227455,"group":{"id":"indexing","version":"2"},"event":{"count":1,"data":{"ide_activity_id":2,"plugin":"org.jetbrains.android","stage_class":"com.android.tools.idea.res.ResourceFolderRepositoryFileCacheImpl$PruneTask","created":1590177227457,"plugin_type":"JB_BUNDLED"},"id":"stage"}}
{"recorder_version":"31","session":"be259542f9c7","build":"193.5662.53","bucket":"159","time":1590177227498,"group":{"id":"indexing","version":"2"},"event":{"count":1,"data":{"ide_activity_id":2,"plugin":"org.jetbrains.android","stage_class":"com.android.tools.idea.res.ResourceFolderRepositoryFileCacheImpl$ManageLruProjectFilesTask","created":1590177227502,"plugin_type":"JB_BUNDLED"},"id":"stage"}}
{"recorder_version":"31","session":"be259542f9c7","build":"193.5662.53","bucket":"159","time":1590177227522,"group":{"id":"indexing","version":"2"},"event":{"count":1,"data":{"duration_ms":80,"ide_activity_id":2,"created":1590177227523},"id":"finished"}}
{"recorder_version":"31","session":"be259542f9c7","build":"193.5662.53","bucket":"159","time":1590177227534,"group":{"id":"indexing","version":"2"},"event":{"count":1,"data":{"ide_activity_id":3,"created":1590177227534,"project":"d119a6d897fcb33934b9adf90ec59bc9e850f90f58367fa567dc99031a6fc921"},"id":"started"}}
{"recorder_version":"31","session":"be259542f9c7","build":"193.5662.53","bucket":"159","time":1590177227537,"group":{"id":"indexing","version":"2"},"event":{"count":1,"data":{"ide_activity_id":3,"plugin":"org.jetbrains.android","stage_class":"com.android.tools.idea.res.ResourceFolderRegistry$PopulateCachesTask","created":1590177227538,"plugin_type":"JB_BUNDLED"},"id":"stage"}}
{"recorder_version":"31","session":"be259542f9c7","build":"193.5662.53","bucket":"159","time":1590177227539,"group":{"id":"indexing","version":"2"},"event":{"count":1,"data":{"duration_ms":5,"ide_activity_id":3,"created":1590177227540},"id":"finished"}}
{"recorder_version":"31","session":"be259542f9c7","build":"193.5662.53","bucket":"159","time":1590177227803,"group":{"id":"performance","version":"31"},"event":{"count":1,"data":{"duration_ms":179,"created":1590177227804},"id":"ui.lagging"}}
{"recorder_version":"31","session":"be259542f9c7","build":"193.5662.53","bucket":"159","time":1590177230369,"group":{"id":"actions","version":"31"},"event":{"count":1,"data":{"context_menu":true,"action_id":"third.party","created":1590177230369,"plugin_type":"NOT_LISTED","project":"d119a6d897fcb33934b9adf90ec59bc9e850f90f58367fa567dc99031a6fc921","place":"MainMenu","class":"third.party","input_event":"NoMouseButton"},"id":"action.invoked"}}
{"recorder_version":"31","session":"be259542f9c7","build":"193.5662.53","bucket":"159","time":1590177230461,"group":{"id":"startup","version":"1"},"event":{"count":1,"data":{"duration":1562,"created":1590177230461},"id":"appInit"}}
{"recorder_version":"31","session":"be259542f9c7","build":"193.5662.53","bucket":"159","time":1590177230461,"group":{"id":"startup","version":"1"},"event":{"count":1,"data":{"duration":348,"created":1590177230461},"id":"splash"}}
{"recorder_version":"31","session":"be259542f9c7","build":"193.5662.53","bucket":"159","time":1590177230461,"group":{"id":"startup","version":"1"},"event":{"count":1,"data":{"duration":324,"created":1590177230461},"id":"bootstrap"}}
{"recorder_version":"31","session":"be259542f9c7","build":"193.5662.53","bucket":"159","time":1590177230461,"group":{"id":"startup","version":"1"},"event":{"count":1,"data":{"duration":7467,"created":1590177230461},"id":"totalDuration"}}
{"recorder_version":"31","session":"be259542f9c7","build":"193.5662.53","bucket":"159","time":1590177231999,"group":{"id":"ui.dialogs","version":"31"},"event":{"count":1,"data":{"created":1590177231999,"plugin_type":"NOT_LISTED","dialog_class":"third.party"},"id":"show"}}
{"recorder_version":"31","session":"be259542f9c7","build":"193.5662.53","bucket":"159","time":1590177265407,"group":{"id":"ui.dialogs","version":"31"},"event":{"count":1,"data":{"code":0,"created":1590177265407,"plugin_type":"NOT_LISTED","dialog_class":"third.party"},"id":"close"}}
