{"recorder_version":"31","session":"49f84dc45990","build":"193.5662.53","bucket":"159","time":1590139294160,"group":{"id":"settings","version":"4"},"event":{"state":true,"data":{"component":"NotRoamableUiSettings","created":1590139294413},"id":"invoked"}}
{"recorder_version":"31","session":"49f84dc45990","build":"193.5662.53","bucket":"159","time":1590139294161,"group":{"id":"settings","version":"4"},"event":{"state":true,"data":{"component":"UISettings","created":1590139294415},"id":"invoked"}}
{"recorder_version":"31","session":"49f84dc45990","build":"193.5662.53","bucket":"159","time":1590139294176,"group":{"id":"system.java","version":"1"},"event":{"state":true,"data":{"created":1590139294423,"version":"validation.undefined_rule"},"id":"validation.undefined_rule"}}
{"recorder_version":"31","session":"49f84dc45990","build":"193.5662.53","bucket":"159","time":1590139294176,"group":{"id":"system.java","version":"1"},"event":{"state":true,"data":{"created":1590139294423},"id":"invoked"}}
{"recorder_version":"31","session":"49f84dc45990","build":"193.5662.53","bucket":"159","time":1590139294206,"group":{"id":"system.os","version":"3"},"event":{"state":true,"data":{"created":1590139294424,"version":"10.15"},"id":"Mac"}}
{"recorder_version":"31","session":"49f84dc45990","build":"193.5662.53","bucket":"159","time":1590139294206,"group":{"id":"system.os","version":"3"},"event":{"state":true,"data":{"created":1590139294424,"name":"Mac","version":"10.15"},"id":"os.name"}}
{"recorder_version":"31","session":"49f84dc45990","build":"193.5662.53","bucket":"159","time":1590139294206,"group":{"id":"system.os","version":"3"},"event":{"state":true,"data":{"created":1590139294424,"value":"+02_00"},"id":"os.timezone"}}
{"recorder_version":"31","session":"49f84dc45990","build":"193.5662.53","bucket":"159","time":1590139294206,"group":{"id":"system.os","version":"3"},"event":{"state":true,"data":{"created":1590139294426},"id":"invoked"}}
{"recorder_version":"31","session":"49f84dc45990","build":"193.5662.53","bucket":"159","time":1590139294317,"group":{"id":"settings","version":"4"},"event":{"state":true,"data":{"component":"UpdatesConfigurable","created":1590139294426,"name":"checkNeeded","type":"bool","value":false},"id":"not.default"}}
{"recorder_version":"31","session":"49f84dc45990","build":"193.5662.53","bucket":"159","time":1590139294317,"group":{"id":"settings","version":"4"},"event":{"state":true,"data":{"component":"UpdatesConfigurable","created":1590139294426},"id":"invoked"}}
{"recorder_version":"31","session":"49f84dc45990","build":"193.5662.53","bucket":"159","time":1590139294391,"group":{"id":"event.log","version":"31"},"event":{"count":1,"data":{"created":1590139294427,"version":"1268.0"},"id":"whitelist.loaded"}}
{"recorder_version":"31","session":"49f84dc45990","build":"193.5662.53","bucket":"159","time":1590139294490,"group":{"id":"settings","version":"4"},"event":{"state":true,"data":{"component":"GeneralSettings","created":1590139294499,"name":"showTipsOnStartup","type":"bool","value":false},"id":"not.default"}}
{"recorder_version":"31","session":"49f84dc45990","build":"193.5662.53","bucket":"159","time":1590139294490,"group":{"id":"settings","version":"4"},"event":{"state":true,"data":{"component":"GeneralSettings","created":1590139294500},"id":"invoked"}}
{"recorder_version":"31","session":"49f84dc45990","build":"193.5662.53","bucket":"159","time":1590139294517,"group":{"id":"lifecycle","version":"31"},"event":{"count":1,"data":{"internal":true,"eap":false,"created":1590139294518},"id":"ide.start"}}
{"recorder_version":"31","session":"49f84dc45990","build":"193.5662.53","bucket":"159","time":1590139294630,"group":{"id":"settings","version":"4"},"event":{"state":true,"data":{"component":"XmlEditorOptions","created":1590139294631},"id":"invoked"}}
{"recorder_version":"31","session":"49f84dc45990","build":"193.5662.53","bucket":"159","time":1590139295426,"group":{"id":"lifecycle","version":"31"},"event":{"count":1,"data":{"created":1590139295426},"id":"frame.activated"}}
{"recorder_version":"31","session":"49f84dc45990","build":"193.5662.53","bucket":"159","time":1590139295426,"group":{"id":"settings","version":"4"},"event":{"state":true,"data":{"component":"VcsApplicationSettings","created":1590139295426},"id":"invoked"}}
{"recorder_version":"31","session":"49f84dc45990","build":"193.5662.53","bucket":"159","time":1590139295461,"group":{"id":"performance","version":"31"},"event":{"count":1,"data":{"duration_ms":404,"created":1590139295461},"id":"ui.latency"}}
{"recorder_version":"31","session":"49f84dc45990","build":"193.5662.53","bucket":"159","time":1590139295461,"group":{"id":"performance","version":"31"},"event":{"count":1,"data":{"duration_ms":404,"created":1590139295462},"id":"ui.lagging"}}
{"recorder_version":"31","session":"49f84dc45990","build":"193.5662.53","bucket":"159","time":1590139295725,"group":{"id":"ui.dialogs","version":"31"},"event":{"count":1,"data":{"created":1590139295726,"plugin_type":"PLATFORM","dialog_class":"com.intellij.openapi.progress.util.ProgressDialog$MyDialogWrapper"},"id":"show"}}
{"recorder_version":"31","session":"49f84dc45990","build":"193.5662.53","bucket":"159","time":1590139297188,"group":{"id":"lifecycle","version":"31"},"event":{"count":1,"data":{"created":1590139297188,"project":"d119a6d897fcb33934b9adf90ec59bc9e850f90f58367fa567dc99031a6fc921"},"id":"project.opened"}}
{"recorder_version":"31","session":"49f84dc45990","build":"193.5662.53","bucket":"159","time":1590139297602,"group":{"id":"performance","version":"31"},"event":{"count":1,"data":{"duration_ms":545,"created":1590139297602},"id":"ui.lagging"}}
{"recorder_version":"31","session":"49f84dc45990","build":"193.5662.53","bucket":"159","time":1590139297806,"group":{"id":"toolwindow","version":"31"},"event":{"count":1,"data":{"created":1590139297806,"plugin_type":"PLATFORM","id":"Event_Log"},"id":"activated"}}
{"recorder_version":"31","session":"49f84dc45990","build":"193.5662.53","bucket":"159","time":1590139298609,"group":{"id":"performance","version":"31"},"event":{"count":1,"data":{"duration_ms":549,"created":1590139298610},"id":"ui.lagging"}}
{"recorder_version":"31","session":"49f84dc45990","build":"193.5662.53","bucket":"159","time":1590139299726,"group":{"id":"indexing","version":"2"},"event":{"count":1,"data":{"ide_activity_id":1,"created":1590139299726,"project":"d119a6d897fcb33934b9adf90ec59bc9e850f90f58367fa567dc99031a6fc921"},"id":"started"}}
{"recorder_version":"31","session":"49f84dc45990","build":"193.5662.53","bucket":"159","time":1590139299736,"group":{"id":"project.fs","version":"1"},"event":{"state":true,"data":{"os":"Mac","cs-project":false,"created":1590139299736,"project":"d119a6d897fcb33934b9adf90ec59bc9e850f90f58367fa567dc99031a6fc921","cs-implicit":true,"cs-system":false},"id":"case-sensitivity"}}
{"recorder_version":"31","session":"49f84dc45990","build":"193.5662.53","bucket":"159","time":1590139299736,"group":{"id":"project.fs","version":"1"},"event":{"state":true,"data":{"created":1590139299737},"id":"invoked"}}
{"recorder_version":"31","session":"49f84dc45990","build":"193.5662.53","bucket":"159","time":1590139299737,"group":{"id":"project.fs","version":"1"},"event":{"state":true,"data":{"pct-non-watched":0,"created":1590139299737,"project":"d119a6d897fcb33934b9adf90ec59bc9e850f90f58367fa567dc99031a6fc921"},"id":"roots-watched"}}
{"recorder_version":"31","session":"49f84dc45990","build":"193.5662.53","bucket":"159","time":1590139299737,"group":{"id":"project.fs","version":"1"},"event":{"state":true,"data":{"created":1590139299737},"id":"invoked"}}
{"recorder_version":"31","session":"49f84dc45990","build":"193.5662.53","bucket":"159","time":1590139299772,"group":{"id":"indexing","version":"2"},"event":{"count":1,"data":{"ide_activity_id":1,"stage_class":"com.intellij.util.indexing.UnindexedFilesUpdater","created":1590139299773,"plugin_type":"PLATFORM"},"id":"stage"}}
{"recorder_version":"31","session":"49f84dc45990","build":"193.5662.53","bucket":"159","time":1590139299853,"group":{"id":"ui.dialogs","version":"31"},"event":{"count":1,"data":{"code":1,"created":1590139299853,"plugin_type":"PLATFORM","dialog_class":"com.intellij.openapi.progress.util.ProgressDialog$MyDialogWrapper"},"id":"close"}}
{"recorder_version":"31","session":"49f84dc45990","build":"193.5662.53","bucket":"159","time":1590139300284,"group":{"id":"lifecycle","version":"31"},"event":{"count":1,"data":{"duration_ms":5654,"created":1590139300284,"project":"d119a6d897fcb33934b9adf90ec59bc9e850f90f58367fa567dc99031a6fc921"},"id":"project.opening.finished"}}
{"recorder_version":"31","session":"49f84dc45990","build":"193.5662.53","bucket":"159","time":1590139302610,"group":{"id":"indexing","version":"2"},"event":{"count":1,"data":{"duration_ms":2884,"ide_activity_id":1,"created":1590139302613},"id":"finished"}}
{"recorder_version":"31","session":"49f84dc45990","build":"193.5662.53","bucket":"159","time":1590139302738,"group":{"id":"indexing","version":"2"},"event":{"count":1,"data":{"ide_activity_id":2,"created":1590139302744,"project":"d119a6d897fcb33934b9adf90ec59bc9e850f90f58367fa567dc99031a6fc921"},"id":"started"}}
{"recorder_version":"31","session":"49f84dc45990","build":"193.5662.53","bucket":"159","time":1590139302761,"group":{"id":"indexing","version":"2"},"event":{"count":1,"data":{"ide_activity_id":2,"plugin":"org.jetbrains.android","stage_class":"com.android.tools.idea.res.ResourceFolderRepositoryFileCacheImpl$PruneTask","created":1590139302761,"plugin_type":"JB_BUNDLED"},"id":"stage"}}
{"recorder_version":"31","session":"49f84dc45990","build":"193.5662.53","bucket":"159","time":1590139302808,"group":{"id":"indexing","version":"2"},"event":{"count":1,"data":{"ide_activity_id":2,"plugin":"org.jetbrains.android","stage_class":"com.android.tools.idea.res.ResourceFolderRepositoryFileCacheImpl$ManageLruProjectFilesTask","created":1590139302809,"plugin_type":"JB_BUNDLED"},"id":"stage"}}
{"recorder_version":"31","session":"49f84dc45990","build":"193.5662.53","bucket":"159","time":1590139302839,"group":{"id":"indexing","version":"2"},"event":{"count":1,"data":{"duration_ms":101,"ide_activity_id":2,"created":1590139302839},"id":"finished"}}
{"recorder_version":"31","session":"49f84dc45990","build":"193.5662.53","bucket":"159","time":1590139302857,"group":{"id":"indexing","version":"2"},"event":{"count":1,"data":{"ide_activity_id":3,"created":1590139302858,"project":"d119a6d897fcb33934b9adf90ec59bc9e850f90f58367fa567dc99031a6fc921"},"id":"started"}}
{"recorder_version":"31","session":"49f84dc45990","build":"193.5662.53","bucket":"159","time":1590139302861,"group":{"id":"indexing","version":"2"},"event":{"count":1,"data":{"ide_activity_id":3,"plugin":"org.jetbrains.android","stage_class":"com.android.tools.idea.res.ResourceFolderRegistry$PopulateCachesTask","created":1590139302862,"plugin_type":"JB_BUNDLED"},"id":"stage"}}
{"recorder_version":"31","session":"49f84dc45990","build":"193.5662.53","bucket":"159","time":1590139302877,"group":{"id":"indexing","version":"2"},"event":{"count":1,"data":{"duration_ms":20,"ide_activity_id":3,"created":1590139302878},"id":"finished"}}
{"recorder_version":"31","session":"49f84dc45990","build":"193.5662.53","bucket":"159","time":1590139303334,"group":{"id":"performance","version":"31"},"event":{"count":1,"data":{"duration_ms":265,"created":1590139303335},"id":"ui.lagging"}}
{"recorder_version":"31","session":"49f84dc45990","build":"193.5662.53","bucket":"159","time":1590139304861,"group":{"id":"startup","version":"1"},"event":{"count":1,"data":{"duration":1592,"created":1590139304861},"id":"appInit"}}
{"recorder_version":"31","session":"49f84dc45990","build":"193.5662.53","bucket":"159","time":1590139304861,"group":{"id":"startup","version":"1"},"event":{"count":1,"data":{"duration":376,"created":1590139304861},"id":"splash"}}
{"recorder_version":"31","session":"49f84dc45990","build":"193.5662.53","bucket":"159","time":1590139304861,"group":{"id":"startup","version":"1"},"event":{"count":1,"data":{"duration":334,"created":1590139304862},"id":"bootstrap"}}
{"recorder_version":"31","session":"49f84dc45990","build":"193.5662.53","bucket":"159","time":1590139304861,"group":{"id":"startup","version":"1"},"event":{"count":1,"data":{"duration":8340,"created":1590139304862},"id":"totalDuration"}}
{"recorder_version":"31","session":"49f84dc45990","build":"193.5662.53","bucket":"159","time":1590139305411,"group":{"id":"actions","version":"31"},"event":{"count":1,"data":{"context_menu":true,"action_id":"third.party","created":1590139305411,"plugin_type":"NOT_LISTED","project":"d119a6d897fcb33934b9adf90ec59bc9e850f90f58367fa567dc99031a6fc921","place":"MainMenu","class":"third.party","input_event":"NoMouseButton"},"id":"action.invoked"}}
{"recorder_version":"31","session":"49f84dc45990","build":"193.5662.53","bucket":"159","time":1590139308366,"group":{"id":"lifecycle","version":"31"},"event":{"count":1,"data":{"error_hash":165947595,"created":1590139308367,"plugin_type":"NOT_LISTED","error_frames":["com.intellij.openapi.ui.DialogWrapper.ensureEventDispatchThread","com.intellij.openapi.ui.DialogWrapper.init","third.party","third.party","java.util.TimerThread.mainLoop","java.util.TimerThread.run"],"error":"java.lang.IllegalStateException","error_size":6},"id":"ide.error"}}
{"recorder_version":"31","session":"49f84dc45990","build":"193.5662.53","bucket":"159","time":1590139310493,"group":{"id":"ui.dialogs","version":"31"},"event":{"count":1,"data":{"created":1590139310493,"plugin_type":"PLATFORM","dialog_class":"com.intellij.diagnostic.IdeMessagePanel$3"},"id":"show"}}
{"recorder_version":"31","session":"49f84dc45990","build":"193.5662.53","bucket":"159","time":1590139314189,"group":{"id":"lifecycle","version":"31"},"event":{"count":1,"data":{"created":1590139314189,"project":"d119a6d897fcb33934b9adf90ec59bc9e850f90f58367fa567dc99031a6fc921"},"id":"frame.deactivated"}}
{"recorder_version":"31","session":"49f84dc45990","build":"193.5662.53","bucket":"159","time":1590139396286,"group":{"id":"performance","version":"31"},"event":{"count":1,"data":{"duration_ms":1,"created":1590139396286},"id":"ui.latency"}}
{"recorder_version":"31","session":"49f84dc45990","build":"193.5662.53","bucket":"159","time":1590139496476,"group":{"id":"performance","version":"31"},"event":{"count":1,"data":{"duration_ms":0,"created":1590139496476},"id":"ui.latency"}}
{"recorder_version":"31","session":"49f84dc45990","build":"193.5662.53","bucket":"159","time":1590139594520,"group":{"id":"kotlin.ide.j2k","version":"1"},"event":{"count":1,"data":{"created":1590139594520},"id":"registered"}}
{"recorder_version":"31","session":"49f84dc45990","build":"193.5662.53","bucket":"159","time":1590139594520,"group":{"id":"java.find.usages","version":"1"},"event":{"count":1,"data":{"created":1590139594521},"id":"registered"}}
{"recorder_version":"31","session":"49f84dc45990","build":"193.5662.53","bucket":"159","time":1590139594520,"group":{"id":"file.types.usage","version":"31"},"event":{"count":1,"data":{"created":1590139594521},"id":"registered"}}
{"recorder_version":"31","session":"49f84dc45990","build":"193.5662.53","bucket":"159","time":1590139594520,"group":{"id":"ide.script.engine","version":"2"},"event":{"count":1,"data":{"created":1590139594521},"id":"registered"}}
{"recorder_version":"31","session":"49f84dc45990","build":"193.5662.53","bucket":"159","time":1590139594520,"group":{"id":"live.templates","version":"31"},"event":{"count":1,"data":{"created":1590139594521},"id":"registered"}}
{"recorder_version":"31","session":"49f84dc45990","build":"193.5662.53","bucket":"159","time":1590139594520,"group":{"id":"ide.self.update","version":"2"},"event":{"count":1,"data":{"created":1590139594521},"id":"registered"}}
{"recorder_version":"31","session":"49f84dc45990","build":"193.5662.53","bucket":"159","time":1590139594520,"group":{"id":"lifecycle","version":"31"},"event":{"count":1,"data":{"created":1590139594521},"id":"registered"}}
{"recorder_version":"31","session":"49f84dc45990","build":"193.5662.53","bucket":"159","time":1590139594520,"group":{"id":"vcs.diff.trigger","version":"1"},"event":{"count":1,"data":{"created":1590139594521},"id":"registered"}}
{"recorder_version":"31","session":"49f84dc45990","build":"193.5662.53","bucket":"159","time":1590139594520,"group":{"id":"debugger.breakpoints.usage","version":"2"},"event":{"count":1,"data":{"created":1590139594521},"id":"registered"}}
{"recorder_version":"31","session":"49f84dc45990","build":"193.5662.53","bucket":"159","time":1590139594520,"group":{"id":"kotlin.gradle.library","version":"1"},"event":{"count":1,"data":{"created":1590139594521},"id":"registered"}}
{"recorder_version":"31","session":"49f84dc45990","build":"193.5662.53","bucket":"159","time":1590139594520,"group":{"id":"startup","version":"1"},"event":{"count":1,"data":{"created":1590139594521},"id":"registered"}}
{"recorder_version":"31","session":"49f84dc45990","build":"193.5662.53","bucket":"159","time":1590139594520,"group":{"id":"find","version":"2"},"event":{"count":1,"data":{"created":1590139594521},"id":"registered"}}
{"recorder_version":"31","session":"49f84dc45990","build":"193.5662.53","bucket":"159","time":1590139594520,"group":{"id":"kotlin.gradle.target","version":"2"},"event":{"count":1,"data":{"created":1590139594521},"id":"registered"}}
{"recorder_version":"31","session":"49f84dc45990","build":"193.5662.53","bucket":"159","time":1590139594520,"group":{"id":"gutter.icon.click","version":"2"},"event":{"count":1,"data":{"created":1590139594521},"id":"registered"}}
{"recorder_version":"31","session":"49f84dc45990","build":"193.5662.53","bucket":"159","time":1590139594520,"group":{"id":"shell.script","version":"1"},"event":{"count":1,"data":{"created":1590139594522},"id":"registered"}}
{"recorder_version":"31","session":"49f84dc45990","build":"193.5662.53","bucket":"159","time":1590139594520,"group":{"id":"new.project.wizard","version":"1"},"event":{"count":1,"data":{"created":1590139594522},"id":"registered"}}
{"recorder_version":"31","session":"49f84dc45990","build":"193.5662.53","bucket":"159","time":1590139594520,"group":{"id":"kotlin.ide.npwizards","version":"1"},"event":{"count":1,"data":{"created":1590139594522},"id":"registered"}}
{"recorder_version":"31","session":"49f84dc45990","build":"193.5662.53","bucket":"159","time":1590139594520,"group":{"id":"intentions","version":"31"},"event":{"count":1,"data":{"created":1590139594522},"id":"registered"}}
{"recorder_version":"31","session":"49f84dc45990","build":"193.5662.53","bucket":"159","time":1590139594520,"group":{"id":"settings.repository","version":"1"},"event":{"count":1,"data":{"created":1590139594522},"id":"registered"}}
{"recorder_version":"31","session":"49f84dc45990","build":"193.5662.53","bucket":"159","time":1590139594520,"group":{"id":"vcs.change.reminder","version":"2"},"event":{"count":1,"data":{"created":1590139594522},"id":"registered"}}
{"recorder_version":"31","session":"49f84dc45990","build":"193.5662.53","bucket":"159","time":1590139594520,"group":{"id":"create.directory.dialog","version":"1"},"event":{"count":1,"data":{"created":1590139594522},"id":"registered"}}
{"recorder_version":"31","session":"49f84dc45990","build":"193.5662.53","bucket":"159","time":1590139594520,"group":{"id":"kotlin.maven.target","version":"3"},"event":{"count":1,"data":{"created":1590139594522},"id":"registered"}}
{"recorder_version":"31","session":"49f84dc45990","build":"193.5662.53","bucket":"159","time":1590139594520,"group":{"id":"json.schema","version":"1"},"event":{"count":1,"data":{"created":1590139594522},"id":"registered"}}
{"recorder_version":"31","session":"49f84dc45990","build":"193.5662.53","bucket":"159","time":1590139594520,"group":{"id":"terminalShell","version":"1"},"event":{"count":1,"data":{"created":1590139594522},"id":"registered"}}
{"recorder_version":"31","session":"49f84dc45990","build":"193.5662.53","bucket":"159","time":1590139594520,"group":{"id":"rename.refactoring","version":"1"},"event":{"count":1,"data":{"created":1590139594522},"id":"registered"}}
{"recorder_version":"31","session":"49f84dc45990","build":"193.5662.53","bucket":"159","time":1590139594520,"group":{"id":"build.ant.actions","version":"1"},"event":{"count":1,"data":{"created":1590139594522},"id":"registered"}}
{"recorder_version":"31","session":"49f84dc45990","build":"193.5662.53","bucket":"159","time":1590139594520,"group":{"id":"actions","version":"31"},"event":{"count":1,"data":{"created":1590139594523},"id":"registered"}}
{"recorder_version":"31","session":"49f84dc45990","build":"193.5662.53","bucket":"159","time":1590139594520,"group":{"id":"kotlin.ide.editor","version":"1"},"event":{"count":1,"data":{"created":1590139594523},"id":"registered"}}
{"recorder_version":"31","session":"49f84dc45990","build":"193.5662.53","bucket":"159","time":1590139594520,"group":{"id":"event.log","version":"31"},"event":{"count":1,"data":{"created":1590139594523},"id":"registered"}}
{"recorder_version":"31","session":"49f84dc45990","build":"193.5662.53","bucket":"159","time":1590139594520,"group":{"id":"run.configuration.exec","version":"31"},"event":{"count":1,"data":{"created":1590139594523},"id":"registered"}}
{"recorder_version":"31","session":"49f84dc45990","build":"193.5662.53","bucket":"159","time":1590139594520,"group":{"id":"build.tools.actions","version":"1"},"event":{"count":1,"data":{"created":1590139594523},"id":"registered"}}
{"recorder_version":"31","session":"49f84dc45990","build":"193.5662.53","bucket":"159","time":1590139594520,"group":{"id":"file.editor","version":"2"},"event":{"count":1,"data":{"created":1590139594523},"id":"registered"}}
{"recorder_version":"31","session":"49f84dc45990","build":"193.5662.53","bucket":"159","time":1590139594520,"group":{"id":"vfs","version":"2"},"event":{"count":1,"data":{"created":1590139594523},"id":"registered"}}
{"recorder_version":"31","session":"49f84dc45990","build":"193.5662.53","bucket":"159","time":1590139594520,"group":{"id":"project.import","version":"2"},"event":{"count":1,"data":{"created":1590139594523},"id":"registered"}}
{"recorder_version":"31","session":"49f84dc45990","build":"193.5662.53","bucket":"159","time":1590139594520,"group":{"id":"actions.runAnything","version":"1"},"event":{"count":1,"data":{"created":1590139594523},"id":"registered"}}
{"recorder_version":"31","session":"49f84dc45990","build":"193.5662.53","bucket":"159","time":1590139594520,"group":{"id":"toolwindow","version":"31"},"event":{"count":1,"data":{"created":1590139594523},"id":"registered"}}
{"recorder_version":"31","session":"49f84dc45990","build":"193.5662.53","bucket":"159","time":1590139594520,"group":{"id":"kotlin.ide.newFileTempl","version":"1"},"event":{"count":1,"data":{"created":1590139594523},"id":"registered"}}
{"recorder_version":"31","session":"49f84dc45990","build":"193.5662.53","bucket":"159","time":1590139594520,"group":{"id":"ui.settings","version":"31"},"event":{"count":1,"data":{"created":1590139594523},"id":"registered"}}
{"recorder_version":"31","session":"49f84dc45990","build":"193.5662.53","bucket":"159","time":1590139594520,"group":{"id":"vcs.log.trigger","version":"2"},"event":{"count":1,"data":{"created":1590139594523},"id":"registered"}}
{"recorder_version":"31","session":"49f84dc45990","build":"193.5662.53","bucket":"159","time":1590139594520,"group":{"id":"productivity","version":"31"},"event":{"count":1,"data":{"created":1590139594523},"id":"registered"}}
{"recorder_version":"31","session":"49f84dc45990","build":"193.5662.53","bucket":"159","time":1590139594520,"group":{"id":"build.maven.actions","version":"1"},"event":{"count":1,"data":{"created":1590139594523},"id":"registered"}}
{"recorder_version":"31","session":"49f84dc45990","build":"193.5662.53","bucket":"159","time":1590139594520,"group":{"id":"ui.event","version":"3"},"event":{"count":1,"data":{"created":1590139594523},"id":"registered"}}
{"recorder_version":"31","session":"49f84dc45990","build":"193.5662.53","bucket":"159","time":1590139594520,"group":{"id":"plugins.advertiser","version":"1"},"event":{"count":1,"data":{"created":1590139594524},"id":"registered"}}
{"recorder_version":"31","session":"49f84dc45990","build":"193.5662.53","bucket":"159","time":1590139594520,"group":{"id":"editor.notification.panel","version":"1"},"event":{"count":1,"data":{"created":1590139594524},"id":"registered"}}
{"recorder_version":"31","session":"49f84dc45990","build":"193.5662.53","bucket":"159","time":1590139594520,"group":{"id":"kotlin.ide.debugger","version":"2"},"event":{"count":1,"data":{"created":1590139594524},"id":"registered"}}
{"recorder_version":"31","session":"49f84dc45990","build":"193.5662.53","bucket":"159","time":1590139594520,"group":{"id":"tooltip.action.events","version":"1"},"event":{"count":1,"data":{"created":1590139594524},"id":"registered"}}
{"recorder_version":"31","session":"49f84dc45990","build":"193.5662.53","bucket":"159","time":1590139594520,"group":{"id":"completion","version":"1"},"event":{"count":1,"data":{"created":1590139594524},"id":"registered"}}
{"recorder_version":"31","session":"49f84dc45990","build":"193.5662.53","bucket":"159","time":1590139594520,"group":{"id":"indexing","version":"2"},"event":{"count":1,"data":{"created":1590139594524},"id":"registered"}}
{"recorder_version":"31","session":"49f84dc45990","build":"193.5662.53","bucket":"159","time":1590139594520,"group":{"id":"vcs","version":"2"},"event":{"count":1,"data":{"created":1590139594524},"id":"registered"}}
{"recorder_version":"31","session":"49f84dc45990","build":"193.5662.53","bucket":"159","time":1590139594520,"group":{"id":"ui.dialogs","version":"31"},"event":{"count":1,"data":{"created":1590139594524},"id":"registered"}}
{"recorder_version":"31","session":"49f84dc45990","build":"193.5662.53","bucket":"159","time":1590139594520,"group":{"id":"vcs.back.forward.trigger","version":"1"},"event":{"count":1,"data":{"created":1590139594524},"id":"registered"}}
{"recorder_version":"31","session":"49f84dc45990","build":"193.5662.53","bucket":"159","time":1590139594520,"group":{"id":"customize.wizard","version":"1"},"event":{"count":1,"data":{"created":1590139594524},"id":"registered"}}
{"recorder_version":"31","session":"49f84dc45990","build":"193.5662.53","bucket":"159","time":1590139594520,"group":{"id":"ide.update.dialog","version":"1"},"event":{"count":1,"data":{"created":1590139594524},"id":"registered"}}
{"recorder_version":"31","session":"49f84dc45990","build":"193.5662.53","bucket":"159","time":1590139594520,"group":{"id":"toolbar","version":"31"},"event":{"count":1,"data":{"created":1590139594524},"id":"registered"}}
{"recorder_version":"31","session":"49f84dc45990","build":"193.5662.53","bucket":"159","time":1590139594520,"group":{"id":"build.gradle.actions","version":"1"},"event":{"count":1,"data":{"created":1590139594524},"id":"registered"}}
{"recorder_version":"31","session":"49f84dc45990","build":"193.5662.53","bucket":"159","time":1590139594520,"group":{"id":"performance","version":"31"},"event":{"count":1,"data":{"created":1590139594524},"id":"registered"}}
{"recorder_version":"31","session":"49f84dc45990","build":"193.5662.53","bucket":"159","time":1590139594520,"group":{"id":"build","version":"2"},"event":{"count":1,"data":{"created":1590139594524},"id":"registered"}}
{"recorder_version":"31","session":"49f84dc45990","build":"193.5662.53","bucket":"159","time":1590139594520,"group":{"id":"searchEverywhere","version":"2"},"event":{"count":1,"data":{"created":1590139594524},"id":"registered"}}
{"recorder_version":"31","session":"49f84dc45990","build":"193.5662.53","bucket":"159","time":1590139594520,"group":{"id":"kotlin.ide.action.refactoring","version":"1"},"event":{"count":1,"data":{"created":1590139594524},"id":"registered"}}
{"recorder_version":"31","session":"49f84dc45990","build":"193.5662.53","bucket":"159","time":1590139594520,"group":{"id":"ui.tips","version":"3"},"event":{"count":1,"data":{"created":1590139594525},"id":"registered"}}
{"recorder_version":"31","session":"49f84dc45990","build":"193.5662.53","bucket":"159","time":1590139594520,"group":{"id":"surround.with","version":"2"},"event":{"count":1,"data":{"created":1590139594525},"id":"registered"}}
{"recorder_version":"31","session":"49f84dc45990","build":"193.5662.53","bucket":"159","time":1590139594520,"group":{"id":"import.old.config","version":"3"},"event":{"count":1,"data":{"created":1590139594525},"id":"registered"}}
{"recorder_version":"31","session":"49f84dc45990","build":"193.5662.53","bucket":"159","time":1590139594520,"group":{"id":"kotlin.jps.target","version":"3"},"event":{"count":1,"data":{"created":1590139594525},"id":"registered"}}
{"recorder_version":"31","session":"49f84dc45990","build":"193.5662.53","bucket":"159","time":1590139594520,"group":{"id":"completion.postfix","version":"31"},"event":{"count":1,"data":{"created":1590139594525},"id":"registered"}}
{"recorder_version":"31","session":"49f84dc45990","build":"193.5662.53","bucket":"159","time":1590139594520,"group":{"id":"build.maven.packagesearch","version":"2"},"event":{"count":1,"data":{"created":1590139594525},"id":"registered"}}
{"recorder_version":"31","session":"49f84dc45990","build":"193.5662.53","bucket":"159","time":1590139596680,"group":{"id":"performance","version":"31"},"event":{"count":1,"data":{"duration_ms":0,"created":1590139596681},"id":"ui.latency"}}
{"recorder_version":"31","session":"49f84dc45990","build":"193.5662.53","bucket":"159","time":1590139696879,"group":{"id":"performance","version":"31"},"event":{"count":1,"data":{"duration_ms":0,"created":1590139696880},"id":"ui.latency"}}
{"recorder_version":"31","session":"49f84dc45990","build":"193.5662.53","bucket":"159","time":1590139797101,"group":{"id":"performance","version":"31"},"event":{"count":1,"data":{"duration_ms":0,"created":1590139797101},"id":"ui.latency"}}
{"recorder_version":"31","session":"49f84dc45990","build":"193.5662.53","bucket":"159","time":1590139897327,"group":{"id":"performance","version":"31"},"event":{"count":1,"data":{"duration_ms":0,"created":1590139897327},"id":"ui.latency"}}
{"recorder_version":"31","session":"49f84dc45990","build":"193.5662.53","bucket":"159","time":1590139997534,"group":{"id":"performance","version":"31"},"event":{"count":1,"data":{"duration_ms":0,"created":1590139997534},"id":"ui.latency"}}
{"recorder_version":"31","session":"49f84dc45990","build":"193.5662.53","bucket":"159","time":1590140097715,"group":{"id":"performance","version":"31"},"event":{"count":1,"data":{"duration_ms":0,"created":1590140097716},"id":"ui.latency"}}
{"recorder_version":"31","session":"49f84dc45990","build":"193.5662.53","bucket":"159","time":1590140194491,"group":{"id":"system.runtime","version":"2"},"event":{"state":true,"data":{"created":1590140194491,"name":"G1_Old_Generation"},"id":"garbage.collector"}}
{"recorder_version":"31","session":"49f84dc45990","build":"193.5662.53","bucket":"159","time":1590140194491,"group":{"id":"system.runtime","version":"2"},"event":{"state":true,"data":{"created":1590140194491,"name":"Xmx","value":512},"id":"jvm.option"}}
{"recorder_version":"31","session":"49f84dc45990","build":"193.5662.53","bucket":"159","time":1590140194491,"group":{"id":"system.runtime","version":"2"},"event":{"state":true,"data":{"vendor":"JetBrains","created":1590140194491,"bit":"64","version":"1.11"},"id":"jvm"}}
{"recorder_version":"31","session":"49f84dc45990","build":"193.5662.53","bucket":"159","time":1590140194491,"group":{"id":"system.runtime","version":"2"},"event":{"state":true,"data":{"created":1590140194491,"name":"G1_Young_Generation"},"id":"garbage.collector"}}
{"recorder_version":"31","session":"49f84dc45990","build":"193.5662.53","bucket":"159","time":1590140194491,"group":{"id":"system.runtime","version":"2"},"event":{"state":true,"data":{"created":1590140194491,"value":8},"id":"cores"}}
{"recorder_version":"31","session":"49f84dc45990","build":"193.5662.53","bucket":"159","time":1590140194491,"group":{"id":"system.runtime","version":"2"},"event":{"state":true,"data":{"created":1590140194491,"name":"Xms","value":256},"id":"jvm.option"}}
{"recorder_version":"31","session":"49f84dc45990","build":"193.5662.53","bucket":"159","time":1590140194491,"group":{"id":"system.runtime","version":"2"},"event":{"state":true,"data":{"created":1590140194492},"id":"invoked"}}
{"recorder_version":"31","session":"49f84dc45990","build":"193.5662.53","bucket":"159","time":1590140194491,"group":{"id":"plugins","version":"1"},"event":{"state":true,"data":{"created":1590140194492,"plugin_type":"NOT_LISTED"},"id":"enabled.not.bundled.plugin"}}
{"recorder_version":"31","session":"49f84dc45990","build":"193.5662.53","bucket":"159","time":1590140194491,"group":{"id":"plugins","version":"1"},"event":{"state":true,"data":{"created":1590140194492},"id":"invoked"}}
{"recorder_version":"31","session":"49f84dc45990","build":"193.5662.53","bucket":"159","time":1590140194493,"group":{"id":"ui.info.features","version":"3"},"event":{"state":true,"data":{"created":1590140194493,"value":"hidden"},"id":"Toolbar"}}
{"recorder_version":"31","session":"49f84dc45990","build":"193.5662.53","bucket":"159","time":1590140194493,"group":{"id":"ui.info.features","version":"3"},"event":{"state":true,"data":{"created":1590140194493,"enabled":false},"id":"Show.tips.on.startup"}}
{"recorder_version":"31","session":"49f84dc45990","build":"193.5662.53","bucket":"159","time":1590140194493,"group":{"id":"ui.info.features","version":"3"},"event":{"state":true,"data":{"created":1590140194493,"scale_mode":true,"scale":2.0},"id":"Screen.Scale"}}
{"recorder_version":"31","session":"49f84dc45990","build":"193.5662.53","bucket":"159","time":1590140194493,"group":{"id":"ui.info.features","version":"3"},"event":{"state":true,"data":{"created":1590140194493,"value":"hidden"},"id":"Tool.Window.buttons"}}
{"recorder_version":"31","session":"49f84dc45990","build":"193.5662.53","bucket":"159","time":1590140194493,"group":{"id":"ui.info.features","version":"3"},"event":{"state":true,"data":{"created":1590140194493,"value":"Top"},"id":"Tabs"}}
{"recorder_version":"31","session":"49f84dc45990","build":"193.5662.53","bucket":"159","time":1590140194493,"group":{"id":"ui.info.features","version":"3"},"event":{"state":true,"data":{"created":1590140194494,"enabled":true},"id":"Hide.Editor.Tabs.If.Needed"}}
{"recorder_version":"31","session":"49f84dc45990","build":"193.5662.53","bucket":"159","time":1590140194493,"group":{"id":"ui.info.features","version":"3"},"event":{"state":true,"data":{"created":1590140194494,"enabled":true},"id":"Show.Editor.Tabs.In.Single.Row"}}
{"recorder_version":"31","session":"49f84dc45990","build":"193.5662.53","bucket":"159","time":1590140194493,"group":{"id":"ui.info.features","version":"3"},"event":{"state":true,"data":{"toolbar":"hidden","navbar":"visible","created":1590140194494},"id":"Toolbar.and.NavBar"}}
{"recorder_version":"31","session":"49f84dc45990","build":"193.5662.53","bucket":"159","time":1590140194493,"group":{"id":"ui.info.features","version":"3"},"event":{"state":true,"data":{"created":1590140194494,"enabled":false},"id":"Block.cursor"}}
{"recorder_version":"31","session":"49f84dc45990","build":"193.5662.53","bucket":"159","time":1590140194493,"group":{"id":"ui.info.features","version":"3"},"event":{"state":true,"data":{"created":1590140194494,"enabled":false},"id":"Screen.Reader"}}
{"recorder_version":"31","session":"49f84dc45990","build":"193.5662.53","bucket":"159","time":1590140194493,"group":{"id":"ui.info.features","version":"3"},"event":{"state":true,"data":{"created":1590140194494,"value":"Light"},"id":"Look.and.Feel"}}
{"recorder_version":"31","session":"49f84dc45990","build":"193.5662.53","bucket":"159","time":1590140194493,"group":{"id":"ui.info.features","version":"3"},"event":{"state":true,"data":{"created":1590140194494,"enabled":false},"id":"QuickDoc.Show.Toolwindow"}}
{"recorder_version":"31","session":"49f84dc45990","build":"193.5662.53","bucket":"159","time":1590140194493,"group":{"id":"ui.info.features","version":"3"},"event":{"state":true,"data":{"created":1590140194494,"enabled":true},"id":"Retina"}}
{"recorder_version":"31","session":"49f84dc45990","build":"193.5662.53","bucket":"159","time":1590140194493,"group":{"id":"ui.info.features","version":"3"},"event":{"state":true,"data":{"grouped":"[30_50]","created":1590140194494,"count":50},"id":"Recent.files.limit"}}
{"recorder_version":"31","session":"49f84dc45990","build":"193.5662.53","bucket":"159","time":1590140194493,"group":{"id":"ui.info.features","version":"3"},"event":{"state":true,"data":{"created":1590140194494,"value":"visible"},"id":"Status.bar"}}
{"recorder_version":"31","session":"49f84dc45990","build":"193.5662.53","bucket":"159","time":1590140194493,"group":{"id":"ui.info.features","version":"3"},"event":{"state":true,"data":{"created":1590140194494,"enabled":true},"id":"QuickDoc.AutoUpdate"}}
{"recorder_version":"31","session":"49f84dc45990","build":"193.5662.53","bucket":"159","time":1590140194493,"group":{"id":"ui.info.features","version":"3"},"event":{"state":true,"data":{"created":1590140194494,"value":"visible"},"id":"Nav.Bar"}}
{"recorder_version":"31","session":"49f84dc45990","build":"193.5662.53","bucket":"159","time":1590140194493,"group":{"id":"ui.info.features","version":"3"},"event":{"state":true,"data":{"created":1590140194494,"enabled":true},"id":"Gutter.Icons"}}
{"recorder_version":"31","session":"49f84dc45990","build":"193.5662.53","bucket":"159","time":1590140194493,"group":{"id":"ui.info.features","version":"3"},"event":{"state":true,"data":{"created":1590140194494,"enabled":true},"id":"Line.Numbers"}}
{"recorder_version":"31","session":"49f84dc45990","build":"193.5662.53","bucket":"159","time":1590140194493,"group":{"id":"ui.info.features","version":"3"},"event":{"state":true,"data":{"created":1590140194494,"value":"per_monitor_dpi"},"id":"Hidpi.Mode"}}
{"recorder_version":"31","session":"49f84dc45990","build":"193.5662.53","bucket":"159","time":1590140194493,"group":{"id":"ui.info.features","version":"3"},"event":{"state":true,"data":{"created":1590140194494,"enabled":true},"id":"Allow.merging.buttons"}}
{"recorder_version":"31","session":"49f84dc45990","build":"193.5662.53","bucket":"159","time":1590140194493,"group":{"id":"ui.info.features","version":"3"},"event":{"state":true,"data":{"created":1590140194495,"enabled":false},"id":"Soft.Wraps"}}
{"recorder_version":"31","session":"49f84dc45990","build":"193.5662.53","bucket":"159","time":1590140194493,"group":{"id":"ui.info.features","version":"3"},"event":{"state":true,"data":{"created":1590140194495},"id":"invoked"}}
{"recorder_version":"31","session":"49f84dc45990","build":"193.5662.53","bucket":"159","time":1590140194493,"group":{"id":"os.linux.wm","version":"2"},"event":{"state":true,"data":{"created":1590140194495},"id":"invoked"}}
{"recorder_version":"31","session":"49f84dc45990","build":"193.5662.53","bucket":"159","time":1590140194502,"group":{"id":"vcs.diff","version":"2"},"event":{"state":true,"data":{"created":1590140194502},"id":"invoked"}}
{"recorder_version":"31","session":"49f84dc45990","build":"193.5662.53","bucket":"159","time":1590140194506,"group":{"id":"java.refactoring.settings","version":"1"},"event":{"state":true,"data":{"created":1590140194506},"id":"invoked"}}
{"recorder_version":"31","session":"49f84dc45990","build":"193.5662.53","bucket":"159","time":1590140194506,"group":{"id":"ui.editor.color.schemes","version":"3"},"event":{"state":true,"data":{"scheme":"Default","created":1590140194506,"is_dark":false},"id":"enabled.color.scheme"}}
{"recorder_version":"31","session":"49f84dc45990","build":"193.5662.53","bucket":"159","time":1590140194506,"group":{"id":"ui.editor.color.schemes","version":"3"},"event":{"state":true,"data":{"created":1590140194506},"id":"invoked"}}
{"recorder_version":"31","session":"49f84dc45990","build":"193.5662.53","bucket":"159","time":1590140194513,"group":{"id":"editor.settings.ide","version":"3"},"event":{"state":true,"data":{"created":1590140194513,"enabled":true},"id":"completionHints"}}
{"recorder_version":"31","session":"49f84dc45990","build":"193.5662.53","bucket":"159","time":1590140194513,"group":{"id":"editor.settings.ide","version":"3"},"event":{"state":true,"data":{"created":1590140194514},"id":"invoked"}}
{"recorder_version":"31","session":"49f84dc45990","build":"193.5662.53","bucket":"159","time":1590140194513,"group":{"id":"keymaps.name","version":"2"},"event":{"state":true,"data":{"created":1590140194514,"keymap_name":"Mac_OS_X_10.5+"},"id":"ide.keymap"}}
{"recorder_version":"31","session":"49f84dc45990","build":"193.5662.53","bucket":"159","time":1590140194513,"group":{"id":"keymaps.name","version":"2"},"event":{"state":true,"data":{"created":1590140194514},"id":"invoked"}}
{"recorder_version":"31","session":"49f84dc45990","build":"193.5662.53","bucket":"159","time":1590140194521,"group":{"id":"vcs.github","version":"2"},"event":{"state":true,"data":{"has_enterprise":false,"created":1590140194521,"count":0},"id":"accounts"}}
{"recorder_version":"31","session":"49f84dc45990","build":"193.5662.53","bucket":"159","time":1590140194521,"group":{"id":"vcs.github","version":"2"},"event":{"state":true,"data":{"created":1590140194521},"id":"invoked"}}
{"recorder_version":"31","session":"49f84dc45990","build":"193.5662.53","bucket":"159","time":1590140194524,"group":{"id":"platform.registry","version":"1"},"event":{"state":true,"data":{"created":1590140194524,"plugin_type":"PLATFORM","id":"show.create.new.element.in.popup"},"id":"experiment"}}
{"recorder_version":"31","session":"49f84dc45990","build":"193.5662.53","bucket":"159","time":1590140194524,"group":{"id":"platform.registry","version":"1"},"event":{"state":true,"data":{"created":1590140194524,"plugin_type":"PLATFORM","id":"wsl.p9.support"},"id":"experiment"}}
{"recorder_version":"31","session":"49f84dc45990","build":"193.5662.53","bucket":"159","time":1590140194524,"group":{"id":"platform.registry","version":"1"},"event":{"state":true,"data":{"created":1590140194524,"plugin_type":"PLATFORM","id":"inline.browse.button"},"id":"experiment"}}
{"recorder_version":"31","session":"49f84dc45990","build":"193.5662.53","bucket":"159","time":1590140194524,"group":{"id":"platform.registry","version":"1"},"event":{"state":true,"data":{"created":1590140194525,"plugin_type":"PLATFORM","id":"recent.and.edited.files.together"},"id":"experiment"}}
{"recorder_version":"31","session":"49f84dc45990","build":"193.5662.53","bucket":"159","time":1590140194524,"group":{"id":"platform.registry","version":"1"},"event":{"state":true,"data":{"created":1590140194525,"plugin_type":"PLATFORM","id":"copy.reference.popup"},"id":"experiment"}}
{"recorder_version":"31","session":"49f84dc45990","build":"193.5662.53","bucket":"159","time":1590140194524,"group":{"id":"platform.registry","version":"1"},"event":{"state":true,"data":{"created":1590140194525,"id":"java.completion.argument.hints.internal"},"id":"registry"}}
{"recorder_version":"31","session":"49f84dc45990","build":"193.5662.53","bucket":"159","time":1590140194524,"group":{"id":"platform.registry","version":"1"},"event":{"state":true,"data":{"created":1590140194525,"plugin_type":"PLATFORM","id":"new.large.text.file.viewer"},"id":"experiment"}}
{"recorder_version":"31","session":"49f84dc45990","build":"193.5662.53","bucket":"159","time":1590140194524,"group":{"id":"platform.registry","version":"1"},"event":{"state":true,"data":{"created":1590140194525,"plugin_type":"PLATFORM","id":"linux.native.menu"},"id":"experiment"}}
{"recorder_version":"31","session":"49f84dc45990","build":"193.5662.53","bucket":"159","time":1590140194524,"group":{"id":"platform.registry","version":"1"},"event":{"state":true,"data":{"created":1590140194525,"plugin_type":"PLATFORM","id":"property.value.inplace.editing"},"id":"experiment"}}
{"recorder_version":"31","session":"49f84dc45990","build":"193.5662.53","bucket":"159","time":1590140194524,"group":{"id":"platform.registry","version":"1"},"event":{"state":true,"data":{"created":1590140194525,"plugin_type":"PLATFORM","id":"wsl.p9.show.roots.in.file.chooser"},"id":"experiment"}}
{"recorder_version":"31","session":"49f84dc45990","build":"193.5662.53","bucket":"159","time":1590140194524,"group":{"id":"platform.registry","version":"1"},"event":{"state":true,"data":{"created":1590140194525},"id":"invoked"}}
{"recorder_version":"31","session":"49f84dc45990","build":"193.5662.53","bucket":"159","time":1590140194552,"group":{"id":"debugger.settings.ide","version":"2"},"event":{"state":true,"data":{"created":1590140194552},"id":"invoked"}}
{"recorder_version":"31","session":"49f84dc45990","build":"193.5662.53","bucket":"159","time":1590140194553,"group":{"id":"vcs.application.configuration","version":"1"},"event":{"state":true,"data":{"created":1590140194553},"id":"invoked"}}
{"recorder_version":"31","session":"49f84dc45990","build":"193.5662.53","bucket":"159","time":1590140194553,"group":{"id":"vcs.log.index.application","version":"2"},"event":{"state":true,"data":{"created":1590140194553},"id":"invoked"}}
{"recorder_version":"31","session":"49f84dc45990","build":"193.5662.53","bucket":"159","time":1590140194553,"group":{"id":"ui.fonts","version":"2"},"event":{"state":true,"data":{"created":1590140194553,"font_size":13,"font_name":".SF_NS_Text"},"id":"UI"}}
{"recorder_version":"31","session":"49f84dc45990","build":"193.5662.53","bucket":"159","time":1590140194553,"group":{"id":"ui.fonts","version":"2"},"event":{"state":true,"data":{"created":1590140194553,"font_size":24},"id":"Presentation.mode"}}
{"recorder_version":"31","session":"49f84dc45990","build":"193.5662.53","bucket":"159","time":1590140194553,"group":{"id":"ui.fonts","version":"2"},"event":{"state":true,"data":{"created":1590140194554,"font_size":12,"font_name":"Menlo"},"id":"IDE.editor"}}
{"recorder_version":"31","session":"49f84dc45990","build":"193.5662.53","bucket":"159","time":1590140194553,"group":{"id":"ui.fonts","version":"2"},"event":{"state":true,"data":{"created":1590140194554,"value":1.2},"id":"editor.lineSpacing"}}
{"recorder_version":"31","session":"49f84dc45990","build":"193.5662.53","bucket":"159","time":1590140194553,"group":{"id":"ui.fonts","version":"2"},"event":{"state":true,"data":{"created":1590140194554},"id":"invoked"}}
{"recorder_version":"31","session":"49f84dc45990","build":"193.5662.53","bucket":"159","time":1590140194553,"group":{"id":"user.advanced.info","version":"2"},"event":{"state":true,"data":{"created":1590140194554,"value":"release"},"id":"build"}}
{"recorder_version":"31","session":"49f84dc45990","build":"193.5662.53","bucket":"159","time":1590140194553,"group":{"id":"user.advanced.info","version":"2"},"event":{"state":true,"data":{"created":1590140194554},"id":"release"}}
{"recorder_version":"31","session":"49f84dc45990","build":"193.5662.53","bucket":"159","time":1590140194553,"group":{"id":"user.advanced.info","version":"2"},"event":{"state":true,"data":{"created":1590140194554},"id":"invoked"}}
{"recorder_version":"31","session":"49f84dc45990","build":"193.5662.53","bucket":"159","time":1590140197925,"group":{"id":"performance","version":"31"},"event":{"count":1,"data":{"duration_ms":1,"created":1590140197925},"id":"ui.latency"}}
{"recorder_version":"31","session":"49f84dc45990","build":"193.5662.53","bucket":"159","time":1590140298134,"group":{"id":"performance","version":"31"},"event":{"count":1,"data":{"duration_ms":0,"created":1590140298134},"id":"ui.latency"}}
{"recorder_version":"31","session":"49f84dc45990","build":"193.5662.53","bucket":"159","time":1590140398366,"group":{"id":"performance","version":"31"},"event":{"count":1,"data":{"duration_ms":1,"created":1590140398366},"id":"ui.latency"}}
{"recorder_version":"31","session":"49f84dc45990","build":"193.5662.53","bucket":"159","time":1590140498574,"group":{"id":"performance","version":"31"},"event":{"count":1,"data":{"duration_ms":1,"created":1590140498574},"id":"ui.latency"}}
{"recorder_version":"31","session":"49f84dc45990","build":"193.5662.53","bucket":"159","time":1590140598731,"group":{"id":"performance","version":"31"},"event":{"count":1,"data":{"duration_ms":0,"created":1590140598731},"id":"ui.latency"}}
{"recorder_version":"31","session":"49f84dc45990","build":"193.5662.53","bucket":"159","time":1590140698918,"group":{"id":"performance","version":"31"},"event":{"count":1,"data":{"duration_ms":0,"created":1590140698918},"id":"ui.latency"}}
{"recorder_version":"31","session":"49f84dc45990","build":"193.5662.53","bucket":"159","time":1590140799125,"group":{"id":"performance","version":"31"},"event":{"count":1,"data":{"duration_ms":0,"created":1590140799125},"id":"ui.latency"}}
{"recorder_version":"31","session":"49f84dc45990","build":"193.5662.53","bucket":"159","time":1590140899339,"group":{"id":"performance","version":"31"},"event":{"count":1,"data":{"duration_ms":0,"created":1590140899339},"id":"ui.latency"}}
{"recorder_version":"31","session":"49f84dc45990","build":"193.5662.53","bucket":"159","time":1590140999586,"group":{"id":"performance","version":"31"},"event":{"count":1,"data":{"duration_ms":0,"created":1590140999586},"id":"ui.latency"}}
{"recorder_version":"31","session":"49f84dc45990","build":"193.5662.53","bucket":"159","time":1590141097254,"group":{"id":"inspections","version":"2"},"event":{"state":true,"data":{"created":1590141097254,"project":"d119a6d897fcb33934b9adf90ec59bc9e850f90f58367fa567dc99031a6fc921"},"id":"invoked"}}
{"recorder_version":"31","session":"49f84dc45990","build":"193.5662.53","bucket":"159","time":1590141097302,"group":{"id":"svn.configuration","version":"1"},"event":{"state":true,"data":{"created":1590141097302,"project":"d119a6d897fcb33934b9adf90ec59bc9e850f90f58367fa567dc99031a6fc921"},"id":"invoked"}}
{"recorder_version":"31","session":"49f84dc45990","build":"193.5662.53","bucket":"159","time":1590141097302,"group":{"id":"vcs.log.data","version":"2"},"event":{"state":true,"data":{"created":1590141097303,"project":"d119a6d897fcb33934b9adf90ec59bc9e850f90f58367fa567dc99031a6fc921"},"id":"invoked"}}
{"recorder_version":"31","session":"49f84dc45990","build":"193.5662.53","bucket":"159","time":1590141097302,"group":{"id":"build.gradle.state","version":"1"},"event":{"state":true,"data":{"created":1590141097303,"project":"d119a6d897fcb33934b9adf90ec59bc9e850f90f58367fa567dc99031a6fc921"},"id":"invoked"}}
{"recorder_version":"31","session":"49f84dc45990","build":"193.5662.53","bucket":"159","time":1590141097359,"group":{"id":"inlay.configuration","version":"2"},"event":{"state":true,"data":{"created":1590141097360,"plugin_type":"PLATFORM","project":"d119a6d897fcb33934b9adf90ec59bc9e850f90f58367fa567dc99031a6fc921","lang":"Groovy","enabled":true},"id":"validation.unmatched_rule"}}
{"recorder_version":"31","session":"49f84dc45990","build":"193.5662.53","bucket":"159","time":1590141097359,"group":{"id":"inlay.configuration","version":"2"},"event":{"state":true,"data":{"java_simple_sequentially_numbered":"validation.undefined_rule","java_clear_expression_type":"validation.undefined_rule","java_new_expr":"validation.undefined_rule","java_multiple_params_same_type":"validation.undefined_rule","created":1590141097360,"java_build_like_method":"validation.undefined_rule","plugin_type":"PLATFORM","java_enums":"validation.undefined_rule","project":"d119a6d897fcb33934b9adf90ec59bc9e850f90f58367fa567dc99031a6fc921","java_method_name_contains_parameter_name":"validation.undefined_rule","lang":"JAVA","enabled":true},"id":"validation.unmatched_rule"}}
{"recorder_version":"31","session":"49f84dc45990","build":"193.5662.53","bucket":"159","time":1590141097360,"group":{"id":"inlay.configuration","version":"2"},"event":{"state":true,"data":{"SHOW_PARAMETER_HINT":"validation.undefined_rule","SHOW_PROPERTY_HINT":"validation.undefined_rule","SHOW_PARAMETER_TYPE_HINT":"validation.undefined_rule","created":1590141097360,"project":"d119a6d897fcb33934b9adf90ec59bc9e850f90f58367fa567dc99031a6fc921","enabled":true,"SHOW_SUSPENDING_CALL":"validation.undefined_rule","SHOW_LOCAL_VARIABLE_HINT":"validation.undefined_rule","SHOW_FUNCTION_HINT":"validation.undefined_rule","plugin_type":"PLATFORM","SHOW_LAMBDA_IMPLICIT_PARAMETER_RECEIVER":"validation.undefined_rule","lang":"kotlin","SHOW_LAMBDA_RETURN_EXPRESSION":"validation.undefined_rule"},"id":"validation.unmatched_rule"}}
{"recorder_version":"31","session":"49f84dc45990","build":"193.5662.53","bucket":"159","time":1590141097360,"group":{"id":"inlay.configuration","version":"2"},"event":{"state":true,"data":{"type_parameter_list":"validation.undefined_rule","inferred_parameter_types":"validation.undefined_rule","created":1590141097360,"plugin_type":"PLATFORM","project":"d119a6d897fcb33934b9adf90ec59bc9e850f90f58367fa567dc99031a6fc921","lang":"Groovy","enabled":true},"id":"validation.unmatched_rule"}}
{"recorder_version":"31","session":"49f84dc45990","build":"193.5662.53","bucket":"159","time":1590141097360,"group":{"id":"inlay.configuration","version":"2"},"event":{"state":true,"data":{"created":1590141097360,"plugin_type":"PLATFORM","project":"d119a6d897fcb33934b9adf90ec59bc9e850f90f58367fa567dc99031a6fc921","lang":"JAVA","enabled":true},"id":"validation.unmatched_rule"}}
{"recorder_version":"31","session":"49f84dc45990","build":"193.5662.53","bucket":"159","time":1590141097360,"group":{"id":"inlay.configuration","version":"2"},"event":{"state":true,"data":{"inferred_annotations":"validation.undefined_rule","created":1590141097360,"plugin_type":"PLATFORM","project":"d119a6d897fcb33934b9adf90ec59bc9e850f90f58367fa567dc99031a6fc921","lang":"JAVA","external_annotations":"validation.undefined_rule","enabled":true},"id":"validation.unmatched_rule"}}
{"recorder_version":"31","session":"49f84dc45990","build":"193.5662.53","bucket":"159","time":1590141097360,"group":{"id":"inlay.configuration","version":"2"},"event":{"state":true,"data":{"created":1590141097361,"project":"d119a6d897fcb33934b9adf90ec59bc9e850f90f58367fa567dc99031a6fc921"},"id":"invoked"}}
{"recorder_version":"31","session":"49f84dc45990","build":"193.5662.53","bucket":"159","time":1590141097362,"group":{"id":"project.structure","version":"2"},"event":{"state":true,"data":{"created":1590141097362,"count":1,"project":"d119a6d897fcb33934b9adf90ec59bc9e850f90f58367fa567dc99031a6fc921"},"id":"content.roots.total"}}
{"recorder_version":"31","session":"49f84dc45990","build":"193.5662.53","bucket":"159","time":1590141097362,"group":{"id":"project.structure","version":"2"},"event":{"state":true,"data":{"created":1590141097363,"count":0,"project":"d119a6d897fcb33934b9adf90ec59bc9e850f90f58367fa567dc99031a6fc921"},"id":"package.prefix"}}
{"recorder_version":"31","session":"49f84dc45990","build":"193.5662.53","bucket":"159","time":1590141097362,"group":{"id":"project.structure","version":"2"},"event":{"state":true,"data":{"created":1590141097363,"count":1,"project":"d119a6d897fcb33934b9adf90ec59bc9e850f90f58367fa567dc99031a6fc921"},"id":"source.roots.total"}}
{"recorder_version":"31","session":"49f84dc45990","build":"193.5662.53","bucket":"159","time":1590141097362,"group":{"id":"project.structure","version":"2"},"event":{"state":true,"data":{"created":1590141097363,"count":1,"project":"d119a6d897fcb33934b9adf90ec59bc9e850f90f58367fa567dc99031a6fc921"},"id":"modules.total"}}
{"recorder_version":"31","session":"49f84dc45990","build":"193.5662.53","bucket":"159","time":1590141097362,"group":{"id":"project.structure","version":"2"},"event":{"state":true,"data":{"created":1590141097363,"count":0,"project":"d119a6d897fcb33934b9adf90ec59bc9e850f90f58367fa567dc99031a6fc921"},"id":"excluded.roots.total"}}
{"recorder_version":"31","session":"49f84dc45990","build":"193.5662.53","bucket":"159","time":1590141097362,"group":{"id":"project.structure","version":"2"},"event":{"state":true,"data":{"created":1590141097363,"count":1,"project":"d119a6d897fcb33934b9adf90ec59bc9e850f90f58367fa567dc99031a6fc921","type":"java-source"},"id":"source.root"}}
{"recorder_version":"31","session":"49f84dc45990","build":"193.5662.53","bucket":"159","time":1590141097362,"group":{"id":"project.structure","version":"2"},"event":{"state":true,"data":{"created":1590141097363,"project":"d119a6d897fcb33934b9adf90ec59bc9e850f90f58367fa567dc99031a6fc921"},"id":"invoked"}}
{"recorder_version":"31","session":"49f84dc45990","build":"193.5662.53","bucket":"159","time":1590141097362,"group":{"id":"run.dashboard","version":"2"},"event":{"state":true,"data":{"created":1590141097363,"project":"d119a6d897fcb33934b9adf90ec59bc9e850f90f58367fa567dc99031a6fc921","enabled":false},"id":"run.dashboard"}}
{"recorder_version":"31","session":"49f84dc45990","build":"193.5662.53","bucket":"159","time":1590141097362,"group":{"id":"run.dashboard","version":"2"},"event":{"state":true,"data":{"created":1590141097363,"project":"d119a6d897fcb33934b9adf90ec59bc9e850f90f58367fa567dc99031a6fc921"},"id":"invoked"}}
{"recorder_version":"31","session":"49f84dc45990","build":"193.5662.53","bucket":"159","time":1590141097376,"group":{"id":"git.configuration","version":"2"},"event":{"state":true,"data":{"created":1590141097376,"project":"d119a6d897fcb33934b9adf90ec59bc9e850f90f58367fa567dc99031a6fc921","type":"NULL","version":"0.0.0"},"id":"executable"}}
{"recorder_version":"31","session":"49f84dc45990","build":"193.5662.53","bucket":"159","time":1590141097376,"group":{"id":"git.configuration","version":"2"},"event":{"state":true,"data":{"created":1590141097376,"project":"d119a6d897fcb33934b9adf90ec59bc9e850f90f58367fa567dc99031a6fc921"},"id":"invoked"}}
{"recorder_version":"31","session":"49f84dc45990","build":"193.5662.53","bucket":"159","time":1590141097377,"group":{"id":"kotlin.project.configuration","version":"1"},"event":{"state":true,"data":{"created":1590141097377,"project":"d119a6d897fcb33934b9adf90ec59bc9e850f90f58367fa567dc99031a6fc921"},"id":"invoked"}}
{"recorder_version":"31","session":"49f84dc45990","build":"193.5662.53","bucket":"159","time":1590141097378,"group":{"id":"editor.settings.project","version":"2"},"event":{"state":true,"data":{"created":1590141097378,"project":"d119a6d897fcb33934b9adf90ec59bc9e850f90f58367fa567dc99031a6fc921"},"id":"invoked"}}
{"recorder_version":"31","session":"49f84dc45990","build":"193.5662.53","bucket":"159","time":1590141097379,"group":{"id":"vcs.log.index.project","version":"2"},"event":{"state":true,"data":{"created":1590141097379,"project":"d119a6d897fcb33934b9adf90ec59bc9e850f90f58367fa567dc99031a6fc921"},"id":"invoked"}}
{"recorder_version":"31","session":"49f84dc45990","build":"193.5662.53","bucket":"159","time":1590141097380,"group":{"id":"java.language","version":"1"},"event":{"state":true,"data":{"feature":11,"minor":0,"created":1590141097380,"project":"d119a6d897fcb33934b9adf90ec59bc9e850f90f58367fa567dc99031a6fc921","update":2,"ea":false},"id":"MODULE_JDK_VERSION"}}
{"recorder_version":"31","session":"49f84dc45990","build":"193.5662.53","bucket":"159","time":1590141097380,"group":{"id":"java.language","version":"1"},"event":{"state":true,"data":{"preview":false,"created":1590141097381,"project":"d119a6d897fcb33934b9adf90ec59bc9e850f90f58367fa567dc99031a6fc921","version":11},"id":"MODULE_LANGUAGE_LEVEL"}}
{"recorder_version":"31","session":"49f84dc45990","build":"193.5662.53","bucket":"159","time":1590141097380,"group":{"id":"java.language","version":"1"},"event":{"state":true,"data":{"created":1590141097381,"project":"d119a6d897fcb33934b9adf90ec59bc9e850f90f58367fa567dc99031a6fc921"},"id":"invoked"}}
{"recorder_version":"31","session":"49f84dc45990","build":"193.5662.53","bucket":"159","time":1590141097384,"group":{"id":"vcs.settings","version":"2"},"event":{"state":true,"data":{"created":1590141097384,"project":"d119a6d897fcb33934b9adf90ec59bc9e850f90f58367fa567dc99031a6fc921"},"id":"invoked"}}
{"recorder_version":"31","session":"49f84dc45990","build":"193.5662.53","bucket":"159","time":1590141097384,"group":{"id":"build.tools","version":"1"},"event":{"state":true,"data":{"created":1590141097384,"project":"d119a6d897fcb33934b9adf90ec59bc9e850f90f58367fa567dc99031a6fc921"},"id":"invoked"}}
{"recorder_version":"31","session":"49f84dc45990","build":"193.5662.53","bucket":"159","time":1590141097384,"group":{"id":"module.facets","version":"3"},"event":{"state":true,"data":{"created":1590141097384,"project":"d119a6d897fcb33934b9adf90ec59bc9e850f90f58367fa567dc99031a6fc921"},"id":"invoked"}}
{"recorder_version":"31","session":"49f84dc45990","build":"193.5662.53","bucket":"159","time":1590141097385,"group":{"id":"run.configuration.type","version":"5"},"event":{"state":true,"data":{"created":1590141097385,"project":"d119a6d897fcb33934b9adf90ec59bc9e850f90f58367fa567dc99031a6fc921"},"id":"invoked"}}
{"recorder_version":"31","session":"49f84dc45990","build":"193.5662.53","bucket":"159","time":1590141097398,"group":{"id":"build.ant.state","version":"1"},"event":{"state":true,"data":{"created":1590141097398,"project":"d119a6d897fcb33934b9adf90ec59bc9e850f90f58367fa567dc99031a6fc921"},"id":"invoked"}}
{"recorder_version":"31","session":"49f84dc45990","build":"193.5662.53","bucket":"159","time":1590141097400,"group":{"id":"vcs.configuration","version":"2"},"event":{"state":true,"data":{"created":1590141097400,"count":0,"project":"d119a6d897fcb33934b9adf90ec59bc9e850f90f58367fa567dc99031a6fc921"},"id":"ignored.files"}}
{"recorder_version":"31","session":"49f84dc45990","build":"193.5662.53","bucket":"159","time":1590141097400,"group":{"id":"vcs.configuration","version":"2"},"event":{"state":true,"data":{"created":1590141097400,"count":0,"project":"d119a6d897fcb33934b9adf90ec59bc9e850f90f58367fa567dc99031a6fc921"},"id":"unversioned.files"}}
{"recorder_version":"31","session":"49f84dc45990","build":"193.5662.53","bucket":"159","time":1590141097400,"group":{"id":"vcs.configuration","version":"2"},"event":{"state":true,"data":{"created":1590141097400,"count":0,"project":"d119a6d897fcb33934b9adf90ec59bc9e850f90f58367fa567dc99031a6fc921"},"id":"mapped.roots"}}
{"recorder_version":"31","session":"49f84dc45990","build":"193.5662.53","bucket":"159","time":1590141097400,"group":{"id":"vcs.configuration","version":"2"},"event":{"state":true,"data":{"created":1590141097400,"count":1,"project":"d119a6d897fcb33934b9adf90ec59bc9e850f90f58367fa567dc99031a6fc921"},"id":"changelists"}}
{"recorder_version":"31","session":"49f84dc45990","build":"193.5662.53","bucket":"159","time":1590141097400,"group":{"id":"vcs.configuration","version":"2"},"event":{"state":true,"data":{"created":1590141097400,"project":"d119a6d897fcb33934b9adf90ec59bc9e850f90f58367fa567dc99031a6fc921"},"id":"invoked"}}
{"recorder_version":"31","session":"49f84dc45990","build":"193.5662.53","bucket":"159","time":1590141098076,"group":{"id":"javaLibraryJars","version":"2"},"event":{"state":true,"data":{"created":1590141098076,"project":"d119a6d897fcb33934b9adf90ec59bc9e850f90f58367fa567dc99031a6fc921"},"id":"invoked"}}
{"recorder_version":"31","session":"49f84dc45990","build":"193.5662.53","bucket":"159","time":1590141098080,"group":{"id":"kotlin.ide.settings","version":"2"},"event":{"state":true,"data":{"pluginVersion":"1.3.61-release-IJ2019.3-1","created":1590141098080,"project":"d119a6d897fcb33934b9adf90ec59bc9e850f90f58367fa567dc99031a6fc921","enabled":true},"id":"newInference"}}
{"recorder_version":"31","session":"49f84dc45990","build":"193.5662.53","bucket":"159","time":1590141098080,"group":{"id":"kotlin.ide.settings","version":"2"},"event":{"state":true,"data":{"pluginVersion":"1.3.61-release-IJ2019.3-1","created":1590141098081,"project":"d119a6d897fcb33934b9adf90ec59bc9e850f90f58367fa567dc99031a6fc921","enabled":false},"id":"scriptingAutoReloadEnabled"}}
{"recorder_version":"31","session":"49f84dc45990","build":"193.5662.53","bucket":"159","time":1590141098080,"group":{"id":"kotlin.ide.settings","version":"2"},"event":{"state":true,"data":{"created":1590141098081,"project":"d119a6d897fcb33934b9adf90ec59bc9e850f90f58367fa567dc99031a6fc921"},"id":"invoked"}}
{"recorder_version":"31","session":"49f84dc45990","build":"193.5662.53","bucket":"159","time":1590141098090,"group":{"id":"vcs.log.ui","version":"2"},"event":{"state":true,"data":{"created":1590141098091,"project":"d119a6d897fcb33934b9adf90ec59bc9e850f90f58367fa567dc99031a6fc921"},"id":"invoked"}}
{"recorder_version":"31","session":"49f84dc45990","build":"193.5662.53","bucket":"159","time":1590141098091,"group":{"id":"build.maven.state","version":"1"},"event":{"state":true,"data":{"created":1590141098091,"project":"d119a6d897fcb33934b9adf90ec59bc9e850f90f58367fa567dc99031a6fc921"},"id":"invoked"}}
{"recorder_version":"31","session":"49f84dc45990","build":"193.5662.53","bucket":"159","time":1590141098091,"group":{"id":"java.compiler.settings.project","version":"1"},"event":{"state":true,"data":{"created":1590141098091,"project":"d119a6d897fcb33934b9adf90ec59bc9e850f90f58367fa567dc99031a6fc921","enabled":true},"id":"AUTO_SHOW_ERRORS_IN_EDITOR"}}
{"recorder_version":"31","session":"49f84dc45990","build":"193.5662.53","bucket":"159","time":1590141098091,"group":{"id":"java.compiler.settings.project","version":"1"},"event":{"state":true,"data":{"created":1590141098091,"project":"d119a6d897fcb33934b9adf90ec59bc9e850f90f58367fa567dc99031a6fc921","enabled":true},"id":"DISPLAY_NOTIFICATION_POPUP"}}
{"recorder_version":"31","session":"49f84dc45990","build":"193.5662.53","bucket":"159","time":1590141098091,"group":{"id":"java.compiler.settings.project","version":"1"},"event":{"state":true,"data":{"created":1590141098091,"project":"d119a6d897fcb33934b9adf90ec59bc9e850f90f58367fa567dc99031a6fc921","enabled":true},"id":"CLEAR_OUTPUT_DIRECTORY"}}
{"recorder_version":"31","session":"49f84dc45990","build":"193.5662.53","bucket":"159","time":1590141098091,"group":{"id":"java.compiler.settings.project","version":"1"},"event":{"state":true,"data":{"created":1590141098091,"project":"d119a6d897fcb33934b9adf90ec59bc9e850f90f58367fa567dc99031a6fc921","enabled":false},"id":"MAKE_PROJECT_ON_SAVE"}}
{"recorder_version":"31","session":"49f84dc45990","build":"193.5662.53","bucket":"159","time":1590141098091,"group":{"id":"java.compiler.settings.project","version":"1"},"event":{"state":true,"data":{"created":1590141098091,"project":"d119a6d897fcb33934b9adf90ec59bc9e850f90f58367fa567dc99031a6fc921","enabled":false},"id":"PARALLEL_COMPILATION"}}
{"recorder_version":"31","session":"49f84dc45990","build":"193.5662.53","bucket":"159","time":1590141098091,"group":{"id":"java.compiler.settings.project","version":"1"},"event":{"state":true,"data":{"created":1590141098091,"project":"d119a6d897fcb33934b9adf90ec59bc9e850f90f58367fa567dc99031a6fc921","enabled":true},"id":"REBUILD_ON_DEPENDENCY_CHANGE"}}
{"recorder_version":"31","session":"49f84dc45990","build":"193.5662.53","bucket":"159","time":1590141098091,"group":{"id":"java.compiler.settings.project","version":"1"},"event":{"state":true,"data":{"created":1590141098091,"project":"d119a6d897fcb33934b9adf90ec59bc9e850f90f58367fa567dc99031a6fc921","enabled":true},"id":"COMPILE_AFFECTED_UNLOADED_MODULES_BEFORE_COMMIT"}}
{"recorder_version":"31","session":"49f84dc45990","build":"193.5662.53","bucket":"159","time":1590141098091,"group":{"id":"java.compiler.settings.project","version":"1"},"event":{"state":true,"data":{"created":1590141098092,"project":"d119a6d897fcb33934b9adf90ec59bc9e850f90f58367fa567dc99031a6fc921"},"id":"invoked"}}
{"recorder_version":"31","session":"49f84dc45990","build":"193.5662.53","bucket":"159","time":1590141098092,"group":{"id":"build.tools.state","version":"1"},"event":{"state":true,"data":{"created":1590141098092,"count":0,"externalSystemId":"Gradle","project":"d119a6d897fcb33934b9adf90ec59bc9e850f90f58367fa567dc99031a6fc921"},"id":"numberOfLinkedProject"}}
{"recorder_version":"31","session":"49f84dc45990","build":"193.5662.53","bucket":"159","time":1590141098092,"group":{"id":"build.tools.state","version":"1"},"event":{"state":true,"data":{"created":1590141098092,"project":"d119a6d897fcb33934b9adf90ec59bc9e850f90f58367fa567dc99031a6fc921"},"id":"invoked"}}
{"recorder_version":"31","session":"49f84dc45990","build":"193.5662.53","bucket":"159","time":1590141098126,"group":{"id":"debugger.breakpoints","version":"2"},"event":{"state":true,"data":{"created":1590141098126,"count":0,"project":"d119a6d897fcb33934b9adf90ec59bc9e850f90f58367fa567dc99031a6fc921"},"id":"total"}}
{"recorder_version":"31","session":"49f84dc45990","build":"193.5662.53","bucket":"159","time":1590141098126,"group":{"id":"debugger.breakpoints","version":"2"},"event":{"state":true,"data":{"created":1590141098126,"count":0,"project":"d119a6d897fcb33934b9adf90ec59bc9e850f90f58367fa567dc99031a6fc921"},"id":"total.disabled"}}
{"recorder_version":"31","session":"49f84dc45990","build":"193.5662.53","bucket":"159","time":1590141098126,"group":{"id":"debugger.breakpoints","version":"2"},"event":{"state":true,"data":{"created":1590141098126,"count":0,"project":"d119a6d897fcb33934b9adf90ec59bc9e850f90f58367fa567dc99031a6fc921"},"id":"total.non.suspending"}}
{"recorder_version":"31","session":"49f84dc45990","build":"193.5662.53","bucket":"159","time":1590141098126,"group":{"id":"debugger.breakpoints","version":"2"},"event":{"state":true,"data":{"created":1590141098126,"project":"d119a6d897fcb33934b9adf90ec59bc9e850f90f58367fa567dc99031a6fc921"},"id":"invoked"}}
{"recorder_version":"31","session":"49f84dc45990","build":"193.5662.53","bucket":"159","time":1590141098129,"group":{"id":"file.types","version":"2"},"event":{"state":true,"data":{"file_type":"IDEA_MODULE","created":1590141098129,"plugin_type":"PLATFORM","project":"d119a6d897fcb33934b9adf90ec59bc9e850f90f58367fa567dc99031a6fc921"},"id":"file.in.project"}}
{"recorder_version":"31","session":"49f84dc45990","build":"193.5662.53","bucket":"159","time":1590141098129,"group":{"id":"file.types","version":"2"},"event":{"state":true,"data":{"plugin":"com.intellij.java","file_type":"JAVA","created":1590141098129,"plugin_type":"JB_BUNDLED","project":"d119a6d897fcb33934b9adf90ec59bc9e850f90f58367fa567dc99031a6fc921"},"id":"file.in.project"}}
{"recorder_version":"31","session":"49f84dc45990","build":"193.5662.53","bucket":"159","time":1590141098129,"group":{"id":"file.types","version":"2"},"event":{"state":true,"data":{"created":1590141098129,"project":"d119a6d897fcb33934b9adf90ec59bc9e850f90f58367fa567dc99031a6fc921"},"id":"invoked"}}
{"recorder_version":"31","session":"49f84dc45990","build":"193.5662.53","bucket":"159","time":1590141099775,"group":{"id":"performance","version":"31"},"event":{"count":1,"data":{"duration_ms":0,"created":1590141099775},"id":"ui.latency"}}
{"recorder_version":"31","session":"49f84dc45990","build":"193.5662.53","bucket":"159","time":1590141167384,"group":{"id":"lifecycle","version":"31"},"event":{"count":1,"data":{"created":1590141167384,"project":"d119a6d897fcb33934b9adf90ec59bc9e850f90f58367fa567dc99031a6fc921"},"id":"frame.activated"}}
{"recorder_version":"31","session":"49f84dc45990","build":"193.5662.53","bucket":"159","time":1590141169303,"group":{"id":"ui.dialogs","version":"31"},"event":{"count":1,"data":{"code":1,"created":1590141169303,"plugin_type":"PLATFORM","dialog_class":"com.intellij.diagnostic.IdeMessagePanel$3"},"id":"close"}}
