{"recorder_version":"31","session":"02fdb2131a54","build":"193.5662.53","bucket":"159","time":1589811298843,"group":{"id":"settings","version":"4"},"event":{"state":true,"data":{"component":"NotRoamableUiSettings","created":1589811299413},"id":"invoked"}}
{"recorder_version":"31","session":"02fdb2131a54","build":"193.5662.53","bucket":"159","time":1589811298844,"group":{"id":"settings","version":"4"},"event":{"state":true,"data":{"component":"UISettings","created":1589811299416},"id":"invoked"}}
{"recorder_version":"31","session":"02fdb2131a54","build":"193.5662.53","bucket":"159","time":1589811298879,"group":{"id":"system.java","version":"1"},"event":{"state":true,"data":{"created":1589811299429,"version":"validation.undefined_rule"},"id":"validation.undefined_rule"}}
{"recorder_version":"31","session":"02fdb2131a54","build":"193.5662.53","bucket":"159","time":1589811298879,"group":{"id":"system.java","version":"1"},"event":{"state":true,"data":{"created":1589811299430},"id":"invoked"}}
{"recorder_version":"31","session":"02fdb2131a54","build":"193.5662.53","bucket":"159","time":1589811298929,"group":{"id":"system.os","version":"3"},"event":{"state":true,"data":{"created":1589811299431,"version":"10.15"},"id":"Mac"}}
{"recorder_version":"31","session":"02fdb2131a54","build":"193.5662.53","bucket":"159","time":1589811298929,"group":{"id":"system.os","version":"3"},"event":{"state":true,"data":{"created":1589811299431,"name":"Mac","version":"10.15"},"id":"os.name"}}
{"recorder_version":"31","session":"02fdb2131a54","build":"193.5662.53","bucket":"159","time":1589811298929,"group":{"id":"system.os","version":"3"},"event":{"state":true,"data":{"created":1589811299432,"value":"+02_00"},"id":"os.timezone"}}
{"recorder_version":"31","session":"02fdb2131a54","build":"193.5662.53","bucket":"159","time":1589811298929,"group":{"id":"system.os","version":"3"},"event":{"state":true,"data":{"created":1589811299432},"id":"invoked"}}
{"recorder_version":"31","session":"02fdb2131a54","build":"193.5662.53","bucket":"159","time":1589811299157,"group":{"id":"settings","version":"4"},"event":{"state":true,"data":{"component":"UpdatesConfigurable","created":1589811299433,"name":"checkNeeded","type":"bool","value":false},"id":"not.default"}}
{"recorder_version":"31","session":"02fdb2131a54","build":"193.5662.53","bucket":"159","time":1589811299158,"group":{"id":"settings","version":"4"},"event":{"state":true,"data":{"component":"UpdatesConfigurable","created":1589811299433},"id":"invoked"}}
{"recorder_version":"31","session":"02fdb2131a54","build":"193.5662.53","bucket":"159","time":1589811299324,"group":{"id":"event.log","version":"31"},"event":{"count":1,"data":{"created":1589811299435,"version":"1260.0"},"id":"whitelist.loaded"}}
{"recorder_version":"31","session":"02fdb2131a54","build":"193.5662.53","bucket":"159","time":1589811299425,"group":{"id":"settings","version":"4"},"event":{"state":true,"data":{"component":"GeneralSettings","created":1589811299436,"name":"showTipsOnStartup","type":"bool","value":false},"id":"not.default"}}
{"recorder_version":"31","session":"02fdb2131a54","build":"193.5662.53","bucket":"159","time":1589811299425,"group":{"id":"settings","version":"4"},"event":{"state":true,"data":{"component":"GeneralSettings","created":1589811299436},"id":"invoked"}}
{"recorder_version":"31","session":"02fdb2131a54","build":"193.5662.53","bucket":"159","time":1589811299440,"group":{"id":"lifecycle","version":"31"},"event":{"count":1,"data":{"internal":true,"eap":false,"created":1589811299440},"id":"ide.start"}}
{"recorder_version":"31","session":"02fdb2131a54","build":"193.5662.53","bucket":"159","time":1589811299606,"group":{"id":"settings","version":"4"},"event":{"state":true,"data":{"component":"XmlEditorOptions","created":1589811299606},"id":"invoked"}}
{"recorder_version":"31","session":"02fdb2131a54","build":"193.5662.53","bucket":"159","time":1589811300938,"group":{"id":"settings","version":"4"},"event":{"state":true,"data":{"component":"VcsApplicationSettings","created":1589811300939},"id":"invoked"}}
{"recorder_version":"31","session":"02fdb2131a54","build":"193.5662.53","bucket":"159","time":1589811300938,"group":{"id":"lifecycle","version":"31"},"event":{"count":1,"data":{"created":1589811300939},"id":"frame.activated"}}
{"recorder_version":"31","session":"02fdb2131a54","build":"193.5662.53","bucket":"159","time":1589811300991,"group":{"id":"performance","version":"31"},"event":{"count":1,"data":{"duration_ms":1314,"created":1589811300991},"id":"ui.latency"}}
{"recorder_version":"31","session":"02fdb2131a54","build":"193.5662.53","bucket":"159","time":1589811300991,"group":{"id":"performance","version":"31"},"event":{"count":1,"data":{"duration_ms":1314,"created":1589811300992},"id":"ui.lagging"}}
{"recorder_version":"31","session":"02fdb2131a54","build":"193.5662.53","bucket":"159","time":1589811301110,"group":{"id":"performance","version":"31"},"event":{"count":1,"data":{"duration_ms":443,"created":1589811301110},"id":"ui.lagging"}}
{"recorder_version":"31","session":"02fdb2131a54","build":"193.5662.53","bucket":"159","time":1589811301276,"group":{"id":"ui.dialogs","version":"31"},"event":{"count":1,"data":{"created":1589811301277,"plugin_type":"PLATFORM","dialog_class":"com.intellij.openapi.progress.util.ProgressDialog$MyDialogWrapper"},"id":"show"}}
{"recorder_version":"31","session":"02fdb2131a54","build":"193.5662.53","bucket":"159","time":1589811304120,"group":{"id":"lifecycle","version":"31"},"event":{"count":1,"data":{"created":1589811304120,"project":"d119a6d897fcb33934b9adf90ec59bc9e850f90f58367fa567dc99031a6fc921"},"id":"project.opened"}}
{"recorder_version":"31","session":"02fdb2131a54","build":"193.5662.53","bucket":"159","time":1589811304901,"group":{"id":"performance","version":"31"},"event":{"count":1,"data":{"duration_ms":1227,"created":1589811304902},"id":"ui.lagging"}}
{"recorder_version":"31","session":"02fdb2131a54","build":"193.5662.53","bucket":"159","time":1589811305151,"group":{"id":"performance","version":"31"},"event":{"count":1,"data":{"duration_ms":475,"created":1589811305152},"id":"ui.lagging"}}
{"recorder_version":"31","session":"02fdb2131a54","build":"193.5662.53","bucket":"159","time":1589811306018,"group":{"id":"performance","version":"31"},"event":{"count":1,"data":{"duration_ms":337,"created":1589811306023},"id":"ui.lagging"}}
{"recorder_version":"31","session":"02fdb2131a54","build":"193.5662.53","bucket":"159","time":1589811306913,"group":{"id":"indexing","version":"2"},"event":{"count":1,"data":{"ide_activity_id":1,"created":1589811306913,"project":"d119a6d897fcb33934b9adf90ec59bc9e850f90f58367fa567dc99031a6fc921"},"id":"started"}}
{"recorder_version":"31","session":"02fdb2131a54","build":"193.5662.53","bucket":"159","time":1589811306923,"group":{"id":"performance","version":"31"},"event":{"count":1,"data":{"duration_ms":241,"created":1589811306923},"id":"ui.lagging"}}
{"recorder_version":"31","session":"02fdb2131a54","build":"193.5662.53","bucket":"159","time":1589811307275,"group":{"id":"indexing","version":"2"},"event":{"count":1,"data":{"ide_activity_id":1,"stage_class":"com.intellij.util.indexing.UnindexedFilesUpdater","created":1589811307276,"plugin_type":"PLATFORM"},"id":"stage"}}
{"recorder_version":"31","session":"02fdb2131a54","build":"193.5662.53","bucket":"159","time":1589811307614,"group":{"id":"project.fs","version":"1"},"event":{"state":true,"data":{"os":"Mac","cs-project":false,"created":1589811307615,"project":"d119a6d897fcb33934b9adf90ec59bc9e850f90f58367fa567dc99031a6fc921","cs-implicit":true,"cs-system":false},"id":"case-sensitivity"}}
{"recorder_version":"31","session":"02fdb2131a54","build":"193.5662.53","bucket":"159","time":1589811307614,"group":{"id":"project.fs","version":"1"},"event":{"state":true,"data":{"created":1589811307615},"id":"invoked"}}
{"recorder_version":"31","session":"02fdb2131a54","build":"193.5662.53","bucket":"159","time":1589811307615,"group":{"id":"project.fs","version":"1"},"event":{"state":true,"data":{"pct-non-watched":0,"created":1589811307616,"project":"d119a6d897fcb33934b9adf90ec59bc9e850f90f58367fa567dc99031a6fc921"},"id":"roots-watched"}}
{"recorder_version":"31","session":"02fdb2131a54","build":"193.5662.53","bucket":"159","time":1589811307615,"group":{"id":"project.fs","version":"1"},"event":{"state":true,"data":{"created":1589811307616},"id":"invoked"}}
{"recorder_version":"31","session":"02fdb2131a54","build":"193.5662.53","bucket":"159","time":1589811307882,"group":{"id":"performance","version":"31"},"event":{"count":1,"data":{"duration_ms":197,"created":1589811307883},"id":"ui.lagging"}}
{"recorder_version":"31","session":"02fdb2131a54","build":"193.5662.53","bucket":"159","time":1589811307902,"group":{"id":"ui.dialogs","version":"31"},"event":{"count":1,"data":{"code":1,"created":1589811307903,"plugin_type":"PLATFORM","dialog_class":"com.intellij.openapi.progress.util.ProgressDialog$MyDialogWrapper"},"id":"close"}}
{"recorder_version":"31","session":"02fdb2131a54","build":"193.5662.53","bucket":"159","time":1589811308147,"group":{"id":"lifecycle","version":"31"},"event":{"count":1,"data":{"duration_ms":8442,"created":1589811308147,"project":"d119a6d897fcb33934b9adf90ec59bc9e850f90f58367fa567dc99031a6fc921"},"id":"project.opening.finished"}}
{"recorder_version":"31","session":"02fdb2131a54","build":"193.5662.53","bucket":"159","time":1589811311212,"group":{"id":"indexing","version":"2"},"event":{"count":1,"data":{"duration_ms":4299,"ide_activity_id":1,"created":1589811311213},"id":"finished"}}
{"recorder_version":"31","session":"02fdb2131a54","build":"193.5662.53","bucket":"159","time":1589811311374,"group":{"id":"indexing","version":"2"},"event":{"count":1,"data":{"ide_activity_id":2,"created":1589811311374,"project":"d119a6d897fcb33934b9adf90ec59bc9e850f90f58367fa567dc99031a6fc921"},"id":"started"}}
{"recorder_version":"31","session":"02fdb2131a54","build":"193.5662.53","bucket":"159","time":1589811311401,"group":{"id":"indexing","version":"2"},"event":{"count":1,"data":{"ide_activity_id":2,"plugin":"org.jetbrains.android","stage_class":"com.android.tools.idea.res.ResourceFolderRepositoryFileCacheImpl$PruneTask","created":1589811311402,"plugin_type":"JB_BUNDLED"},"id":"stage"}}
{"recorder_version":"31","session":"02fdb2131a54","build":"193.5662.53","bucket":"159","time":1589811311459,"group":{"id":"indexing","version":"2"},"event":{"count":1,"data":{"ide_activity_id":2,"plugin":"org.jetbrains.android","stage_class":"com.android.tools.idea.res.ResourceFolderRepositoryFileCacheImpl$ManageLruProjectFilesTask","created":1589811311460,"plugin_type":"JB_BUNDLED"},"id":"stage"}}
{"recorder_version":"31","session":"02fdb2131a54","build":"193.5662.53","bucket":"159","time":1589811311535,"group":{"id":"indexing","version":"2"},"event":{"count":1,"data":{"duration_ms":161,"ide_activity_id":2,"created":1589811311535},"id":"finished"}}
{"recorder_version":"31","session":"02fdb2131a54","build":"193.5662.53","bucket":"159","time":1589811311561,"group":{"id":"indexing","version":"2"},"event":{"count":1,"data":{"ide_activity_id":3,"created":1589811311561,"project":"d119a6d897fcb33934b9adf90ec59bc9e850f90f58367fa567dc99031a6fc921"},"id":"started"}}
{"recorder_version":"31","session":"02fdb2131a54","build":"193.5662.53","bucket":"159","time":1589811311578,"group":{"id":"indexing","version":"2"},"event":{"count":1,"data":{"ide_activity_id":3,"plugin":"org.jetbrains.android","stage_class":"com.android.tools.idea.res.ResourceFolderRegistry$PopulateCachesTask","created":1589811311578,"plugin_type":"JB_BUNDLED"},"id":"stage"}}
{"recorder_version":"31","session":"02fdb2131a54","build":"193.5662.53","bucket":"159","time":1589811311624,"group":{"id":"indexing","version":"2"},"event":{"count":1,"data":{"duration_ms":63,"ide_activity_id":3,"created":1589811311624},"id":"finished"}}
{"recorder_version":"31","session":"02fdb2131a54","build":"193.5662.53","bucket":"159","time":1589811312396,"group":{"id":"performance","version":"31"},"event":{"count":1,"data":{"duration_ms":702,"created":1589811312396},"id":"ui.lagging"}}
{"recorder_version":"31","session":"02fdb2131a54","build":"193.5662.53","bucket":"159","time":1589811312688,"group":{"id":"startup","version":"1"},"event":{"count":1,"data":{"duration":2901,"created":1589811312688},"id":"appInit"}}
{"recorder_version":"31","session":"02fdb2131a54","build":"193.5662.53","bucket":"159","time":1589811312688,"group":{"id":"startup","version":"1"},"event":{"count":1,"data":{"duration":617,"created":1589811312689},"id":"splash"}}
{"recorder_version":"31","session":"02fdb2131a54","build":"193.5662.53","bucket":"159","time":1589811312688,"group":{"id":"startup","version":"1"},"event":{"count":1,"data":{"duration":569,"created":1589811312689},"id":"bootstrap"}}
{"recorder_version":"31","session":"02fdb2131a54","build":"193.5662.53","bucket":"159","time":1589811312688,"group":{"id":"startup","version":"1"},"event":{"count":1,"data":{"duration":13730,"created":1589811312689},"id":"totalDuration"}}
{"recorder_version":"31","session":"02fdb2131a54","build":"193.5662.53","bucket":"159","time":1589811382793,"group":{"id":"actions","version":"31"},"event":{"count":1,"data":{"context_menu":true,"action_id":"third.party","created":1589811382793,"plugin_type":"NOT_LISTED","project":"d119a6d897fcb33934b9adf90ec59bc9e850f90f58367fa567dc99031a6fc921","place":"MainMenu","class":"third.party","input_event":"NoMouseButton"},"id":"action.invoked"}}
{"recorder_version":"31","session":"02fdb2131a54","build":"193.5662.53","bucket":"159","time":1589811383226,"group":{"id":"performance","version":"31"},"event":{"count":1,"data":{"duration_ms":359,"created":1589811383226},"id":"ui.lagging"}}
