{"recorder_version":"31","session":"f593b766364b","build":"193.5662.53","bucket":"159","time":1590181526328,"group":{"id":"system.java","version":"1"},"event":{"state":true,"data":{"created":1590181526805,"version":"validation.undefined_rule"},"id":"validation.undefined_rule"}}
{"recorder_version":"31","session":"f593b766364b","build":"193.5662.53","bucket":"159","time":1590181526332,"group":{"id":"settings","version":"4"},"event":{"state":true,"data":{"component":"NotRoamableUiSettings","created":1590181526807},"id":"invoked"}}
{"recorder_version":"31","session":"f593b766364b","build":"193.5662.53","bucket":"159","time":1590181526339,"group":{"id":"system.java","version":"1"},"event":{"state":true,"data":{"created":1590181526819},"id":"invoked"}}
{"recorder_version":"31","session":"f593b766364b","build":"193.5662.53","bucket":"159","time":1590181526339,"group":{"id":"settings","version":"4"},"event":{"state":true,"data":{"component":"UISettings","created":1590181526819},"id":"invoked"}}
{"recorder_version":"31","session":"f593b766364b","build":"193.5662.53","bucket":"159","time":1590181526382,"group":{"id":"system.os","version":"3"},"event":{"state":true,"data":{"created":1590181526820,"version":"10.15"},"id":"Mac"}}
{"recorder_version":"31","session":"f593b766364b","build":"193.5662.53","bucket":"159","time":1590181526382,"group":{"id":"system.os","version":"3"},"event":{"state":true,"data":{"created":1590181526820,"name":"Mac","version":"10.15"},"id":"os.name"}}
{"recorder_version":"31","session":"f593b766364b","build":"193.5662.53","bucket":"159","time":1590181526382,"group":{"id":"system.os","version":"3"},"event":{"state":true,"data":{"created":1590181526820,"value":"+02_00"},"id":"os.timezone"}}
{"recorder_version":"31","session":"f593b766364b","build":"193.5662.53","bucket":"159","time":1590181526382,"group":{"id":"system.os","version":"3"},"event":{"state":true,"data":{"created":1590181526821},"id":"invoked"}}
{"recorder_version":"31","session":"f593b766364b","build":"193.5662.53","bucket":"159","time":1590181526575,"group":{"id":"settings","version":"4"},"event":{"state":true,"data":{"component":"UpdatesConfigurable","created":1590181526821,"name":"checkNeeded","type":"bool","value":false},"id":"not.default"}}
{"recorder_version":"31","session":"f593b766364b","build":"193.5662.53","bucket":"159","time":1590181526576,"group":{"id":"settings","version":"4"},"event":{"state":true,"data":{"component":"UpdatesConfigurable","created":1590181526822},"id":"invoked"}}
{"recorder_version":"31","session":"f593b766364b","build":"193.5662.53","bucket":"159","time":1590181526746,"group":{"id":"event.log","version":"31"},"event":{"count":1,"data":{"created":1590181526822,"version":"1268.0"},"id":"whitelist.loaded"}}
{"recorder_version":"31","session":"f593b766364b","build":"193.5662.53","bucket":"159","time":1590181526872,"group":{"id":"settings","version":"4"},"event":{"state":true,"data":{"component":"GeneralSettings","created":1590181526873,"name":"showTipsOnStartup","type":"bool","value":false},"id":"not.default"}}
{"recorder_version":"31","session":"f593b766364b","build":"193.5662.53","bucket":"159","time":1590181526872,"group":{"id":"settings","version":"4"},"event":{"state":true,"data":{"component":"GeneralSettings","created":1590181526874},"id":"invoked"}}
{"recorder_version":"31","session":"f593b766364b","build":"193.5662.53","bucket":"159","time":1590181526909,"group":{"id":"lifecycle","version":"31"},"event":{"count":1,"data":{"internal":true,"eap":false,"created":1590181526910},"id":"ide.start"}}
{"recorder_version":"31","session":"f593b766364b","build":"193.5662.53","bucket":"159","time":1590181527043,"group":{"id":"settings","version":"4"},"event":{"state":true,"data":{"component":"XmlEditorOptions","created":1590181527043},"id":"invoked"}}
{"recorder_version":"31","session":"f593b766364b","build":"193.5662.53","bucket":"159","time":1590181528240,"group":{"id":"performance","version":"31"},"event":{"count":1,"data":{"duration_ms":1071,"created":1590181528240},"id":"ui.latency"}}
{"recorder_version":"31","session":"f593b766364b","build":"193.5662.53","bucket":"159","time":1590181528240,"group":{"id":"performance","version":"31"},"event":{"count":1,"data":{"duration_ms":1071,"created":1590181528240},"id":"ui.lagging"}}
{"recorder_version":"31","session":"f593b766364b","build":"193.5662.53","bucket":"159","time":1590181528337,"group":{"id":"performance","version":"31"},"event":{"count":1,"data":{"duration_ms":181,"created":1590181528337},"id":"ui.lagging"}}
{"recorder_version":"31","session":"f593b766364b","build":"193.5662.53","bucket":"159","time":1590181528446,"group":{"id":"ui.dialogs","version":"31"},"event":{"count":1,"data":{"created":1590181528446,"plugin_type":"PLATFORM","dialog_class":"com.intellij.openapi.progress.util.ProgressDialog$MyDialogWrapper"},"id":"show"}}
{"recorder_version":"31","session":"f593b766364b","build":"193.5662.53","bucket":"159","time":1590181528456,"group":{"id":"settings","version":"4"},"event":{"state":true,"data":{"component":"VcsApplicationSettings","created":1590181528456},"id":"invoked"}}
{"recorder_version":"31","session":"f593b766364b","build":"193.5662.53","bucket":"159","time":1590181530358,"group":{"id":"lifecycle","version":"31"},"event":{"count":1,"data":{"created":1590181530358,"project":"d119a6d897fcb33934b9adf90ec59bc9e850f90f58367fa567dc99031a6fc921"},"id":"project.opened"}}
{"recorder_version":"31","session":"f593b766364b","build":"193.5662.53","bucket":"159","time":1590181530811,"group":{"id":"performance","version":"31"},"event":{"count":1,"data":{"duration_ms":653,"created":1590181530811},"id":"ui.lagging"}}
{"recorder_version":"31","session":"f593b766364b","build":"193.5662.53","bucket":"159","time":1590181530975,"group":{"id":"toolwindow","version":"31"},"event":{"count":1,"data":{"created":1590181530975,"plugin_type":"PLATFORM","id":"Event_Log"},"id":"activated"}}
{"recorder_version":"31","session":"f593b766364b","build":"193.5662.53","bucket":"159","time":1590181531930,"group":{"id":"performance","version":"31"},"event":{"count":1,"data":{"duration_ms":768,"created":1590181531930},"id":"ui.lagging"}}
{"recorder_version":"31","session":"f593b766364b","build":"193.5662.53","bucket":"159","time":1590181532537,"group":{"id":"performance","version":"31"},"event":{"count":1,"data":{"duration_ms":370,"created":1590181532538},"id":"ui.lagging"}}
{"recorder_version":"31","session":"f593b766364b","build":"193.5662.53","bucket":"159","time":1590181532893,"group":{"id":"indexing","version":"2"},"event":{"count":1,"data":{"ide_activity_id":1,"created":1590181532893,"project":"d119a6d897fcb33934b9adf90ec59bc9e850f90f58367fa567dc99031a6fc921"},"id":"started"}}
{"recorder_version":"31","session":"f593b766364b","build":"193.5662.53","bucket":"159","time":1590181532893,"group":{"id":"project.fs","version":"1"},"event":{"state":true,"data":{"os":"Mac","cs-project":false,"created":1590181532893,"project":"d119a6d897fcb33934b9adf90ec59bc9e850f90f58367fa567dc99031a6fc921","cs-implicit":true,"cs-system":false},"id":"case-sensitivity"}}
{"recorder_version":"31","session":"f593b766364b","build":"193.5662.53","bucket":"159","time":1590181532893,"group":{"id":"project.fs","version":"1"},"event":{"state":true,"data":{"created":1590181532894},"id":"invoked"}}
{"recorder_version":"31","session":"f593b766364b","build":"193.5662.53","bucket":"159","time":1590181532894,"group":{"id":"project.fs","version":"1"},"event":{"state":true,"data":{"pct-non-watched":0,"created":1590181532894,"project":"d119a6d897fcb33934b9adf90ec59bc9e850f90f58367fa567dc99031a6fc921"},"id":"roots-watched"}}
{"recorder_version":"31","session":"f593b766364b","build":"193.5662.53","bucket":"159","time":1590181532894,"group":{"id":"project.fs","version":"1"},"event":{"state":true,"data":{"created":1590181532894},"id":"invoked"}}
{"recorder_version":"31","session":"f593b766364b","build":"193.5662.53","bucket":"159","time":1590181532983,"group":{"id":"indexing","version":"2"},"event":{"count":1,"data":{"ide_activity_id":1,"stage_class":"com.intellij.util.indexing.UnindexedFilesUpdater","created":1590181532984,"plugin_type":"PLATFORM"},"id":"stage"}}
{"recorder_version":"31","session":"f593b766364b","build":"193.5662.53","bucket":"159","time":1590181532985,"group":{"id":"ui.dialogs","version":"31"},"event":{"count":1,"data":{"code":1,"created":1590181532985,"plugin_type":"PLATFORM","dialog_class":"com.intellij.openapi.progress.util.ProgressDialog$MyDialogWrapper"},"id":"close"}}
{"recorder_version":"31","session":"f593b766364b","build":"193.5662.53","bucket":"159","time":1590181533106,"group":{"id":"lifecycle","version":"31"},"event":{"count":1,"data":{"duration_ms":6073,"created":1590181533107,"project":"d119a6d897fcb33934b9adf90ec59bc9e850f90f58367fa567dc99031a6fc921"},"id":"project.opening.finished"}}
{"recorder_version":"31","session":"f593b766364b","build":"193.5662.53","bucket":"159","time":1590181535755,"group":{"id":"indexing","version":"2"},"event":{"count":1,"data":{"duration_ms":2862,"ide_activity_id":1,"created":1590181535755},"id":"finished"}}
{"recorder_version":"31","session":"f593b766364b","build":"193.5662.53","bucket":"159","time":1590181535882,"group":{"id":"indexing","version":"2"},"event":{"count":1,"data":{"ide_activity_id":2,"created":1590181535882,"project":"d119a6d897fcb33934b9adf90ec59bc9e850f90f58367fa567dc99031a6fc921"},"id":"started"}}
{"recorder_version":"31","session":"f593b766364b","build":"193.5662.53","bucket":"159","time":1590181535892,"group":{"id":"indexing","version":"2"},"event":{"count":1,"data":{"ide_activity_id":2,"plugin":"org.jetbrains.android","stage_class":"com.android.tools.idea.res.ResourceFolderRepositoryFileCacheImpl$PruneTask","created":1590181535893,"plugin_type":"JB_BUNDLED"},"id":"stage"}}
{"recorder_version":"31","session":"f593b766364b","build":"193.5662.53","bucket":"159","time":1590181535932,"group":{"id":"indexing","version":"2"},"event":{"count":1,"data":{"ide_activity_id":2,"plugin":"org.jetbrains.android","stage_class":"com.android.tools.idea.res.ResourceFolderRepositoryFileCacheImpl$ManageLruProjectFilesTask","created":1590181535933,"plugin_type":"JB_BUNDLED"},"id":"stage"}}
{"recorder_version":"31","session":"f593b766364b","build":"193.5662.53","bucket":"159","time":1590181535958,"group":{"id":"indexing","version":"2"},"event":{"count":1,"data":{"duration_ms":76,"ide_activity_id":2,"created":1590181535958},"id":"finished"}}
{"recorder_version":"31","session":"f593b766364b","build":"193.5662.53","bucket":"159","time":1590181535971,"group":{"id":"indexing","version":"2"},"event":{"count":1,"data":{"ide_activity_id":3,"created":1590181535971,"project":"d119a6d897fcb33934b9adf90ec59bc9e850f90f58367fa567dc99031a6fc921"},"id":"started"}}
{"recorder_version":"31","session":"f593b766364b","build":"193.5662.53","bucket":"159","time":1590181535973,"group":{"id":"indexing","version":"2"},"event":{"count":1,"data":{"ide_activity_id":3,"plugin":"org.jetbrains.android","stage_class":"com.android.tools.idea.res.ResourceFolderRegistry$PopulateCachesTask","created":1590181535973,"plugin_type":"JB_BUNDLED"},"id":"stage"}}
{"recorder_version":"31","session":"f593b766364b","build":"193.5662.53","bucket":"159","time":1590181535975,"group":{"id":"indexing","version":"2"},"event":{"count":1,"data":{"duration_ms":4,"ide_activity_id":3,"created":1590181535975},"id":"finished"}}
{"recorder_version":"31","session":"f593b766364b","build":"193.5662.53","bucket":"159","time":1590181536449,"group":{"id":"performance","version":"31"},"event":{"count":1,"data":{"duration_ms":278,"created":1590181536449},"id":"ui.lagging"}}
{"recorder_version":"31","session":"f593b766364b","build":"193.5662.53","bucket":"159","time":1590181537993,"group":{"id":"startup","version":"1"},"event":{"count":1,"data":{"duration":2207,"created":1590181537993},"id":"appInit"}}
{"recorder_version":"31","session":"f593b766364b","build":"193.5662.53","bucket":"159","time":1590181537993,"group":{"id":"startup","version":"1"},"event":{"count":1,"data":{"duration":377,"created":1590181537993},"id":"splash"}}
{"recorder_version":"31","session":"f593b766364b","build":"193.5662.53","bucket":"159","time":1590181537993,"group":{"id":"startup","version":"1"},"event":{"count":1,"data":{"duration":374,"created":1590181537994},"id":"bootstrap"}}
{"recorder_version":"31","session":"f593b766364b","build":"193.5662.53","bucket":"159","time":1590181537993,"group":{"id":"startup","version":"1"},"event":{"count":1,"data":{"duration":10291,"created":1590181537994},"id":"totalDuration"}}
{"recorder_version":"31","session":"f593b766364b","build":"193.5662.53","bucket":"159","time":1590181543847,"group":{"id":"lifecycle","version":"31"},"event":{"count":1,"data":{"created":1590181543847,"project":"d119a6d897fcb33934b9adf90ec59bc9e850f90f58367fa567dc99031a6fc921"},"id":"frame.activated"}}
{"recorder_version":"31","session":"f593b766364b","build":"193.5662.53","bucket":"159","time":1590181545774,"group":{"id":"actions","version":"31"},"event":{"count":1,"data":{"context_menu":true,"action_id":"third.party","created":1590181545774,"plugin_type":"NOT_LISTED","project":"d119a6d897fcb33934b9adf90ec59bc9e850f90f58367fa567dc99031a6fc921","place":"MainMenu","class":"third.party","input_event":"NoMouseButton"},"id":"action.invoked"}}
{"recorder_version":"31","session":"f593b766364b","build":"193.5662.53","bucket":"159","time":1590181547597,"group":{"id":"ui.dialogs","version":"31"},"event":{"count":1,"data":{"created":1590181547598,"plugin_type":"NOT_LISTED","dialog_class":"third.party"},"id":"show"}}
{"recorder_version":"31","session":"f593b766364b","build":"193.5662.53","bucket":"159","time":1590181548836,"group":{"id":"lifecycle","version":"31"},"event":{"count":1,"data":{"created":1590181548837,"project":"d119a6d897fcb33934b9adf90ec59bc9e850f90f58367fa567dc99031a6fc921"},"id":"frame.deactivated"}}
{"recorder_version":"31","session":"f593b766364b","build":"193.5662.53","bucket":"159","time":1590181553400,"group":{"id":"lifecycle","version":"31"},"event":{"count":1,"data":{"created":1590181553400,"project":"d119a6d897fcb33934b9adf90ec59bc9e850f90f58367fa567dc99031a6fc921"},"id":"frame.activated"}}
{"recorder_version":"31","session":"f593b766364b","build":"193.5662.53","bucket":"159","time":1590181555442,"group":{"id":"ui.dialogs","version":"31"},"event":{"count":1,"data":{"code":0,"created":1590181555442,"plugin_type":"NOT_LISTED","dialog_class":"third.party"},"id":"close"}}
{"recorder_version":"31","session":"f593b766364b","build":"193.5662.53","bucket":"159","time":1590181558247,"group":{"id":"ui.dialogs","version":"31"},"event":{"count":1,"data":{"created":1590181558247,"plugin_type":"NOT_LISTED","dialog_class":"third.party"},"id":"show"}}
{"recorder_version":"31","session":"f593b766364b","build":"193.5662.53","bucket":"159","time":1590181559504,"group":{"id":"ui.dialogs","version":"31"},"event":{"count":1,"data":{"code":0,"created":1590181559504,"plugin_type":"NOT_LISTED","dialog_class":"third.party"},"id":"close"}}
