{"recorder_version":"31","session":"7a006bb6fc5c","build":"193.5662.53","bucket":"159","time":1590181424720,"group":{"id":"settings","version":"4"},"event":{"state":true,"data":{"component":"NotRoamableUiSettings","created":1590181425056},"id":"invoked"}}
{"recorder_version":"31","session":"7a006bb6fc5c","build":"193.5662.53","bucket":"159","time":1590181424720,"group":{"id":"settings","version":"4"},"event":{"state":true,"data":{"component":"UISettings","created":1590181425062},"id":"invoked"}}
{"recorder_version":"31","session":"7a006bb6fc5c","build":"193.5662.53","bucket":"159","time":1590181424734,"group":{"id":"system.java","version":"1"},"event":{"state":true,"data":{"created":1590181425077,"version":"validation.undefined_rule"},"id":"validation.undefined_rule"}}
{"recorder_version":"31","session":"7a006bb6fc5c","build":"193.5662.53","bucket":"159","time":1590181424734,"group":{"id":"system.java","version":"1"},"event":{"state":true,"data":{"created":1590181425079},"id":"invoked"}}
{"recorder_version":"31","session":"7a006bb6fc5c","build":"193.5662.53","bucket":"159","time":1590181424760,"group":{"id":"system.os","version":"3"},"event":{"state":true,"data":{"created":1590181425080,"version":"10.15"},"id":"Mac"}}
{"recorder_version":"31","session":"7a006bb6fc5c","build":"193.5662.53","bucket":"159","time":1590181424760,"group":{"id":"system.os","version":"3"},"event":{"state":true,"data":{"created":1590181425081,"name":"Mac","version":"10.15"},"id":"os.name"}}
{"recorder_version":"31","session":"7a006bb6fc5c","build":"193.5662.53","bucket":"159","time":1590181424760,"group":{"id":"system.os","version":"3"},"event":{"state":true,"data":{"created":1590181425082,"value":"+02_00"},"id":"os.timezone"}}
{"recorder_version":"31","session":"7a006bb6fc5c","build":"193.5662.53","bucket":"159","time":1590181424760,"group":{"id":"system.os","version":"3"},"event":{"state":true,"data":{"created":1590181425082},"id":"invoked"}}
{"recorder_version":"31","session":"7a006bb6fc5c","build":"193.5662.53","bucket":"159","time":1590181424906,"group":{"id":"settings","version":"4"},"event":{"state":true,"data":{"component":"UpdatesConfigurable","created":1590181425083,"name":"checkNeeded","type":"bool","value":false},"id":"not.default"}}
{"recorder_version":"31","session":"7a006bb6fc5c","build":"193.5662.53","bucket":"159","time":1590181424906,"group":{"id":"settings","version":"4"},"event":{"state":true,"data":{"component":"UpdatesConfigurable","created":1590181425083},"id":"invoked"}}
{"recorder_version":"31","session":"7a006bb6fc5c","build":"193.5662.53","bucket":"159","time":1590181425019,"group":{"id":"event.log","version":"31"},"event":{"count":1,"data":{"created":1590181425084,"version":"1268.0"},"id":"whitelist.loaded"}}
{"recorder_version":"31","session":"7a006bb6fc5c","build":"193.5662.53","bucket":"159","time":1590181425164,"group":{"id":"settings","version":"4"},"event":{"state":true,"data":{"component":"GeneralSettings","created":1590181425165,"name":"showTipsOnStartup","type":"bool","value":false},"id":"not.default"}}
{"recorder_version":"31","session":"7a006bb6fc5c","build":"193.5662.53","bucket":"159","time":1590181425165,"group":{"id":"settings","version":"4"},"event":{"state":true,"data":{"component":"GeneralSettings","created":1590181425166},"id":"invoked"}}
{"recorder_version":"31","session":"7a006bb6fc5c","build":"193.5662.53","bucket":"159","time":1590181425173,"group":{"id":"lifecycle","version":"31"},"event":{"count":1,"data":{"internal":true,"eap":false,"created":1590181425173},"id":"ide.start"}}
{"recorder_version":"31","session":"7a006bb6fc5c","build":"193.5662.53","bucket":"159","time":1590181425293,"group":{"id":"settings","version":"4"},"event":{"state":true,"data":{"component":"XmlEditorOptions","created":1590181425293},"id":"invoked"}}
{"recorder_version":"31","session":"7a006bb6fc5c","build":"193.5662.53","bucket":"159","time":1590181426193,"group":{"id":"settings","version":"4"},"event":{"state":true,"data":{"component":"VcsApplicationSettings","created":1590181426193},"id":"invoked"}}
{"recorder_version":"31","session":"7a006bb6fc5c","build":"193.5662.53","bucket":"159","time":1590181426193,"group":{"id":"lifecycle","version":"31"},"event":{"count":1,"data":{"created":1590181426193},"id":"frame.activated"}}
{"recorder_version":"31","session":"7a006bb6fc5c","build":"193.5662.53","bucket":"159","time":1590181426234,"group":{"id":"performance","version":"31"},"event":{"count":1,"data":{"duration_ms":631,"created":1590181426234},"id":"ui.latency"}}
{"recorder_version":"31","session":"7a006bb6fc5c","build":"193.5662.53","bucket":"159","time":1590181426234,"group":{"id":"performance","version":"31"},"event":{"count":1,"data":{"duration_ms":631,"created":1590181426235},"id":"ui.lagging"}}
{"recorder_version":"31","session":"7a006bb6fc5c","build":"193.5662.53","bucket":"159","time":1590181426490,"group":{"id":"ui.dialogs","version":"31"},"event":{"count":1,"data":{"created":1590181426491,"plugin_type":"PLATFORM","dialog_class":"com.intellij.openapi.progress.util.ProgressDialog$MyDialogWrapper"},"id":"show"}}
{"recorder_version":"31","session":"7a006bb6fc5c","build":"193.5662.53","bucket":"159","time":1590181428047,"group":{"id":"lifecycle","version":"31"},"event":{"count":1,"data":{"created":1590181428047,"project":"d119a6d897fcb33934b9adf90ec59bc9e850f90f58367fa567dc99031a6fc921"},"id":"project.opened"}}
{"recorder_version":"31","session":"7a006bb6fc5c","build":"193.5662.53","bucket":"159","time":1590181428491,"group":{"id":"performance","version":"31"},"event":{"count":1,"data":{"duration_ms":893,"created":1590181428491},"id":"ui.lagging"}}
{"recorder_version":"31","session":"7a006bb6fc5c","build":"193.5662.53","bucket":"159","time":1590181428676,"group":{"id":"toolwindow","version":"31"},"event":{"count":1,"data":{"created":1590181428676,"plugin_type":"PLATFORM","id":"Event_Log"},"id":"activated"}}
{"recorder_version":"31","session":"7a006bb6fc5c","build":"193.5662.53","bucket":"159","time":1590181429901,"group":{"id":"performance","version":"31"},"event":{"count":1,"data":{"duration_ms":298,"created":1590181429901},"id":"ui.lagging"}}
{"recorder_version":"31","session":"7a006bb6fc5c","build":"193.5662.53","bucket":"159","time":1590181430398,"group":{"id":"indexing","version":"2"},"event":{"count":1,"data":{"ide_activity_id":1,"created":1590181430398,"project":"d119a6d897fcb33934b9adf90ec59bc9e850f90f58367fa567dc99031a6fc921"},"id":"started"}}
{"recorder_version":"31","session":"7a006bb6fc5c","build":"193.5662.53","bucket":"159","time":1590181430462,"group":{"id":"project.fs","version":"1"},"event":{"state":true,"data":{"os":"Mac","cs-project":false,"created":1590181430462,"project":"d119a6d897fcb33934b9adf90ec59bc9e850f90f58367fa567dc99031a6fc921","cs-implicit":true,"cs-system":false},"id":"case-sensitivity"}}
{"recorder_version":"31","session":"7a006bb6fc5c","build":"193.5662.53","bucket":"159","time":1590181430462,"group":{"id":"project.fs","version":"1"},"event":{"state":true,"data":{"created":1590181430463},"id":"invoked"}}
{"recorder_version":"31","session":"7a006bb6fc5c","build":"193.5662.53","bucket":"159","time":1590181430463,"group":{"id":"project.fs","version":"1"},"event":{"state":true,"data":{"pct-non-watched":0,"created":1590181430463,"project":"d119a6d897fcb33934b9adf90ec59bc9e850f90f58367fa567dc99031a6fc921"},"id":"roots-watched"}}
{"recorder_version":"31","session":"7a006bb6fc5c","build":"193.5662.53","bucket":"159","time":1590181430463,"group":{"id":"project.fs","version":"1"},"event":{"state":true,"data":{"created":1590181430463},"id":"invoked"}}
{"recorder_version":"31","session":"7a006bb6fc5c","build":"193.5662.53","bucket":"159","time":1590181430501,"group":{"id":"indexing","version":"2"},"event":{"count":1,"data":{"ide_activity_id":1,"stage_class":"com.intellij.util.indexing.UnindexedFilesUpdater","created":1590181430501,"plugin_type":"PLATFORM"},"id":"stage"}}
{"recorder_version":"31","session":"7a006bb6fc5c","build":"193.5662.53","bucket":"159","time":1590181430560,"group":{"id":"ui.dialogs","version":"31"},"event":{"count":1,"data":{"code":1,"created":1590181430560,"plugin_type":"PLATFORM","dialog_class":"com.intellij.openapi.progress.util.ProgressDialog$MyDialogWrapper"},"id":"close"}}
{"recorder_version":"31","session":"7a006bb6fc5c","build":"193.5662.53","bucket":"159","time":1590181430759,"group":{"id":"performance","version":"31"},"event":{"count":1,"data":{"duration_ms":152,"created":1590181430759},"id":"ui.lagging"}}
{"recorder_version":"31","session":"7a006bb6fc5c","build":"193.5662.53","bucket":"159","time":1590181430864,"group":{"id":"lifecycle","version":"31"},"event":{"count":1,"data":{"duration_ms":5559,"created":1590181430864,"project":"d119a6d897fcb33934b9adf90ec59bc9e850f90f58367fa567dc99031a6fc921"},"id":"project.opening.finished"}}
{"recorder_version":"31","session":"7a006bb6fc5c","build":"193.5662.53","bucket":"159","time":1590181431916,"group":{"id":"lifecycle","version":"31"},"event":{"count":1,"data":{"created":1590181431917,"project":"d119a6d897fcb33934b9adf90ec59bc9e850f90f58367fa567dc99031a6fc921"},"id":"frame.deactivated"}}
{"recorder_version":"31","session":"7a006bb6fc5c","build":"193.5662.53","bucket":"159","time":1590181432735,"group":{"id":"indexing","version":"2"},"event":{"count":1,"data":{"duration_ms":2337,"ide_activity_id":1,"created":1590181432738},"id":"finished"}}
{"recorder_version":"31","session":"7a006bb6fc5c","build":"193.5662.53","bucket":"159","time":1590181432839,"group":{"id":"indexing","version":"2"},"event":{"count":1,"data":{"ide_activity_id":2,"created":1590181432839,"project":"d119a6d897fcb33934b9adf90ec59bc9e850f90f58367fa567dc99031a6fc921"},"id":"started"}}
{"recorder_version":"31","session":"7a006bb6fc5c","build":"193.5662.53","bucket":"159","time":1590181432851,"group":{"id":"indexing","version":"2"},"event":{"count":1,"data":{"ide_activity_id":2,"plugin":"org.jetbrains.android","stage_class":"com.android.tools.idea.res.ResourceFolderRepositoryFileCacheImpl$PruneTask","created":1590181432852,"plugin_type":"JB_BUNDLED"},"id":"stage"}}
{"recorder_version":"31","session":"7a006bb6fc5c","build":"193.5662.53","bucket":"159","time":1590181432893,"group":{"id":"indexing","version":"2"},"event":{"count":1,"data":{"ide_activity_id":2,"plugin":"org.jetbrains.android","stage_class":"com.android.tools.idea.res.ResourceFolderRepositoryFileCacheImpl$ManageLruProjectFilesTask","created":1590181432894,"plugin_type":"JB_BUNDLED"},"id":"stage"}}
{"recorder_version":"31","session":"7a006bb6fc5c","build":"193.5662.53","bucket":"159","time":1590181432922,"group":{"id":"indexing","version":"2"},"event":{"count":1,"data":{"duration_ms":83,"ide_activity_id":2,"created":1590181432923},"id":"finished"}}
{"recorder_version":"31","session":"7a006bb6fc5c","build":"193.5662.53","bucket":"159","time":1590181432936,"group":{"id":"indexing","version":"2"},"event":{"count":1,"data":{"ide_activity_id":3,"created":1590181432936,"project":"d119a6d897fcb33934b9adf90ec59bc9e850f90f58367fa567dc99031a6fc921"},"id":"started"}}
{"recorder_version":"31","session":"7a006bb6fc5c","build":"193.5662.53","bucket":"159","time":1590181432938,"group":{"id":"indexing","version":"2"},"event":{"count":1,"data":{"ide_activity_id":3,"plugin":"org.jetbrains.android","stage_class":"com.android.tools.idea.res.ResourceFolderRegistry$PopulateCachesTask","created":1590181432939,"plugin_type":"JB_BUNDLED"},"id":"stage"}}
{"recorder_version":"31","session":"7a006bb6fc5c","build":"193.5662.53","bucket":"159","time":1590181432941,"group":{"id":"indexing","version":"2"},"event":{"count":1,"data":{"duration_ms":5,"ide_activity_id":3,"created":1590181432941},"id":"finished"}}
{"recorder_version":"31","session":"7a006bb6fc5c","build":"193.5662.53","bucket":"159","time":1590181434627,"group":{"id":"lifecycle","version":"31"},"event":{"count":1,"data":{"created":1590181434627,"project":"d119a6d897fcb33934b9adf90ec59bc9e850f90f58367fa567dc99031a6fc921"},"id":"frame.activated"}}
{"recorder_version":"31","session":"7a006bb6fc5c","build":"193.5662.53","bucket":"159","time":1590181435568,"group":{"id":"startup","version":"1"},"event":{"count":1,"data":{"duration":1987,"created":1590181435568},"id":"appInit"}}
{"recorder_version":"31","session":"7a006bb6fc5c","build":"193.5662.53","bucket":"159","time":1590181435568,"group":{"id":"startup","version":"1"},"event":{"count":1,"data":{"duration":380,"created":1590181435569},"id":"splash"}}
{"recorder_version":"31","session":"7a006bb6fc5c","build":"193.5662.53","bucket":"159","time":1590181435568,"group":{"id":"startup","version":"1"},"event":{"count":1,"data":{"duration":408,"created":1590181435569},"id":"bootstrap"}}
{"recorder_version":"31","session":"7a006bb6fc5c","build":"193.5662.53","bucket":"159","time":1590181435568,"group":{"id":"startup","version":"1"},"event":{"count":1,"data":{"duration":8946,"created":1590181435569},"id":"totalDuration"}}
{"recorder_version":"31","session":"7a006bb6fc5c","build":"193.5662.53","bucket":"159","time":1590181435961,"group":{"id":"actions","version":"31"},"event":{"count":1,"data":{"context_menu":true,"action_id":"third.party","created":1590181435962,"plugin_type":"NOT_LISTED","project":"d119a6d897fcb33934b9adf90ec59bc9e850f90f58367fa567dc99031a6fc921","place":"MainMenu","class":"third.party","input_event":"NoMouseButton"},"id":"action.invoked"}}
{"recorder_version":"31","session":"7a006bb6fc5c","build":"193.5662.53","bucket":"159","time":1590181437319,"group":{"id":"ui.dialogs","version":"31"},"event":{"count":1,"data":{"created":1590181437319,"plugin_type":"NOT_LISTED","dialog_class":"third.party"},"id":"show"}}
{"recorder_version":"31","session":"7a006bb6fc5c","build":"193.5662.53","bucket":"159","time":1590181438859,"group":{"id":"ui.dialogs","version":"31"},"event":{"count":1,"data":{"code":1,"created":1590181438859,"plugin_type":"NOT_LISTED","dialog_class":"third.party"},"id":"close"}}
