{"recorder_version":"31","session":"49ea3983bcf6","build":"193.5662.53","bucket":"159","time":1590168380720,"group":{"id":"settings","version":"4"},"event":{"state":true,"data":{"component":"NotRoamableUiSettings","created":1590168381152},"id":"invoked"}}
{"recorder_version":"31","session":"49ea3983bcf6","build":"193.5662.53","bucket":"159","time":1590168380720,"group":{"id":"settings","version":"4"},"event":{"state":true,"data":{"component":"UISettings","created":1590168381155},"id":"invoked"}}
{"recorder_version":"31","session":"49ea3983bcf6","build":"193.5662.53","bucket":"159","time":1590168380726,"group":{"id":"system.java","version":"1"},"event":{"state":true,"data":{"created":1590168381178,"version":"validation.undefined_rule"},"id":"validation.undefined_rule"}}
{"recorder_version":"31","session":"49ea3983bcf6","build":"193.5662.53","bucket":"159","time":1590168380726,"group":{"id":"system.java","version":"1"},"event":{"state":true,"data":{"created":1590168381180},"id":"invoked"}}
{"recorder_version":"31","session":"49ea3983bcf6","build":"193.5662.53","bucket":"159","time":1590168380783,"group":{"id":"system.os","version":"3"},"event":{"state":true,"data":{"created":1590168381180,"version":"10.15"},"id":"Mac"}}
{"recorder_version":"31","session":"49ea3983bcf6","build":"193.5662.53","bucket":"159","time":1590168380783,"group":{"id":"system.os","version":"3"},"event":{"state":true,"data":{"created":1590168381181,"name":"Mac","version":"10.15"},"id":"os.name"}}
{"recorder_version":"31","session":"49ea3983bcf6","build":"193.5662.53","bucket":"159","time":1590168380783,"group":{"id":"system.os","version":"3"},"event":{"state":true,"data":{"created":1590168381181,"value":"+02_00"},"id":"os.timezone"}}
{"recorder_version":"31","session":"49ea3983bcf6","build":"193.5662.53","bucket":"159","time":1590168380783,"group":{"id":"system.os","version":"3"},"event":{"state":true,"data":{"created":1590168381182},"id":"invoked"}}
{"recorder_version":"31","session":"49ea3983bcf6","build":"193.5662.53","bucket":"159","time":1590168381058,"group":{"id":"settings","version":"4"},"event":{"state":true,"data":{"component":"UpdatesConfigurable","created":1590168381182,"name":"checkNeeded","type":"bool","value":false},"id":"not.default"}}
{"recorder_version":"31","session":"49ea3983bcf6","build":"193.5662.53","bucket":"159","time":1590168381058,"group":{"id":"settings","version":"4"},"event":{"state":true,"data":{"component":"UpdatesConfigurable","created":1590168381183},"id":"invoked"}}
{"recorder_version":"31","session":"49ea3983bcf6","build":"193.5662.53","bucket":"159","time":1590168381112,"group":{"id":"event.log","version":"31"},"event":{"count":1,"data":{"created":1590168381184,"version":"1268.0"},"id":"whitelist.loaded"}}
{"recorder_version":"31","session":"49ea3983bcf6","build":"193.5662.53","bucket":"159","time":1590168381301,"group":{"id":"settings","version":"4"},"event":{"state":true,"data":{"component":"GeneralSettings","created":1590168381301,"name":"showTipsOnStartup","type":"bool","value":false},"id":"not.default"}}
{"recorder_version":"31","session":"49ea3983bcf6","build":"193.5662.53","bucket":"159","time":1590168381301,"group":{"id":"settings","version":"4"},"event":{"state":true,"data":{"component":"GeneralSettings","created":1590168381311},"id":"invoked"}}
{"recorder_version":"31","session":"49ea3983bcf6","build":"193.5662.53","bucket":"159","time":1590168381327,"group":{"id":"lifecycle","version":"31"},"event":{"count":1,"data":{"internal":true,"eap":false,"created":1590168381327},"id":"ide.start"}}
{"recorder_version":"31","session":"49ea3983bcf6","build":"193.5662.53","bucket":"159","time":1590168381454,"group":{"id":"settings","version":"4"},"event":{"state":true,"data":{"component":"XmlEditorOptions","created":1590168381455},"id":"invoked"}}
{"recorder_version":"31","session":"49ea3983bcf6","build":"193.5662.53","bucket":"159","time":1590168382491,"group":{"id":"settings","version":"4"},"event":{"state":true,"data":{"component":"VcsApplicationSettings","created":1590168382491},"id":"invoked"}}
{"recorder_version":"31","session":"49ea3983bcf6","build":"193.5662.53","bucket":"159","time":1590168382491,"group":{"id":"lifecycle","version":"31"},"event":{"count":1,"data":{"created":1590168382491},"id":"frame.activated"}}
{"recorder_version":"31","session":"49ea3983bcf6","build":"193.5662.53","bucket":"159","time":1590168382526,"group":{"id":"performance","version":"31"},"event":{"count":1,"data":{"duration_ms":951,"created":1590168382526},"id":"ui.latency"}}
{"recorder_version":"31","session":"49ea3983bcf6","build":"193.5662.53","bucket":"159","time":1590168382526,"group":{"id":"performance","version":"31"},"event":{"count":1,"data":{"duration_ms":951,"created":1590168382527},"id":"ui.lagging"}}
{"recorder_version":"31","session":"49ea3983bcf6","build":"193.5662.53","bucket":"159","time":1590168382898,"group":{"id":"ui.dialogs","version":"31"},"event":{"count":1,"data":{"created":1590168382898,"plugin_type":"PLATFORM","dialog_class":"com.intellij.openapi.progress.util.ProgressDialog$MyDialogWrapper"},"id":"show"}}
{"recorder_version":"31","session":"49ea3983bcf6","build":"193.5662.53","bucket":"159","time":1590168383115,"group":{"id":"performance","version":"31"},"event":{"count":1,"data":{"duration_ms":545,"created":1590168383115},"id":"ui.lagging"}}
{"recorder_version":"31","session":"49ea3983bcf6","build":"193.5662.53","bucket":"159","time":1590168384803,"group":{"id":"lifecycle","version":"31"},"event":{"count":1,"data":{"created":1590168384804,"project":"d119a6d897fcb33934b9adf90ec59bc9e850f90f58367fa567dc99031a6fc921"},"id":"project.opened"}}
{"recorder_version":"31","session":"49ea3983bcf6","build":"193.5662.53","bucket":"159","time":1590168385346,"group":{"id":"performance","version":"31"},"event":{"count":1,"data":{"duration_ms":775,"created":1590168385346},"id":"ui.lagging"}}
{"recorder_version":"31","session":"49ea3983bcf6","build":"193.5662.53","bucket":"159","time":1590168385549,"group":{"id":"toolwindow","version":"31"},"event":{"count":1,"data":{"created":1590168385549,"plugin_type":"PLATFORM","id":"Event_Log"},"id":"activated"}}
{"recorder_version":"31","session":"49ea3983bcf6","build":"193.5662.53","bucket":"159","time":1590168386503,"group":{"id":"performance","version":"31"},"event":{"count":1,"data":{"duration_ms":927,"created":1590168386503},"id":"ui.lagging"}}
{"recorder_version":"31","session":"49ea3983bcf6","build":"193.5662.53","bucket":"159","time":1590168387164,"group":{"id":"performance","version":"31"},"event":{"count":1,"data":{"duration_ms":583,"created":1590168387164},"id":"ui.lagging"}}
{"recorder_version":"31","session":"49ea3983bcf6","build":"193.5662.53","bucket":"159","time":1590168388019,"group":{"id":"indexing","version":"2"},"event":{"count":1,"data":{"ide_activity_id":1,"created":1590168388020,"project":"d119a6d897fcb33934b9adf90ec59bc9e850f90f58367fa567dc99031a6fc921"},"id":"started"}}
{"recorder_version":"31","session":"49ea3983bcf6","build":"193.5662.53","bucket":"159","time":1590168388032,"group":{"id":"project.fs","version":"1"},"event":{"state":true,"data":{"os":"Mac","cs-project":false,"created":1590168388033,"project":"d119a6d897fcb33934b9adf90ec59bc9e850f90f58367fa567dc99031a6fc921","cs-implicit":true,"cs-system":false},"id":"case-sensitivity"}}
{"recorder_version":"31","session":"49ea3983bcf6","build":"193.5662.53","bucket":"159","time":1590168388032,"group":{"id":"project.fs","version":"1"},"event":{"state":true,"data":{"created":1590168388033},"id":"invoked"}}
{"recorder_version":"31","session":"49ea3983bcf6","build":"193.5662.53","bucket":"159","time":1590168388034,"group":{"id":"project.fs","version":"1"},"event":{"state":true,"data":{"pct-non-watched":0,"created":1590168388034,"project":"d119a6d897fcb33934b9adf90ec59bc9e850f90f58367fa567dc99031a6fc921"},"id":"roots-watched"}}
{"recorder_version":"31","session":"49ea3983bcf6","build":"193.5662.53","bucket":"159","time":1590168388034,"group":{"id":"project.fs","version":"1"},"event":{"state":true,"data":{"created":1590168388035},"id":"invoked"}}
{"recorder_version":"31","session":"49ea3983bcf6","build":"193.5662.53","bucket":"159","time":1590168388087,"group":{"id":"indexing","version":"2"},"event":{"count":1,"data":{"ide_activity_id":1,"stage_class":"com.intellij.util.indexing.UnindexedFilesUpdater","created":1590168388087,"plugin_type":"PLATFORM"},"id":"stage"}}
{"recorder_version":"31","session":"49ea3983bcf6","build":"193.5662.53","bucket":"159","time":1590168388148,"group":{"id":"ui.dialogs","version":"31"},"event":{"count":1,"data":{"code":1,"created":1590168388148,"plugin_type":"PLATFORM","dialog_class":"com.intellij.openapi.progress.util.ProgressDialog$MyDialogWrapper"},"id":"close"}}
{"recorder_version":"31","session":"49ea3983bcf6","build":"193.5662.53","bucket":"159","time":1590168388372,"group":{"id":"lifecycle","version":"31"},"event":{"count":1,"data":{"duration_ms":6916,"created":1590168388372,"project":"d119a6d897fcb33934b9adf90ec59bc9e850f90f58367fa567dc99031a6fc921"},"id":"project.opening.finished"}}
{"recorder_version":"31","session":"49ea3983bcf6","build":"193.5662.53","bucket":"159","time":1590168391193,"group":{"id":"indexing","version":"2"},"event":{"count":1,"data":{"duration_ms":3174,"ide_activity_id":1,"created":1590168391194},"id":"finished"}}
{"recorder_version":"31","session":"49ea3983bcf6","build":"193.5662.53","bucket":"159","time":1590168391308,"group":{"id":"indexing","version":"2"},"event":{"count":1,"data":{"ide_activity_id":2,"created":1590168391309,"project":"d119a6d897fcb33934b9adf90ec59bc9e850f90f58367fa567dc99031a6fc921"},"id":"started"}}
{"recorder_version":"31","session":"49ea3983bcf6","build":"193.5662.53","bucket":"159","time":1590168391325,"group":{"id":"indexing","version":"2"},"event":{"count":1,"data":{"ide_activity_id":2,"plugin":"org.jetbrains.android","stage_class":"com.android.tools.idea.res.ResourceFolderRepositoryFileCacheImpl$PruneTask","created":1590168391326,"plugin_type":"JB_BUNDLED"},"id":"stage"}}
{"recorder_version":"31","session":"49ea3983bcf6","build":"193.5662.53","bucket":"159","time":1590168391369,"group":{"id":"indexing","version":"2"},"event":{"count":1,"data":{"ide_activity_id":2,"plugin":"org.jetbrains.android","stage_class":"com.android.tools.idea.res.ResourceFolderRepositoryFileCacheImpl$ManageLruProjectFilesTask","created":1590168391370,"plugin_type":"JB_BUNDLED"},"id":"stage"}}
{"recorder_version":"31","session":"49ea3983bcf6","build":"193.5662.53","bucket":"159","time":1590168391404,"group":{"id":"indexing","version":"2"},"event":{"count":1,"data":{"duration_ms":96,"ide_activity_id":2,"created":1590168391404},"id":"finished"}}
{"recorder_version":"31","session":"49ea3983bcf6","build":"193.5662.53","bucket":"159","time":1590168391418,"group":{"id":"indexing","version":"2"},"event":{"count":1,"data":{"ide_activity_id":3,"created":1590168391418,"project":"d119a6d897fcb33934b9adf90ec59bc9e850f90f58367fa567dc99031a6fc921"},"id":"started"}}
{"recorder_version":"31","session":"49ea3983bcf6","build":"193.5662.53","bucket":"159","time":1590168391432,"group":{"id":"indexing","version":"2"},"event":{"count":1,"data":{"ide_activity_id":3,"plugin":"org.jetbrains.android","stage_class":"com.android.tools.idea.res.ResourceFolderRegistry$PopulateCachesTask","created":1590168391436,"plugin_type":"JB_BUNDLED"},"id":"stage"}}
{"recorder_version":"31","session":"49ea3983bcf6","build":"193.5662.53","bucket":"159","time":1590168391447,"group":{"id":"indexing","version":"2"},"event":{"count":1,"data":{"duration_ms":29,"ide_activity_id":3,"created":1590168391448},"id":"finished"}}
{"recorder_version":"31","session":"49ea3983bcf6","build":"193.5662.53","bucket":"159","time":1590168391895,"group":{"id":"performance","version":"31"},"event":{"count":1,"data":{"duration_ms":310,"created":1590168391895},"id":"ui.lagging"}}
{"recorder_version":"31","session":"49ea3983bcf6","build":"193.5662.53","bucket":"159","time":1590168393159,"group":{"id":"startup","version":"1"},"event":{"count":1,"data":{"duration":2454,"created":1590168393159},"id":"appInit"}}
{"recorder_version":"31","session":"49ea3983bcf6","build":"193.5662.53","bucket":"159","time":1590168393159,"group":{"id":"startup","version":"1"},"event":{"count":1,"data":{"duration":458,"created":1590168393159},"id":"splash"}}
{"recorder_version":"31","session":"49ea3983bcf6","build":"193.5662.53","bucket":"159","time":1590168393159,"group":{"id":"startup","version":"1"},"event":{"count":1,"data":{"duration":497,"created":1590168393160},"id":"bootstrap"}}
{"recorder_version":"31","session":"49ea3983bcf6","build":"193.5662.53","bucket":"159","time":1590168393159,"group":{"id":"startup","version":"1"},"event":{"count":1,"data":{"duration":11067,"created":1590168393160},"id":"totalDuration"}}
{"recorder_version":"31","session":"49ea3983bcf6","build":"193.5662.53","bucket":"159","time":1590168393969,"group":{"id":"actions","version":"31"},"event":{"count":1,"data":{"context_menu":true,"action_id":"third.party","created":1590168393970,"plugin_type":"NOT_LISTED","project":"d119a6d897fcb33934b9adf90ec59bc9e850f90f58367fa567dc99031a6fc921","place":"MainMenu","class":"third.party","input_event":"NoMouseButton"},"id":"action.invoked"}}
{"recorder_version":"31","session":"49ea3983bcf6","build":"193.5662.53","bucket":"159","time":1590168395277,"group":{"id":"ui.dialogs","version":"31"},"event":{"count":1,"data":{"created":1590168395278,"plugin_type":"NOT_LISTED","dialog_class":"third.party"},"id":"show"}}
{"recorder_version":"31","session":"49ea3983bcf6","build":"193.5662.53","bucket":"159","time":1590168397710,"group":{"id":"ui.dialogs","version":"31"},"event":{"count":1,"data":{"code":1,"created":1590168397711,"plugin_type":"NOT_LISTED","dialog_class":"third.party"},"id":"close"}}
{"recorder_version":"31","session":"49ea3983bcf6","build":"193.5662.53","bucket":"159","time":1590168399684,"group":{"id":"ui.dialogs","version":"31"},"event":{"count":1,"data":{"created":1590168399684,"plugin_type":"NOT_LISTED","dialog_class":"third.party"},"id":"show"}}
{"recorder_version":"31","session":"49ea3983bcf6","build":"193.5662.53","bucket":"159","time":1590168400567,"group":{"id":"ui.dialogs","version":"31"},"event":{"count":1,"data":{"code":0,"created":1590168400568,"plugin_type":"NOT_LISTED","dialog_class":"third.party"},"id":"close"}}
