{"recorder_version":"31","session":"039d1f40f1fa","build":"193.5662.53","bucket":"159","time":1590251476863,"group":{"id":"settings","version":"4"},"event":{"state":true,"data":{"component":"UISettings","created":1590251477249},"id":"invoked"}}
{"recorder_version":"31","session":"039d1f40f1fa","build":"193.5662.53","bucket":"159","time":1590251476863,"group":{"id":"settings","version":"4"},"event":{"state":true,"data":{"component":"NotRoamableUiSettings","created":1590251477251},"id":"invoked"}}
{"recorder_version":"31","session":"039d1f40f1fa","build":"193.5662.53","bucket":"159","time":1590251476878,"group":{"id":"system.java","version":"1"},"event":{"state":true,"data":{"created":1590251477280,"version":"validation.undefined_rule"},"id":"validation.undefined_rule"}}
{"recorder_version":"31","session":"039d1f40f1fa","build":"193.5662.53","bucket":"159","time":1590251476878,"group":{"id":"system.java","version":"1"},"event":{"state":true,"data":{"created":1590251477281},"id":"invoked"}}
{"recorder_version":"31","session":"039d1f40f1fa","build":"193.5662.53","bucket":"159","time":1590251476907,"group":{"id":"system.os","version":"3"},"event":{"state":true,"data":{"created":1590251477282,"version":"10.15"},"id":"Mac"}}
{"recorder_version":"31","session":"039d1f40f1fa","build":"193.5662.53","bucket":"159","time":1590251476907,"group":{"id":"system.os","version":"3"},"event":{"state":true,"data":{"created":1590251477282,"name":"Mac","version":"10.15"},"id":"os.name"}}
{"recorder_version":"31","session":"039d1f40f1fa","build":"193.5662.53","bucket":"159","time":1590251476907,"group":{"id":"system.os","version":"3"},"event":{"state":true,"data":{"created":1590251477283,"value":"+02_00"},"id":"os.timezone"}}
{"recorder_version":"31","session":"039d1f40f1fa","build":"193.5662.53","bucket":"159","time":1590251476907,"group":{"id":"system.os","version":"3"},"event":{"state":true,"data":{"created":1590251477283},"id":"invoked"}}
{"recorder_version":"31","session":"039d1f40f1fa","build":"193.5662.53","bucket":"159","time":1590251477104,"group":{"id":"settings","version":"4"},"event":{"state":true,"data":{"component":"UpdatesConfigurable","created":1590251477284,"name":"checkNeeded","type":"bool","value":false},"id":"not.default"}}
{"recorder_version":"31","session":"039d1f40f1fa","build":"193.5662.53","bucket":"159","time":1590251477104,"group":{"id":"settings","version":"4"},"event":{"state":true,"data":{"component":"UpdatesConfigurable","created":1590251477284},"id":"invoked"}}
{"recorder_version":"31","session":"039d1f40f1fa","build":"193.5662.53","bucket":"159","time":1590251477200,"group":{"id":"event.log","version":"31"},"event":{"count":1,"data":{"created":1590251477285,"version":"1268.0"},"id":"whitelist.loaded"}}
{"recorder_version":"31","session":"039d1f40f1fa","build":"193.5662.53","bucket":"159","time":1590251477351,"group":{"id":"settings","version":"4"},"event":{"state":true,"data":{"component":"GeneralSettings","created":1590251477352,"name":"showTipsOnStartup","type":"bool","value":false},"id":"not.default"}}
{"recorder_version":"31","session":"039d1f40f1fa","build":"193.5662.53","bucket":"159","time":1590251477351,"group":{"id":"settings","version":"4"},"event":{"state":true,"data":{"component":"GeneralSettings","created":1590251477352},"id":"invoked"}}
{"recorder_version":"31","session":"039d1f40f1fa","build":"193.5662.53","bucket":"159","time":1590251477445,"group":{"id":"lifecycle","version":"31"},"event":{"count":1,"data":{"internal":true,"eap":false,"created":1590251477446},"id":"ide.start"}}
{"recorder_version":"31","session":"039d1f40f1fa","build":"193.5662.53","bucket":"159","time":1590251477481,"group":{"id":"settings","version":"4"},"event":{"state":true,"data":{"component":"XmlEditorOptions","created":1590251477482},"id":"invoked"}}
{"recorder_version":"31","session":"039d1f40f1fa","build":"193.5662.53","bucket":"159","time":1590251478391,"group":{"id":"settings","version":"4"},"event":{"state":true,"data":{"component":"VcsApplicationSettings","created":1590251478392},"id":"invoked"}}
{"recorder_version":"31","session":"039d1f40f1fa","build":"193.5662.53","bucket":"159","time":1590251478391,"group":{"id":"lifecycle","version":"31"},"event":{"count":1,"data":{"created":1590251478392},"id":"frame.activated"}}
{"recorder_version":"31","session":"039d1f40f1fa","build":"193.5662.53","bucket":"159","time":1590251478457,"group":{"id":"performance","version":"31"},"event":{"count":1,"data":{"duration_ms":769,"created":1590251478457},"id":"ui.latency"}}
{"recorder_version":"31","session":"039d1f40f1fa","build":"193.5662.53","bucket":"159","time":1590251478457,"group":{"id":"performance","version":"31"},"event":{"count":1,"data":{"duration_ms":769,"created":1590251478458},"id":"ui.lagging"}}
{"recorder_version":"31","session":"039d1f40f1fa","build":"193.5662.53","bucket":"159","time":1590251478730,"group":{"id":"ui.dialogs","version":"31"},"event":{"count":1,"data":{"created":1590251478731,"plugin_type":"PLATFORM","dialog_class":"com.intellij.openapi.progress.util.ProgressDialog$MyDialogWrapper"},"id":"show"}}
{"recorder_version":"31","session":"039d1f40f1fa","build":"193.5662.53","bucket":"159","time":1590251478890,"group":{"id":"performance","version":"31"},"event":{"count":1,"data":{"duration_ms":212,"created":1590251478890},"id":"ui.lagging"}}
{"recorder_version":"31","session":"039d1f40f1fa","build":"193.5662.53","bucket":"159","time":1590251480341,"group":{"id":"lifecycle","version":"31"},"event":{"count":1,"data":{"created":1590251480341,"project":"d119a6d897fcb33934b9adf90ec59bc9e850f90f58367fa567dc99031a6fc921"},"id":"project.opened"}}
{"recorder_version":"31","session":"039d1f40f1fa","build":"193.5662.53","bucket":"159","time":1590251480950,"group":{"id":"performance","version":"31"},"event":{"count":1,"data":{"duration_ms":270,"created":1590251480950},"id":"ui.lagging"}}
{"recorder_version":"31","session":"039d1f40f1fa","build":"193.5662.53","bucket":"159","time":1590251480968,"group":{"id":"toolwindow","version":"31"},"event":{"count":1,"data":{"created":1590251480969,"plugin_type":"PLATFORM","id":"Event_Log"},"id":"activated"}}
{"recorder_version":"31","session":"039d1f40f1fa","build":"193.5662.53","bucket":"159","time":1590251481848,"group":{"id":"performance","version":"31"},"event":{"count":1,"data":{"duration_ms":166,"created":1590251481848},"id":"ui.lagging"}}
{"recorder_version":"31","session":"039d1f40f1fa","build":"193.5662.53","bucket":"159","time":1590251482930,"group":{"id":"project.fs","version":"1"},"event":{"state":true,"data":{"os":"Mac","cs-project":false,"created":1590251482931,"project":"d119a6d897fcb33934b9adf90ec59bc9e850f90f58367fa567dc99031a6fc921","cs-implicit":true,"cs-system":false},"id":"case-sensitivity"}}
{"recorder_version":"31","session":"039d1f40f1fa","build":"193.5662.53","bucket":"159","time":1590251482930,"group":{"id":"project.fs","version":"1"},"event":{"state":true,"data":{"created":1590251482931},"id":"invoked"}}
{"recorder_version":"31","session":"039d1f40f1fa","build":"193.5662.53","bucket":"159","time":1590251482931,"group":{"id":"project.fs","version":"1"},"event":{"state":true,"data":{"pct-non-watched":0,"created":1590251482931,"project":"d119a6d897fcb33934b9adf90ec59bc9e850f90f58367fa567dc99031a6fc921"},"id":"roots-watched"}}
{"recorder_version":"31","session":"039d1f40f1fa","build":"193.5662.53","bucket":"159","time":1590251482931,"group":{"id":"project.fs","version":"1"},"event":{"state":true,"data":{"created":1590251482931},"id":"invoked"}}
{"recorder_version":"31","session":"039d1f40f1fa","build":"193.5662.53","bucket":"159","time":1590251483129,"group":{"id":"ui.dialogs","version":"31"},"event":{"count":1,"data":{"code":1,"created":1590251483129,"plugin_type":"PLATFORM","dialog_class":"com.intellij.openapi.progress.util.ProgressDialog$MyDialogWrapper"},"id":"close"}}
{"recorder_version":"31","session":"039d1f40f1fa","build":"193.5662.53","bucket":"159","time":1590251483246,"group":{"id":"indexing","version":"2"},"event":{"count":1,"data":{"ide_activity_id":1,"created":1590251483246,"project":"d119a6d897fcb33934b9adf90ec59bc9e850f90f58367fa567dc99031a6fc921"},"id":"started"}}
{"recorder_version":"31","session":"039d1f40f1fa","build":"193.5662.53","bucket":"159","time":1590251483298,"group":{"id":"indexing","version":"2"},"event":{"count":1,"data":{"ide_activity_id":1,"stage_class":"com.intellij.util.indexing.UnindexedFilesUpdater","created":1590251483298,"plugin_type":"PLATFORM"},"id":"stage"}}
{"recorder_version":"31","session":"039d1f40f1fa","build":"193.5662.53","bucket":"159","time":1590251483364,"group":{"id":"lifecycle","version":"31"},"event":{"count":1,"data":{"duration_ms":5875,"created":1590251483365,"project":"d119a6d897fcb33934b9adf90ec59bc9e850f90f58367fa567dc99031a6fc921"},"id":"project.opening.finished"}}
{"recorder_version":"31","session":"039d1f40f1fa","build":"193.5662.53","bucket":"159","time":1590251485843,"group":{"id":"indexing","version":"2"},"event":{"count":1,"data":{"duration_ms":2597,"ide_activity_id":1,"created":1590251485850},"id":"finished"}}
{"recorder_version":"31","session":"039d1f40f1fa","build":"193.5662.53","bucket":"159","time":1590251485958,"group":{"id":"indexing","version":"2"},"event":{"count":1,"data":{"ide_activity_id":2,"created":1590251485960,"project":"d119a6d897fcb33934b9adf90ec59bc9e850f90f58367fa567dc99031a6fc921"},"id":"started"}}
{"recorder_version":"31","session":"039d1f40f1fa","build":"193.5662.53","bucket":"159","time":1590251485977,"group":{"id":"indexing","version":"2"},"event":{"count":1,"data":{"ide_activity_id":2,"plugin":"org.jetbrains.android","stage_class":"com.android.tools.idea.res.ResourceFolderRepositoryFileCacheImpl$PruneTask","created":1590251485977,"plugin_type":"JB_BUNDLED"},"id":"stage"}}
{"recorder_version":"31","session":"039d1f40f1fa","build":"193.5662.53","bucket":"159","time":1590251486027,"group":{"id":"indexing","version":"2"},"event":{"count":1,"data":{"ide_activity_id":2,"plugin":"org.jetbrains.android","stage_class":"com.android.tools.idea.res.ResourceFolderRepositoryFileCacheImpl$ManageLruProjectFilesTask","created":1590251486029,"plugin_type":"JB_BUNDLED"},"id":"stage"}}
{"recorder_version":"31","session":"039d1f40f1fa","build":"193.5662.53","bucket":"159","time":1590251486056,"group":{"id":"indexing","version":"2"},"event":{"count":1,"data":{"duration_ms":98,"ide_activity_id":2,"created":1590251486057},"id":"finished"}}
{"recorder_version":"31","session":"039d1f40f1fa","build":"193.5662.53","bucket":"159","time":1590251486070,"group":{"id":"indexing","version":"2"},"event":{"count":1,"data":{"ide_activity_id":3,"created":1590251486070,"project":"d119a6d897fcb33934b9adf90ec59bc9e850f90f58367fa567dc99031a6fc921"},"id":"started"}}
{"recorder_version":"31","session":"039d1f40f1fa","build":"193.5662.53","bucket":"159","time":1590251486074,"group":{"id":"indexing","version":"2"},"event":{"count":1,"data":{"ide_activity_id":3,"plugin":"org.jetbrains.android","stage_class":"com.android.tools.idea.res.ResourceFolderRegistry$PopulateCachesTask","created":1590251486074,"plugin_type":"JB_BUNDLED"},"id":"stage"}}
{"recorder_version":"31","session":"039d1f40f1fa","build":"193.5662.53","bucket":"159","time":1590251486076,"group":{"id":"indexing","version":"2"},"event":{"count":1,"data":{"duration_ms":6,"ide_activity_id":3,"created":1590251486077},"id":"finished"}}
{"recorder_version":"31","session":"039d1f40f1fa","build":"193.5662.53","bucket":"159","time":1590251488134,"group":{"id":"startup","version":"1"},"event":{"count":1,"data":{"duration":2133,"created":1590251488135},"id":"appInit"}}
{"recorder_version":"31","session":"039d1f40f1fa","build":"193.5662.53","bucket":"159","time":1590251488135,"group":{"id":"startup","version":"1"},"event":{"count":1,"data":{"duration":508,"created":1590251488135},"id":"splash"}}
{"recorder_version":"31","session":"039d1f40f1fa","build":"193.5662.53","bucket":"159","time":1590251488135,"group":{"id":"startup","version":"1"},"event":{"count":1,"data":{"duration":459,"created":1590251488135},"id":"bootstrap"}}
{"recorder_version":"31","session":"039d1f40f1fa","build":"193.5662.53","bucket":"159","time":1590251488135,"group":{"id":"startup","version":"1"},"event":{"count":1,"data":{"duration":9442,"created":1590251488135},"id":"totalDuration"}}
{"recorder_version":"31","session":"039d1f40f1fa","build":"193.5662.53","bucket":"159","time":1590251488806,"group":{"id":"actions","version":"31"},"event":{"count":1,"data":{"context_menu":true,"action_id":"third.party","created":1590251488806,"plugin_type":"NOT_LISTED","project":"d119a6d897fcb33934b9adf90ec59bc9e850f90f58367fa567dc99031a6fc921","place":"MainMenu","class":"third.party","input_event":"NoMouseButton"},"id":"action.invoked"}}
{"recorder_version":"31","session":"039d1f40f1fa","build":"193.5662.53","bucket":"159","time":1590251490319,"group":{"id":"ui.dialogs","version":"31"},"event":{"count":1,"data":{"created":1590251490319,"plugin_type":"NOT_LISTED","dialog_class":"third.party"},"id":"show"}}
{"recorder_version":"31","session":"039d1f40f1fa","build":"193.5662.53","bucket":"159","time":1590251490458,"group":{"id":"lifecycle","version":"31"},"event":{"count":1,"data":{"error_hash":-317511506,"created":1590251490458,"plugin_type":"NOT_LISTED","error_frames":["third.party","java.util.TimerThread.mainLoop","java.util.TimerThread.run"],"error":"java.lang.NullPointerException","error_size":3},"id":"ide.error"}}
{"recorder_version":"31","session":"039d1f40f1fa","build":"193.5662.53","bucket":"159","time":1590251504613,"group":{"id":"ui.dialogs","version":"31"},"event":{"count":1,"data":{"code":1,"created":1590251504613,"plugin_type":"NOT_LISTED","dialog_class":"third.party"},"id":"close"}}
