{"recorder_version":"31","session":"9ca6b0ade5f1","build":"193.5662.53","bucket":"159","time":1590243530299,"group":{"id":"settings","version":"4"},"event":{"state":true,"data":{"component":"NotRoamableUiSettings","created":1590243530618},"id":"invoked"}}
{"recorder_version":"31","session":"9ca6b0ade5f1","build":"193.5662.53","bucket":"159","time":1590243530299,"group":{"id":"settings","version":"4"},"event":{"state":true,"data":{"component":"UISettings","created":1590243530620},"id":"invoked"}}
{"recorder_version":"31","session":"9ca6b0ade5f1","build":"193.5662.53","bucket":"159","time":1590243530300,"group":{"id":"system.java","version":"1"},"event":{"state":true,"data":{"created":1590243530640,"version":"validation.undefined_rule"},"id":"validation.undefined_rule"}}
{"recorder_version":"31","session":"9ca6b0ade5f1","build":"193.5662.53","bucket":"159","time":1590243530300,"group":{"id":"system.java","version":"1"},"event":{"state":true,"data":{"created":1590243530640},"id":"invoked"}}
{"recorder_version":"31","session":"9ca6b0ade5f1","build":"193.5662.53","bucket":"159","time":1590243530322,"group":{"id":"system.os","version":"3"},"event":{"state":true,"data":{"created":1590243530641,"version":"10.15"},"id":"Mac"}}
{"recorder_version":"31","session":"9ca6b0ade5f1","build":"193.5662.53","bucket":"159","time":1590243530322,"group":{"id":"system.os","version":"3"},"event":{"state":true,"data":{"created":1590243530641,"name":"Mac","version":"10.15"},"id":"os.name"}}
{"recorder_version":"31","session":"9ca6b0ade5f1","build":"193.5662.53","bucket":"159","time":1590243530322,"group":{"id":"system.os","version":"3"},"event":{"state":true,"data":{"created":1590243530641,"value":"+02_00"},"id":"os.timezone"}}
{"recorder_version":"31","session":"9ca6b0ade5f1","build":"193.5662.53","bucket":"159","time":1590243530322,"group":{"id":"system.os","version":"3"},"event":{"state":true,"data":{"created":1590243530646},"id":"invoked"}}
{"recorder_version":"31","session":"9ca6b0ade5f1","build":"193.5662.53","bucket":"159","time":1590243530485,"group":{"id":"settings","version":"4"},"event":{"state":true,"data":{"component":"UpdatesConfigurable","created":1590243530651,"name":"checkNeeded","type":"bool","value":false},"id":"not.default"}}
{"recorder_version":"31","session":"9ca6b0ade5f1","build":"193.5662.53","bucket":"159","time":1590243530486,"group":{"id":"settings","version":"4"},"event":{"state":true,"data":{"component":"UpdatesConfigurable","created":1590243530652},"id":"invoked"}}
{"recorder_version":"31","session":"9ca6b0ade5f1","build":"193.5662.53","bucket":"159","time":1590243530589,"group":{"id":"event.log","version":"31"},"event":{"count":1,"data":{"created":1590243530654,"version":"1268.0"},"id":"whitelist.loaded"}}
{"recorder_version":"31","session":"9ca6b0ade5f1","build":"193.5662.53","bucket":"159","time":1590243530673,"group":{"id":"settings","version":"4"},"event":{"state":true,"data":{"component":"GeneralSettings","created":1590243530674,"name":"showTipsOnStartup","type":"bool","value":false},"id":"not.default"}}
{"recorder_version":"31","session":"9ca6b0ade5f1","build":"193.5662.53","bucket":"159","time":1590243530673,"group":{"id":"settings","version":"4"},"event":{"state":true,"data":{"component":"GeneralSettings","created":1590243530675},"id":"invoked"}}
{"recorder_version":"31","session":"9ca6b0ade5f1","build":"193.5662.53","bucket":"159","time":1590243530701,"group":{"id":"lifecycle","version":"31"},"event":{"count":1,"data":{"internal":true,"eap":false,"created":1590243530701},"id":"ide.start"}}
{"recorder_version":"31","session":"9ca6b0ade5f1","build":"193.5662.53","bucket":"159","time":1590243530826,"group":{"id":"settings","version":"4"},"event":{"state":true,"data":{"component":"XmlEditorOptions","created":1590243530826},"id":"invoked"}}
{"recorder_version":"31","session":"9ca6b0ade5f1","build":"193.5662.53","bucket":"159","time":1590243531522,"group":{"id":"settings","version":"4"},"event":{"state":true,"data":{"component":"VcsApplicationSettings","created":1590243531522},"id":"invoked"}}
{"recorder_version":"31","session":"9ca6b0ade5f1","build":"193.5662.53","bucket":"159","time":1590243531522,"group":{"id":"lifecycle","version":"31"},"event":{"count":1,"data":{"created":1590243531522},"id":"frame.activated"}}
{"recorder_version":"31","session":"9ca6b0ade5f1","build":"193.5662.53","bucket":"159","time":1590243531556,"group":{"id":"performance","version":"31"},"event":{"count":1,"data":{"duration_ms":392,"created":1590243531556},"id":"ui.latency"}}
{"recorder_version":"31","session":"9ca6b0ade5f1","build":"193.5662.53","bucket":"159","time":1590243531556,"group":{"id":"performance","version":"31"},"event":{"count":1,"data":{"duration_ms":392,"created":1590243531557},"id":"ui.lagging"}}
{"recorder_version":"31","session":"9ca6b0ade5f1","build":"193.5662.53","bucket":"159","time":1590243531829,"group":{"id":"ui.dialogs","version":"31"},"event":{"count":1,"data":{"created":1590243531829,"plugin_type":"PLATFORM","dialog_class":"com.intellij.openapi.progress.util.ProgressDialog$MyDialogWrapper"},"id":"show"}}
{"recorder_version":"31","session":"9ca6b0ade5f1","build":"193.5662.53","bucket":"159","time":1590243533301,"group":{"id":"lifecycle","version":"31"},"event":{"count":1,"data":{"created":1590243533301,"project":"d119a6d897fcb33934b9adf90ec59bc9e850f90f58367fa567dc99031a6fc921"},"id":"project.opened"}}
{"recorder_version":"31","session":"9ca6b0ade5f1","build":"193.5662.53","bucket":"159","time":1590243533694,"group":{"id":"performance","version":"31"},"event":{"count":1,"data":{"duration_ms":530,"created":1590243533694},"id":"ui.lagging"}}
{"recorder_version":"31","session":"9ca6b0ade5f1","build":"193.5662.53","bucket":"159","time":1590243533854,"group":{"id":"toolwindow","version":"31"},"event":{"count":1,"data":{"created":1590243533854,"plugin_type":"PLATFORM","id":"Event_Log"},"id":"activated"}}
{"recorder_version":"31","session":"9ca6b0ade5f1","build":"193.5662.53","bucket":"159","time":1590243534594,"group":{"id":"performance","version":"31"},"event":{"count":1,"data":{"duration_ms":428,"created":1590243534595},"id":"ui.lagging"}}
{"recorder_version":"31","session":"9ca6b0ade5f1","build":"193.5662.53","bucket":"159","time":1590243535289,"group":{"id":"performance","version":"31"},"event":{"count":1,"data":{"duration_ms":121,"created":1590243535289},"id":"ui.lagging"}}
{"recorder_version":"31","session":"9ca6b0ade5f1","build":"193.5662.53","bucket":"159","time":1590243535554,"group":{"id":"project.fs","version":"1"},"event":{"state":true,"data":{"os":"Mac","cs-project":false,"created":1590243535554,"project":"d119a6d897fcb33934b9adf90ec59bc9e850f90f58367fa567dc99031a6fc921","cs-implicit":true,"cs-system":false},"id":"case-sensitivity"}}
{"recorder_version":"31","session":"9ca6b0ade5f1","build":"193.5662.53","bucket":"159","time":1590243535554,"group":{"id":"project.fs","version":"1"},"event":{"state":true,"data":{"created":1590243535555},"id":"invoked"}}
{"recorder_version":"31","session":"9ca6b0ade5f1","build":"193.5662.53","bucket":"159","time":1590243535555,"group":{"id":"project.fs","version":"1"},"event":{"state":true,"data":{"pct-non-watched":0,"created":1590243535555,"project":"d119a6d897fcb33934b9adf90ec59bc9e850f90f58367fa567dc99031a6fc921"},"id":"roots-watched"}}
{"recorder_version":"31","session":"9ca6b0ade5f1","build":"193.5662.53","bucket":"159","time":1590243535555,"group":{"id":"project.fs","version":"1"},"event":{"state":true,"data":{"created":1590243535555},"id":"invoked"}}
{"recorder_version":"31","session":"9ca6b0ade5f1","build":"193.5662.53","bucket":"159","time":1590243535683,"group":{"id":"ui.dialogs","version":"31"},"event":{"count":1,"data":{"code":1,"created":1590243535684,"plugin_type":"PLATFORM","dialog_class":"com.intellij.openapi.progress.util.ProgressDialog$MyDialogWrapper"},"id":"close"}}
{"recorder_version":"31","session":"9ca6b0ade5f1","build":"193.5662.53","bucket":"159","time":1590243535780,"group":{"id":"indexing","version":"2"},"event":{"count":1,"data":{"ide_activity_id":1,"created":1590243535780,"project":"d119a6d897fcb33934b9adf90ec59bc9e850f90f58367fa567dc99031a6fc921"},"id":"started"}}
{"recorder_version":"31","session":"9ca6b0ade5f1","build":"193.5662.53","bucket":"159","time":1590243535853,"group":{"id":"indexing","version":"2"},"event":{"count":1,"data":{"ide_activity_id":1,"stage_class":"com.intellij.util.indexing.UnindexedFilesUpdater","created":1590243535853,"plugin_type":"PLATFORM"},"id":"stage"}}
{"recorder_version":"31","session":"9ca6b0ade5f1","build":"193.5662.53","bucket":"159","time":1590243535908,"group":{"id":"lifecycle","version":"31"},"event":{"count":1,"data":{"duration_ms":5067,"created":1590243535909,"project":"d119a6d897fcb33934b9adf90ec59bc9e850f90f58367fa567dc99031a6fc921"},"id":"project.opening.finished"}}
{"recorder_version":"31","session":"9ca6b0ade5f1","build":"193.5662.53","bucket":"159","time":1590243538088,"group":{"id":"indexing","version":"2"},"event":{"count":1,"data":{"duration_ms":2308,"ide_activity_id":1,"created":1590243538088},"id":"finished"}}
{"recorder_version":"31","session":"9ca6b0ade5f1","build":"193.5662.53","bucket":"159","time":1590243538183,"group":{"id":"indexing","version":"2"},"event":{"count":1,"data":{"ide_activity_id":2,"created":1590243538183,"project":"d119a6d897fcb33934b9adf90ec59bc9e850f90f58367fa567dc99031a6fc921"},"id":"started"}}
{"recorder_version":"31","session":"9ca6b0ade5f1","build":"193.5662.53","bucket":"159","time":1590243538196,"group":{"id":"indexing","version":"2"},"event":{"count":1,"data":{"ide_activity_id":2,"plugin":"org.jetbrains.android","stage_class":"com.android.tools.idea.res.ResourceFolderRepositoryFileCacheImpl$PruneTask","created":1590243538197,"plugin_type":"JB_BUNDLED"},"id":"stage"}}
{"recorder_version":"31","session":"9ca6b0ade5f1","build":"193.5662.53","bucket":"159","time":1590243538237,"group":{"id":"indexing","version":"2"},"event":{"count":1,"data":{"ide_activity_id":2,"plugin":"org.jetbrains.android","stage_class":"com.android.tools.idea.res.ResourceFolderRepositoryFileCacheImpl$ManageLruProjectFilesTask","created":1590243538237,"plugin_type":"JB_BUNDLED"},"id":"stage"}}
{"recorder_version":"31","session":"9ca6b0ade5f1","build":"193.5662.53","bucket":"159","time":1590243538270,"group":{"id":"indexing","version":"2"},"event":{"count":1,"data":{"duration_ms":87,"ide_activity_id":2,"created":1590243538271},"id":"finished"}}
{"recorder_version":"31","session":"9ca6b0ade5f1","build":"193.5662.53","bucket":"159","time":1590243538281,"group":{"id":"indexing","version":"2"},"event":{"count":1,"data":{"ide_activity_id":3,"created":1590243538281,"project":"d119a6d897fcb33934b9adf90ec59bc9e850f90f58367fa567dc99031a6fc921"},"id":"started"}}
{"recorder_version":"31","session":"9ca6b0ade5f1","build":"193.5662.53","bucket":"159","time":1590243538284,"group":{"id":"indexing","version":"2"},"event":{"count":1,"data":{"ide_activity_id":3,"plugin":"org.jetbrains.android","stage_class":"com.android.tools.idea.res.ResourceFolderRegistry$PopulateCachesTask","created":1590243538285,"plugin_type":"JB_BUNDLED"},"id":"stage"}}
{"recorder_version":"31","session":"9ca6b0ade5f1","build":"193.5662.53","bucket":"159","time":1590243538286,"group":{"id":"indexing","version":"2"},"event":{"count":1,"data":{"duration_ms":5,"ide_activity_id":3,"created":1590243538287},"id":"finished"}}
{"recorder_version":"31","session":"9ca6b0ade5f1","build":"193.5662.53","bucket":"159","time":1590243539671,"group":{"id":"actions","version":"31"},"event":{"count":1,"data":{"context_menu":true,"action_id":"third.party","created":1590243539672,"plugin_type":"NOT_LISTED","project":"d119a6d897fcb33934b9adf90ec59bc9e850f90f58367fa567dc99031a6fc921","place":"MainMenu","class":"third.party","input_event":"NoMouseButton"},"id":"action.invoked"}}
{"recorder_version":"31","session":"9ca6b0ade5f1","build":"193.5662.53","bucket":"159","time":1590243540691,"group":{"id":"startup","version":"1"},"event":{"count":1,"data":{"duration":1828,"created":1590243540691},"id":"appInit"}}
{"recorder_version":"31","session":"9ca6b0ade5f1","build":"193.5662.53","bucket":"159","time":1590243540691,"group":{"id":"startup","version":"1"},"event":{"count":1,"data":{"duration":358,"created":1590243540691},"id":"splash"}}
{"recorder_version":"31","session":"9ca6b0ade5f1","build":"193.5662.53","bucket":"159","time":1590243540691,"group":{"id":"startup","version":"1"},"event":{"count":1,"data":{"duration":400,"created":1590243540692},"id":"bootstrap"}}
{"recorder_version":"31","session":"9ca6b0ade5f1","build":"193.5662.53","bucket":"159","time":1590243540691,"group":{"id":"startup","version":"1"},"event":{"count":1,"data":{"duration":8146,"created":1590243540692},"id":"totalDuration"}}
{"recorder_version":"31","session":"9ca6b0ade5f1","build":"193.5662.53","bucket":"159","time":1590243541231,"group":{"id":"ui.dialogs","version":"31"},"event":{"count":1,"data":{"created":1590243541231,"plugin_type":"NOT_LISTED","dialog_class":"third.party"},"id":"show"}}
{"recorder_version":"31","session":"9ca6b0ade5f1","build":"193.5662.53","bucket":"159","time":1590243545549,"group":{"id":"ui.dialogs","version":"31"},"event":{"count":1,"data":{"code":0,"created":1590243545549,"plugin_type":"NOT_LISTED","dialog_class":"third.party"},"id":"close"}}
