{"recorder_version":"31","session":"e3aee353d375","build":"193.5662.53","bucket":"159","time":1590181655873,"group":{"id":"settings","version":"4"},"event":{"state":true,"data":{"component":"NotRoamableUiSettings","created":1590181656203},"id":"invoked"}}
{"recorder_version":"31","session":"e3aee353d375","build":"193.5662.53","bucket":"159","time":1590181655873,"group":{"id":"settings","version":"4"},"event":{"state":true,"data":{"component":"UISettings","created":1590181656205},"id":"invoked"}}
{"recorder_version":"31","session":"e3aee353d375","build":"193.5662.53","bucket":"159","time":1590181655882,"group":{"id":"system.java","version":"1"},"event":{"state":true,"data":{"created":1590181656214,"version":"validation.undefined_rule"},"id":"validation.undefined_rule"}}
{"recorder_version":"31","session":"e3aee353d375","build":"193.5662.53","bucket":"159","time":1590181655882,"group":{"id":"system.java","version":"1"},"event":{"state":true,"data":{"created":1590181656214},"id":"invoked"}}
{"recorder_version":"31","session":"e3aee353d375","build":"193.5662.53","bucket":"159","time":1590181655906,"group":{"id":"system.os","version":"3"},"event":{"state":true,"data":{"created":1590181656215,"version":"10.15"},"id":"Mac"}}
{"recorder_version":"31","session":"e3aee353d375","build":"193.5662.53","bucket":"159","time":1590181655906,"group":{"id":"system.os","version":"3"},"event":{"state":true,"data":{"created":1590181656216,"name":"Mac","version":"10.15"},"id":"os.name"}}
{"recorder_version":"31","session":"e3aee353d375","build":"193.5662.53","bucket":"159","time":1590181655906,"group":{"id":"system.os","version":"3"},"event":{"state":true,"data":{"created":1590181656216,"value":"+02_00"},"id":"os.timezone"}}
{"recorder_version":"31","session":"e3aee353d375","build":"193.5662.53","bucket":"159","time":1590181655906,"group":{"id":"system.os","version":"3"},"event":{"state":true,"data":{"created":1590181656216},"id":"invoked"}}
{"recorder_version":"31","session":"e3aee353d375","build":"193.5662.53","bucket":"159","time":1590181656104,"group":{"id":"settings","version":"4"},"event":{"state":true,"data":{"component":"UpdatesConfigurable","created":1590181656217,"name":"checkNeeded","type":"bool","value":false},"id":"not.default"}}
{"recorder_version":"31","session":"e3aee353d375","build":"193.5662.53","bucket":"159","time":1590181656105,"group":{"id":"settings","version":"4"},"event":{"state":true,"data":{"component":"UpdatesConfigurable","created":1590181656217},"id":"invoked"}}
{"recorder_version":"31","session":"e3aee353d375","build":"193.5662.53","bucket":"159","time":1590181656170,"group":{"id":"event.log","version":"31"},"event":{"count":1,"data":{"created":1590181656218,"version":"1268.0"},"id":"whitelist.loaded"}}
{"recorder_version":"31","session":"e3aee353d375","build":"193.5662.53","bucket":"159","time":1590181656270,"group":{"id":"settings","version":"4"},"event":{"state":true,"data":{"component":"GeneralSettings","created":1590181656270,"name":"showTipsOnStartup","type":"bool","value":false},"id":"not.default"}}
{"recorder_version":"31","session":"e3aee353d375","build":"193.5662.53","bucket":"159","time":1590181656270,"group":{"id":"settings","version":"4"},"event":{"state":true,"data":{"component":"GeneralSettings","created":1590181656271},"id":"invoked"}}
{"recorder_version":"31","session":"e3aee353d375","build":"193.5662.53","bucket":"159","time":1590181656280,"group":{"id":"lifecycle","version":"31"},"event":{"count":1,"data":{"internal":true,"eap":false,"created":1590181656280},"id":"ide.start"}}
{"recorder_version":"31","session":"e3aee353d375","build":"193.5662.53","bucket":"159","time":1590181656386,"group":{"id":"settings","version":"4"},"event":{"state":true,"data":{"component":"XmlEditorOptions","created":1590181656386},"id":"invoked"}}
{"recorder_version":"31","session":"e3aee353d375","build":"193.5662.53","bucket":"159","time":1590181657297,"group":{"id":"settings","version":"4"},"event":{"state":true,"data":{"component":"VcsApplicationSettings","created":1590181657297},"id":"invoked"}}
{"recorder_version":"31","session":"e3aee353d375","build":"193.5662.53","bucket":"159","time":1590181657297,"group":{"id":"lifecycle","version":"31"},"event":{"count":1,"data":{"created":1590181657298},"id":"frame.activated"}}
{"recorder_version":"31","session":"e3aee353d375","build":"193.5662.53","bucket":"159","time":1590181657375,"group":{"id":"performance","version":"31"},"event":{"count":1,"data":{"duration_ms":596,"created":1590181657375},"id":"ui.latency"}}
{"recorder_version":"31","session":"e3aee353d375","build":"193.5662.53","bucket":"159","time":1590181657375,"group":{"id":"performance","version":"31"},"event":{"count":1,"data":{"duration_ms":596,"created":1590181657375},"id":"ui.lagging"}}
{"recorder_version":"31","session":"e3aee353d375","build":"193.5662.53","bucket":"159","time":1590181657526,"group":{"id":"ui.dialogs","version":"31"},"event":{"count":1,"data":{"created":1590181657527,"plugin_type":"PLATFORM","dialog_class":"com.intellij.openapi.progress.util.ProgressDialog$MyDialogWrapper"},"id":"show"}}
{"recorder_version":"31","session":"e3aee353d375","build":"193.5662.53","bucket":"159","time":1590181659299,"group":{"id":"lifecycle","version":"31"},"event":{"count":1,"data":{"created":1590181659300,"project":"d119a6d897fcb33934b9adf90ec59bc9e850f90f58367fa567dc99031a6fc921"},"id":"project.opened"}}
{"recorder_version":"31","session":"e3aee353d375","build":"193.5662.53","bucket":"159","time":1590181659940,"group":{"id":"performance","version":"31"},"event":{"count":1,"data":{"duration_ms":162,"created":1590181659940},"id":"ui.lagging"}}
{"recorder_version":"31","session":"e3aee353d375","build":"193.5662.53","bucket":"159","time":1590181659961,"group":{"id":"toolwindow","version":"31"},"event":{"count":1,"data":{"created":1590181659961,"plugin_type":"PLATFORM","id":"Event_Log"},"id":"activated"}}
{"recorder_version":"31","session":"e3aee353d375","build":"193.5662.53","bucket":"159","time":1590181661118,"group":{"id":"performance","version":"31"},"event":{"count":1,"data":{"duration_ms":340,"created":1590181661118},"id":"ui.lagging"}}
{"recorder_version":"31","session":"e3aee353d375","build":"193.5662.53","bucket":"159","time":1590181661980,"group":{"id":"performance","version":"31"},"event":{"count":1,"data":{"duration_ms":199,"created":1590181661980},"id":"ui.lagging"}}
{"recorder_version":"31","session":"e3aee353d375","build":"193.5662.53","bucket":"159","time":1590181662252,"group":{"id":"project.fs","version":"1"},"event":{"state":true,"data":{"os":"Mac","cs-project":false,"created":1590181662252,"project":"d119a6d897fcb33934b9adf90ec59bc9e850f90f58367fa567dc99031a6fc921","cs-implicit":true,"cs-system":false},"id":"case-sensitivity"}}
{"recorder_version":"31","session":"e3aee353d375","build":"193.5662.53","bucket":"159","time":1590181662252,"group":{"id":"project.fs","version":"1"},"event":{"state":true,"data":{"created":1590181662252},"id":"invoked"}}
{"recorder_version":"31","session":"e3aee353d375","build":"193.5662.53","bucket":"159","time":1590181662252,"group":{"id":"project.fs","version":"1"},"event":{"state":true,"data":{"pct-non-watched":0,"created":1590181662253,"project":"d119a6d897fcb33934b9adf90ec59bc9e850f90f58367fa567dc99031a6fc921"},"id":"roots-watched"}}
{"recorder_version":"31","session":"e3aee353d375","build":"193.5662.53","bucket":"159","time":1590181662252,"group":{"id":"project.fs","version":"1"},"event":{"state":true,"data":{"created":1590181662253},"id":"invoked"}}
{"recorder_version":"31","session":"e3aee353d375","build":"193.5662.53","bucket":"159","time":1590181662411,"group":{"id":"ui.dialogs","version":"31"},"event":{"count":1,"data":{"code":1,"created":1590181662412,"plugin_type":"PLATFORM","dialog_class":"com.intellij.openapi.progress.util.ProgressDialog$MyDialogWrapper"},"id":"close"}}
{"recorder_version":"31","session":"e3aee353d375","build":"193.5662.53","bucket":"159","time":1590181662588,"group":{"id":"indexing","version":"2"},"event":{"count":1,"data":{"ide_activity_id":1,"created":1590181662588,"project":"d119a6d897fcb33934b9adf90ec59bc9e850f90f58367fa567dc99031a6fc921"},"id":"started"}}
{"recorder_version":"31","session":"e3aee353d375","build":"193.5662.53","bucket":"159","time":1590181662671,"group":{"id":"indexing","version":"2"},"event":{"count":1,"data":{"ide_activity_id":1,"stage_class":"com.intellij.util.indexing.UnindexedFilesUpdater","created":1590181662671,"plugin_type":"PLATFORM"},"id":"stage"}}
{"recorder_version":"31","session":"e3aee353d375","build":"193.5662.53","bucket":"159","time":1590181662820,"group":{"id":"lifecycle","version":"31"},"event":{"count":1,"data":{"duration_ms":6369,"created":1590181662820,"project":"d119a6d897fcb33934b9adf90ec59bc9e850f90f58367fa567dc99031a6fc921"},"id":"project.opening.finished"}}
{"recorder_version":"31","session":"e3aee353d375","build":"193.5662.53","bucket":"159","time":1590181665510,"group":{"id":"indexing","version":"2"},"event":{"count":1,"data":{"duration_ms":2922,"ide_activity_id":1,"created":1590181665510},"id":"finished"}}
{"recorder_version":"31","session":"e3aee353d375","build":"193.5662.53","bucket":"159","time":1590181665610,"group":{"id":"indexing","version":"2"},"event":{"count":1,"data":{"ide_activity_id":2,"created":1590181665610,"project":"d119a6d897fcb33934b9adf90ec59bc9e850f90f58367fa567dc99031a6fc921"},"id":"started"}}
{"recorder_version":"31","session":"e3aee353d375","build":"193.5662.53","bucket":"159","time":1590181665627,"group":{"id":"indexing","version":"2"},"event":{"count":1,"data":{"ide_activity_id":2,"plugin":"org.jetbrains.android","stage_class":"com.android.tools.idea.res.ResourceFolderRepositoryFileCacheImpl$PruneTask","created":1590181665627,"plugin_type":"JB_BUNDLED"},"id":"stage"}}
{"recorder_version":"31","session":"e3aee353d375","build":"193.5662.53","bucket":"159","time":1590181665672,"group":{"id":"indexing","version":"2"},"event":{"count":1,"data":{"ide_activity_id":2,"plugin":"org.jetbrains.android","stage_class":"com.android.tools.idea.res.ResourceFolderRepositoryFileCacheImpl$ManageLruProjectFilesTask","created":1590181665673,"plugin_type":"JB_BUNDLED"},"id":"stage"}}
{"recorder_version":"31","session":"e3aee353d375","build":"193.5662.53","bucket":"159","time":1590181665703,"group":{"id":"indexing","version":"2"},"event":{"count":1,"data":{"duration_ms":93,"ide_activity_id":2,"created":1590181665703},"id":"finished"}}
{"recorder_version":"31","session":"e3aee353d375","build":"193.5662.53","bucket":"159","time":1590181665715,"group":{"id":"indexing","version":"2"},"event":{"count":1,"data":{"ide_activity_id":3,"created":1590181665716,"project":"d119a6d897fcb33934b9adf90ec59bc9e850f90f58367fa567dc99031a6fc921"},"id":"started"}}
{"recorder_version":"31","session":"e3aee353d375","build":"193.5662.53","bucket":"159","time":1590181665719,"group":{"id":"indexing","version":"2"},"event":{"count":1,"data":{"ide_activity_id":3,"plugin":"org.jetbrains.android","stage_class":"com.android.tools.idea.res.ResourceFolderRegistry$PopulateCachesTask","created":1590181665723,"plugin_type":"JB_BUNDLED"},"id":"stage"}}
{"recorder_version":"31","session":"e3aee353d375","build":"193.5662.53","bucket":"159","time":1590181665723,"group":{"id":"indexing","version":"2"},"event":{"count":1,"data":{"duration_ms":8,"ide_activity_id":3,"created":1590181665723},"id":"finished"}}
{"recorder_version":"31","session":"e3aee353d375","build":"193.5662.53","bucket":"159","time":1590181666178,"group":{"id":"performance","version":"31"},"event":{"count":1,"data":{"duration_ms":382,"created":1590181666178},"id":"ui.lagging"}}
{"recorder_version":"31","session":"e3aee353d375","build":"193.5662.53","bucket":"159","time":1590181667416,"group":{"id":"startup","version":"1"},"event":{"count":1,"data":{"duration":1744,"created":1590181667417},"id":"appInit"}}
{"recorder_version":"31","session":"e3aee353d375","build":"193.5662.53","bucket":"159","time":1590181667416,"group":{"id":"startup","version":"1"},"event":{"count":1,"data":{"duration":344,"created":1590181667417},"id":"splash"}}
{"recorder_version":"31","session":"e3aee353d375","build":"193.5662.53","bucket":"159","time":1590181667417,"group":{"id":"startup","version":"1"},"event":{"count":1,"data":{"duration":355,"created":1590181667417},"id":"bootstrap"}}
{"recorder_version":"31","session":"e3aee353d375","build":"193.5662.53","bucket":"159","time":1590181667417,"group":{"id":"startup","version":"1"},"event":{"count":1,"data":{"duration":8931,"created":1590181667417},"id":"totalDuration"}}
{"recorder_version":"31","session":"e3aee353d375","build":"193.5662.53","bucket":"159","time":1590181667671,"group":{"id":"actions","version":"31"},"event":{"count":1,"data":{"context_menu":true,"action_id":"third.party","created":1590181667671,"plugin_type":"NOT_LISTED","project":"d119a6d897fcb33934b9adf90ec59bc9e850f90f58367fa567dc99031a6fc921","place":"MainMenu","class":"third.party","input_event":"NoMouseButton"},"id":"action.invoked"}}
{"recorder_version":"31","session":"e3aee353d375","build":"193.5662.53","bucket":"159","time":1590181667926,"group":{"id":"performance","version":"31"},"event":{"count":1,"data":{"duration_ms":124,"created":1590181667926},"id":"ui.lagging"}}
{"recorder_version":"31","session":"e3aee353d375","build":"193.5662.53","bucket":"159","time":1590181669146,"group":{"id":"ui.dialogs","version":"31"},"event":{"count":1,"data":{"created":1590181669146,"plugin_type":"NOT_LISTED","dialog_class":"third.party"},"id":"show"}}
{"recorder_version":"31","session":"e3aee353d375","build":"193.5662.53","bucket":"159","time":1590181672486,"group":{"id":"ui.dialogs","version":"31"},"event":{"count":1,"data":{"code":0,"created":1590181672486,"plugin_type":"NOT_LISTED","dialog_class":"third.party"},"id":"close"}}
