{"recorder_version":"31","session":"a5fc5c9a1ff9","build":"193.5662.53","bucket":"159","time":1590240415537,"group":{"id":"settings","version":"4"},"event":{"state":true,"data":{"component":"NotRoamableUiSettings","created":1590240415830},"id":"invoked"}}
{"recorder_version":"31","session":"a5fc5c9a1ff9","build":"193.5662.53","bucket":"159","time":1590240415537,"group":{"id":"settings","version":"4"},"event":{"state":true,"data":{"component":"UISettings","created":1590240415832},"id":"invoked"}}
{"recorder_version":"31","session":"a5fc5c9a1ff9","build":"193.5662.53","bucket":"159","time":1590240415546,"group":{"id":"system.java","version":"1"},"event":{"state":true,"data":{"created":1590240415845,"version":"validation.undefined_rule"},"id":"validation.undefined_rule"}}
{"recorder_version":"31","session":"a5fc5c9a1ff9","build":"193.5662.53","bucket":"159","time":1590240415548,"group":{"id":"system.java","version":"1"},"event":{"state":true,"data":{"created":1590240415846},"id":"invoked"}}
{"recorder_version":"31","session":"a5fc5c9a1ff9","build":"193.5662.53","bucket":"159","time":1590240415571,"group":{"id":"system.os","version":"3"},"event":{"state":true,"data":{"created":1590240415849,"version":"10.15"},"id":"Mac"}}
{"recorder_version":"31","session":"a5fc5c9a1ff9","build":"193.5662.53","bucket":"159","time":1590240415571,"group":{"id":"system.os","version":"3"},"event":{"state":true,"data":{"created":1590240415849,"name":"Mac","version":"10.15"},"id":"os.name"}}
{"recorder_version":"31","session":"a5fc5c9a1ff9","build":"193.5662.53","bucket":"159","time":1590240415571,"group":{"id":"system.os","version":"3"},"event":{"state":true,"data":{"created":1590240415850,"value":"+02_00"},"id":"os.timezone"}}
{"recorder_version":"31","session":"a5fc5c9a1ff9","build":"193.5662.53","bucket":"159","time":1590240415571,"group":{"id":"system.os","version":"3"},"event":{"state":true,"data":{"created":1590240415850},"id":"invoked"}}
{"recorder_version":"31","session":"a5fc5c9a1ff9","build":"193.5662.53","bucket":"159","time":1590240415805,"group":{"id":"event.log","version":"31"},"event":{"count":1,"data":{"created":1590240415850,"version":"1268.0"},"id":"whitelist.loaded"}}
{"recorder_version":"31","session":"a5fc5c9a1ff9","build":"193.5662.53","bucket":"159","time":1590240415912,"group":{"id":"settings","version":"4"},"event":{"state":true,"data":{"component":"UpdatesConfigurable","created":1590240415913,"name":"checkNeeded","type":"bool","value":false},"id":"not.default"}}
{"recorder_version":"31","session":"a5fc5c9a1ff9","build":"193.5662.53","bucket":"159","time":1590240415913,"group":{"id":"settings","version":"4"},"event":{"state":true,"data":{"component":"UpdatesConfigurable","created":1590240415913},"id":"invoked"}}
{"recorder_version":"31","session":"a5fc5c9a1ff9","build":"193.5662.53","bucket":"159","time":1590240416088,"group":{"id":"settings","version":"4"},"event":{"state":true,"data":{"component":"GeneralSettings","created":1590240416093,"name":"showTipsOnStartup","type":"bool","value":false},"id":"not.default"}}
{"recorder_version":"31","session":"a5fc5c9a1ff9","build":"193.5662.53","bucket":"159","time":1590240416093,"group":{"id":"settings","version":"4"},"event":{"state":true,"data":{"component":"GeneralSettings","created":1590240416096},"id":"invoked"}}
{"recorder_version":"31","session":"a5fc5c9a1ff9","build":"193.5662.53","bucket":"159","time":1590240416201,"group":{"id":"lifecycle","version":"31"},"event":{"count":1,"data":{"internal":true,"eap":false,"created":1590240416201},"id":"ide.start"}}
{"recorder_version":"31","session":"a5fc5c9a1ff9","build":"193.5662.53","bucket":"159","time":1590240416229,"group":{"id":"settings","version":"4"},"event":{"state":true,"data":{"component":"XmlEditorOptions","created":1590240416229},"id":"invoked"}}
{"recorder_version":"31","session":"a5fc5c9a1ff9","build":"193.5662.53","bucket":"159","time":1590240416981,"group":{"id":"settings","version":"4"},"event":{"state":true,"data":{"component":"VcsApplicationSettings","created":1590240416981},"id":"invoked"}}
{"recorder_version":"31","session":"a5fc5c9a1ff9","build":"193.5662.53","bucket":"159","time":1590240416981,"group":{"id":"lifecycle","version":"31"},"event":{"count":1,"data":{"created":1590240416981},"id":"frame.activated"}}
{"recorder_version":"31","session":"a5fc5c9a1ff9","build":"193.5662.53","bucket":"159","time":1590240417011,"group":{"id":"performance","version":"31"},"event":{"count":1,"data":{"duration_ms":516,"created":1590240417011},"id":"ui.latency"}}
{"recorder_version":"31","session":"a5fc5c9a1ff9","build":"193.5662.53","bucket":"159","time":1590240417011,"group":{"id":"performance","version":"31"},"event":{"count":1,"data":{"duration_ms":516,"created":1590240417012},"id":"ui.lagging"}}
{"recorder_version":"31","session":"a5fc5c9a1ff9","build":"193.5662.53","bucket":"159","time":1590240417287,"group":{"id":"ui.dialogs","version":"31"},"event":{"count":1,"data":{"created":1590240417287,"plugin_type":"PLATFORM","dialog_class":"com.intellij.openapi.progress.util.ProgressDialog$MyDialogWrapper"},"id":"show"}}
{"recorder_version":"31","session":"a5fc5c9a1ff9","build":"193.5662.53","bucket":"159","time":1590240418790,"group":{"id":"lifecycle","version":"31"},"event":{"count":1,"data":{"created":1590240418790,"project":"d119a6d897fcb33934b9adf90ec59bc9e850f90f58367fa567dc99031a6fc921"},"id":"project.opened"}}
{"recorder_version":"31","session":"a5fc5c9a1ff9","build":"193.5662.53","bucket":"159","time":1590240419209,"group":{"id":"performance","version":"31"},"event":{"count":1,"data":{"duration_ms":718,"created":1590240419209},"id":"ui.lagging"}}
{"recorder_version":"31","session":"a5fc5c9a1ff9","build":"193.5662.53","bucket":"159","time":1590240419385,"group":{"id":"toolwindow","version":"31"},"event":{"count":1,"data":{"created":1590240419386,"plugin_type":"PLATFORM","id":"Event_Log"},"id":"activated"}}
{"recorder_version":"31","session":"a5fc5c9a1ff9","build":"193.5662.53","bucket":"159","time":1590240420163,"group":{"id":"performance","version":"31"},"event":{"count":1,"data":{"duration_ms":667,"created":1590240420163},"id":"ui.lagging"}}
{"recorder_version":"31","session":"a5fc5c9a1ff9","build":"193.5662.53","bucket":"159","time":1590240420688,"group":{"id":"performance","version":"31"},"event":{"count":1,"data":{"duration_ms":192,"created":1590240420688},"id":"ui.lagging"}}
{"recorder_version":"31","session":"a5fc5c9a1ff9","build":"193.5662.53","bucket":"159","time":1590240421289,"group":{"id":"indexing","version":"2"},"event":{"count":1,"data":{"ide_activity_id":1,"created":1590240421289,"project":"d119a6d897fcb33934b9adf90ec59bc9e850f90f58367fa567dc99031a6fc921"},"id":"started"}}
{"recorder_version":"31","session":"a5fc5c9a1ff9","build":"193.5662.53","bucket":"159","time":1590240421296,"group":{"id":"project.fs","version":"1"},"event":{"state":true,"data":{"os":"Mac","cs-project":false,"created":1590240421296,"project":"d119a6d897fcb33934b9adf90ec59bc9e850f90f58367fa567dc99031a6fc921","cs-implicit":true,"cs-system":false},"id":"case-sensitivity"}}
{"recorder_version":"31","session":"a5fc5c9a1ff9","build":"193.5662.53","bucket":"159","time":1590240421296,"group":{"id":"project.fs","version":"1"},"event":{"state":true,"data":{"created":1590240421297},"id":"invoked"}}
{"recorder_version":"31","session":"a5fc5c9a1ff9","build":"193.5662.53","bucket":"159","time":1590240421297,"group":{"id":"project.fs","version":"1"},"event":{"state":true,"data":{"pct-non-watched":0,"created":1590240421297,"project":"d119a6d897fcb33934b9adf90ec59bc9e850f90f58367fa567dc99031a6fc921"},"id":"roots-watched"}}
{"recorder_version":"31","session":"a5fc5c9a1ff9","build":"193.5662.53","bucket":"159","time":1590240421297,"group":{"id":"project.fs","version":"1"},"event":{"state":true,"data":{"created":1590240421298},"id":"invoked"}}
{"recorder_version":"31","session":"a5fc5c9a1ff9","build":"193.5662.53","bucket":"159","time":1590240421381,"group":{"id":"indexing","version":"2"},"event":{"count":1,"data":{"ide_activity_id":1,"stage_class":"com.intellij.util.indexing.UnindexedFilesUpdater","created":1590240421382,"plugin_type":"PLATFORM"},"id":"stage"}}
{"recorder_version":"31","session":"a5fc5c9a1ff9","build":"193.5662.53","bucket":"159","time":1590240421382,"group":{"id":"ui.dialogs","version":"31"},"event":{"count":1,"data":{"code":1,"created":1590240421383,"plugin_type":"PLATFORM","dialog_class":"com.intellij.openapi.progress.util.ProgressDialog$MyDialogWrapper"},"id":"close"}}
{"recorder_version":"31","session":"a5fc5c9a1ff9","build":"193.5662.53","bucket":"159","time":1590240421641,"group":{"id":"lifecycle","version":"31"},"event":{"count":1,"data":{"duration_ms":5334,"created":1590240421642,"project":"d119a6d897fcb33934b9adf90ec59bc9e850f90f58367fa567dc99031a6fc921"},"id":"project.opening.finished"}}
{"recorder_version":"31","session":"a5fc5c9a1ff9","build":"193.5662.53","bucket":"159","time":1590240423800,"group":{"id":"indexing","version":"2"},"event":{"count":1,"data":{"duration_ms":2511,"ide_activity_id":1,"created":1590240423800},"id":"finished"}}
{"recorder_version":"31","session":"a5fc5c9a1ff9","build":"193.5662.53","bucket":"159","time":1590240423894,"group":{"id":"indexing","version":"2"},"event":{"count":1,"data":{"ide_activity_id":2,"created":1590240423894,"project":"d119a6d897fcb33934b9adf90ec59bc9e850f90f58367fa567dc99031a6fc921"},"id":"started"}}
{"recorder_version":"31","session":"a5fc5c9a1ff9","build":"193.5662.53","bucket":"159","time":1590240423908,"group":{"id":"indexing","version":"2"},"event":{"count":1,"data":{"ide_activity_id":2,"plugin":"org.jetbrains.android","stage_class":"com.android.tools.idea.res.ResourceFolderRepositoryFileCacheImpl$PruneTask","created":1590240423910,"plugin_type":"JB_BUNDLED"},"id":"stage"}}
{"recorder_version":"31","session":"a5fc5c9a1ff9","build":"193.5662.53","bucket":"159","time":1590240423950,"group":{"id":"indexing","version":"2"},"event":{"count":1,"data":{"ide_activity_id":2,"plugin":"org.jetbrains.android","stage_class":"com.android.tools.idea.res.ResourceFolderRepositoryFileCacheImpl$ManageLruProjectFilesTask","created":1590240423951,"plugin_type":"JB_BUNDLED"},"id":"stage"}}
{"recorder_version":"31","session":"a5fc5c9a1ff9","build":"193.5662.53","bucket":"159","time":1590240423983,"group":{"id":"indexing","version":"2"},"event":{"count":1,"data":{"duration_ms":89,"ide_activity_id":2,"created":1590240423983},"id":"finished"}}
{"recorder_version":"31","session":"a5fc5c9a1ff9","build":"193.5662.53","bucket":"159","time":1590240423995,"group":{"id":"indexing","version":"2"},"event":{"count":1,"data":{"ide_activity_id":3,"created":1590240423996,"project":"d119a6d897fcb33934b9adf90ec59bc9e850f90f58367fa567dc99031a6fc921"},"id":"started"}}
{"recorder_version":"31","session":"a5fc5c9a1ff9","build":"193.5662.53","bucket":"159","time":1590240423999,"group":{"id":"indexing","version":"2"},"event":{"count":1,"data":{"ide_activity_id":3,"plugin":"org.jetbrains.android","stage_class":"com.android.tools.idea.res.ResourceFolderRegistry$PopulateCachesTask","created":1590240423999,"plugin_type":"JB_BUNDLED"},"id":"stage"}}
{"recorder_version":"31","session":"a5fc5c9a1ff9","build":"193.5662.53","bucket":"159","time":1590240424001,"group":{"id":"indexing","version":"2"},"event":{"count":1,"data":{"duration_ms":6,"ide_activity_id":3,"created":1590240424002},"id":"finished"}}
{"recorder_version":"31","session":"a5fc5c9a1ff9","build":"193.5662.53","bucket":"159","time":1590240425803,"group":{"id":"actions","version":"31"},"event":{"count":1,"data":{"context_menu":true,"action_id":"third.party","created":1590240425803,"plugin_type":"NOT_LISTED","project":"d119a6d897fcb33934b9adf90ec59bc9e850f90f58367fa567dc99031a6fc921","place":"MainMenu","class":"third.party","input_event":"NoMouseButton"},"id":"action.invoked"}}
{"recorder_version":"31","session":"a5fc5c9a1ff9","build":"193.5662.53","bucket":"159","time":1590240426392,"group":{"id":"startup","version":"1"},"event":{"count":1,"data":{"duration":2258,"created":1590240426392},"id":"appInit"}}
{"recorder_version":"31","session":"a5fc5c9a1ff9","build":"193.5662.53","bucket":"159","time":1590240426392,"group":{"id":"startup","version":"1"},"event":{"count":1,"data":{"duration":668,"created":1590240426392},"id":"splash"}}
{"recorder_version":"31","session":"a5fc5c9a1ff9","build":"193.5662.53","bucket":"159","time":1590240426392,"group":{"id":"startup","version":"1"},"event":{"count":1,"data":{"duration":356,"created":1590240426393},"id":"bootstrap"}}
{"recorder_version":"31","session":"a5fc5c9a1ff9","build":"193.5662.53","bucket":"159","time":1590240426392,"group":{"id":"startup","version":"1"},"event":{"count":1,"data":{"duration":9350,"created":1590240426393},"id":"totalDuration"}}
{"recorder_version":"31","session":"a5fc5c9a1ff9","build":"193.5662.53","bucket":"159","time":1590240426892,"group":{"id":"ui.dialogs","version":"31"},"event":{"count":1,"data":{"created":1590240426893,"plugin_type":"NOT_LISTED","dialog_class":"third.party"},"id":"show"}}
{"recorder_version":"31","session":"a5fc5c9a1ff9","build":"193.5662.53","bucket":"159","time":1590240434852,"group":{"id":"ui.dialogs","version":"31"},"event":{"count":1,"data":{"code":0,"created":1590240434852,"plugin_type":"NOT_LISTED","dialog_class":"third.party"},"id":"close"}}
{"recorder_version":"31","session":"a5fc5c9a1ff9","build":"193.5662.53","bucket":"159","time":1590240437576,"group":{"id":"lifecycle","version":"31"},"event":{"count":1,"data":{"created":1590240437576,"project":"d119a6d897fcb33934b9adf90ec59bc9e850f90f58367fa567dc99031a6fc921"},"id":"frame.deactivated"}}
{"recorder_version":"31","session":"a5fc5c9a1ff9","build":"193.5662.53","bucket":"159","time":1590240453446,"group":{"id":"lifecycle","version":"31"},"event":{"count":1,"data":{"created":1590240453446,"project":"d119a6d897fcb33934b9adf90ec59bc9e850f90f58367fa567dc99031a6fc921"},"id":"frame.activated"}}
{"recorder_version":"31","session":"a5fc5c9a1ff9","build":"193.5662.53","bucket":"159","time":1590240454859,"group":{"id":"lifecycle","version":"31"},"event":{"count":1,"data":{"created":1590240454859,"project":"d119a6d897fcb33934b9adf90ec59bc9e850f90f58367fa567dc99031a6fc921"},"id":"frame.deactivated"}}
{"recorder_version":"31","session":"a5fc5c9a1ff9","build":"193.5662.53","bucket":"159","time":1590240517678,"group":{"id":"performance","version":"31"},"event":{"count":1,"data":{"duration_ms":0,"created":1590240517678},"id":"ui.latency"}}
{"recorder_version":"31","session":"a5fc5c9a1ff9","build":"193.5662.53","bucket":"159","time":1590240617859,"group":{"id":"performance","version":"31"},"event":{"count":1,"data":{"duration_ms":0,"created":1590240617859},"id":"ui.latency"}}
{"recorder_version":"31","session":"a5fc5c9a1ff9","build":"193.5662.53","bucket":"159","time":1590240716208,"group":{"id":"kotlin.ide.j2k","version":"1"},"event":{"count":1,"data":{"created":1590240716209},"id":"registered"}}
{"recorder_version":"31","session":"a5fc5c9a1ff9","build":"193.5662.53","bucket":"159","time":1590240716208,"group":{"id":"java.find.usages","version":"1"},"event":{"count":1,"data":{"created":1590240716209},"id":"registered"}}
{"recorder_version":"31","session":"a5fc5c9a1ff9","build":"193.5662.53","bucket":"159","time":1590240716208,"group":{"id":"file.types.usage","version":"31"},"event":{"count":1,"data":{"created":1590240716209},"id":"registered"}}
{"recorder_version":"31","session":"a5fc5c9a1ff9","build":"193.5662.53","bucket":"159","time":1590240716208,"group":{"id":"ide.script.engine","version":"2"},"event":{"count":1,"data":{"created":1590240716209},"id":"registered"}}
{"recorder_version":"31","session":"a5fc5c9a1ff9","build":"193.5662.53","bucket":"159","time":1590240716208,"group":{"id":"live.templates","version":"31"},"event":{"count":1,"data":{"created":1590240716209},"id":"registered"}}
{"recorder_version":"31","session":"a5fc5c9a1ff9","build":"193.5662.53","bucket":"159","time":1590240716208,"group":{"id":"ide.self.update","version":"2"},"event":{"count":1,"data":{"created":1590240716209},"id":"registered"}}
{"recorder_version":"31","session":"a5fc5c9a1ff9","build":"193.5662.53","bucket":"159","time":1590240716208,"group":{"id":"lifecycle","version":"31"},"event":{"count":1,"data":{"created":1590240716210},"id":"registered"}}
{"recorder_version":"31","session":"a5fc5c9a1ff9","build":"193.5662.53","bucket":"159","time":1590240716208,"group":{"id":"vcs.diff.trigger","version":"1"},"event":{"count":1,"data":{"created":1590240716210},"id":"registered"}}
{"recorder_version":"31","session":"a5fc5c9a1ff9","build":"193.5662.53","bucket":"159","time":1590240716208,"group":{"id":"debugger.breakpoints.usage","version":"2"},"event":{"count":1,"data":{"created":1590240716210},"id":"registered"}}
{"recorder_version":"31","session":"a5fc5c9a1ff9","build":"193.5662.53","bucket":"159","time":1590240716208,"group":{"id":"kotlin.gradle.library","version":"1"},"event":{"count":1,"data":{"created":1590240716210},"id":"registered"}}
{"recorder_version":"31","session":"a5fc5c9a1ff9","build":"193.5662.53","bucket":"159","time":1590240716208,"group":{"id":"startup","version":"1"},"event":{"count":1,"data":{"created":1590240716210},"id":"registered"}}
{"recorder_version":"31","session":"a5fc5c9a1ff9","build":"193.5662.53","bucket":"159","time":1590240716208,"group":{"id":"find","version":"2"},"event":{"count":1,"data":{"created":1590240716210},"id":"registered"}}
{"recorder_version":"31","session":"a5fc5c9a1ff9","build":"193.5662.53","bucket":"159","time":1590240716208,"group":{"id":"kotlin.gradle.target","version":"2"},"event":{"count":1,"data":{"created":1590240716210},"id":"registered"}}
{"recorder_version":"31","session":"a5fc5c9a1ff9","build":"193.5662.53","bucket":"159","time":1590240716208,"group":{"id":"gutter.icon.click","version":"2"},"event":{"count":1,"data":{"created":1590240716210},"id":"registered"}}
{"recorder_version":"31","session":"a5fc5c9a1ff9","build":"193.5662.53","bucket":"159","time":1590240716208,"group":{"id":"shell.script","version":"1"},"event":{"count":1,"data":{"created":1590240716210},"id":"registered"}}
{"recorder_version":"31","session":"a5fc5c9a1ff9","build":"193.5662.53","bucket":"159","time":1590240716208,"group":{"id":"new.project.wizard","version":"1"},"event":{"count":1,"data":{"created":1590240716210},"id":"registered"}}
{"recorder_version":"31","session":"a5fc5c9a1ff9","build":"193.5662.53","bucket":"159","time":1590240716208,"group":{"id":"kotlin.ide.npwizards","version":"1"},"event":{"count":1,"data":{"created":1590240716210},"id":"registered"}}
{"recorder_version":"31","session":"a5fc5c9a1ff9","build":"193.5662.53","bucket":"159","time":1590240716208,"group":{"id":"intentions","version":"31"},"event":{"count":1,"data":{"created":1590240716210},"id":"registered"}}
{"recorder_version":"31","session":"a5fc5c9a1ff9","build":"193.5662.53","bucket":"159","time":1590240716208,"group":{"id":"settings.repository","version":"1"},"event":{"count":1,"data":{"created":1590240716210},"id":"registered"}}
{"recorder_version":"31","session":"a5fc5c9a1ff9","build":"193.5662.53","bucket":"159","time":1590240716208,"group":{"id":"vcs.change.reminder","version":"2"},"event":{"count":1,"data":{"created":1590240716210},"id":"registered"}}
{"recorder_version":"31","session":"a5fc5c9a1ff9","build":"193.5662.53","bucket":"159","time":1590240716208,"group":{"id":"create.directory.dialog","version":"1"},"event":{"count":1,"data":{"created":1590240716210},"id":"registered"}}
{"recorder_version":"31","session":"a5fc5c9a1ff9","build":"193.5662.53","bucket":"159","time":1590240716208,"group":{"id":"kotlin.maven.target","version":"3"},"event":{"count":1,"data":{"created":1590240716211},"id":"registered"}}
{"recorder_version":"31","session":"a5fc5c9a1ff9","build":"193.5662.53","bucket":"159","time":1590240716208,"group":{"id":"json.schema","version":"1"},"event":{"count":1,"data":{"created":1590240716211},"id":"registered"}}
{"recorder_version":"31","session":"a5fc5c9a1ff9","build":"193.5662.53","bucket":"159","time":1590240716208,"group":{"id":"terminalShell","version":"1"},"event":{"count":1,"data":{"created":1590240716211},"id":"registered"}}
{"recorder_version":"31","session":"a5fc5c9a1ff9","build":"193.5662.53","bucket":"159","time":1590240716208,"group":{"id":"rename.refactoring","version":"1"},"event":{"count":1,"data":{"created":1590240716211},"id":"registered"}}
{"recorder_version":"31","session":"a5fc5c9a1ff9","build":"193.5662.53","bucket":"159","time":1590240716209,"group":{"id":"build.ant.actions","version":"1"},"event":{"count":1,"data":{"created":1590240716211},"id":"registered"}}
{"recorder_version":"31","session":"a5fc5c9a1ff9","build":"193.5662.53","bucket":"159","time":1590240716209,"group":{"id":"actions","version":"31"},"event":{"count":1,"data":{"created":1590240716211},"id":"registered"}}
{"recorder_version":"31","session":"a5fc5c9a1ff9","build":"193.5662.53","bucket":"159","time":1590240716209,"group":{"id":"kotlin.ide.editor","version":"1"},"event":{"count":1,"data":{"created":1590240716211},"id":"registered"}}
{"recorder_version":"31","session":"a5fc5c9a1ff9","build":"193.5662.53","bucket":"159","time":1590240716209,"group":{"id":"event.log","version":"31"},"event":{"count":1,"data":{"created":1590240716211},"id":"registered"}}
{"recorder_version":"31","session":"a5fc5c9a1ff9","build":"193.5662.53","bucket":"159","time":1590240716209,"group":{"id":"run.configuration.exec","version":"31"},"event":{"count":1,"data":{"created":1590240716211},"id":"registered"}}
{"recorder_version":"31","session":"a5fc5c9a1ff9","build":"193.5662.53","bucket":"159","time":1590240716209,"group":{"id":"build.tools.actions","version":"1"},"event":{"count":1,"data":{"created":1590240716211},"id":"registered"}}
{"recorder_version":"31","session":"a5fc5c9a1ff9","build":"193.5662.53","bucket":"159","time":1590240716209,"group":{"id":"file.editor","version":"2"},"event":{"count":1,"data":{"created":1590240716211},"id":"registered"}}
{"recorder_version":"31","session":"a5fc5c9a1ff9","build":"193.5662.53","bucket":"159","time":1590240716209,"group":{"id":"vfs","version":"2"},"event":{"count":1,"data":{"created":1590240716211},"id":"registered"}}
{"recorder_version":"31","session":"a5fc5c9a1ff9","build":"193.5662.53","bucket":"159","time":1590240716209,"group":{"id":"project.import","version":"2"},"event":{"count":1,"data":{"created":1590240716211},"id":"registered"}}
{"recorder_version":"31","session":"a5fc5c9a1ff9","build":"193.5662.53","bucket":"159","time":1590240716209,"group":{"id":"actions.runAnything","version":"1"},"event":{"count":1,"data":{"created":1590240716211},"id":"registered"}}
{"recorder_version":"31","session":"a5fc5c9a1ff9","build":"193.5662.53","bucket":"159","time":1590240716209,"group":{"id":"toolwindow","version":"31"},"event":{"count":1,"data":{"created":1590240716212},"id":"registered"}}
{"recorder_version":"31","session":"a5fc5c9a1ff9","build":"193.5662.53","bucket":"159","time":1590240716209,"group":{"id":"kotlin.ide.newFileTempl","version":"1"},"event":{"count":1,"data":{"created":1590240716212},"id":"registered"}}
{"recorder_version":"31","session":"a5fc5c9a1ff9","build":"193.5662.53","bucket":"159","time":1590240716209,"group":{"id":"ui.settings","version":"31"},"event":{"count":1,"data":{"created":1590240716212},"id":"registered"}}
{"recorder_version":"31","session":"a5fc5c9a1ff9","build":"193.5662.53","bucket":"159","time":1590240716209,"group":{"id":"vcs.log.trigger","version":"2"},"event":{"count":1,"data":{"created":1590240716212},"id":"registered"}}
{"recorder_version":"31","session":"a5fc5c9a1ff9","build":"193.5662.53","bucket":"159","time":1590240716209,"group":{"id":"productivity","version":"31"},"event":{"count":1,"data":{"created":1590240716212},"id":"registered"}}
{"recorder_version":"31","session":"a5fc5c9a1ff9","build":"193.5662.53","bucket":"159","time":1590240716209,"group":{"id":"build.maven.actions","version":"1"},"event":{"count":1,"data":{"created":1590240716212},"id":"registered"}}
{"recorder_version":"31","session":"a5fc5c9a1ff9","build":"193.5662.53","bucket":"159","time":1590240716209,"group":{"id":"ui.event","version":"3"},"event":{"count":1,"data":{"created":1590240716212},"id":"registered"}}
{"recorder_version":"31","session":"a5fc5c9a1ff9","build":"193.5662.53","bucket":"159","time":1590240716209,"group":{"id":"plugins.advertiser","version":"1"},"event":{"count":1,"data":{"created":1590240716212},"id":"registered"}}
{"recorder_version":"31","session":"a5fc5c9a1ff9","build":"193.5662.53","bucket":"159","time":1590240716209,"group":{"id":"editor.notification.panel","version":"1"},"event":{"count":1,"data":{"created":1590240716212},"id":"registered"}}
{"recorder_version":"31","session":"a5fc5c9a1ff9","build":"193.5662.53","bucket":"159","time":1590240716209,"group":{"id":"kotlin.ide.debugger","version":"2"},"event":{"count":1,"data":{"created":1590240716212},"id":"registered"}}
{"recorder_version":"31","session":"a5fc5c9a1ff9","build":"193.5662.53","bucket":"159","time":1590240716209,"group":{"id":"tooltip.action.events","version":"1"},"event":{"count":1,"data":{"created":1590240716212},"id":"registered"}}
{"recorder_version":"31","session":"a5fc5c9a1ff9","build":"193.5662.53","bucket":"159","time":1590240716209,"group":{"id":"completion","version":"1"},"event":{"count":1,"data":{"created":1590240716212},"id":"registered"}}
{"recorder_version":"31","session":"a5fc5c9a1ff9","build":"193.5662.53","bucket":"159","time":1590240716209,"group":{"id":"indexing","version":"2"},"event":{"count":1,"data":{"created":1590240716212},"id":"registered"}}
{"recorder_version":"31","session":"a5fc5c9a1ff9","build":"193.5662.53","bucket":"159","time":1590240716209,"group":{"id":"vcs","version":"2"},"event":{"count":1,"data":{"created":1590240716213},"id":"registered"}}
{"recorder_version":"31","session":"a5fc5c9a1ff9","build":"193.5662.53","bucket":"159","time":1590240716209,"group":{"id":"ui.dialogs","version":"31"},"event":{"count":1,"data":{"created":1590240716213},"id":"registered"}}
{"recorder_version":"31","session":"a5fc5c9a1ff9","build":"193.5662.53","bucket":"159","time":1590240716209,"group":{"id":"vcs.back.forward.trigger","version":"1"},"event":{"count":1,"data":{"created":1590240716213},"id":"registered"}}
{"recorder_version":"31","session":"a5fc5c9a1ff9","build":"193.5662.53","bucket":"159","time":1590240716209,"group":{"id":"customize.wizard","version":"1"},"event":{"count":1,"data":{"created":1590240716213},"id":"registered"}}
{"recorder_version":"31","session":"a5fc5c9a1ff9","build":"193.5662.53","bucket":"159","time":1590240716209,"group":{"id":"ide.update.dialog","version":"1"},"event":{"count":1,"data":{"created":1590240716213},"id":"registered"}}
{"recorder_version":"31","session":"a5fc5c9a1ff9","build":"193.5662.53","bucket":"159","time":1590240716209,"group":{"id":"toolbar","version":"31"},"event":{"count":1,"data":{"created":1590240716213},"id":"registered"}}
{"recorder_version":"31","session":"a5fc5c9a1ff9","build":"193.5662.53","bucket":"159","time":1590240716209,"group":{"id":"build.gradle.actions","version":"1"},"event":{"count":1,"data":{"created":1590240716213},"id":"registered"}}
{"recorder_version":"31","session":"a5fc5c9a1ff9","build":"193.5662.53","bucket":"159","time":1590240716209,"group":{"id":"performance","version":"31"},"event":{"count":1,"data":{"created":1590240716213},"id":"registered"}}
{"recorder_version":"31","session":"a5fc5c9a1ff9","build":"193.5662.53","bucket":"159","time":1590240716209,"group":{"id":"build","version":"2"},"event":{"count":1,"data":{"created":1590240716213},"id":"registered"}}
{"recorder_version":"31","session":"a5fc5c9a1ff9","build":"193.5662.53","bucket":"159","time":1590240716209,"group":{"id":"searchEverywhere","version":"2"},"event":{"count":1,"data":{"created":1590240716213},"id":"registered"}}
{"recorder_version":"31","session":"a5fc5c9a1ff9","build":"193.5662.53","bucket":"159","time":1590240716209,"group":{"id":"kotlin.ide.action.refactoring","version":"1"},"event":{"count":1,"data":{"created":1590240716213},"id":"registered"}}
{"recorder_version":"31","session":"a5fc5c9a1ff9","build":"193.5662.53","bucket":"159","time":1590240716209,"group":{"id":"ui.tips","version":"3"},"event":{"count":1,"data":{"created":1590240716213},"id":"registered"}}
{"recorder_version":"31","session":"a5fc5c9a1ff9","build":"193.5662.53","bucket":"159","time":1590240716209,"group":{"id":"surround.with","version":"2"},"event":{"count":1,"data":{"created":1590240716213},"id":"registered"}}
{"recorder_version":"31","session":"a5fc5c9a1ff9","build":"193.5662.53","bucket":"159","time":1590240716209,"group":{"id":"import.old.config","version":"3"},"event":{"count":1,"data":{"created":1590240716213},"id":"registered"}}
{"recorder_version":"31","session":"a5fc5c9a1ff9","build":"193.5662.53","bucket":"159","time":1590240716209,"group":{"id":"kotlin.jps.target","version":"3"},"event":{"count":1,"data":{"created":1590240716213},"id":"registered"}}
{"recorder_version":"31","session":"a5fc5c9a1ff9","build":"193.5662.53","bucket":"159","time":1590240716209,"group":{"id":"completion.postfix","version":"31"},"event":{"count":1,"data":{"created":1590240716213},"id":"registered"}}
{"recorder_version":"31","session":"a5fc5c9a1ff9","build":"193.5662.53","bucket":"159","time":1590240716209,"group":{"id":"build.maven.packagesearch","version":"2"},"event":{"count":1,"data":{"created":1590240716214},"id":"registered"}}
{"recorder_version":"31","session":"a5fc5c9a1ff9","build":"193.5662.53","bucket":"159","time":1590240718039,"group":{"id":"performance","version":"31"},"event":{"count":1,"data":{"duration_ms":0,"created":1590240718039},"id":"ui.latency"}}
{"recorder_version":"31","session":"a5fc5c9a1ff9","build":"193.5662.53","bucket":"159","time":1590240818282,"group":{"id":"performance","version":"31"},"event":{"count":1,"data":{"duration_ms":1,"created":1590240818282},"id":"ui.latency"}}
{"recorder_version":"31","session":"a5fc5c9a1ff9","build":"193.5662.53","bucket":"159","time":1590240918483,"group":{"id":"performance","version":"31"},"event":{"count":1,"data":{"duration_ms":0,"created":1590240918483},"id":"ui.latency"}}
{"recorder_version":"31","session":"a5fc5c9a1ff9","build":"193.5662.53","bucket":"159","time":1590241018682,"group":{"id":"performance","version":"31"},"event":{"count":1,"data":{"duration_ms":0,"created":1590241018682},"id":"ui.latency"}}
{"recorder_version":"31","session":"a5fc5c9a1ff9","build":"193.5662.53","bucket":"159","time":1590241118867,"group":{"id":"performance","version":"31"},"event":{"count":1,"data":{"duration_ms":0,"created":1590241118867},"id":"ui.latency"}}
{"recorder_version":"31","session":"a5fc5c9a1ff9","build":"193.5662.53","bucket":"159","time":1590241219042,"group":{"id":"performance","version":"31"},"event":{"count":1,"data":{"duration_ms":0,"created":1590241219043},"id":"ui.latency"}}
{"recorder_version":"31","session":"a5fc5c9a1ff9","build":"193.5662.53","bucket":"159","time":1590241316073,"group":{"id":"ui.fonts","version":"2"},"event":{"state":true,"data":{"created":1590241316073,"font_size":13,"font_name":".SF_NS_Text"},"id":"UI"}}
{"recorder_version":"31","session":"a5fc5c9a1ff9","build":"193.5662.53","bucket":"159","time":1590241316073,"group":{"id":"ui.fonts","version":"2"},"event":{"state":true,"data":{"created":1590241316073,"font_size":24},"id":"Presentation.mode"}}
{"recorder_version":"31","session":"a5fc5c9a1ff9","build":"193.5662.53","bucket":"159","time":1590241316073,"group":{"id":"ui.fonts","version":"2"},"event":{"state":true,"data":{"created":1590241316074,"font_size":12,"font_name":"Menlo"},"id":"IDE.editor"}}
{"recorder_version":"31","session":"a5fc5c9a1ff9","build":"193.5662.53","bucket":"159","time":1590241316073,"group":{"id":"ui.fonts","version":"2"},"event":{"state":true,"data":{"created":1590241316074,"value":1.2},"id":"editor.lineSpacing"}}
{"recorder_version":"31","session":"a5fc5c9a1ff9","build":"193.5662.53","bucket":"159","time":1590241316073,"group":{"id":"ui.fonts","version":"2"},"event":{"state":true,"data":{"created":1590241316074},"id":"invoked"}}
{"recorder_version":"31","session":"a5fc5c9a1ff9","build":"193.5662.53","bucket":"159","time":1590241316081,"group":{"id":"java.refactoring.settings","version":"1"},"event":{"state":true,"data":{"created":1590241316081},"id":"invoked"}}
{"recorder_version":"31","session":"a5fc5c9a1ff9","build":"193.5662.53","bucket":"159","time":1590241316089,"group":{"id":"editor.settings.ide","version":"3"},"event":{"state":true,"data":{"created":1590241316089,"enabled":true},"id":"completionHints"}}
{"recorder_version":"31","session":"a5fc5c9a1ff9","build":"193.5662.53","bucket":"159","time":1590241316089,"group":{"id":"editor.settings.ide","version":"3"},"event":{"state":true,"data":{"created":1590241316089},"id":"invoked"}}
{"recorder_version":"31","session":"a5fc5c9a1ff9","build":"193.5662.53","bucket":"159","time":1590241316098,"group":{"id":"vcs.diff","version":"2"},"event":{"state":true,"data":{"created":1590241316098},"id":"invoked"}}
{"recorder_version":"31","session":"a5fc5c9a1ff9","build":"193.5662.53","bucket":"159","time":1590241316099,"group":{"id":"plugins","version":"1"},"event":{"state":true,"data":{"created":1590241316099,"plugin_type":"NOT_LISTED"},"id":"enabled.not.bundled.plugin"}}
{"recorder_version":"31","session":"a5fc5c9a1ff9","build":"193.5662.53","bucket":"159","time":1590241316099,"group":{"id":"plugins","version":"1"},"event":{"state":true,"data":{"created":1590241316099},"id":"invoked"}}
{"recorder_version":"31","session":"a5fc5c9a1ff9","build":"193.5662.53","bucket":"159","time":1590241316099,"group":{"id":"os.linux.wm","version":"2"},"event":{"state":true,"data":{"created":1590241316099},"id":"invoked"}}
{"recorder_version":"31","session":"a5fc5c9a1ff9","build":"193.5662.53","bucket":"159","time":1590241316099,"group":{"id":"keymaps.name","version":"2"},"event":{"state":true,"data":{"created":1590241316099,"keymap_name":"Mac_OS_X_10.5+"},"id":"ide.keymap"}}
{"recorder_version":"31","session":"a5fc5c9a1ff9","build":"193.5662.53","bucket":"159","time":1590241316099,"group":{"id":"keymaps.name","version":"2"},"event":{"state":true,"data":{"created":1590241316099},"id":"invoked"}}
{"recorder_version":"31","session":"a5fc5c9a1ff9","build":"193.5662.53","bucket":"159","time":1590241316099,"group":{"id":"user.advanced.info","version":"2"},"event":{"state":true,"data":{"created":1590241316100,"value":"release"},"id":"build"}}
{"recorder_version":"31","session":"a5fc5c9a1ff9","build":"193.5662.53","bucket":"159","time":1590241316099,"group":{"id":"user.advanced.info","version":"2"},"event":{"state":true,"data":{"created":1590241316100},"id":"release"}}
{"recorder_version":"31","session":"a5fc5c9a1ff9","build":"193.5662.53","bucket":"159","time":1590241316099,"group":{"id":"user.advanced.info","version":"2"},"event":{"state":true,"data":{"created":1590241316100},"id":"invoked"}}
{"recorder_version":"31","session":"a5fc5c9a1ff9","build":"193.5662.53","bucket":"159","time":1590241316100,"group":{"id":"vcs.application.configuration","version":"1"},"event":{"state":true,"data":{"created":1590241316100},"id":"invoked"}}
{"recorder_version":"31","session":"a5fc5c9a1ff9","build":"193.5662.53","bucket":"159","time":1590241316100,"group":{"id":"vcs.log.index.application","version":"2"},"event":{"state":true,"data":{"created":1590241316100},"id":"invoked"}}
{"recorder_version":"31","session":"a5fc5c9a1ff9","build":"193.5662.53","bucket":"159","time":1590241316108,"group":{"id":"vcs.github","version":"2"},"event":{"state":true,"data":{"has_enterprise":false,"created":1590241316108,"count":0},"id":"accounts"}}
{"recorder_version":"31","session":"a5fc5c9a1ff9","build":"193.5662.53","bucket":"159","time":1590241316108,"group":{"id":"vcs.github","version":"2"},"event":{"state":true,"data":{"created":1590241316108},"id":"invoked"}}
{"recorder_version":"31","session":"a5fc5c9a1ff9","build":"193.5662.53","bucket":"159","time":1590241316110,"group":{"id":"platform.registry","version":"1"},"event":{"state":true,"data":{"created":1590241316110,"plugin_type":"PLATFORM","id":"show.create.new.element.in.popup"},"id":"experiment"}}
{"recorder_version":"31","session":"a5fc5c9a1ff9","build":"193.5662.53","bucket":"159","time":1590241316110,"group":{"id":"platform.registry","version":"1"},"event":{"state":true,"data":{"created":1590241316110,"plugin_type":"PLATFORM","id":"wsl.p9.support"},"id":"experiment"}}
{"recorder_version":"31","session":"a5fc5c9a1ff9","build":"193.5662.53","bucket":"159","time":1590241316110,"group":{"id":"platform.registry","version":"1"},"event":{"state":true,"data":{"created":1590241316110,"plugin_type":"PLATFORM","id":"inline.browse.button"},"id":"experiment"}}
{"recorder_version":"31","session":"a5fc5c9a1ff9","build":"193.5662.53","bucket":"159","time":1590241316110,"group":{"id":"platform.registry","version":"1"},"event":{"state":true,"data":{"created":1590241316110,"plugin_type":"PLATFORM","id":"recent.and.edited.files.together"},"id":"experiment"}}
{"recorder_version":"31","session":"a5fc5c9a1ff9","build":"193.5662.53","bucket":"159","time":1590241316110,"group":{"id":"platform.registry","version":"1"},"event":{"state":true,"data":{"created":1590241316110,"plugin_type":"PLATFORM","id":"copy.reference.popup"},"id":"experiment"}}
{"recorder_version":"31","session":"a5fc5c9a1ff9","build":"193.5662.53","bucket":"159","time":1590241316110,"group":{"id":"platform.registry","version":"1"},"event":{"state":true,"data":{"created":1590241316110,"id":"java.completion.argument.hints.internal"},"id":"registry"}}
{"recorder_version":"31","session":"a5fc5c9a1ff9","build":"193.5662.53","bucket":"159","time":1590241316110,"group":{"id":"platform.registry","version":"1"},"event":{"state":true,"data":{"created":1590241316111,"plugin_type":"PLATFORM","id":"new.large.text.file.viewer"},"id":"experiment"}}
{"recorder_version":"31","session":"a5fc5c9a1ff9","build":"193.5662.53","bucket":"159","time":1590241316110,"group":{"id":"platform.registry","version":"1"},"event":{"state":true,"data":{"created":1590241316111,"plugin_type":"PLATFORM","id":"linux.native.menu"},"id":"experiment"}}
{"recorder_version":"31","session":"a5fc5c9a1ff9","build":"193.5662.53","bucket":"159","time":1590241316110,"group":{"id":"platform.registry","version":"1"},"event":{"state":true,"data":{"created":1590241316111,"plugin_type":"PLATFORM","id":"property.value.inplace.editing"},"id":"experiment"}}
{"recorder_version":"31","session":"a5fc5c9a1ff9","build":"193.5662.53","bucket":"159","time":1590241316110,"group":{"id":"platform.registry","version":"1"},"event":{"state":true,"data":{"created":1590241316111,"plugin_type":"PLATFORM","id":"wsl.p9.show.roots.in.file.chooser"},"id":"experiment"}}
{"recorder_version":"31","session":"a5fc5c9a1ff9","build":"193.5662.53","bucket":"159","time":1590241316110,"group":{"id":"platform.registry","version":"1"},"event":{"state":true,"data":{"created":1590241316111},"id":"invoked"}}
{"recorder_version":"31","session":"a5fc5c9a1ff9","build":"193.5662.53","bucket":"159","time":1590241316110,"group":{"id":"ui.editor.color.schemes","version":"3"},"event":{"state":true,"data":{"scheme":"Default","created":1590241316111,"is_dark":false},"id":"enabled.color.scheme"}}
{"recorder_version":"31","session":"a5fc5c9a1ff9","build":"193.5662.53","bucket":"159","time":1590241316110,"group":{"id":"ui.editor.color.schemes","version":"3"},"event":{"state":true,"data":{"created":1590241316111},"id":"invoked"}}
{"recorder_version":"31","session":"a5fc5c9a1ff9","build":"193.5662.53","bucket":"159","time":1590241316112,"group":{"id":"ui.info.features","version":"3"},"event":{"state":true,"data":{"created":1590241316112,"value":"hidden"},"id":"Toolbar"}}
{"recorder_version":"31","session":"a5fc5c9a1ff9","build":"193.5662.53","bucket":"159","time":1590241316112,"group":{"id":"ui.info.features","version":"3"},"event":{"state":true,"data":{"created":1590241316112,"enabled":false},"id":"Show.tips.on.startup"}}
{"recorder_version":"31","session":"a5fc5c9a1ff9","build":"193.5662.53","bucket":"159","time":1590241316112,"group":{"id":"ui.info.features","version":"3"},"event":{"state":true,"data":{"created":1590241316112,"scale_mode":true,"scale":2.0},"id":"Screen.Scale"}}
{"recorder_version":"31","session":"a5fc5c9a1ff9","build":"193.5662.53","bucket":"159","time":1590241316112,"group":{"id":"ui.info.features","version":"3"},"event":{"state":true,"data":{"created":1590241316112,"value":"hidden"},"id":"Tool.Window.buttons"}}
{"recorder_version":"31","session":"a5fc5c9a1ff9","build":"193.5662.53","bucket":"159","time":1590241316112,"group":{"id":"ui.info.features","version":"3"},"event":{"state":true,"data":{"created":1590241316112,"value":"Top"},"id":"Tabs"}}
{"recorder_version":"31","session":"a5fc5c9a1ff9","build":"193.5662.53","bucket":"159","time":1590241316112,"group":{"id":"ui.info.features","version":"3"},"event":{"state":true,"data":{"created":1590241316113,"enabled":true},"id":"Hide.Editor.Tabs.If.Needed"}}
{"recorder_version":"31","session":"a5fc5c9a1ff9","build":"193.5662.53","bucket":"159","time":1590241316112,"group":{"id":"ui.info.features","version":"3"},"event":{"state":true,"data":{"created":1590241316113,"enabled":true},"id":"Show.Editor.Tabs.In.Single.Row"}}
{"recorder_version":"31","session":"a5fc5c9a1ff9","build":"193.5662.53","bucket":"159","time":1590241316112,"group":{"id":"ui.info.features","version":"3"},"event":{"state":true,"data":{"toolbar":"hidden","navbar":"visible","created":1590241316113},"id":"Toolbar.and.NavBar"}}
{"recorder_version":"31","session":"a5fc5c9a1ff9","build":"193.5662.53","bucket":"159","time":1590241316112,"group":{"id":"ui.info.features","version":"3"},"event":{"state":true,"data":{"created":1590241316113,"enabled":false},"id":"Block.cursor"}}
{"recorder_version":"31","session":"a5fc5c9a1ff9","build":"193.5662.53","bucket":"159","time":1590241316112,"group":{"id":"ui.info.features","version":"3"},"event":{"state":true,"data":{"created":1590241316113,"enabled":false},"id":"Screen.Reader"}}
{"recorder_version":"31","session":"a5fc5c9a1ff9","build":"193.5662.53","bucket":"159","time":1590241316112,"group":{"id":"ui.info.features","version":"3"},"event":{"state":true,"data":{"created":1590241316113,"value":"Light"},"id":"Look.and.Feel"}}
{"recorder_version":"31","session":"a5fc5c9a1ff9","build":"193.5662.53","bucket":"159","time":1590241316112,"group":{"id":"ui.info.features","version":"3"},"event":{"state":true,"data":{"created":1590241316113,"enabled":false},"id":"QuickDoc.Show.Toolwindow"}}
{"recorder_version":"31","session":"a5fc5c9a1ff9","build":"193.5662.53","bucket":"159","time":1590241316112,"group":{"id":"ui.info.features","version":"3"},"event":{"state":true,"data":{"created":1590241316113,"enabled":true},"id":"Retina"}}
{"recorder_version":"31","session":"a5fc5c9a1ff9","build":"193.5662.53","bucket":"159","time":1590241316112,"group":{"id":"ui.info.features","version":"3"},"event":{"state":true,"data":{"grouped":"[30_50]","created":1590241316113,"count":50},"id":"Recent.files.limit"}}
{"recorder_version":"31","session":"a5fc5c9a1ff9","build":"193.5662.53","bucket":"159","time":1590241316112,"group":{"id":"ui.info.features","version":"3"},"event":{"state":true,"data":{"created":1590241316113,"value":"visible"},"id":"Status.bar"}}
{"recorder_version":"31","session":"a5fc5c9a1ff9","build":"193.5662.53","bucket":"159","time":1590241316112,"group":{"id":"ui.info.features","version":"3"},"event":{"state":true,"data":{"created":1590241316113,"enabled":true},"id":"QuickDoc.AutoUpdate"}}
{"recorder_version":"31","session":"a5fc5c9a1ff9","build":"193.5662.53","bucket":"159","time":1590241316112,"group":{"id":"ui.info.features","version":"3"},"event":{"state":true,"data":{"created":1590241316113,"value":"visible"},"id":"Nav.Bar"}}
{"recorder_version":"31","session":"a5fc5c9a1ff9","build":"193.5662.53","bucket":"159","time":1590241316112,"group":{"id":"ui.info.features","version":"3"},"event":{"state":true,"data":{"created":1590241316114,"enabled":true},"id":"Gutter.Icons"}}
{"recorder_version":"31","session":"a5fc5c9a1ff9","build":"193.5662.53","bucket":"159","time":1590241316112,"group":{"id":"ui.info.features","version":"3"},"event":{"state":true,"data":{"created":1590241316114,"enabled":true},"id":"Line.Numbers"}}
{"recorder_version":"31","session":"a5fc5c9a1ff9","build":"193.5662.53","bucket":"159","time":1590241316112,"group":{"id":"ui.info.features","version":"3"},"event":{"state":true,"data":{"created":1590241316114,"value":"per_monitor_dpi"},"id":"Hidpi.Mode"}}
{"recorder_version":"31","session":"a5fc5c9a1ff9","build":"193.5662.53","bucket":"159","time":1590241316112,"group":{"id":"ui.info.features","version":"3"},"event":{"state":true,"data":{"created":1590241316114,"enabled":true},"id":"Allow.merging.buttons"}}
{"recorder_version":"31","session":"a5fc5c9a1ff9","build":"193.5662.53","bucket":"159","time":1590241316112,"group":{"id":"ui.info.features","version":"3"},"event":{"state":true,"data":{"created":1590241316114,"enabled":false},"id":"Soft.Wraps"}}
{"recorder_version":"31","session":"a5fc5c9a1ff9","build":"193.5662.53","bucket":"159","time":1590241316112,"group":{"id":"ui.info.features","version":"3"},"event":{"state":true,"data":{"created":1590241316114},"id":"invoked"}}
{"recorder_version":"31","session":"a5fc5c9a1ff9","build":"193.5662.53","bucket":"159","time":1590241316127,"group":{"id":"debugger.settings.ide","version":"2"},"event":{"state":true,"data":{"created":1590241316127},"id":"invoked"}}
{"recorder_version":"31","session":"a5fc5c9a1ff9","build":"193.5662.53","bucket":"159","time":1590241316129,"group":{"id":"system.runtime","version":"2"},"event":{"state":true,"data":{"created":1590241316129,"name":"G1_Old_Generation"},"id":"garbage.collector"}}
{"recorder_version":"31","session":"a5fc5c9a1ff9","build":"193.5662.53","bucket":"159","time":1590241316129,"group":{"id":"system.runtime","version":"2"},"event":{"state":true,"data":{"created":1590241316130,"name":"Xmx","value":512},"id":"jvm.option"}}
{"recorder_version":"31","session":"a5fc5c9a1ff9","build":"193.5662.53","bucket":"159","time":1590241316129,"group":{"id":"system.runtime","version":"2"},"event":{"state":true,"data":{"vendor":"JetBrains","created":1590241316130,"bit":"64","version":"1.11"},"id":"jvm"}}
{"recorder_version":"31","session":"a5fc5c9a1ff9","build":"193.5662.53","bucket":"159","time":1590241316129,"group":{"id":"system.runtime","version":"2"},"event":{"state":true,"data":{"created":1590241316130,"name":"G1_Young_Generation"},"id":"garbage.collector"}}
{"recorder_version":"31","session":"a5fc5c9a1ff9","build":"193.5662.53","bucket":"159","time":1590241316129,"group":{"id":"system.runtime","version":"2"},"event":{"state":true,"data":{"created":1590241316130,"value":8},"id":"cores"}}
{"recorder_version":"31","session":"a5fc5c9a1ff9","build":"193.5662.53","bucket":"159","time":1590241316129,"group":{"id":"system.runtime","version":"2"},"event":{"state":true,"data":{"created":1590241316130,"name":"Xms","value":256},"id":"jvm.option"}}
{"recorder_version":"31","session":"a5fc5c9a1ff9","build":"193.5662.53","bucket":"159","time":1590241316129,"group":{"id":"system.runtime","version":"2"},"event":{"state":true,"data":{"created":1590241316130},"id":"invoked"}}
{"recorder_version":"31","session":"a5fc5c9a1ff9","build":"193.5662.53","bucket":"159","time":1590241319229,"group":{"id":"performance","version":"31"},"event":{"count":1,"data":{"duration_ms":0,"created":1590241319229},"id":"ui.latency"}}
{"recorder_version":"31","session":"a5fc5c9a1ff9","build":"193.5662.53","bucket":"159","time":1590241419420,"group":{"id":"performance","version":"31"},"event":{"count":1,"data":{"duration_ms":0,"created":1590241419420},"id":"ui.latency"}}
{"recorder_version":"31","session":"a5fc5c9a1ff9","build":"193.5662.53","bucket":"159","time":1590241519642,"group":{"id":"performance","version":"31"},"event":{"count":1,"data":{"duration_ms":0,"created":1590241519642},"id":"ui.latency"}}
{"recorder_version":"31","session":"a5fc5c9a1ff9","build":"193.5662.53","bucket":"159","time":1590241619864,"group":{"id":"performance","version":"31"},"event":{"count":1,"data":{"duration_ms":0,"created":1590241619864},"id":"ui.latency"}}
{"recorder_version":"31","session":"a5fc5c9a1ff9","build":"193.5662.53","bucket":"159","time":1590241720036,"group":{"id":"performance","version":"31"},"event":{"count":1,"data":{"duration_ms":0,"created":1590241720036},"id":"ui.latency"}}
{"recorder_version":"31","session":"a5fc5c9a1ff9","build":"193.5662.53","bucket":"159","time":1590241820223,"group":{"id":"performance","version":"31"},"event":{"count":1,"data":{"duration_ms":0,"created":1590241820223},"id":"ui.latency"}}
{"recorder_version":"31","session":"a5fc5c9a1ff9","build":"193.5662.53","bucket":"159","time":1590241920429,"group":{"id":"performance","version":"31"},"event":{"count":1,"data":{"duration_ms":0,"created":1590241920429},"id":"ui.latency"}}
{"recorder_version":"31","session":"a5fc5c9a1ff9","build":"193.5662.53","bucket":"159","time":1590242020626,"group":{"id":"performance","version":"31"},"event":{"count":1,"data":{"duration_ms":0,"created":1590242020626},"id":"ui.latency"}}
{"recorder_version":"31","session":"a5fc5c9a1ff9","build":"193.5662.53","bucket":"159","time":1590242120829,"group":{"id":"performance","version":"31"},"event":{"count":1,"data":{"duration_ms":0,"created":1590242120829},"id":"ui.latency"}}
{"recorder_version":"31","session":"a5fc5c9a1ff9","build":"193.5662.53","bucket":"159","time":1590242218849,"group":{"id":"vcs.log.data","version":"2"},"event":{"state":true,"data":{"created":1590242218849,"project":"d119a6d897fcb33934b9adf90ec59bc9e850f90f58367fa567dc99031a6fc921"},"id":"invoked"}}
{"recorder_version":"31","session":"a5fc5c9a1ff9","build":"193.5662.53","bucket":"159","time":1590242218850,"group":{"id":"vcs.log.index.project","version":"2"},"event":{"state":true,"data":{"created":1590242218850,"project":"d119a6d897fcb33934b9adf90ec59bc9e850f90f58367fa567dc99031a6fc921"},"id":"invoked"}}
{"recorder_version":"31","session":"a5fc5c9a1ff9","build":"193.5662.53","bucket":"159","time":1590242218853,"group":{"id":"kotlin.ide.settings","version":"2"},"event":{"state":true,"data":{"pluginVersion":"1.3.61-release-IJ2019.3-1","created":1590242218853,"project":"d119a6d897fcb33934b9adf90ec59bc9e850f90f58367fa567dc99031a6fc921","enabled":true},"id":"newInference"}}
{"recorder_version":"31","session":"a5fc5c9a1ff9","build":"193.5662.53","bucket":"159","time":1590242218853,"group":{"id":"kotlin.ide.settings","version":"2"},"event":{"state":true,"data":{"pluginVersion":"1.3.61-release-IJ2019.3-1","created":1590242218853,"project":"d119a6d897fcb33934b9adf90ec59bc9e850f90f58367fa567dc99031a6fc921","enabled":false},"id":"scriptingAutoReloadEnabled"}}
{"recorder_version":"31","session":"a5fc5c9a1ff9","build":"193.5662.53","bucket":"159","time":1590242218853,"group":{"id":"kotlin.ide.settings","version":"2"},"event":{"state":true,"data":{"created":1590242218854,"project":"d119a6d897fcb33934b9adf90ec59bc9e850f90f58367fa567dc99031a6fc921"},"id":"invoked"}}
{"recorder_version":"31","session":"a5fc5c9a1ff9","build":"193.5662.53","bucket":"159","time":1590242218853,"group":{"id":"run.dashboard","version":"2"},"event":{"state":true,"data":{"created":1590242218854,"project":"d119a6d897fcb33934b9adf90ec59bc9e850f90f58367fa567dc99031a6fc921","enabled":false},"id":"run.dashboard"}}
{"recorder_version":"31","session":"a5fc5c9a1ff9","build":"193.5662.53","bucket":"159","time":1590242218853,"group":{"id":"run.dashboard","version":"2"},"event":{"state":true,"data":{"created":1590242218854,"project":"d119a6d897fcb33934b9adf90ec59bc9e850f90f58367fa567dc99031a6fc921"},"id":"invoked"}}
{"recorder_version":"31","session":"a5fc5c9a1ff9","build":"193.5662.53","bucket":"159","time":1590242218854,"group":{"id":"build.tools.state","version":"1"},"event":{"state":true,"data":{"created":1590242218854,"count":0,"externalSystemId":"Gradle","project":"d119a6d897fcb33934b9adf90ec59bc9e850f90f58367fa567dc99031a6fc921"},"id":"numberOfLinkedProject"}}
{"recorder_version":"31","session":"a5fc5c9a1ff9","build":"193.5662.53","bucket":"159","time":1590242218854,"group":{"id":"build.tools.state","version":"1"},"event":{"state":true,"data":{"created":1590242218854,"project":"d119a6d897fcb33934b9adf90ec59bc9e850f90f58367fa567dc99031a6fc921"},"id":"invoked"}}
{"recorder_version":"31","session":"a5fc5c9a1ff9","build":"193.5662.53","bucket":"159","time":1590242218878,"group":{"id":"git.configuration","version":"2"},"event":{"state":true,"data":{"created":1590242218879,"project":"d119a6d897fcb33934b9adf90ec59bc9e850f90f58367fa567dc99031a6fc921","type":"NULL","version":"0.0.0"},"id":"executable"}}
{"recorder_version":"31","session":"a5fc5c9a1ff9","build":"193.5662.53","bucket":"159","time":1590242218878,"group":{"id":"git.configuration","version":"2"},"event":{"state":true,"data":{"created":1590242218879,"project":"d119a6d897fcb33934b9adf90ec59bc9e850f90f58367fa567dc99031a6fc921"},"id":"invoked"}}
{"recorder_version":"31","session":"a5fc5c9a1ff9","build":"193.5662.53","bucket":"159","time":1590242218880,"group":{"id":"vcs.configuration","version":"2"},"event":{"state":true,"data":{"created":1590242218880,"count":0,"project":"d119a6d897fcb33934b9adf90ec59bc9e850f90f58367fa567dc99031a6fc921"},"id":"ignored.files"}}
{"recorder_version":"31","session":"a5fc5c9a1ff9","build":"193.5662.53","bucket":"159","time":1590242218880,"group":{"id":"vcs.configuration","version":"2"},"event":{"state":true,"data":{"created":1590242218881,"count":0,"project":"d119a6d897fcb33934b9adf90ec59bc9e850f90f58367fa567dc99031a6fc921"},"id":"unversioned.files"}}
{"recorder_version":"31","session":"a5fc5c9a1ff9","build":"193.5662.53","bucket":"159","time":1590242218880,"group":{"id":"vcs.configuration","version":"2"},"event":{"state":true,"data":{"created":1590242218881,"count":0,"project":"d119a6d897fcb33934b9adf90ec59bc9e850f90f58367fa567dc99031a6fc921"},"id":"mapped.roots"}}
{"recorder_version":"31","session":"a5fc5c9a1ff9","build":"193.5662.53","bucket":"159","time":1590242218880,"group":{"id":"vcs.configuration","version":"2"},"event":{"state":true,"data":{"created":1590242218881,"count":1,"project":"d119a6d897fcb33934b9adf90ec59bc9e850f90f58367fa567dc99031a6fc921"},"id":"changelists"}}
{"recorder_version":"31","session":"a5fc5c9a1ff9","build":"193.5662.53","bucket":"159","time":1590242218880,"group":{"id":"vcs.configuration","version":"2"},"event":{"state":true,"data":{"created":1590242218881,"project":"d119a6d897fcb33934b9adf90ec59bc9e850f90f58367fa567dc99031a6fc921"},"id":"invoked"}}
{"recorder_version":"31","session":"a5fc5c9a1ff9","build":"193.5662.53","bucket":"159","time":1590242218881,"group":{"id":"java.compiler.settings.project","version":"1"},"event":{"state":true,"data":{"created":1590242218881,"project":"d119a6d897fcb33934b9adf90ec59bc9e850f90f58367fa567dc99031a6fc921","enabled":true},"id":"AUTO_SHOW_ERRORS_IN_EDITOR"}}
{"recorder_version":"31","session":"a5fc5c9a1ff9","build":"193.5662.53","bucket":"159","time":1590242218881,"group":{"id":"java.compiler.settings.project","version":"1"},"event":{"state":true,"data":{"created":1590242218881,"project":"d119a6d897fcb33934b9adf90ec59bc9e850f90f58367fa567dc99031a6fc921","enabled":true},"id":"DISPLAY_NOTIFICATION_POPUP"}}
{"recorder_version":"31","session":"a5fc5c9a1ff9","build":"193.5662.53","bucket":"159","time":1590242218881,"group":{"id":"java.compiler.settings.project","version":"1"},"event":{"state":true,"data":{"created":1590242218881,"project":"d119a6d897fcb33934b9adf90ec59bc9e850f90f58367fa567dc99031a6fc921","enabled":true},"id":"CLEAR_OUTPUT_DIRECTORY"}}
{"recorder_version":"31","session":"a5fc5c9a1ff9","build":"193.5662.53","bucket":"159","time":1590242218881,"group":{"id":"java.compiler.settings.project","version":"1"},"event":{"state":true,"data":{"created":1590242218881,"project":"d119a6d897fcb33934b9adf90ec59bc9e850f90f58367fa567dc99031a6fc921","enabled":false},"id":"MAKE_PROJECT_ON_SAVE"}}
{"recorder_version":"31","session":"a5fc5c9a1ff9","build":"193.5662.53","bucket":"159","time":1590242218881,"group":{"id":"java.compiler.settings.project","version":"1"},"event":{"state":true,"data":{"created":1590242218881,"project":"d119a6d897fcb33934b9adf90ec59bc9e850f90f58367fa567dc99031a6fc921","enabled":false},"id":"PARALLEL_COMPILATION"}}
{"recorder_version":"31","session":"a5fc5c9a1ff9","build":"193.5662.53","bucket":"159","time":1590242218881,"group":{"id":"java.compiler.settings.project","version":"1"},"event":{"state":true,"data":{"created":1590242218881,"project":"d119a6d897fcb33934b9adf90ec59bc9e850f90f58367fa567dc99031a6fc921","enabled":true},"id":"REBUILD_ON_DEPENDENCY_CHANGE"}}
{"recorder_version":"31","session":"a5fc5c9a1ff9","build":"193.5662.53","bucket":"159","time":1590242218881,"group":{"id":"java.compiler.settings.project","version":"1"},"event":{"state":true,"data":{"created":1590242218882,"project":"d119a6d897fcb33934b9adf90ec59bc9e850f90f58367fa567dc99031a6fc921","enabled":true},"id":"COMPILE_AFFECTED_UNLOADED_MODULES_BEFORE_COMMIT"}}
{"recorder_version":"31","session":"a5fc5c9a1ff9","build":"193.5662.53","bucket":"159","time":1590242218881,"group":{"id":"java.compiler.settings.project","version":"1"},"event":{"state":true,"data":{"created":1590242218882,"project":"d119a6d897fcb33934b9adf90ec59bc9e850f90f58367fa567dc99031a6fc921"},"id":"invoked"}}
{"recorder_version":"31","session":"a5fc5c9a1ff9","build":"193.5662.53","bucket":"159","time":1590242218881,"group":{"id":"build.tools","version":"1"},"event":{"state":true,"data":{"created":1590242218882,"project":"d119a6d897fcb33934b9adf90ec59bc9e850f90f58367fa567dc99031a6fc921"},"id":"invoked"}}
{"recorder_version":"31","session":"a5fc5c9a1ff9","build":"193.5662.53","bucket":"159","time":1590242218881,"group":{"id":"build.maven.state","version":"1"},"event":{"state":true,"data":{"created":1590242218882,"project":"d119a6d897fcb33934b9adf90ec59bc9e850f90f58367fa567dc99031a6fc921"},"id":"invoked"}}
{"recorder_version":"31","session":"a5fc5c9a1ff9","build":"193.5662.53","bucket":"159","time":1590242218882,"group":{"id":"editor.settings.project","version":"2"},"event":{"state":true,"data":{"created":1590242218882,"project":"d119a6d897fcb33934b9adf90ec59bc9e850f90f58367fa567dc99031a6fc921"},"id":"invoked"}}
{"recorder_version":"31","session":"a5fc5c9a1ff9","build":"193.5662.53","bucket":"159","time":1590242218937,"group":{"id":"file.types","version":"2"},"event":{"state":true,"data":{"file_type":"IDEA_MODULE","created":1590242218938,"plugin_type":"PLATFORM","project":"d119a6d897fcb33934b9adf90ec59bc9e850f90f58367fa567dc99031a6fc921"},"id":"file.in.project"}}
{"recorder_version":"31","session":"a5fc5c9a1ff9","build":"193.5662.53","bucket":"159","time":1590242218937,"group":{"id":"file.types","version":"2"},"event":{"state":true,"data":{"plugin":"com.intellij.java","file_type":"JAVA","created":1590242218938,"plugin_type":"JB_BUNDLED","project":"d119a6d897fcb33934b9adf90ec59bc9e850f90f58367fa567dc99031a6fc921"},"id":"file.in.project"}}
{"recorder_version":"31","session":"a5fc5c9a1ff9","build":"193.5662.53","bucket":"159","time":1590242218937,"group":{"id":"file.types","version":"2"},"event":{"state":true,"data":{"created":1590242218938,"project":"d119a6d897fcb33934b9adf90ec59bc9e850f90f58367fa567dc99031a6fc921"},"id":"invoked"}}
{"recorder_version":"31","session":"a5fc5c9a1ff9","build":"193.5662.53","bucket":"159","time":1590242218946,"group":{"id":"inlay.configuration","version":"2"},"event":{"state":true,"data":{"created":1590242218946,"plugin_type":"PLATFORM","project":"d119a6d897fcb33934b9adf90ec59bc9e850f90f58367fa567dc99031a6fc921","lang":"Groovy","enabled":true},"id":"validation.unmatched_rule"}}
{"recorder_version":"31","session":"a5fc5c9a1ff9","build":"193.5662.53","bucket":"159","time":1590242218946,"group":{"id":"inlay.configuration","version":"2"},"event":{"state":true,"data":{"java_simple_sequentially_numbered":"validation.undefined_rule","java_clear_expression_type":"validation.undefined_rule","java_new_expr":"validation.undefined_rule","java_multiple_params_same_type":"validation.undefined_rule","created":1590242218947,"java_build_like_method":"validation.undefined_rule","plugin_type":"PLATFORM","java_enums":"validation.undefined_rule","project":"d119a6d897fcb33934b9adf90ec59bc9e850f90f58367fa567dc99031a6fc921","java_method_name_contains_parameter_name":"validation.undefined_rule","lang":"JAVA","enabled":true},"id":"validation.unmatched_rule"}}
{"recorder_version":"31","session":"a5fc5c9a1ff9","build":"193.5662.53","bucket":"159","time":1590242218946,"group":{"id":"inlay.configuration","version":"2"},"event":{"state":true,"data":{"SHOW_PARAMETER_HINT":"validation.undefined_rule","SHOW_PROPERTY_HINT":"validation.undefined_rule","SHOW_PARAMETER_TYPE_HINT":"validation.undefined_rule","created":1590242218947,"project":"d119a6d897fcb33934b9adf90ec59bc9e850f90f58367fa567dc99031a6fc921","enabled":true,"SHOW_SUSPENDING_CALL":"validation.undefined_rule","SHOW_LOCAL_VARIABLE_HINT":"validation.undefined_rule","SHOW_FUNCTION_HINT":"validation.undefined_rule","plugin_type":"PLATFORM","SHOW_LAMBDA_IMPLICIT_PARAMETER_RECEIVER":"validation.undefined_rule","lang":"kotlin","SHOW_LAMBDA_RETURN_EXPRESSION":"validation.undefined_rule"},"id":"validation.unmatched_rule"}}
{"recorder_version":"31","session":"a5fc5c9a1ff9","build":"193.5662.53","bucket":"159","time":1590242218946,"group":{"id":"inlay.configuration","version":"2"},"event":{"state":true,"data":{"type_parameter_list":"validation.undefined_rule","inferred_parameter_types":"validation.undefined_rule","created":1590242218947,"plugin_type":"PLATFORM","project":"d119a6d897fcb33934b9adf90ec59bc9e850f90f58367fa567dc99031a6fc921","lang":"Groovy","enabled":true},"id":"validation.unmatched_rule"}}
{"recorder_version":"31","session":"a5fc5c9a1ff9","build":"193.5662.53","bucket":"159","time":1590242218946,"group":{"id":"inlay.configuration","version":"2"},"event":{"state":true,"data":{"created":1590242218947,"plugin_type":"PLATFORM","project":"d119a6d897fcb33934b9adf90ec59bc9e850f90f58367fa567dc99031a6fc921","lang":"JAVA","enabled":true},"id":"validation.unmatched_rule"}}
{"recorder_version":"31","session":"a5fc5c9a1ff9","build":"193.5662.53","bucket":"159","time":1590242218946,"group":{"id":"inlay.configuration","version":"2"},"event":{"state":true,"data":{"inferred_annotations":"validation.undefined_rule","created":1590242218947,"plugin_type":"PLATFORM","project":"d119a6d897fcb33934b9adf90ec59bc9e850f90f58367fa567dc99031a6fc921","lang":"JAVA","external_annotations":"validation.undefined_rule","enabled":true},"id":"validation.unmatched_rule"}}
{"recorder_version":"31","session":"a5fc5c9a1ff9","build":"193.5662.53","bucket":"159","time":1590242218946,"group":{"id":"inlay.configuration","version":"2"},"event":{"state":true,"data":{"created":1590242218947,"project":"d119a6d897fcb33934b9adf90ec59bc9e850f90f58367fa567dc99031a6fc921"},"id":"invoked"}}
{"recorder_version":"31","session":"a5fc5c9a1ff9","build":"193.5662.53","bucket":"159","time":1590242218948,"group":{"id":"vcs.log.ui","version":"2"},"event":{"state":true,"data":{"created":1590242218948,"project":"d119a6d897fcb33934b9adf90ec59bc9e850f90f58367fa567dc99031a6fc921"},"id":"invoked"}}
{"recorder_version":"31","session":"a5fc5c9a1ff9","build":"193.5662.53","bucket":"159","time":1590242218959,"group":{"id":"build.ant.state","version":"1"},"event":{"state":true,"data":{"created":1590242218959,"project":"d119a6d897fcb33934b9adf90ec59bc9e850f90f58367fa567dc99031a6fc921"},"id":"invoked"}}
{"recorder_version":"31","session":"a5fc5c9a1ff9","build":"193.5662.53","bucket":"159","time":1590242218962,"group":{"id":"vcs.settings","version":"2"},"event":{"state":true,"data":{"created":1590242218962,"project":"d119a6d897fcb33934b9adf90ec59bc9e850f90f58367fa567dc99031a6fc921"},"id":"invoked"}}
{"recorder_version":"31","session":"a5fc5c9a1ff9","build":"193.5662.53","bucket":"159","time":1590242218962,"group":{"id":"build.gradle.state","version":"1"},"event":{"state":true,"data":{"created":1590242218962,"project":"d119a6d897fcb33934b9adf90ec59bc9e850f90f58367fa567dc99031a6fc921"},"id":"invoked"}}
{"recorder_version":"31","session":"a5fc5c9a1ff9","build":"193.5662.53","bucket":"159","time":1590242218963,"group":{"id":"inspections","version":"2"},"event":{"state":true,"data":{"created":1590242218963,"project":"d119a6d897fcb33934b9adf90ec59bc9e850f90f58367fa567dc99031a6fc921"},"id":"invoked"}}
{"recorder_version":"31","session":"a5fc5c9a1ff9","build":"193.5662.53","bucket":"159","time":1590242218964,"group":{"id":"debugger.breakpoints","version":"2"},"event":{"state":true,"data":{"created":1590242218964,"count":0,"project":"d119a6d897fcb33934b9adf90ec59bc9e850f90f58367fa567dc99031a6fc921"},"id":"total"}}
{"recorder_version":"31","session":"a5fc5c9a1ff9","build":"193.5662.53","bucket":"159","time":1590242218964,"group":{"id":"debugger.breakpoints","version":"2"},"event":{"state":true,"data":{"created":1590242218965,"count":0,"project":"d119a6d897fcb33934b9adf90ec59bc9e850f90f58367fa567dc99031a6fc921"},"id":"total.disabled"}}
{"recorder_version":"31","session":"a5fc5c9a1ff9","build":"193.5662.53","bucket":"159","time":1590242218964,"group":{"id":"debugger.breakpoints","version":"2"},"event":{"state":true,"data":{"created":1590242218965,"count":0,"project":"d119a6d897fcb33934b9adf90ec59bc9e850f90f58367fa567dc99031a6fc921"},"id":"total.non.suspending"}}
{"recorder_version":"31","session":"a5fc5c9a1ff9","build":"193.5662.53","bucket":"159","time":1590242218964,"group":{"id":"debugger.breakpoints","version":"2"},"event":{"state":true,"data":{"created":1590242218965,"project":"d119a6d897fcb33934b9adf90ec59bc9e850f90f58367fa567dc99031a6fc921"},"id":"invoked"}}
{"recorder_version":"31","session":"a5fc5c9a1ff9","build":"193.5662.53","bucket":"159","time":1590242219660,"group":{"id":"javaLibraryJars","version":"2"},"event":{"state":true,"data":{"created":1590242219660,"project":"d119a6d897fcb33934b9adf90ec59bc9e850f90f58367fa567dc99031a6fc921"},"id":"invoked"}}
{"recorder_version":"31","session":"a5fc5c9a1ff9","build":"193.5662.53","bucket":"159","time":1590242219705,"group":{"id":"svn.configuration","version":"1"},"event":{"state":true,"data":{"created":1590242219705,"project":"d119a6d897fcb33934b9adf90ec59bc9e850f90f58367fa567dc99031a6fc921"},"id":"invoked"}}
{"recorder_version":"31","session":"a5fc5c9a1ff9","build":"193.5662.53","bucket":"159","time":1590242219706,"group":{"id":"kotlin.project.configuration","version":"1"},"event":{"state":true,"data":{"created":1590242219706,"project":"d119a6d897fcb33934b9adf90ec59bc9e850f90f58367fa567dc99031a6fc921"},"id":"invoked"}}
{"recorder_version":"31","session":"a5fc5c9a1ff9","build":"193.5662.53","bucket":"159","time":1590242219706,"group":{"id":"java.language","version":"1"},"event":{"state":true,"data":{"feature":11,"minor":0,"created":1590242219706,"project":"d119a6d897fcb33934b9adf90ec59bc9e850f90f58367fa567dc99031a6fc921","update":2,"ea":false},"id":"MODULE_JDK_VERSION"}}
{"recorder_version":"31","session":"a5fc5c9a1ff9","build":"193.5662.53","bucket":"159","time":1590242219706,"group":{"id":"java.language","version":"1"},"event":{"state":true,"data":{"preview":false,"created":1590242219706,"project":"d119a6d897fcb33934b9adf90ec59bc9e850f90f58367fa567dc99031a6fc921","version":11},"id":"MODULE_LANGUAGE_LEVEL"}}
{"recorder_version":"31","session":"a5fc5c9a1ff9","build":"193.5662.53","bucket":"159","time":1590242219706,"group":{"id":"java.language","version":"1"},"event":{"state":true,"data":{"created":1590242219707,"project":"d119a6d897fcb33934b9adf90ec59bc9e850f90f58367fa567dc99031a6fc921"},"id":"invoked"}}
{"recorder_version":"31","session":"a5fc5c9a1ff9","build":"193.5662.53","bucket":"159","time":1590242219706,"group":{"id":"module.facets","version":"3"},"event":{"state":true,"data":{"created":1590242219707,"project":"d119a6d897fcb33934b9adf90ec59bc9e850f90f58367fa567dc99031a6fc921"},"id":"invoked"}}
{"recorder_version":"31","session":"a5fc5c9a1ff9","build":"193.5662.53","bucket":"159","time":1590242219707,"group":{"id":"run.configuration.type","version":"5"},"event":{"state":true,"data":{"created":1590242219707,"project":"d119a6d897fcb33934b9adf90ec59bc9e850f90f58367fa567dc99031a6fc921"},"id":"invoked"}}
{"recorder_version":"31","session":"a5fc5c9a1ff9","build":"193.5662.53","bucket":"159","time":1590242219708,"group":{"id":"project.structure","version":"2"},"event":{"state":true,"data":{"created":1590242219708,"count":1,"project":"d119a6d897fcb33934b9adf90ec59bc9e850f90f58367fa567dc99031a6fc921"},"id":"content.roots.total"}}
{"recorder_version":"31","session":"a5fc5c9a1ff9","build":"193.5662.53","bucket":"159","time":1590242219708,"group":{"id":"project.structure","version":"2"},"event":{"state":true,"data":{"created":1590242219708,"count":0,"project":"d119a6d897fcb33934b9adf90ec59bc9e850f90f58367fa567dc99031a6fc921"},"id":"package.prefix"}}
{"recorder_version":"31","session":"a5fc5c9a1ff9","build":"193.5662.53","bucket":"159","time":1590242219708,"group":{"id":"project.structure","version":"2"},"event":{"state":true,"data":{"created":1590242219708,"count":1,"project":"d119a6d897fcb33934b9adf90ec59bc9e850f90f58367fa567dc99031a6fc921"},"id":"source.roots.total"}}
{"recorder_version":"31","session":"a5fc5c9a1ff9","build":"193.5662.53","bucket":"159","time":1590242219708,"group":{"id":"project.structure","version":"2"},"event":{"state":true,"data":{"created":1590242219708,"count":1,"project":"d119a6d897fcb33934b9adf90ec59bc9e850f90f58367fa567dc99031a6fc921"},"id":"modules.total"}}
{"recorder_version":"31","session":"a5fc5c9a1ff9","build":"193.5662.53","bucket":"159","time":1590242219708,"group":{"id":"project.structure","version":"2"},"event":{"state":true,"data":{"created":1590242219708,"count":0,"project":"d119a6d897fcb33934b9adf90ec59bc9e850f90f58367fa567dc99031a6fc921"},"id":"excluded.roots.total"}}
{"recorder_version":"31","session":"a5fc5c9a1ff9","build":"193.5662.53","bucket":"159","time":1590242219708,"group":{"id":"project.structure","version":"2"},"event":{"state":true,"data":{"created":1590242219708,"count":1,"project":"d119a6d897fcb33934b9adf90ec59bc9e850f90f58367fa567dc99031a6fc921","type":"java-source"},"id":"source.root"}}
{"recorder_version":"31","session":"a5fc5c9a1ff9","build":"193.5662.53","bucket":"159","time":1590242219708,"group":{"id":"project.structure","version":"2"},"event":{"state":true,"data":{"created":1590242219708,"project":"d119a6d897fcb33934b9adf90ec59bc9e850f90f58367fa567dc99031a6fc921"},"id":"invoked"}}
{"recorder_version":"31","session":"a5fc5c9a1ff9","build":"193.5662.53","bucket":"159","time":1590242221031,"group":{"id":"performance","version":"31"},"event":{"count":1,"data":{"duration_ms":0,"created":1590242221031},"id":"ui.latency"}}
{"recorder_version":"31","session":"a5fc5c9a1ff9","build":"193.5662.53","bucket":"159","time":1590242321212,"group":{"id":"performance","version":"31"},"event":{"count":1,"data":{"duration_ms":0,"created":1590242321212},"id":"ui.latency"}}
{"recorder_version":"31","session":"a5fc5c9a1ff9","build":"193.5662.53","bucket":"159","time":1590242421401,"group":{"id":"performance","version":"31"},"event":{"count":1,"data":{"duration_ms":0,"created":1590242421401},"id":"ui.latency"}}
{"recorder_version":"31","session":"a5fc5c9a1ff9","build":"193.5662.53","bucket":"159","time":1590242521643,"group":{"id":"performance","version":"31"},"event":{"count":1,"data":{"duration_ms":0,"created":1590242521643},"id":"ui.latency"}}
{"recorder_version":"31","session":"a5fc5c9a1ff9","build":"193.5662.53","bucket":"159","time":1590242621827,"group":{"id":"performance","version":"31"},"event":{"count":1,"data":{"duration_ms":0,"created":1590242621827},"id":"ui.latency"}}
{"recorder_version":"31","session":"a5fc5c9a1ff9","build":"193.5662.53","bucket":"159","time":1590242722046,"group":{"id":"performance","version":"31"},"event":{"count":1,"data":{"duration_ms":1,"created":1590242722046},"id":"ui.latency"}}
{"recorder_version":"31","session":"a5fc5c9a1ff9","build":"193.5662.53","bucket":"159","time":1590242822221,"group":{"id":"performance","version":"31"},"event":{"count":1,"data":{"duration_ms":0,"created":1590242822221},"id":"ui.latency"}}
