{"recorder_version":"31","session":"9025de4f2064","build":"193.5662.53","bucket":"159","time":1590242932567,"group":{"id":"settings","version":"4"},"event":{"state":true,"data":{"component":"NotRoamableUiSettings","created":1590242932835},"id":"invoked"}}
{"recorder_version":"31","session":"9025de4f2064","build":"193.5662.53","bucket":"159","time":1590242932568,"group":{"id":"settings","version":"4"},"event":{"state":true,"data":{"component":"UISettings","created":1590242932837},"id":"invoked"}}
{"recorder_version":"31","session":"9025de4f2064","build":"193.5662.53","bucket":"159","time":1590242932573,"group":{"id":"system.java","version":"1"},"event":{"state":true,"data":{"created":1590242932848,"version":"validation.undefined_rule"},"id":"validation.undefined_rule"}}
{"recorder_version":"31","session":"9025de4f2064","build":"193.5662.53","bucket":"159","time":1590242932573,"group":{"id":"system.java","version":"1"},"event":{"state":true,"data":{"created":1590242932852},"id":"invoked"}}
{"recorder_version":"31","session":"9025de4f2064","build":"193.5662.53","bucket":"159","time":1590242932590,"group":{"id":"system.os","version":"3"},"event":{"state":true,"data":{"created":1590242932854,"version":"10.15"},"id":"Mac"}}
{"recorder_version":"31","session":"9025de4f2064","build":"193.5662.53","bucket":"159","time":1590242932590,"group":{"id":"system.os","version":"3"},"event":{"state":true,"data":{"created":1590242932855,"name":"Mac","version":"10.15"},"id":"os.name"}}
{"recorder_version":"31","session":"9025de4f2064","build":"193.5662.53","bucket":"159","time":1590242932590,"group":{"id":"system.os","version":"3"},"event":{"state":true,"data":{"created":1590242932855,"value":"+02_00"},"id":"os.timezone"}}
{"recorder_version":"31","session":"9025de4f2064","build":"193.5662.53","bucket":"159","time":1590242932590,"group":{"id":"system.os","version":"3"},"event":{"state":true,"data":{"created":1590242932856},"id":"invoked"}}
{"recorder_version":"31","session":"9025de4f2064","build":"193.5662.53","bucket":"159","time":1590242932696,"group":{"id":"settings","version":"4"},"event":{"state":true,"data":{"component":"UpdatesConfigurable","created":1590242932857,"name":"checkNeeded","type":"bool","value":false},"id":"not.default"}}
{"recorder_version":"31","session":"9025de4f2064","build":"193.5662.53","bucket":"159","time":1590242932696,"group":{"id":"settings","version":"4"},"event":{"state":true,"data":{"component":"UpdatesConfigurable","created":1590242932857},"id":"invoked"}}
{"recorder_version":"31","session":"9025de4f2064","build":"193.5662.53","bucket":"159","time":1590242932807,"group":{"id":"event.log","version":"31"},"event":{"count":1,"data":{"created":1590242932858,"version":"1268.0"},"id":"whitelist.loaded"}}
{"recorder_version":"31","session":"9025de4f2064","build":"193.5662.53","bucket":"159","time":1590242932911,"group":{"id":"settings","version":"4"},"event":{"state":true,"data":{"component":"GeneralSettings","created":1590242932912,"name":"showTipsOnStartup","type":"bool","value":false},"id":"not.default"}}
{"recorder_version":"31","session":"9025de4f2064","build":"193.5662.53","bucket":"159","time":1590242932911,"group":{"id":"settings","version":"4"},"event":{"state":true,"data":{"component":"GeneralSettings","created":1590242932913},"id":"invoked"}}
{"recorder_version":"31","session":"9025de4f2064","build":"193.5662.53","bucket":"159","time":1590242932938,"group":{"id":"lifecycle","version":"31"},"event":{"count":1,"data":{"internal":true,"eap":false,"created":1590242932938},"id":"ide.start"}}
{"recorder_version":"31","session":"9025de4f2064","build":"193.5662.53","bucket":"159","time":1590242933060,"group":{"id":"settings","version":"4"},"event":{"state":true,"data":{"component":"XmlEditorOptions","created":1590242933060},"id":"invoked"}}
{"recorder_version":"31","session":"9025de4f2064","build":"193.5662.53","bucket":"159","time":1590242933740,"group":{"id":"performance","version":"31"},"event":{"count":1,"data":{"duration_ms":334,"created":1590242933740},"id":"ui.latency"}}
{"recorder_version":"31","session":"9025de4f2064","build":"193.5662.53","bucket":"159","time":1590242933740,"group":{"id":"performance","version":"31"},"event":{"count":1,"data":{"duration_ms":334,"created":1590242933741},"id":"ui.lagging"}}
{"recorder_version":"31","session":"9025de4f2064","build":"193.5662.53","bucket":"159","time":1590242933859,"group":{"id":"ui.dialogs","version":"31"},"event":{"count":1,"data":{"created":1590242933860,"plugin_type":"PLATFORM","dialog_class":"com.intellij.openapi.progress.util.ProgressDialog$MyDialogWrapper"},"id":"show"}}
{"recorder_version":"31","session":"9025de4f2064","build":"193.5662.53","bucket":"159","time":1590242934015,"group":{"id":"settings","version":"4"},"event":{"state":true,"data":{"component":"VcsApplicationSettings","created":1590242934015},"id":"invoked"}}
{"recorder_version":"31","session":"9025de4f2064","build":"193.5662.53","bucket":"159","time":1590242936061,"group":{"id":"lifecycle","version":"31"},"event":{"count":1,"data":{"created":1590242936061,"project":"d119a6d897fcb33934b9adf90ec59bc9e850f90f58367fa567dc99031a6fc921"},"id":"project.opened"}}
{"recorder_version":"31","session":"9025de4f2064","build":"193.5662.53","bucket":"159","time":1590242936539,"group":{"id":"performance","version":"31"},"event":{"count":1,"data":{"duration_ms":1134,"created":1590242936539},"id":"ui.lagging"}}
{"recorder_version":"31","session":"9025de4f2064","build":"193.5662.53","bucket":"159","time":1590242936704,"group":{"id":"performance","version":"31"},"event":{"count":1,"data":{"duration_ms":300,"created":1590242936704},"id":"ui.lagging"}}
{"recorder_version":"31","session":"9025de4f2064","build":"193.5662.53","bucket":"159","time":1590242936730,"group":{"id":"toolwindow","version":"31"},"event":{"count":1,"data":{"created":1590242936730,"plugin_type":"PLATFORM","id":"Event_Log"},"id":"activated"}}
{"recorder_version":"31","session":"9025de4f2064","build":"193.5662.53","bucket":"159","time":1590242937534,"group":{"id":"performance","version":"31"},"event":{"count":1,"data":{"duration_ms":129,"created":1590242937534},"id":"ui.lagging"}}
{"recorder_version":"31","session":"9025de4f2064","build":"193.5662.53","bucket":"159","time":1590242938288,"group":{"id":"project.fs","version":"1"},"event":{"state":true,"data":{"os":"Mac","cs-project":false,"created":1590242938288,"project":"d119a6d897fcb33934b9adf90ec59bc9e850f90f58367fa567dc99031a6fc921","cs-implicit":true,"cs-system":false},"id":"case-sensitivity"}}
{"recorder_version":"31","session":"9025de4f2064","build":"193.5662.53","bucket":"159","time":1590242938288,"group":{"id":"project.fs","version":"1"},"event":{"state":true,"data":{"created":1590242938289},"id":"invoked"}}
{"recorder_version":"31","session":"9025de4f2064","build":"193.5662.53","bucket":"159","time":1590242938289,"group":{"id":"project.fs","version":"1"},"event":{"state":true,"data":{"pct-non-watched":0,"created":1590242938289,"project":"d119a6d897fcb33934b9adf90ec59bc9e850f90f58367fa567dc99031a6fc921"},"id":"roots-watched"}}
{"recorder_version":"31","session":"9025de4f2064","build":"193.5662.53","bucket":"159","time":1590242938289,"group":{"id":"project.fs","version":"1"},"event":{"state":true,"data":{"created":1590242938289},"id":"invoked"}}
{"recorder_version":"31","session":"9025de4f2064","build":"193.5662.53","bucket":"159","time":1590242938362,"group":{"id":"ui.dialogs","version":"31"},"event":{"count":1,"data":{"code":1,"created":1590242938362,"plugin_type":"PLATFORM","dialog_class":"com.intellij.openapi.progress.util.ProgressDialog$MyDialogWrapper"},"id":"close"}}
{"recorder_version":"31","session":"9025de4f2064","build":"193.5662.53","bucket":"159","time":1590242938454,"group":{"id":"indexing","version":"2"},"event":{"count":1,"data":{"ide_activity_id":1,"created":1590242938455,"project":"d119a6d897fcb33934b9adf90ec59bc9e850f90f58367fa567dc99031a6fc921"},"id":"started"}}
{"recorder_version":"31","session":"9025de4f2064","build":"193.5662.53","bucket":"159","time":1590242938517,"group":{"id":"performance","version":"31"},"event":{"count":1,"data":{"duration_ms":109,"created":1590242938518},"id":"ui.lagging"}}
{"recorder_version":"31","session":"9025de4f2064","build":"193.5662.53","bucket":"159","time":1590242938527,"group":{"id":"indexing","version":"2"},"event":{"count":1,"data":{"ide_activity_id":1,"stage_class":"com.intellij.util.indexing.UnindexedFilesUpdater","created":1590242938527,"plugin_type":"PLATFORM"},"id":"stage"}}
{"recorder_version":"31","session":"9025de4f2064","build":"193.5662.53","bucket":"159","time":1590242938529,"group":{"id":"lifecycle","version":"31"},"event":{"count":1,"data":{"duration_ms":5484,"created":1590242938529,"project":"d119a6d897fcb33934b9adf90ec59bc9e850f90f58367fa567dc99031a6fc921"},"id":"project.opening.finished"}}
{"recorder_version":"31","session":"9025de4f2064","build":"193.5662.53","bucket":"159","time":1590242941527,"group":{"id":"indexing","version":"2"},"event":{"count":1,"data":{"duration_ms":3073,"ide_activity_id":1,"created":1590242941527},"id":"finished"}}
{"recorder_version":"31","session":"9025de4f2064","build":"193.5662.53","bucket":"159","time":1590242941634,"group":{"id":"indexing","version":"2"},"event":{"count":1,"data":{"ide_activity_id":2,"created":1590242941635,"project":"d119a6d897fcb33934b9adf90ec59bc9e850f90f58367fa567dc99031a6fc921"},"id":"started"}}
{"recorder_version":"31","session":"9025de4f2064","build":"193.5662.53","bucket":"159","time":1590242941652,"group":{"id":"indexing","version":"2"},"event":{"count":1,"data":{"ide_activity_id":2,"plugin":"org.jetbrains.android","stage_class":"com.android.tools.idea.res.ResourceFolderRepositoryFileCacheImpl$PruneTask","created":1590242941656,"plugin_type":"JB_BUNDLED"},"id":"stage"}}
{"recorder_version":"31","session":"9025de4f2064","build":"193.5662.53","bucket":"159","time":1590242941697,"group":{"id":"indexing","version":"2"},"event":{"count":1,"data":{"ide_activity_id":2,"plugin":"org.jetbrains.android","stage_class":"com.android.tools.idea.res.ResourceFolderRepositoryFileCacheImpl$ManageLruProjectFilesTask","created":1590242941698,"plugin_type":"JB_BUNDLED"},"id":"stage"}}
{"recorder_version":"31","session":"9025de4f2064","build":"193.5662.53","bucket":"159","time":1590242941726,"group":{"id":"indexing","version":"2"},"event":{"count":1,"data":{"duration_ms":92,"ide_activity_id":2,"created":1590242941726},"id":"finished"}}
{"recorder_version":"31","session":"9025de4f2064","build":"193.5662.53","bucket":"159","time":1590242941745,"group":{"id":"indexing","version":"2"},"event":{"count":1,"data":{"ide_activity_id":3,"created":1590242941745,"project":"d119a6d897fcb33934b9adf90ec59bc9e850f90f58367fa567dc99031a6fc921"},"id":"started"}}
{"recorder_version":"31","session":"9025de4f2064","build":"193.5662.53","bucket":"159","time":1590242941747,"group":{"id":"indexing","version":"2"},"event":{"count":1,"data":{"ide_activity_id":3,"plugin":"org.jetbrains.android","stage_class":"com.android.tools.idea.res.ResourceFolderRegistry$PopulateCachesTask","created":1590242941748,"plugin_type":"JB_BUNDLED"},"id":"stage"}}
{"recorder_version":"31","session":"9025de4f2064","build":"193.5662.53","bucket":"159","time":1590242941762,"group":{"id":"indexing","version":"2"},"event":{"count":1,"data":{"duration_ms":17,"ide_activity_id":3,"created":1590242941762},"id":"finished"}}
{"recorder_version":"31","session":"9025de4f2064","build":"193.5662.53","bucket":"159","time":1590242943374,"group":{"id":"startup","version":"1"},"event":{"count":1,"data":{"duration":1745,"created":1590242943375},"id":"appInit"}}
{"recorder_version":"31","session":"9025de4f2064","build":"193.5662.53","bucket":"159","time":1590242943374,"group":{"id":"startup","version":"1"},"event":{"count":1,"data":{"duration":347,"created":1590242943375},"id":"splash"}}
{"recorder_version":"31","session":"9025de4f2064","build":"193.5662.53","bucket":"159","time":1590242943374,"group":{"id":"startup","version":"1"},"event":{"count":1,"data":{"duration":362,"created":1590242943375},"id":"bootstrap"}}
{"recorder_version":"31","session":"9025de4f2064","build":"193.5662.53","bucket":"159","time":1590242943374,"group":{"id":"startup","version":"1"},"event":{"count":1,"data":{"duration":8867,"created":1590242943376},"id":"totalDuration"}}
{"recorder_version":"31","session":"9025de4f2064","build":"193.5662.53","bucket":"159","time":1590243034589,"group":{"id":"performance","version":"31"},"event":{"count":1,"data":{"duration_ms":0,"created":1590243034589},"id":"ui.latency"}}
{"recorder_version":"31","session":"9025de4f2064","build":"193.5662.53","bucket":"159","time":1590243134778,"group":{"id":"performance","version":"31"},"event":{"count":1,"data":{"duration_ms":0,"created":1590243134778},"id":"ui.latency"}}
{"recorder_version":"31","session":"9025de4f2064","build":"193.5662.53","bucket":"159","time":1590243232940,"group":{"id":"kotlin.ide.j2k","version":"1"},"event":{"count":1,"data":{"created":1590243232941},"id":"registered"}}
{"recorder_version":"31","session":"9025de4f2064","build":"193.5662.53","bucket":"159","time":1590243232941,"group":{"id":"java.find.usages","version":"1"},"event":{"count":1,"data":{"created":1590243232942},"id":"registered"}}
{"recorder_version":"31","session":"9025de4f2064","build":"193.5662.53","bucket":"159","time":1590243232941,"group":{"id":"file.types.usage","version":"31"},"event":{"count":1,"data":{"created":1590243232942},"id":"registered"}}
{"recorder_version":"31","session":"9025de4f2064","build":"193.5662.53","bucket":"159","time":1590243232941,"group":{"id":"ide.script.engine","version":"2"},"event":{"count":1,"data":{"created":1590243232942},"id":"registered"}}
{"recorder_version":"31","session":"9025de4f2064","build":"193.5662.53","bucket":"159","time":1590243232941,"group":{"id":"live.templates","version":"31"},"event":{"count":1,"data":{"created":1590243232942},"id":"registered"}}
{"recorder_version":"31","session":"9025de4f2064","build":"193.5662.53","bucket":"159","time":1590243232941,"group":{"id":"ide.self.update","version":"2"},"event":{"count":1,"data":{"created":1590243232942},"id":"registered"}}
{"recorder_version":"31","session":"9025de4f2064","build":"193.5662.53","bucket":"159","time":1590243232941,"group":{"id":"lifecycle","version":"31"},"event":{"count":1,"data":{"created":1590243232942},"id":"registered"}}
{"recorder_version":"31","session":"9025de4f2064","build":"193.5662.53","bucket":"159","time":1590243232941,"group":{"id":"vcs.diff.trigger","version":"1"},"event":{"count":1,"data":{"created":1590243232942},"id":"registered"}}
{"recorder_version":"31","session":"9025de4f2064","build":"193.5662.53","bucket":"159","time":1590243232941,"group":{"id":"debugger.breakpoints.usage","version":"2"},"event":{"count":1,"data":{"created":1590243232942},"id":"registered"}}
{"recorder_version":"31","session":"9025de4f2064","build":"193.5662.53","bucket":"159","time":1590243232941,"group":{"id":"kotlin.gradle.library","version":"1"},"event":{"count":1,"data":{"created":1590243232943},"id":"registered"}}
{"recorder_version":"31","session":"9025de4f2064","build":"193.5662.53","bucket":"159","time":1590243232941,"group":{"id":"startup","version":"1"},"event":{"count":1,"data":{"created":1590243232943},"id":"registered"}}
{"recorder_version":"31","session":"9025de4f2064","build":"193.5662.53","bucket":"159","time":1590243232941,"group":{"id":"find","version":"2"},"event":{"count":1,"data":{"created":1590243232943},"id":"registered"}}
{"recorder_version":"31","session":"9025de4f2064","build":"193.5662.53","bucket":"159","time":1590243232941,"group":{"id":"kotlin.gradle.target","version":"2"},"event":{"count":1,"data":{"created":1590243232945},"id":"registered"}}
{"recorder_version":"31","session":"9025de4f2064","build":"193.5662.53","bucket":"159","time":1590243232941,"group":{"id":"gutter.icon.click","version":"2"},"event":{"count":1,"data":{"created":1590243232945},"id":"registered"}}
{"recorder_version":"31","session":"9025de4f2064","build":"193.5662.53","bucket":"159","time":1590243232941,"group":{"id":"shell.script","version":"1"},"event":{"count":1,"data":{"created":1590243232945},"id":"registered"}}
{"recorder_version":"31","session":"9025de4f2064","build":"193.5662.53","bucket":"159","time":1590243232941,"group":{"id":"new.project.wizard","version":"1"},"event":{"count":1,"data":{"created":1590243232945},"id":"registered"}}
{"recorder_version":"31","session":"9025de4f2064","build":"193.5662.53","bucket":"159","time":1590243232941,"group":{"id":"kotlin.ide.npwizards","version":"1"},"event":{"count":1,"data":{"created":1590243232945},"id":"registered"}}
{"recorder_version":"31","session":"9025de4f2064","build":"193.5662.53","bucket":"159","time":1590243232941,"group":{"id":"intentions","version":"31"},"event":{"count":1,"data":{"created":1590243232948},"id":"registered"}}
{"recorder_version":"31","session":"9025de4f2064","build":"193.5662.53","bucket":"159","time":1590243232941,"group":{"id":"settings.repository","version":"1"},"event":{"count":1,"data":{"created":1590243232948},"id":"registered"}}
{"recorder_version":"31","session":"9025de4f2064","build":"193.5662.53","bucket":"159","time":1590243232941,"group":{"id":"vcs.change.reminder","version":"2"},"event":{"count":1,"data":{"created":1590243232948},"id":"registered"}}
{"recorder_version":"31","session":"9025de4f2064","build":"193.5662.53","bucket":"159","time":1590243232941,"group":{"id":"create.directory.dialog","version":"1"},"event":{"count":1,"data":{"created":1590243232948},"id":"registered"}}
{"recorder_version":"31","session":"9025de4f2064","build":"193.5662.53","bucket":"159","time":1590243232941,"group":{"id":"kotlin.maven.target","version":"3"},"event":{"count":1,"data":{"created":1590243232948},"id":"registered"}}
{"recorder_version":"31","session":"9025de4f2064","build":"193.5662.53","bucket":"159","time":1590243232941,"group":{"id":"json.schema","version":"1"},"event":{"count":1,"data":{"created":1590243232949},"id":"registered"}}
{"recorder_version":"31","session":"9025de4f2064","build":"193.5662.53","bucket":"159","time":1590243232941,"group":{"id":"terminalShell","version":"1"},"event":{"count":1,"data":{"created":1590243232949},"id":"registered"}}
{"recorder_version":"31","session":"9025de4f2064","build":"193.5662.53","bucket":"159","time":1590243232941,"group":{"id":"rename.refactoring","version":"1"},"event":{"count":1,"data":{"created":1590243232949},"id":"registered"}}
{"recorder_version":"31","session":"9025de4f2064","build":"193.5662.53","bucket":"159","time":1590243232941,"group":{"id":"build.ant.actions","version":"1"},"event":{"count":1,"data":{"created":1590243232949},"id":"registered"}}
{"recorder_version":"31","session":"9025de4f2064","build":"193.5662.53","bucket":"159","time":1590243232941,"group":{"id":"actions","version":"31"},"event":{"count":1,"data":{"created":1590243232949},"id":"registered"}}
{"recorder_version":"31","session":"9025de4f2064","build":"193.5662.53","bucket":"159","time":1590243232941,"group":{"id":"kotlin.ide.editor","version":"1"},"event":{"count":1,"data":{"created":1590243232949},"id":"registered"}}
{"recorder_version":"31","session":"9025de4f2064","build":"193.5662.53","bucket":"159","time":1590243232941,"group":{"id":"event.log","version":"31"},"event":{"count":1,"data":{"created":1590243232949},"id":"registered"}}
{"recorder_version":"31","session":"9025de4f2064","build":"193.5662.53","bucket":"159","time":1590243232941,"group":{"id":"run.configuration.exec","version":"31"},"event":{"count":1,"data":{"created":1590243232949},"id":"registered"}}
{"recorder_version":"31","session":"9025de4f2064","build":"193.5662.53","bucket":"159","time":1590243232941,"group":{"id":"build.tools.actions","version":"1"},"event":{"count":1,"data":{"created":1590243232949},"id":"registered"}}
{"recorder_version":"31","session":"9025de4f2064","build":"193.5662.53","bucket":"159","time":1590243232941,"group":{"id":"file.editor","version":"2"},"event":{"count":1,"data":{"created":1590243232949},"id":"registered"}}
{"recorder_version":"31","session":"9025de4f2064","build":"193.5662.53","bucket":"159","time":1590243232941,"group":{"id":"vfs","version":"2"},"event":{"count":1,"data":{"created":1590243232949},"id":"registered"}}
{"recorder_version":"31","session":"9025de4f2064","build":"193.5662.53","bucket":"159","time":1590243232941,"group":{"id":"project.import","version":"2"},"event":{"count":1,"data":{"created":1590243232949},"id":"registered"}}
{"recorder_version":"31","session":"9025de4f2064","build":"193.5662.53","bucket":"159","time":1590243232941,"group":{"id":"actions.runAnything","version":"1"},"event":{"count":1,"data":{"created":1590243232950},"id":"registered"}}
{"recorder_version":"31","session":"9025de4f2064","build":"193.5662.53","bucket":"159","time":1590243232941,"group":{"id":"toolwindow","version":"31"},"event":{"count":1,"data":{"created":1590243232950},"id":"registered"}}
{"recorder_version":"31","session":"9025de4f2064","build":"193.5662.53","bucket":"159","time":1590243232941,"group":{"id":"kotlin.ide.newFileTempl","version":"1"},"event":{"count":1,"data":{"created":1590243232950},"id":"registered"}}
{"recorder_version":"31","session":"9025de4f2064","build":"193.5662.53","bucket":"159","time":1590243232941,"group":{"id":"ui.settings","version":"31"},"event":{"count":1,"data":{"created":1590243232950},"id":"registered"}}
{"recorder_version":"31","session":"9025de4f2064","build":"193.5662.53","bucket":"159","time":1590243232941,"group":{"id":"vcs.log.trigger","version":"2"},"event":{"count":1,"data":{"created":1590243232950},"id":"registered"}}
{"recorder_version":"31","session":"9025de4f2064","build":"193.5662.53","bucket":"159","time":1590243232941,"group":{"id":"productivity","version":"31"},"event":{"count":1,"data":{"created":1590243232950},"id":"registered"}}
{"recorder_version":"31","session":"9025de4f2064","build":"193.5662.53","bucket":"159","time":1590243232941,"group":{"id":"build.maven.actions","version":"1"},"event":{"count":1,"data":{"created":1590243232951},"id":"registered"}}
{"recorder_version":"31","session":"9025de4f2064","build":"193.5662.53","bucket":"159","time":1590243232941,"group":{"id":"ui.event","version":"3"},"event":{"count":1,"data":{"created":1590243232951},"id":"registered"}}
{"recorder_version":"31","session":"9025de4f2064","build":"193.5662.53","bucket":"159","time":1590243232941,"group":{"id":"plugins.advertiser","version":"1"},"event":{"count":1,"data":{"created":1590243232951},"id":"registered"}}
{"recorder_version":"31","session":"9025de4f2064","build":"193.5662.53","bucket":"159","time":1590243232941,"group":{"id":"editor.notification.panel","version":"1"},"event":{"count":1,"data":{"created":1590243232951},"id":"registered"}}
{"recorder_version":"31","session":"9025de4f2064","build":"193.5662.53","bucket":"159","time":1590243232941,"group":{"id":"kotlin.ide.debugger","version":"2"},"event":{"count":1,"data":{"created":1590243232951},"id":"registered"}}
{"recorder_version":"31","session":"9025de4f2064","build":"193.5662.53","bucket":"159","time":1590243232941,"group":{"id":"tooltip.action.events","version":"1"},"event":{"count":1,"data":{"created":1590243232951},"id":"registered"}}
{"recorder_version":"31","session":"9025de4f2064","build":"193.5662.53","bucket":"159","time":1590243232941,"group":{"id":"completion","version":"1"},"event":{"count":1,"data":{"created":1590243232951},"id":"registered"}}
{"recorder_version":"31","session":"9025de4f2064","build":"193.5662.53","bucket":"159","time":1590243232941,"group":{"id":"indexing","version":"2"},"event":{"count":1,"data":{"created":1590243232951},"id":"registered"}}
{"recorder_version":"31","session":"9025de4f2064","build":"193.5662.53","bucket":"159","time":1590243232941,"group":{"id":"vcs","version":"2"},"event":{"count":1,"data":{"created":1590243232951},"id":"registered"}}
{"recorder_version":"31","session":"9025de4f2064","build":"193.5662.53","bucket":"159","time":1590243232941,"group":{"id":"ui.dialogs","version":"31"},"event":{"count":1,"data":{"created":1590243232951},"id":"registered"}}
{"recorder_version":"31","session":"9025de4f2064","build":"193.5662.53","bucket":"159","time":1590243232941,"group":{"id":"vcs.back.forward.trigger","version":"1"},"event":{"count":1,"data":{"created":1590243232951},"id":"registered"}}
{"recorder_version":"31","session":"9025de4f2064","build":"193.5662.53","bucket":"159","time":1590243232941,"group":{"id":"customize.wizard","version":"1"},"event":{"count":1,"data":{"created":1590243232951},"id":"registered"}}
{"recorder_version":"31","session":"9025de4f2064","build":"193.5662.53","bucket":"159","time":1590243232941,"group":{"id":"ide.update.dialog","version":"1"},"event":{"count":1,"data":{"created":1590243232951},"id":"registered"}}
{"recorder_version":"31","session":"9025de4f2064","build":"193.5662.53","bucket":"159","time":1590243232941,"group":{"id":"toolbar","version":"31"},"event":{"count":1,"data":{"created":1590243232951},"id":"registered"}}
{"recorder_version":"31","session":"9025de4f2064","build":"193.5662.53","bucket":"159","time":1590243232941,"group":{"id":"build.gradle.actions","version":"1"},"event":{"count":1,"data":{"created":1590243232952},"id":"registered"}}
{"recorder_version":"31","session":"9025de4f2064","build":"193.5662.53","bucket":"159","time":1590243232941,"group":{"id":"performance","version":"31"},"event":{"count":1,"data":{"created":1590243232952},"id":"registered"}}
{"recorder_version":"31","session":"9025de4f2064","build":"193.5662.53","bucket":"159","time":1590243232941,"group":{"id":"build","version":"2"},"event":{"count":1,"data":{"created":1590243232952},"id":"registered"}}
{"recorder_version":"31","session":"9025de4f2064","build":"193.5662.53","bucket":"159","time":1590243232941,"group":{"id":"searchEverywhere","version":"2"},"event":{"count":1,"data":{"created":1590243232952},"id":"registered"}}
{"recorder_version":"31","session":"9025de4f2064","build":"193.5662.53","bucket":"159","time":1590243232941,"group":{"id":"kotlin.ide.action.refactoring","version":"1"},"event":{"count":1,"data":{"created":1590243232952},"id":"registered"}}
{"recorder_version":"31","session":"9025de4f2064","build":"193.5662.53","bucket":"159","time":1590243232941,"group":{"id":"ui.tips","version":"3"},"event":{"count":1,"data":{"created":1590243232952},"id":"registered"}}
{"recorder_version":"31","session":"9025de4f2064","build":"193.5662.53","bucket":"159","time":1590243232941,"group":{"id":"surround.with","version":"2"},"event":{"count":1,"data":{"created":1590243232952},"id":"registered"}}
{"recorder_version":"31","session":"9025de4f2064","build":"193.5662.53","bucket":"159","time":1590243232941,"group":{"id":"import.old.config","version":"3"},"event":{"count":1,"data":{"created":1590243232952},"id":"registered"}}
{"recorder_version":"31","session":"9025de4f2064","build":"193.5662.53","bucket":"159","time":1590243232941,"group":{"id":"kotlin.jps.target","version":"3"},"event":{"count":1,"data":{"created":1590243232952},"id":"registered"}}
{"recorder_version":"31","session":"9025de4f2064","build":"193.5662.53","bucket":"159","time":1590243232941,"group":{"id":"completion.postfix","version":"31"},"event":{"count":1,"data":{"created":1590243232952},"id":"registered"}}
{"recorder_version":"31","session":"9025de4f2064","build":"193.5662.53","bucket":"159","time":1590243232941,"group":{"id":"build.maven.packagesearch","version":"2"},"event":{"count":1,"data":{"created":1590243232952},"id":"registered"}}
{"recorder_version":"31","session":"9025de4f2064","build":"193.5662.53","bucket":"159","time":1590243234995,"group":{"id":"performance","version":"31"},"event":{"count":1,"data":{"duration_ms":0,"created":1590243234996},"id":"ui.latency"}}
{"recorder_version":"31","session":"9025de4f2064","build":"193.5662.53","bucket":"159","time":1590243335187,"group":{"id":"performance","version":"31"},"event":{"count":1,"data":{"duration_ms":1,"created":1590243335187},"id":"ui.latency"}}
{"recorder_version":"31","session":"9025de4f2064","build":"193.5662.53","bucket":"159","time":1590243435352,"group":{"id":"performance","version":"31"},"event":{"count":1,"data":{"duration_ms":0,"created":1590243435352},"id":"ui.latency"}}
{"recorder_version":"31","session":"9025de4f2064","build":"193.5662.53","bucket":"159","time":1590243462179,"group":{"id":"lifecycle","version":"31"},"event":{"count":1,"data":{"created":1590243462179,"project":"d119a6d897fcb33934b9adf90ec59bc9e850f90f58367fa567dc99031a6fc921"},"id":"frame.activated"}}
{"recorder_version":"31","session":"9025de4f2064","build":"193.5662.53","bucket":"159","time":1590243464692,"group":{"id":"actions","version":"31"},"event":{"count":1,"data":{"context_menu":true,"action_id":"third.party","created":1590243464692,"plugin_type":"NOT_LISTED","project":"d119a6d897fcb33934b9adf90ec59bc9e850f90f58367fa567dc99031a6fc921","place":"MainMenu","class":"third.party","input_event":"NoMouseButton"},"id":"action.invoked"}}
{"recorder_version":"31","session":"9025de4f2064","build":"193.5662.53","bucket":"159","time":1590243465890,"group":{"id":"ui.dialogs","version":"31"},"event":{"count":1,"data":{"created":1590243465891,"plugin_type":"NOT_LISTED","dialog_class":"third.party"},"id":"show"}}
{"recorder_version":"31","session":"9025de4f2064","build":"193.5662.53","bucket":"159","time":1590243472468,"group":{"id":"ui.dialogs","version":"31"},"event":{"count":1,"data":{"code":1,"created":1590243472469,"plugin_type":"NOT_LISTED","dialog_class":"third.party"},"id":"close"}}
