{"recorder_version":"31","session":"28063a9843c7","build":"193.5662.53","bucket":"159","time":1589922138440,"group":{"id":"settings","version":"4"},"event":{"state":true,"data":{"component":"NotRoamableUiSettings","created":1589922138714},"id":"invoked"}}
{"recorder_version":"31","session":"28063a9843c7","build":"193.5662.53","bucket":"159","time":1589922138440,"group":{"id":"settings","version":"4"},"event":{"state":true,"data":{"component":"UISettings","created":1589922138716},"id":"invoked"}}
{"recorder_version":"31","session":"28063a9843c7","build":"193.5662.53","bucket":"159","time":1589922138444,"group":{"id":"system.java","version":"1"},"event":{"state":true,"data":{"created":1589922138725,"version":"validation.undefined_rule"},"id":"validation.undefined_rule"}}
{"recorder_version":"31","session":"28063a9843c7","build":"193.5662.53","bucket":"159","time":1589922138444,"group":{"id":"system.java","version":"1"},"event":{"state":true,"data":{"created":1589922138726},"id":"invoked"}}
{"recorder_version":"31","session":"28063a9843c7","build":"193.5662.53","bucket":"159","time":1589922138460,"group":{"id":"system.os","version":"3"},"event":{"state":true,"data":{"created":1589922138726,"version":"10.15"},"id":"Mac"}}
{"recorder_version":"31","session":"28063a9843c7","build":"193.5662.53","bucket":"159","time":1589922138460,"group":{"id":"system.os","version":"3"},"event":{"state":true,"data":{"created":1589922138727,"name":"Mac","version":"10.15"},"id":"os.name"}}
{"recorder_version":"31","session":"28063a9843c7","build":"193.5662.53","bucket":"159","time":1589922138460,"group":{"id":"system.os","version":"3"},"event":{"state":true,"data":{"created":1589922138727,"value":"+02_00"},"id":"os.timezone"}}
{"recorder_version":"31","session":"28063a9843c7","build":"193.5662.53","bucket":"159","time":1589922138460,"group":{"id":"system.os","version":"3"},"event":{"state":true,"data":{"created":1589922138727},"id":"invoked"}}
{"recorder_version":"31","session":"28063a9843c7","build":"193.5662.53","bucket":"159","time":1589922138615,"group":{"id":"settings","version":"4"},"event":{"state":true,"data":{"component":"UpdatesConfigurable","created":1589922138728,"name":"checkNeeded","type":"bool","value":false},"id":"not.default"}}
{"recorder_version":"31","session":"28063a9843c7","build":"193.5662.53","bucket":"159","time":1589922138615,"group":{"id":"settings","version":"4"},"event":{"state":true,"data":{"component":"UpdatesConfigurable","created":1589922138728},"id":"invoked"}}
{"recorder_version":"31","session":"28063a9843c7","build":"193.5662.53","bucket":"159","time":1589922138689,"group":{"id":"event.log","version":"31"},"event":{"count":1,"data":{"created":1589922138729,"version":"1261.0"},"id":"whitelist.loaded"}}
{"recorder_version":"31","session":"28063a9843c7","build":"193.5662.53","bucket":"159","time":1589922138813,"group":{"id":"settings","version":"4"},"event":{"state":true,"data":{"component":"GeneralSettings","created":1589922138814,"name":"showTipsOnStartup","type":"bool","value":false},"id":"not.default"}}
{"recorder_version":"31","session":"28063a9843c7","build":"193.5662.53","bucket":"159","time":1589922138813,"group":{"id":"settings","version":"4"},"event":{"state":true,"data":{"component":"GeneralSettings","created":1589922138815},"id":"invoked"}}
{"recorder_version":"31","session":"28063a9843c7","build":"193.5662.53","bucket":"159","time":1589922138833,"group":{"id":"lifecycle","version":"31"},"event":{"count":1,"data":{"internal":true,"eap":false,"created":1589922138834},"id":"ide.start"}}
{"recorder_version":"31","session":"28063a9843c7","build":"193.5662.53","bucket":"159","time":1589922138947,"group":{"id":"settings","version":"4"},"event":{"state":true,"data":{"component":"XmlEditorOptions","created":1589922138947},"id":"invoked"}}
{"recorder_version":"31","session":"28063a9843c7","build":"193.5662.53","bucket":"159","time":1589922139613,"group":{"id":"settings","version":"4"},"event":{"state":true,"data":{"component":"VcsApplicationSettings","created":1589922139613},"id":"invoked"}}
{"recorder_version":"31","session":"28063a9843c7","build":"193.5662.53","bucket":"159","time":1589922139613,"group":{"id":"lifecycle","version":"31"},"event":{"count":1,"data":{"created":1589922139613},"id":"frame.activated"}}
{"recorder_version":"31","session":"28063a9843c7","build":"193.5662.53","bucket":"159","time":1589922139642,"group":{"id":"performance","version":"31"},"event":{"count":1,"data":{"duration_ms":305,"created":1589922139642},"id":"ui.latency"}}
{"recorder_version":"31","session":"28063a9843c7","build":"193.5662.53","bucket":"159","time":1589922139642,"group":{"id":"performance","version":"31"},"event":{"count":1,"data":{"duration_ms":305,"created":1589922139642},"id":"ui.lagging"}}
{"recorder_version":"31","session":"28063a9843c7","build":"193.5662.53","bucket":"159","time":1589922139895,"group":{"id":"ui.dialogs","version":"31"},"event":{"count":1,"data":{"created":1589922139895,"plugin_type":"PLATFORM","dialog_class":"com.intellij.openapi.progress.util.ProgressDialog$MyDialogWrapper"},"id":"show"}}
{"recorder_version":"31","session":"28063a9843c7","build":"193.5662.53","bucket":"159","time":1589922141164,"group":{"id":"lifecycle","version":"31"},"event":{"count":1,"data":{"created":1589922141164,"project":"d119a6d897fcb33934b9adf90ec59bc9e850f90f58367fa567dc99031a6fc921"},"id":"project.opened"}}
{"recorder_version":"31","session":"28063a9843c7","build":"193.5662.53","bucket":"159","time":1589922141631,"group":{"id":"performance","version":"31"},"event":{"count":1,"data":{"duration_ms":297,"created":1589922141631},"id":"ui.lagging"}}
{"recorder_version":"31","session":"28063a9843c7","build":"193.5662.53","bucket":"159","time":1589922141649,"group":{"id":"toolwindow","version":"31"},"event":{"count":1,"data":{"created":1589922141650,"plugin_type":"PLATFORM","id":"Event_Log"},"id":"activated"}}
{"recorder_version":"31","session":"28063a9843c7","build":"193.5662.53","bucket":"159","time":1589922142566,"group":{"id":"performance","version":"31"},"event":{"count":1,"data":{"duration_ms":227,"created":1589922142566},"id":"ui.lagging"}}
{"recorder_version":"31","session":"28063a9843c7","build":"193.5662.53","bucket":"159","time":1589922142930,"group":{"id":"indexing","version":"2"},"event":{"count":1,"data":{"ide_activity_id":1,"created":1589922142930,"project":"d119a6d897fcb33934b9adf90ec59bc9e850f90f58367fa567dc99031a6fc921"},"id":"started"}}
{"recorder_version":"31","session":"28063a9843c7","build":"193.5662.53","bucket":"159","time":1589922142934,"group":{"id":"project.fs","version":"1"},"event":{"state":true,"data":{"os":"Mac","cs-project":false,"created":1589922142934,"project":"d119a6d897fcb33934b9adf90ec59bc9e850f90f58367fa567dc99031a6fc921","cs-implicit":true,"cs-system":false},"id":"case-sensitivity"}}
{"recorder_version":"31","session":"28063a9843c7","build":"193.5662.53","bucket":"159","time":1589922142934,"group":{"id":"project.fs","version":"1"},"event":{"state":true,"data":{"created":1589922142935},"id":"invoked"}}
{"recorder_version":"31","session":"28063a9843c7","build":"193.5662.53","bucket":"159","time":1589922142935,"group":{"id":"project.fs","version":"1"},"event":{"state":true,"data":{"pct-non-watched":0,"created":1589922142935,"project":"d119a6d897fcb33934b9adf90ec59bc9e850f90f58367fa567dc99031a6fc921"},"id":"roots-watched"}}
{"recorder_version":"31","session":"28063a9843c7","build":"193.5662.53","bucket":"159","time":1589922142935,"group":{"id":"project.fs","version":"1"},"event":{"state":true,"data":{"created":1589922142935},"id":"invoked"}}
{"recorder_version":"31","session":"28063a9843c7","build":"193.5662.53","bucket":"159","time":1589922143004,"group":{"id":"ui.dialogs","version":"31"},"event":{"count":1,"data":{"code":1,"created":1589922143004,"plugin_type":"PLATFORM","dialog_class":"com.intellij.openapi.progress.util.ProgressDialog$MyDialogWrapper"},"id":"close"}}
{"recorder_version":"31","session":"28063a9843c7","build":"193.5662.53","bucket":"159","time":1589922143013,"group":{"id":"indexing","version":"2"},"event":{"count":1,"data":{"ide_activity_id":1,"stage_class":"com.intellij.util.indexing.UnindexedFilesUpdater","created":1589922143014,"plugin_type":"PLATFORM"},"id":"stage"}}
{"recorder_version":"31","session":"28063a9843c7","build":"193.5662.53","bucket":"159","time":1589922143152,"group":{"id":"lifecycle","version":"31"},"event":{"count":1,"data":{"duration_ms":4201,"created":1589922143153,"project":"d119a6d897fcb33934b9adf90ec59bc9e850f90f58367fa567dc99031a6fc921"},"id":"project.opening.finished"}}
{"recorder_version":"31","session":"28063a9843c7","build":"193.5662.53","bucket":"159","time":1589922144482,"group":{"id":"indexing","version":"2"},"event":{"count":1,"data":{"duration_ms":1552,"ide_activity_id":1,"created":1589922144482},"id":"finished"}}
{"recorder_version":"31","session":"28063a9843c7","build":"193.5662.53","bucket":"159","time":1589922144587,"group":{"id":"indexing","version":"2"},"event":{"count":1,"data":{"ide_activity_id":2,"created":1589922144587,"project":"d119a6d897fcb33934b9adf90ec59bc9e850f90f58367fa567dc99031a6fc921"},"id":"started"}}
{"recorder_version":"31","session":"28063a9843c7","build":"193.5662.53","bucket":"159","time":1589922144596,"group":{"id":"indexing","version":"2"},"event":{"count":1,"data":{"ide_activity_id":2,"plugin":"org.jetbrains.android","stage_class":"com.android.tools.idea.res.ResourceFolderRepositoryFileCacheImpl$PruneTask","created":1589922144596,"plugin_type":"JB_BUNDLED"},"id":"stage"}}
{"recorder_version":"31","session":"28063a9843c7","build":"193.5662.53","bucket":"159","time":1589922144631,"group":{"id":"indexing","version":"2"},"event":{"count":1,"data":{"ide_activity_id":2,"plugin":"org.jetbrains.android","stage_class":"com.android.tools.idea.res.ResourceFolderRepositoryFileCacheImpl$ManageLruProjectFilesTask","created":1589922144632,"plugin_type":"JB_BUNDLED"},"id":"stage"}}
{"recorder_version":"31","session":"28063a9843c7","build":"193.5662.53","bucket":"159","time":1589922144664,"group":{"id":"indexing","version":"2"},"event":{"count":1,"data":{"duration_ms":77,"ide_activity_id":2,"created":1589922144664},"id":"finished"}}
{"recorder_version":"31","session":"28063a9843c7","build":"193.5662.53","bucket":"159","time":1589922144677,"group":{"id":"indexing","version":"2"},"event":{"count":1,"data":{"ide_activity_id":3,"created":1589922144677,"project":"d119a6d897fcb33934b9adf90ec59bc9e850f90f58367fa567dc99031a6fc921"},"id":"started"}}
{"recorder_version":"31","session":"28063a9843c7","build":"193.5662.53","bucket":"159","time":1589922144678,"group":{"id":"indexing","version":"2"},"event":{"count":1,"data":{"ide_activity_id":3,"plugin":"org.jetbrains.android","stage_class":"com.android.tools.idea.res.ResourceFolderRegistry$PopulateCachesTask","created":1589922144678,"plugin_type":"JB_BUNDLED"},"id":"stage"}}
{"recorder_version":"31","session":"28063a9843c7","build":"193.5662.53","bucket":"159","time":1589922144681,"group":{"id":"indexing","version":"2"},"event":{"count":1,"data":{"duration_ms":3,"ide_activity_id":3,"created":1589922144682},"id":"finished"}}
{"recorder_version":"31","session":"28063a9843c7","build":"193.5662.53","bucket":"159","time":1589922148009,"group":{"id":"startup","version":"1"},"event":{"count":1,"data":{"duration":1728,"created":1589922148009},"id":"appInit"}}
{"recorder_version":"31","session":"28063a9843c7","build":"193.5662.53","bucket":"159","time":1589922148009,"group":{"id":"startup","version":"1"},"event":{"count":1,"data":{"duration":302,"created":1589922148009},"id":"splash"}}
{"recorder_version":"31","session":"28063a9843c7","build":"193.5662.53","bucket":"159","time":1589922148009,"group":{"id":"startup","version":"1"},"event":{"count":1,"data":{"duration":345,"created":1589922148009},"id":"bootstrap"}}
{"recorder_version":"31","session":"28063a9843c7","build":"193.5662.53","bucket":"159","time":1589922148009,"group":{"id":"startup","version":"1"},"event":{"count":1,"data":{"duration":7376,"created":1589922148009},"id":"totalDuration"}}
{"recorder_version":"31","session":"28063a9843c7","build":"193.5662.53","bucket":"159","time":1589922182966,"group":{"id":"actions","version":"31"},"event":{"count":1,"data":{"context_menu":true,"action_id":"third.party","created":1589922182966,"plugin_type":"NOT_LISTED","project":"d119a6d897fcb33934b9adf90ec59bc9e850f90f58367fa567dc99031a6fc921","place":"MainMenu","class":"third.party","input_event":"NoMouseButton"},"id":"action.invoked"}}
{"recorder_version":"31","session":"28063a9843c7","build":"193.5662.53","bucket":"159","time":1589922240548,"group":{"id":"performance","version":"31"},"event":{"count":1,"data":{"duration_ms":0,"created":1589922240548},"id":"ui.latency"}}
{"recorder_version":"31","session":"28063a9843c7","build":"193.5662.53","bucket":"159","time":1589922340767,"group":{"id":"performance","version":"31"},"event":{"count":1,"data":{"duration_ms":0,"created":1589922340767},"id":"ui.latency"}}
{"recorder_version":"31","session":"28063a9843c7","build":"193.5662.53","bucket":"159","time":1589922352500,"group":{"id":"lifecycle","version":"31"},"event":{"count":1,"data":{"created":1589922352500,"project":"d119a6d897fcb33934b9adf90ec59bc9e850f90f58367fa567dc99031a6fc921"},"id":"frame.deactivated"}}
{"recorder_version":"31","session":"28063a9843c7","build":"193.5662.53","bucket":"159","time":1589922438831,"group":{"id":"kotlin.ide.j2k","version":"1"},"event":{"count":1,"data":{"created":1589922438831},"id":"registered"}}
{"recorder_version":"31","session":"28063a9843c7","build":"193.5662.53","bucket":"159","time":1589922438831,"group":{"id":"java.find.usages","version":"1"},"event":{"count":1,"data":{"created":1589922438832},"id":"registered"}}
{"recorder_version":"31","session":"28063a9843c7","build":"193.5662.53","bucket":"159","time":1589922438831,"group":{"id":"file.types.usage","version":"31"},"event":{"count":1,"data":{"created":1589922438832},"id":"registered"}}
{"recorder_version":"31","session":"28063a9843c7","build":"193.5662.53","bucket":"159","time":1589922438831,"group":{"id":"ide.script.engine","version":"2"},"event":{"count":1,"data":{"created":1589922438832},"id":"registered"}}
{"recorder_version":"31","session":"28063a9843c7","build":"193.5662.53","bucket":"159","time":1589922438831,"group":{"id":"live.templates","version":"31"},"event":{"count":1,"data":{"created":1589922438832},"id":"registered"}}
{"recorder_version":"31","session":"28063a9843c7","build":"193.5662.53","bucket":"159","time":1589922438831,"group":{"id":"ide.self.update","version":"2"},"event":{"count":1,"data":{"created":1589922438832},"id":"registered"}}
{"recorder_version":"31","session":"28063a9843c7","build":"193.5662.53","bucket":"159","time":1589922438831,"group":{"id":"lifecycle","version":"31"},"event":{"count":1,"data":{"created":1589922438833},"id":"registered"}}
{"recorder_version":"31","session":"28063a9843c7","build":"193.5662.53","bucket":"159","time":1589922438831,"group":{"id":"vcs.diff.trigger","version":"1"},"event":{"count":1,"data":{"created":1589922438833},"id":"registered"}}
{"recorder_version":"31","session":"28063a9843c7","build":"193.5662.53","bucket":"159","time":1589922438831,"group":{"id":"debugger.breakpoints.usage","version":"2"},"event":{"count":1,"data":{"created":1589922438833},"id":"registered"}}
{"recorder_version":"31","session":"28063a9843c7","build":"193.5662.53","bucket":"159","time":1589922438831,"group":{"id":"kotlin.gradle.library","version":"1"},"event":{"count":1,"data":{"created":1589922438833},"id":"registered"}}
{"recorder_version":"31","session":"28063a9843c7","build":"193.5662.53","bucket":"159","time":1589922438831,"group":{"id":"startup","version":"1"},"event":{"count":1,"data":{"created":1589922438833},"id":"registered"}}
{"recorder_version":"31","session":"28063a9843c7","build":"193.5662.53","bucket":"159","time":1589922438831,"group":{"id":"find","version":"2"},"event":{"count":1,"data":{"created":1589922438833},"id":"registered"}}
{"recorder_version":"31","session":"28063a9843c7","build":"193.5662.53","bucket":"159","time":1589922438831,"group":{"id":"kotlin.gradle.target","version":"2"},"event":{"count":1,"data":{"created":1589922438833},"id":"registered"}}
{"recorder_version":"31","session":"28063a9843c7","build":"193.5662.53","bucket":"159","time":1589922438831,"group":{"id":"gutter.icon.click","version":"2"},"event":{"count":1,"data":{"created":1589922438833},"id":"registered"}}
{"recorder_version":"31","session":"28063a9843c7","build":"193.5662.53","bucket":"159","time":1589922438831,"group":{"id":"shell.script","version":"1"},"event":{"count":1,"data":{"created":1589922438833},"id":"registered"}}
{"recorder_version":"31","session":"28063a9843c7","build":"193.5662.53","bucket":"159","time":1589922438831,"group":{"id":"new.project.wizard","version":"1"},"event":{"count":1,"data":{"created":1589922438833},"id":"registered"}}
{"recorder_version":"31","session":"28063a9843c7","build":"193.5662.53","bucket":"159","time":1589922438831,"group":{"id":"kotlin.ide.npwizards","version":"1"},"event":{"count":1,"data":{"created":1589922438833},"id":"registered"}}
{"recorder_version":"31","session":"28063a9843c7","build":"193.5662.53","bucket":"159","time":1589922438831,"group":{"id":"intentions","version":"31"},"event":{"count":1,"data":{"created":1589922438833},"id":"registered"}}
{"recorder_version":"31","session":"28063a9843c7","build":"193.5662.53","bucket":"159","time":1589922438831,"group":{"id":"settings.repository","version":"1"},"event":{"count":1,"data":{"created":1589922438833},"id":"registered"}}
{"recorder_version":"31","session":"28063a9843c7","build":"193.5662.53","bucket":"159","time":1589922438831,"group":{"id":"vcs.change.reminder","version":"2"},"event":{"count":1,"data":{"created":1589922438833},"id":"registered"}}
{"recorder_version":"31","session":"28063a9843c7","build":"193.5662.53","bucket":"159","time":1589922438831,"group":{"id":"create.directory.dialog","version":"1"},"event":{"count":1,"data":{"created":1589922438833},"id":"registered"}}
{"recorder_version":"31","session":"28063a9843c7","build":"193.5662.53","bucket":"159","time":1589922438831,"group":{"id":"kotlin.maven.target","version":"3"},"event":{"count":1,"data":{"created":1589922438833},"id":"registered"}}
{"recorder_version":"31","session":"28063a9843c7","build":"193.5662.53","bucket":"159","time":1589922438831,"group":{"id":"json.schema","version":"1"},"event":{"count":1,"data":{"created":1589922438833},"id":"registered"}}
{"recorder_version":"31","session":"28063a9843c7","build":"193.5662.53","bucket":"159","time":1589922438831,"group":{"id":"terminalShell","version":"1"},"event":{"count":1,"data":{"created":1589922438834},"id":"registered"}}
{"recorder_version":"31","session":"28063a9843c7","build":"193.5662.53","bucket":"159","time":1589922438831,"group":{"id":"rename.refactoring","version":"1"},"event":{"count":1,"data":{"created":1589922438834},"id":"registered"}}
{"recorder_version":"31","session":"28063a9843c7","build":"193.5662.53","bucket":"159","time":1589922438831,"group":{"id":"build.ant.actions","version":"1"},"event":{"count":1,"data":{"created":1589922438834},"id":"registered"}}
{"recorder_version":"31","session":"28063a9843c7","build":"193.5662.53","bucket":"159","time":1589922438831,"group":{"id":"actions","version":"31"},"event":{"count":1,"data":{"created":1589922438834},"id":"registered"}}
{"recorder_version":"31","session":"28063a9843c7","build":"193.5662.53","bucket":"159","time":1589922438831,"group":{"id":"kotlin.ide.editor","version":"1"},"event":{"count":1,"data":{"created":1589922438834},"id":"registered"}}
{"recorder_version":"31","session":"28063a9843c7","build":"193.5662.53","bucket":"159","time":1589922438831,"group":{"id":"event.log","version":"31"},"event":{"count":1,"data":{"created":1589922438834},"id":"registered"}}
{"recorder_version":"31","session":"28063a9843c7","build":"193.5662.53","bucket":"159","time":1589922438831,"group":{"id":"run.configuration.exec","version":"31"},"event":{"count":1,"data":{"created":1589922438834},"id":"registered"}}
{"recorder_version":"31","session":"28063a9843c7","build":"193.5662.53","bucket":"159","time":1589922438831,"group":{"id":"build.tools.actions","version":"1"},"event":{"count":1,"data":{"created":1589922438834},"id":"registered"}}
{"recorder_version":"31","session":"28063a9843c7","build":"193.5662.53","bucket":"159","time":1589922438831,"group":{"id":"file.editor","version":"2"},"event":{"count":1,"data":{"created":1589922438834},"id":"registered"}}
{"recorder_version":"31","session":"28063a9843c7","build":"193.5662.53","bucket":"159","time":1589922438831,"group":{"id":"vfs","version":"2"},"event":{"count":1,"data":{"created":1589922438834},"id":"registered"}}
{"recorder_version":"31","session":"28063a9843c7","build":"193.5662.53","bucket":"159","time":1589922438831,"group":{"id":"project.import","version":"2"},"event":{"count":1,"data":{"created":1589922438834},"id":"registered"}}
{"recorder_version":"31","session":"28063a9843c7","build":"193.5662.53","bucket":"159","time":1589922438831,"group":{"id":"actions.runAnything","version":"1"},"event":{"count":1,"data":{"created":1589922438834},"id":"registered"}}
{"recorder_version":"31","session":"28063a9843c7","build":"193.5662.53","bucket":"159","time":1589922438831,"group":{"id":"toolwindow","version":"31"},"event":{"count":1,"data":{"created":1589922438834},"id":"registered"}}
{"recorder_version":"31","session":"28063a9843c7","build":"193.5662.53","bucket":"159","time":1589922438831,"group":{"id":"kotlin.ide.newFileTempl","version":"1"},"event":{"count":1,"data":{"created":1589922438834},"id":"registered"}}
{"recorder_version":"31","session":"28063a9843c7","build":"193.5662.53","bucket":"159","time":1589922438831,"group":{"id":"ui.settings","version":"31"},"event":{"count":1,"data":{"created":1589922438834},"id":"registered"}}
{"recorder_version":"31","session":"28063a9843c7","build":"193.5662.53","bucket":"159","time":1589922438831,"group":{"id":"vcs.log.trigger","version":"2"},"event":{"count":1,"data":{"created":1589922438834},"id":"registered"}}
{"recorder_version":"31","session":"28063a9843c7","build":"193.5662.53","bucket":"159","time":1589922438831,"group":{"id":"productivity","version":"31"},"event":{"count":1,"data":{"created":1589922438834},"id":"registered"}}
{"recorder_version":"31","session":"28063a9843c7","build":"193.5662.53","bucket":"159","time":1589922438831,"group":{"id":"build.maven.actions","version":"1"},"event":{"count":1,"data":{"created":1589922438834},"id":"registered"}}
{"recorder_version":"31","session":"28063a9843c7","build":"193.5662.53","bucket":"159","time":1589922438831,"group":{"id":"ui.event","version":"3"},"event":{"count":1,"data":{"created":1589922438835},"id":"registered"}}
{"recorder_version":"31","session":"28063a9843c7","build":"193.5662.53","bucket":"159","time":1589922438831,"group":{"id":"plugins.advertiser","version":"1"},"event":{"count":1,"data":{"created":1589922438835},"id":"registered"}}
{"recorder_version":"31","session":"28063a9843c7","build":"193.5662.53","bucket":"159","time":1589922438831,"group":{"id":"editor.notification.panel","version":"1"},"event":{"count":1,"data":{"created":1589922438835},"id":"registered"}}
{"recorder_version":"31","session":"28063a9843c7","build":"193.5662.53","bucket":"159","time":1589922438831,"group":{"id":"kotlin.ide.debugger","version":"2"},"event":{"count":1,"data":{"created":1589922438835},"id":"registered"}}
{"recorder_version":"31","session":"28063a9843c7","build":"193.5662.53","bucket":"159","time":1589922438831,"group":{"id":"tooltip.action.events","version":"1"},"event":{"count":1,"data":{"created":1589922438835},"id":"registered"}}
{"recorder_version":"31","session":"28063a9843c7","build":"193.5662.53","bucket":"159","time":1589922438831,"group":{"id":"completion","version":"1"},"event":{"count":1,"data":{"created":1589922438835},"id":"registered"}}
{"recorder_version":"31","session":"28063a9843c7","build":"193.5662.53","bucket":"159","time":1589922438831,"group":{"id":"indexing","version":"2"},"event":{"count":1,"data":{"created":1589922438835},"id":"registered"}}
{"recorder_version":"31","session":"28063a9843c7","build":"193.5662.53","bucket":"159","time":1589922438831,"group":{"id":"vcs","version":"2"},"event":{"count":1,"data":{"created":1589922438835},"id":"registered"}}
{"recorder_version":"31","session":"28063a9843c7","build":"193.5662.53","bucket":"159","time":1589922438831,"group":{"id":"ui.dialogs","version":"31"},"event":{"count":1,"data":{"created":1589922438835},"id":"registered"}}
{"recorder_version":"31","session":"28063a9843c7","build":"193.5662.53","bucket":"159","time":1589922438831,"group":{"id":"vcs.back.forward.trigger","version":"1"},"event":{"count":1,"data":{"created":1589922438835},"id":"registered"}}
{"recorder_version":"31","session":"28063a9843c7","build":"193.5662.53","bucket":"159","time":1589922438831,"group":{"id":"customize.wizard","version":"1"},"event":{"count":1,"data":{"created":1589922438835},"id":"registered"}}
{"recorder_version":"31","session":"28063a9843c7","build":"193.5662.53","bucket":"159","time":1589922438831,"group":{"id":"ide.update.dialog","version":"1"},"event":{"count":1,"data":{"created":1589922438835},"id":"registered"}}
{"recorder_version":"31","session":"28063a9843c7","build":"193.5662.53","bucket":"159","time":1589922438831,"group":{"id":"toolbar","version":"31"},"event":{"count":1,"data":{"created":1589922438835},"id":"registered"}}
{"recorder_version":"31","session":"28063a9843c7","build":"193.5662.53","bucket":"159","time":1589922438831,"group":{"id":"build.gradle.actions","version":"1"},"event":{"count":1,"data":{"created":1589922438835},"id":"registered"}}
{"recorder_version":"31","session":"28063a9843c7","build":"193.5662.53","bucket":"159","time":1589922438831,"group":{"id":"performance","version":"31"},"event":{"count":1,"data":{"created":1589922438835},"id":"registered"}}
{"recorder_version":"31","session":"28063a9843c7","build":"193.5662.53","bucket":"159","time":1589922438831,"group":{"id":"build","version":"2"},"event":{"count":1,"data":{"created":1589922438835},"id":"registered"}}
{"recorder_version":"31","session":"28063a9843c7","build":"193.5662.53","bucket":"159","time":1589922438831,"group":{"id":"searchEverywhere","version":"2"},"event":{"count":1,"data":{"created":1589922438835},"id":"registered"}}
{"recorder_version":"31","session":"28063a9843c7","build":"193.5662.53","bucket":"159","time":1589922438831,"group":{"id":"kotlin.ide.action.refactoring","version":"1"},"event":{"count":1,"data":{"created":1589922438835},"id":"registered"}}
{"recorder_version":"31","session":"28063a9843c7","build":"193.5662.53","bucket":"159","time":1589922438831,"group":{"id":"ui.tips","version":"3"},"event":{"count":1,"data":{"created":1589922438835},"id":"registered"}}
{"recorder_version":"31","session":"28063a9843c7","build":"193.5662.53","bucket":"159","time":1589922438831,"group":{"id":"surround.with","version":"2"},"event":{"count":1,"data":{"created":1589922438835},"id":"registered"}}
{"recorder_version":"31","session":"28063a9843c7","build":"193.5662.53","bucket":"159","time":1589922438831,"group":{"id":"import.old.config","version":"3"},"event":{"count":1,"data":{"created":1589922438835},"id":"registered"}}
{"recorder_version":"31","session":"28063a9843c7","build":"193.5662.53","bucket":"159","time":1589922438831,"group":{"id":"kotlin.jps.target","version":"3"},"event":{"count":1,"data":{"created":1589922438836},"id":"registered"}}
{"recorder_version":"31","session":"28063a9843c7","build":"193.5662.53","bucket":"159","time":1589922438831,"group":{"id":"completion.postfix","version":"31"},"event":{"count":1,"data":{"created":1589922438836},"id":"registered"}}
{"recorder_version":"31","session":"28063a9843c7","build":"193.5662.53","bucket":"159","time":1589922438831,"group":{"id":"build.maven.packagesearch","version":"2"},"event":{"count":1,"data":{"created":1589922438836},"id":"registered"}}
{"recorder_version":"31","session":"28063a9843c7","build":"193.5662.53","bucket":"159","time":1589922440965,"group":{"id":"performance","version":"31"},"event":{"count":1,"data":{"duration_ms":1,"created":1589922440965},"id":"ui.latency"}}
{"recorder_version":"31","session":"28063a9843c7","build":"193.5662.53","bucket":"159","time":1589922541167,"group":{"id":"performance","version":"31"},"event":{"count":1,"data":{"duration_ms":0,"created":1589922541167},"id":"ui.latency"}}
{"recorder_version":"31","session":"28063a9843c7","build":"193.5662.53","bucket":"159","time":1589922641381,"group":{"id":"performance","version":"31"},"event":{"count":1,"data":{"duration_ms":0,"created":1589922641381},"id":"ui.latency"}}
{"recorder_version":"31","session":"28063a9843c7","build":"193.5662.53","bucket":"159","time":1589922741547,"group":{"id":"performance","version":"31"},"event":{"count":1,"data":{"duration_ms":0,"created":1589922741547},"id":"ui.latency"}}
{"recorder_version":"31","session":"28063a9843c7","build":"193.5662.53","bucket":"159","time":1589922841767,"group":{"id":"performance","version":"31"},"event":{"count":1,"data":{"duration_ms":0,"created":1589922841767},"id":"ui.latency"}}
{"recorder_version":"31","session":"28063a9843c7","build":"193.5662.53","bucket":"159","time":1589922941981,"group":{"id":"performance","version":"31"},"event":{"count":1,"data":{"duration_ms":0,"created":1589922941981},"id":"ui.latency"}}
{"recorder_version":"31","session":"28063a9843c7","build":"193.5662.53","bucket":"159","time":1589923038775,"group":{"id":"ui.info.features","version":"3"},"event":{"state":true,"data":{"created":1589923038775,"value":"hidden"},"id":"Toolbar"}}
{"recorder_version":"31","session":"28063a9843c7","build":"193.5662.53","bucket":"159","time":1589923038775,"group":{"id":"ui.info.features","version":"3"},"event":{"state":true,"data":{"created":1589923038775,"enabled":false},"id":"Show.tips.on.startup"}}
{"recorder_version":"31","session":"28063a9843c7","build":"193.5662.53","bucket":"159","time":1589923038775,"group":{"id":"ui.info.features","version":"3"},"event":{"state":true,"data":{"created":1589923038776,"scale_mode":true,"scale":2.0},"id":"Screen.Scale"}}
{"recorder_version":"31","session":"28063a9843c7","build":"193.5662.53","bucket":"159","time":1589923038775,"group":{"id":"ui.info.features","version":"3"},"event":{"state":true,"data":{"created":1589923038776,"value":"hidden"},"id":"Tool.Window.buttons"}}
{"recorder_version":"31","session":"28063a9843c7","build":"193.5662.53","bucket":"159","time":1589923038775,"group":{"id":"ui.info.features","version":"3"},"event":{"state":true,"data":{"created":1589923038776,"value":"Top"},"id":"Tabs"}}
{"recorder_version":"31","session":"28063a9843c7","build":"193.5662.53","bucket":"159","time":1589923038775,"group":{"id":"ui.info.features","version":"3"},"event":{"state":true,"data":{"created":1589923038776,"enabled":true},"id":"Hide.Editor.Tabs.If.Needed"}}
{"recorder_version":"31","session":"28063a9843c7","build":"193.5662.53","bucket":"159","time":1589923038775,"group":{"id":"ui.info.features","version":"3"},"event":{"state":true,"data":{"created":1589923038776,"enabled":true},"id":"Show.Editor.Tabs.In.Single.Row"}}
{"recorder_version":"31","session":"28063a9843c7","build":"193.5662.53","bucket":"159","time":1589923038775,"group":{"id":"ui.info.features","version":"3"},"event":{"state":true,"data":{"toolbar":"hidden","navbar":"visible","created":1589923038776},"id":"Toolbar.and.NavBar"}}
{"recorder_version":"31","session":"28063a9843c7","build":"193.5662.53","bucket":"159","time":1589923038775,"group":{"id":"ui.info.features","version":"3"},"event":{"state":true,"data":{"created":1589923038776,"enabled":false},"id":"Block.cursor"}}
{"recorder_version":"31","session":"28063a9843c7","build":"193.5662.53","bucket":"159","time":1589923038775,"group":{"id":"ui.info.features","version":"3"},"event":{"state":true,"data":{"created":1589923038776,"enabled":false},"id":"Screen.Reader"}}
{"recorder_version":"31","session":"28063a9843c7","build":"193.5662.53","bucket":"159","time":1589923038775,"group":{"id":"ui.info.features","version":"3"},"event":{"state":true,"data":{"created":1589923038777,"value":"Light"},"id":"Look.and.Feel"}}
{"recorder_version":"31","session":"28063a9843c7","build":"193.5662.53","bucket":"159","time":1589923038775,"group":{"id":"ui.info.features","version":"3"},"event":{"state":true,"data":{"created":1589923038777,"enabled":false},"id":"QuickDoc.Show.Toolwindow"}}
{"recorder_version":"31","session":"28063a9843c7","build":"193.5662.53","bucket":"159","time":1589923038775,"group":{"id":"ui.info.features","version":"3"},"event":{"state":true,"data":{"created":1589923038777,"enabled":true},"id":"Retina"}}
{"recorder_version":"31","session":"28063a9843c7","build":"193.5662.53","bucket":"159","time":1589923038775,"group":{"id":"ui.info.features","version":"3"},"event":{"state":true,"data":{"grouped":"[30_50]","created":1589923038777,"count":50},"id":"Recent.files.limit"}}
{"recorder_version":"31","session":"28063a9843c7","build":"193.5662.53","bucket":"159","time":1589923038775,"group":{"id":"ui.info.features","version":"3"},"event":{"state":true,"data":{"created":1589923038777,"value":"visible"},"id":"Status.bar"}}
{"recorder_version":"31","session":"28063a9843c7","build":"193.5662.53","bucket":"159","time":1589923038775,"group":{"id":"ui.info.features","version":"3"},"event":{"state":true,"data":{"created":1589923038777,"enabled":true},"id":"QuickDoc.AutoUpdate"}}
{"recorder_version":"31","session":"28063a9843c7","build":"193.5662.53","bucket":"159","time":1589923038775,"group":{"id":"ui.info.features","version":"3"},"event":{"state":true,"data":{"created":1589923038777,"value":"visible"},"id":"Nav.Bar"}}
{"recorder_version":"31","session":"28063a9843c7","build":"193.5662.53","bucket":"159","time":1589923038775,"group":{"id":"ui.info.features","version":"3"},"event":{"state":true,"data":{"created":1589923038777,"enabled":true},"id":"Gutter.Icons"}}
{"recorder_version":"31","session":"28063a9843c7","build":"193.5662.53","bucket":"159","time":1589923038775,"group":{"id":"ui.info.features","version":"3"},"event":{"state":true,"data":{"created":1589923038777,"enabled":true},"id":"Line.Numbers"}}
{"recorder_version":"31","session":"28063a9843c7","build":"193.5662.53","bucket":"159","time":1589923038775,"group":{"id":"ui.info.features","version":"3"},"event":{"state":true,"data":{"created":1589923038777,"value":"per_monitor_dpi"},"id":"Hidpi.Mode"}}
{"recorder_version":"31","session":"28063a9843c7","build":"193.5662.53","bucket":"159","time":1589923038775,"group":{"id":"ui.info.features","version":"3"},"event":{"state":true,"data":{"created":1589923038777,"enabled":true},"id":"Allow.merging.buttons"}}
{"recorder_version":"31","session":"28063a9843c7","build":"193.5662.53","bucket":"159","time":1589923038775,"group":{"id":"ui.info.features","version":"3"},"event":{"state":true,"data":{"created":1589923038778,"enabled":false},"id":"Soft.Wraps"}}
{"recorder_version":"31","session":"28063a9843c7","build":"193.5662.53","bucket":"159","time":1589923038775,"group":{"id":"ui.info.features","version":"3"},"event":{"state":true,"data":{"created":1589923038778},"id":"invoked"}}
{"recorder_version":"31","session":"28063a9843c7","build":"193.5662.53","bucket":"159","time":1589923038779,"group":{"id":"system.runtime","version":"2"},"event":{"state":true,"data":{"created":1589923038779,"name":"G1_Old_Generation"},"id":"garbage.collector"}}
{"recorder_version":"31","session":"28063a9843c7","build":"193.5662.53","bucket":"159","time":1589923038779,"group":{"id":"system.runtime","version":"2"},"event":{"state":true,"data":{"created":1589923038779,"name":"Xmx","value":512},"id":"jvm.option"}}
{"recorder_version":"31","session":"28063a9843c7","build":"193.5662.53","bucket":"159","time":1589923038779,"group":{"id":"system.runtime","version":"2"},"event":{"state":true,"data":{"vendor":"JetBrains","created":1589923038779,"bit":"64","version":"1.11"},"id":"jvm"}}
{"recorder_version":"31","session":"28063a9843c7","build":"193.5662.53","bucket":"159","time":1589923038779,"group":{"id":"system.runtime","version":"2"},"event":{"state":true,"data":{"created":1589923038779,"name":"G1_Young_Generation"},"id":"garbage.collector"}}
{"recorder_version":"31","session":"28063a9843c7","build":"193.5662.53","bucket":"159","time":1589923038779,"group":{"id":"system.runtime","version":"2"},"event":{"state":true,"data":{"created":1589923038779,"value":8},"id":"cores"}}
{"recorder_version":"31","session":"28063a9843c7","build":"193.5662.53","bucket":"159","time":1589923038779,"group":{"id":"system.runtime","version":"2"},"event":{"state":true,"data":{"created":1589923038779,"name":"Xms","value":256},"id":"jvm.option"}}
{"recorder_version":"31","session":"28063a9843c7","build":"193.5662.53","bucket":"159","time":1589923038779,"group":{"id":"system.runtime","version":"2"},"event":{"state":true,"data":{"created":1589923038780},"id":"invoked"}}
{"recorder_version":"31","session":"28063a9843c7","build":"193.5662.53","bucket":"159","time":1589923038792,"group":{"id":"editor.settings.ide","version":"3"},"event":{"state":true,"data":{"created":1589923038792,"enabled":true},"id":"completionHints"}}
{"recorder_version":"31","session":"28063a9843c7","build":"193.5662.53","bucket":"159","time":1589923038792,"group":{"id":"editor.settings.ide","version":"3"},"event":{"state":true,"data":{"created":1589923038793},"id":"invoked"}}
{"recorder_version":"31","session":"28063a9843c7","build":"193.5662.53","bucket":"159","time":1589923038798,"group":{"id":"java.refactoring.settings","version":"1"},"event":{"state":true,"data":{"created":1589923038798},"id":"invoked"}}
{"recorder_version":"31","session":"28063a9843c7","build":"193.5662.53","bucket":"159","time":1589923038800,"group":{"id":"platform.registry","version":"1"},"event":{"state":true,"data":{"created":1589923038800,"plugin_type":"PLATFORM","id":"show.create.new.element.in.popup"},"id":"experiment"}}
{"recorder_version":"31","session":"28063a9843c7","build":"193.5662.53","bucket":"159","time":1589923038800,"group":{"id":"platform.registry","version":"1"},"event":{"state":true,"data":{"created":1589923038800,"plugin_type":"PLATFORM","id":"wsl.p9.support"},"id":"experiment"}}
{"recorder_version":"31","session":"28063a9843c7","build":"193.5662.53","bucket":"159","time":1589923038800,"group":{"id":"platform.registry","version":"1"},"event":{"state":true,"data":{"created":1589923038800,"plugin_type":"PLATFORM","id":"inline.browse.button"},"id":"experiment"}}
{"recorder_version":"31","session":"28063a9843c7","build":"193.5662.53","bucket":"159","time":1589923038800,"group":{"id":"platform.registry","version":"1"},"event":{"state":true,"data":{"created":1589923038800,"plugin_type":"PLATFORM","id":"recent.and.edited.files.together"},"id":"experiment"}}
{"recorder_version":"31","session":"28063a9843c7","build":"193.5662.53","bucket":"159","time":1589923038800,"group":{"id":"platform.registry","version":"1"},"event":{"state":true,"data":{"created":1589923038800,"plugin_type":"PLATFORM","id":"copy.reference.popup"},"id":"experiment"}}
{"recorder_version":"31","session":"28063a9843c7","build":"193.5662.53","bucket":"159","time":1589923038800,"group":{"id":"platform.registry","version":"1"},"event":{"state":true,"data":{"created":1589923038800,"id":"java.completion.argument.hints.internal"},"id":"registry"}}
{"recorder_version":"31","session":"28063a9843c7","build":"193.5662.53","bucket":"159","time":1589923038800,"group":{"id":"platform.registry","version":"1"},"event":{"state":true,"data":{"created":1589923038801,"plugin_type":"PLATFORM","id":"new.large.text.file.viewer"},"id":"experiment"}}
{"recorder_version":"31","session":"28063a9843c7","build":"193.5662.53","bucket":"159","time":1589923038800,"group":{"id":"platform.registry","version":"1"},"event":{"state":true,"data":{"created":1589923038801,"plugin_type":"PLATFORM","id":"linux.native.menu"},"id":"experiment"}}
{"recorder_version":"31","session":"28063a9843c7","build":"193.5662.53","bucket":"159","time":1589923038800,"group":{"id":"platform.registry","version":"1"},"event":{"state":true,"data":{"created":1589923038801,"plugin_type":"PLATFORM","id":"property.value.inplace.editing"},"id":"experiment"}}
{"recorder_version":"31","session":"28063a9843c7","build":"193.5662.53","bucket":"159","time":1589923038800,"group":{"id":"platform.registry","version":"1"},"event":{"state":true,"data":{"created":1589923038801,"plugin_type":"PLATFORM","id":"wsl.p9.show.roots.in.file.chooser"},"id":"experiment"}}
{"recorder_version":"31","session":"28063a9843c7","build":"193.5662.53","bucket":"159","time":1589923038800,"group":{"id":"platform.registry","version":"1"},"event":{"state":true,"data":{"created":1589923038801},"id":"invoked"}}
{"recorder_version":"31","session":"28063a9843c7","build":"193.5662.53","bucket":"159","time":1589923038800,"group":{"id":"user.advanced.info","version":"2"},"event":{"state":true,"data":{"created":1589923038801,"value":"release"},"id":"build"}}
{"recorder_version":"31","session":"28063a9843c7","build":"193.5662.53","bucket":"159","time":1589923038800,"group":{"id":"user.advanced.info","version":"2"},"event":{"state":true,"data":{"created":1589923038801},"id":"release"}}
{"recorder_version":"31","session":"28063a9843c7","build":"193.5662.53","bucket":"159","time":1589923038800,"group":{"id":"user.advanced.info","version":"2"},"event":{"state":true,"data":{"created":1589923038801},"id":"invoked"}}
{"recorder_version":"31","session":"28063a9843c7","build":"193.5662.53","bucket":"159","time":1589923038855,"group":{"id":"debugger.settings.ide","version":"2"},"event":{"state":true,"data":{"created":1589923038855},"id":"invoked"}}
{"recorder_version":"31","session":"28063a9843c7","build":"193.5662.53","bucket":"159","time":1589923038855,"group":{"id":"os.linux.wm","version":"2"},"event":{"state":true,"data":{"created":1589923038855},"id":"invoked"}}
{"recorder_version":"31","session":"28063a9843c7","build":"193.5662.53","bucket":"159","time":1589923038855,"group":{"id":"vcs.application.configuration","version":"1"},"event":{"state":true,"data":{"created":1589923038855},"id":"invoked"}}
{"recorder_version":"31","session":"28063a9843c7","build":"193.5662.53","bucket":"159","time":1589923038868,"group":{"id":"vcs.github","version":"2"},"event":{"state":true,"data":{"has_enterprise":false,"created":1589923038868,"count":0},"id":"accounts"}}
{"recorder_version":"31","session":"28063a9843c7","build":"193.5662.53","bucket":"159","time":1589923038868,"group":{"id":"vcs.github","version":"2"},"event":{"state":true,"data":{"created":1589923038868},"id":"invoked"}}
{"recorder_version":"31","session":"28063a9843c7","build":"193.5662.53","bucket":"159","time":1589923038868,"group":{"id":"ui.editor.color.schemes","version":"3"},"event":{"state":true,"data":{"scheme":"Default","created":1589923038868,"is_dark":false},"id":"enabled.color.scheme"}}
{"recorder_version":"31","session":"28063a9843c7","build":"193.5662.53","bucket":"159","time":1589923038868,"group":{"id":"ui.editor.color.schemes","version":"3"},"event":{"state":true,"data":{"created":1589923038868},"id":"invoked"}}
{"recorder_version":"31","session":"28063a9843c7","build":"193.5662.53","bucket":"159","time":1589923038879,"group":{"id":"vcs.diff","version":"2"},"event":{"state":true,"data":{"created":1589923038879},"id":"invoked"}}
{"recorder_version":"31","session":"28063a9843c7","build":"193.5662.53","bucket":"159","time":1589923038880,"group":{"id":"ui.fonts","version":"2"},"event":{"state":true,"data":{"created":1589923038880,"font_size":13,"font_name":".SF_NS_Text"},"id":"UI"}}
{"recorder_version":"31","session":"28063a9843c7","build":"193.5662.53","bucket":"159","time":1589923038880,"group":{"id":"ui.fonts","version":"2"},"event":{"state":true,"data":{"created":1589923038880,"font_size":24},"id":"Presentation.mode"}}
{"recorder_version":"31","session":"28063a9843c7","build":"193.5662.53","bucket":"159","time":1589923038880,"group":{"id":"ui.fonts","version":"2"},"event":{"state":true,"data":{"created":1589923038880,"font_size":12,"font_name":"Menlo"},"id":"IDE.editor"}}
{"recorder_version":"31","session":"28063a9843c7","build":"193.5662.53","bucket":"159","time":1589923038880,"group":{"id":"ui.fonts","version":"2"},"event":{"state":true,"data":{"created":1589923038881,"value":1.2},"id":"editor.lineSpacing"}}
{"recorder_version":"31","session":"28063a9843c7","build":"193.5662.53","bucket":"159","time":1589923038880,"group":{"id":"ui.fonts","version":"2"},"event":{"state":true,"data":{"created":1589923038881},"id":"invoked"}}
{"recorder_version":"31","session":"28063a9843c7","build":"193.5662.53","bucket":"159","time":1589923038880,"group":{"id":"plugins","version":"1"},"event":{"state":true,"data":{"created":1589923038881,"plugin_type":"NOT_LISTED"},"id":"enabled.not.bundled.plugin"}}
{"recorder_version":"31","session":"28063a9843c7","build":"193.5662.53","bucket":"159","time":1589923038880,"group":{"id":"plugins","version":"1"},"event":{"state":true,"data":{"created":1589923038881},"id":"invoked"}}
{"recorder_version":"31","session":"28063a9843c7","build":"193.5662.53","bucket":"159","time":1589923038881,"group":{"id":"keymaps.name","version":"2"},"event":{"state":true,"data":{"created":1589923038881,"keymap_name":"Mac_OS_X_10.5+"},"id":"ide.keymap"}}
{"recorder_version":"31","session":"28063a9843c7","build":"193.5662.53","bucket":"159","time":1589923038881,"group":{"id":"keymaps.name","version":"2"},"event":{"state":true,"data":{"created":1589923038881},"id":"invoked"}}
{"recorder_version":"31","session":"28063a9843c7","build":"193.5662.53","bucket":"159","time":1589923038881,"group":{"id":"vcs.log.index.application","version":"2"},"event":{"state":true,"data":{"created":1589923038881},"id":"invoked"}}
{"recorder_version":"31","session":"28063a9843c7","build":"193.5662.53","bucket":"159","time":1589923042233,"group":{"id":"performance","version":"31"},"event":{"count":1,"data":{"duration_ms":0,"created":1589923042233},"id":"ui.latency"}}
{"recorder_version":"31","session":"28063a9843c7","build":"193.5662.53","bucket":"159","time":1589923142429,"group":{"id":"performance","version":"31"},"event":{"count":1,"data":{"duration_ms":0,"created":1589923142430},"id":"ui.latency"}}
{"recorder_version":"31","session":"28063a9843c7","build":"193.5662.53","bucket":"159","time":1589923242621,"group":{"id":"performance","version":"31"},"event":{"count":1,"data":{"duration_ms":0,"created":1589923242621},"id":"ui.latency"}}
{"recorder_version":"31","session":"28063a9843c7","build":"193.5662.53","bucket":"159","time":1589923342856,"group":{"id":"performance","version":"31"},"event":{"count":1,"data":{"duration_ms":1,"created":1589923342856},"id":"ui.latency"}}
{"recorder_version":"31","session":"28063a9843c7","build":"193.5662.53","bucket":"159","time":1589923443046,"group":{"id":"performance","version":"31"},"event":{"count":1,"data":{"duration_ms":0,"created":1589923443047},"id":"ui.latency"}}
{"recorder_version":"31","session":"28063a9843c7","build":"193.5662.53","bucket":"159","time":1589923543228,"group":{"id":"performance","version":"31"},"event":{"count":1,"data":{"duration_ms":0,"created":1589923543228},"id":"ui.latency"}}
{"recorder_version":"31","session":"28063a9843c7","build":"193.5662.53","bucket":"159","time":1589923613030,"group":{"id":"lifecycle","version":"31"},"event":{"count":1,"data":{"created":1589923613030,"project":"d119a6d897fcb33934b9adf90ec59bc9e850f90f58367fa567dc99031a6fc921"},"id":"frame.activated"}}
{"recorder_version":"31","session":"28063a9843c7","build":"193.5662.53","bucket":"159","time":1589923615965,"group":{"id":"lifecycle","version":"31"},"event":{"count":1,"data":{"created":1589923615965,"project":"d119a6d897fcb33934b9adf90ec59bc9e850f90f58367fa567dc99031a6fc921"},"id":"frame.deactivated"}}
{"recorder_version":"31","session":"28063a9843c7","build":"193.5662.53","bucket":"159","time":1589923643398,"group":{"id":"performance","version":"31"},"event":{"count":1,"data":{"duration_ms":0,"created":1589923643398},"id":"ui.latency"}}
{"recorder_version":"31","session":"28063a9843c7","build":"193.5662.53","bucket":"159","time":1589923743576,"group":{"id":"performance","version":"31"},"event":{"count":1,"data":{"duration_ms":0,"created":1589923743576},"id":"ui.latency"}}
{"recorder_version":"31","session":"28063a9843c7","build":"193.5662.53","bucket":"159","time":1589923843797,"group":{"id":"performance","version":"31"},"event":{"count":1,"data":{"duration_ms":0,"created":1589923843797},"id":"ui.latency"}}
{"recorder_version":"31","session":"28063a9843c7","build":"193.5662.53","bucket":"159","time":1589923941168,"group":{"id":"git.configuration","version":"2"},"event":{"state":true,"data":{"created":1589923941168,"project":"d119a6d897fcb33934b9adf90ec59bc9e850f90f58367fa567dc99031a6fc921","type":"NULL","version":"0.0.0"},"id":"executable"}}
{"recorder_version":"31","session":"28063a9843c7","build":"193.5662.53","bucket":"159","time":1589923941168,"group":{"id":"git.configuration","version":"2"},"event":{"state":true,"data":{"created":1589923941169,"project":"d119a6d897fcb33934b9adf90ec59bc9e850f90f58367fa567dc99031a6fc921"},"id":"invoked"}}
{"recorder_version":"31","session":"28063a9843c7","build":"193.5662.53","bucket":"159","time":1589923941168,"group":{"id":"vcs.log.data","version":"2"},"event":{"state":true,"data":{"created":1589923941169,"project":"d119a6d897fcb33934b9adf90ec59bc9e850f90f58367fa567dc99031a6fc921"},"id":"invoked"}}
{"recorder_version":"31","session":"28063a9843c7","build":"193.5662.53","bucket":"159","time":1589923941171,"group":{"id":"vcs.settings","version":"2"},"event":{"state":true,"data":{"created":1589923941171,"project":"d119a6d897fcb33934b9adf90ec59bc9e850f90f58367fa567dc99031a6fc921"},"id":"invoked"}}
{"recorder_version":"31","session":"28063a9843c7","build":"193.5662.53","bucket":"159","time":1589923941172,"group":{"id":"build.tools.state","version":"1"},"event":{"state":true,"data":{"created":1589923941172,"count":0,"externalSystemId":"Gradle","project":"d119a6d897fcb33934b9adf90ec59bc9e850f90f58367fa567dc99031a6fc921"},"id":"numberOfLinkedProject"}}
{"recorder_version":"31","session":"28063a9843c7","build":"193.5662.53","bucket":"159","time":1589923941172,"group":{"id":"build.tools.state","version":"1"},"event":{"state":true,"data":{"created":1589923941172,"project":"d119a6d897fcb33934b9adf90ec59bc9e850f90f58367fa567dc99031a6fc921"},"id":"invoked"}}
{"recorder_version":"31","session":"28063a9843c7","build":"193.5662.53","bucket":"159","time":1589923941172,"group":{"id":"vcs.log.index.project","version":"2"},"event":{"state":true,"data":{"created":1589923941172,"project":"d119a6d897fcb33934b9adf90ec59bc9e850f90f58367fa567dc99031a6fc921"},"id":"invoked"}}
{"recorder_version":"31","session":"28063a9843c7","build":"193.5662.53","bucket":"159","time":1589923941172,"group":{"id":"build.maven.state","version":"1"},"event":{"state":true,"data":{"created":1589923941172,"project":"d119a6d897fcb33934b9adf90ec59bc9e850f90f58367fa567dc99031a6fc921"},"id":"invoked"}}
{"recorder_version":"31","session":"28063a9843c7","build":"193.5662.53","bucket":"159","time":1589923941175,"group":{"id":"project.structure","version":"2"},"event":{"state":true,"data":{"created":1589923941175,"count":1,"project":"d119a6d897fcb33934b9adf90ec59bc9e850f90f58367fa567dc99031a6fc921"},"id":"content.roots.total"}}
{"recorder_version":"31","session":"28063a9843c7","build":"193.5662.53","bucket":"159","time":1589923941175,"group":{"id":"project.structure","version":"2"},"event":{"state":true,"data":{"created":1589923941175,"count":0,"project":"d119a6d897fcb33934b9adf90ec59bc9e850f90f58367fa567dc99031a6fc921"},"id":"package.prefix"}}
{"recorder_version":"31","session":"28063a9843c7","build":"193.5662.53","bucket":"159","time":1589923941175,"group":{"id":"project.structure","version":"2"},"event":{"state":true,"data":{"created":1589923941175,"count":1,"project":"d119a6d897fcb33934b9adf90ec59bc9e850f90f58367fa567dc99031a6fc921"},"id":"source.roots.total"}}
{"recorder_version":"31","session":"28063a9843c7","build":"193.5662.53","bucket":"159","time":1589923941175,"group":{"id":"project.structure","version":"2"},"event":{"state":true,"data":{"created":1589923941175,"count":1,"project":"d119a6d897fcb33934b9adf90ec59bc9e850f90f58367fa567dc99031a6fc921"},"id":"modules.total"}}
{"recorder_version":"31","session":"28063a9843c7","build":"193.5662.53","bucket":"159","time":1589923941175,"group":{"id":"project.structure","version":"2"},"event":{"state":true,"data":{"created":1589923941176,"count":0,"project":"d119a6d897fcb33934b9adf90ec59bc9e850f90f58367fa567dc99031a6fc921"},"id":"excluded.roots.total"}}
{"recorder_version":"31","session":"28063a9843c7","build":"193.5662.53","bucket":"159","time":1589923941175,"group":{"id":"project.structure","version":"2"},"event":{"state":true,"data":{"created":1589923941176,"count":1,"project":"d119a6d897fcb33934b9adf90ec59bc9e850f90f58367fa567dc99031a6fc921","type":"java-source"},"id":"source.root"}}
{"recorder_version":"31","session":"28063a9843c7","build":"193.5662.53","bucket":"159","time":1589923941175,"group":{"id":"project.structure","version":"2"},"event":{"state":true,"data":{"created":1589923941176,"project":"d119a6d897fcb33934b9adf90ec59bc9e850f90f58367fa567dc99031a6fc921"},"id":"invoked"}}
{"recorder_version":"31","session":"28063a9843c7","build":"193.5662.53","bucket":"159","time":1589923941177,"group":{"id":"vcs.log.ui","version":"2"},"event":{"state":true,"data":{"created":1589923941177,"project":"d119a6d897fcb33934b9adf90ec59bc9e850f90f58367fa567dc99031a6fc921"},"id":"invoked"}}
{"recorder_version":"31","session":"28063a9843c7","build":"193.5662.53","bucket":"159","time":1589923941177,"group":{"id":"build.tools","version":"1"},"event":{"state":true,"data":{"created":1589923941177,"project":"d119a6d897fcb33934b9adf90ec59bc9e850f90f58367fa567dc99031a6fc921"},"id":"invoked"}}
{"recorder_version":"31","session":"28063a9843c7","build":"193.5662.53","bucket":"159","time":1589923941178,"group":{"id":"run.configuration.type","version":"5"},"event":{"state":true,"data":{"created":1589923941178,"project":"d119a6d897fcb33934b9adf90ec59bc9e850f90f58367fa567dc99031a6fc921"},"id":"invoked"}}
{"recorder_version":"31","session":"28063a9843c7","build":"193.5662.53","bucket":"159","time":1589923941219,"group":{"id":"svn.configuration","version":"1"},"event":{"state":true,"data":{"created":1589923941219,"project":"d119a6d897fcb33934b9adf90ec59bc9e850f90f58367fa567dc99031a6fc921"},"id":"invoked"}}
{"recorder_version":"31","session":"28063a9843c7","build":"193.5662.53","bucket":"159","time":1589923941220,"group":{"id":"vcs.configuration","version":"2"},"event":{"state":true,"data":{"created":1589923941220,"count":0,"project":"d119a6d897fcb33934b9adf90ec59bc9e850f90f58367fa567dc99031a6fc921"},"id":"ignored.files"}}
{"recorder_version":"31","session":"28063a9843c7","build":"193.5662.53","bucket":"159","time":1589923941220,"group":{"id":"vcs.configuration","version":"2"},"event":{"state":true,"data":{"created":1589923941220,"count":0,"project":"d119a6d897fcb33934b9adf90ec59bc9e850f90f58367fa567dc99031a6fc921"},"id":"unversioned.files"}}
{"recorder_version":"31","session":"28063a9843c7","build":"193.5662.53","bucket":"159","time":1589923941220,"group":{"id":"vcs.configuration","version":"2"},"event":{"state":true,"data":{"created":1589923941221,"count":0,"project":"d119a6d897fcb33934b9adf90ec59bc9e850f90f58367fa567dc99031a6fc921"},"id":"mapped.roots"}}
{"recorder_version":"31","session":"28063a9843c7","build":"193.5662.53","bucket":"159","time":1589923941220,"group":{"id":"vcs.configuration","version":"2"},"event":{"state":true,"data":{"created":1589923941221,"count":1,"project":"d119a6d897fcb33934b9adf90ec59bc9e850f90f58367fa567dc99031a6fc921"},"id":"changelists"}}
{"recorder_version":"31","session":"28063a9843c7","build":"193.5662.53","bucket":"159","time":1589923941220,"group":{"id":"vcs.configuration","version":"2"},"event":{"state":true,"data":{"created":1589923941221,"project":"d119a6d897fcb33934b9adf90ec59bc9e850f90f58367fa567dc99031a6fc921"},"id":"invoked"}}
{"recorder_version":"31","session":"28063a9843c7","build":"193.5662.53","bucket":"159","time":1589923941220,"group":{"id":"java.compiler.settings.project","version":"1"},"event":{"state":true,"data":{"created":1589923941221,"project":"d119a6d897fcb33934b9adf90ec59bc9e850f90f58367fa567dc99031a6fc921","enabled":true},"id":"AUTO_SHOW_ERRORS_IN_EDITOR"}}
{"recorder_version":"31","session":"28063a9843c7","build":"193.5662.53","bucket":"159","time":1589923941220,"group":{"id":"java.compiler.settings.project","version":"1"},"event":{"state":true,"data":{"created":1589923941221,"project":"d119a6d897fcb33934b9adf90ec59bc9e850f90f58367fa567dc99031a6fc921","enabled":true},"id":"DISPLAY_NOTIFICATION_POPUP"}}
{"recorder_version":"31","session":"28063a9843c7","build":"193.5662.53","bucket":"159","time":1589923941220,"group":{"id":"java.compiler.settings.project","version":"1"},"event":{"state":true,"data":{"created":1589923941221,"project":"d119a6d897fcb33934b9adf90ec59bc9e850f90f58367fa567dc99031a6fc921","enabled":true},"id":"CLEAR_OUTPUT_DIRECTORY"}}
{"recorder_version":"31","session":"28063a9843c7","build":"193.5662.53","bucket":"159","time":1589923941220,"group":{"id":"java.compiler.settings.project","version":"1"},"event":{"state":true,"data":{"created":1589923941221,"project":"d119a6d897fcb33934b9adf90ec59bc9e850f90f58367fa567dc99031a6fc921","enabled":false},"id":"MAKE_PROJECT_ON_SAVE"}}
{"recorder_version":"31","session":"28063a9843c7","build":"193.5662.53","bucket":"159","time":1589923941220,"group":{"id":"java.compiler.settings.project","version":"1"},"event":{"state":true,"data":{"created":1589923941221,"project":"d119a6d897fcb33934b9adf90ec59bc9e850f90f58367fa567dc99031a6fc921","enabled":false},"id":"PARALLEL_COMPILATION"}}
{"recorder_version":"31","session":"28063a9843c7","build":"193.5662.53","bucket":"159","time":1589923941220,"group":{"id":"java.compiler.settings.project","version":"1"},"event":{"state":true,"data":{"created":1589923941221,"project":"d119a6d897fcb33934b9adf90ec59bc9e850f90f58367fa567dc99031a6fc921","enabled":true},"id":"REBUILD_ON_DEPENDENCY_CHANGE"}}
{"recorder_version":"31","session":"28063a9843c7","build":"193.5662.53","bucket":"159","time":1589923941220,"group":{"id":"java.compiler.settings.project","version":"1"},"event":{"state":true,"data":{"created":1589923941221,"project":"d119a6d897fcb33934b9adf90ec59bc9e850f90f58367fa567dc99031a6fc921","enabled":true},"id":"COMPILE_AFFECTED_UNLOADED_MODULES_BEFORE_COMMIT"}}
{"recorder_version":"31","session":"28063a9843c7","build":"193.5662.53","bucket":"159","time":1589923941220,"group":{"id":"java.compiler.settings.project","version":"1"},"event":{"state":true,"data":{"created":1589923941221,"project":"d119a6d897fcb33934b9adf90ec59bc9e850f90f58367fa567dc99031a6fc921"},"id":"invoked"}}
{"recorder_version":"31","session":"28063a9843c7","build":"193.5662.53","bucket":"159","time":1589923941221,"group":{"id":"build.gradle.state","version":"1"},"event":{"state":true,"data":{"created":1589923941221,"project":"d119a6d897fcb33934b9adf90ec59bc9e850f90f58367fa567dc99031a6fc921"},"id":"invoked"}}
{"recorder_version":"31","session":"28063a9843c7","build":"193.5662.53","bucket":"159","time":1589923941223,"group":{"id":"debugger.breakpoints","version":"2"},"event":{"state":true,"data":{"created":1589923941224,"count":0,"project":"d119a6d897fcb33934b9adf90ec59bc9e850f90f58367fa567dc99031a6fc921"},"id":"total"}}
{"recorder_version":"31","session":"28063a9843c7","build":"193.5662.53","bucket":"159","time":1589923941223,"group":{"id":"debugger.breakpoints","version":"2"},"event":{"state":true,"data":{"created":1589923941224,"count":0,"project":"d119a6d897fcb33934b9adf90ec59bc9e850f90f58367fa567dc99031a6fc921"},"id":"total.disabled"}}
{"recorder_version":"31","session":"28063a9843c7","build":"193.5662.53","bucket":"159","time":1589923941223,"group":{"id":"debugger.breakpoints","version":"2"},"event":{"state":true,"data":{"created":1589923941224,"count":0,"project":"d119a6d897fcb33934b9adf90ec59bc9e850f90f58367fa567dc99031a6fc921"},"id":"total.non.suspending"}}
{"recorder_version":"31","session":"28063a9843c7","build":"193.5662.53","bucket":"159","time":1589923941224,"group":{"id":"debugger.breakpoints","version":"2"},"event":{"state":true,"data":{"created":1589923941224,"project":"d119a6d897fcb33934b9adf90ec59bc9e850f90f58367fa567dc99031a6fc921"},"id":"invoked"}}
{"recorder_version":"31","session":"28063a9843c7","build":"193.5662.53","bucket":"159","time":1589923941282,"group":{"id":"java.language","version":"1"},"event":{"state":true,"data":{"feature":11,"minor":0,"created":1589923941282,"project":"d119a6d897fcb33934b9adf90ec59bc9e850f90f58367fa567dc99031a6fc921","update":2,"ea":false},"id":"MODULE_JDK_VERSION"}}
{"recorder_version":"31","session":"28063a9843c7","build":"193.5662.53","bucket":"159","time":1589923941282,"group":{"id":"java.language","version":"1"},"event":{"state":true,"data":{"preview":false,"created":1589923941282,"project":"d119a6d897fcb33934b9adf90ec59bc9e850f90f58367fa567dc99031a6fc921","version":11},"id":"MODULE_LANGUAGE_LEVEL"}}
{"recorder_version":"31","session":"28063a9843c7","build":"193.5662.53","bucket":"159","time":1589923941282,"group":{"id":"java.language","version":"1"},"event":{"state":true,"data":{"created":1589923941282,"project":"d119a6d897fcb33934b9adf90ec59bc9e850f90f58367fa567dc99031a6fc921"},"id":"invoked"}}
{"recorder_version":"31","session":"28063a9843c7","build":"193.5662.53","bucket":"159","time":1589923941289,"group":{"id":"file.types","version":"2"},"event":{"state":true,"data":{"file_type":"IDEA_MODULE","created":1589923941290,"plugin_type":"PLATFORM","project":"d119a6d897fcb33934b9adf90ec59bc9e850f90f58367fa567dc99031a6fc921"},"id":"file.in.project"}}
{"recorder_version":"31","session":"28063a9843c7","build":"193.5662.53","bucket":"159","time":1589923941289,"group":{"id":"file.types","version":"2"},"event":{"state":true,"data":{"plugin":"com.intellij.java","file_type":"JAVA","created":1589923941290,"plugin_type":"JB_BUNDLED","project":"d119a6d897fcb33934b9adf90ec59bc9e850f90f58367fa567dc99031a6fc921"},"id":"file.in.project"}}
{"recorder_version":"31","session":"28063a9843c7","build":"193.5662.53","bucket":"159","time":1589923941289,"group":{"id":"file.types","version":"2"},"event":{"state":true,"data":{"created":1589923941290,"project":"d119a6d897fcb33934b9adf90ec59bc9e850f90f58367fa567dc99031a6fc921"},"id":"invoked"}}
{"recorder_version":"31","session":"28063a9843c7","build":"193.5662.53","bucket":"159","time":1589923942007,"group":{"id":"javaLibraryJars","version":"2"},"event":{"state":true,"data":{"created":1589923942007,"project":"d119a6d897fcb33934b9adf90ec59bc9e850f90f58367fa567dc99031a6fc921"},"id":"invoked"}}
{"recorder_version":"31","session":"28063a9843c7","build":"193.5662.53","bucket":"159","time":1589923942007,"group":{"id":"run.dashboard","version":"2"},"event":{"state":true,"data":{"created":1589923942008,"project":"d119a6d897fcb33934b9adf90ec59bc9e850f90f58367fa567dc99031a6fc921","enabled":false},"id":"run.dashboard"}}
{"recorder_version":"31","session":"28063a9843c7","build":"193.5662.53","bucket":"159","time":1589923942007,"group":{"id":"run.dashboard","version":"2"},"event":{"state":true,"data":{"created":1589923942008,"project":"d119a6d897fcb33934b9adf90ec59bc9e850f90f58367fa567dc99031a6fc921"},"id":"invoked"}}
{"recorder_version":"31","session":"28063a9843c7","build":"193.5662.53","bucket":"159","time":1589923942011,"group":{"id":"kotlin.ide.settings","version":"2"},"event":{"state":true,"data":{"pluginVersion":"1.3.61-release-IJ2019.3-1","created":1589923942011,"project":"d119a6d897fcb33934b9adf90ec59bc9e850f90f58367fa567dc99031a6fc921","enabled":true},"id":"newInference"}}
{"recorder_version":"31","session":"28063a9843c7","build":"193.5662.53","bucket":"159","time":1589923942011,"group":{"id":"kotlin.ide.settings","version":"2"},"event":{"state":true,"data":{"pluginVersion":"1.3.61-release-IJ2019.3-1","created":1589923942011,"project":"d119a6d897fcb33934b9adf90ec59bc9e850f90f58367fa567dc99031a6fc921","enabled":false},"id":"scriptingAutoReloadEnabled"}}
{"recorder_version":"31","session":"28063a9843c7","build":"193.5662.53","bucket":"159","time":1589923942011,"group":{"id":"kotlin.ide.settings","version":"2"},"event":{"state":true,"data":{"created":1589923942011,"project":"d119a6d897fcb33934b9adf90ec59bc9e850f90f58367fa567dc99031a6fc921"},"id":"invoked"}}
{"recorder_version":"31","session":"28063a9843c7","build":"193.5662.53","bucket":"159","time":1589923942012,"group":{"id":"inspections","version":"2"},"event":{"state":true,"data":{"created":1589923942012,"project":"d119a6d897fcb33934b9adf90ec59bc9e850f90f58367fa567dc99031a6fc921"},"id":"invoked"}}
{"recorder_version":"31","session":"28063a9843c7","build":"193.5662.53","bucket":"159","time":1589923942067,"group":{"id":"inlay.configuration","version":"2"},"event":{"state":true,"data":{"created":1589923942067,"plugin_type":"PLATFORM","project":"d119a6d897fcb33934b9adf90ec59bc9e850f90f58367fa567dc99031a6fc921","lang":"Groovy","enabled":true},"id":"validation.unmatched_rule"}}
{"recorder_version":"31","session":"28063a9843c7","build":"193.5662.53","bucket":"159","time":1589923942067,"group":{"id":"inlay.configuration","version":"2"},"event":{"state":true,"data":{"java_simple_sequentially_numbered":"validation.undefined_rule","java_clear_expression_type":"validation.undefined_rule","java_new_expr":"validation.undefined_rule","java_multiple_params_same_type":"validation.undefined_rule","created":1589923942068,"java_build_like_method":"validation.undefined_rule","plugin_type":"PLATFORM","java_enums":"validation.undefined_rule","project":"d119a6d897fcb33934b9adf90ec59bc9e850f90f58367fa567dc99031a6fc921","java_method_name_contains_parameter_name":"validation.undefined_rule","lang":"JAVA","enabled":true},"id":"validation.unmatched_rule"}}
{"recorder_version":"31","session":"28063a9843c7","build":"193.5662.53","bucket":"159","time":1589923942067,"group":{"id":"inlay.configuration","version":"2"},"event":{"state":true,"data":{"SHOW_PARAMETER_HINT":"validation.undefined_rule","SHOW_PROPERTY_HINT":"validation.undefined_rule","SHOW_PARAMETER_TYPE_HINT":"validation.undefined_rule","created":1589923942068,"project":"d119a6d897fcb33934b9adf90ec59bc9e850f90f58367fa567dc99031a6fc921","enabled":true,"SHOW_SUSPENDING_CALL":"validation.undefined_rule","SHOW_LOCAL_VARIABLE_HINT":"validation.undefined_rule","SHOW_FUNCTION_HINT":"validation.undefined_rule","plugin_type":"PLATFORM","SHOW_LAMBDA_IMPLICIT_PARAMETER_RECEIVER":"validation.undefined_rule","lang":"kotlin","SHOW_LAMBDA_RETURN_EXPRESSION":"validation.undefined_rule"},"id":"validation.unmatched_rule"}}
{"recorder_version":"31","session":"28063a9843c7","build":"193.5662.53","bucket":"159","time":1589923942067,"group":{"id":"inlay.configuration","version":"2"},"event":{"state":true,"data":{"created":1589923942068,"plugin_type":"PLATFORM","project":"d119a6d897fcb33934b9adf90ec59bc9e850f90f58367fa567dc99031a6fc921","lang":"JAVA","enabled":true},"id":"validation.unmatched_rule"}}
{"recorder_version":"31","session":"28063a9843c7","build":"193.5662.53","bucket":"159","time":1589923942067,"group":{"id":"inlay.configuration","version":"2"},"event":{"state":true,"data":{"inferred_annotations":"validation.undefined_rule","created":1589923942068,"plugin_type":"PLATFORM","project":"d119a6d897fcb33934b9adf90ec59bc9e850f90f58367fa567dc99031a6fc921","lang":"JAVA","external_annotations":"validation.undefined_rule","enabled":true},"id":"validation.unmatched_rule"}}
{"recorder_version":"31","session":"28063a9843c7","build":"193.5662.53","bucket":"159","time":1589923942067,"group":{"id":"inlay.configuration","version":"2"},"event":{"state":true,"data":{"type_parameter_list":"validation.undefined_rule","inferred_parameter_types":"validation.undefined_rule","created":1589923942068,"plugin_type":"PLATFORM","project":"d119a6d897fcb33934b9adf90ec59bc9e850f90f58367fa567dc99031a6fc921","lang":"Groovy","enabled":true},"id":"validation.unmatched_rule"}}
{"recorder_version":"31","session":"28063a9843c7","build":"193.5662.53","bucket":"159","time":1589923942067,"group":{"id":"inlay.configuration","version":"2"},"event":{"state":true,"data":{"created":1589923942068,"project":"d119a6d897fcb33934b9adf90ec59bc9e850f90f58367fa567dc99031a6fc921"},"id":"invoked"}}
{"recorder_version":"31","session":"28063a9843c7","build":"193.5662.53","bucket":"159","time":1589923942068,"group":{"id":"editor.settings.project","version":"2"},"event":{"state":true,"data":{"created":1589923942068,"project":"d119a6d897fcb33934b9adf90ec59bc9e850f90f58367fa567dc99031a6fc921"},"id":"invoked"}}
{"recorder_version":"31","session":"28063a9843c7","build":"193.5662.53","bucket":"159","time":1589923942068,"group":{"id":"kotlin.project.configuration","version":"1"},"event":{"state":true,"data":{"created":1589923942068,"project":"d119a6d897fcb33934b9adf90ec59bc9e850f90f58367fa567dc99031a6fc921"},"id":"invoked"}}
{"recorder_version":"31","session":"28063a9843c7","build":"193.5662.53","bucket":"159","time":1589923942069,"group":{"id":"module.facets","version":"3"},"event":{"state":true,"data":{"created":1589923942069,"project":"d119a6d897fcb33934b9adf90ec59bc9e850f90f58367fa567dc99031a6fc921"},"id":"invoked"}}
{"recorder_version":"31","session":"28063a9843c7","build":"193.5662.53","bucket":"159","time":1589923942078,"group":{"id":"build.ant.state","version":"1"},"event":{"state":true,"data":{"created":1589923942078,"project":"d119a6d897fcb33934b9adf90ec59bc9e850f90f58367fa567dc99031a6fc921"},"id":"invoked"}}
{"recorder_version":"31","session":"28063a9843c7","build":"193.5662.53","bucket":"159","time":1589923943980,"group":{"id":"performance","version":"31"},"event":{"count":1,"data":{"duration_ms":0,"created":1589923943980},"id":"ui.latency"}}
{"recorder_version":"31","session":"28063a9843c7","build":"193.5662.53","bucket":"159","time":1589924044139,"group":{"id":"performance","version":"31"},"event":{"count":1,"data":{"duration_ms":0,"created":1589924044139},"id":"ui.latency"}}
{"recorder_version":"31","session":"28063a9843c7","build":"193.5662.53","bucket":"159","time":1589924144346,"group":{"id":"performance","version":"31"},"event":{"count":1,"data":{"duration_ms":1,"created":1589924144346},"id":"ui.latency"}}
{"recorder_version":"31","session":"28063a9843c7","build":"193.5662.53","bucket":"159","time":1589924244513,"group":{"id":"performance","version":"31"},"event":{"count":1,"data":{"duration_ms":0,"created":1589924244513},"id":"ui.latency"}}
{"recorder_version":"31","session":"28063a9843c7","build":"193.5662.53","bucket":"159","time":1589924344703,"group":{"id":"performance","version":"31"},"event":{"count":1,"data":{"duration_ms":0,"created":1589924344704},"id":"ui.latency"}}
{"recorder_version":"31","session":"28063a9843c7","build":"193.5662.53","bucket":"159","time":1589924444906,"group":{"id":"performance","version":"31"},"event":{"count":1,"data":{"duration_ms":0,"created":1589924444906},"id":"ui.latency"}}
{"recorder_version":"31","session":"28063a9843c7","build":"193.5662.53","bucket":"159","time":1589924545091,"group":{"id":"performance","version":"31"},"event":{"count":1,"data":{"duration_ms":0,"created":1589924545091},"id":"ui.latency"}}
{"recorder_version":"31","session":"28063a9843c7","build":"193.5662.53","bucket":"159","time":1589924645272,"group":{"id":"performance","version":"31"},"event":{"count":1,"data":{"duration_ms":0,"created":1589924645272},"id":"ui.latency"}}
{"recorder_version":"31","session":"28063a9843c7","build":"193.5662.53","bucket":"159","time":1589924745457,"group":{"id":"performance","version":"31"},"event":{"count":1,"data":{"duration_ms":0,"created":1589924745457},"id":"ui.latency"}}
{"recorder_version":"31","session":"28063a9843c7","build":"193.5662.53","bucket":"159","time":1589924845607,"group":{"id":"performance","version":"31"},"event":{"count":1,"data":{"duration_ms":0,"created":1589924845607},"id":"ui.latency"}}
{"recorder_version":"31","session":"28063a9843c7","build":"193.5662.53","bucket":"159","time":1589924945787,"group":{"id":"performance","version":"31"},"event":{"count":1,"data":{"duration_ms":0,"created":1589924945787},"id":"ui.latency"}}
{"recorder_version":"31","session":"28063a9843c7","build":"193.5662.53","bucket":"159","time":1589925045949,"group":{"id":"performance","version":"31"},"event":{"count":1,"data":{"duration_ms":0,"created":1589925045949},"id":"ui.latency"}}
{"recorder_version":"31","session":"28063a9843c7","build":"193.5662.53","bucket":"159","time":1589925146139,"group":{"id":"performance","version":"31"},"event":{"count":1,"data":{"duration_ms":0,"created":1589925146139},"id":"ui.latency"}}
{"recorder_version":"31","session":"28063a9843c7","build":"193.5662.53","bucket":"159","time":1589925246340,"group":{"id":"performance","version":"31"},"event":{"count":1,"data":{"duration_ms":0,"created":1589925246340},"id":"ui.latency"}}
{"recorder_version":"31","session":"28063a9843c7","build":"193.5662.53","bucket":"159","time":1589925346492,"group":{"id":"performance","version":"31"},"event":{"count":1,"data":{"duration_ms":0,"created":1589925346492},"id":"ui.latency"}}
{"recorder_version":"31","session":"28063a9843c7","build":"193.5662.53","bucket":"159","time":1589925446704,"group":{"id":"performance","version":"31"},"event":{"count":1,"data":{"duration_ms":0,"created":1589925446704},"id":"ui.latency"}}
{"recorder_version":"31","session":"28063a9843c7","build":"193.5662.53","bucket":"159","time":1589925546881,"group":{"id":"performance","version":"31"},"event":{"count":1,"data":{"duration_ms":0,"created":1589925546881},"id":"ui.latency"}}
{"recorder_version":"31","session":"28063a9843c7","build":"193.5662.53","bucket":"159","time":1589925647066,"group":{"id":"performance","version":"31"},"event":{"count":1,"data":{"duration_ms":0,"created":1589925647066},"id":"ui.latency"}}
{"recorder_version":"31","session":"28063a9843c7","build":"193.5662.53","bucket":"159","time":1589925747244,"group":{"id":"performance","version":"31"},"event":{"count":1,"data":{"duration_ms":0,"created":1589925747245},"id":"ui.latency"}}
{"recorder_version":"31","session":"28063a9843c7","build":"193.5662.53","bucket":"159","time":1589925847475,"group":{"id":"performance","version":"31"},"event":{"count":1,"data":{"duration_ms":0,"created":1589925847475},"id":"ui.latency"}}
{"recorder_version":"31","session":"28063a9843c7","build":"193.5662.53","bucket":"159","time":1589925947711,"group":{"id":"performance","version":"31"},"event":{"count":1,"data":{"duration_ms":0,"created":1589925947711},"id":"ui.latency"}}
{"recorder_version":"31","session":"28063a9843c7","build":"193.5662.53","bucket":"159","time":1589926047928,"group":{"id":"performance","version":"31"},"event":{"count":1,"data":{"duration_ms":0,"created":1589926047928},"id":"ui.latency"}}
{"recorder_version":"31","session":"28063a9843c7","build":"193.5662.53","bucket":"159","time":1589926148143,"group":{"id":"performance","version":"31"},"event":{"count":1,"data":{"duration_ms":0,"created":1589926148143},"id":"ui.latency"}}
{"recorder_version":"31","session":"28063a9843c7","build":"193.5662.53","bucket":"159","time":1589926248373,"group":{"id":"performance","version":"31"},"event":{"count":1,"data":{"duration_ms":0,"created":1589926248373},"id":"ui.latency"}}
{"recorder_version":"31","session":"28063a9843c7","build":"193.5662.53","bucket":"159","time":1589926348589,"group":{"id":"performance","version":"31"},"event":{"count":1,"data":{"duration_ms":0,"created":1589926348589},"id":"ui.latency"}}
{"recorder_version":"31","session":"28063a9843c7","build":"193.5662.53","bucket":"159","time":1589926448763,"group":{"id":"performance","version":"31"},"event":{"count":1,"data":{"duration_ms":0,"created":1589926448764},"id":"ui.latency"}}
{"recorder_version":"31","session":"28063a9843c7","build":"193.5662.53","bucket":"159","time":1589926548969,"group":{"id":"performance","version":"31"},"event":{"count":1,"data":{"duration_ms":0,"created":1589926548969},"id":"ui.latency"}}
{"recorder_version":"31","session":"28063a9843c7","build":"193.5662.53","bucket":"159","time":1589926649165,"group":{"id":"performance","version":"31"},"event":{"count":1,"data":{"duration_ms":0,"created":1589926649165},"id":"ui.latency"}}
{"recorder_version":"31","session":"28063a9843c7","build":"193.5662.53","bucket":"159","time":1589926749376,"group":{"id":"performance","version":"31"},"event":{"count":1,"data":{"duration_ms":0,"created":1589926749376},"id":"ui.latency"}}
{"recorder_version":"31","session":"28063a9843c7","build":"193.5662.53","bucket":"159","time":1589926849598,"group":{"id":"performance","version":"31"},"event":{"count":1,"data":{"duration_ms":0,"created":1589926849599},"id":"ui.latency"}}
{"recorder_version":"31","session":"28063a9843c7","build":"193.5662.53","bucket":"159","time":1589926949813,"group":{"id":"performance","version":"31"},"event":{"count":1,"data":{"duration_ms":0,"created":1589926949813},"id":"ui.latency"}}
{"recorder_version":"31","session":"28063a9843c7","build":"193.5662.53","bucket":"159","time":1589927050003,"group":{"id":"performance","version":"31"},"event":{"count":1,"data":{"duration_ms":0,"created":1589927050003},"id":"ui.latency"}}
{"recorder_version":"31","session":"28063a9843c7","build":"193.5662.53","bucket":"159","time":1589927150192,"group":{"id":"performance","version":"31"},"event":{"count":1,"data":{"duration_ms":1,"created":1589927150192},"id":"ui.latency"}}
{"recorder_version":"31","session":"28063a9843c7","build":"193.5662.53","bucket":"159","time":1589927250397,"group":{"id":"performance","version":"31"},"event":{"count":1,"data":{"duration_ms":0,"created":1589927250397},"id":"ui.latency"}}
{"recorder_version":"31","session":"28063a9843c7","build":"193.5662.53","bucket":"159","time":1589927350602,"group":{"id":"performance","version":"31"},"event":{"count":1,"data":{"duration_ms":0,"created":1589927350602},"id":"ui.latency"}}
{"recorder_version":"31","session":"28063a9843c7","build":"193.5662.53","bucket":"159","time":1589927450787,"group":{"id":"performance","version":"31"},"event":{"count":1,"data":{"duration_ms":0,"created":1589927450787},"id":"ui.latency"}}
{"recorder_version":"31","session":"28063a9843c7","build":"193.5662.53","bucket":"159","time":1589927542466,"group":{"id":"lifecycle","version":"31"},"event":{"count":1,"data":{"created":1589927542466,"project":"d119a6d897fcb33934b9adf90ec59bc9e850f90f58367fa567dc99031a6fc921"},"id":"frame.activated"}}
{"recorder_version":"31","session":"28063a9843c7","build":"193.5662.53","bucket":"159","time":1589927550989,"group":{"id":"performance","version":"31"},"event":{"count":1,"data":{"duration_ms":0,"created":1589927550989},"id":"ui.latency"}}
{"recorder_version":"31","session":"28063a9843c7","build":"193.5662.53","bucket":"159","time":1589927554327,"group":{"id":"ui.dialogs","version":"31"},"event":{"count":1,"data":{"created":1589927554328,"plugin_type":"PLATFORM","dialog_class":"com.intellij.openapi.ui.DialogBuilder$MyDialogWrapper"},"id":"show"}}
{"recorder_version":"31","session":"28063a9843c7","build":"193.5662.53","bucket":"159","time":1589927555530,"group":{"id":"ui.dialogs","version":"31"},"event":{"count":1,"data":{"code":0,"created":1589927555530,"plugin_type":"PLATFORM","dialog_class":"com.intellij.openapi.ui.DialogBuilder$MyDialogWrapper"},"id":"close"}}
{"recorder_version":"31","session":"28063a9843c7","build":"193.5662.53","bucket":"159","time":1589927559234,"group":{"id":"lifecycle","version":"31"},"event":{"count":1,"data":{"created":1589927559234,"project":"d119a6d897fcb33934b9adf90ec59bc9e850f90f58367fa567dc99031a6fc921"},"id":"frame.deactivated"}}
{"recorder_version":"31","session":"28063a9843c7","build":"193.5662.53","bucket":"159","time":1589927651214,"group":{"id":"performance","version":"31"},"event":{"count":1,"data":{"duration_ms":0,"created":1589927651214},"id":"ui.latency"}}
{"recorder_version":"31","session":"28063a9843c7","build":"193.5662.53","bucket":"159","time":1589927751421,"group":{"id":"performance","version":"31"},"event":{"count":1,"data":{"duration_ms":0,"created":1589927751421},"id":"ui.latency"}}
{"recorder_version":"31","session":"28063a9843c7","build":"193.5662.53","bucket":"159","time":1589927851625,"group":{"id":"performance","version":"31"},"event":{"count":1,"data":{"duration_ms":0,"created":1589927851625},"id":"ui.latency"}}
{"recorder_version":"31","session":"28063a9843c7","build":"193.5662.53","bucket":"159","time":1589927951823,"group":{"id":"performance","version":"31"},"event":{"count":1,"data":{"duration_ms":0,"created":1589927951823},"id":"ui.latency"}}
{"recorder_version":"31","session":"28063a9843c7","build":"193.5662.53","bucket":"159","time":1589928052013,"group":{"id":"performance","version":"31"},"event":{"count":1,"data":{"duration_ms":0,"created":1589928052013},"id":"ui.latency"}}
{"recorder_version":"31","session":"28063a9843c7","build":"193.5662.53","bucket":"159","time":1589928152236,"group":{"id":"performance","version":"31"},"event":{"count":1,"data":{"duration_ms":0,"created":1589928152236},"id":"ui.latency"}}
{"recorder_version":"31","session":"28063a9843c7","build":"193.5662.53","bucket":"159","time":1589928252446,"group":{"id":"performance","version":"31"},"event":{"count":1,"data":{"duration_ms":0,"created":1589928252446},"id":"ui.latency"}}
{"recorder_version":"31","session":"28063a9843c7","build":"193.5662.53","bucket":"159","time":1589928352647,"group":{"id":"performance","version":"31"},"event":{"count":1,"data":{"duration_ms":1,"created":1589928352647},"id":"ui.latency"}}
{"recorder_version":"31","session":"28063a9843c7","build":"193.5662.53","bucket":"159","time":1589928452827,"group":{"id":"performance","version":"31"},"event":{"count":1,"data":{"duration_ms":0,"created":1589928452827},"id":"ui.latency"}}
{"recorder_version":"31","session":"28063a9843c7","build":"193.5662.53","bucket":"159","time":1589928553019,"group":{"id":"performance","version":"31"},"event":{"count":1,"data":{"duration_ms":0,"created":1589928553019},"id":"ui.latency"}}
{"recorder_version":"31","session":"28063a9843c7","build":"193.5662.53","bucket":"159","time":1589928653213,"group":{"id":"performance","version":"31"},"event":{"count":1,"data":{"duration_ms":0,"created":1589928653213},"id":"ui.latency"}}
{"recorder_version":"31","session":"28063a9843c7","build":"193.5662.53","bucket":"159","time":1589928669296,"group":{"id":"lifecycle","version":"31"},"event":{"count":1,"data":{"created":1589928669296,"project":"d119a6d897fcb33934b9adf90ec59bc9e850f90f58367fa567dc99031a6fc921"},"id":"frame.activated"}}
{"recorder_version":"31","session":"28063a9843c7","build":"193.5662.53","bucket":"159","time":1589928675403,"group":{"id":"ui.dialogs","version":"31"},"event":{"count":1,"data":{"created":1589928675403,"plugin_type":"PLATFORM","dialog_class":"com.intellij.openapi.ui.DialogBuilder$MyDialogWrapper"},"id":"show"}}
{"recorder_version":"31","session":"28063a9843c7","build":"193.5662.53","bucket":"159","time":1589928676480,"group":{"id":"ui.dialogs","version":"31"},"event":{"count":1,"data":{"code":0,"created":1589928676480,"plugin_type":"PLATFORM","dialog_class":"com.intellij.openapi.ui.DialogBuilder$MyDialogWrapper"},"id":"close"}}
