{"recorder_version":"31","session":"4a07167a13eb","build":"193.5662.53","bucket":"159","time":1590244054011,"group":{"id":"settings","version":"4"},"event":{"state":true,"data":{"component":"NotRoamableUiSettings","created":1590244054409},"id":"invoked"}}
{"recorder_version":"31","session":"4a07167a13eb","build":"193.5662.53","bucket":"159","time":1590244054014,"group":{"id":"settings","version":"4"},"event":{"state":true,"data":{"component":"UISettings","created":1590244054412},"id":"invoked"}}
{"recorder_version":"31","session":"4a07167a13eb","build":"193.5662.53","bucket":"159","time":1590244054019,"group":{"id":"system.java","version":"1"},"event":{"state":true,"data":{"created":1590244054425,"version":"validation.undefined_rule"},"id":"validation.undefined_rule"}}
{"recorder_version":"31","session":"4a07167a13eb","build":"193.5662.53","bucket":"159","time":1590244054019,"group":{"id":"system.java","version":"1"},"event":{"state":true,"data":{"created":1590244054425},"id":"invoked"}}
{"recorder_version":"31","session":"4a07167a13eb","build":"193.5662.53","bucket":"159","time":1590244054062,"group":{"id":"system.os","version":"3"},"event":{"state":true,"data":{"created":1590244054426,"version":"10.15"},"id":"Mac"}}
{"recorder_version":"31","session":"4a07167a13eb","build":"193.5662.53","bucket":"159","time":1590244054062,"group":{"id":"system.os","version":"3"},"event":{"state":true,"data":{"created":1590244054427,"name":"Mac","version":"10.15"},"id":"os.name"}}
{"recorder_version":"31","session":"4a07167a13eb","build":"193.5662.53","bucket":"159","time":1590244054062,"group":{"id":"system.os","version":"3"},"event":{"state":true,"data":{"created":1590244054427,"value":"+02_00"},"id":"os.timezone"}}
{"recorder_version":"31","session":"4a07167a13eb","build":"193.5662.53","bucket":"159","time":1590244054062,"group":{"id":"system.os","version":"3"},"event":{"state":true,"data":{"created":1590244054429},"id":"invoked"}}
{"recorder_version":"31","session":"4a07167a13eb","build":"193.5662.53","bucket":"159","time":1590244054289,"group":{"id":"settings","version":"4"},"event":{"state":true,"data":{"component":"UpdatesConfigurable","created":1590244054429,"name":"checkNeeded","type":"bool","value":false},"id":"not.default"}}
{"recorder_version":"31","session":"4a07167a13eb","build":"193.5662.53","bucket":"159","time":1590244054289,"group":{"id":"settings","version":"4"},"event":{"state":true,"data":{"component":"UpdatesConfigurable","created":1590244054430},"id":"invoked"}}
{"recorder_version":"31","session":"4a07167a13eb","build":"193.5662.53","bucket":"159","time":1590244054360,"group":{"id":"event.log","version":"31"},"event":{"count":1,"data":{"created":1590244054431,"version":"1268.0"},"id":"whitelist.loaded"}}
{"recorder_version":"31","session":"4a07167a13eb","build":"193.5662.53","bucket":"159","time":1590244054513,"group":{"id":"settings","version":"4"},"event":{"state":true,"data":{"component":"GeneralSettings","created":1590244054524,"name":"showTipsOnStartup","type":"bool","value":false},"id":"not.default"}}
{"recorder_version":"31","session":"4a07167a13eb","build":"193.5662.53","bucket":"159","time":1590244054526,"group":{"id":"settings","version":"4"},"event":{"state":true,"data":{"component":"GeneralSettings","created":1590244054526},"id":"invoked"}}
{"recorder_version":"31","session":"4a07167a13eb","build":"193.5662.53","bucket":"159","time":1590244054581,"group":{"id":"lifecycle","version":"31"},"event":{"count":1,"data":{"internal":true,"eap":false,"created":1590244054581},"id":"ide.start"}}
{"recorder_version":"31","session":"4a07167a13eb","build":"193.5662.53","bucket":"159","time":1590244054695,"group":{"id":"settings","version":"4"},"event":{"state":true,"data":{"component":"XmlEditorOptions","created":1590244054696},"id":"invoked"}}
{"recorder_version":"31","session":"4a07167a13eb","build":"193.5662.53","bucket":"159","time":1590244055616,"group":{"id":"settings","version":"4"},"event":{"state":true,"data":{"component":"VcsApplicationSettings","created":1590244055616},"id":"invoked"}}
{"recorder_version":"31","session":"4a07167a13eb","build":"193.5662.53","bucket":"159","time":1590244055616,"group":{"id":"lifecycle","version":"31"},"event":{"count":1,"data":{"created":1590244055616},"id":"frame.activated"}}
{"recorder_version":"31","session":"4a07167a13eb","build":"193.5662.53","bucket":"159","time":1590244055760,"group":{"id":"performance","version":"31"},"event":{"count":1,"data":{"duration_ms":783,"created":1590244055760},"id":"ui.latency"}}
{"recorder_version":"31","session":"4a07167a13eb","build":"193.5662.53","bucket":"159","time":1590244055760,"group":{"id":"performance","version":"31"},"event":{"count":1,"data":{"duration_ms":783,"created":1590244055761},"id":"ui.lagging"}}
{"recorder_version":"31","session":"4a07167a13eb","build":"193.5662.53","bucket":"159","time":1590244056117,"group":{"id":"performance","version":"31"},"event":{"count":1,"data":{"duration_ms":209,"created":1590244056118},"id":"ui.lagging"}}
{"recorder_version":"31","session":"4a07167a13eb","build":"193.5662.53","bucket":"159","time":1590244056174,"group":{"id":"ui.dialogs","version":"31"},"event":{"count":1,"data":{"created":1590244056175,"plugin_type":"PLATFORM","dialog_class":"com.intellij.openapi.progress.util.ProgressDialog$MyDialogWrapper"},"id":"show"}}
{"recorder_version":"31","session":"4a07167a13eb","build":"193.5662.53","bucket":"159","time":1590244057836,"group":{"id":"lifecycle","version":"31"},"event":{"count":1,"data":{"created":1590244057836,"project":"d119a6d897fcb33934b9adf90ec59bc9e850f90f58367fa567dc99031a6fc921"},"id":"project.opened"}}
{"recorder_version":"31","session":"4a07167a13eb","build":"193.5662.53","bucket":"159","time":1590244058577,"group":{"id":"performance","version":"31"},"event":{"count":1,"data":{"duration_ms":664,"created":1590244058577},"id":"ui.lagging"}}
{"recorder_version":"31","session":"4a07167a13eb","build":"193.5662.53","bucket":"159","time":1590244058600,"group":{"id":"toolwindow","version":"31"},"event":{"count":1,"data":{"created":1590244058600,"plugin_type":"PLATFORM","id":"Event_Log"},"id":"activated"}}
{"recorder_version":"31","session":"4a07167a13eb","build":"193.5662.53","bucket":"159","time":1590244059633,"group":{"id":"performance","version":"31"},"event":{"count":1,"data":{"duration_ms":719,"created":1590244059633},"id":"ui.lagging"}}
{"recorder_version":"31","session":"4a07167a13eb","build":"193.5662.53","bucket":"159","time":1590244060361,"group":{"id":"performance","version":"31"},"event":{"count":1,"data":{"duration_ms":446,"created":1590244060361},"id":"ui.lagging"}}
{"recorder_version":"31","session":"4a07167a13eb","build":"193.5662.53","bucket":"159","time":1590244060997,"group":{"id":"project.fs","version":"1"},"event":{"state":true,"data":{"os":"Mac","cs-project":false,"created":1590244060997,"project":"d119a6d897fcb33934b9adf90ec59bc9e850f90f58367fa567dc99031a6fc921","cs-implicit":true,"cs-system":false},"id":"case-sensitivity"}}
{"recorder_version":"31","session":"4a07167a13eb","build":"193.5662.53","bucket":"159","time":1590244060997,"group":{"id":"project.fs","version":"1"},"event":{"state":true,"data":{"created":1590244060998},"id":"invoked"}}
{"recorder_version":"31","session":"4a07167a13eb","build":"193.5662.53","bucket":"159","time":1590244060998,"group":{"id":"project.fs","version":"1"},"event":{"state":true,"data":{"pct-non-watched":0,"created":1590244060998,"project":"d119a6d897fcb33934b9adf90ec59bc9e850f90f58367fa567dc99031a6fc921"},"id":"roots-watched"}}
{"recorder_version":"31","session":"4a07167a13eb","build":"193.5662.53","bucket":"159","time":1590244060998,"group":{"id":"project.fs","version":"1"},"event":{"state":true,"data":{"created":1590244060999},"id":"invoked"}}
{"recorder_version":"31","session":"4a07167a13eb","build":"193.5662.53","bucket":"159","time":1590244061046,"group":{"id":"performance","version":"31"},"event":{"count":1,"data":{"duration_ms":128,"created":1590244061046},"id":"ui.lagging"}}
{"recorder_version":"31","session":"4a07167a13eb","build":"193.5662.53","bucket":"159","time":1590244061095,"group":{"id":"ui.dialogs","version":"31"},"event":{"count":1,"data":{"code":1,"created":1590244061095,"plugin_type":"PLATFORM","dialog_class":"com.intellij.openapi.progress.util.ProgressDialog$MyDialogWrapper"},"id":"close"}}
{"recorder_version":"31","session":"4a07167a13eb","build":"193.5662.53","bucket":"159","time":1590244061206,"group":{"id":"indexing","version":"2"},"event":{"count":1,"data":{"ide_activity_id":1,"created":1590244061207,"project":"d119a6d897fcb33934b9adf90ec59bc9e850f90f58367fa567dc99031a6fc921"},"id":"started"}}
{"recorder_version":"31","session":"4a07167a13eb","build":"193.5662.53","bucket":"159","time":1590244061269,"group":{"id":"indexing","version":"2"},"event":{"count":1,"data":{"ide_activity_id":1,"stage_class":"com.intellij.util.indexing.UnindexedFilesUpdater","created":1590244061269,"plugin_type":"PLATFORM"},"id":"stage"}}
{"recorder_version":"31","session":"4a07167a13eb","build":"193.5662.53","bucket":"159","time":1590244061364,"group":{"id":"lifecycle","version":"31"},"event":{"count":1,"data":{"duration_ms":6617,"created":1590244061364,"project":"d119a6d897fcb33934b9adf90ec59bc9e850f90f58367fa567dc99031a6fc921"},"id":"project.opening.finished"}}
{"recorder_version":"31","session":"4a07167a13eb","build":"193.5662.53","bucket":"159","time":1590244064141,"group":{"id":"indexing","version":"2"},"event":{"count":1,"data":{"duration_ms":2935,"ide_activity_id":1,"created":1590244064142},"id":"finished"}}
{"recorder_version":"31","session":"4a07167a13eb","build":"193.5662.53","bucket":"159","time":1590244064254,"group":{"id":"indexing","version":"2"},"event":{"count":1,"data":{"ide_activity_id":2,"created":1590244064254,"project":"d119a6d897fcb33934b9adf90ec59bc9e850f90f58367fa567dc99031a6fc921"},"id":"started"}}
{"recorder_version":"31","session":"4a07167a13eb","build":"193.5662.53","bucket":"159","time":1590244064268,"group":{"id":"indexing","version":"2"},"event":{"count":1,"data":{"ide_activity_id":2,"plugin":"org.jetbrains.android","stage_class":"com.android.tools.idea.res.ResourceFolderRepositoryFileCacheImpl$PruneTask","created":1590244064269,"plugin_type":"JB_BUNDLED"},"id":"stage"}}
{"recorder_version":"31","session":"4a07167a13eb","build":"193.5662.53","bucket":"159","time":1590244064313,"group":{"id":"indexing","version":"2"},"event":{"count":1,"data":{"ide_activity_id":2,"plugin":"org.jetbrains.android","stage_class":"com.android.tools.idea.res.ResourceFolderRepositoryFileCacheImpl$ManageLruProjectFilesTask","created":1590244064319,"plugin_type":"JB_BUNDLED"},"id":"stage"}}
{"recorder_version":"31","session":"4a07167a13eb","build":"193.5662.53","bucket":"159","time":1590244064348,"group":{"id":"indexing","version":"2"},"event":{"count":1,"data":{"duration_ms":94,"ide_activity_id":2,"created":1590244064349},"id":"finished"}}
{"recorder_version":"31","session":"4a07167a13eb","build":"193.5662.53","bucket":"159","time":1590244064363,"group":{"id":"indexing","version":"2"},"event":{"count":1,"data":{"ide_activity_id":3,"created":1590244064364,"project":"d119a6d897fcb33934b9adf90ec59bc9e850f90f58367fa567dc99031a6fc921"},"id":"started"}}
{"recorder_version":"31","session":"4a07167a13eb","build":"193.5662.53","bucket":"159","time":1590244064368,"group":{"id":"indexing","version":"2"},"event":{"count":1,"data":{"ide_activity_id":3,"plugin":"org.jetbrains.android","stage_class":"com.android.tools.idea.res.ResourceFolderRegistry$PopulateCachesTask","created":1590244064369,"plugin_type":"JB_BUNDLED"},"id":"stage"}}
{"recorder_version":"31","session":"4a07167a13eb","build":"193.5662.53","bucket":"159","time":1590244064383,"group":{"id":"indexing","version":"2"},"event":{"count":1,"data":{"duration_ms":20,"ide_activity_id":3,"created":1590244064384},"id":"finished"}}
{"recorder_version":"31","session":"4a07167a13eb","build":"193.5662.53","bucket":"159","time":1590244066101,"group":{"id":"startup","version":"1"},"event":{"count":1,"data":{"duration":2053,"created":1590244066101},"id":"appInit"}}
{"recorder_version":"31","session":"4a07167a13eb","build":"193.5662.53","bucket":"159","time":1590244066101,"group":{"id":"startup","version":"1"},"event":{"count":1,"data":{"duration":418,"created":1590244066101},"id":"splash"}}
{"recorder_version":"31","session":"4a07167a13eb","build":"193.5662.53","bucket":"159","time":1590244066101,"group":{"id":"startup","version":"1"},"event":{"count":1,"data":{"duration":386,"created":1590244066101},"id":"bootstrap"}}
{"recorder_version":"31","session":"4a07167a13eb","build":"193.5662.53","bucket":"159","time":1590244066101,"group":{"id":"startup","version":"1"},"event":{"count":1,"data":{"duration":9877,"created":1590244066102},"id":"totalDuration"}}
{"recorder_version":"31","session":"4a07167a13eb","build":"193.5662.53","bucket":"159","time":1590244067949,"group":{"id":"actions","version":"31"},"event":{"count":1,"data":{"context_menu":true,"action_id":"third.party","created":1590244067949,"plugin_type":"NOT_LISTED","project":"d119a6d897fcb33934b9adf90ec59bc9e850f90f58367fa567dc99031a6fc921","place":"MainMenu","class":"third.party","input_event":"NoMouseButton"},"id":"action.invoked"}}
{"recorder_version":"31","session":"4a07167a13eb","build":"193.5662.53","bucket":"159","time":1590244068991,"group":{"id":"ui.dialogs","version":"31"},"event":{"count":1,"data":{"created":1590244068991,"plugin_type":"NOT_LISTED","dialog_class":"third.party"},"id":"show"}}
{"recorder_version":"31","session":"4a07167a13eb","build":"193.5662.53","bucket":"159","time":1590244071635,"group":{"id":"ui.dialogs","version":"31"},"event":{"count":1,"data":{"code":0,"created":1590244071635,"plugin_type":"NOT_LISTED","dialog_class":"third.party"},"id":"close"}}
