{"recorder_version":"31","session":"cc631a59d193","build":"193.5662.53","bucket":"159","time":1590245056706,"group":{"id":"settings","version":"4"},"event":{"state":true,"data":{"component":"NotRoamableUiSettings","created":1590245057035},"id":"invoked"}}
{"recorder_version":"31","session":"cc631a59d193","build":"193.5662.53","bucket":"159","time":1590245056706,"group":{"id":"settings","version":"4"},"event":{"state":true,"data":{"component":"UISettings","created":1590245057039},"id":"invoked"}}
{"recorder_version":"31","session":"cc631a59d193","build":"193.5662.53","bucket":"159","time":1590245056725,"group":{"id":"system.java","version":"1"},"event":{"state":true,"data":{"created":1590245057054,"version":"validation.undefined_rule"},"id":"validation.undefined_rule"}}
{"recorder_version":"31","session":"cc631a59d193","build":"193.5662.53","bucket":"159","time":1590245056725,"group":{"id":"system.java","version":"1"},"event":{"state":true,"data":{"created":1590245057055},"id":"invoked"}}
{"recorder_version":"31","session":"cc631a59d193","build":"193.5662.53","bucket":"159","time":1590245056744,"group":{"id":"system.os","version":"3"},"event":{"state":true,"data":{"created":1590245057057,"version":"10.15"},"id":"Mac"}}
{"recorder_version":"31","session":"cc631a59d193","build":"193.5662.53","bucket":"159","time":1590245056744,"group":{"id":"system.os","version":"3"},"event":{"state":true,"data":{"created":1590245057066,"name":"Mac","version":"10.15"},"id":"os.name"}}
{"recorder_version":"31","session":"cc631a59d193","build":"193.5662.53","bucket":"159","time":1590245056744,"group":{"id":"system.os","version":"3"},"event":{"state":true,"data":{"created":1590245057070,"value":"+02_00"},"id":"os.timezone"}}
{"recorder_version":"31","session":"cc631a59d193","build":"193.5662.53","bucket":"159","time":1590245056744,"group":{"id":"system.os","version":"3"},"event":{"state":true,"data":{"created":1590245057070},"id":"invoked"}}
{"recorder_version":"31","session":"cc631a59d193","build":"193.5662.53","bucket":"159","time":1590245056887,"group":{"id":"settings","version":"4"},"event":{"state":true,"data":{"component":"UpdatesConfigurable","created":1590245057070,"name":"checkNeeded","type":"bool","value":false},"id":"not.default"}}
{"recorder_version":"31","session":"cc631a59d193","build":"193.5662.53","bucket":"159","time":1590245056887,"group":{"id":"settings","version":"4"},"event":{"state":true,"data":{"component":"UpdatesConfigurable","created":1590245057071},"id":"invoked"}}
{"recorder_version":"31","session":"cc631a59d193","build":"193.5662.53","bucket":"159","time":1590245056985,"group":{"id":"event.log","version":"31"},"event":{"count":1,"data":{"created":1590245057072,"version":"1268.0"},"id":"whitelist.loaded"}}
{"recorder_version":"31","session":"cc631a59d193","build":"193.5662.53","bucket":"159","time":1590245057055,"group":{"id":"settings","version":"4"},"event":{"state":true,"data":{"component":"GeneralSettings","created":1590245057073,"name":"showTipsOnStartup","type":"bool","value":false},"id":"not.default"}}
{"recorder_version":"31","session":"cc631a59d193","build":"193.5662.53","bucket":"159","time":1590245057055,"group":{"id":"settings","version":"4"},"event":{"state":true,"data":{"component":"GeneralSettings","created":1590245057074},"id":"invoked"}}
{"recorder_version":"31","session":"cc631a59d193","build":"193.5662.53","bucket":"159","time":1590245057094,"group":{"id":"lifecycle","version":"31"},"event":{"count":1,"data":{"internal":true,"eap":false,"created":1590245057094},"id":"ide.start"}}
{"recorder_version":"31","session":"cc631a59d193","build":"193.5662.53","bucket":"159","time":1590245057201,"group":{"id":"settings","version":"4"},"event":{"state":true,"data":{"component":"XmlEditorOptions","created":1590245057202},"id":"invoked"}}
{"recorder_version":"31","session":"cc631a59d193","build":"193.5662.53","bucket":"159","time":1590245058044,"group":{"id":"settings","version":"4"},"event":{"state":true,"data":{"component":"VcsApplicationSettings","created":1590245058044},"id":"invoked"}}
{"recorder_version":"31","session":"cc631a59d193","build":"193.5662.53","bucket":"159","time":1590245058044,"group":{"id":"lifecycle","version":"31"},"event":{"count":1,"data":{"created":1590245058044},"id":"frame.activated"}}
{"recorder_version":"31","session":"cc631a59d193","build":"193.5662.53","bucket":"159","time":1590245058094,"group":{"id":"performance","version":"31"},"event":{"count":1,"data":{"duration_ms":482,"created":1590245058094},"id":"ui.latency"}}
{"recorder_version":"31","session":"cc631a59d193","build":"193.5662.53","bucket":"159","time":1590245058094,"group":{"id":"performance","version":"31"},"event":{"count":1,"data":{"duration_ms":482,"created":1590245058095},"id":"ui.lagging"}}
{"recorder_version":"31","session":"cc631a59d193","build":"193.5662.53","bucket":"159","time":1590245058340,"group":{"id":"ui.dialogs","version":"31"},"event":{"count":1,"data":{"created":1590245058341,"plugin_type":"PLATFORM","dialog_class":"com.intellij.openapi.progress.util.ProgressDialog$MyDialogWrapper"},"id":"show"}}
{"recorder_version":"31","session":"cc631a59d193","build":"193.5662.53","bucket":"159","time":1590245059851,"group":{"id":"lifecycle","version":"31"},"event":{"count":1,"data":{"created":1590245059851,"project":"d119a6d897fcb33934b9adf90ec59bc9e850f90f58367fa567dc99031a6fc921"},"id":"project.opened"}}
{"recorder_version":"31","session":"cc631a59d193","build":"193.5662.53","bucket":"159","time":1590245060289,"group":{"id":"performance","version":"31"},"event":{"count":1,"data":{"duration_ms":697,"created":1590245060289},"id":"ui.lagging"}}
{"recorder_version":"31","session":"cc631a59d193","build":"193.5662.53","bucket":"159","time":1590245060462,"group":{"id":"toolwindow","version":"31"},"event":{"count":1,"data":{"created":1590245060462,"plugin_type":"PLATFORM","id":"Event_Log"},"id":"activated"}}
{"recorder_version":"31","session":"cc631a59d193","build":"193.5662.53","bucket":"159","time":1590245061303,"group":{"id":"performance","version":"31"},"event":{"count":1,"data":{"duration_ms":709,"created":1590245061303},"id":"ui.lagging"}}
{"recorder_version":"31","session":"cc631a59d193","build":"193.5662.53","bucket":"159","time":1590245061963,"group":{"id":"performance","version":"31"},"event":{"count":1,"data":{"duration_ms":368,"created":1590245061963},"id":"ui.lagging"}}
{"recorder_version":"31","session":"cc631a59d193","build":"193.5662.53","bucket":"159","time":1590245062306,"group":{"id":"project.fs","version":"1"},"event":{"state":true,"data":{"os":"Mac","cs-project":false,"created":1590245062307,"project":"d119a6d897fcb33934b9adf90ec59bc9e850f90f58367fa567dc99031a6fc921","cs-implicit":true,"cs-system":false},"id":"case-sensitivity"}}
{"recorder_version":"31","session":"cc631a59d193","build":"193.5662.53","bucket":"159","time":1590245062306,"group":{"id":"project.fs","version":"1"},"event":{"state":true,"data":{"created":1590245062307},"id":"invoked"}}
{"recorder_version":"31","session":"cc631a59d193","build":"193.5662.53","bucket":"159","time":1590245062307,"group":{"id":"project.fs","version":"1"},"event":{"state":true,"data":{"pct-non-watched":0,"created":1590245062307,"project":"d119a6d897fcb33934b9adf90ec59bc9e850f90f58367fa567dc99031a6fc921"},"id":"roots-watched"}}
{"recorder_version":"31","session":"cc631a59d193","build":"193.5662.53","bucket":"159","time":1590245062307,"group":{"id":"project.fs","version":"1"},"event":{"state":true,"data":{"created":1590245062307},"id":"invoked"}}
{"recorder_version":"31","session":"cc631a59d193","build":"193.5662.53","bucket":"159","time":1590245062439,"group":{"id":"ui.dialogs","version":"31"},"event":{"count":1,"data":{"code":1,"created":1590245062439,"plugin_type":"PLATFORM","dialog_class":"com.intellij.openapi.progress.util.ProgressDialog$MyDialogWrapper"},"id":"close"}}
{"recorder_version":"31","session":"cc631a59d193","build":"193.5662.53","bucket":"159","time":1590245062562,"group":{"id":"indexing","version":"2"},"event":{"count":1,"data":{"ide_activity_id":1,"created":1590245062563,"project":"d119a6d897fcb33934b9adf90ec59bc9e850f90f58367fa567dc99031a6fc921"},"id":"started"}}
{"recorder_version":"31","session":"cc631a59d193","build":"193.5662.53","bucket":"159","time":1590245062624,"group":{"id":"indexing","version":"2"},"event":{"count":1,"data":{"ide_activity_id":1,"stage_class":"com.intellij.util.indexing.UnindexedFilesUpdater","created":1590245062624,"plugin_type":"PLATFORM"},"id":"stage"}}
{"recorder_version":"31","session":"cc631a59d193","build":"193.5662.53","bucket":"159","time":1590245062682,"group":{"id":"lifecycle","version":"31"},"event":{"count":1,"data":{"duration_ms":5467,"created":1590245062682,"project":"d119a6d897fcb33934b9adf90ec59bc9e850f90f58367fa567dc99031a6fc921"},"id":"project.opening.finished"}}
{"recorder_version":"31","session":"cc631a59d193","build":"193.5662.53","bucket":"159","time":1590245064998,"group":{"id":"indexing","version":"2"},"event":{"count":1,"data":{"duration_ms":2436,"ide_activity_id":1,"created":1590245064999},"id":"finished"}}
{"recorder_version":"31","session":"cc631a59d193","build":"193.5662.53","bucket":"159","time":1590245065095,"group":{"id":"indexing","version":"2"},"event":{"count":1,"data":{"ide_activity_id":2,"created":1590245065095,"project":"d119a6d897fcb33934b9adf90ec59bc9e850f90f58367fa567dc99031a6fc921"},"id":"started"}}
{"recorder_version":"31","session":"cc631a59d193","build":"193.5662.53","bucket":"159","time":1590245065119,"group":{"id":"indexing","version":"2"},"event":{"count":1,"data":{"ide_activity_id":2,"plugin":"org.jetbrains.android","stage_class":"com.android.tools.idea.res.ResourceFolderRepositoryFileCacheImpl$PruneTask","created":1590245065120,"plugin_type":"JB_BUNDLED"},"id":"stage"}}
{"recorder_version":"31","session":"cc631a59d193","build":"193.5662.53","bucket":"159","time":1590245065158,"group":{"id":"indexing","version":"2"},"event":{"count":1,"data":{"ide_activity_id":2,"plugin":"org.jetbrains.android","stage_class":"com.android.tools.idea.res.ResourceFolderRepositoryFileCacheImpl$ManageLruProjectFilesTask","created":1590245065158,"plugin_type":"JB_BUNDLED"},"id":"stage"}}
{"recorder_version":"31","session":"cc631a59d193","build":"193.5662.53","bucket":"159","time":1590245065189,"group":{"id":"indexing","version":"2"},"event":{"count":1,"data":{"duration_ms":94,"ide_activity_id":2,"created":1590245065190},"id":"finished"}}
{"recorder_version":"31","session":"cc631a59d193","build":"193.5662.53","bucket":"159","time":1590245065204,"group":{"id":"indexing","version":"2"},"event":{"count":1,"data":{"ide_activity_id":3,"created":1590245065204,"project":"d119a6d897fcb33934b9adf90ec59bc9e850f90f58367fa567dc99031a6fc921"},"id":"started"}}
{"recorder_version":"31","session":"cc631a59d193","build":"193.5662.53","bucket":"159","time":1590245065206,"group":{"id":"indexing","version":"2"},"event":{"count":1,"data":{"ide_activity_id":3,"plugin":"org.jetbrains.android","stage_class":"com.android.tools.idea.res.ResourceFolderRegistry$PopulateCachesTask","created":1590245065207,"plugin_type":"JB_BUNDLED"},"id":"stage"}}
{"recorder_version":"31","session":"cc631a59d193","build":"193.5662.53","bucket":"159","time":1590245065209,"group":{"id":"indexing","version":"2"},"event":{"count":1,"data":{"duration_ms":5,"ide_activity_id":3,"created":1590245065209},"id":"finished"}}
{"recorder_version":"31","session":"cc631a59d193","build":"193.5662.53","bucket":"159","time":1590245067416,"group":{"id":"startup","version":"1"},"event":{"count":1,"data":{"duration":1818,"created":1590245067416},"id":"appInit"}}
{"recorder_version":"31","session":"cc631a59d193","build":"193.5662.53","bucket":"159","time":1590245067416,"group":{"id":"startup","version":"1"},"event":{"count":1,"data":{"duration":390,"created":1590245067417},"id":"splash"}}
{"recorder_version":"31","session":"cc631a59d193","build":"193.5662.53","bucket":"159","time":1590245067416,"group":{"id":"startup","version":"1"},"event":{"count":1,"data":{"duration":355,"created":1590245067417},"id":"bootstrap"}}
{"recorder_version":"31","session":"cc631a59d193","build":"193.5662.53","bucket":"159","time":1590245067416,"group":{"id":"startup","version":"1"},"event":{"count":1,"data":{"duration":8376,"created":1590245067417},"id":"totalDuration"}}
{"recorder_version":"31","session":"cc631a59d193","build":"193.5662.53","bucket":"159","time":1590245073066,"group":{"id":"actions","version":"31"},"event":{"count":1,"data":{"context_menu":true,"action_id":"third.party","created":1590245073066,"plugin_type":"NOT_LISTED","project":"d119a6d897fcb33934b9adf90ec59bc9e850f90f58367fa567dc99031a6fc921","place":"MainMenu","class":"third.party","input_event":"NoMouseButton"},"id":"action.invoked"}}
{"recorder_version":"31","session":"cc631a59d193","build":"193.5662.53","bucket":"159","time":1590245074794,"group":{"id":"ui.dialogs","version":"31"},"event":{"count":1,"data":{"created":1590245074795,"plugin_type":"NOT_LISTED","dialog_class":"third.party"},"id":"show"}}
{"recorder_version":"31","session":"cc631a59d193","build":"193.5662.53","bucket":"159","time":1590245083248,"group":{"id":"ui.dialogs","version":"31"},"event":{"count":1,"data":{"code":1,"created":1590245083249,"plugin_type":"NOT_LISTED","dialog_class":"third.party"},"id":"close"}}
{"recorder_version":"31","session":"cc631a59d193","build":"193.5662.53","bucket":"159","time":1590245088360,"group":{"id":"ui.dialogs","version":"31"},"event":{"count":1,"data":{"created":1590245088361,"plugin_type":"NOT_LISTED","dialog_class":"third.party"},"id":"show"}}
{"recorder_version":"31","session":"cc631a59d193","build":"193.5662.53","bucket":"159","time":1590245089275,"group":{"id":"ui.dialogs","version":"31"},"event":{"count":1,"data":{"code":1,"created":1590245089275,"plugin_type":"NOT_LISTED","dialog_class":"third.party"},"id":"close"}}
{"recorder_version":"31","session":"cc631a59d193","build":"193.5662.53","bucket":"159","time":1590245090732,"group":{"id":"ui.dialogs","version":"31"},"event":{"count":1,"data":{"created":1590245090732,"plugin_type":"NOT_LISTED","dialog_class":"third.party"},"id":"show"}}
{"recorder_version":"31","session":"cc631a59d193","build":"193.5662.53","bucket":"159","time":1590245091273,"group":{"id":"ui.dialogs","version":"31"},"event":{"count":1,"data":{"code":1,"created":1590245091273,"plugin_type":"NOT_LISTED","dialog_class":"third.party"},"id":"close"}}
{"recorder_version":"31","session":"cc631a59d193","build":"193.5662.53","bucket":"159","time":1590245091937,"group":{"id":"ui.dialogs","version":"31"},"event":{"count":1,"data":{"created":1590245091938,"plugin_type":"NOT_LISTED","dialog_class":"third.party"},"id":"show"}}
{"recorder_version":"31","session":"cc631a59d193","build":"193.5662.53","bucket":"159","time":1590245093276,"group":{"id":"ui.dialogs","version":"31"},"event":{"count":1,"data":{"code":1,"created":1590245093276,"plugin_type":"NOT_LISTED","dialog_class":"third.party"},"id":"close"}}
{"recorder_version":"31","session":"cc631a59d193","build":"193.5662.53","bucket":"159","time":1590245097483,"group":{"id":"ui.dialogs","version":"31"},"event":{"count":1,"data":{"created":1590245097483,"plugin_type":"NOT_LISTED","dialog_class":"third.party"},"id":"show"}}
{"recorder_version":"31","session":"cc631a59d193","build":"193.5662.53","bucket":"159","time":1590245099284,"group":{"id":"ui.dialogs","version":"31"},"event":{"count":1,"data":{"code":1,"created":1590245099284,"plugin_type":"NOT_LISTED","dialog_class":"third.party"},"id":"close"}}
{"recorder_version":"31","session":"cc631a59d193","build":"193.5662.53","bucket":"159","time":1590245101870,"group":{"id":"ui.dialogs","version":"31"},"event":{"count":1,"data":{"created":1590245101870,"plugin_type":"NOT_LISTED","dialog_class":"third.party"},"id":"show"}}
{"recorder_version":"31","session":"cc631a59d193","build":"193.5662.53","bucket":"159","time":1590245103290,"group":{"id":"ui.dialogs","version":"31"},"event":{"count":1,"data":{"code":1,"created":1590245103290,"plugin_type":"NOT_LISTED","dialog_class":"third.party"},"id":"close"}}
