{"recorder_version":"31","session":"97ae9351d58a","build":"193.5662.53","bucket":"159","time":1590180984225,"group":{"id":"settings","version":"4"},"event":{"state":true,"data":{"component":"UISettings","created":1590180984528},"id":"invoked"}}
{"recorder_version":"31","session":"97ae9351d58a","build":"193.5662.53","bucket":"159","time":1590180984225,"group":{"id":"settings","version":"4"},"event":{"state":true,"data":{"component":"NotRoamableUiSettings","created":1590180984544},"id":"invoked"}}
{"recorder_version":"31","session":"97ae9351d58a","build":"193.5662.53","bucket":"159","time":1590180984227,"group":{"id":"system.java","version":"1"},"event":{"state":true,"data":{"created":1590180984559,"version":"validation.undefined_rule"},"id":"validation.undefined_rule"}}
{"recorder_version":"31","session":"97ae9351d58a","build":"193.5662.53","bucket":"159","time":1590180984227,"group":{"id":"system.java","version":"1"},"event":{"state":true,"data":{"created":1590180984559},"id":"invoked"}}
{"recorder_version":"31","session":"97ae9351d58a","build":"193.5662.53","bucket":"159","time":1590180984251,"group":{"id":"system.os","version":"3"},"event":{"state":true,"data":{"created":1590180984560,"version":"10.15"},"id":"Mac"}}
{"recorder_version":"31","session":"97ae9351d58a","build":"193.5662.53","bucket":"159","time":1590180984251,"group":{"id":"system.os","version":"3"},"event":{"state":true,"data":{"created":1590180984560,"name":"Mac","version":"10.15"},"id":"os.name"}}
{"recorder_version":"31","session":"97ae9351d58a","build":"193.5662.53","bucket":"159","time":1590180984251,"group":{"id":"system.os","version":"3"},"event":{"state":true,"data":{"created":1590180984560,"value":"+02_00"},"id":"os.timezone"}}
{"recorder_version":"31","session":"97ae9351d58a","build":"193.5662.53","bucket":"159","time":1590180984251,"group":{"id":"system.os","version":"3"},"event":{"state":true,"data":{"created":1590180984561},"id":"invoked"}}
{"recorder_version":"31","session":"97ae9351d58a","build":"193.5662.53","bucket":"159","time":1590180984349,"group":{"id":"settings","version":"4"},"event":{"state":true,"data":{"component":"UpdatesConfigurable","created":1590180984561,"name":"checkNeeded","type":"bool","value":false},"id":"not.default"}}
{"recorder_version":"31","session":"97ae9351d58a","build":"193.5662.53","bucket":"159","time":1590180984349,"group":{"id":"settings","version":"4"},"event":{"state":true,"data":{"component":"UpdatesConfigurable","created":1590180984561},"id":"invoked"}}
{"recorder_version":"31","session":"97ae9351d58a","build":"193.5662.53","bucket":"159","time":1590180984478,"group":{"id":"event.log","version":"31"},"event":{"count":1,"data":{"created":1590180984562,"version":"1268.0"},"id":"whitelist.loaded"}}
{"recorder_version":"31","session":"97ae9351d58a","build":"193.5662.53","bucket":"159","time":1590180984542,"group":{"id":"settings","version":"4"},"event":{"state":true,"data":{"component":"GeneralSettings","created":1590180984562,"name":"showTipsOnStartup","type":"bool","value":false},"id":"not.default"}}
{"recorder_version":"31","session":"97ae9351d58a","build":"193.5662.53","bucket":"159","time":1590180984542,"group":{"id":"settings","version":"4"},"event":{"state":true,"data":{"component":"GeneralSettings","created":1590180984563},"id":"invoked"}}
{"recorder_version":"31","session":"97ae9351d58a","build":"193.5662.53","bucket":"159","time":1590180984632,"group":{"id":"lifecycle","version":"31"},"event":{"count":1,"data":{"internal":true,"eap":false,"created":1590180984632},"id":"ide.start"}}
{"recorder_version":"31","session":"97ae9351d58a","build":"193.5662.53","bucket":"159","time":1590180984659,"group":{"id":"settings","version":"4"},"event":{"state":true,"data":{"component":"XmlEditorOptions","created":1590180984659},"id":"invoked"}}
{"recorder_version":"31","session":"97ae9351d58a","build":"193.5662.53","bucket":"159","time":1590180985393,"group":{"id":"settings","version":"4"},"event":{"state":true,"data":{"component":"VcsApplicationSettings","created":1590180985393},"id":"invoked"}}
{"recorder_version":"31","session":"97ae9351d58a","build":"193.5662.53","bucket":"159","time":1590180985393,"group":{"id":"lifecycle","version":"31"},"event":{"count":1,"data":{"created":1590180985393},"id":"frame.activated"}}
{"recorder_version":"31","session":"97ae9351d58a","build":"193.5662.53","bucket":"159","time":1590180985425,"group":{"id":"performance","version":"31"},"event":{"count":1,"data":{"duration_ms":335,"created":1590180985426},"id":"ui.latency"}}
{"recorder_version":"31","session":"97ae9351d58a","build":"193.5662.53","bucket":"159","time":1590180985425,"group":{"id":"performance","version":"31"},"event":{"count":1,"data":{"duration_ms":335,"created":1590180985426},"id":"ui.lagging"}}
{"recorder_version":"31","session":"97ae9351d58a","build":"193.5662.53","bucket":"159","time":1590180985694,"group":{"id":"ui.dialogs","version":"31"},"event":{"count":1,"data":{"created":1590180985694,"plugin_type":"PLATFORM","dialog_class":"com.intellij.openapi.progress.util.ProgressDialog$MyDialogWrapper"},"id":"show"}}
{"recorder_version":"31","session":"97ae9351d58a","build":"193.5662.53","bucket":"159","time":1590180987232,"group":{"id":"lifecycle","version":"31"},"event":{"count":1,"data":{"created":1590180987232,"project":"d119a6d897fcb33934b9adf90ec59bc9e850f90f58367fa567dc99031a6fc921"},"id":"project.opened"}}
{"recorder_version":"31","session":"97ae9351d58a","build":"193.5662.53","bucket":"159","time":1590180987694,"group":{"id":"performance","version":"31"},"event":{"count":1,"data":{"duration_ms":607,"created":1590180987694},"id":"ui.lagging"}}
{"recorder_version":"31","session":"97ae9351d58a","build":"193.5662.53","bucket":"159","time":1590180987860,"group":{"id":"toolwindow","version":"31"},"event":{"count":1,"data":{"created":1590180987860,"plugin_type":"PLATFORM","id":"Event_Log"},"id":"activated"}}
{"recorder_version":"31","session":"97ae9351d58a","build":"193.5662.53","bucket":"159","time":1590180988674,"group":{"id":"performance","version":"31"},"event":{"count":1,"data":{"duration_ms":585,"created":1590180988674},"id":"ui.lagging"}}
{"recorder_version":"31","session":"97ae9351d58a","build":"193.5662.53","bucket":"159","time":1590180989247,"group":{"id":"performance","version":"31"},"event":{"count":1,"data":{"duration_ms":155,"created":1590180989247},"id":"ui.lagging"}}
{"recorder_version":"31","session":"97ae9351d58a","build":"193.5662.53","bucket":"159","time":1590180989824,"group":{"id":"indexing","version":"2"},"event":{"count":1,"data":{"ide_activity_id":1,"created":1590180989824,"project":"d119a6d897fcb33934b9adf90ec59bc9e850f90f58367fa567dc99031a6fc921"},"id":"started"}}
{"recorder_version":"31","session":"97ae9351d58a","build":"193.5662.53","bucket":"159","time":1590180989833,"group":{"id":"project.fs","version":"1"},"event":{"state":true,"data":{"os":"Mac","cs-project":false,"created":1590180989834,"project":"d119a6d897fcb33934b9adf90ec59bc9e850f90f58367fa567dc99031a6fc921","cs-implicit":true,"cs-system":false},"id":"case-sensitivity"}}
{"recorder_version":"31","session":"97ae9351d58a","build":"193.5662.53","bucket":"159","time":1590180989833,"group":{"id":"project.fs","version":"1"},"event":{"state":true,"data":{"created":1590180989834},"id":"invoked"}}
{"recorder_version":"31","session":"97ae9351d58a","build":"193.5662.53","bucket":"159","time":1590180989835,"group":{"id":"project.fs","version":"1"},"event":{"state":true,"data":{"pct-non-watched":0,"created":1590180989835,"project":"d119a6d897fcb33934b9adf90ec59bc9e850f90f58367fa567dc99031a6fc921"},"id":"roots-watched"}}
{"recorder_version":"31","session":"97ae9351d58a","build":"193.5662.53","bucket":"159","time":1590180989835,"group":{"id":"project.fs","version":"1"},"event":{"state":true,"data":{"created":1590180989835},"id":"invoked"}}
{"recorder_version":"31","session":"97ae9351d58a","build":"193.5662.53","bucket":"159","time":1590180989939,"group":{"id":"indexing","version":"2"},"event":{"count":1,"data":{"ide_activity_id":1,"stage_class":"com.intellij.util.indexing.UnindexedFilesUpdater","created":1590180989939,"plugin_type":"PLATFORM"},"id":"stage"}}
{"recorder_version":"31","session":"97ae9351d58a","build":"193.5662.53","bucket":"159","time":1590180989939,"group":{"id":"ui.dialogs","version":"31"},"event":{"count":1,"data":{"code":1,"created":1590180989940,"plugin_type":"PLATFORM","dialog_class":"com.intellij.openapi.progress.util.ProgressDialog$MyDialogWrapper"},"id":"close"}}
{"recorder_version":"31","session":"97ae9351d58a","build":"193.5662.53","bucket":"159","time":1590180990209,"group":{"id":"performance","version":"31"},"event":{"count":1,"data":{"duration_ms":117,"created":1590180990209},"id":"ui.lagging"}}
{"recorder_version":"31","session":"97ae9351d58a","build":"193.5662.53","bucket":"159","time":1590180990362,"group":{"id":"lifecycle","version":"31"},"event":{"count":1,"data":{"duration_ms":5684,"created":1590180990362,"project":"d119a6d897fcb33934b9adf90ec59bc9e850f90f58367fa567dc99031a6fc921"},"id":"project.opening.finished"}}
{"recorder_version":"31","session":"97ae9351d58a","build":"193.5662.53","bucket":"159","time":1590180992851,"group":{"id":"indexing","version":"2"},"event":{"count":1,"data":{"duration_ms":3027,"ide_activity_id":1,"created":1590180992852},"id":"finished"}}
{"recorder_version":"31","session":"97ae9351d58a","build":"193.5662.53","bucket":"159","time":1590180992983,"group":{"id":"indexing","version":"2"},"event":{"count":1,"data":{"ide_activity_id":2,"created":1590180992984,"project":"d119a6d897fcb33934b9adf90ec59bc9e850f90f58367fa567dc99031a6fc921"},"id":"started"}}
{"recorder_version":"31","session":"97ae9351d58a","build":"193.5662.53","bucket":"159","time":1590180993023,"group":{"id":"indexing","version":"2"},"event":{"count":1,"data":{"ide_activity_id":2,"plugin":"org.jetbrains.android","stage_class":"com.android.tools.idea.res.ResourceFolderRepositoryFileCacheImpl$PruneTask","created":1590180993023,"plugin_type":"JB_BUNDLED"},"id":"stage"}}
{"recorder_version":"31","session":"97ae9351d58a","build":"193.5662.53","bucket":"159","time":1590180993069,"group":{"id":"indexing","version":"2"},"event":{"count":1,"data":{"ide_activity_id":2,"plugin":"org.jetbrains.android","stage_class":"com.android.tools.idea.res.ResourceFolderRepositoryFileCacheImpl$ManageLruProjectFilesTask","created":1590180993070,"plugin_type":"JB_BUNDLED"},"id":"stage"}}
{"recorder_version":"31","session":"97ae9351d58a","build":"193.5662.53","bucket":"159","time":1590180993103,"group":{"id":"indexing","version":"2"},"event":{"count":1,"data":{"duration_ms":120,"ide_activity_id":2,"created":1590180993104},"id":"finished"}}
{"recorder_version":"31","session":"97ae9351d58a","build":"193.5662.53","bucket":"159","time":1590180993121,"group":{"id":"indexing","version":"2"},"event":{"count":1,"data":{"ide_activity_id":3,"created":1590180993122,"project":"d119a6d897fcb33934b9adf90ec59bc9e850f90f58367fa567dc99031a6fc921"},"id":"started"}}
{"recorder_version":"31","session":"97ae9351d58a","build":"193.5662.53","bucket":"159","time":1590180993136,"group":{"id":"indexing","version":"2"},"event":{"count":1,"data":{"ide_activity_id":3,"plugin":"org.jetbrains.android","stage_class":"com.android.tools.idea.res.ResourceFolderRegistry$PopulateCachesTask","created":1590180993137,"plugin_type":"JB_BUNDLED"},"id":"stage"}}
{"recorder_version":"31","session":"97ae9351d58a","build":"193.5662.53","bucket":"159","time":1590180993180,"group":{"id":"indexing","version":"2"},"event":{"count":1,"data":{"duration_ms":59,"ide_activity_id":3,"created":1590180993180},"id":"finished"}}
{"recorder_version":"31","session":"97ae9351d58a","build":"193.5662.53","bucket":"159","time":1590180994741,"group":{"id":"actions","version":"31"},"event":{"count":1,"data":{"context_menu":true,"action_id":"third.party","created":1590180994741,"plugin_type":"NOT_LISTED","project":"d119a6d897fcb33934b9adf90ec59bc9e850f90f58367fa567dc99031a6fc921","place":"MainMenu","class":"third.party","input_event":"NoMouseButton"},"id":"action.invoked"}}
{"recorder_version":"31","session":"97ae9351d58a","build":"193.5662.53","bucket":"159","time":1590180994962,"group":{"id":"startup","version":"1"},"event":{"count":1,"data":{"duration":1482,"created":1590180994963},"id":"appInit"}}
{"recorder_version":"31","session":"97ae9351d58a","build":"193.5662.53","bucket":"159","time":1590180994962,"group":{"id":"startup","version":"1"},"event":{"count":1,"data":{"duration":327,"created":1590180994963},"id":"splash"}}
{"recorder_version":"31","session":"97ae9351d58a","build":"193.5662.53","bucket":"159","time":1590180994962,"group":{"id":"startup","version":"1"},"event":{"count":1,"data":{"duration":331,"created":1590180994963},"id":"bootstrap"}}
{"recorder_version":"31","session":"97ae9351d58a","build":"193.5662.53","bucket":"159","time":1590180994962,"group":{"id":"startup","version":"1"},"event":{"count":1,"data":{"duration":8507,"created":1590180994963},"id":"totalDuration"}}
{"recorder_version":"31","session":"97ae9351d58a","build":"193.5662.53","bucket":"159","time":1590180995317,"group":{"id":"performance","version":"31"},"event":{"count":1,"data":{"duration_ms":222,"created":1590180995318},"id":"ui.lagging"}}
{"recorder_version":"31","session":"97ae9351d58a","build":"193.5662.53","bucket":"159","time":1590180995947,"group":{"id":"ui.dialogs","version":"31"},"event":{"count":1,"data":{"created":1590180995948,"plugin_type":"NOT_LISTED","dialog_class":"third.party"},"id":"show"}}
{"recorder_version":"31","session":"97ae9351d58a","build":"193.5662.53","bucket":"159","time":1590181003463,"group":{"id":"ui.dialogs","version":"31"},"event":{"count":1,"data":{"code":1,"created":1590181003464,"plugin_type":"NOT_LISTED","dialog_class":"third.party"},"id":"close"}}
{"recorder_version":"31","session":"97ae9351d58a","build":"193.5662.53","bucket":"159","time":1590181004720,"group":{"id":"lifecycle","version":"31"},"event":{"count":1,"data":{"created":1590181004720,"project":"d119a6d897fcb33934b9adf90ec59bc9e850f90f58367fa567dc99031a6fc921"},"id":"frame.deactivated"}}
