{"recorder_version":"31","session":"96956dea8052","build":"193.5662.53","bucket":"159","time":1590244726880,"group":{"id":"settings","version":"4"},"event":{"state":true,"data":{"component":"UISettings","created":1590244727378},"id":"invoked"}}
{"recorder_version":"31","session":"96956dea8052","build":"193.5662.53","bucket":"159","time":1590244726880,"group":{"id":"settings","version":"4"},"event":{"state":true,"data":{"component":"NotRoamableUiSettings","created":1590244727380},"id":"invoked"}}
{"recorder_version":"31","session":"96956dea8052","build":"193.5662.53","bucket":"159","time":1590244726925,"group":{"id":"system.java","version":"1"},"event":{"state":true,"data":{"created":1590244727393,"version":"validation.undefined_rule"},"id":"validation.undefined_rule"}}
{"recorder_version":"31","session":"96956dea8052","build":"193.5662.53","bucket":"159","time":1590244726925,"group":{"id":"system.java","version":"1"},"event":{"state":true,"data":{"created":1590244727394},"id":"invoked"}}
{"recorder_version":"31","session":"96956dea8052","build":"193.5662.53","bucket":"159","time":1590244726988,"group":{"id":"system.os","version":"3"},"event":{"state":true,"data":{"created":1590244727395,"version":"10.15"},"id":"Mac"}}
{"recorder_version":"31","session":"96956dea8052","build":"193.5662.53","bucket":"159","time":1590244726988,"group":{"id":"system.os","version":"3"},"event":{"state":true,"data":{"created":1590244727395,"name":"Mac","version":"10.15"},"id":"os.name"}}
{"recorder_version":"31","session":"96956dea8052","build":"193.5662.53","bucket":"159","time":1590244726988,"group":{"id":"system.os","version":"3"},"event":{"state":true,"data":{"created":1590244727396,"value":"+02_00"},"id":"os.timezone"}}
{"recorder_version":"31","session":"96956dea8052","build":"193.5662.53","bucket":"159","time":1590244726988,"group":{"id":"system.os","version":"3"},"event":{"state":true,"data":{"created":1590244727397},"id":"invoked"}}
{"recorder_version":"31","session":"96956dea8052","build":"193.5662.53","bucket":"159","time":1590244727198,"group":{"id":"settings","version":"4"},"event":{"state":true,"data":{"component":"UpdatesConfigurable","created":1590244727397,"name":"checkNeeded","type":"bool","value":false},"id":"not.default"}}
{"recorder_version":"31","session":"96956dea8052","build":"193.5662.53","bucket":"159","time":1590244727198,"group":{"id":"settings","version":"4"},"event":{"state":true,"data":{"component":"UpdatesConfigurable","created":1590244727398},"id":"invoked"}}
{"recorder_version":"31","session":"96956dea8052","build":"193.5662.53","bucket":"159","time":1590244727332,"group":{"id":"event.log","version":"31"},"event":{"count":1,"data":{"created":1590244727398,"version":"1268.0"},"id":"whitelist.loaded"}}
{"recorder_version":"31","session":"96956dea8052","build":"193.5662.53","bucket":"159","time":1590244727451,"group":{"id":"settings","version":"4"},"event":{"state":true,"data":{"component":"GeneralSettings","created":1590244727460,"name":"showTipsOnStartup","type":"bool","value":false},"id":"not.default"}}
{"recorder_version":"31","session":"96956dea8052","build":"193.5662.53","bucket":"159","time":1590244727451,"group":{"id":"settings","version":"4"},"event":{"state":true,"data":{"component":"GeneralSettings","created":1590244727462},"id":"invoked"}}
{"recorder_version":"31","session":"96956dea8052","build":"193.5662.53","bucket":"159","time":1590244727496,"group":{"id":"lifecycle","version":"31"},"event":{"count":1,"data":{"internal":true,"eap":false,"created":1590244727497},"id":"ide.start"}}
{"recorder_version":"31","session":"96956dea8052","build":"193.5662.53","bucket":"159","time":1590244727584,"group":{"id":"settings","version":"4"},"event":{"state":true,"data":{"component":"XmlEditorOptions","created":1590244727584},"id":"invoked"}}
{"recorder_version":"31","session":"96956dea8052","build":"193.5662.53","bucket":"159","time":1590244728468,"group":{"id":"lifecycle","version":"31"},"event":{"count":1,"data":{"created":1590244728468},"id":"frame.activated"}}
{"recorder_version":"31","session":"96956dea8052","build":"193.5662.53","bucket":"159","time":1590244728468,"group":{"id":"settings","version":"4"},"event":{"state":true,"data":{"component":"VcsApplicationSettings","created":1590244728468},"id":"invoked"}}
{"recorder_version":"31","session":"96956dea8052","build":"193.5662.53","bucket":"159","time":1590244728511,"group":{"id":"performance","version":"31"},"event":{"count":1,"data":{"duration_ms":817,"created":1590244728511},"id":"ui.latency"}}
{"recorder_version":"31","session":"96956dea8052","build":"193.5662.53","bucket":"159","time":1590244728511,"group":{"id":"performance","version":"31"},"event":{"count":1,"data":{"duration_ms":817,"created":1590244728512},"id":"ui.lagging"}}
{"recorder_version":"31","session":"96956dea8052","build":"193.5662.53","bucket":"159","time":1590244728638,"group":{"id":"ui.dialogs","version":"31"},"event":{"count":1,"data":{"created":1590244728639,"plugin_type":"PLATFORM","dialog_class":"com.intellij.openapi.progress.util.ProgressDialog$MyDialogWrapper"},"id":"show"}}
{"recorder_version":"31","session":"96956dea8052","build":"193.5662.53","bucket":"159","time":1590244728809,"group":{"id":"performance","version":"31"},"event":{"count":1,"data":{"duration_ms":120,"created":1590244728809},"id":"ui.lagging"}}
{"recorder_version":"31","session":"96956dea8052","build":"193.5662.53","bucket":"159","time":1590244730537,"group":{"id":"lifecycle","version":"31"},"event":{"count":1,"data":{"created":1590244730537,"project":"d119a6d897fcb33934b9adf90ec59bc9e850f90f58367fa567dc99031a6fc921"},"id":"project.opened"}}
{"recorder_version":"31","session":"96956dea8052","build":"193.5662.53","bucket":"159","time":1590244731185,"group":{"id":"performance","version":"31"},"event":{"count":1,"data":{"duration_ms":496,"created":1590244731186},"id":"ui.lagging"}}
{"recorder_version":"31","session":"96956dea8052","build":"193.5662.53","bucket":"159","time":1590244731206,"group":{"id":"toolwindow","version":"31"},"event":{"count":1,"data":{"created":1590244731206,"plugin_type":"PLATFORM","id":"Event_Log"},"id":"activated"}}
{"recorder_version":"31","session":"96956dea8052","build":"193.5662.53","bucket":"159","time":1590244732040,"group":{"id":"performance","version":"31"},"event":{"count":1,"data":{"duration_ms":350,"created":1590244732040},"id":"ui.lagging"}}
{"recorder_version":"31","session":"96956dea8052","build":"193.5662.53","bucket":"159","time":1590244733324,"group":{"id":"indexing","version":"2"},"event":{"count":1,"data":{"ide_activity_id":1,"created":1590244733324,"project":"d119a6d897fcb33934b9adf90ec59bc9e850f90f58367fa567dc99031a6fc921"},"id":"started"}}
{"recorder_version":"31","session":"96956dea8052","build":"193.5662.53","bucket":"159","time":1590244733330,"group":{"id":"project.fs","version":"1"},"event":{"state":true,"data":{"os":"Mac","cs-project":false,"created":1590244733330,"project":"d119a6d897fcb33934b9adf90ec59bc9e850f90f58367fa567dc99031a6fc921","cs-implicit":true,"cs-system":false},"id":"case-sensitivity"}}
{"recorder_version":"31","session":"96956dea8052","build":"193.5662.53","bucket":"159","time":1590244733330,"group":{"id":"project.fs","version":"1"},"event":{"state":true,"data":{"created":1590244733330},"id":"invoked"}}
{"recorder_version":"31","session":"96956dea8052","build":"193.5662.53","bucket":"159","time":1590244733331,"group":{"id":"project.fs","version":"1"},"event":{"state":true,"data":{"pct-non-watched":0,"created":1590244733331,"project":"d119a6d897fcb33934b9adf90ec59bc9e850f90f58367fa567dc99031a6fc921"},"id":"roots-watched"}}
{"recorder_version":"31","session":"96956dea8052","build":"193.5662.53","bucket":"159","time":1590244733331,"group":{"id":"project.fs","version":"1"},"event":{"state":true,"data":{"created":1590244733331},"id":"invoked"}}
{"recorder_version":"31","session":"96956dea8052","build":"193.5662.53","bucket":"159","time":1590244733422,"group":{"id":"indexing","version":"2"},"event":{"count":1,"data":{"ide_activity_id":1,"stage_class":"com.intellij.util.indexing.UnindexedFilesUpdater","created":1590244733422,"plugin_type":"PLATFORM"},"id":"stage"}}
{"recorder_version":"31","session":"96956dea8052","build":"193.5662.53","bucket":"159","time":1590244733472,"group":{"id":"ui.dialogs","version":"31"},"event":{"count":1,"data":{"code":1,"created":1590244733472,"plugin_type":"PLATFORM","dialog_class":"com.intellij.openapi.progress.util.ProgressDialog$MyDialogWrapper"},"id":"close"}}
{"recorder_version":"31","session":"96956dea8052","build":"193.5662.53","bucket":"159","time":1590244733623,"group":{"id":"lifecycle","version":"31"},"event":{"count":1,"data":{"duration_ms":6031,"created":1590244733624,"project":"d119a6d897fcb33934b9adf90ec59bc9e850f90f58367fa567dc99031a6fc921"},"id":"project.opening.finished"}}
{"recorder_version":"31","session":"96956dea8052","build":"193.5662.53","bucket":"159","time":1590244735897,"group":{"id":"indexing","version":"2"},"event":{"count":1,"data":{"duration_ms":2573,"ide_activity_id":1,"created":1590244735900},"id":"finished"}}
{"recorder_version":"31","session":"96956dea8052","build":"193.5662.53","bucket":"159","time":1590244736002,"group":{"id":"indexing","version":"2"},"event":{"count":1,"data":{"ide_activity_id":2,"created":1590244736005,"project":"d119a6d897fcb33934b9adf90ec59bc9e850f90f58367fa567dc99031a6fc921"},"id":"started"}}
{"recorder_version":"31","session":"96956dea8052","build":"193.5662.53","bucket":"159","time":1590244736017,"group":{"id":"indexing","version":"2"},"event":{"count":1,"data":{"ide_activity_id":2,"plugin":"org.jetbrains.android","stage_class":"com.android.tools.idea.res.ResourceFolderRepositoryFileCacheImpl$PruneTask","created":1590244736020,"plugin_type":"JB_BUNDLED"},"id":"stage"}}
{"recorder_version":"31","session":"96956dea8052","build":"193.5662.53","bucket":"159","time":1590244736067,"group":{"id":"indexing","version":"2"},"event":{"count":1,"data":{"ide_activity_id":2,"plugin":"org.jetbrains.android","stage_class":"com.android.tools.idea.res.ResourceFolderRepositoryFileCacheImpl$ManageLruProjectFilesTask","created":1590244736067,"plugin_type":"JB_BUNDLED"},"id":"stage"}}
{"recorder_version":"31","session":"96956dea8052","build":"193.5662.53","bucket":"159","time":1590244736099,"group":{"id":"indexing","version":"2"},"event":{"count":1,"data":{"duration_ms":97,"ide_activity_id":2,"created":1590244736100},"id":"finished"}}
{"recorder_version":"31","session":"96956dea8052","build":"193.5662.53","bucket":"159","time":1590244736127,"group":{"id":"indexing","version":"2"},"event":{"count":1,"data":{"ide_activity_id":3,"created":1590244736128,"project":"d119a6d897fcb33934b9adf90ec59bc9e850f90f58367fa567dc99031a6fc921"},"id":"started"}}
{"recorder_version":"31","session":"96956dea8052","build":"193.5662.53","bucket":"159","time":1590244736137,"group":{"id":"indexing","version":"2"},"event":{"count":1,"data":{"ide_activity_id":3,"plugin":"org.jetbrains.android","stage_class":"com.android.tools.idea.res.ResourceFolderRegistry$PopulateCachesTask","created":1590244736138,"plugin_type":"JB_BUNDLED"},"id":"stage"}}
{"recorder_version":"31","session":"96956dea8052","build":"193.5662.53","bucket":"159","time":1590244736179,"group":{"id":"indexing","version":"2"},"event":{"count":1,"data":{"duration_ms":52,"ide_activity_id":3,"created":1590244736179},"id":"finished"}}
{"recorder_version":"31","session":"96956dea8052","build":"193.5662.53","bucket":"159","time":1590244737912,"group":{"id":"actions","version":"31"},"event":{"count":1,"data":{"context_menu":true,"action_id":"third.party","created":1590244737912,"plugin_type":"NOT_LISTED","project":"d119a6d897fcb33934b9adf90ec59bc9e850f90f58367fa567dc99031a6fc921","place":"MainMenu","class":"third.party","input_event":"NoMouseButton"},"id":"action.invoked"}}
{"recorder_version":"31","session":"96956dea8052","build":"193.5662.53","bucket":"159","time":1590244738430,"group":{"id":"startup","version":"1"},"event":{"count":1,"data":{"duration":2282,"created":1590244738431},"id":"appInit"}}
{"recorder_version":"31","session":"96956dea8052","build":"193.5662.53","bucket":"159","time":1590244738430,"group":{"id":"startup","version":"1"},"event":{"count":1,"data":{"duration":424,"created":1590244738431},"id":"splash"}}
{"recorder_version":"31","session":"96956dea8052","build":"193.5662.53","bucket":"159","time":1590244738430,"group":{"id":"startup","version":"1"},"event":{"count":1,"data":{"duration":442,"created":1590244738431},"id":"bootstrap"}}
{"recorder_version":"31","session":"96956dea8052","build":"193.5662.53","bucket":"159","time":1590244738430,"group":{"id":"startup","version":"1"},"event":{"count":1,"data":{"duration":9739,"created":1590244738431},"id":"totalDuration"}}
{"recorder_version":"31","session":"96956dea8052","build":"193.5662.53","bucket":"159","time":1590244739087,"group":{"id":"ui.dialogs","version":"31"},"event":{"count":1,"data":{"created":1590244739087,"plugin_type":"NOT_LISTED","dialog_class":"third.party"},"id":"show"}}
{"recorder_version":"31","session":"96956dea8052","build":"193.5662.53","bucket":"159","time":1590244742777,"group":{"id":"ui.dialogs","version":"31"},"event":{"count":1,"data":{"code":1,"created":1590244742778,"plugin_type":"NOT_LISTED","dialog_class":"third.party"},"id":"close"}}
