{"recorder_version":"31","session":"7cd1a1fee1f0","build":"193.5662.53","bucket":"159","time":1589727162122,"group":{"id":"settings","version":"4"},"event":{"state":true,"data":{"component":"UISettings","created":1589727162326},"id":"invoked"}}
{"recorder_version":"31","session":"7cd1a1fee1f0","build":"193.5662.53","bucket":"159","time":1589727162122,"group":{"id":"settings","version":"4"},"event":{"state":true,"data":{"component":"NotRoamableUiSettings","created":1589727162327},"id":"invoked"}}
{"recorder_version":"31","session":"7cd1a1fee1f0","build":"193.5662.53","bucket":"159","time":1589727162127,"group":{"id":"system.java","version":"1"},"event":{"state":true,"data":{"created":1589727162332,"version":"validation.undefined_rule"},"id":"validation.undefined_rule"}}
{"recorder_version":"31","session":"7cd1a1fee1f0","build":"193.5662.53","bucket":"159","time":1589727162127,"group":{"id":"system.java","version":"1"},"event":{"state":true,"data":{"created":1589727162333},"id":"invoked"}}
{"recorder_version":"31","session":"7cd1a1fee1f0","build":"193.5662.53","bucket":"159","time":1589727162149,"group":{"id":"system.os","version":"3"},"event":{"state":true,"data":{"created":1589727162333,"version":"10.15"},"id":"Mac"}}
{"recorder_version":"31","session":"7cd1a1fee1f0","build":"193.5662.53","bucket":"159","time":1589727162149,"group":{"id":"system.os","version":"3"},"event":{"state":true,"data":{"created":1589727162333,"name":"Mac","version":"10.15"},"id":"os.name"}}
{"recorder_version":"31","session":"7cd1a1fee1f0","build":"193.5662.53","bucket":"159","time":1589727162149,"group":{"id":"system.os","version":"3"},"event":{"state":true,"data":{"created":1589727162334,"value":"+02_00"},"id":"os.timezone"}}
{"recorder_version":"31","session":"7cd1a1fee1f0","build":"193.5662.53","bucket":"159","time":1589727162149,"group":{"id":"system.os","version":"3"},"event":{"state":true,"data":{"created":1589727162334},"id":"invoked"}}
{"recorder_version":"31","session":"7cd1a1fee1f0","build":"193.5662.53","bucket":"159","time":1589727162275,"group":{"id":"settings","version":"4"},"event":{"state":true,"data":{"component":"UpdatesConfigurable","created":1589727162334,"name":"checkNeeded","type":"bool","value":false},"id":"not.default"}}
{"recorder_version":"31","session":"7cd1a1fee1f0","build":"193.5662.53","bucket":"159","time":1589727162275,"group":{"id":"settings","version":"4"},"event":{"state":true,"data":{"component":"UpdatesConfigurable","created":1589727162335},"id":"invoked"}}
{"recorder_version":"31","session":"7cd1a1fee1f0","build":"193.5662.53","bucket":"159","time":1589727162308,"group":{"id":"event.log","version":"31"},"event":{"count":1,"data":{"created":1589727162335,"version":"1258.0"},"id":"whitelist.loaded"}}
{"recorder_version":"31","session":"7cd1a1fee1f0","build":"193.5662.53","bucket":"159","time":1589727162409,"group":{"id":"settings","version":"4"},"event":{"state":true,"data":{"component":"GeneralSettings","created":1589727162409,"name":"showTipsOnStartup","type":"bool","value":false},"id":"not.default"}}
{"recorder_version":"31","session":"7cd1a1fee1f0","build":"193.5662.53","bucket":"159","time":1589727162409,"group":{"id":"settings","version":"4"},"event":{"state":true,"data":{"component":"GeneralSettings","created":1589727162409},"id":"invoked"}}
{"recorder_version":"31","session":"7cd1a1fee1f0","build":"193.5662.53","bucket":"159","time":1589727162480,"group":{"id":"lifecycle","version":"31"},"event":{"count":1,"data":{"internal":true,"eap":false,"created":1589727162480},"id":"ide.start"}}
{"recorder_version":"31","session":"7cd1a1fee1f0","build":"193.5662.53","bucket":"159","time":1589727162516,"group":{"id":"settings","version":"4"},"event":{"state":true,"data":{"component":"XmlEditorOptions","created":1589727162516},"id":"invoked"}}
{"recorder_version":"31","session":"7cd1a1fee1f0","build":"193.5662.53","bucket":"159","time":1589727163064,"group":{"id":"settings","version":"4"},"event":{"state":true,"data":{"component":"VcsApplicationSettings","created":1589727163064},"id":"invoked"}}
{"recorder_version":"31","session":"7cd1a1fee1f0","build":"193.5662.53","bucket":"159","time":1589727163064,"group":{"id":"lifecycle","version":"31"},"event":{"count":1,"data":{"created":1589727163064},"id":"frame.activated"}}
{"recorder_version":"31","session":"7cd1a1fee1f0","build":"193.5662.53","bucket":"159","time":1589727163159,"group":{"id":"performance","version":"31"},"event":{"count":1,"data":{"duration_ms":142,"created":1589727163159},"id":"ui.latency"}}
{"recorder_version":"31","session":"7cd1a1fee1f0","build":"193.5662.53","bucket":"159","time":1589727163159,"group":{"id":"performance","version":"31"},"event":{"count":1,"data":{"duration_ms":142,"created":1589727163160},"id":"ui.lagging"}}
{"recorder_version":"31","session":"7cd1a1fee1f0","build":"193.5662.53","bucket":"159","time":1589727163306,"group":{"id":"ui.dialogs","version":"31"},"event":{"count":1,"data":{"created":1589727163309,"plugin_type":"PLATFORM","dialog_class":"com.intellij.openapi.progress.util.ProgressDialog$MyDialogWrapper"},"id":"show"}}
{"recorder_version":"31","session":"7cd1a1fee1f0","build":"193.5662.53","bucket":"159","time":1589727164345,"group":{"id":"lifecycle","version":"31"},"event":{"count":1,"data":{"created":1589727164346,"project":"d119a6d897fcb33934b9adf90ec59bc9e850f90f58367fa567dc99031a6fc921"},"id":"project.opened"}}
{"recorder_version":"31","session":"7cd1a1fee1f0","build":"193.5662.53","bucket":"159","time":1589727165262,"group":{"id":"performance","version":"31"},"event":{"count":1,"data":{"duration_ms":248,"created":1589727165262},"id":"ui.lagging"}}
{"recorder_version":"31","session":"7cd1a1fee1f0","build":"193.5662.53","bucket":"159","time":1589727165406,"group":{"id":"indexing","version":"2"},"event":{"count":1,"data":{"ide_activity_id":1,"created":1589727165406,"project":"d119a6d897fcb33934b9adf90ec59bc9e850f90f58367fa567dc99031a6fc921"},"id":"started"}}
{"recorder_version":"31","session":"7cd1a1fee1f0","build":"193.5662.53","bucket":"159","time":1589727165443,"group":{"id":"indexing","version":"2"},"event":{"count":1,"data":{"ide_activity_id":1,"stage_class":"com.intellij.util.indexing.UnindexedFilesUpdater","created":1589727165443,"plugin_type":"PLATFORM"},"id":"stage"}}
{"recorder_version":"31","session":"7cd1a1fee1f0","build":"193.5662.53","bucket":"159","time":1589727165558,"group":{"id":"project.fs","version":"1"},"event":{"state":true,"data":{"os":"Mac","cs-project":false,"created":1589727165558,"project":"d119a6d897fcb33934b9adf90ec59bc9e850f90f58367fa567dc99031a6fc921","cs-implicit":true,"cs-system":false},"id":"case-sensitivity"}}
{"recorder_version":"31","session":"7cd1a1fee1f0","build":"193.5662.53","bucket":"159","time":1589727165558,"group":{"id":"project.fs","version":"1"},"event":{"state":true,"data":{"created":1589727165558},"id":"invoked"}}
{"recorder_version":"31","session":"7cd1a1fee1f0","build":"193.5662.53","bucket":"159","time":1589727165559,"group":{"id":"project.fs","version":"1"},"event":{"state":true,"data":{"pct-non-watched":0,"created":1589727165559,"project":"d119a6d897fcb33934b9adf90ec59bc9e850f90f58367fa567dc99031a6fc921"},"id":"roots-watched"}}
{"recorder_version":"31","session":"7cd1a1fee1f0","build":"193.5662.53","bucket":"159","time":1589727165559,"group":{"id":"project.fs","version":"1"},"event":{"state":true,"data":{"created":1589727165559},"id":"invoked"}}
{"recorder_version":"31","session":"7cd1a1fee1f0","build":"193.5662.53","bucket":"159","time":1589727165683,"group":{"id":"ui.dialogs","version":"31"},"event":{"count":1,"data":{"code":1,"created":1589727165684,"plugin_type":"PLATFORM","dialog_class":"com.intellij.openapi.progress.util.ProgressDialog$MyDialogWrapper"},"id":"close"}}
{"recorder_version":"31","session":"7cd1a1fee1f0","build":"193.5662.53","bucket":"159","time":1589727165768,"group":{"id":"lifecycle","version":"31"},"event":{"count":1,"data":{"duration_ms":3266,"created":1589727165768,"project":"d119a6d897fcb33934b9adf90ec59bc9e850f90f58367fa567dc99031a6fc921"},"id":"project.opening.finished"}}
{"recorder_version":"31","session":"7cd1a1fee1f0","build":"193.5662.53","bucket":"159","time":1589727167209,"group":{"id":"indexing","version":"2"},"event":{"count":1,"data":{"duration_ms":1803,"ide_activity_id":1,"created":1589727167209},"id":"finished"}}
{"recorder_version":"31","session":"7cd1a1fee1f0","build":"193.5662.53","bucket":"159","time":1589727167284,"group":{"id":"indexing","version":"2"},"event":{"count":1,"data":{"ide_activity_id":2,"created":1589727167284,"project":"d119a6d897fcb33934b9adf90ec59bc9e850f90f58367fa567dc99031a6fc921"},"id":"started"}}
{"recorder_version":"31","session":"7cd1a1fee1f0","build":"193.5662.53","bucket":"159","time":1589727167294,"group":{"id":"indexing","version":"2"},"event":{"count":1,"data":{"ide_activity_id":2,"plugin":"org.jetbrains.android","stage_class":"com.android.tools.idea.res.ResourceFolderRepositoryFileCacheImpl$PruneTask","created":1589727167294,"plugin_type":"JB_BUNDLED"},"id":"stage"}}
{"recorder_version":"31","session":"7cd1a1fee1f0","build":"193.5662.53","bucket":"159","time":1589727167332,"group":{"id":"indexing","version":"2"},"event":{"count":1,"data":{"ide_activity_id":2,"plugin":"org.jetbrains.android","stage_class":"com.android.tools.idea.res.ResourceFolderRepositoryFileCacheImpl$ManageLruProjectFilesTask","created":1589727167332,"plugin_type":"JB_BUNDLED"},"id":"stage"}}
{"recorder_version":"31","session":"7cd1a1fee1f0","build":"193.5662.53","bucket":"159","time":1589727167360,"group":{"id":"indexing","version":"2"},"event":{"count":1,"data":{"duration_ms":76,"ide_activity_id":2,"created":1589727167361},"id":"finished"}}
{"recorder_version":"31","session":"7cd1a1fee1f0","build":"193.5662.53","bucket":"159","time":1589727167370,"group":{"id":"indexing","version":"2"},"event":{"count":1,"data":{"ide_activity_id":3,"created":1589727167370,"project":"d119a6d897fcb33934b9adf90ec59bc9e850f90f58367fa567dc99031a6fc921"},"id":"started"}}
{"recorder_version":"31","session":"7cd1a1fee1f0","build":"193.5662.53","bucket":"159","time":1589727167373,"group":{"id":"indexing","version":"2"},"event":{"count":1,"data":{"ide_activity_id":3,"plugin":"org.jetbrains.android","stage_class":"com.android.tools.idea.res.ResourceFolderRegistry$PopulateCachesTask","created":1589727167373,"plugin_type":"JB_BUNDLED"},"id":"stage"}}
{"recorder_version":"31","session":"7cd1a1fee1f0","build":"193.5662.53","bucket":"159","time":1589727167375,"group":{"id":"indexing","version":"2"},"event":{"count":1,"data":{"duration_ms":5,"ide_activity_id":3,"created":1589727167375},"id":"finished"}}
{"recorder_version":"31","session":"7cd1a1fee1f0","build":"193.5662.53","bucket":"159","time":1589727170696,"group":{"id":"startup","version":"1"},"event":{"count":1,"data":{"duration":1264,"created":1589727170696},"id":"appInit"}}
{"recorder_version":"31","session":"7cd1a1fee1f0","build":"193.5662.53","bucket":"159","time":1589727170696,"group":{"id":"startup","version":"1"},"event":{"count":1,"data":{"duration":248,"created":1589727170697},"id":"splash"}}
{"recorder_version":"31","session":"7cd1a1fee1f0","build":"193.5662.53","bucket":"159","time":1589727170696,"group":{"id":"startup","version":"1"},"event":{"count":1,"data":{"duration":301,"created":1589727170697},"id":"bootstrap"}}
{"recorder_version":"31","session":"7cd1a1fee1f0","build":"193.5662.53","bucket":"159","time":1589727170696,"group":{"id":"startup","version":"1"},"event":{"count":1,"data":{"duration":7136,"created":1589727170697},"id":"totalDuration"}}
{"recorder_version":"31","session":"7cd1a1fee1f0","build":"193.5662.53","bucket":"159","time":1589727170720,"group":{"id":"actions","version":"31"},"event":{"count":1,"data":{"context_menu":true,"action_id":"third.party","created":1589727170720,"plugin_type":"NOT_LISTED","project":"d119a6d897fcb33934b9adf90ec59bc9e850f90f58367fa567dc99031a6fc921","place":"MainMenu","class":"third.party","input_event":"NoMouseButton"},"id":"action.invoked"}}
{"recorder_version":"31","session":"7cd1a1fee1f0","build":"193.5662.53","bucket":"159","time":1589727173477,"group":{"id":"ui.dialogs","version":"31"},"event":{"count":1,"data":{"created":1589727173477,"plugin_type":"PLATFORM","dialog_class":"com.intellij.openapi.options.newEditor.SettingsDialog"},"id":"show"}}
{"recorder_version":"31","session":"7cd1a1fee1f0","build":"193.5662.53","bucket":"159","time":1589727182159,"group":{"id":"ui.dialogs","version":"31"},"event":{"count":1,"data":{"code":0,"created":1589727182159,"plugin_type":"PLATFORM","dialog_class":"com.intellij.openapi.options.newEditor.SettingsDialog"},"id":"close"}}
{"recorder_version":"31","session":"7cd1a1fee1f0","build":"193.5662.53","bucket":"159","time":1589727184858,"group":{"id":"ui.dialogs","version":"31"},"event":{"count":1,"data":{"created":1589727184858,"plugin_type":"PLATFORM","dialog_class":"com.intellij.openapi.options.newEditor.SettingsDialog"},"id":"show"}}
{"recorder_version":"31","session":"7cd1a1fee1f0","build":"193.5662.53","bucket":"159","time":1589727190900,"group":{"id":"ui.dialogs","version":"31"},"event":{"count":1,"data":{"code":0,"created":1589727190900,"plugin_type":"PLATFORM","dialog_class":"com.intellij.openapi.options.newEditor.SettingsDialog"},"id":"close"}}
{"recorder_version":"31","session":"7cd1a1fee1f0","build":"193.5662.53","bucket":"159","time":1589727194119,"group":{"id":"toolwindow","version":"31"},"event":{"count":1,"data":{"created":1589727194119,"plugin_type":"PLATFORM","id":"Event_Log"},"id":"activated"}}
{"recorder_version":"31","session":"7cd1a1fee1f0","build":"193.5662.53","bucket":"159","time":1589727196145,"group":{"id":"actions","version":"31"},"event":{"count":1,"data":{"context_menu":false,"action_id":"third.party","created":1589727196145,"plugin_type":"NOT_LISTED","project":"d119a6d897fcb33934b9adf90ec59bc9e850f90f58367fa567dc99031a6fc921","place":"unknown","class":"third.party"},"id":"action.invoked"}}
{"recorder_version":"31","session":"7cd1a1fee1f0","build":"193.5662.53","bucket":"159","time":1589727196153,"group":{"id":"ui.dialogs","version":"31"},"event":{"count":1,"data":{"created":1589727196153,"plugin_type":"PLATFORM","dialog_class":"com.intellij.openapi.ui.DialogBuilder$MyDialogWrapper"},"id":"show"}}
{"recorder_version":"31","session":"7cd1a1fee1f0","build":"193.5662.53","bucket":"159","time":1589727204758,"group":{"id":"ui.dialogs","version":"31"},"event":{"count":1,"data":{"code":0,"created":1589727204759,"plugin_type":"PLATFORM","dialog_class":"com.intellij.openapi.ui.DialogBuilder$MyDialogWrapper"},"id":"close"}}
{"recorder_version":"31","session":"7cd1a1fee1f0","build":"193.5662.53","bucket":"159","time":1589727214093,"group":{"id":"lifecycle","version":"31"},"event":{"count":1,"data":{"created":1589727214093,"project":"d119a6d897fcb33934b9adf90ec59bc9e850f90f58367fa567dc99031a6fc921"},"id":"frame.deactivated"}}
{"recorder_version":"31","session":"7cd1a1fee1f0","build":"193.5662.53","bucket":"159","time":1589727218219,"group":{"id":"lifecycle","version":"31"},"event":{"count":1,"data":{"created":1589727218219,"project":"d119a6d897fcb33934b9adf90ec59bc9e850f90f58367fa567dc99031a6fc921"},"id":"frame.activated"}}
{"recorder_version":"31","session":"7cd1a1fee1f0","build":"193.5662.53","bucket":"159","time":1589727224796,"group":{"id":"actions","version":"31"},"event":{"count":1,"data":{"context_menu":false,"action_id":"third.party","created":1589727224796,"plugin_type":"NOT_LISTED","project":"d119a6d897fcb33934b9adf90ec59bc9e850f90f58367fa567dc99031a6fc921","place":"unknown","class":"third.party"},"id":"action.invoked"}}
{"recorder_version":"31","session":"7cd1a1fee1f0","build":"193.5662.53","bucket":"159","time":1589727224800,"group":{"id":"ui.dialogs","version":"31"},"event":{"count":1,"data":{"created":1589727224800,"plugin_type":"PLATFORM","dialog_class":"com.intellij.openapi.ui.DialogBuilder$MyDialogWrapper"},"id":"show"}}
{"recorder_version":"31","session":"7cd1a1fee1f0","build":"193.5662.53","bucket":"159","time":1589727229237,"group":{"id":"ui.dialogs","version":"31"},"event":{"count":1,"data":{"code":0,"created":1589727229237,"plugin_type":"PLATFORM","dialog_class":"com.intellij.openapi.ui.DialogBuilder$MyDialogWrapper"},"id":"close"}}
