{"recorder_version":"31","session":"013fb1dfc2fe","build":"193.5662.53","bucket":"159","time":1589929176017,"group":{"id":"settings","version":"4"},"event":{"state":true,"data":{"component":"NotRoamableUiSettings","created":1589929176267},"id":"invoked"}}
{"recorder_version":"31","session":"013fb1dfc2fe","build":"193.5662.53","bucket":"159","time":1589929176018,"group":{"id":"settings","version":"4"},"event":{"state":true,"data":{"component":"UISettings","created":1589929176269},"id":"invoked"}}
{"recorder_version":"31","session":"013fb1dfc2fe","build":"193.5662.53","bucket":"159","time":1589929176023,"group":{"id":"system.java","version":"1"},"event":{"state":true,"data":{"created":1589929176278,"version":"validation.undefined_rule"},"id":"validation.undefined_rule"}}
{"recorder_version":"31","session":"013fb1dfc2fe","build":"193.5662.53","bucket":"159","time":1589929176024,"group":{"id":"system.java","version":"1"},"event":{"state":true,"data":{"created":1589929176279},"id":"invoked"}}
{"recorder_version":"31","session":"013fb1dfc2fe","build":"193.5662.53","bucket":"159","time":1589929176044,"group":{"id":"system.os","version":"3"},"event":{"state":true,"data":{"created":1589929176279,"version":"10.15"},"id":"Mac"}}
{"recorder_version":"31","session":"013fb1dfc2fe","build":"193.5662.53","bucket":"159","time":1589929176044,"group":{"id":"system.os","version":"3"},"event":{"state":true,"data":{"created":1589929176279,"name":"Mac","version":"10.15"},"id":"os.name"}}
{"recorder_version":"31","session":"013fb1dfc2fe","build":"193.5662.53","bucket":"159","time":1589929176044,"group":{"id":"system.os","version":"3"},"event":{"state":true,"data":{"created":1589929176280,"value":"+02_00"},"id":"os.timezone"}}
{"recorder_version":"31","session":"013fb1dfc2fe","build":"193.5662.53","bucket":"159","time":1589929176044,"group":{"id":"system.os","version":"3"},"event":{"state":true,"data":{"created":1589929176280},"id":"invoked"}}
{"recorder_version":"31","session":"013fb1dfc2fe","build":"193.5662.53","bucket":"159","time":1589929176146,"group":{"id":"settings","version":"4"},"event":{"state":true,"data":{"component":"UpdatesConfigurable","created":1589929176281,"name":"checkNeeded","type":"bool","value":false},"id":"not.default"}}
{"recorder_version":"31","session":"013fb1dfc2fe","build":"193.5662.53","bucket":"159","time":1589929176147,"group":{"id":"settings","version":"4"},"event":{"state":true,"data":{"component":"UpdatesConfigurable","created":1589929176281},"id":"invoked"}}
{"recorder_version":"31","session":"013fb1dfc2fe","build":"193.5662.53","bucket":"159","time":1589929176246,"group":{"id":"event.log","version":"31"},"event":{"count":1,"data":{"created":1589929176281,"version":"1261.0"},"id":"whitelist.loaded"}}
{"recorder_version":"31","session":"013fb1dfc2fe","build":"193.5662.53","bucket":"159","time":1589929176321,"group":{"id":"settings","version":"4"},"event":{"state":true,"data":{"component":"GeneralSettings","created":1589929176322,"name":"showTipsOnStartup","type":"bool","value":false},"id":"not.default"}}
{"recorder_version":"31","session":"013fb1dfc2fe","build":"193.5662.53","bucket":"159","time":1589929176322,"group":{"id":"settings","version":"4"},"event":{"state":true,"data":{"component":"GeneralSettings","created":1589929176322},"id":"invoked"}}
{"recorder_version":"31","session":"013fb1dfc2fe","build":"193.5662.53","bucket":"159","time":1589929176356,"group":{"id":"lifecycle","version":"31"},"event":{"count":1,"data":{"internal":true,"eap":false,"created":1589929176356},"id":"ide.start"}}
{"recorder_version":"31","session":"013fb1dfc2fe","build":"193.5662.53","bucket":"159","time":1589929176455,"group":{"id":"settings","version":"4"},"event":{"state":true,"data":{"component":"XmlEditorOptions","created":1589929176455},"id":"invoked"}}
{"recorder_version":"31","session":"013fb1dfc2fe","build":"193.5662.53","bucket":"159","time":1589929177115,"group":{"id":"settings","version":"4"},"event":{"state":true,"data":{"component":"VcsApplicationSettings","created":1589929177115},"id":"invoked"}}
{"recorder_version":"31","session":"013fb1dfc2fe","build":"193.5662.53","bucket":"159","time":1589929177115,"group":{"id":"lifecycle","version":"31"},"event":{"count":1,"data":{"created":1589929177115},"id":"frame.activated"}}
{"recorder_version":"31","session":"013fb1dfc2fe","build":"193.5662.53","bucket":"159","time":1589929177150,"group":{"id":"performance","version":"31"},"event":{"count":1,"data":{"duration_ms":277,"created":1589929177150},"id":"ui.latency"}}
{"recorder_version":"31","session":"013fb1dfc2fe","build":"193.5662.53","bucket":"159","time":1589929177150,"group":{"id":"performance","version":"31"},"event":{"count":1,"data":{"duration_ms":277,"created":1589929177150},"id":"ui.lagging"}}
{"recorder_version":"31","session":"013fb1dfc2fe","build":"193.5662.53","bucket":"159","time":1589929177261,"group":{"id":"ui.dialogs","version":"31"},"event":{"count":1,"data":{"created":1589929177264,"plugin_type":"PLATFORM","dialog_class":"com.intellij.openapi.progress.util.ProgressDialog$MyDialogWrapper"},"id":"show"}}
{"recorder_version":"31","session":"013fb1dfc2fe","build":"193.5662.53","bucket":"159","time":1589929178703,"group":{"id":"lifecycle","version":"31"},"event":{"count":1,"data":{"created":1589929178703,"project":"d119a6d897fcb33934b9adf90ec59bc9e850f90f58367fa567dc99031a6fc921"},"id":"project.opened"}}
{"recorder_version":"31","session":"013fb1dfc2fe","build":"193.5662.53","bucket":"159","time":1589929179164,"group":{"id":"performance","version":"31"},"event":{"count":1,"data":{"duration_ms":300,"created":1589929179165},"id":"ui.lagging"}}
{"recorder_version":"31","session":"013fb1dfc2fe","build":"193.5662.53","bucket":"159","time":1589929179181,"group":{"id":"toolwindow","version":"31"},"event":{"count":1,"data":{"created":1589929179181,"plugin_type":"PLATFORM","id":"Event_Log"},"id":"activated"}}
{"recorder_version":"31","session":"013fb1dfc2fe","build":"193.5662.53","bucket":"159","time":1589929180125,"group":{"id":"performance","version":"31"},"event":{"count":1,"data":{"duration_ms":257,"created":1589929180125},"id":"ui.lagging"}}
{"recorder_version":"31","session":"013fb1dfc2fe","build":"193.5662.53","bucket":"159","time":1589929180340,"group":{"id":"indexing","version":"2"},"event":{"count":1,"data":{"ide_activity_id":1,"created":1589929180341,"project":"d119a6d897fcb33934b9adf90ec59bc9e850f90f58367fa567dc99031a6fc921"},"id":"started"}}
{"recorder_version":"31","session":"013fb1dfc2fe","build":"193.5662.53","bucket":"159","time":1589929180467,"group":{"id":"indexing","version":"2"},"event":{"count":1,"data":{"ide_activity_id":1,"stage_class":"com.intellij.util.indexing.UnindexedFilesUpdater","created":1589929180467,"plugin_type":"PLATFORM"},"id":"stage"}}
{"recorder_version":"31","session":"013fb1dfc2fe","build":"193.5662.53","bucket":"159","time":1589929180471,"group":{"id":"project.fs","version":"1"},"event":{"state":true,"data":{"os":"Mac","cs-project":false,"created":1589929180471,"project":"d119a6d897fcb33934b9adf90ec59bc9e850f90f58367fa567dc99031a6fc921","cs-implicit":true,"cs-system":false},"id":"case-sensitivity"}}
{"recorder_version":"31","session":"013fb1dfc2fe","build":"193.5662.53","bucket":"159","time":1589929180473,"group":{"id":"project.fs","version":"1"},"event":{"state":true,"data":{"created":1589929180473},"id":"invoked"}}
{"recorder_version":"31","session":"013fb1dfc2fe","build":"193.5662.53","bucket":"159","time":1589929180473,"group":{"id":"project.fs","version":"1"},"event":{"state":true,"data":{"pct-non-watched":0,"created":1589929180473,"project":"d119a6d897fcb33934b9adf90ec59bc9e850f90f58367fa567dc99031a6fc921"},"id":"roots-watched"}}
{"recorder_version":"31","session":"013fb1dfc2fe","build":"193.5662.53","bucket":"159","time":1589929180473,"group":{"id":"project.fs","version":"1"},"event":{"state":true,"data":{"created":1589929180473},"id":"invoked"}}
{"recorder_version":"31","session":"013fb1dfc2fe","build":"193.5662.53","bucket":"159","time":1589929180702,"group":{"id":"ui.dialogs","version":"31"},"event":{"count":1,"data":{"code":1,"created":1589929180702,"plugin_type":"PLATFORM","dialog_class":"com.intellij.openapi.progress.util.ProgressDialog$MyDialogWrapper"},"id":"close"}}
{"recorder_version":"31","session":"013fb1dfc2fe","build":"193.5662.53","bucket":"159","time":1589929180818,"group":{"id":"lifecycle","version":"31"},"event":{"count":1,"data":{"duration_ms":4359,"created":1589929180818,"project":"d119a6d897fcb33934b9adf90ec59bc9e850f90f58367fa567dc99031a6fc921"},"id":"project.opening.finished"}}
{"recorder_version":"31","session":"013fb1dfc2fe","build":"193.5662.53","bucket":"159","time":1589929181997,"group":{"id":"indexing","version":"2"},"event":{"count":1,"data":{"duration_ms":1657,"ide_activity_id":1,"created":1589929181998},"id":"finished"}}
{"recorder_version":"31","session":"013fb1dfc2fe","build":"193.5662.53","bucket":"159","time":1589929182070,"group":{"id":"indexing","version":"2"},"event":{"count":1,"data":{"ide_activity_id":2,"created":1589929182071,"project":"d119a6d897fcb33934b9adf90ec59bc9e850f90f58367fa567dc99031a6fc921"},"id":"started"}}
{"recorder_version":"31","session":"013fb1dfc2fe","build":"193.5662.53","bucket":"159","time":1589929182082,"group":{"id":"indexing","version":"2"},"event":{"count":1,"data":{"ide_activity_id":2,"plugin":"org.jetbrains.android","stage_class":"com.android.tools.idea.res.ResourceFolderRepositoryFileCacheImpl$PruneTask","created":1589929182083,"plugin_type":"JB_BUNDLED"},"id":"stage"}}
{"recorder_version":"31","session":"013fb1dfc2fe","build":"193.5662.53","bucket":"159","time":1589929182123,"group":{"id":"indexing","version":"2"},"event":{"count":1,"data":{"ide_activity_id":2,"plugin":"org.jetbrains.android","stage_class":"com.android.tools.idea.res.ResourceFolderRepositoryFileCacheImpl$ManageLruProjectFilesTask","created":1589929182124,"plugin_type":"JB_BUNDLED"},"id":"stage"}}
{"recorder_version":"31","session":"013fb1dfc2fe","build":"193.5662.53","bucket":"159","time":1589929182145,"group":{"id":"indexing","version":"2"},"event":{"count":1,"data":{"duration_ms":75,"ide_activity_id":2,"created":1589929182145},"id":"finished"}}
{"recorder_version":"31","session":"013fb1dfc2fe","build":"193.5662.53","bucket":"159","time":1589929182158,"group":{"id":"indexing","version":"2"},"event":{"count":1,"data":{"ide_activity_id":3,"created":1589929182158,"project":"d119a6d897fcb33934b9adf90ec59bc9e850f90f58367fa567dc99031a6fc921"},"id":"started"}}
{"recorder_version":"31","session":"013fb1dfc2fe","build":"193.5662.53","bucket":"159","time":1589929182161,"group":{"id":"indexing","version":"2"},"event":{"count":1,"data":{"ide_activity_id":3,"plugin":"org.jetbrains.android","stage_class":"com.android.tools.idea.res.ResourceFolderRegistry$PopulateCachesTask","created":1589929182162,"plugin_type":"JB_BUNDLED"},"id":"stage"}}
{"recorder_version":"31","session":"013fb1dfc2fe","build":"193.5662.53","bucket":"159","time":1589929182164,"group":{"id":"indexing","version":"2"},"event":{"count":1,"data":{"duration_ms":6,"ide_activity_id":3,"created":1589929182164},"id":"finished"}}
{"recorder_version":"31","session":"013fb1dfc2fe","build":"193.5662.53","bucket":"159","time":1589929184422,"group":{"id":"actions","version":"31"},"event":{"count":1,"data":{"context_menu":true,"action_id":"third.party","created":1589929184422,"plugin_type":"NOT_LISTED","project":"d119a6d897fcb33934b9adf90ec59bc9e850f90f58367fa567dc99031a6fc921","place":"MainMenu","class":"third.party","input_event":"NoMouseButton"},"id":"action.invoked"}}
{"recorder_version":"31","session":"013fb1dfc2fe","build":"193.5662.53","bucket":"159","time":1589929185589,"group":{"id":"startup","version":"1"},"event":{"count":1,"data":{"duration":1674,"created":1589929185589},"id":"appInit"}}
{"recorder_version":"31","session":"013fb1dfc2fe","build":"193.5662.53","bucket":"159","time":1589929185589,"group":{"id":"startup","version":"1"},"event":{"count":1,"data":{"duration":434,"created":1589929185589},"id":"splash"}}
{"recorder_version":"31","session":"013fb1dfc2fe","build":"193.5662.53","bucket":"159","time":1589929185589,"group":{"id":"startup","version":"1"},"event":{"count":1,"data":{"duration":325,"created":1589929185590},"id":"bootstrap"}}
{"recorder_version":"31","session":"013fb1dfc2fe","build":"193.5662.53","bucket":"159","time":1589929185589,"group":{"id":"startup","version":"1"},"event":{"count":1,"data":{"duration":7235,"created":1589929185590},"id":"totalDuration"}}
