{"recorder_version":"31","session":"c95ab3f5aa4b","build":"193.5662.53","bucket":"159","time":1590251257971,"group":{"id":"settings","version":"4"},"event":{"state":true,"data":{"component":"UISettings","created":1590251258353},"id":"invoked"}}
{"recorder_version":"31","session":"c95ab3f5aa4b","build":"193.5662.53","bucket":"159","time":1590251257971,"group":{"id":"settings","version":"4"},"event":{"state":true,"data":{"component":"NotRoamableUiSettings","created":1590251258355},"id":"invoked"}}
{"recorder_version":"31","session":"c95ab3f5aa4b","build":"193.5662.53","bucket":"159","time":1590251257980,"group":{"id":"system.java","version":"1"},"event":{"state":true,"data":{"created":1590251258367,"version":"validation.undefined_rule"},"id":"validation.undefined_rule"}}
{"recorder_version":"31","session":"c95ab3f5aa4b","build":"193.5662.53","bucket":"159","time":1590251257980,"group":{"id":"system.java","version":"1"},"event":{"state":true,"data":{"created":1590251258368},"id":"invoked"}}
{"recorder_version":"31","session":"c95ab3f5aa4b","build":"193.5662.53","bucket":"159","time":1590251258007,"group":{"id":"system.os","version":"3"},"event":{"state":true,"data":{"created":1590251258369,"version":"10.15"},"id":"Mac"}}
{"recorder_version":"31","session":"c95ab3f5aa4b","build":"193.5662.53","bucket":"159","time":1590251258007,"group":{"id":"system.os","version":"3"},"event":{"state":true,"data":{"created":1590251258370,"name":"Mac","version":"10.15"},"id":"os.name"}}
{"recorder_version":"31","session":"c95ab3f5aa4b","build":"193.5662.53","bucket":"159","time":1590251258007,"group":{"id":"system.os","version":"3"},"event":{"state":true,"data":{"created":1590251258370,"value":"+02_00"},"id":"os.timezone"}}
{"recorder_version":"31","session":"c95ab3f5aa4b","build":"193.5662.53","bucket":"159","time":1590251258007,"group":{"id":"system.os","version":"3"},"event":{"state":true,"data":{"created":1590251258371},"id":"invoked"}}
{"recorder_version":"31","session":"c95ab3f5aa4b","build":"193.5662.53","bucket":"159","time":1590251258222,"group":{"id":"settings","version":"4"},"event":{"state":true,"data":{"component":"UpdatesConfigurable","created":1590251258371,"name":"checkNeeded","type":"bool","value":false},"id":"not.default"}}
{"recorder_version":"31","session":"c95ab3f5aa4b","build":"193.5662.53","bucket":"159","time":1590251258222,"group":{"id":"settings","version":"4"},"event":{"state":true,"data":{"component":"UpdatesConfigurable","created":1590251258371},"id":"invoked"}}
{"recorder_version":"31","session":"c95ab3f5aa4b","build":"193.5662.53","bucket":"159","time":1590251258316,"group":{"id":"event.log","version":"31"},"event":{"count":1,"data":{"created":1590251258373,"version":"1268.0"},"id":"whitelist.loaded"}}
{"recorder_version":"31","session":"c95ab3f5aa4b","build":"193.5662.53","bucket":"159","time":1590251258435,"group":{"id":"settings","version":"4"},"event":{"state":true,"data":{"component":"GeneralSettings","created":1590251258435,"name":"showTipsOnStartup","type":"bool","value":false},"id":"not.default"}}
{"recorder_version":"31","session":"c95ab3f5aa4b","build":"193.5662.53","bucket":"159","time":1590251258435,"group":{"id":"settings","version":"4"},"event":{"state":true,"data":{"component":"GeneralSettings","created":1590251258437},"id":"invoked"}}
{"recorder_version":"31","session":"c95ab3f5aa4b","build":"193.5662.53","bucket":"159","time":1590251258495,"group":{"id":"lifecycle","version":"31"},"event":{"count":1,"data":{"internal":true,"eap":false,"created":1590251258496},"id":"ide.start"}}
{"recorder_version":"31","session":"c95ab3f5aa4b","build":"193.5662.53","bucket":"159","time":1590251258591,"group":{"id":"settings","version":"4"},"event":{"state":true,"data":{"component":"XmlEditorOptions","created":1590251258591},"id":"invoked"}}
{"recorder_version":"31","session":"c95ab3f5aa4b","build":"193.5662.53","bucket":"159","time":1590251259458,"group":{"id":"settings","version":"4"},"event":{"state":true,"data":{"component":"VcsApplicationSettings","created":1590251259458},"id":"invoked"}}
{"recorder_version":"31","session":"c95ab3f5aa4b","build":"193.5662.53","bucket":"159","time":1590251259458,"group":{"id":"lifecycle","version":"31"},"event":{"count":1,"data":{"created":1590251259458},"id":"frame.activated"}}
{"recorder_version":"31","session":"c95ab3f5aa4b","build":"193.5662.53","bucket":"159","time":1590251259535,"group":{"id":"performance","version":"31"},"event":{"count":1,"data":{"duration_ms":698,"created":1590251259536},"id":"ui.latency"}}
{"recorder_version":"31","session":"c95ab3f5aa4b","build":"193.5662.53","bucket":"159","time":1590251259535,"group":{"id":"performance","version":"31"},"event":{"count":1,"data":{"duration_ms":698,"created":1590251259536},"id":"ui.lagging"}}
{"recorder_version":"31","session":"c95ab3f5aa4b","build":"193.5662.53","bucket":"159","time":1590251259849,"group":{"id":"ui.dialogs","version":"31"},"event":{"count":1,"data":{"created":1590251259849,"plugin_type":"PLATFORM","dialog_class":"com.intellij.openapi.progress.util.ProgressDialog$MyDialogWrapper"},"id":"show"}}
{"recorder_version":"31","session":"c95ab3f5aa4b","build":"193.5662.53","bucket":"159","time":1590251261508,"group":{"id":"lifecycle","version":"31"},"event":{"count":1,"data":{"created":1590251261508,"project":"d119a6d897fcb33934b9adf90ec59bc9e850f90f58367fa567dc99031a6fc921"},"id":"project.opened"}}
{"recorder_version":"31","session":"c95ab3f5aa4b","build":"193.5662.53","bucket":"159","time":1590251262147,"group":{"id":"performance","version":"31"},"event":{"count":1,"data":{"duration_ms":340,"created":1590251262147},"id":"ui.lagging"}}
{"recorder_version":"31","session":"c95ab3f5aa4b","build":"193.5662.53","bucket":"159","time":1590251262171,"group":{"id":"toolwindow","version":"31"},"event":{"count":1,"data":{"created":1590251262171,"plugin_type":"PLATFORM","id":"Event_Log"},"id":"activated"}}
{"recorder_version":"31","session":"c95ab3f5aa4b","build":"193.5662.53","bucket":"159","time":1590251263036,"group":{"id":"performance","version":"31"},"event":{"count":1,"data":{"duration_ms":227,"created":1590251263036},"id":"ui.lagging"}}
{"recorder_version":"31","session":"c95ab3f5aa4b","build":"193.5662.53","bucket":"159","time":1590251263981,"group":{"id":"performance","version":"31"},"event":{"count":1,"data":{"duration_ms":171,"created":1590251263981},"id":"ui.lagging"}}
{"recorder_version":"31","session":"c95ab3f5aa4b","build":"193.5662.53","bucket":"159","time":1590251264071,"group":{"id":"indexing","version":"2"},"event":{"count":1,"data":{"ide_activity_id":1,"created":1590251264071,"project":"d119a6d897fcb33934b9adf90ec59bc9e850f90f58367fa567dc99031a6fc921"},"id":"started"}}
{"recorder_version":"31","session":"c95ab3f5aa4b","build":"193.5662.53","bucket":"159","time":1590251264137,"group":{"id":"project.fs","version":"1"},"event":{"state":true,"data":{"os":"Mac","cs-project":false,"created":1590251264137,"project":"d119a6d897fcb33934b9adf90ec59bc9e850f90f58367fa567dc99031a6fc921","cs-implicit":true,"cs-system":false},"id":"case-sensitivity"}}
{"recorder_version":"31","session":"c95ab3f5aa4b","build":"193.5662.53","bucket":"159","time":1590251264137,"group":{"id":"project.fs","version":"1"},"event":{"state":true,"data":{"created":1590251264137},"id":"invoked"}}
{"recorder_version":"31","session":"c95ab3f5aa4b","build":"193.5662.53","bucket":"159","time":1590251264138,"group":{"id":"project.fs","version":"1"},"event":{"state":true,"data":{"pct-non-watched":0,"created":1590251264138,"project":"d119a6d897fcb33934b9adf90ec59bc9e850f90f58367fa567dc99031a6fc921"},"id":"roots-watched"}}
{"recorder_version":"31","session":"c95ab3f5aa4b","build":"193.5662.53","bucket":"159","time":1590251264138,"group":{"id":"project.fs","version":"1"},"event":{"state":true,"data":{"created":1590251264138},"id":"invoked"}}
{"recorder_version":"31","session":"c95ab3f5aa4b","build":"193.5662.53","bucket":"159","time":1590251264232,"group":{"id":"indexing","version":"2"},"event":{"count":1,"data":{"ide_activity_id":1,"stage_class":"com.intellij.util.indexing.UnindexedFilesUpdater","created":1590251264232,"plugin_type":"PLATFORM"},"id":"stage"}}
{"recorder_version":"31","session":"c95ab3f5aa4b","build":"193.5662.53","bucket":"159","time":1590251264235,"group":{"id":"ui.dialogs","version":"31"},"event":{"count":1,"data":{"code":1,"created":1590251264236,"plugin_type":"PLATFORM","dialog_class":"com.intellij.openapi.progress.util.ProgressDialog$MyDialogWrapper"},"id":"close"}}
{"recorder_version":"31","session":"c95ab3f5aa4b","build":"193.5662.53","bucket":"159","time":1590251264449,"group":{"id":"lifecycle","version":"31"},"event":{"count":1,"data":{"duration_ms":5838,"created":1590251264449,"project":"d119a6d897fcb33934b9adf90ec59bc9e850f90f58367fa567dc99031a6fc921"},"id":"project.opening.finished"}}
{"recorder_version":"31","session":"c95ab3f5aa4b","build":"193.5662.53","bucket":"159","time":1590251266751,"group":{"id":"indexing","version":"2"},"event":{"count":1,"data":{"duration_ms":2680,"ide_activity_id":1,"created":1590251266752},"id":"finished"}}
{"recorder_version":"31","session":"c95ab3f5aa4b","build":"193.5662.53","bucket":"159","time":1590251266872,"group":{"id":"indexing","version":"2"},"event":{"count":1,"data":{"ide_activity_id":2,"created":1590251266872,"project":"d119a6d897fcb33934b9adf90ec59bc9e850f90f58367fa567dc99031a6fc921"},"id":"started"}}
{"recorder_version":"31","session":"c95ab3f5aa4b","build":"193.5662.53","bucket":"159","time":1590251266888,"group":{"id":"indexing","version":"2"},"event":{"count":1,"data":{"ide_activity_id":2,"plugin":"org.jetbrains.android","stage_class":"com.android.tools.idea.res.ResourceFolderRepositoryFileCacheImpl$PruneTask","created":1590251266890,"plugin_type":"JB_BUNDLED"},"id":"stage"}}
{"recorder_version":"31","session":"c95ab3f5aa4b","build":"193.5662.53","bucket":"159","time":1590251266929,"group":{"id":"indexing","version":"2"},"event":{"count":1,"data":{"ide_activity_id":2,"plugin":"org.jetbrains.android","stage_class":"com.android.tools.idea.res.ResourceFolderRepositoryFileCacheImpl$ManageLruProjectFilesTask","created":1590251266930,"plugin_type":"JB_BUNDLED"},"id":"stage"}}
{"recorder_version":"31","session":"c95ab3f5aa4b","build":"193.5662.53","bucket":"159","time":1590251266963,"group":{"id":"indexing","version":"2"},"event":{"count":1,"data":{"duration_ms":91,"ide_activity_id":2,"created":1590251266963},"id":"finished"}}
{"recorder_version":"31","session":"c95ab3f5aa4b","build":"193.5662.53","bucket":"159","time":1590251266978,"group":{"id":"indexing","version":"2"},"event":{"count":1,"data":{"ide_activity_id":3,"created":1590251266978,"project":"d119a6d897fcb33934b9adf90ec59bc9e850f90f58367fa567dc99031a6fc921"},"id":"started"}}
{"recorder_version":"31","session":"c95ab3f5aa4b","build":"193.5662.53","bucket":"159","time":1590251266983,"group":{"id":"indexing","version":"2"},"event":{"count":1,"data":{"ide_activity_id":3,"plugin":"org.jetbrains.android","stage_class":"com.android.tools.idea.res.ResourceFolderRegistry$PopulateCachesTask","created":1590251266985,"plugin_type":"JB_BUNDLED"},"id":"stage"}}
{"recorder_version":"31","session":"c95ab3f5aa4b","build":"193.5662.53","bucket":"159","time":1590251267006,"group":{"id":"indexing","version":"2"},"event":{"count":1,"data":{"duration_ms":28,"ide_activity_id":3,"created":1590251267006},"id":"finished"}}
{"recorder_version":"31","session":"c95ab3f5aa4b","build":"193.5662.53","bucket":"159","time":1590251268774,"group":{"id":"actions","version":"31"},"event":{"count":1,"data":{"context_menu":true,"action_id":"third.party","created":1590251268775,"plugin_type":"NOT_LISTED","project":"d119a6d897fcb33934b9adf90ec59bc9e850f90f58367fa567dc99031a6fc921","place":"MainMenu","class":"third.party","input_event":"NoMouseButton"},"id":"action.invoked"}}
{"recorder_version":"31","session":"c95ab3f5aa4b","build":"193.5662.53","bucket":"159","time":1590251269037,"group":{"id":"performance","version":"31"},"event":{"count":1,"data":{"duration_ms":218,"created":1590251269037},"id":"ui.lagging"}}
{"recorder_version":"31","session":"c95ab3f5aa4b","build":"193.5662.53","bucket":"159","time":1590251269243,"group":{"id":"startup","version":"1"},"event":{"count":1,"data":{"duration":2197,"created":1590251269243},"id":"appInit"}}
{"recorder_version":"31","session":"c95ab3f5aa4b","build":"193.5662.53","bucket":"159","time":1590251269243,"group":{"id":"startup","version":"1"},"event":{"count":1,"data":{"duration":479,"created":1590251269244},"id":"splash"}}
{"recorder_version":"31","session":"c95ab3f5aa4b","build":"193.5662.53","bucket":"159","time":1590251269243,"group":{"id":"startup","version":"1"},"event":{"count":1,"data":{"duration":454,"created":1590251269244},"id":"bootstrap"}}
{"recorder_version":"31","session":"c95ab3f5aa4b","build":"193.5662.53","bucket":"159","time":1590251269243,"group":{"id":"startup","version":"1"},"event":{"count":1,"data":{"duration":9761,"created":1590251269244},"id":"totalDuration"}}
{"recorder_version":"31","session":"c95ab3f5aa4b","build":"193.5662.53","bucket":"159","time":1590251271903,"group":{"id":"ui.dialogs","version":"31"},"event":{"count":1,"data":{"created":1590251271903,"plugin_type":"NOT_LISTED","dialog_class":"third.party"},"id":"show"}}
{"recorder_version":"31","session":"c95ab3f5aa4b","build":"193.5662.53","bucket":"159","time":1590251279679,"group":{"id":"ui.dialogs","version":"31"},"event":{"count":1,"data":{"code":1,"created":1590251279679,"plugin_type":"NOT_LISTED","dialog_class":"third.party"},"id":"close"}}
{"recorder_version":"31","session":"c95ab3f5aa4b","build":"193.5662.53","bucket":"159","time":1590251280559,"group":{"id":"ui.dialogs","version":"31"},"event":{"count":1,"data":{"created":1590251280559,"plugin_type":"NOT_LISTED","dialog_class":"third.party"},"id":"show"}}
{"recorder_version":"31","session":"c95ab3f5aa4b","build":"193.5662.53","bucket":"159","time":1590251283999,"group":{"id":"ui.dialogs","version":"31"},"event":{"count":1,"data":{"code":1,"created":1590251283999,"plugin_type":"NOT_LISTED","dialog_class":"third.party"},"id":"close"}}
{"recorder_version":"31","session":"c95ab3f5aa4b","build":"193.5662.53","bucket":"159","time":1590251285117,"group":{"id":"lifecycle","version":"31"},"event":{"count":1,"data":{"created":1590251285117,"project":"d119a6d897fcb33934b9adf90ec59bc9e850f90f58367fa567dc99031a6fc921"},"id":"frame.deactivated"}}
