{"recorder_version":"31","session":"f23d21d3a3f0","build":"193.5662.53","bucket":"159","time":1590245179463,"group":{"id":"settings","version":"4"},"event":{"state":true,"data":{"component":"UISettings","created":1590245179843},"id":"invoked"}}
{"recorder_version":"31","session":"f23d21d3a3f0","build":"193.5662.53","bucket":"159","time":1590245179463,"group":{"id":"settings","version":"4"},"event":{"state":true,"data":{"component":"NotRoamableUiSettings","created":1590245179846},"id":"invoked"}}
{"recorder_version":"31","session":"f23d21d3a3f0","build":"193.5662.53","bucket":"159","time":1590245179472,"group":{"id":"system.java","version":"1"},"event":{"state":true,"data":{"created":1590245179855,"version":"validation.undefined_rule"},"id":"validation.undefined_rule"}}
{"recorder_version":"31","session":"f23d21d3a3f0","build":"193.5662.53","bucket":"159","time":1590245179472,"group":{"id":"system.java","version":"1"},"event":{"state":true,"data":{"created":1590245179856},"id":"invoked"}}
{"recorder_version":"31","session":"f23d21d3a3f0","build":"193.5662.53","bucket":"159","time":1590245179494,"group":{"id":"system.os","version":"3"},"event":{"state":true,"data":{"created":1590245179856,"version":"10.15"},"id":"Mac"}}
{"recorder_version":"31","session":"f23d21d3a3f0","build":"193.5662.53","bucket":"159","time":1590245179494,"group":{"id":"system.os","version":"3"},"event":{"state":true,"data":{"created":1590245179857,"name":"Mac","version":"10.15"},"id":"os.name"}}
{"recorder_version":"31","session":"f23d21d3a3f0","build":"193.5662.53","bucket":"159","time":1590245179494,"group":{"id":"system.os","version":"3"},"event":{"state":true,"data":{"created":1590245179857,"value":"+02_00"},"id":"os.timezone"}}
{"recorder_version":"31","session":"f23d21d3a3f0","build":"193.5662.53","bucket":"159","time":1590245179494,"group":{"id":"system.os","version":"3"},"event":{"state":true,"data":{"created":1590245179858},"id":"invoked"}}
{"recorder_version":"31","session":"f23d21d3a3f0","build":"193.5662.53","bucket":"159","time":1590245179706,"group":{"id":"settings","version":"4"},"event":{"state":true,"data":{"component":"UpdatesConfigurable","created":1590245179858,"name":"checkNeeded","type":"bool","value":false},"id":"not.default"}}
{"recorder_version":"31","session":"f23d21d3a3f0","build":"193.5662.53","bucket":"159","time":1590245179707,"group":{"id":"settings","version":"4"},"event":{"state":true,"data":{"component":"UpdatesConfigurable","created":1590245179858},"id":"invoked"}}
{"recorder_version":"31","session":"f23d21d3a3f0","build":"193.5662.53","bucket":"159","time":1590245179802,"group":{"id":"event.log","version":"31"},"event":{"count":1,"data":{"created":1590245179859,"version":"1268.0"},"id":"whitelist.loaded"}}
{"recorder_version":"31","session":"f23d21d3a3f0","build":"193.5662.53","bucket":"159","time":1590245179965,"group":{"id":"settings","version":"4"},"event":{"state":true,"data":{"component":"GeneralSettings","created":1590245179965,"name":"showTipsOnStartup","type":"bool","value":false},"id":"not.default"}}
{"recorder_version":"31","session":"f23d21d3a3f0","build":"193.5662.53","bucket":"159","time":1590245179965,"group":{"id":"settings","version":"4"},"event":{"state":true,"data":{"component":"GeneralSettings","created":1590245179966},"id":"invoked"}}
{"recorder_version":"31","session":"f23d21d3a3f0","build":"193.5662.53","bucket":"159","time":1590245180008,"group":{"id":"lifecycle","version":"31"},"event":{"count":1,"data":{"internal":true,"eap":false,"created":1590245180009},"id":"ide.start"}}
{"recorder_version":"31","session":"f23d21d3a3f0","build":"193.5662.53","bucket":"159","time":1590245180082,"group":{"id":"settings","version":"4"},"event":{"state":true,"data":{"component":"XmlEditorOptions","created":1590245180082},"id":"invoked"}}
{"recorder_version":"31","session":"f23d21d3a3f0","build":"193.5662.53","bucket":"159","time":1590245180970,"group":{"id":"settings","version":"4"},"event":{"state":true,"data":{"component":"VcsApplicationSettings","created":1590245180970},"id":"invoked"}}
{"recorder_version":"31","session":"f23d21d3a3f0","build":"193.5662.53","bucket":"159","time":1590245180970,"group":{"id":"lifecycle","version":"31"},"event":{"count":1,"data":{"created":1590245180970},"id":"frame.activated"}}
{"recorder_version":"31","session":"f23d21d3a3f0","build":"193.5662.53","bucket":"159","time":1590245181014,"group":{"id":"performance","version":"31"},"event":{"count":1,"data":{"duration_ms":654,"created":1590245181014},"id":"ui.latency"}}
{"recorder_version":"31","session":"f23d21d3a3f0","build":"193.5662.53","bucket":"159","time":1590245181014,"group":{"id":"performance","version":"31"},"event":{"count":1,"data":{"duration_ms":654,"created":1590245181014},"id":"ui.lagging"}}
{"recorder_version":"31","session":"f23d21d3a3f0","build":"193.5662.53","bucket":"159","time":1590245181318,"group":{"id":"ui.dialogs","version":"31"},"event":{"count":1,"data":{"created":1590245181318,"plugin_type":"PLATFORM","dialog_class":"com.intellij.openapi.progress.util.ProgressDialog$MyDialogWrapper"},"id":"show"}}
{"recorder_version":"31","session":"f23d21d3a3f0","build":"193.5662.53","bucket":"159","time":1590245181458,"group":{"id":"performance","version":"31"},"event":{"count":1,"data":{"duration_ms":107,"created":1590245181458},"id":"ui.lagging"}}
{"recorder_version":"31","session":"f23d21d3a3f0","build":"193.5662.53","bucket":"159","time":1590245182867,"group":{"id":"lifecycle","version":"31"},"event":{"count":1,"data":{"created":1590245182870,"project":"d119a6d897fcb33934b9adf90ec59bc9e850f90f58367fa567dc99031a6fc921"},"id":"project.opened"}}
{"recorder_version":"31","session":"f23d21d3a3f0","build":"193.5662.53","bucket":"159","time":1590245183496,"group":{"id":"performance","version":"31"},"event":{"count":1,"data":{"duration_ms":143,"created":1590245183497},"id":"ui.lagging"}}
{"recorder_version":"31","session":"f23d21d3a3f0","build":"193.5662.53","bucket":"159","time":1590245183518,"group":{"id":"toolwindow","version":"31"},"event":{"count":1,"data":{"created":1590245183518,"plugin_type":"PLATFORM","id":"Event_Log"},"id":"activated"}}
{"recorder_version":"31","session":"f23d21d3a3f0","build":"193.5662.53","bucket":"159","time":1590245184539,"group":{"id":"performance","version":"31"},"event":{"count":1,"data":{"duration_ms":181,"created":1590245184539},"id":"ui.lagging"}}
{"recorder_version":"31","session":"f23d21d3a3f0","build":"193.5662.53","bucket":"159","time":1590245185539,"group":{"id":"performance","version":"31"},"event":{"count":1,"data":{"duration_ms":179,"created":1590245185539},"id":"ui.lagging"}}
{"recorder_version":"31","session":"f23d21d3a3f0","build":"193.5662.53","bucket":"159","time":1590245185626,"group":{"id":"indexing","version":"2"},"event":{"count":1,"data":{"ide_activity_id":1,"created":1590245185626,"project":"d119a6d897fcb33934b9adf90ec59bc9e850f90f58367fa567dc99031a6fc921"},"id":"started"}}
{"recorder_version":"31","session":"f23d21d3a3f0","build":"193.5662.53","bucket":"159","time":1590245185695,"group":{"id":"project.fs","version":"1"},"event":{"state":true,"data":{"os":"Mac","cs-project":false,"created":1590245185695,"project":"d119a6d897fcb33934b9adf90ec59bc9e850f90f58367fa567dc99031a6fc921","cs-implicit":true,"cs-system":false},"id":"case-sensitivity"}}
{"recorder_version":"31","session":"f23d21d3a3f0","build":"193.5662.53","bucket":"159","time":1590245185695,"group":{"id":"project.fs","version":"1"},"event":{"state":true,"data":{"created":1590245185696},"id":"invoked"}}
{"recorder_version":"31","session":"f23d21d3a3f0","build":"193.5662.53","bucket":"159","time":1590245185696,"group":{"id":"project.fs","version":"1"},"event":{"state":true,"data":{"pct-non-watched":0,"created":1590245185696,"project":"d119a6d897fcb33934b9adf90ec59bc9e850f90f58367fa567dc99031a6fc921"},"id":"roots-watched"}}
{"recorder_version":"31","session":"f23d21d3a3f0","build":"193.5662.53","bucket":"159","time":1590245185696,"group":{"id":"project.fs","version":"1"},"event":{"state":true,"data":{"created":1590245185696},"id":"invoked"}}
{"recorder_version":"31","session":"f23d21d3a3f0","build":"193.5662.53","bucket":"159","time":1590245185798,"group":{"id":"indexing","version":"2"},"event":{"count":1,"data":{"ide_activity_id":1,"stage_class":"com.intellij.util.indexing.UnindexedFilesUpdater","created":1590245185798,"plugin_type":"PLATFORM"},"id":"stage"}}
{"recorder_version":"31","session":"f23d21d3a3f0","build":"193.5662.53","bucket":"159","time":1590245185798,"group":{"id":"ui.dialogs","version":"31"},"event":{"count":1,"data":{"code":1,"created":1590245185799,"plugin_type":"PLATFORM","dialog_class":"com.intellij.openapi.progress.util.ProgressDialog$MyDialogWrapper"},"id":"close"}}
{"recorder_version":"31","session":"f23d21d3a3f0","build":"193.5662.53","bucket":"159","time":1590245185974,"group":{"id":"lifecycle","version":"31"},"event":{"count":1,"data":{"duration_ms":5861,"created":1590245185974,"project":"d119a6d897fcb33934b9adf90ec59bc9e850f90f58367fa567dc99031a6fc921"},"id":"project.opening.finished"}}
{"recorder_version":"31","session":"f23d21d3a3f0","build":"193.5662.53","bucket":"159","time":1590245188497,"group":{"id":"indexing","version":"2"},"event":{"count":1,"data":{"duration_ms":2871,"ide_activity_id":1,"created":1590245188499},"id":"finished"}}
{"recorder_version":"31","session":"f23d21d3a3f0","build":"193.5662.53","bucket":"159","time":1590245188623,"group":{"id":"indexing","version":"2"},"event":{"count":1,"data":{"ide_activity_id":2,"created":1590245188624,"project":"d119a6d897fcb33934b9adf90ec59bc9e850f90f58367fa567dc99031a6fc921"},"id":"started"}}
{"recorder_version":"31","session":"f23d21d3a3f0","build":"193.5662.53","bucket":"159","time":1590245188638,"group":{"id":"indexing","version":"2"},"event":{"count":1,"data":{"ide_activity_id":2,"plugin":"org.jetbrains.android","stage_class":"com.android.tools.idea.res.ResourceFolderRepositoryFileCacheImpl$PruneTask","created":1590245188638,"plugin_type":"JB_BUNDLED"},"id":"stage"}}
{"recorder_version":"31","session":"f23d21d3a3f0","build":"193.5662.53","bucket":"159","time":1590245188678,"group":{"id":"indexing","version":"2"},"event":{"count":1,"data":{"ide_activity_id":2,"plugin":"org.jetbrains.android","stage_class":"com.android.tools.idea.res.ResourceFolderRepositoryFileCacheImpl$ManageLruProjectFilesTask","created":1590245188678,"plugin_type":"JB_BUNDLED"},"id":"stage"}}
{"recorder_version":"31","session":"f23d21d3a3f0","build":"193.5662.53","bucket":"159","time":1590245188707,"group":{"id":"indexing","version":"2"},"event":{"count":1,"data":{"duration_ms":84,"ide_activity_id":2,"created":1590245188708},"id":"finished"}}
{"recorder_version":"31","session":"f23d21d3a3f0","build":"193.5662.53","bucket":"159","time":1590245188721,"group":{"id":"indexing","version":"2"},"event":{"count":1,"data":{"ide_activity_id":3,"created":1590245188722,"project":"d119a6d897fcb33934b9adf90ec59bc9e850f90f58367fa567dc99031a6fc921"},"id":"started"}}
{"recorder_version":"31","session":"f23d21d3a3f0","build":"193.5662.53","bucket":"159","time":1590245188726,"group":{"id":"indexing","version":"2"},"event":{"count":1,"data":{"ide_activity_id":3,"plugin":"org.jetbrains.android","stage_class":"com.android.tools.idea.res.ResourceFolderRegistry$PopulateCachesTask","created":1590245188727,"plugin_type":"JB_BUNDLED"},"id":"stage"}}
{"recorder_version":"31","session":"f23d21d3a3f0","build":"193.5662.53","bucket":"159","time":1590245188729,"group":{"id":"indexing","version":"2"},"event":{"count":1,"data":{"duration_ms":8,"ide_activity_id":3,"created":1590245188729},"id":"finished"}}
{"recorder_version":"31","session":"f23d21d3a3f0","build":"193.5662.53","bucket":"159","time":1590245190818,"group":{"id":"actions","version":"31"},"event":{"count":1,"data":{"context_menu":true,"action_id":"third.party","created":1590245190818,"plugin_type":"NOT_LISTED","project":"d119a6d897fcb33934b9adf90ec59bc9e850f90f58367fa567dc99031a6fc921","place":"MainMenu","class":"third.party","input_event":"NoMouseButton"},"id":"action.invoked"}}
{"recorder_version":"31","session":"f23d21d3a3f0","build":"193.5662.53","bucket":"159","time":1590245190819,"group":{"id":"startup","version":"1"},"event":{"count":1,"data":{"duration":2155,"created":1590245190819},"id":"appInit"}}
{"recorder_version":"31","session":"f23d21d3a3f0","build":"193.5662.53","bucket":"159","time":1590245190819,"group":{"id":"startup","version":"1"},"event":{"count":1,"data":{"duration":369,"created":1590245190819},"id":"splash"}}
{"recorder_version":"31","session":"f23d21d3a3f0","build":"193.5662.53","bucket":"159","time":1590245190819,"group":{"id":"startup","version":"1"},"event":{"count":1,"data":{"duration":407,"created":1590245190819},"id":"bootstrap"}}
{"recorder_version":"31","session":"f23d21d3a3f0","build":"193.5662.53","bucket":"159","time":1590245190819,"group":{"id":"startup","version":"1"},"event":{"count":1,"data":{"duration":9247,"created":1590245190819},"id":"totalDuration"}}
{"recorder_version":"31","session":"f23d21d3a3f0","build":"193.5662.53","bucket":"159","time":1590245193877,"group":{"id":"ui.dialogs","version":"31"},"event":{"count":1,"data":{"created":1590245193878,"plugin_type":"NOT_LISTED","dialog_class":"third.party"},"id":"show"}}
{"recorder_version":"31","session":"f23d21d3a3f0","build":"193.5662.53","bucket":"159","time":1590245199540,"group":{"id":"ui.dialogs","version":"31"},"event":{"count":1,"data":{"code":1,"created":1590245199540,"plugin_type":"NOT_LISTED","dialog_class":"third.party"},"id":"close"}}
{"recorder_version":"31","session":"f23d21d3a3f0","build":"193.5662.53","bucket":"159","time":1590245200771,"group":{"id":"ui.dialogs","version":"31"},"event":{"count":1,"data":{"created":1590245200771,"plugin_type":"NOT_LISTED","dialog_class":"third.party"},"id":"show"}}
{"recorder_version":"31","session":"f23d21d3a3f0","build":"193.5662.53","bucket":"159","time":1590245201580,"group":{"id":"ui.dialogs","version":"31"},"event":{"count":1,"data":{"code":1,"created":1590245201580,"plugin_type":"NOT_LISTED","dialog_class":"third.party"},"id":"close"}}
{"recorder_version":"31","session":"f23d21d3a3f0","build":"193.5662.53","bucket":"159","time":1590245202626,"group":{"id":"ui.dialogs","version":"31"},"event":{"count":1,"data":{"created":1590245202626,"plugin_type":"NOT_LISTED","dialog_class":"third.party"},"id":"show"}}
{"recorder_version":"31","session":"f23d21d3a3f0","build":"193.5662.53","bucket":"159","time":1590245203581,"group":{"id":"ui.dialogs","version":"31"},"event":{"count":1,"data":{"code":1,"created":1590245203582,"plugin_type":"NOT_LISTED","dialog_class":"third.party"},"id":"close"}}
