{"recorder_version":"31","session":"db07dca68568","build":"193.5662.53","bucket":"159","time":1589929148002,"group":{"id":"settings","version":"4"},"event":{"state":true,"data":{"component":"UISettings","created":1589929148211},"id":"invoked"}}
{"recorder_version":"31","session":"db07dca68568","build":"193.5662.53","bucket":"159","time":1589929148003,"group":{"id":"settings","version":"4"},"event":{"state":true,"data":{"component":"NotRoamableUiSettings","created":1589929148212},"id":"invoked"}}
{"recorder_version":"31","session":"db07dca68568","build":"193.5662.53","bucket":"159","time":1589929148009,"group":{"id":"system.java","version":"1"},"event":{"state":true,"data":{"created":1589929148219,"version":"validation.undefined_rule"},"id":"validation.undefined_rule"}}
{"recorder_version":"31","session":"db07dca68568","build":"193.5662.53","bucket":"159","time":1589929148009,"group":{"id":"system.java","version":"1"},"event":{"state":true,"data":{"created":1589929148219},"id":"invoked"}}
{"recorder_version":"31","session":"db07dca68568","build":"193.5662.53","bucket":"159","time":1589929148025,"group":{"id":"system.os","version":"3"},"event":{"state":true,"data":{"created":1589929148220,"version":"10.15"},"id":"Mac"}}
{"recorder_version":"31","session":"db07dca68568","build":"193.5662.53","bucket":"159","time":1589929148025,"group":{"id":"system.os","version":"3"},"event":{"state":true,"data":{"created":1589929148220,"name":"Mac","version":"10.15"},"id":"os.name"}}
{"recorder_version":"31","session":"db07dca68568","build":"193.5662.53","bucket":"159","time":1589929148025,"group":{"id":"system.os","version":"3"},"event":{"state":true,"data":{"created":1589929148220,"value":"+02_00"},"id":"os.timezone"}}
{"recorder_version":"31","session":"db07dca68568","build":"193.5662.53","bucket":"159","time":1589929148025,"group":{"id":"system.os","version":"3"},"event":{"state":true,"data":{"created":1589929148220},"id":"invoked"}}
{"recorder_version":"31","session":"db07dca68568","build":"193.5662.53","bucket":"159","time":1589929148147,"group":{"id":"settings","version":"4"},"event":{"state":true,"data":{"component":"UpdatesConfigurable","created":1589929148221,"name":"checkNeeded","type":"bool","value":false},"id":"not.default"}}
{"recorder_version":"31","session":"db07dca68568","build":"193.5662.53","bucket":"159","time":1589929148148,"group":{"id":"settings","version":"4"},"event":{"state":true,"data":{"component":"UpdatesConfigurable","created":1589929148221},"id":"invoked"}}
{"recorder_version":"31","session":"db07dca68568","build":"193.5662.53","bucket":"159","time":1589929148196,"group":{"id":"event.log","version":"31"},"event":{"count":1,"data":{"created":1589929148221,"version":"1261.0"},"id":"whitelist.loaded"}}
{"recorder_version":"31","session":"db07dca68568","build":"193.5662.53","bucket":"159","time":1589929148286,"group":{"id":"settings","version":"4"},"event":{"state":true,"data":{"component":"GeneralSettings","created":1589929148286,"name":"showTipsOnStartup","type":"bool","value":false},"id":"not.default"}}
{"recorder_version":"31","session":"db07dca68568","build":"193.5662.53","bucket":"159","time":1589929148286,"group":{"id":"settings","version":"4"},"event":{"state":true,"data":{"component":"GeneralSettings","created":1589929148286},"id":"invoked"}}
{"recorder_version":"31","session":"db07dca68568","build":"193.5662.53","bucket":"159","time":1589929148306,"group":{"id":"lifecycle","version":"31"},"event":{"count":1,"data":{"internal":true,"eap":false,"created":1589929148306},"id":"ide.start"}}
{"recorder_version":"31","session":"db07dca68568","build":"193.5662.53","bucket":"159","time":1589929148403,"group":{"id":"settings","version":"4"},"event":{"state":true,"data":{"component":"XmlEditorOptions","created":1589929148403},"id":"invoked"}}
{"recorder_version":"31","session":"db07dca68568","build":"193.5662.53","bucket":"159","time":1589929148929,"group":{"id":"settings","version":"4"},"event":{"state":true,"data":{"component":"VcsApplicationSettings","created":1589929148930},"id":"invoked"}}
{"recorder_version":"31","session":"db07dca68568","build":"193.5662.53","bucket":"159","time":1589929148930,"group":{"id":"lifecycle","version":"31"},"event":{"count":1,"data":{"created":1589929148930},"id":"frame.activated"}}
{"recorder_version":"31","session":"db07dca68568","build":"193.5662.53","bucket":"159","time":1589929149055,"group":{"id":"performance","version":"31"},"event":{"count":1,"data":{"duration_ms":148,"created":1589929149055},"id":"ui.latency"}}
{"recorder_version":"31","session":"db07dca68568","build":"193.5662.53","bucket":"159","time":1589929149055,"group":{"id":"performance","version":"31"},"event":{"count":1,"data":{"duration_ms":148,"created":1589929149055},"id":"ui.lagging"}}
{"recorder_version":"31","session":"db07dca68568","build":"193.5662.53","bucket":"159","time":1589929149198,"group":{"id":"ui.dialogs","version":"31"},"event":{"count":1,"data":{"created":1589929149198,"plugin_type":"PLATFORM","dialog_class":"com.intellij.openapi.progress.util.ProgressDialog$MyDialogWrapper"},"id":"show"}}
{"recorder_version":"31","session":"db07dca68568","build":"193.5662.53","bucket":"159","time":1589929150328,"group":{"id":"lifecycle","version":"31"},"event":{"count":1,"data":{"created":1589929150328,"project":"d119a6d897fcb33934b9adf90ec59bc9e850f90f58367fa567dc99031a6fc921"},"id":"project.opened"}}
{"recorder_version":"31","session":"db07dca68568","build":"193.5662.53","bucket":"159","time":1589929150767,"group":{"id":"toolwindow","version":"31"},"event":{"count":1,"data":{"created":1589929150768,"plugin_type":"PLATFORM","id":"Event_Log"},"id":"activated"}}
{"recorder_version":"31","session":"db07dca68568","build":"193.5662.53","bucket":"159","time":1589929151323,"group":{"id":"performance","version":"31"},"event":{"count":1,"data":{"duration_ms":416,"created":1589929151323},"id":"ui.lagging"}}
{"recorder_version":"31","session":"db07dca68568","build":"193.5662.53","bucket":"159","time":1589929151984,"group":{"id":"project.fs","version":"1"},"event":{"state":true,"data":{"os":"Mac","cs-project":false,"created":1589929151984,"project":"d119a6d897fcb33934b9adf90ec59bc9e850f90f58367fa567dc99031a6fc921","cs-implicit":true,"cs-system":false},"id":"case-sensitivity"}}
{"recorder_version":"31","session":"db07dca68568","build":"193.5662.53","bucket":"159","time":1589929151984,"group":{"id":"project.fs","version":"1"},"event":{"state":true,"data":{"created":1589929151985},"id":"invoked"}}
{"recorder_version":"31","session":"db07dca68568","build":"193.5662.53","bucket":"159","time":1589929151985,"group":{"id":"project.fs","version":"1"},"event":{"state":true,"data":{"pct-non-watched":0,"created":1589929151985,"project":"d119a6d897fcb33934b9adf90ec59bc9e850f90f58367fa567dc99031a6fc921"},"id":"roots-watched"}}
{"recorder_version":"31","session":"db07dca68568","build":"193.5662.53","bucket":"159","time":1589929151985,"group":{"id":"project.fs","version":"1"},"event":{"state":true,"data":{"created":1589929151985},"id":"invoked"}}
{"recorder_version":"31","session":"db07dca68568","build":"193.5662.53","bucket":"159","time":1589929152040,"group":{"id":"performance","version":"31"},"event":{"count":1,"data":{"duration_ms":129,"created":1589929152040},"id":"ui.lagging"}}
{"recorder_version":"31","session":"db07dca68568","build":"193.5662.53","bucket":"159","time":1589929152147,"group":{"id":"indexing","version":"2"},"event":{"count":1,"data":{"ide_activity_id":1,"created":1589929152147,"project":"d119a6d897fcb33934b9adf90ec59bc9e850f90f58367fa567dc99031a6fc921"},"id":"started"}}
{"recorder_version":"31","session":"db07dca68568","build":"193.5662.53","bucket":"159","time":1589929152161,"group":{"id":"ui.dialogs","version":"31"},"event":{"count":1,"data":{"code":1,"created":1589929152162,"plugin_type":"PLATFORM","dialog_class":"com.intellij.openapi.progress.util.ProgressDialog$MyDialogWrapper"},"id":"close"}}
{"recorder_version":"31","session":"db07dca68568","build":"193.5662.53","bucket":"159","time":1589929152167,"group":{"id":"indexing","version":"2"},"event":{"count":1,"data":{"ide_activity_id":1,"stage_class":"com.intellij.util.indexing.UnindexedFilesUpdater","created":1589929152167,"plugin_type":"PLATFORM"},"id":"stage"}}
{"recorder_version":"31","session":"db07dca68568","build":"193.5662.53","bucket":"159","time":1589929152276,"group":{"id":"lifecycle","version":"31"},"event":{"count":1,"data":{"duration_ms":3866,"created":1589929152276,"project":"d119a6d897fcb33934b9adf90ec59bc9e850f90f58367fa567dc99031a6fc921"},"id":"project.opening.finished"}}
{"recorder_version":"31","session":"db07dca68568","build":"193.5662.53","bucket":"159","time":1589929153612,"group":{"id":"indexing","version":"2"},"event":{"count":1,"data":{"duration_ms":1465,"ide_activity_id":1,"created":1589929153612},"id":"finished"}}
{"recorder_version":"31","session":"db07dca68568","build":"193.5662.53","bucket":"159","time":1589929153679,"group":{"id":"indexing","version":"2"},"event":{"count":1,"data":{"ide_activity_id":2,"created":1589929153679,"project":"d119a6d897fcb33934b9adf90ec59bc9e850f90f58367fa567dc99031a6fc921"},"id":"started"}}
{"recorder_version":"31","session":"db07dca68568","build":"193.5662.53","bucket":"159","time":1589929153690,"group":{"id":"indexing","version":"2"},"event":{"count":1,"data":{"ide_activity_id":2,"plugin":"org.jetbrains.android","stage_class":"com.android.tools.idea.res.ResourceFolderRepositoryFileCacheImpl$PruneTask","created":1589929153693,"plugin_type":"JB_BUNDLED"},"id":"stage"}}
{"recorder_version":"31","session":"db07dca68568","build":"193.5662.53","bucket":"159","time":1589929153746,"group":{"id":"indexing","version":"2"},"event":{"count":1,"data":{"ide_activity_id":2,"plugin":"org.jetbrains.android","stage_class":"com.android.tools.idea.res.ResourceFolderRepositoryFileCacheImpl$ManageLruProjectFilesTask","created":1589929153746,"plugin_type":"JB_BUNDLED"},"id":"stage"}}
{"recorder_version":"31","session":"db07dca68568","build":"193.5662.53","bucket":"159","time":1589929153767,"group":{"id":"indexing","version":"2"},"event":{"count":1,"data":{"duration_ms":88,"ide_activity_id":2,"created":1589929153767},"id":"finished"}}
{"recorder_version":"31","session":"db07dca68568","build":"193.5662.53","bucket":"159","time":1589929153779,"group":{"id":"indexing","version":"2"},"event":{"count":1,"data":{"ide_activity_id":3,"created":1589929153779,"project":"d119a6d897fcb33934b9adf90ec59bc9e850f90f58367fa567dc99031a6fc921"},"id":"started"}}
{"recorder_version":"31","session":"db07dca68568","build":"193.5662.53","bucket":"159","time":1589929153780,"group":{"id":"indexing","version":"2"},"event":{"count":1,"data":{"ide_activity_id":3,"plugin":"org.jetbrains.android","stage_class":"com.android.tools.idea.res.ResourceFolderRegistry$PopulateCachesTask","created":1589929153780,"plugin_type":"JB_BUNDLED"},"id":"stage"}}
{"recorder_version":"31","session":"db07dca68568","build":"193.5662.53","bucket":"159","time":1589929153782,"group":{"id":"indexing","version":"2"},"event":{"count":1,"data":{"duration_ms":3,"ide_activity_id":3,"created":1589929153782},"id":"finished"}}
{"recorder_version":"31","session":"db07dca68568","build":"193.5662.53","bucket":"159","time":1589929155865,"group":{"id":"actions","version":"31"},"event":{"count":1,"data":{"context_menu":true,"action_id":"third.party","created":1589929155865,"plugin_type":"NOT_LISTED","project":"d119a6d897fcb33934b9adf90ec59bc9e850f90f58367fa567dc99031a6fc921","place":"MainMenu","class":"third.party","input_event":"NoMouseButton"},"id":"action.invoked"}}
{"recorder_version":"31","session":"db07dca68568","build":"193.5662.53","bucket":"159","time":1589929157090,"group":{"id":"startup","version":"1"},"event":{"count":1,"data":{"duration":1488,"created":1589929157090},"id":"appInit"}}
{"recorder_version":"31","session":"db07dca68568","build":"193.5662.53","bucket":"159","time":1589929157090,"group":{"id":"startup","version":"1"},"event":{"count":1,"data":{"duration":331,"created":1589929157090},"id":"splash"}}
{"recorder_version":"31","session":"db07dca68568","build":"193.5662.53","bucket":"159","time":1589929157090,"group":{"id":"startup","version":"1"},"event":{"count":1,"data":{"duration":341,"created":1589929157090},"id":"bootstrap"}}
{"recorder_version":"31","session":"db07dca68568","build":"193.5662.53","bucket":"159","time":1589929157090,"group":{"id":"startup","version":"1"},"event":{"count":1,"data":{"duration":6554,"created":1589929157090},"id":"totalDuration"}}
