{"recorder_version":"31","session":"d8499857b215","build":"193.5662.53","bucket":"159","time":1589930066302,"group":{"id":"settings","version":"4"},"event":{"state":true,"data":{"component":"NotRoamableUiSettings","created":1589930066825},"id":"invoked"}}
{"recorder_version":"31","session":"d8499857b215","build":"193.5662.53","bucket":"159","time":1589930066304,"group":{"id":"settings","version":"4"},"event":{"state":true,"data":{"component":"UISettings","created":1589930066829},"id":"invoked"}}
{"recorder_version":"31","session":"d8499857b215","build":"193.5662.53","bucket":"159","time":1589930066322,"group":{"id":"system.java","version":"1"},"event":{"state":true,"data":{"created":1589930066866,"version":"validation.undefined_rule"},"id":"validation.undefined_rule"}}
{"recorder_version":"31","session":"d8499857b215","build":"193.5662.53","bucket":"159","time":1589930066322,"group":{"id":"system.java","version":"1"},"event":{"state":true,"data":{"created":1589930066867},"id":"invoked"}}
{"recorder_version":"31","session":"d8499857b215","build":"193.5662.53","bucket":"159","time":1589930066353,"group":{"id":"system.os","version":"3"},"event":{"state":true,"data":{"created":1589930066867,"version":"10.15"},"id":"Mac"}}
{"recorder_version":"31","session":"d8499857b215","build":"193.5662.53","bucket":"159","time":1589930066353,"group":{"id":"system.os","version":"3"},"event":{"state":true,"data":{"created":1589930066879,"name":"Mac","version":"10.15"},"id":"os.name"}}
{"recorder_version":"31","session":"d8499857b215","build":"193.5662.53","bucket":"159","time":1589930066353,"group":{"id":"system.os","version":"3"},"event":{"state":true,"data":{"created":1589930066883,"value":"+02_00"},"id":"os.timezone"}}
{"recorder_version":"31","session":"d8499857b215","build":"193.5662.53","bucket":"159","time":1589930066353,"group":{"id":"system.os","version":"3"},"event":{"state":true,"data":{"created":1589930066883},"id":"invoked"}}
{"recorder_version":"31","session":"d8499857b215","build":"193.5662.53","bucket":"159","time":1589930066578,"group":{"id":"settings","version":"4"},"event":{"state":true,"data":{"component":"UpdatesConfigurable","created":1589930066884,"name":"checkNeeded","type":"bool","value":false},"id":"not.default"}}
{"recorder_version":"31","session":"d8499857b215","build":"193.5662.53","bucket":"159","time":1589930066578,"group":{"id":"settings","version":"4"},"event":{"state":true,"data":{"component":"UpdatesConfigurable","created":1589930066884},"id":"invoked"}}
{"recorder_version":"31","session":"d8499857b215","build":"193.5662.53","bucket":"159","time":1589930066748,"group":{"id":"event.log","version":"31"},"event":{"count":1,"data":{"created":1589930066885,"version":"1261.0"},"id":"whitelist.loaded"}}
{"recorder_version":"31","session":"d8499857b215","build":"193.5662.53","bucket":"159","time":1589930066904,"group":{"id":"settings","version":"4"},"event":{"state":true,"data":{"component":"GeneralSettings","created":1589930066904,"name":"showTipsOnStartup","type":"bool","value":false},"id":"not.default"}}
{"recorder_version":"31","session":"d8499857b215","build":"193.5662.53","bucket":"159","time":1589930066904,"group":{"id":"settings","version":"4"},"event":{"state":true,"data":{"component":"GeneralSettings","created":1589930066907},"id":"invoked"}}
{"recorder_version":"31","session":"d8499857b215","build":"193.5662.53","bucket":"159","time":1589930066935,"group":{"id":"lifecycle","version":"31"},"event":{"count":1,"data":{"internal":true,"eap":false,"created":1589930066935},"id":"ide.start"}}
{"recorder_version":"31","session":"d8499857b215","build":"193.5662.53","bucket":"159","time":1589930067016,"group":{"id":"settings","version":"4"},"event":{"state":true,"data":{"component":"XmlEditorOptions","created":1589930067016},"id":"invoked"}}
{"recorder_version":"31","session":"d8499857b215","build":"193.5662.53","bucket":"159","time":1589930068068,"group":{"id":"settings","version":"4"},"event":{"state":true,"data":{"component":"VcsApplicationSettings","created":1589930068068},"id":"invoked"}}
{"recorder_version":"31","session":"d8499857b215","build":"193.5662.53","bucket":"159","time":1589930068068,"group":{"id":"lifecycle","version":"31"},"event":{"count":1,"data":{"created":1589930068068},"id":"frame.activated"}}
{"recorder_version":"31","session":"d8499857b215","build":"193.5662.53","bucket":"159","time":1589930068162,"group":{"id":"performance","version":"31"},"event":{"count":1,"data":{"duration_ms":918,"created":1589930068162},"id":"ui.latency"}}
{"recorder_version":"31","session":"d8499857b215","build":"193.5662.53","bucket":"159","time":1589930068162,"group":{"id":"performance","version":"31"},"event":{"count":1,"data":{"duration_ms":918,"created":1589930068163},"id":"ui.lagging"}}
{"recorder_version":"31","session":"d8499857b215","build":"193.5662.53","bucket":"159","time":1589930068409,"group":{"id":"performance","version":"31"},"event":{"count":1,"data":{"duration_ms":219,"created":1589930068409},"id":"ui.lagging"}}
{"recorder_version":"31","session":"d8499857b215","build":"193.5662.53","bucket":"159","time":1589930068440,"group":{"id":"ui.dialogs","version":"31"},"event":{"count":1,"data":{"created":1589930068441,"plugin_type":"PLATFORM","dialog_class":"com.intellij.openapi.progress.util.ProgressDialog$MyDialogWrapper"},"id":"show"}}
{"recorder_version":"31","session":"d8499857b215","build":"193.5662.53","bucket":"159","time":1589930070081,"group":{"id":"lifecycle","version":"31"},"event":{"count":1,"data":{"created":1589930070081,"project":"d119a6d897fcb33934b9adf90ec59bc9e850f90f58367fa567dc99031a6fc921"},"id":"project.opened"}}
{"recorder_version":"31","session":"d8499857b215","build":"193.5662.53","bucket":"159","time":1589930070695,"group":{"id":"performance","version":"31"},"event":{"count":1,"data":{"duration_ms":503,"created":1589930070695},"id":"ui.lagging"}}
{"recorder_version":"31","session":"d8499857b215","build":"193.5662.53","bucket":"159","time":1589930070714,"group":{"id":"toolwindow","version":"31"},"event":{"count":1,"data":{"created":1589930070715,"plugin_type":"PLATFORM","id":"Event_Log"},"id":"activated"}}
{"recorder_version":"31","session":"d8499857b215","build":"193.5662.53","bucket":"159","time":1589930071613,"group":{"id":"performance","version":"31"},"event":{"count":1,"data":{"duration_ms":420,"created":1589930071613},"id":"ui.lagging"}}
{"recorder_version":"31","session":"d8499857b215","build":"193.5662.53","bucket":"159","time":1589930072431,"group":{"id":"performance","version":"31"},"event":{"count":1,"data":{"duration_ms":237,"created":1589930072431},"id":"ui.lagging"}}
{"recorder_version":"31","session":"d8499857b215","build":"193.5662.53","bucket":"159","time":1589930072677,"group":{"id":"project.fs","version":"1"},"event":{"state":true,"data":{"os":"Mac","cs-project":false,"created":1589930072677,"project":"d119a6d897fcb33934b9adf90ec59bc9e850f90f58367fa567dc99031a6fc921","cs-implicit":true,"cs-system":false},"id":"case-sensitivity"}}
{"recorder_version":"31","session":"d8499857b215","build":"193.5662.53","bucket":"159","time":1589930072677,"group":{"id":"project.fs","version":"1"},"event":{"state":true,"data":{"created":1589930072677},"id":"invoked"}}
{"recorder_version":"31","session":"d8499857b215","build":"193.5662.53","bucket":"159","time":1589930072678,"group":{"id":"project.fs","version":"1"},"event":{"state":true,"data":{"pct-non-watched":0,"created":1589930072678,"project":"d119a6d897fcb33934b9adf90ec59bc9e850f90f58367fa567dc99031a6fc921"},"id":"roots-watched"}}
{"recorder_version":"31","session":"d8499857b215","build":"193.5662.53","bucket":"159","time":1589930072678,"group":{"id":"project.fs","version":"1"},"event":{"state":true,"data":{"created":1589930072679},"id":"invoked"}}
{"recorder_version":"31","session":"d8499857b215","build":"193.5662.53","bucket":"159","time":1589930072787,"group":{"id":"ui.dialogs","version":"31"},"event":{"count":1,"data":{"code":1,"created":1589930072788,"plugin_type":"PLATFORM","dialog_class":"com.intellij.openapi.progress.util.ProgressDialog$MyDialogWrapper"},"id":"close"}}
{"recorder_version":"31","session":"d8499857b215","build":"193.5662.53","bucket":"159","time":1589930072866,"group":{"id":"indexing","version":"2"},"event":{"count":1,"data":{"ide_activity_id":1,"created":1589930072867,"project":"d119a6d897fcb33934b9adf90ec59bc9e850f90f58367fa567dc99031a6fc921"},"id":"started"}}
{"recorder_version":"31","session":"d8499857b215","build":"193.5662.53","bucket":"159","time":1589930072997,"group":{"id":"indexing","version":"2"},"event":{"count":1,"data":{"ide_activity_id":1,"stage_class":"com.intellij.util.indexing.UnindexedFilesUpdater","created":1589930072998,"plugin_type":"PLATFORM"},"id":"stage"}}
{"recorder_version":"31","session":"d8499857b215","build":"193.5662.53","bucket":"159","time":1589930073172,"group":{"id":"lifecycle","version":"31"},"event":{"count":1,"data":{"duration_ms":6148,"created":1589930073173,"project":"d119a6d897fcb33934b9adf90ec59bc9e850f90f58367fa567dc99031a6fc921"},"id":"project.opening.finished"}}
{"recorder_version":"31","session":"d8499857b215","build":"193.5662.53","bucket":"159","time":1589930075053,"group":{"id":"indexing","version":"2"},"event":{"count":1,"data":{"duration_ms":2187,"ide_activity_id":1,"created":1589930075054},"id":"finished"}}
{"recorder_version":"31","session":"d8499857b215","build":"193.5662.53","bucket":"159","time":1589930075142,"group":{"id":"indexing","version":"2"},"event":{"count":1,"data":{"ide_activity_id":2,"created":1589930075143,"project":"d119a6d897fcb33934b9adf90ec59bc9e850f90f58367fa567dc99031a6fc921"},"id":"started"}}
{"recorder_version":"31","session":"d8499857b215","build":"193.5662.53","bucket":"159","time":1589930075159,"group":{"id":"indexing","version":"2"},"event":{"count":1,"data":{"ide_activity_id":2,"plugin":"org.jetbrains.android","stage_class":"com.android.tools.idea.res.ResourceFolderRepositoryFileCacheImpl$PruneTask","created":1589930075159,"plugin_type":"JB_BUNDLED"},"id":"stage"}}
{"recorder_version":"31","session":"d8499857b215","build":"193.5662.53","bucket":"159","time":1589930075198,"group":{"id":"indexing","version":"2"},"event":{"count":1,"data":{"ide_activity_id":2,"plugin":"org.jetbrains.android","stage_class":"com.android.tools.idea.res.ResourceFolderRepositoryFileCacheImpl$ManageLruProjectFilesTask","created":1589930075199,"plugin_type":"JB_BUNDLED"},"id":"stage"}}
{"recorder_version":"31","session":"d8499857b215","build":"193.5662.53","bucket":"159","time":1589930075225,"group":{"id":"indexing","version":"2"},"event":{"count":1,"data":{"duration_ms":83,"ide_activity_id":2,"created":1589930075226},"id":"finished"}}
{"recorder_version":"31","session":"d8499857b215","build":"193.5662.53","bucket":"159","time":1589930075237,"group":{"id":"indexing","version":"2"},"event":{"count":1,"data":{"ide_activity_id":3,"created":1589930075237,"project":"d119a6d897fcb33934b9adf90ec59bc9e850f90f58367fa567dc99031a6fc921"},"id":"started"}}
{"recorder_version":"31","session":"d8499857b215","build":"193.5662.53","bucket":"159","time":1589930075238,"group":{"id":"indexing","version":"2"},"event":{"count":1,"data":{"ide_activity_id":3,"plugin":"org.jetbrains.android","stage_class":"com.android.tools.idea.res.ResourceFolderRegistry$PopulateCachesTask","created":1589930075239,"plugin_type":"JB_BUNDLED"},"id":"stage"}}
{"recorder_version":"31","session":"d8499857b215","build":"193.5662.53","bucket":"159","time":1589930075240,"group":{"id":"indexing","version":"2"},"event":{"count":1,"data":{"duration_ms":3,"ide_activity_id":3,"created":1589930075240},"id":"finished"}}
{"recorder_version":"31","session":"d8499857b215","build":"193.5662.53","bucket":"159","time":1589930076954,"group":{"id":"actions","version":"31"},"event":{"count":1,"data":{"context_menu":true,"action_id":"third.party","created":1589930076954,"plugin_type":"NOT_LISTED","project":"d119a6d897fcb33934b9adf90ec59bc9e850f90f58367fa567dc99031a6fc921","place":"MainMenu","class":"third.party","input_event":"NoMouseButton"},"id":"action.invoked"}}
{"recorder_version":"31","session":"d8499857b215","build":"193.5662.53","bucket":"159","time":1589930077772,"group":{"id":"startup","version":"1"},"event":{"count":1,"data":{"duration":2032,"created":1589930077772},"id":"appInit"}}
{"recorder_version":"31","session":"d8499857b215","build":"193.5662.53","bucket":"159","time":1589930077772,"group":{"id":"startup","version":"1"},"event":{"count":1,"data":{"duration":380,"created":1589930077773},"id":"splash"}}
{"recorder_version":"31","session":"d8499857b215","build":"193.5662.53","bucket":"159","time":1589930077772,"group":{"id":"startup","version":"1"},"event":{"count":1,"data":{"duration":340,"created":1589930077773},"id":"bootstrap"}}
{"recorder_version":"31","session":"d8499857b215","build":"193.5662.53","bucket":"159","time":1589930077772,"group":{"id":"startup","version":"1"},"event":{"count":1,"data":{"duration":9099,"created":1589930077773},"id":"totalDuration"}}
{"recorder_version":"31","session":"d8499857b215","build":"193.5662.53","bucket":"159","time":1589930078800,"group":{"id":"ui.dialogs","version":"31"},"event":{"count":1,"data":{"created":1589930078801,"plugin_type":"PLATFORM","dialog_class":"com.intellij.openapi.ui.DialogBuilder$MyDialogWrapper"},"id":"show"}}
{"recorder_version":"31","session":"d8499857b215","build":"193.5662.53","bucket":"159","time":1589930084578,"group":{"id":"ui.dialogs","version":"31"},"event":{"count":1,"data":{"code":1,"created":1589930084578,"plugin_type":"PLATFORM","dialog_class":"com.intellij.openapi.ui.DialogBuilder$MyDialogWrapper"},"id":"close"}}
