{"recorder_version":"31","session":"579de4524393","build":"193.5662.53","bucket":"159","time":1589723984054,"group":{"id":"settings","version":"4"},"event":{"state":true,"data":{"component":"UISettings","created":1589723984267},"id":"invoked"}}
{"recorder_version":"31","session":"579de4524393","build":"193.5662.53","bucket":"159","time":1589723984054,"group":{"id":"settings","version":"4"},"event":{"state":true,"data":{"component":"NotRoamableUiSettings","created":1589723984268},"id":"invoked"}}
{"recorder_version":"31","session":"579de4524393","build":"193.5662.53","bucket":"159","time":1589723984060,"group":{"id":"system.java","version":"1"},"event":{"state":true,"data":{"created":1589723984278,"version":"validation.undefined_rule"},"id":"validation.undefined_rule"}}
{"recorder_version":"31","session":"579de4524393","build":"193.5662.53","bucket":"159","time":1589723984060,"group":{"id":"system.java","version":"1"},"event":{"state":true,"data":{"created":1589723984278},"id":"invoked"}}
{"recorder_version":"31","session":"579de4524393","build":"193.5662.53","bucket":"159","time":1589723984080,"group":{"id":"system.os","version":"3"},"event":{"state":true,"data":{"created":1589723984279,"version":"10.15"},"id":"Mac"}}
{"recorder_version":"31","session":"579de4524393","build":"193.5662.53","bucket":"159","time":1589723984080,"group":{"id":"system.os","version":"3"},"event":{"state":true,"data":{"created":1589723984279,"name":"Mac","version":"10.15"},"id":"os.name"}}
{"recorder_version":"31","session":"579de4524393","build":"193.5662.53","bucket":"159","time":1589723984080,"group":{"id":"system.os","version":"3"},"event":{"state":true,"data":{"created":1589723984279,"value":"+02_00"},"id":"os.timezone"}}
{"recorder_version":"31","session":"579de4524393","build":"193.5662.53","bucket":"159","time":1589723984080,"group":{"id":"system.os","version":"3"},"event":{"state":true,"data":{"created":1589723984280},"id":"invoked"}}
{"recorder_version":"31","session":"579de4524393","build":"193.5662.53","bucket":"159","time":1589723984213,"group":{"id":"settings","version":"4"},"event":{"state":true,"data":{"component":"UpdatesConfigurable","created":1589723984281,"name":"checkNeeded","type":"bool","value":false},"id":"not.default"}}
{"recorder_version":"31","session":"579de4524393","build":"193.5662.53","bucket":"159","time":1589723984213,"group":{"id":"settings","version":"4"},"event":{"state":true,"data":{"component":"UpdatesConfigurable","created":1589723984282},"id":"invoked"}}
{"recorder_version":"31","session":"579de4524393","build":"193.5662.53","bucket":"159","time":1589723984248,"group":{"id":"event.log","version":"31"},"event":{"count":1,"data":{"created":1589723984282,"version":"1258.0"},"id":"whitelist.loaded"}}
{"recorder_version":"31","session":"579de4524393","build":"193.5662.53","bucket":"159","time":1589723984346,"group":{"id":"settings","version":"4"},"event":{"state":true,"data":{"component":"GeneralSettings","created":1589723984346,"name":"showTipsOnStartup","type":"bool","value":false},"id":"not.default"}}
{"recorder_version":"31","session":"579de4524393","build":"193.5662.53","bucket":"159","time":1589723984346,"group":{"id":"settings","version":"4"},"event":{"state":true,"data":{"component":"GeneralSettings","created":1589723984347},"id":"invoked"}}
{"recorder_version":"31","session":"579de4524393","build":"193.5662.53","bucket":"159","time":1589723984436,"group":{"id":"lifecycle","version":"31"},"event":{"count":1,"data":{"internal":true,"eap":false,"created":1589723984437},"id":"ide.start"}}
{"recorder_version":"31","session":"579de4524393","build":"193.5662.53","bucket":"159","time":1589723984457,"group":{"id":"settings","version":"4"},"event":{"state":true,"data":{"component":"XmlEditorOptions","created":1589723984457},"id":"invoked"}}
{"recorder_version":"31","session":"579de4524393","build":"193.5662.53","bucket":"159","time":1589723984944,"group":{"id":"settings","version":"4"},"event":{"state":true,"data":{"component":"VcsApplicationSettings","created":1589723984944},"id":"invoked"}}
{"recorder_version":"31","session":"579de4524393","build":"193.5662.53","bucket":"159","time":1589723984944,"group":{"id":"lifecycle","version":"31"},"event":{"count":1,"data":{"created":1589723984944},"id":"frame.activated"}}
{"recorder_version":"31","session":"579de4524393","build":"193.5662.53","bucket":"159","time":1589723985051,"group":{"id":"ui.dialogs","version":"31"},"event":{"count":1,"data":{"created":1589723985052,"plugin_type":"PLATFORM","dialog_class":"com.intellij.openapi.progress.util.ProgressDialog$MyDialogWrapper"},"id":"show"}}
{"recorder_version":"31","session":"579de4524393","build":"193.5662.53","bucket":"159","time":1589723985144,"group":{"id":"performance","version":"31"},"event":{"count":1,"data":{"duration_ms":171,"created":1589723985144},"id":"ui.latency"}}
{"recorder_version":"31","session":"579de4524393","build":"193.5662.53","bucket":"159","time":1589723985144,"group":{"id":"performance","version":"31"},"event":{"count":1,"data":{"duration_ms":171,"created":1589723985144},"id":"ui.lagging"}}
{"recorder_version":"31","session":"579de4524393","build":"193.5662.53","bucket":"159","time":1589723986191,"group":{"id":"lifecycle","version":"31"},"event":{"count":1,"data":{"created":1589723986191,"project":"d119a6d897fcb33934b9adf90ec59bc9e850f90f58367fa567dc99031a6fc921"},"id":"project.opened"}}
{"recorder_version":"31","session":"579de4524393","build":"193.5662.53","bucket":"159","time":1589723986462,"group":{"id":"performance","version":"31"},"event":{"count":1,"data":{"duration_ms":489,"created":1589723986462},"id":"ui.lagging"}}
{"recorder_version":"31","session":"579de4524393","build":"193.5662.53","bucket":"159","time":1589723987110,"group":{"id":"indexing","version":"2"},"event":{"count":1,"data":{"ide_activity_id":1,"created":1589723987111,"project":"d119a6d897fcb33934b9adf90ec59bc9e850f90f58367fa567dc99031a6fc921"},"id":"started"}}
{"recorder_version":"31","session":"579de4524393","build":"193.5662.53","bucket":"159","time":1589723987117,"group":{"id":"indexing","version":"2"},"event":{"count":1,"data":{"ide_activity_id":1,"stage_class":"com.intellij.util.indexing.UnindexedFilesUpdater","created":1589723987117,"plugin_type":"PLATFORM"},"id":"stage"}}
{"recorder_version":"31","session":"579de4524393","build":"193.5662.53","bucket":"159","time":1589723987211,"group":{"id":"project.fs","version":"1"},"event":{"state":true,"data":{"os":"Mac","cs-project":false,"created":1589723987211,"project":"d119a6d897fcb33934b9adf90ec59bc9e850f90f58367fa567dc99031a6fc921","cs-implicit":true,"cs-system":false},"id":"case-sensitivity"}}
{"recorder_version":"31","session":"579de4524393","build":"193.5662.53","bucket":"159","time":1589723987211,"group":{"id":"project.fs","version":"1"},"event":{"state":true,"data":{"created":1589723987212},"id":"invoked"}}
{"recorder_version":"31","session":"579de4524393","build":"193.5662.53","bucket":"159","time":1589723987212,"group":{"id":"project.fs","version":"1"},"event":{"state":true,"data":{"pct-non-watched":0,"created":1589723987212,"project":"d119a6d897fcb33934b9adf90ec59bc9e850f90f58367fa567dc99031a6fc921"},"id":"roots-watched"}}
{"recorder_version":"31","session":"579de4524393","build":"193.5662.53","bucket":"159","time":1589723987212,"group":{"id":"project.fs","version":"1"},"event":{"state":true,"data":{"created":1589723987213},"id":"invoked"}}
{"recorder_version":"31","session":"579de4524393","build":"193.5662.53","bucket":"159","time":1589723987397,"group":{"id":"ui.dialogs","version":"31"},"event":{"count":1,"data":{"code":1,"created":1589723987398,"plugin_type":"PLATFORM","dialog_class":"com.intellij.openapi.progress.util.ProgressDialog$MyDialogWrapper"},"id":"close"}}
{"recorder_version":"31","session":"579de4524393","build":"193.5662.53","bucket":"159","time":1589723987507,"group":{"id":"lifecycle","version":"31"},"event":{"count":1,"data":{"duration_ms":3048,"created":1589723987507,"project":"d119a6d897fcb33934b9adf90ec59bc9e850f90f58367fa567dc99031a6fc921"},"id":"project.opening.finished"}}
{"recorder_version":"31","session":"579de4524393","build":"193.5662.53","bucket":"159","time":1589723988591,"group":{"id":"indexing","version":"2"},"event":{"count":1,"data":{"duration_ms":1481,"ide_activity_id":1,"created":1589723988592},"id":"finished"}}
{"recorder_version":"31","session":"579de4524393","build":"193.5662.53","bucket":"159","time":1589723988680,"group":{"id":"indexing","version":"2"},"event":{"count":1,"data":{"ide_activity_id":2,"created":1589723988680,"project":"d119a6d897fcb33934b9adf90ec59bc9e850f90f58367fa567dc99031a6fc921"},"id":"started"}}
{"recorder_version":"31","session":"579de4524393","build":"193.5662.53","bucket":"159","time":1589723988692,"group":{"id":"indexing","version":"2"},"event":{"count":1,"data":{"ide_activity_id":2,"plugin":"org.jetbrains.android","stage_class":"com.android.tools.idea.res.ResourceFolderRepositoryFileCacheImpl$PruneTask","created":1589723988693,"plugin_type":"JB_BUNDLED"},"id":"stage"}}
{"recorder_version":"31","session":"579de4524393","build":"193.5662.53","bucket":"159","time":1589723988718,"group":{"id":"indexing","version":"2"},"event":{"count":1,"data":{"ide_activity_id":2,"plugin":"org.jetbrains.android","stage_class":"com.android.tools.idea.res.ResourceFolderRepositoryFileCacheImpl$ManageLruProjectFilesTask","created":1589723988718,"plugin_type":"JB_BUNDLED"},"id":"stage"}}
{"recorder_version":"31","session":"579de4524393","build":"193.5662.53","bucket":"159","time":1589723988741,"group":{"id":"indexing","version":"2"},"event":{"count":1,"data":{"duration_ms":61,"ide_activity_id":2,"created":1589723988741},"id":"finished"}}
{"recorder_version":"31","session":"579de4524393","build":"193.5662.53","bucket":"159","time":1589723988750,"group":{"id":"indexing","version":"2"},"event":{"count":1,"data":{"ide_activity_id":3,"created":1589723988751,"project":"d119a6d897fcb33934b9adf90ec59bc9e850f90f58367fa567dc99031a6fc921"},"id":"started"}}
{"recorder_version":"31","session":"579de4524393","build":"193.5662.53","bucket":"159","time":1589723988752,"group":{"id":"indexing","version":"2"},"event":{"count":1,"data":{"ide_activity_id":3,"plugin":"org.jetbrains.android","stage_class":"com.android.tools.idea.res.ResourceFolderRegistry$PopulateCachesTask","created":1589723988753,"plugin_type":"JB_BUNDLED"},"id":"stage"}}
{"recorder_version":"31","session":"579de4524393","build":"193.5662.53","bucket":"159","time":1589723988754,"group":{"id":"indexing","version":"2"},"event":{"count":1,"data":{"duration_ms":4,"ide_activity_id":3,"created":1589723988754},"id":"finished"}}
{"recorder_version":"31","session":"579de4524393","build":"193.5662.53","bucket":"159","time":1589723989096,"group":{"id":"performance","version":"31"},"event":{"count":1,"data":{"duration_ms":112,"created":1589723989096},"id":"ui.lagging"}}
{"recorder_version":"31","session":"579de4524393","build":"193.5662.53","bucket":"159","time":1589723990231,"group":{"id":"actions","version":"31"},"event":{"count":1,"data":{"context_menu":true,"action_id":"third.party","created":1589723990231,"plugin_type":"NOT_LISTED","project":"d119a6d897fcb33934b9adf90ec59bc9e850f90f58367fa567dc99031a6fc921","place":"MainMenu","class":"third.party","input_event":"NoMouseButton"},"id":"action.invoked"}}
{"recorder_version":"31","session":"579de4524393","build":"193.5662.53","bucket":"159","time":1589723990337,"group":{"id":"lifecycle","version":"31"},"event":{"count":1,"data":{"error_hash":165947595,"created":1589723990337,"plugin_type":"NOT_LISTED","error_frames":["com.intellij.openapi.ui.DialogWrapper.ensureEventDispatchThread","com.intellij.openapi.ui.DialogWrapper.init","third.party","third.party","java.util.TimerThread.mainLoop","java.util.TimerThread.run"],"error":"java.lang.IllegalStateException","error_size":6},"id":"ide.error"}}
{"recorder_version":"31","session":"579de4524393","build":"193.5662.53","bucket":"159","time":1589723992364,"group":{"id":"startup","version":"1"},"event":{"count":1,"data":{"duration":1327,"created":1589723992364},"id":"appInit"}}
{"recorder_version":"31","session":"579de4524393","build":"193.5662.53","bucket":"159","time":1589723992364,"group":{"id":"startup","version":"1"},"event":{"count":1,"data":{"duration":220,"created":1589723992365},"id":"splash"}}
{"recorder_version":"31","session":"579de4524393","build":"193.5662.53","bucket":"159","time":1589723992364,"group":{"id":"startup","version":"1"},"event":{"count":1,"data":{"duration":287,"created":1589723992365},"id":"bootstrap"}}
{"recorder_version":"31","session":"579de4524393","build":"193.5662.53","bucket":"159","time":1589723992364,"group":{"id":"startup","version":"1"},"event":{"count":1,"data":{"duration":5636,"created":1589723992366},"id":"totalDuration"}}
{"recorder_version":"31","session":"579de4524393","build":"193.5662.53","bucket":"159","time":1589723993812,"group":{"id":"ui.dialogs","version":"31"},"event":{"count":1,"data":{"created":1589723993812,"plugin_type":"PLATFORM","dialog_class":"com.intellij.diagnostic.IdeMessagePanel$3"},"id":"show"}}
{"recorder_version":"31","session":"579de4524393","build":"193.5662.53","bucket":"159","time":1589724000894,"group":{"id":"ui.dialogs","version":"31"},"event":{"count":1,"data":{"code":1,"created":1589724000894,"plugin_type":"PLATFORM","dialog_class":"com.intellij.diagnostic.IdeMessagePanel$3"},"id":"close"}}
{"recorder_version":"31","session":"579de4524393","build":"193.5662.53","bucket":"159","time":1589724003107,"group":{"id":"lifecycle","version":"31"},"event":{"count":1,"data":{"created":1589724003107,"project":"d119a6d897fcb33934b9adf90ec59bc9e850f90f58367fa567dc99031a6fc921"},"id":"frame.deactivated"}}
{"recorder_version":"31","session":"579de4524393","build":"193.5662.53","bucket":"159","time":1589724085260,"group":{"id":"performance","version":"31"},"event":{"count":1,"data":{"duration_ms":0,"created":1589724085260},"id":"ui.latency"}}
{"recorder_version":"31","session":"579de4524393","build":"193.5662.53","bucket":"159","time":1589724185520,"group":{"id":"performance","version":"31"},"event":{"count":1,"data":{"duration_ms":0,"created":1589724185521},"id":"ui.latency"}}
{"recorder_version":"31","session":"579de4524393","build":"193.5662.53","bucket":"159","time":1589724284448,"group":{"id":"kotlin.ide.j2k","version":"1"},"event":{"count":1,"data":{"created":1589724284449},"id":"registered"}}
{"recorder_version":"31","session":"579de4524393","build":"193.5662.53","bucket":"159","time":1589724284448,"group":{"id":"java.find.usages","version":"1"},"event":{"count":1,"data":{"created":1589724284449},"id":"registered"}}
{"recorder_version":"31","session":"579de4524393","build":"193.5662.53","bucket":"159","time":1589724284448,"group":{"id":"file.types.usage","version":"31"},"event":{"count":1,"data":{"created":1589724284449},"id":"registered"}}
{"recorder_version":"31","session":"579de4524393","build":"193.5662.53","bucket":"159","time":1589724284448,"group":{"id":"ide.script.engine","version":"2"},"event":{"count":1,"data":{"created":1589724284450},"id":"registered"}}
{"recorder_version":"31","session":"579de4524393","build":"193.5662.53","bucket":"159","time":1589724284448,"group":{"id":"live.templates","version":"31"},"event":{"count":1,"data":{"created":1589724284450},"id":"registered"}}
{"recorder_version":"31","session":"579de4524393","build":"193.5662.53","bucket":"159","time":1589724284448,"group":{"id":"ide.self.update","version":"2"},"event":{"count":1,"data":{"created":1589724284450},"id":"registered"}}
{"recorder_version":"31","session":"579de4524393","build":"193.5662.53","bucket":"159","time":1589724284448,"group":{"id":"lifecycle","version":"31"},"event":{"count":1,"data":{"created":1589724284450},"id":"registered"}}
{"recorder_version":"31","session":"579de4524393","build":"193.5662.53","bucket":"159","time":1589724284448,"group":{"id":"vcs.diff.trigger","version":"1"},"event":{"count":1,"data":{"created":1589724284450},"id":"registered"}}
{"recorder_version":"31","session":"579de4524393","build":"193.5662.53","bucket":"159","time":1589724284448,"group":{"id":"debugger.breakpoints.usage","version":"2"},"event":{"count":1,"data":{"created":1589724284450},"id":"registered"}}
{"recorder_version":"31","session":"579de4524393","build":"193.5662.53","bucket":"159","time":1589724284448,"group":{"id":"kotlin.gradle.library","version":"1"},"event":{"count":1,"data":{"created":1589724284451},"id":"registered"}}
{"recorder_version":"31","session":"579de4524393","build":"193.5662.53","bucket":"159","time":1589724284448,"group":{"id":"startup","version":"1"},"event":{"count":1,"data":{"created":1589724284451},"id":"registered"}}
{"recorder_version":"31","session":"579de4524393","build":"193.5662.53","bucket":"159","time":1589724284448,"group":{"id":"find","version":"2"},"event":{"count":1,"data":{"created":1589724284452},"id":"registered"}}
{"recorder_version":"31","session":"579de4524393","build":"193.5662.53","bucket":"159","time":1589724284448,"group":{"id":"kotlin.gradle.target","version":"2"},"event":{"count":1,"data":{"created":1589724284452},"id":"registered"}}
{"recorder_version":"31","session":"579de4524393","build":"193.5662.53","bucket":"159","time":1589724284448,"group":{"id":"gutter.icon.click","version":"2"},"event":{"count":1,"data":{"created":1589724284452},"id":"registered"}}
{"recorder_version":"31","session":"579de4524393","build":"193.5662.53","bucket":"159","time":1589724284448,"group":{"id":"shell.script","version":"1"},"event":{"count":1,"data":{"created":1589724284452},"id":"registered"}}
{"recorder_version":"31","session":"579de4524393","build":"193.5662.53","bucket":"159","time":1589724284448,"group":{"id":"new.project.wizard","version":"1"},"event":{"count":1,"data":{"created":1589724284452},"id":"registered"}}
{"recorder_version":"31","session":"579de4524393","build":"193.5662.53","bucket":"159","time":1589724284449,"group":{"id":"kotlin.ide.npwizards","version":"1"},"event":{"count":1,"data":{"created":1589724284452},"id":"registered"}}
{"recorder_version":"31","session":"579de4524393","build":"193.5662.53","bucket":"159","time":1589724284449,"group":{"id":"intentions","version":"31"},"event":{"count":1,"data":{"created":1589724284452},"id":"registered"}}
{"recorder_version":"31","session":"579de4524393","build":"193.5662.53","bucket":"159","time":1589724284449,"group":{"id":"settings.repository","version":"1"},"event":{"count":1,"data":{"created":1589724284452},"id":"registered"}}
{"recorder_version":"31","session":"579de4524393","build":"193.5662.53","bucket":"159","time":1589724284449,"group":{"id":"vcs.change.reminder","version":"2"},"event":{"count":1,"data":{"created":1589724284452},"id":"registered"}}
{"recorder_version":"31","session":"579de4524393","build":"193.5662.53","bucket":"159","time":1589724284449,"group":{"id":"create.directory.dialog","version":"1"},"event":{"count":1,"data":{"created":1589724284452},"id":"registered"}}
{"recorder_version":"31","session":"579de4524393","build":"193.5662.53","bucket":"159","time":1589724284449,"group":{"id":"kotlin.maven.target","version":"3"},"event":{"count":1,"data":{"created":1589724284453},"id":"registered"}}
{"recorder_version":"31","session":"579de4524393","build":"193.5662.53","bucket":"159","time":1589724284449,"group":{"id":"json.schema","version":"1"},"event":{"count":1,"data":{"created":1589724284453},"id":"registered"}}
{"recorder_version":"31","session":"579de4524393","build":"193.5662.53","bucket":"159","time":1589724284449,"group":{"id":"terminalShell","version":"1"},"event":{"count":1,"data":{"created":1589724284453},"id":"registered"}}
{"recorder_version":"31","session":"579de4524393","build":"193.5662.53","bucket":"159","time":1589724284449,"group":{"id":"rename.refactoring","version":"1"},"event":{"count":1,"data":{"created":1589724284453},"id":"registered"}}
{"recorder_version":"31","session":"579de4524393","build":"193.5662.53","bucket":"159","time":1589724284449,"group":{"id":"build.ant.actions","version":"1"},"event":{"count":1,"data":{"created":1589724284453},"id":"registered"}}
{"recorder_version":"31","session":"579de4524393","build":"193.5662.53","bucket":"159","time":1589724284449,"group":{"id":"actions","version":"31"},"event":{"count":1,"data":{"created":1589724284453},"id":"registered"}}
{"recorder_version":"31","session":"579de4524393","build":"193.5662.53","bucket":"159","time":1589724284449,"group":{"id":"kotlin.ide.editor","version":"1"},"event":{"count":1,"data":{"created":1589724284453},"id":"registered"}}
{"recorder_version":"31","session":"579de4524393","build":"193.5662.53","bucket":"159","time":1589724284449,"group":{"id":"event.log","version":"31"},"event":{"count":1,"data":{"created":1589724284453},"id":"registered"}}
{"recorder_version":"31","session":"579de4524393","build":"193.5662.53","bucket":"159","time":1589724284449,"group":{"id":"run.configuration.exec","version":"31"},"event":{"count":1,"data":{"created":1589724284453},"id":"registered"}}
{"recorder_version":"31","session":"579de4524393","build":"193.5662.53","bucket":"159","time":1589724284449,"group":{"id":"build.tools.actions","version":"1"},"event":{"count":1,"data":{"created":1589724284453},"id":"registered"}}
{"recorder_version":"31","session":"579de4524393","build":"193.5662.53","bucket":"159","time":1589724284449,"group":{"id":"file.editor","version":"2"},"event":{"count":1,"data":{"created":1589724284453},"id":"registered"}}
{"recorder_version":"31","session":"579de4524393","build":"193.5662.53","bucket":"159","time":1589724284449,"group":{"id":"vfs","version":"2"},"event":{"count":1,"data":{"created":1589724284453},"id":"registered"}}
{"recorder_version":"31","session":"579de4524393","build":"193.5662.53","bucket":"159","time":1589724284449,"group":{"id":"project.import","version":"2"},"event":{"count":1,"data":{"created":1589724284454},"id":"registered"}}
{"recorder_version":"31","session":"579de4524393","build":"193.5662.53","bucket":"159","time":1589724284449,"group":{"id":"actions.runAnything","version":"1"},"event":{"count":1,"data":{"created":1589724284454},"id":"registered"}}
{"recorder_version":"31","session":"579de4524393","build":"193.5662.53","bucket":"159","time":1589724284449,"group":{"id":"toolwindow","version":"31"},"event":{"count":1,"data":{"created":1589724284454},"id":"registered"}}
{"recorder_version":"31","session":"579de4524393","build":"193.5662.53","bucket":"159","time":1589724284449,"group":{"id":"kotlin.ide.newFileTempl","version":"1"},"event":{"count":1,"data":{"created":1589724284454},"id":"registered"}}
{"recorder_version":"31","session":"579de4524393","build":"193.5662.53","bucket":"159","time":1589724284449,"group":{"id":"ui.settings","version":"31"},"event":{"count":1,"data":{"created":1589724284454},"id":"registered"}}
{"recorder_version":"31","session":"579de4524393","build":"193.5662.53","bucket":"159","time":1589724284449,"group":{"id":"vcs.log.trigger","version":"2"},"event":{"count":1,"data":{"created":1589724284454},"id":"registered"}}
{"recorder_version":"31","session":"579de4524393","build":"193.5662.53","bucket":"159","time":1589724284449,"group":{"id":"productivity","version":"31"},"event":{"count":1,"data":{"created":1589724284454},"id":"registered"}}
{"recorder_version":"31","session":"579de4524393","build":"193.5662.53","bucket":"159","time":1589724284449,"group":{"id":"build.maven.actions","version":"1"},"event":{"count":1,"data":{"created":1589724284454},"id":"registered"}}
{"recorder_version":"31","session":"579de4524393","build":"193.5662.53","bucket":"159","time":1589724284449,"group":{"id":"ui.event","version":"3"},"event":{"count":1,"data":{"created":1589724284454},"id":"registered"}}
{"recorder_version":"31","session":"579de4524393","build":"193.5662.53","bucket":"159","time":1589724284449,"group":{"id":"plugins.advertiser","version":"1"},"event":{"count":1,"data":{"created":1589724284454},"id":"registered"}}
{"recorder_version":"31","session":"579de4524393","build":"193.5662.53","bucket":"159","time":1589724284449,"group":{"id":"editor.notification.panel","version":"1"},"event":{"count":1,"data":{"created":1589724284454},"id":"registered"}}
{"recorder_version":"31","session":"579de4524393","build":"193.5662.53","bucket":"159","time":1589724284449,"group":{"id":"kotlin.ide.debugger","version":"2"},"event":{"count":1,"data":{"created":1589724284454},"id":"registered"}}
{"recorder_version":"31","session":"579de4524393","build":"193.5662.53","bucket":"159","time":1589724284449,"group":{"id":"tooltip.action.events","version":"1"},"event":{"count":1,"data":{"created":1589724284454},"id":"registered"}}
{"recorder_version":"31","session":"579de4524393","build":"193.5662.53","bucket":"159","time":1589724284449,"group":{"id":"completion","version":"1"},"event":{"count":1,"data":{"created":1589724284454},"id":"registered"}}
{"recorder_version":"31","session":"579de4524393","build":"193.5662.53","bucket":"159","time":1589724284449,"group":{"id":"indexing","version":"2"},"event":{"count":1,"data":{"created":1589724284455},"id":"registered"}}
{"recorder_version":"31","session":"579de4524393","build":"193.5662.53","bucket":"159","time":1589724284449,"group":{"id":"vcs","version":"2"},"event":{"count":1,"data":{"created":1589724284455},"id":"registered"}}
{"recorder_version":"31","session":"579de4524393","build":"193.5662.53","bucket":"159","time":1589724284449,"group":{"id":"ui.dialogs","version":"31"},"event":{"count":1,"data":{"created":1589724284455},"id":"registered"}}
{"recorder_version":"31","session":"579de4524393","build":"193.5662.53","bucket":"159","time":1589724284449,"group":{"id":"vcs.back.forward.trigger","version":"1"},"event":{"count":1,"data":{"created":1589724284455},"id":"registered"}}
{"recorder_version":"31","session":"579de4524393","build":"193.5662.53","bucket":"159","time":1589724284449,"group":{"id":"customize.wizard","version":"1"},"event":{"count":1,"data":{"created":1589724284455},"id":"registered"}}
{"recorder_version":"31","session":"579de4524393","build":"193.5662.53","bucket":"159","time":1589724284449,"group":{"id":"ide.update.dialog","version":"1"},"event":{"count":1,"data":{"created":1589724284455},"id":"registered"}}
{"recorder_version":"31","session":"579de4524393","build":"193.5662.53","bucket":"159","time":1589724284449,"group":{"id":"toolbar","version":"31"},"event":{"count":1,"data":{"created":1589724284455},"id":"registered"}}
{"recorder_version":"31","session":"579de4524393","build":"193.5662.53","bucket":"159","time":1589724284449,"group":{"id":"build.gradle.actions","version":"1"},"event":{"count":1,"data":{"created":1589724284455},"id":"registered"}}
{"recorder_version":"31","session":"579de4524393","build":"193.5662.53","bucket":"159","time":1589724284449,"group":{"id":"performance","version":"31"},"event":{"count":1,"data":{"created":1589724284455},"id":"registered"}}
{"recorder_version":"31","session":"579de4524393","build":"193.5662.53","bucket":"159","time":1589724284449,"group":{"id":"build","version":"2"},"event":{"count":1,"data":{"created":1589724284455},"id":"registered"}}
{"recorder_version":"31","session":"579de4524393","build":"193.5662.53","bucket":"159","time":1589724284449,"group":{"id":"searchEverywhere","version":"2"},"event":{"count":1,"data":{"created":1589724284455},"id":"registered"}}
{"recorder_version":"31","session":"579de4524393","build":"193.5662.53","bucket":"159","time":1589724284449,"group":{"id":"kotlin.ide.action.refactoring","version":"1"},"event":{"count":1,"data":{"created":1589724284455},"id":"registered"}}
{"recorder_version":"31","session":"579de4524393","build":"193.5662.53","bucket":"159","time":1589724284449,"group":{"id":"ui.tips","version":"3"},"event":{"count":1,"data":{"created":1589724284455},"id":"registered"}}
{"recorder_version":"31","session":"579de4524393","build":"193.5662.53","bucket":"159","time":1589724284449,"group":{"id":"surround.with","version":"2"},"event":{"count":1,"data":{"created":1589724284455},"id":"registered"}}
{"recorder_version":"31","session":"579de4524393","build":"193.5662.53","bucket":"159","time":1589724284449,"group":{"id":"import.old.config","version":"3"},"event":{"count":1,"data":{"created":1589724284456},"id":"registered"}}
{"recorder_version":"31","session":"579de4524393","build":"193.5662.53","bucket":"159","time":1589724284449,"group":{"id":"kotlin.jps.target","version":"3"},"event":{"count":1,"data":{"created":1589724284456},"id":"registered"}}
{"recorder_version":"31","session":"579de4524393","build":"193.5662.53","bucket":"159","time":1589724284449,"group":{"id":"completion.postfix","version":"31"},"event":{"count":1,"data":{"created":1589724284456},"id":"registered"}}
{"recorder_version":"31","session":"579de4524393","build":"193.5662.53","bucket":"159","time":1589724284449,"group":{"id":"build.maven.packagesearch","version":"2"},"event":{"count":1,"data":{"created":1589724284456},"id":"registered"}}
{"recorder_version":"31","session":"579de4524393","build":"193.5662.53","bucket":"159","time":1589724285800,"group":{"id":"performance","version":"31"},"event":{"count":1,"data":{"duration_ms":0,"created":1589724285800},"id":"ui.latency"}}
{"recorder_version":"31","session":"579de4524393","build":"193.5662.53","bucket":"159","time":1589724386056,"group":{"id":"performance","version":"31"},"event":{"count":1,"data":{"duration_ms":0,"created":1589724386056},"id":"ui.latency"}}
{"recorder_version":"31","session":"579de4524393","build":"193.5662.53","bucket":"159","time":1589724486376,"group":{"id":"performance","version":"31"},"event":{"count":1,"data":{"duration_ms":0,"created":1589724486377},"id":"ui.latency"}}
{"recorder_version":"31","session":"579de4524393","build":"193.5662.53","bucket":"159","time":1589724586643,"group":{"id":"performance","version":"31"},"event":{"count":1,"data":{"duration_ms":1,"created":1589724586643},"id":"ui.latency"}}
{"recorder_version":"31","session":"579de4524393","build":"193.5662.53","bucket":"159","time":1589724686953,"group":{"id":"performance","version":"31"},"event":{"count":1,"data":{"duration_ms":0,"created":1589724686953},"id":"ui.latency"}}
{"recorder_version":"31","session":"579de4524393","build":"193.5662.53","bucket":"159","time":1589724787242,"group":{"id":"performance","version":"31"},"event":{"count":1,"data":{"duration_ms":0,"created":1589724787243},"id":"ui.latency"}}
{"recorder_version":"31","session":"579de4524393","build":"193.5662.53","bucket":"159","time":1589724884372,"group":{"id":"java.refactoring.settings","version":"1"},"event":{"state":true,"data":{"created":1589724884372},"id":"invoked"}}
{"recorder_version":"31","session":"579de4524393","build":"193.5662.53","bucket":"159","time":1589724884383,"group":{"id":"vcs.github","version":"2"},"event":{"state":true,"data":{"has_enterprise":false,"created":1589724884383,"count":0},"id":"accounts"}}
{"recorder_version":"31","session":"579de4524393","build":"193.5662.53","bucket":"159","time":1589724884383,"group":{"id":"vcs.github","version":"2"},"event":{"state":true,"data":{"created":1589724884383},"id":"invoked"}}
{"recorder_version":"31","session":"579de4524393","build":"193.5662.53","bucket":"159","time":1589724884393,"group":{"id":"editor.settings.ide","version":"3"},"event":{"state":true,"data":{"created":1589724884393,"enabled":true},"id":"completionHints"}}
{"recorder_version":"31","session":"579de4524393","build":"193.5662.53","bucket":"159","time":1589724884393,"group":{"id":"editor.settings.ide","version":"3"},"event":{"state":true,"data":{"created":1589724884393},"id":"invoked"}}
{"recorder_version":"31","session":"579de4524393","build":"193.5662.53","bucket":"159","time":1589724884406,"group":{"id":"vcs.diff","version":"2"},"event":{"state":true,"data":{"created":1589724884406},"id":"invoked"}}
{"recorder_version":"31","session":"579de4524393","build":"193.5662.53","bucket":"159","time":1589724884406,"group":{"id":"ui.fonts","version":"2"},"event":{"state":true,"data":{"created":1589724884406,"font_size":13,"font_name":".SF_NS_Text"},"id":"UI"}}
{"recorder_version":"31","session":"579de4524393","build":"193.5662.53","bucket":"159","time":1589724884406,"group":{"id":"ui.fonts","version":"2"},"event":{"state":true,"data":{"created":1589724884406,"font_size":24},"id":"Presentation.mode"}}
{"recorder_version":"31","session":"579de4524393","build":"193.5662.53","bucket":"159","time":1589724884406,"group":{"id":"ui.fonts","version":"2"},"event":{"state":true,"data":{"created":1589724884406,"font_size":12,"font_name":"Menlo"},"id":"IDE.editor"}}
{"recorder_version":"31","session":"579de4524393","build":"193.5662.53","bucket":"159","time":1589724884406,"group":{"id":"ui.fonts","version":"2"},"event":{"state":true,"data":{"created":1589724884407,"value":1.2},"id":"editor.lineSpacing"}}
{"recorder_version":"31","session":"579de4524393","build":"193.5662.53","bucket":"159","time":1589724884406,"group":{"id":"ui.fonts","version":"2"},"event":{"state":true,"data":{"created":1589724884407},"id":"invoked"}}
{"recorder_version":"31","session":"579de4524393","build":"193.5662.53","bucket":"159","time":1589724884408,"group":{"id":"platform.registry","version":"1"},"event":{"state":true,"data":{"created":1589724884408,"plugin_type":"PLATFORM","id":"show.create.new.element.in.popup"},"id":"experiment"}}
{"recorder_version":"31","session":"579de4524393","build":"193.5662.53","bucket":"159","time":1589724884408,"group":{"id":"platform.registry","version":"1"},"event":{"state":true,"data":{"created":1589724884408,"plugin_type":"PLATFORM","id":"wsl.p9.support"},"id":"experiment"}}
{"recorder_version":"31","session":"579de4524393","build":"193.5662.53","bucket":"159","time":1589724884408,"group":{"id":"platform.registry","version":"1"},"event":{"state":true,"data":{"created":1589724884408,"plugin_type":"PLATFORM","id":"inline.browse.button"},"id":"experiment"}}
{"recorder_version":"31","session":"579de4524393","build":"193.5662.53","bucket":"159","time":1589724884408,"group":{"id":"platform.registry","version":"1"},"event":{"state":true,"data":{"created":1589724884409,"plugin_type":"PLATFORM","id":"recent.and.edited.files.together"},"id":"experiment"}}
{"recorder_version":"31","session":"579de4524393","build":"193.5662.53","bucket":"159","time":1589724884408,"group":{"id":"platform.registry","version":"1"},"event":{"state":true,"data":{"created":1589724884409,"plugin_type":"PLATFORM","id":"copy.reference.popup"},"id":"experiment"}}
{"recorder_version":"31","session":"579de4524393","build":"193.5662.53","bucket":"159","time":1589724884408,"group":{"id":"platform.registry","version":"1"},"event":{"state":true,"data":{"created":1589724884409,"id":"java.completion.argument.hints.internal"},"id":"registry"}}
{"recorder_version":"31","session":"579de4524393","build":"193.5662.53","bucket":"159","time":1589724884408,"group":{"id":"platform.registry","version":"1"},"event":{"state":true,"data":{"created":1589724884409,"plugin_type":"PLATFORM","id":"new.large.text.file.viewer"},"id":"experiment"}}
{"recorder_version":"31","session":"579de4524393","build":"193.5662.53","bucket":"159","time":1589724884408,"group":{"id":"platform.registry","version":"1"},"event":{"state":true,"data":{"created":1589724884409,"plugin_type":"PLATFORM","id":"linux.native.menu"},"id":"experiment"}}
{"recorder_version":"31","session":"579de4524393","build":"193.5662.53","bucket":"159","time":1589724884408,"group":{"id":"platform.registry","version":"1"},"event":{"state":true,"data":{"created":1589724884409,"plugin_type":"PLATFORM","id":"property.value.inplace.editing"},"id":"experiment"}}
{"recorder_version":"31","session":"579de4524393","build":"193.5662.53","bucket":"159","time":1589724884408,"group":{"id":"platform.registry","version":"1"},"event":{"state":true,"data":{"created":1589724884409,"plugin_type":"PLATFORM","id":"wsl.p9.show.roots.in.file.chooser"},"id":"experiment"}}
{"recorder_version":"31","session":"579de4524393","build":"193.5662.53","bucket":"159","time":1589724884408,"group":{"id":"platform.registry","version":"1"},"event":{"state":true,"data":{"created":1589724884409},"id":"invoked"}}
{"recorder_version":"31","session":"579de4524393","build":"193.5662.53","bucket":"159","time":1589724884412,"group":{"id":"system.runtime","version":"2"},"event":{"state":true,"data":{"created":1589724884412,"name":"G1_Old_Generation"},"id":"garbage.collector"}}
{"recorder_version":"31","session":"579de4524393","build":"193.5662.53","bucket":"159","time":1589724884412,"group":{"id":"system.runtime","version":"2"},"event":{"state":true,"data":{"created":1589724884412,"name":"Xmx","value":512},"id":"jvm.option"}}
{"recorder_version":"31","session":"579de4524393","build":"193.5662.53","bucket":"159","time":1589724884412,"group":{"id":"system.runtime","version":"2"},"event":{"state":true,"data":{"vendor":"JetBrains","created":1589724884412,"bit":"64","version":"1.11"},"id":"jvm"}}
{"recorder_version":"31","session":"579de4524393","build":"193.5662.53","bucket":"159","time":1589724884412,"group":{"id":"system.runtime","version":"2"},"event":{"state":true,"data":{"created":1589724884413,"name":"G1_Young_Generation"},"id":"garbage.collector"}}
{"recorder_version":"31","session":"579de4524393","build":"193.5662.53","bucket":"159","time":1589724884412,"group":{"id":"system.runtime","version":"2"},"event":{"state":true,"data":{"created":1589724884413,"value":8},"id":"cores"}}
{"recorder_version":"31","session":"579de4524393","build":"193.5662.53","bucket":"159","time":1589724884412,"group":{"id":"system.runtime","version":"2"},"event":{"state":true,"data":{"created":1589724884413,"name":"Xms","value":256},"id":"jvm.option"}}
{"recorder_version":"31","session":"579de4524393","build":"193.5662.53","bucket":"159","time":1589724884412,"group":{"id":"system.runtime","version":"2"},"event":{"state":true,"data":{"created":1589724884413},"id":"invoked"}}
{"recorder_version":"31","session":"579de4524393","build":"193.5662.53","bucket":"159","time":1589724884412,"group":{"id":"plugins","version":"1"},"event":{"state":true,"data":{"created":1589724884413,"plugin_type":"NOT_LISTED"},"id":"enabled.not.bundled.plugin"}}
{"recorder_version":"31","session":"579de4524393","build":"193.5662.53","bucket":"159","time":1589724884412,"group":{"id":"plugins","version":"1"},"event":{"state":true,"data":{"created":1589724884413},"id":"invoked"}}
{"recorder_version":"31","session":"579de4524393","build":"193.5662.53","bucket":"159","time":1589724884413,"group":{"id":"vcs.log.index.application","version":"2"},"event":{"state":true,"data":{"created":1589724884413},"id":"invoked"}}
{"recorder_version":"31","session":"579de4524393","build":"193.5662.53","bucket":"159","time":1589724884413,"group":{"id":"os.linux.wm","version":"2"},"event":{"state":true,"data":{"created":1589724884413},"id":"invoked"}}
{"recorder_version":"31","session":"579de4524393","build":"193.5662.53","bucket":"159","time":1589724884414,"group":{"id":"user.advanced.info","version":"2"},"event":{"state":true,"data":{"created":1589724884414,"value":"release"},"id":"build"}}
{"recorder_version":"31","session":"579de4524393","build":"193.5662.53","bucket":"159","time":1589724884414,"group":{"id":"user.advanced.info","version":"2"},"event":{"state":true,"data":{"created":1589724884414},"id":"release"}}
{"recorder_version":"31","session":"579de4524393","build":"193.5662.53","bucket":"159","time":1589724884414,"group":{"id":"user.advanced.info","version":"2"},"event":{"state":true,"data":{"created":1589724884414},"id":"invoked"}}
{"recorder_version":"31","session":"579de4524393","build":"193.5662.53","bucket":"159","time":1589724884414,"group":{"id":"keymaps.name","version":"2"},"event":{"state":true,"data":{"created":1589724884414,"keymap_name":"Mac_OS_X_10.5+"},"id":"ide.keymap"}}
{"recorder_version":"31","session":"579de4524393","build":"193.5662.53","bucket":"159","time":1589724884414,"group":{"id":"keymaps.name","version":"2"},"event":{"state":true,"data":{"created":1589724884414},"id":"invoked"}}
{"recorder_version":"31","session":"579de4524393","build":"193.5662.53","bucket":"159","time":1589724884431,"group":{"id":"debugger.settings.ide","version":"2"},"event":{"state":true,"data":{"created":1589724884431},"id":"invoked"}}
{"recorder_version":"31","session":"579de4524393","build":"193.5662.53","bucket":"159","time":1589724884433,"group":{"id":"ui.info.features","version":"3"},"event":{"state":true,"data":{"created":1589724884433,"value":"hidden"},"id":"Toolbar"}}
{"recorder_version":"31","session":"579de4524393","build":"193.5662.53","bucket":"159","time":1589724884433,"group":{"id":"ui.info.features","version":"3"},"event":{"state":true,"data":{"created":1589724884433,"enabled":false},"id":"Show.tips.on.startup"}}
{"recorder_version":"31","session":"579de4524393","build":"193.5662.53","bucket":"159","time":1589724884433,"group":{"id":"ui.info.features","version":"3"},"event":{"state":true,"data":{"created":1589724884433,"scale_mode":true,"scale":2.0},"id":"Screen.Scale"}}
{"recorder_version":"31","session":"579de4524393","build":"193.5662.53","bucket":"159","time":1589724884433,"group":{"id":"ui.info.features","version":"3"},"event":{"state":true,"data":{"created":1589724884433,"value":"hidden"},"id":"Tool.Window.buttons"}}
{"recorder_version":"31","session":"579de4524393","build":"193.5662.53","bucket":"159","time":1589724884433,"group":{"id":"ui.info.features","version":"3"},"event":{"state":true,"data":{"created":1589724884434,"value":"Top"},"id":"Tabs"}}
{"recorder_version":"31","session":"579de4524393","build":"193.5662.53","bucket":"159","time":1589724884433,"group":{"id":"ui.info.features","version":"3"},"event":{"state":true,"data":{"created":1589724884434,"enabled":true},"id":"Hide.Editor.Tabs.If.Needed"}}
{"recorder_version":"31","session":"579de4524393","build":"193.5662.53","bucket":"159","time":1589724884433,"group":{"id":"ui.info.features","version":"3"},"event":{"state":true,"data":{"created":1589724884434,"enabled":true},"id":"Show.Editor.Tabs.In.Single.Row"}}
{"recorder_version":"31","session":"579de4524393","build":"193.5662.53","bucket":"159","time":1589724884433,"group":{"id":"ui.info.features","version":"3"},"event":{"state":true,"data":{"toolbar":"hidden","navbar":"visible","created":1589724884434},"id":"Toolbar.and.NavBar"}}
{"recorder_version":"31","session":"579de4524393","build":"193.5662.53","bucket":"159","time":1589724884433,"group":{"id":"ui.info.features","version":"3"},"event":{"state":true,"data":{"created":1589724884434,"enabled":false},"id":"Block.cursor"}}
{"recorder_version":"31","session":"579de4524393","build":"193.5662.53","bucket":"159","time":1589724884433,"group":{"id":"ui.info.features","version":"3"},"event":{"state":true,"data":{"created":1589724884434,"enabled":false},"id":"Screen.Reader"}}
{"recorder_version":"31","session":"579de4524393","build":"193.5662.53","bucket":"159","time":1589724884433,"group":{"id":"ui.info.features","version":"3"},"event":{"state":true,"data":{"created":1589724884434,"value":"Light"},"id":"Look.and.Feel"}}
{"recorder_version":"31","session":"579de4524393","build":"193.5662.53","bucket":"159","time":1589724884433,"group":{"id":"ui.info.features","version":"3"},"event":{"state":true,"data":{"created":1589724884434,"enabled":false},"id":"QuickDoc.Show.Toolwindow"}}
{"recorder_version":"31","session":"579de4524393","build":"193.5662.53","bucket":"159","time":1589724884433,"group":{"id":"ui.info.features","version":"3"},"event":{"state":true,"data":{"created":1589724884434,"enabled":true},"id":"Retina"}}
{"recorder_version":"31","session":"579de4524393","build":"193.5662.53","bucket":"159","time":1589724884433,"group":{"id":"ui.info.features","version":"3"},"event":{"state":true,"data":{"grouped":"[30_50]","created":1589724884434,"count":50},"id":"Recent.files.limit"}}
{"recorder_version":"31","session":"579de4524393","build":"193.5662.53","bucket":"159","time":1589724884433,"group":{"id":"ui.info.features","version":"3"},"event":{"state":true,"data":{"created":1589724884434,"value":"visible"},"id":"Status.bar"}}
{"recorder_version":"31","session":"579de4524393","build":"193.5662.53","bucket":"159","time":1589724884433,"group":{"id":"ui.info.features","version":"3"},"event":{"state":true,"data":{"created":1589724884434,"enabled":true},"id":"QuickDoc.AutoUpdate"}}
{"recorder_version":"31","session":"579de4524393","build":"193.5662.53","bucket":"159","time":1589724884433,"group":{"id":"ui.info.features","version":"3"},"event":{"state":true,"data":{"created":1589724884434,"value":"visible"},"id":"Nav.Bar"}}
{"recorder_version":"31","session":"579de4524393","build":"193.5662.53","bucket":"159","time":1589724884433,"group":{"id":"ui.info.features","version":"3"},"event":{"state":true,"data":{"created":1589724884434,"enabled":true},"id":"Gutter.Icons"}}
{"recorder_version":"31","session":"579de4524393","build":"193.5662.53","bucket":"159","time":1589724884433,"group":{"id":"ui.info.features","version":"3"},"event":{"state":true,"data":{"created":1589724884435,"enabled":true},"id":"Line.Numbers"}}
{"recorder_version":"31","session":"579de4524393","build":"193.5662.53","bucket":"159","time":1589724884433,"group":{"id":"ui.info.features","version":"3"},"event":{"state":true,"data":{"created":1589724884435,"value":"per_monitor_dpi"},"id":"Hidpi.Mode"}}
{"recorder_version":"31","session":"579de4524393","build":"193.5662.53","bucket":"159","time":1589724884433,"group":{"id":"ui.info.features","version":"3"},"event":{"state":true,"data":{"created":1589724884435,"enabled":true},"id":"Allow.merging.buttons"}}
{"recorder_version":"31","session":"579de4524393","build":"193.5662.53","bucket":"159","time":1589724884433,"group":{"id":"ui.info.features","version":"3"},"event":{"state":true,"data":{"created":1589724884435,"enabled":false},"id":"Soft.Wraps"}}
{"recorder_version":"31","session":"579de4524393","build":"193.5662.53","bucket":"159","time":1589724884433,"group":{"id":"ui.info.features","version":"3"},"event":{"state":true,"data":{"created":1589724884435},"id":"invoked"}}
{"recorder_version":"31","session":"579de4524393","build":"193.5662.53","bucket":"159","time":1589724884433,"group":{"id":"ui.editor.color.schemes","version":"3"},"event":{"state":true,"data":{"scheme":"Default","created":1589724884435,"is_dark":false},"id":"enabled.color.scheme"}}
{"recorder_version":"31","session":"579de4524393","build":"193.5662.53","bucket":"159","time":1589724884433,"group":{"id":"ui.editor.color.schemes","version":"3"},"event":{"state":true,"data":{"created":1589724884435},"id":"invoked"}}
{"recorder_version":"31","session":"579de4524393","build":"193.5662.53","bucket":"159","time":1589724884433,"group":{"id":"vcs.application.configuration","version":"1"},"event":{"state":true,"data":{"created":1589724884435},"id":"invoked"}}
{"recorder_version":"31","session":"579de4524393","build":"193.5662.53","bucket":"159","time":1589724887547,"group":{"id":"performance","version":"31"},"event":{"count":1,"data":{"duration_ms":1,"created":1589724887547},"id":"ui.latency"}}
{"recorder_version":"31","session":"579de4524393","build":"193.5662.53","bucket":"159","time":1589724987819,"group":{"id":"performance","version":"31"},"event":{"count":1,"data":{"duration_ms":0,"created":1589724987819},"id":"ui.latency"}}
{"recorder_version":"31","session":"579de4524393","build":"193.5662.53","bucket":"159","time":1589725088104,"group":{"id":"performance","version":"31"},"event":{"count":1,"data":{"duration_ms":0,"created":1589725088104},"id":"ui.latency"}}
{"recorder_version":"31","session":"579de4524393","build":"193.5662.53","bucket":"159","time":1589725188396,"group":{"id":"performance","version":"31"},"event":{"count":1,"data":{"duration_ms":0,"created":1589725188397},"id":"ui.latency"}}
{"recorder_version":"31","session":"579de4524393","build":"193.5662.53","bucket":"159","time":1589725288665,"group":{"id":"performance","version":"31"},"event":{"count":1,"data":{"duration_ms":0,"created":1589725288665},"id":"ui.latency"}}
{"recorder_version":"31","session":"579de4524393","build":"193.5662.53","bucket":"159","time":1589725388951,"group":{"id":"performance","version":"31"},"event":{"count":1,"data":{"duration_ms":0,"created":1589725388951},"id":"ui.latency"}}
{"recorder_version":"31","session":"579de4524393","build":"193.5662.53","bucket":"159","time":1589725489221,"group":{"id":"performance","version":"31"},"event":{"count":1,"data":{"duration_ms":0,"created":1589725489221},"id":"ui.latency"}}
{"recorder_version":"31","session":"579de4524393","build":"193.5662.53","bucket":"159","time":1589725589518,"group":{"id":"performance","version":"31"},"event":{"count":1,"data":{"duration_ms":0,"created":1589725589518},"id":"ui.latency"}}
{"recorder_version":"31","session":"579de4524393","build":"193.5662.53","bucket":"159","time":1589725689835,"group":{"id":"performance","version":"31"},"event":{"count":1,"data":{"duration_ms":0,"created":1589725689836},"id":"ui.latency"}}
{"recorder_version":"31","session":"579de4524393","build":"193.5662.53","bucket":"159","time":1589725786257,"group":{"id":"vcs.log.index.project","version":"2"},"event":{"state":true,"data":{"created":1589725786258,"project":"d119a6d897fcb33934b9adf90ec59bc9e850f90f58367fa567dc99031a6fc921"},"id":"invoked"}}
{"recorder_version":"31","session":"579de4524393","build":"193.5662.53","bucket":"159","time":1589725786258,"group":{"id":"java.language","version":"1"},"event":{"state":true,"data":{"feature":11,"minor":0,"created":1589725786259,"project":"d119a6d897fcb33934b9adf90ec59bc9e850f90f58367fa567dc99031a6fc921","update":2,"ea":false},"id":"MODULE_JDK_VERSION"}}
{"recorder_version":"31","session":"579de4524393","build":"193.5662.53","bucket":"159","time":1589725786258,"group":{"id":"java.language","version":"1"},"event":{"state":true,"data":{"preview":false,"created":1589725786259,"project":"d119a6d897fcb33934b9adf90ec59bc9e850f90f58367fa567dc99031a6fc921","version":11},"id":"MODULE_LANGUAGE_LEVEL"}}
{"recorder_version":"31","session":"579de4524393","build":"193.5662.53","bucket":"159","time":1589725786259,"group":{"id":"java.language","version":"1"},"event":{"state":true,"data":{"created":1589725786260,"project":"d119a6d897fcb33934b9adf90ec59bc9e850f90f58367fa567dc99031a6fc921"},"id":"invoked"}}
{"recorder_version":"31","session":"579de4524393","build":"193.5662.53","bucket":"159","time":1589725786275,"group":{"id":"build.ant.state","version":"1"},"event":{"state":true,"data":{"created":1589725786275,"project":"d119a6d897fcb33934b9adf90ec59bc9e850f90f58367fa567dc99031a6fc921"},"id":"invoked"}}
{"recorder_version":"31","session":"579de4524393","build":"193.5662.53","bucket":"159","time":1589725786278,"group":{"id":"vcs.configuration","version":"2"},"event":{"state":true,"data":{"created":1589725786279,"count":0,"project":"d119a6d897fcb33934b9adf90ec59bc9e850f90f58367fa567dc99031a6fc921"},"id":"ignored.files"}}
{"recorder_version":"31","session":"579de4524393","build":"193.5662.53","bucket":"159","time":1589725786278,"group":{"id":"vcs.configuration","version":"2"},"event":{"state":true,"data":{"created":1589725786279,"count":0,"project":"d119a6d897fcb33934b9adf90ec59bc9e850f90f58367fa567dc99031a6fc921"},"id":"unversioned.files"}}
{"recorder_version":"31","session":"579de4524393","build":"193.5662.53","bucket":"159","time":1589725786278,"group":{"id":"vcs.configuration","version":"2"},"event":{"state":true,"data":{"created":1589725786279,"count":0,"project":"d119a6d897fcb33934b9adf90ec59bc9e850f90f58367fa567dc99031a6fc921"},"id":"mapped.roots"}}
{"recorder_version":"31","session":"579de4524393","build":"193.5662.53","bucket":"159","time":1589725786278,"group":{"id":"vcs.configuration","version":"2"},"event":{"state":true,"data":{"created":1589725786279,"count":1,"project":"d119a6d897fcb33934b9adf90ec59bc9e850f90f58367fa567dc99031a6fc921"},"id":"changelists"}}
{"recorder_version":"31","session":"579de4524393","build":"193.5662.53","bucket":"159","time":1589725786279,"group":{"id":"vcs.configuration","version":"2"},"event":{"state":true,"data":{"created":1589725786279,"project":"d119a6d897fcb33934b9adf90ec59bc9e850f90f58367fa567dc99031a6fc921"},"id":"invoked"}}
{"recorder_version":"31","session":"579de4524393","build":"193.5662.53","bucket":"159","time":1589725786280,"group":{"id":"build.tools","version":"1"},"event":{"state":true,"data":{"created":1589725786280,"project":"d119a6d897fcb33934b9adf90ec59bc9e850f90f58367fa567dc99031a6fc921"},"id":"invoked"}}
{"recorder_version":"31","session":"579de4524393","build":"193.5662.53","bucket":"159","time":1589725786281,"group":{"id":"run.configuration.type","version":"5"},"event":{"state":true,"data":{"created":1589725786281,"project":"d119a6d897fcb33934b9adf90ec59bc9e850f90f58367fa567dc99031a6fc921"},"id":"invoked"}}
{"recorder_version":"31","session":"579de4524393","build":"193.5662.53","bucket":"159","time":1589725786281,"group":{"id":"kotlin.project.configuration","version":"1"},"event":{"state":true,"data":{"created":1589725786281,"project":"d119a6d897fcb33934b9adf90ec59bc9e850f90f58367fa567dc99031a6fc921"},"id":"invoked"}}
{"recorder_version":"31","session":"579de4524393","build":"193.5662.53","bucket":"159","time":1589725786282,"group":{"id":"debugger.breakpoints","version":"2"},"event":{"state":true,"data":{"created":1589725786283,"count":0,"project":"d119a6d897fcb33934b9adf90ec59bc9e850f90f58367fa567dc99031a6fc921"},"id":"total"}}
{"recorder_version":"31","session":"579de4524393","build":"193.5662.53","bucket":"159","time":1589725786282,"group":{"id":"debugger.breakpoints","version":"2"},"event":{"state":true,"data":{"created":1589725786283,"count":0,"project":"d119a6d897fcb33934b9adf90ec59bc9e850f90f58367fa567dc99031a6fc921"},"id":"total.disabled"}}
{"recorder_version":"31","session":"579de4524393","build":"193.5662.53","bucket":"159","time":1589725786282,"group":{"id":"debugger.breakpoints","version":"2"},"event":{"state":true,"data":{"created":1589725786283,"count":0,"project":"d119a6d897fcb33934b9adf90ec59bc9e850f90f58367fa567dc99031a6fc921"},"id":"total.non.suspending"}}
{"recorder_version":"31","session":"579de4524393","build":"193.5662.53","bucket":"159","time":1589725786282,"group":{"id":"debugger.breakpoints","version":"2"},"event":{"state":true,"data":{"created":1589725786283,"project":"d119a6d897fcb33934b9adf90ec59bc9e850f90f58367fa567dc99031a6fc921"},"id":"invoked"}}
{"recorder_version":"31","session":"579de4524393","build":"193.5662.53","bucket":"159","time":1589725786297,"group":{"id":"git.configuration","version":"2"},"event":{"state":true,"data":{"created":1589725786297,"project":"d119a6d897fcb33934b9adf90ec59bc9e850f90f58367fa567dc99031a6fc921","type":"NULL","version":"0.0.0"},"id":"executable"}}
{"recorder_version":"31","session":"579de4524393","build":"193.5662.53","bucket":"159","time":1589725786297,"group":{"id":"git.configuration","version":"2"},"event":{"state":true,"data":{"created":1589725786297,"project":"d119a6d897fcb33934b9adf90ec59bc9e850f90f58367fa567dc99031a6fc921"},"id":"invoked"}}
{"recorder_version":"31","session":"579de4524393","build":"193.5662.53","bucket":"159","time":1589725786304,"group":{"id":"java.compiler.settings.project","version":"1"},"event":{"state":true,"data":{"created":1589725786304,"project":"d119a6d897fcb33934b9adf90ec59bc9e850f90f58367fa567dc99031a6fc921","enabled":true},"id":"AUTO_SHOW_ERRORS_IN_EDITOR"}}
{"recorder_version":"31","session":"579de4524393","build":"193.5662.53","bucket":"159","time":1589725786304,"group":{"id":"java.compiler.settings.project","version":"1"},"event":{"state":true,"data":{"created":1589725786304,"project":"d119a6d897fcb33934b9adf90ec59bc9e850f90f58367fa567dc99031a6fc921","enabled":true},"id":"DISPLAY_NOTIFICATION_POPUP"}}
{"recorder_version":"31","session":"579de4524393","build":"193.5662.53","bucket":"159","time":1589725786304,"group":{"id":"java.compiler.settings.project","version":"1"},"event":{"state":true,"data":{"created":1589725786304,"project":"d119a6d897fcb33934b9adf90ec59bc9e850f90f58367fa567dc99031a6fc921","enabled":true},"id":"CLEAR_OUTPUT_DIRECTORY"}}
{"recorder_version":"31","session":"579de4524393","build":"193.5662.53","bucket":"159","time":1589725786304,"group":{"id":"java.compiler.settings.project","version":"1"},"event":{"state":true,"data":{"created":1589725786304,"project":"d119a6d897fcb33934b9adf90ec59bc9e850f90f58367fa567dc99031a6fc921","enabled":false},"id":"MAKE_PROJECT_ON_SAVE"}}
{"recorder_version":"31","session":"579de4524393","build":"193.5662.53","bucket":"159","time":1589725786304,"group":{"id":"java.compiler.settings.project","version":"1"},"event":{"state":true,"data":{"created":1589725786305,"project":"d119a6d897fcb33934b9adf90ec59bc9e850f90f58367fa567dc99031a6fc921","enabled":false},"id":"PARALLEL_COMPILATION"}}
{"recorder_version":"31","session":"579de4524393","build":"193.5662.53","bucket":"159","time":1589725786304,"group":{"id":"java.compiler.settings.project","version":"1"},"event":{"state":true,"data":{"created":1589725786305,"project":"d119a6d897fcb33934b9adf90ec59bc9e850f90f58367fa567dc99031a6fc921","enabled":true},"id":"REBUILD_ON_DEPENDENCY_CHANGE"}}
{"recorder_version":"31","session":"579de4524393","build":"193.5662.53","bucket":"159","time":1589725786304,"group":{"id":"java.compiler.settings.project","version":"1"},"event":{"state":true,"data":{"created":1589725786305,"project":"d119a6d897fcb33934b9adf90ec59bc9e850f90f58367fa567dc99031a6fc921","enabled":true},"id":"COMPILE_AFFECTED_UNLOADED_MODULES_BEFORE_COMMIT"}}
{"recorder_version":"31","session":"579de4524393","build":"193.5662.53","bucket":"159","time":1589725786304,"group":{"id":"java.compiler.settings.project","version":"1"},"event":{"state":true,"data":{"created":1589725786305,"project":"d119a6d897fcb33934b9adf90ec59bc9e850f90f58367fa567dc99031a6fc921"},"id":"invoked"}}
{"recorder_version":"31","session":"579de4524393","build":"193.5662.53","bucket":"159","time":1589725786315,"group":{"id":"project.structure","version":"2"},"event":{"state":true,"data":{"created":1589725786315,"count":1,"project":"d119a6d897fcb33934b9adf90ec59bc9e850f90f58367fa567dc99031a6fc921"},"id":"content.roots.total"}}
{"recorder_version":"31","session":"579de4524393","build":"193.5662.53","bucket":"159","time":1589725786315,"group":{"id":"project.structure","version":"2"},"event":{"state":true,"data":{"created":1589725786315,"count":0,"project":"d119a6d897fcb33934b9adf90ec59bc9e850f90f58367fa567dc99031a6fc921"},"id":"package.prefix"}}
{"recorder_version":"31","session":"579de4524393","build":"193.5662.53","bucket":"159","time":1589725786316,"group":{"id":"project.structure","version":"2"},"event":{"state":true,"data":{"created":1589725786316,"count":1,"project":"d119a6d897fcb33934b9adf90ec59bc9e850f90f58367fa567dc99031a6fc921"},"id":"source.roots.total"}}
{"recorder_version":"31","session":"579de4524393","build":"193.5662.53","bucket":"159","time":1589725786316,"group":{"id":"project.structure","version":"2"},"event":{"state":true,"data":{"created":1589725786316,"count":1,"project":"d119a6d897fcb33934b9adf90ec59bc9e850f90f58367fa567dc99031a6fc921"},"id":"modules.total"}}
{"recorder_version":"31","session":"579de4524393","build":"193.5662.53","bucket":"159","time":1589725786316,"group":{"id":"project.structure","version":"2"},"event":{"state":true,"data":{"created":1589725786316,"count":0,"project":"d119a6d897fcb33934b9adf90ec59bc9e850f90f58367fa567dc99031a6fc921"},"id":"excluded.roots.total"}}
{"recorder_version":"31","session":"579de4524393","build":"193.5662.53","bucket":"159","time":1589725786316,"group":{"id":"project.structure","version":"2"},"event":{"state":true,"data":{"created":1589725786316,"count":1,"project":"d119a6d897fcb33934b9adf90ec59bc9e850f90f58367fa567dc99031a6fc921","type":"java-source"},"id":"source.root"}}
{"recorder_version":"31","session":"579de4524393","build":"193.5662.53","bucket":"159","time":1589725786316,"group":{"id":"project.structure","version":"2"},"event":{"state":true,"data":{"created":1589725786316,"project":"d119a6d897fcb33934b9adf90ec59bc9e850f90f58367fa567dc99031a6fc921"},"id":"invoked"}}
{"recorder_version":"31","session":"579de4524393","build":"193.5662.53","bucket":"159","time":1589725786375,"group":{"id":"file.types","version":"2"},"event":{"state":true,"data":{"file_type":"IDEA_MODULE","created":1589725786376,"plugin_type":"PLATFORM","project":"d119a6d897fcb33934b9adf90ec59bc9e850f90f58367fa567dc99031a6fc921"},"id":"file.in.project"}}
{"recorder_version":"31","session":"579de4524393","build":"193.5662.53","bucket":"159","time":1589725786376,"group":{"id":"file.types","version":"2"},"event":{"state":true,"data":{"plugin":"com.intellij.java","file_type":"JAVA","created":1589725786376,"plugin_type":"JB_BUNDLED","project":"d119a6d897fcb33934b9adf90ec59bc9e850f90f58367fa567dc99031a6fc921"},"id":"file.in.project"}}
{"recorder_version":"31","session":"579de4524393","build":"193.5662.53","bucket":"159","time":1589725786376,"group":{"id":"file.types","version":"2"},"event":{"state":true,"data":{"created":1589725786376,"project":"d119a6d897fcb33934b9adf90ec59bc9e850f90f58367fa567dc99031a6fc921"},"id":"invoked"}}
{"recorder_version":"31","session":"579de4524393","build":"193.5662.53","bucket":"159","time":1589725786399,"group":{"id":"svn.configuration","version":"1"},"event":{"state":true,"data":{"created":1589725786399,"project":"d119a6d897fcb33934b9adf90ec59bc9e850f90f58367fa567dc99031a6fc921"},"id":"invoked"}}
{"recorder_version":"31","session":"579de4524393","build":"193.5662.53","bucket":"159","time":1589725786400,"group":{"id":"editor.settings.project","version":"2"},"event":{"state":true,"data":{"created":1589725786400,"project":"d119a6d897fcb33934b9adf90ec59bc9e850f90f58367fa567dc99031a6fc921"},"id":"invoked"}}
{"recorder_version":"31","session":"579de4524393","build":"193.5662.53","bucket":"159","time":1589725786404,"group":{"id":"vcs.settings","version":"2"},"event":{"state":true,"data":{"created":1589725786405,"project":"d119a6d897fcb33934b9adf90ec59bc9e850f90f58367fa567dc99031a6fc921"},"id":"invoked"}}
{"recorder_version":"31","session":"579de4524393","build":"193.5662.53","bucket":"159","time":1589725786408,"group":{"id":"vcs.log.ui","version":"2"},"event":{"state":true,"data":{"created":1589725786408,"project":"d119a6d897fcb33934b9adf90ec59bc9e850f90f58367fa567dc99031a6fc921"},"id":"invoked"}}
{"recorder_version":"31","session":"579de4524393","build":"193.5662.53","bucket":"159","time":1589725786408,"group":{"id":"vcs.log.data","version":"2"},"event":{"state":true,"data":{"created":1589725786408,"project":"d119a6d897fcb33934b9adf90ec59bc9e850f90f58367fa567dc99031a6fc921"},"id":"invoked"}}
{"recorder_version":"31","session":"579de4524393","build":"193.5662.53","bucket":"159","time":1589725787072,"group":{"id":"javaLibraryJars","version":"2"},"event":{"state":true,"data":{"created":1589725787072,"project":"d119a6d897fcb33934b9adf90ec59bc9e850f90f58367fa567dc99031a6fc921"},"id":"invoked"}}
{"recorder_version":"31","session":"579de4524393","build":"193.5662.53","bucket":"159","time":1589725787074,"group":{"id":"inspections","version":"2"},"event":{"state":true,"data":{"created":1589725787074,"project":"d119a6d897fcb33934b9adf90ec59bc9e850f90f58367fa567dc99031a6fc921"},"id":"invoked"}}
{"recorder_version":"31","session":"579de4524393","build":"193.5662.53","bucket":"159","time":1589725787074,"group":{"id":"build.gradle.state","version":"1"},"event":{"state":true,"data":{"created":1589725787074,"project":"d119a6d897fcb33934b9adf90ec59bc9e850f90f58367fa567dc99031a6fc921"},"id":"invoked"}}
{"recorder_version":"31","session":"579de4524393","build":"193.5662.53","bucket":"159","time":1589725787074,"group":{"id":"build.maven.state","version":"1"},"event":{"state":true,"data":{"created":1589725787075,"project":"d119a6d897fcb33934b9adf90ec59bc9e850f90f58367fa567dc99031a6fc921"},"id":"invoked"}}
{"recorder_version":"31","session":"579de4524393","build":"193.5662.53","bucket":"159","time":1589725787076,"group":{"id":"build.tools.state","version":"1"},"event":{"state":true,"data":{"created":1589725787076,"count":0,"externalSystemId":"Gradle","project":"d119a6d897fcb33934b9adf90ec59bc9e850f90f58367fa567dc99031a6fc921"},"id":"numberOfLinkedProject"}}
{"recorder_version":"31","session":"579de4524393","build":"193.5662.53","bucket":"159","time":1589725787076,"group":{"id":"build.tools.state","version":"1"},"event":{"state":true,"data":{"created":1589725787076,"project":"d119a6d897fcb33934b9adf90ec59bc9e850f90f58367fa567dc99031a6fc921"},"id":"invoked"}}
{"recorder_version":"31","session":"579de4524393","build":"193.5662.53","bucket":"159","time":1589725787144,"group":{"id":"inlay.configuration","version":"2"},"event":{"state":true,"data":{"created":1589725787144,"plugin_type":"PLATFORM","project":"d119a6d897fcb33934b9adf90ec59bc9e850f90f58367fa567dc99031a6fc921","lang":"Groovy","enabled":true},"id":"validation.unmatched_rule"}}
{"recorder_version":"31","session":"579de4524393","build":"193.5662.53","bucket":"159","time":1589725787144,"group":{"id":"inlay.configuration","version":"2"},"event":{"state":true,"data":{"java_simple_sequentially_numbered":"validation.undefined_rule","java_clear_expression_type":"validation.undefined_rule","java_new_expr":"validation.undefined_rule","java_multiple_params_same_type":"validation.undefined_rule","created":1589725787144,"java_build_like_method":"validation.undefined_rule","plugin_type":"PLATFORM","java_enums":"validation.undefined_rule","project":"d119a6d897fcb33934b9adf90ec59bc9e850f90f58367fa567dc99031a6fc921","java_method_name_contains_parameter_name":"validation.undefined_rule","lang":"JAVA","enabled":true},"id":"validation.unmatched_rule"}}
{"recorder_version":"31","session":"579de4524393","build":"193.5662.53","bucket":"159","time":1589725787144,"group":{"id":"inlay.configuration","version":"2"},"event":{"state":true,"data":{"SHOW_PARAMETER_HINT":"validation.undefined_rule","SHOW_PROPERTY_HINT":"validation.undefined_rule","SHOW_PARAMETER_TYPE_HINT":"validation.undefined_rule","created":1589725787145,"project":"d119a6d897fcb33934b9adf90ec59bc9e850f90f58367fa567dc99031a6fc921","enabled":true,"SHOW_SUSPENDING_CALL":"validation.undefined_rule","SHOW_LOCAL_VARIABLE_HINT":"validation.undefined_rule","SHOW_FUNCTION_HINT":"validation.undefined_rule","plugin_type":"PLATFORM","SHOW_LAMBDA_IMPLICIT_PARAMETER_RECEIVER":"validation.undefined_rule","lang":"kotlin","SHOW_LAMBDA_RETURN_EXPRESSION":"validation.undefined_rule"},"id":"validation.unmatched_rule"}}
{"recorder_version":"31","session":"579de4524393","build":"193.5662.53","bucket":"159","time":1589725787144,"group":{"id":"inlay.configuration","version":"2"},"event":{"state":true,"data":{"created":1589725787145,"plugin_type":"PLATFORM","project":"d119a6d897fcb33934b9adf90ec59bc9e850f90f58367fa567dc99031a6fc921","lang":"JAVA","enabled":true},"id":"validation.unmatched_rule"}}
{"recorder_version":"31","session":"579de4524393","build":"193.5662.53","bucket":"159","time":1589725787144,"group":{"id":"inlay.configuration","version":"2"},"event":{"state":true,"data":{"inferred_annotations":"validation.undefined_rule","created":1589725787145,"plugin_type":"PLATFORM","project":"d119a6d897fcb33934b9adf90ec59bc9e850f90f58367fa567dc99031a6fc921","lang":"JAVA","external_annotations":"validation.undefined_rule","enabled":true},"id":"validation.unmatched_rule"}}
{"recorder_version":"31","session":"579de4524393","build":"193.5662.53","bucket":"159","time":1589725787144,"group":{"id":"inlay.configuration","version":"2"},"event":{"state":true,"data":{"type_parameter_list":"validation.undefined_rule","inferred_parameter_types":"validation.undefined_rule","created":1589725787145,"plugin_type":"PLATFORM","project":"d119a6d897fcb33934b9adf90ec59bc9e850f90f58367fa567dc99031a6fc921","lang":"Groovy","enabled":true},"id":"validation.unmatched_rule"}}
{"recorder_version":"31","session":"579de4524393","build":"193.5662.53","bucket":"159","time":1589725787144,"group":{"id":"inlay.configuration","version":"2"},"event":{"state":true,"data":{"created":1589725787145,"project":"d119a6d897fcb33934b9adf90ec59bc9e850f90f58367fa567dc99031a6fc921"},"id":"invoked"}}
{"recorder_version":"31","session":"579de4524393","build":"193.5662.53","bucket":"159","time":1589725787147,"group":{"id":"kotlin.ide.settings","version":"2"},"event":{"state":true,"data":{"pluginVersion":"1.3.61-release-IJ2019.3-1","created":1589725787147,"project":"d119a6d897fcb33934b9adf90ec59bc9e850f90f58367fa567dc99031a6fc921","enabled":true},"id":"newInference"}}
{"recorder_version":"31","session":"579de4524393","build":"193.5662.53","bucket":"159","time":1589725787147,"group":{"id":"kotlin.ide.settings","version":"2"},"event":{"state":true,"data":{"pluginVersion":"1.3.61-release-IJ2019.3-1","created":1589725787147,"project":"d119a6d897fcb33934b9adf90ec59bc9e850f90f58367fa567dc99031a6fc921","enabled":false},"id":"scriptingAutoReloadEnabled"}}
{"recorder_version":"31","session":"579de4524393","build":"193.5662.53","bucket":"159","time":1589725787147,"group":{"id":"kotlin.ide.settings","version":"2"},"event":{"state":true,"data":{"created":1589725787147,"project":"d119a6d897fcb33934b9adf90ec59bc9e850f90f58367fa567dc99031a6fc921"},"id":"invoked"}}
{"recorder_version":"31","session":"579de4524393","build":"193.5662.53","bucket":"159","time":1589725787147,"group":{"id":"module.facets","version":"3"},"event":{"state":true,"data":{"created":1589725787147,"project":"d119a6d897fcb33934b9adf90ec59bc9e850f90f58367fa567dc99031a6fc921"},"id":"invoked"}}
{"recorder_version":"31","session":"579de4524393","build":"193.5662.53","bucket":"159","time":1589725787147,"group":{"id":"run.dashboard","version":"2"},"event":{"state":true,"data":{"created":1589725787147,"project":"d119a6d897fcb33934b9adf90ec59bc9e850f90f58367fa567dc99031a6fc921","enabled":false},"id":"run.dashboard"}}
{"recorder_version":"31","session":"579de4524393","build":"193.5662.53","bucket":"159","time":1589725787147,"group":{"id":"run.dashboard","version":"2"},"event":{"state":true,"data":{"created":1589725787147,"project":"d119a6d897fcb33934b9adf90ec59bc9e850f90f58367fa567dc99031a6fc921"},"id":"invoked"}}
{"recorder_version":"31","session":"579de4524393","build":"193.5662.53","bucket":"159","time":1589725790100,"group":{"id":"performance","version":"31"},"event":{"count":1,"data":{"duration_ms":0,"created":1589725790100},"id":"ui.latency"}}
{"recorder_version":"31","session":"579de4524393","build":"193.5662.53","bucket":"159","time":1589725890379,"group":{"id":"performance","version":"31"},"event":{"count":1,"data":{"duration_ms":0,"created":1589725890379},"id":"ui.latency"}}
