{"recorder_version":"31","session":"7b9798fc489d","build":"193.5662.53","bucket":"159","time":1590405632035,"group":{"id":"settings","version":"4"},"event":{"state":true,"data":{"component":"NotRoamableUiSettings","created":1590405632345},"id":"invoked"}}
{"recorder_version":"31","session":"7b9798fc489d","build":"193.5662.53","bucket":"159","time":1590405632035,"group":{"id":"settings","version":"4"},"event":{"state":true,"data":{"component":"UISettings","created":1590405632347},"id":"invoked"}}
{"recorder_version":"31","session":"7b9798fc489d","build":"193.5662.53","bucket":"159","time":1590405632054,"group":{"id":"system.java","version":"1"},"event":{"state":true,"data":{"created":1590405632356,"version":"validation.undefined_rule"},"id":"validation.undefined_rule"}}
{"recorder_version":"31","session":"7b9798fc489d","build":"193.5662.53","bucket":"159","time":1590405632054,"group":{"id":"system.java","version":"1"},"event":{"state":true,"data":{"created":1590405632356},"id":"invoked"}}
{"recorder_version":"31","session":"7b9798fc489d","build":"193.5662.53","bucket":"159","time":1590405632083,"group":{"id":"system.os","version":"3"},"event":{"state":true,"data":{"created":1590405632357,"version":"10.15"},"id":"Mac"}}
{"recorder_version":"31","session":"7b9798fc489d","build":"193.5662.53","bucket":"159","time":1590405632083,"group":{"id":"system.os","version":"3"},"event":{"state":true,"data":{"created":1590405632358,"name":"Mac","version":"10.15"},"id":"os.name"}}
{"recorder_version":"31","session":"7b9798fc489d","build":"193.5662.53","bucket":"159","time":1590405632083,"group":{"id":"system.os","version":"3"},"event":{"state":true,"data":{"created":1590405632358,"value":"+02_00"},"id":"os.timezone"}}
{"recorder_version":"31","session":"7b9798fc489d","build":"193.5662.53","bucket":"159","time":1590405632083,"group":{"id":"system.os","version":"3"},"event":{"state":true,"data":{"created":1590405632359},"id":"invoked"}}
{"recorder_version":"31","session":"7b9798fc489d","build":"193.5662.53","bucket":"159","time":1590405632221,"group":{"id":"settings","version":"4"},"event":{"state":true,"data":{"component":"UpdatesConfigurable","created":1590405632359,"name":"checkNeeded","type":"bool","value":false},"id":"not.default"}}
{"recorder_version":"31","session":"7b9798fc489d","build":"193.5662.53","bucket":"159","time":1590405632222,"group":{"id":"settings","version":"4"},"event":{"state":true,"data":{"component":"UpdatesConfigurable","created":1590405632359},"id":"invoked"}}
{"recorder_version":"31","session":"7b9798fc489d","build":"193.5662.53","bucket":"159","time":1590405632318,"group":{"id":"event.log","version":"31"},"event":{"count":1,"data":{"created":1590405632360,"version":"1268.0"},"id":"whitelist.loaded"}}
{"recorder_version":"31","session":"7b9798fc489d","build":"193.5662.53","bucket":"159","time":1590405632462,"group":{"id":"settings","version":"4"},"event":{"state":true,"data":{"component":"GeneralSettings","created":1590405632463,"name":"showTipsOnStartup","type":"bool","value":false},"id":"not.default"}}
{"recorder_version":"31","session":"7b9798fc489d","build":"193.5662.53","bucket":"159","time":1590405632462,"group":{"id":"settings","version":"4"},"event":{"state":true,"data":{"component":"GeneralSettings","created":1590405632463},"id":"invoked"}}
{"recorder_version":"31","session":"7b9798fc489d","build":"193.5662.53","bucket":"159","time":1590405632490,"group":{"id":"lifecycle","version":"31"},"event":{"count":1,"data":{"internal":true,"eap":false,"created":1590405632490},"id":"ide.start"}}
{"recorder_version":"31","session":"7b9798fc489d","build":"193.5662.53","bucket":"159","time":1590405632582,"group":{"id":"settings","version":"4"},"event":{"state":true,"data":{"component":"XmlEditorOptions","created":1590405632582},"id":"invoked"}}
{"recorder_version":"31","session":"7b9798fc489d","build":"193.5662.53","bucket":"159","time":1590405633347,"group":{"id":"settings","version":"4"},"event":{"state":true,"data":{"component":"VcsApplicationSettings","created":1590405633347},"id":"invoked"}}
{"recorder_version":"31","session":"7b9798fc489d","build":"193.5662.53","bucket":"159","time":1590405633347,"group":{"id":"lifecycle","version":"31"},"event":{"count":1,"data":{"created":1590405633348},"id":"frame.activated"}}
{"recorder_version":"31","session":"7b9798fc489d","build":"193.5662.53","bucket":"159","time":1590405633381,"group":{"id":"performance","version":"31"},"event":{"count":1,"data":{"duration_ms":482,"created":1590405633382},"id":"ui.latency"}}
{"recorder_version":"31","session":"7b9798fc489d","build":"193.5662.53","bucket":"159","time":1590405633381,"group":{"id":"performance","version":"31"},"event":{"count":1,"data":{"duration_ms":482,"created":1590405633382},"id":"ui.lagging"}}
{"recorder_version":"31","session":"7b9798fc489d","build":"193.5662.53","bucket":"159","time":1590405633622,"group":{"id":"ui.dialogs","version":"31"},"event":{"count":1,"data":{"created":1590405633623,"plugin_type":"PLATFORM","dialog_class":"com.intellij.openapi.progress.util.ProgressDialog$MyDialogWrapper"},"id":"show"}}
{"recorder_version":"31","session":"7b9798fc489d","build":"193.5662.53","bucket":"159","time":1590405634911,"group":{"id":"lifecycle","version":"31"},"event":{"count":1,"data":{"created":1590405634912,"project":"d119a6d897fcb33934b9adf90ec59bc9e850f90f58367fa567dc99031a6fc921"},"id":"project.opened"}}
{"recorder_version":"31","session":"7b9798fc489d","build":"193.5662.53","bucket":"159","time":1590405635404,"group":{"id":"performance","version":"31"},"event":{"count":1,"data":{"duration_ms":507,"created":1590405635404},"id":"ui.lagging"}}
{"recorder_version":"31","session":"7b9798fc489d","build":"193.5662.53","bucket":"159","time":1590405635472,"group":{"id":"toolwindow","version":"31"},"event":{"count":1,"data":{"created":1590405635473,"plugin_type":"PLATFORM","id":"Event_Log"},"id":"activated"}}
{"recorder_version":"31","session":"7b9798fc489d","build":"193.5662.53","bucket":"159","time":1590405636295,"group":{"id":"performance","version":"31"},"event":{"count":1,"data":{"duration_ms":395,"created":1590405636296},"id":"ui.lagging"}}
{"recorder_version":"31","session":"7b9798fc489d","build":"193.5662.53","bucket":"159","time":1590405636738,"group":{"id":"project.fs","version":"1"},"event":{"state":true,"data":{"os":"Mac","cs-project":false,"created":1590405636738,"project":"d119a6d897fcb33934b9adf90ec59bc9e850f90f58367fa567dc99031a6fc921","cs-implicit":true,"cs-system":false},"id":"case-sensitivity"}}
{"recorder_version":"31","session":"7b9798fc489d","build":"193.5662.53","bucket":"159","time":1590405636738,"group":{"id":"project.fs","version":"1"},"event":{"state":true,"data":{"created":1590405636738},"id":"invoked"}}
{"recorder_version":"31","session":"7b9798fc489d","build":"193.5662.53","bucket":"159","time":1590405636739,"group":{"id":"project.fs","version":"1"},"event":{"state":true,"data":{"pct-non-watched":0,"created":1590405636739,"project":"d119a6d897fcb33934b9adf90ec59bc9e850f90f58367fa567dc99031a6fc921"},"id":"roots-watched"}}
{"recorder_version":"31","session":"7b9798fc489d","build":"193.5662.53","bucket":"159","time":1590405636739,"group":{"id":"project.fs","version":"1"},"event":{"state":true,"data":{"created":1590405636739},"id":"invoked"}}
{"recorder_version":"31","session":"7b9798fc489d","build":"193.5662.53","bucket":"159","time":1590405636907,"group":{"id":"ui.dialogs","version":"31"},"event":{"count":1,"data":{"code":1,"created":1590405636907,"plugin_type":"PLATFORM","dialog_class":"com.intellij.openapi.progress.util.ProgressDialog$MyDialogWrapper"},"id":"close"}}
{"recorder_version":"31","session":"7b9798fc489d","build":"193.5662.53","bucket":"159","time":1590405636982,"group":{"id":"indexing","version":"2"},"event":{"count":1,"data":{"ide_activity_id":1,"created":1590405636982,"project":"d119a6d897fcb33934b9adf90ec59bc9e850f90f58367fa567dc99031a6fc921"},"id":"started"}}
{"recorder_version":"31","session":"7b9798fc489d","build":"193.5662.53","bucket":"159","time":1590405637075,"group":{"id":"indexing","version":"2"},"event":{"count":1,"data":{"ide_activity_id":1,"stage_class":"com.intellij.util.indexing.UnindexedFilesUpdater","created":1590405637076,"plugin_type":"PLATFORM"},"id":"stage"}}
{"recorder_version":"31","session":"7b9798fc489d","build":"193.5662.53","bucket":"159","time":1590405637098,"group":{"id":"lifecycle","version":"31"},"event":{"count":1,"data":{"duration_ms":4513,"created":1590405637098,"project":"d119a6d897fcb33934b9adf90ec59bc9e850f90f58367fa567dc99031a6fc921"},"id":"project.opening.finished"}}
{"recorder_version":"31","session":"7b9798fc489d","build":"193.5662.53","bucket":"159","time":1590405638542,"group":{"id":"indexing","version":"2"},"event":{"count":1,"data":{"duration_ms":1560,"ide_activity_id":1,"created":1590405638543},"id":"finished"}}
{"recorder_version":"31","session":"7b9798fc489d","build":"193.5662.53","bucket":"159","time":1590405638623,"group":{"id":"indexing","version":"2"},"event":{"count":1,"data":{"ide_activity_id":2,"created":1590405638623,"project":"d119a6d897fcb33934b9adf90ec59bc9e850f90f58367fa567dc99031a6fc921"},"id":"started"}}
{"recorder_version":"31","session":"7b9798fc489d","build":"193.5662.53","bucket":"159","time":1590405638636,"group":{"id":"indexing","version":"2"},"event":{"count":1,"data":{"ide_activity_id":2,"plugin":"org.jetbrains.android","stage_class":"com.android.tools.idea.res.ResourceFolderRepositoryFileCacheImpl$PruneTask","created":1590405638638,"plugin_type":"JB_BUNDLED"},"id":"stage"}}
{"recorder_version":"31","session":"7b9798fc489d","build":"193.5662.53","bucket":"159","time":1590405638673,"group":{"id":"indexing","version":"2"},"event":{"count":1,"data":{"ide_activity_id":2,"plugin":"org.jetbrains.android","stage_class":"com.android.tools.idea.res.ResourceFolderRepositoryFileCacheImpl$ManageLruProjectFilesTask","created":1590405638674,"plugin_type":"JB_BUNDLED"},"id":"stage"}}
{"recorder_version":"31","session":"7b9798fc489d","build":"193.5662.53","bucket":"159","time":1590405638697,"group":{"id":"indexing","version":"2"},"event":{"count":1,"data":{"duration_ms":74,"ide_activity_id":2,"created":1590405638697},"id":"finished"}}
{"recorder_version":"31","session":"7b9798fc489d","build":"193.5662.53","bucket":"159","time":1590405638708,"group":{"id":"indexing","version":"2"},"event":{"count":1,"data":{"ide_activity_id":3,"created":1590405638708,"project":"d119a6d897fcb33934b9adf90ec59bc9e850f90f58367fa567dc99031a6fc921"},"id":"started"}}
{"recorder_version":"31","session":"7b9798fc489d","build":"193.5662.53","bucket":"159","time":1590405638712,"group":{"id":"indexing","version":"2"},"event":{"count":1,"data":{"ide_activity_id":3,"plugin":"org.jetbrains.android","stage_class":"com.android.tools.idea.res.ResourceFolderRegistry$PopulateCachesTask","created":1590405638712,"plugin_type":"JB_BUNDLED"},"id":"stage"}}
{"recorder_version":"31","session":"7b9798fc489d","build":"193.5662.53","bucket":"159","time":1590405638716,"group":{"id":"indexing","version":"2"},"event":{"count":1,"data":{"duration_ms":8,"ide_activity_id":3,"created":1590405638716},"id":"finished"}}
{"recorder_version":"31","session":"7b9798fc489d","build":"193.5662.53","bucket":"159","time":1590405641769,"group":{"id":"startup","version":"1"},"event":{"count":1,"data":{"duration":2037,"created":1590405641769},"id":"appInit"}}
{"recorder_version":"31","session":"7b9798fc489d","build":"193.5662.53","bucket":"159","time":1590405641769,"group":{"id":"startup","version":"1"},"event":{"count":1,"data":{"duration":336,"created":1590405641769},"id":"splash"}}
{"recorder_version":"31","session":"7b9798fc489d","build":"193.5662.53","bucket":"159","time":1590405641769,"group":{"id":"startup","version":"1"},"event":{"count":1,"data":{"duration":377,"created":1590405641769},"id":"bootstrap"}}
{"recorder_version":"31","session":"7b9798fc489d","build":"193.5662.53","bucket":"159","time":1590405641769,"group":{"id":"startup","version":"1"},"event":{"count":1,"data":{"duration":7701,"created":1590405641769},"id":"totalDuration"}}
{"recorder_version":"31","session":"7b9798fc489d","build":"193.5662.53","bucket":"159","time":1590405642177,"group":{"id":"actions","version":"31"},"event":{"count":1,"data":{"context_menu":true,"action_id":"third.party","created":1590405642177,"plugin_type":"NOT_LISTED","project":"d119a6d897fcb33934b9adf90ec59bc9e850f90f58367fa567dc99031a6fc921","place":"MainMenu","class":"third.party","input_event":"NoMouseButton"},"id":"action.invoked"}}
{"recorder_version":"31","session":"7b9798fc489d","build":"193.5662.53","bucket":"159","time":1590405643200,"group":{"id":"ui.dialogs","version":"31"},"event":{"count":1,"data":{"created":1590405643200,"plugin_type":"NOT_LISTED","dialog_class":"third.party"},"id":"show"}}
{"recorder_version":"31","session":"7b9798fc489d","build":"193.5662.53","bucket":"159","time":1590405663268,"group":{"id":"ui.dialogs","version":"31"},"event":{"count":1,"data":{"code":1,"created":1590405663268,"plugin_type":"NOT_LISTED","dialog_class":"third.party"},"id":"close"}}
{"recorder_version":"31","session":"7b9798fc489d","build":"193.5662.53","bucket":"159","time":1590405693117,"group":{"id":"lifecycle","version":"31"},"event":{"count":1,"data":{"created":1590405693117,"project":"d119a6d897fcb33934b9adf90ec59bc9e850f90f58367fa567dc99031a6fc921"},"id":"frame.deactivated"}}
{"recorder_version":"31","session":"7b9798fc489d","build":"193.5662.53","bucket":"159","time":1590405734092,"group":{"id":"performance","version":"31"},"event":{"count":1,"data":{"duration_ms":0,"created":1590405734092},"id":"ui.latency"}}
{"recorder_version":"31","session":"7b9798fc489d","build":"193.5662.53","bucket":"159","time":1590405834269,"group":{"id":"performance","version":"31"},"event":{"count":1,"data":{"duration_ms":0,"created":1590405834269},"id":"ui.latency"}}
{"recorder_version":"31","session":"7b9798fc489d","build":"193.5662.53","bucket":"159","time":1590405932492,"group":{"id":"kotlin.ide.j2k","version":"1"},"event":{"count":1,"data":{"created":1590405932492},"id":"registered"}}
{"recorder_version":"31","session":"7b9798fc489d","build":"193.5662.53","bucket":"159","time":1590405932492,"group":{"id":"java.find.usages","version":"1"},"event":{"count":1,"data":{"created":1590405932492},"id":"registered"}}
{"recorder_version":"31","session":"7b9798fc489d","build":"193.5662.53","bucket":"159","time":1590405932492,"group":{"id":"file.types.usage","version":"31"},"event":{"count":1,"data":{"created":1590405932493},"id":"registered"}}
{"recorder_version":"31","session":"7b9798fc489d","build":"193.5662.53","bucket":"159","time":1590405932492,"group":{"id":"ide.script.engine","version":"2"},"event":{"count":1,"data":{"created":1590405932493},"id":"registered"}}
{"recorder_version":"31","session":"7b9798fc489d","build":"193.5662.53","bucket":"159","time":1590405932492,"group":{"id":"live.templates","version":"31"},"event":{"count":1,"data":{"created":1590405932493},"id":"registered"}}
{"recorder_version":"31","session":"7b9798fc489d","build":"193.5662.53","bucket":"159","time":1590405932492,"group":{"id":"ide.self.update","version":"2"},"event":{"count":1,"data":{"created":1590405932493},"id":"registered"}}
{"recorder_version":"31","session":"7b9798fc489d","build":"193.5662.53","bucket":"159","time":1590405932492,"group":{"id":"lifecycle","version":"31"},"event":{"count":1,"data":{"created":1590405932493},"id":"registered"}}
{"recorder_version":"31","session":"7b9798fc489d","build":"193.5662.53","bucket":"159","time":1590405932492,"group":{"id":"vcs.diff.trigger","version":"1"},"event":{"count":1,"data":{"created":1590405932493},"id":"registered"}}
{"recorder_version":"31","session":"7b9798fc489d","build":"193.5662.53","bucket":"159","time":1590405932492,"group":{"id":"debugger.breakpoints.usage","version":"2"},"event":{"count":1,"data":{"created":1590405932493},"id":"registered"}}
{"recorder_version":"31","session":"7b9798fc489d","build":"193.5662.53","bucket":"159","time":1590405932492,"group":{"id":"kotlin.gradle.library","version":"1"},"event":{"count":1,"data":{"created":1590405932493},"id":"registered"}}
{"recorder_version":"31","session":"7b9798fc489d","build":"193.5662.53","bucket":"159","time":1590405932492,"group":{"id":"startup","version":"1"},"event":{"count":1,"data":{"created":1590405932493},"id":"registered"}}
{"recorder_version":"31","session":"7b9798fc489d","build":"193.5662.53","bucket":"159","time":1590405932492,"group":{"id":"find","version":"2"},"event":{"count":1,"data":{"created":1590405932493},"id":"registered"}}
{"recorder_version":"31","session":"7b9798fc489d","build":"193.5662.53","bucket":"159","time":1590405932492,"group":{"id":"kotlin.gradle.target","version":"2"},"event":{"count":1,"data":{"created":1590405932493},"id":"registered"}}
{"recorder_version":"31","session":"7b9798fc489d","build":"193.5662.53","bucket":"159","time":1590405932492,"group":{"id":"gutter.icon.click","version":"2"},"event":{"count":1,"data":{"created":1590405932494},"id":"registered"}}
{"recorder_version":"31","session":"7b9798fc489d","build":"193.5662.53","bucket":"159","time":1590405932492,"group":{"id":"shell.script","version":"1"},"event":{"count":1,"data":{"created":1590405932494},"id":"registered"}}
{"recorder_version":"31","session":"7b9798fc489d","build":"193.5662.53","bucket":"159","time":1590405932492,"group":{"id":"new.project.wizard","version":"1"},"event":{"count":1,"data":{"created":1590405932494},"id":"registered"}}
{"recorder_version":"31","session":"7b9798fc489d","build":"193.5662.53","bucket":"159","time":1590405932492,"group":{"id":"kotlin.ide.npwizards","version":"1"},"event":{"count":1,"data":{"created":1590405932494},"id":"registered"}}
{"recorder_version":"31","session":"7b9798fc489d","build":"193.5662.53","bucket":"159","time":1590405932492,"group":{"id":"intentions","version":"31"},"event":{"count":1,"data":{"created":1590405932494},"id":"registered"}}
{"recorder_version":"31","session":"7b9798fc489d","build":"193.5662.53","bucket":"159","time":1590405932492,"group":{"id":"settings.repository","version":"1"},"event":{"count":1,"data":{"created":1590405932494},"id":"registered"}}
{"recorder_version":"31","session":"7b9798fc489d","build":"193.5662.53","bucket":"159","time":1590405932492,"group":{"id":"vcs.change.reminder","version":"2"},"event":{"count":1,"data":{"created":1590405932494},"id":"registered"}}
{"recorder_version":"31","session":"7b9798fc489d","build":"193.5662.53","bucket":"159","time":1590405932492,"group":{"id":"create.directory.dialog","version":"1"},"event":{"count":1,"data":{"created":1590405932494},"id":"registered"}}
{"recorder_version":"31","session":"7b9798fc489d","build":"193.5662.53","bucket":"159","time":1590405932492,"group":{"id":"kotlin.maven.target","version":"3"},"event":{"count":1,"data":{"created":1590405932494},"id":"registered"}}
{"recorder_version":"31","session":"7b9798fc489d","build":"193.5662.53","bucket":"159","time":1590405932492,"group":{"id":"json.schema","version":"1"},"event":{"count":1,"data":{"created":1590405932494},"id":"registered"}}
{"recorder_version":"31","session":"7b9798fc489d","build":"193.5662.53","bucket":"159","time":1590405932492,"group":{"id":"terminalShell","version":"1"},"event":{"count":1,"data":{"created":1590405932495},"id":"registered"}}
{"recorder_version":"31","session":"7b9798fc489d","build":"193.5662.53","bucket":"159","time":1590405932492,"group":{"id":"rename.refactoring","version":"1"},"event":{"count":1,"data":{"created":1590405932495},"id":"registered"}}
{"recorder_version":"31","session":"7b9798fc489d","build":"193.5662.53","bucket":"159","time":1590405932492,"group":{"id":"build.ant.actions","version":"1"},"event":{"count":1,"data":{"created":1590405932495},"id":"registered"}}
{"recorder_version":"31","session":"7b9798fc489d","build":"193.5662.53","bucket":"159","time":1590405932492,"group":{"id":"actions","version":"31"},"event":{"count":1,"data":{"created":1590405932495},"id":"registered"}}
{"recorder_version":"31","session":"7b9798fc489d","build":"193.5662.53","bucket":"159","time":1590405932492,"group":{"id":"kotlin.ide.editor","version":"1"},"event":{"count":1,"data":{"created":1590405932495},"id":"registered"}}
{"recorder_version":"31","session":"7b9798fc489d","build":"193.5662.53","bucket":"159","time":1590405932492,"group":{"id":"event.log","version":"31"},"event":{"count":1,"data":{"created":1590405932495},"id":"registered"}}
{"recorder_version":"31","session":"7b9798fc489d","build":"193.5662.53","bucket":"159","time":1590405932492,"group":{"id":"run.configuration.exec","version":"31"},"event":{"count":1,"data":{"created":1590405932495},"id":"registered"}}
{"recorder_version":"31","session":"7b9798fc489d","build":"193.5662.53","bucket":"159","time":1590405932492,"group":{"id":"build.tools.actions","version":"1"},"event":{"count":1,"data":{"created":1590405932495},"id":"registered"}}
{"recorder_version":"31","session":"7b9798fc489d","build":"193.5662.53","bucket":"159","time":1590405932492,"group":{"id":"file.editor","version":"2"},"event":{"count":1,"data":{"created":1590405932495},"id":"registered"}}
{"recorder_version":"31","session":"7b9798fc489d","build":"193.5662.53","bucket":"159","time":1590405932492,"group":{"id":"vfs","version":"2"},"event":{"count":1,"data":{"created":1590405932495},"id":"registered"}}
{"recorder_version":"31","session":"7b9798fc489d","build":"193.5662.53","bucket":"159","time":1590405932492,"group":{"id":"project.import","version":"2"},"event":{"count":1,"data":{"created":1590405932495},"id":"registered"}}
{"recorder_version":"31","session":"7b9798fc489d","build":"193.5662.53","bucket":"159","time":1590405932492,"group":{"id":"actions.runAnything","version":"1"},"event":{"count":1,"data":{"created":1590405932495},"id":"registered"}}
{"recorder_version":"31","session":"7b9798fc489d","build":"193.5662.53","bucket":"159","time":1590405932492,"group":{"id":"toolwindow","version":"31"},"event":{"count":1,"data":{"created":1590405932495},"id":"registered"}}
{"recorder_version":"31","session":"7b9798fc489d","build":"193.5662.53","bucket":"159","time":1590405932492,"group":{"id":"kotlin.ide.newFileTempl","version":"1"},"event":{"count":1,"data":{"created":1590405932495},"id":"registered"}}
{"recorder_version":"31","session":"7b9798fc489d","build":"193.5662.53","bucket":"159","time":1590405932492,"group":{"id":"ui.settings","version":"31"},"event":{"count":1,"data":{"created":1590405932495},"id":"registered"}}
{"recorder_version":"31","session":"7b9798fc489d","build":"193.5662.53","bucket":"159","time":1590405932492,"group":{"id":"vcs.log.trigger","version":"2"},"event":{"count":1,"data":{"created":1590405932495},"id":"registered"}}
{"recorder_version":"31","session":"7b9798fc489d","build":"193.5662.53","bucket":"159","time":1590405932492,"group":{"id":"productivity","version":"31"},"event":{"count":1,"data":{"created":1590405932495},"id":"registered"}}
{"recorder_version":"31","session":"7b9798fc489d","build":"193.5662.53","bucket":"159","time":1590405932492,"group":{"id":"build.maven.actions","version":"1"},"event":{"count":1,"data":{"created":1590405932496},"id":"registered"}}
{"recorder_version":"31","session":"7b9798fc489d","build":"193.5662.53","bucket":"159","time":1590405932492,"group":{"id":"ui.event","version":"3"},"event":{"count":1,"data":{"created":1590405932496},"id":"registered"}}
{"recorder_version":"31","session":"7b9798fc489d","build":"193.5662.53","bucket":"159","time":1590405932492,"group":{"id":"plugins.advertiser","version":"1"},"event":{"count":1,"data":{"created":1590405932496},"id":"registered"}}
{"recorder_version":"31","session":"7b9798fc489d","build":"193.5662.53","bucket":"159","time":1590405932492,"group":{"id":"editor.notification.panel","version":"1"},"event":{"count":1,"data":{"created":1590405932496},"id":"registered"}}
{"recorder_version":"31","session":"7b9798fc489d","build":"193.5662.53","bucket":"159","time":1590405932492,"group":{"id":"kotlin.ide.debugger","version":"2"},"event":{"count":1,"data":{"created":1590405932496},"id":"registered"}}
{"recorder_version":"31","session":"7b9798fc489d","build":"193.5662.53","bucket":"159","time":1590405932492,"group":{"id":"tooltip.action.events","version":"1"},"event":{"count":1,"data":{"created":1590405932496},"id":"registered"}}
{"recorder_version":"31","session":"7b9798fc489d","build":"193.5662.53","bucket":"159","time":1590405932492,"group":{"id":"completion","version":"1"},"event":{"count":1,"data":{"created":1590405932496},"id":"registered"}}
{"recorder_version":"31","session":"7b9798fc489d","build":"193.5662.53","bucket":"159","time":1590405932492,"group":{"id":"indexing","version":"2"},"event":{"count":1,"data":{"created":1590405932496},"id":"registered"}}
{"recorder_version":"31","session":"7b9798fc489d","build":"193.5662.53","bucket":"159","time":1590405932492,"group":{"id":"vcs","version":"2"},"event":{"count":1,"data":{"created":1590405932496},"id":"registered"}}
{"recorder_version":"31","session":"7b9798fc489d","build":"193.5662.53","bucket":"159","time":1590405932492,"group":{"id":"ui.dialogs","version":"31"},"event":{"count":1,"data":{"created":1590405932496},"id":"registered"}}
{"recorder_version":"31","session":"7b9798fc489d","build":"193.5662.53","bucket":"159","time":1590405932492,"group":{"id":"vcs.back.forward.trigger","version":"1"},"event":{"count":1,"data":{"created":1590405932496},"id":"registered"}}
{"recorder_version":"31","session":"7b9798fc489d","build":"193.5662.53","bucket":"159","time":1590405932492,"group":{"id":"customize.wizard","version":"1"},"event":{"count":1,"data":{"created":1590405932496},"id":"registered"}}
{"recorder_version":"31","session":"7b9798fc489d","build":"193.5662.53","bucket":"159","time":1590405932492,"group":{"id":"ide.update.dialog","version":"1"},"event":{"count":1,"data":{"created":1590405932496},"id":"registered"}}
{"recorder_version":"31","session":"7b9798fc489d","build":"193.5662.53","bucket":"159","time":1590405932492,"group":{"id":"toolbar","version":"31"},"event":{"count":1,"data":{"created":1590405932496},"id":"registered"}}
{"recorder_version":"31","session":"7b9798fc489d","build":"193.5662.53","bucket":"159","time":1590405932492,"group":{"id":"build.gradle.actions","version":"1"},"event":{"count":1,"data":{"created":1590405932496},"id":"registered"}}
{"recorder_version":"31","session":"7b9798fc489d","build":"193.5662.53","bucket":"159","time":1590405932492,"group":{"id":"performance","version":"31"},"event":{"count":1,"data":{"created":1590405932496},"id":"registered"}}
{"recorder_version":"31","session":"7b9798fc489d","build":"193.5662.53","bucket":"159","time":1590405932492,"group":{"id":"build","version":"2"},"event":{"count":1,"data":{"created":1590405932496},"id":"registered"}}
{"recorder_version":"31","session":"7b9798fc489d","build":"193.5662.53","bucket":"159","time":1590405932492,"group":{"id":"searchEverywhere","version":"2"},"event":{"count":1,"data":{"created":1590405932496},"id":"registered"}}
{"recorder_version":"31","session":"7b9798fc489d","build":"193.5662.53","bucket":"159","time":1590405932492,"group":{"id":"kotlin.ide.action.refactoring","version":"1"},"event":{"count":1,"data":{"created":1590405932497},"id":"registered"}}
{"recorder_version":"31","session":"7b9798fc489d","build":"193.5662.53","bucket":"159","time":1590405932492,"group":{"id":"ui.tips","version":"3"},"event":{"count":1,"data":{"created":1590405932497},"id":"registered"}}
{"recorder_version":"31","session":"7b9798fc489d","build":"193.5662.53","bucket":"159","time":1590405932492,"group":{"id":"surround.with","version":"2"},"event":{"count":1,"data":{"created":1590405932497},"id":"registered"}}
{"recorder_version":"31","session":"7b9798fc489d","build":"193.5662.53","bucket":"159","time":1590405932492,"group":{"id":"import.old.config","version":"3"},"event":{"count":1,"data":{"created":1590405932497},"id":"registered"}}
{"recorder_version":"31","session":"7b9798fc489d","build":"193.5662.53","bucket":"159","time":1590405932492,"group":{"id":"kotlin.jps.target","version":"3"},"event":{"count":1,"data":{"created":1590405932497},"id":"registered"}}
{"recorder_version":"31","session":"7b9798fc489d","build":"193.5662.53","bucket":"159","time":1590405932492,"group":{"id":"completion.postfix","version":"31"},"event":{"count":1,"data":{"created":1590405932497},"id":"registered"}}
{"recorder_version":"31","session":"7b9798fc489d","build":"193.5662.53","bucket":"159","time":1590405932492,"group":{"id":"build.maven.packagesearch","version":"2"},"event":{"count":1,"data":{"created":1590405932497},"id":"registered"}}
