{"recorder_version":"31","session":"5a1186a43182","build":"193.5662.53","bucket":"159","time":1590245511837,"group":{"id":"settings","version":"4"},"event":{"state":true,"data":{"component":"UISettings","created":1590245512105},"id":"invoked"}}
{"recorder_version":"31","session":"5a1186a43182","build":"193.5662.53","bucket":"159","time":1590245511837,"group":{"id":"settings","version":"4"},"event":{"state":true,"data":{"component":"NotRoamableUiSettings","created":1590245512107},"id":"invoked"}}
{"recorder_version":"31","session":"5a1186a43182","build":"193.5662.53","bucket":"159","time":1590245511843,"group":{"id":"system.java","version":"1"},"event":{"state":true,"data":{"created":1590245512117,"version":"validation.undefined_rule"},"id":"validation.undefined_rule"}}
{"recorder_version":"31","session":"5a1186a43182","build":"193.5662.53","bucket":"159","time":1590245511843,"group":{"id":"system.java","version":"1"},"event":{"state":true,"data":{"created":1590245512118},"id":"invoked"}}
{"recorder_version":"31","session":"5a1186a43182","build":"193.5662.53","bucket":"159","time":1590245511866,"group":{"id":"system.os","version":"3"},"event":{"state":true,"data":{"created":1590245512119,"version":"10.15"},"id":"Mac"}}
{"recorder_version":"31","session":"5a1186a43182","build":"193.5662.53","bucket":"159","time":1590245511866,"group":{"id":"system.os","version":"3"},"event":{"state":true,"data":{"created":1590245512119,"name":"Mac","version":"10.15"},"id":"os.name"}}
{"recorder_version":"31","session":"5a1186a43182","build":"193.5662.53","bucket":"159","time":1590245511866,"group":{"id":"system.os","version":"3"},"event":{"state":true,"data":{"created":1590245512119,"value":"+02_00"},"id":"os.timezone"}}
{"recorder_version":"31","session":"5a1186a43182","build":"193.5662.53","bucket":"159","time":1590245511866,"group":{"id":"system.os","version":"3"},"event":{"state":true,"data":{"created":1590245512120},"id":"invoked"}}
{"recorder_version":"31","session":"5a1186a43182","build":"193.5662.53","bucket":"159","time":1590245512002,"group":{"id":"settings","version":"4"},"event":{"state":true,"data":{"component":"UpdatesConfigurable","created":1590245512120,"name":"checkNeeded","type":"bool","value":false},"id":"not.default"}}
{"recorder_version":"31","session":"5a1186a43182","build":"193.5662.53","bucket":"159","time":1590245512002,"group":{"id":"settings","version":"4"},"event":{"state":true,"data":{"component":"UpdatesConfigurable","created":1590245512120},"id":"invoked"}}
{"recorder_version":"31","session":"5a1186a43182","build":"193.5662.53","bucket":"159","time":1590245512080,"group":{"id":"event.log","version":"31"},"event":{"count":1,"data":{"created":1590245512121,"version":"1268.0"},"id":"whitelist.loaded"}}
{"recorder_version":"31","session":"5a1186a43182","build":"193.5662.53","bucket":"159","time":1590245512189,"group":{"id":"settings","version":"4"},"event":{"state":true,"data":{"component":"GeneralSettings","created":1590245512197,"name":"showTipsOnStartup","type":"bool","value":false},"id":"not.default"}}
{"recorder_version":"31","session":"5a1186a43182","build":"193.5662.53","bucket":"159","time":1590245512190,"group":{"id":"settings","version":"4"},"event":{"state":true,"data":{"component":"GeneralSettings","created":1590245512199},"id":"invoked"}}
{"recorder_version":"31","session":"5a1186a43182","build":"193.5662.53","bucket":"159","time":1590245512252,"group":{"id":"lifecycle","version":"31"},"event":{"count":1,"data":{"internal":true,"eap":false,"created":1590245512252},"id":"ide.start"}}
{"recorder_version":"31","session":"5a1186a43182","build":"193.5662.53","bucket":"159","time":1590245512330,"group":{"id":"settings","version":"4"},"event":{"state":true,"data":{"component":"XmlEditorOptions","created":1590245512331},"id":"invoked"}}
{"recorder_version":"31","session":"5a1186a43182","build":"193.5662.53","bucket":"159","time":1590245513103,"group":{"id":"lifecycle","version":"31"},"event":{"count":1,"data":{"created":1590245513104},"id":"frame.activated"}}
{"recorder_version":"31","session":"5a1186a43182","build":"193.5662.53","bucket":"159","time":1590245513104,"group":{"id":"settings","version":"4"},"event":{"state":true,"data":{"component":"VcsApplicationSettings","created":1590245513104},"id":"invoked"}}
{"recorder_version":"31","session":"5a1186a43182","build":"193.5662.53","bucket":"159","time":1590245513162,"group":{"id":"performance","version":"31"},"event":{"count":1,"data":{"duration_ms":473,"created":1590245513163},"id":"ui.latency"}}
{"recorder_version":"31","session":"5a1186a43182","build":"193.5662.53","bucket":"159","time":1590245513163,"group":{"id":"performance","version":"31"},"event":{"count":1,"data":{"duration_ms":473,"created":1590245513163},"id":"ui.lagging"}}
{"recorder_version":"31","session":"5a1186a43182","build":"193.5662.53","bucket":"159","time":1590245513257,"group":{"id":"ui.dialogs","version":"31"},"event":{"count":1,"data":{"created":1590245513260,"plugin_type":"PLATFORM","dialog_class":"com.intellij.openapi.progress.util.ProgressDialog$MyDialogWrapper"},"id":"show"}}
{"recorder_version":"31","session":"5a1186a43182","build":"193.5662.53","bucket":"159","time":1590245514756,"group":{"id":"lifecycle","version":"31"},"event":{"count":1,"data":{"created":1590245514757,"project":"d119a6d897fcb33934b9adf90ec59bc9e850f90f58367fa567dc99031a6fc921"},"id":"project.opened"}}
{"recorder_version":"31","session":"5a1186a43182","build":"193.5662.53","bucket":"159","time":1590245515143,"group":{"id":"performance","version":"31"},"event":{"count":1,"data":{"duration_ms":456,"created":1590245515143},"id":"ui.lagging"}}
{"recorder_version":"31","session":"5a1186a43182","build":"193.5662.53","bucket":"159","time":1590245515299,"group":{"id":"toolwindow","version":"31"},"event":{"count":1,"data":{"created":1590245515299,"plugin_type":"PLATFORM","id":"Event_Log"},"id":"activated"}}
{"recorder_version":"31","session":"5a1186a43182","build":"193.5662.53","bucket":"159","time":1590245515988,"group":{"id":"performance","version":"31"},"event":{"count":1,"data":{"duration_ms":296,"created":1590245515988},"id":"ui.lagging"}}
{"recorder_version":"31","session":"5a1186a43182","build":"193.5662.53","bucket":"159","time":1590245516809,"group":{"id":"performance","version":"31"},"event":{"count":1,"data":{"duration_ms":117,"created":1590245516809},"id":"ui.lagging"}}
{"recorder_version":"31","session":"5a1186a43182","build":"193.5662.53","bucket":"159","time":1590245517005,"group":{"id":"project.fs","version":"1"},"event":{"state":true,"data":{"os":"Mac","cs-project":false,"created":1590245517006,"project":"d119a6d897fcb33934b9adf90ec59bc9e850f90f58367fa567dc99031a6fc921","cs-implicit":true,"cs-system":false},"id":"case-sensitivity"}}
{"recorder_version":"31","session":"5a1186a43182","build":"193.5662.53","bucket":"159","time":1590245517005,"group":{"id":"project.fs","version":"1"},"event":{"state":true,"data":{"created":1590245517006},"id":"invoked"}}
{"recorder_version":"31","session":"5a1186a43182","build":"193.5662.53","bucket":"159","time":1590245517006,"group":{"id":"project.fs","version":"1"},"event":{"state":true,"data":{"pct-non-watched":0,"created":1590245517006,"project":"d119a6d897fcb33934b9adf90ec59bc9e850f90f58367fa567dc99031a6fc921"},"id":"roots-watched"}}
{"recorder_version":"31","session":"5a1186a43182","build":"193.5662.53","bucket":"159","time":1590245517006,"group":{"id":"project.fs","version":"1"},"event":{"state":true,"data":{"created":1590245517006},"id":"invoked"}}
{"recorder_version":"31","session":"5a1186a43182","build":"193.5662.53","bucket":"159","time":1590245517092,"group":{"id":"ui.dialogs","version":"31"},"event":{"count":1,"data":{"code":1,"created":1590245517092,"plugin_type":"PLATFORM","dialog_class":"com.intellij.openapi.progress.util.ProgressDialog$MyDialogWrapper"},"id":"close"}}
{"recorder_version":"31","session":"5a1186a43182","build":"193.5662.53","bucket":"159","time":1590245517169,"group":{"id":"indexing","version":"2"},"event":{"count":1,"data":{"ide_activity_id":1,"created":1590245517169,"project":"d119a6d897fcb33934b9adf90ec59bc9e850f90f58367fa567dc99031a6fc921"},"id":"started"}}
{"recorder_version":"31","session":"5a1186a43182","build":"193.5662.53","bucket":"159","time":1590245517229,"group":{"id":"indexing","version":"2"},"event":{"count":1,"data":{"ide_activity_id":1,"stage_class":"com.intellij.util.indexing.UnindexedFilesUpdater","created":1590245517229,"plugin_type":"PLATFORM"},"id":"stage"}}
{"recorder_version":"31","session":"5a1186a43182","build":"193.5662.53","bucket":"159","time":1590245517266,"group":{"id":"lifecycle","version":"31"},"event":{"count":1,"data":{"duration_ms":4790,"created":1590245517266,"project":"d119a6d897fcb33934b9adf90ec59bc9e850f90f58367fa567dc99031a6fc921"},"id":"project.opening.finished"}}
{"recorder_version":"31","session":"5a1186a43182","build":"193.5662.53","bucket":"159","time":1590245519671,"group":{"id":"indexing","version":"2"},"event":{"count":1,"data":{"duration_ms":2502,"ide_activity_id":1,"created":1590245519672},"id":"finished"}}
{"recorder_version":"31","session":"5a1186a43182","build":"193.5662.53","bucket":"159","time":1590245519756,"group":{"id":"indexing","version":"2"},"event":{"count":1,"data":{"ide_activity_id":2,"created":1590245519756,"project":"d119a6d897fcb33934b9adf90ec59bc9e850f90f58367fa567dc99031a6fc921"},"id":"started"}}
{"recorder_version":"31","session":"5a1186a43182","build":"193.5662.53","bucket":"159","time":1590245519769,"group":{"id":"indexing","version":"2"},"event":{"count":1,"data":{"ide_activity_id":2,"plugin":"org.jetbrains.android","stage_class":"com.android.tools.idea.res.ResourceFolderRepositoryFileCacheImpl$PruneTask","created":1590245519770,"plugin_type":"JB_BUNDLED"},"id":"stage"}}
{"recorder_version":"31","session":"5a1186a43182","build":"193.5662.53","bucket":"159","time":1590245519815,"group":{"id":"indexing","version":"2"},"event":{"count":1,"data":{"ide_activity_id":2,"plugin":"org.jetbrains.android","stage_class":"com.android.tools.idea.res.ResourceFolderRepositoryFileCacheImpl$ManageLruProjectFilesTask","created":1590245519815,"plugin_type":"JB_BUNDLED"},"id":"stage"}}
{"recorder_version":"31","session":"5a1186a43182","build":"193.5662.53","bucket":"159","time":1590245519841,"group":{"id":"indexing","version":"2"},"event":{"count":1,"data":{"duration_ms":85,"ide_activity_id":2,"created":1590245519841},"id":"finished"}}
{"recorder_version":"31","session":"5a1186a43182","build":"193.5662.53","bucket":"159","time":1590245519852,"group":{"id":"indexing","version":"2"},"event":{"count":1,"data":{"ide_activity_id":3,"created":1590245519852,"project":"d119a6d897fcb33934b9adf90ec59bc9e850f90f58367fa567dc99031a6fc921"},"id":"started"}}
{"recorder_version":"31","session":"5a1186a43182","build":"193.5662.53","bucket":"159","time":1590245519855,"group":{"id":"indexing","version":"2"},"event":{"count":1,"data":{"ide_activity_id":3,"plugin":"org.jetbrains.android","stage_class":"com.android.tools.idea.res.ResourceFolderRegistry$PopulateCachesTask","created":1590245519855,"plugin_type":"JB_BUNDLED"},"id":"stage"}}
{"recorder_version":"31","session":"5a1186a43182","build":"193.5662.53","bucket":"159","time":1590245519858,"group":{"id":"indexing","version":"2"},"event":{"count":1,"data":{"duration_ms":6,"ide_activity_id":3,"created":1590245519859},"id":"finished"}}
{"recorder_version":"31","session":"5a1186a43182","build":"193.5662.53","bucket":"159","time":1590245521265,"group":{"id":"actions","version":"31"},"event":{"count":1,"data":{"context_menu":true,"action_id":"third.party","created":1590245521265,"plugin_type":"NOT_LISTED","project":"d119a6d897fcb33934b9adf90ec59bc9e850f90f58367fa567dc99031a6fc921","place":"MainMenu","class":"third.party","input_event":"NoMouseButton"},"id":"action.invoked"}}
{"recorder_version":"31","session":"5a1186a43182","build":"193.5662.53","bucket":"159","time":1590245522072,"group":{"id":"startup","version":"1"},"event":{"count":1,"data":{"duration":1604,"created":1590245522072},"id":"appInit"}}
{"recorder_version":"31","session":"5a1186a43182","build":"193.5662.53","bucket":"159","time":1590245522072,"group":{"id":"startup","version":"1"},"event":{"count":1,"data":{"duration":320,"created":1590245522073},"id":"splash"}}
{"recorder_version":"31","session":"5a1186a43182","build":"193.5662.53","bucket":"159","time":1590245522072,"group":{"id":"startup","version":"1"},"event":{"count":1,"data":{"duration":410,"created":1590245522073},"id":"bootstrap"}}
{"recorder_version":"31","session":"5a1186a43182","build":"193.5662.53","bucket":"159","time":1590245522072,"group":{"id":"startup","version":"1"},"event":{"count":1,"data":{"duration":7852,"created":1590245522073},"id":"totalDuration"}}
{"recorder_version":"31","session":"5a1186a43182","build":"193.5662.53","bucket":"159","time":1590245525466,"group":{"id":"ui.dialogs","version":"31"},"event":{"count":1,"data":{"created":1590245525466,"plugin_type":"NOT_LISTED","dialog_class":"third.party"},"id":"show"}}
{"recorder_version":"31","session":"5a1186a43182","build":"193.5662.53","bucket":"159","time":1590245527534,"group":{"id":"ui.dialogs","version":"31"},"event":{"count":1,"data":{"code":1,"created":1590245527534,"plugin_type":"NOT_LISTED","dialog_class":"third.party"},"id":"close"}}
{"recorder_version":"31","session":"5a1186a43182","build":"193.5662.53","bucket":"159","time":1590245530553,"group":{"id":"ui.dialogs","version":"31"},"event":{"count":1,"data":{"created":1590245530553,"plugin_type":"NOT_LISTED","dialog_class":"third.party"},"id":"show"}}
{"recorder_version":"31","session":"5a1186a43182","build":"193.5662.53","bucket":"159","time":1590245532558,"group":{"id":"ui.dialogs","version":"31"},"event":{"count":1,"data":{"code":1,"created":1590245532558,"plugin_type":"NOT_LISTED","dialog_class":"third.party"},"id":"close"}}
