{"recorder_version":"31","session":"49ad59e8eca2","build":"193.5662.53","bucket":"159","time":1590181113564,"group":{"id":"settings","version":"4"},"event":{"state":true,"data":{"component":"NotRoamableUiSettings","created":1590181113968},"id":"invoked"}}
{"recorder_version":"31","session":"49ad59e8eca2","build":"193.5662.53","bucket":"159","time":1590181113567,"group":{"id":"settings","version":"4"},"event":{"state":true,"data":{"component":"UISettings","created":1590181113971},"id":"invoked"}}
{"recorder_version":"31","session":"49ad59e8eca2","build":"193.5662.53","bucket":"159","time":1590181113575,"group":{"id":"system.java","version":"1"},"event":{"state":true,"data":{"created":1590181113991,"version":"validation.undefined_rule"},"id":"validation.undefined_rule"}}
{"recorder_version":"31","session":"49ad59e8eca2","build":"193.5662.53","bucket":"159","time":1590181113575,"group":{"id":"system.java","version":"1"},"event":{"state":true,"data":{"created":1590181113992},"id":"invoked"}}
{"recorder_version":"31","session":"49ad59e8eca2","build":"193.5662.53","bucket":"159","time":1590181113608,"group":{"id":"system.os","version":"3"},"event":{"state":true,"data":{"created":1590181113993,"version":"10.15"},"id":"Mac"}}
{"recorder_version":"31","session":"49ad59e8eca2","build":"193.5662.53","bucket":"159","time":1590181113608,"group":{"id":"system.os","version":"3"},"event":{"state":true,"data":{"created":1590181113993,"name":"Mac","version":"10.15"},"id":"os.name"}}
{"recorder_version":"31","session":"49ad59e8eca2","build":"193.5662.53","bucket":"159","time":1590181113609,"group":{"id":"system.os","version":"3"},"event":{"state":true,"data":{"created":1590181113994,"value":"+02_00"},"id":"os.timezone"}}
{"recorder_version":"31","session":"49ad59e8eca2","build":"193.5662.53","bucket":"159","time":1590181113609,"group":{"id":"system.os","version":"3"},"event":{"state":true,"data":{"created":1590181113994},"id":"invoked"}}
{"recorder_version":"31","session":"49ad59e8eca2","build":"193.5662.53","bucket":"159","time":1590181113840,"group":{"id":"settings","version":"4"},"event":{"state":true,"data":{"component":"UpdatesConfigurable","created":1590181113995,"name":"checkNeeded","type":"bool","value":false},"id":"not.default"}}
{"recorder_version":"31","session":"49ad59e8eca2","build":"193.5662.53","bucket":"159","time":1590181113840,"group":{"id":"settings","version":"4"},"event":{"state":true,"data":{"component":"UpdatesConfigurable","created":1590181113996},"id":"invoked"}}
{"recorder_version":"31","session":"49ad59e8eca2","build":"193.5662.53","bucket":"159","time":1590181113935,"group":{"id":"event.log","version":"31"},"event":{"count":1,"data":{"created":1590181113997,"version":"1268.0"},"id":"whitelist.loaded"}}
{"recorder_version":"31","session":"49ad59e8eca2","build":"193.5662.53","bucket":"159","time":1590181114060,"group":{"id":"settings","version":"4"},"event":{"state":true,"data":{"component":"GeneralSettings","created":1590181114060,"name":"showTipsOnStartup","type":"bool","value":false},"id":"not.default"}}
{"recorder_version":"31","session":"49ad59e8eca2","build":"193.5662.53","bucket":"159","time":1590181114060,"group":{"id":"settings","version":"4"},"event":{"state":true,"data":{"component":"GeneralSettings","created":1590181114063},"id":"invoked"}}
{"recorder_version":"31","session":"49ad59e8eca2","build":"193.5662.53","bucket":"159","time":1590181114108,"group":{"id":"lifecycle","version":"31"},"event":{"count":1,"data":{"internal":true,"eap":false,"created":1590181114108},"id":"ide.start"}}
{"recorder_version":"31","session":"49ad59e8eca2","build":"193.5662.53","bucket":"159","time":1590181114208,"group":{"id":"settings","version":"4"},"event":{"state":true,"data":{"component":"XmlEditorOptions","created":1590181114208},"id":"invoked"}}
{"recorder_version":"31","session":"49ad59e8eca2","build":"193.5662.53","bucket":"159","time":1590181115053,"group":{"id":"settings","version":"4"},"event":{"state":true,"data":{"component":"VcsApplicationSettings","created":1590181115053},"id":"invoked"}}
{"recorder_version":"31","session":"49ad59e8eca2","build":"193.5662.53","bucket":"159","time":1590181115053,"group":{"id":"lifecycle","version":"31"},"event":{"count":1,"data":{"created":1590181115053},"id":"frame.activated"}}
{"recorder_version":"31","session":"49ad59e8eca2","build":"193.5662.53","bucket":"159","time":1590181115105,"group":{"id":"performance","version":"31"},"event":{"count":1,"data":{"duration_ms":631,"created":1590181115106},"id":"ui.latency"}}
{"recorder_version":"31","session":"49ad59e8eca2","build":"193.5662.53","bucket":"159","time":1590181115105,"group":{"id":"performance","version":"31"},"event":{"count":1,"data":{"duration_ms":631,"created":1590181115106},"id":"ui.lagging"}}
{"recorder_version":"31","session":"49ad59e8eca2","build":"193.5662.53","bucket":"159","time":1590181115409,"group":{"id":"ui.dialogs","version":"31"},"event":{"count":1,"data":{"created":1590181115409,"plugin_type":"PLATFORM","dialog_class":"com.intellij.openapi.progress.util.ProgressDialog$MyDialogWrapper"},"id":"show"}}
{"recorder_version":"31","session":"49ad59e8eca2","build":"193.5662.53","bucket":"159","time":1590181117234,"group":{"id":"lifecycle","version":"31"},"event":{"count":1,"data":{"created":1590181117234,"project":"d119a6d897fcb33934b9adf90ec59bc9e850f90f58367fa567dc99031a6fc921"},"id":"project.opened"}}
{"recorder_version":"31","session":"49ad59e8eca2","build":"193.5662.53","bucket":"159","time":1590181117967,"group":{"id":"performance","version":"31"},"event":{"count":1,"data":{"duration_ms":492,"created":1590181117967},"id":"ui.lagging"}}
{"recorder_version":"31","session":"49ad59e8eca2","build":"193.5662.53","bucket":"159","time":1590181117993,"group":{"id":"toolwindow","version":"31"},"event":{"count":1,"data":{"created":1590181117993,"plugin_type":"PLATFORM","id":"Event_Log"},"id":"activated"}}
{"recorder_version":"31","session":"49ad59e8eca2","build":"193.5662.53","bucket":"159","time":1590181119054,"group":{"id":"performance","version":"31"},"event":{"count":1,"data":{"duration_ms":579,"created":1590181119054},"id":"ui.lagging"}}
{"recorder_version":"31","session":"49ad59e8eca2","build":"193.5662.53","bucket":"159","time":1590181119914,"group":{"id":"performance","version":"31"},"event":{"count":1,"data":{"duration_ms":433,"created":1590181119914},"id":"ui.lagging"}}
{"recorder_version":"31","session":"49ad59e8eca2","build":"193.5662.53","bucket":"159","time":1590181120417,"group":{"id":"project.fs","version":"1"},"event":{"state":true,"data":{"os":"Mac","cs-project":false,"created":1590181120417,"project":"d119a6d897fcb33934b9adf90ec59bc9e850f90f58367fa567dc99031a6fc921","cs-implicit":true,"cs-system":false},"id":"case-sensitivity"}}
{"recorder_version":"31","session":"49ad59e8eca2","build":"193.5662.53","bucket":"159","time":1590181120417,"group":{"id":"project.fs","version":"1"},"event":{"state":true,"data":{"created":1590181120417},"id":"invoked"}}
{"recorder_version":"31","session":"49ad59e8eca2","build":"193.5662.53","bucket":"159","time":1590181120418,"group":{"id":"project.fs","version":"1"},"event":{"state":true,"data":{"pct-non-watched":0,"created":1590181120418,"project":"d119a6d897fcb33934b9adf90ec59bc9e850f90f58367fa567dc99031a6fc921"},"id":"roots-watched"}}
{"recorder_version":"31","session":"49ad59e8eca2","build":"193.5662.53","bucket":"159","time":1590181120418,"group":{"id":"project.fs","version":"1"},"event":{"state":true,"data":{"created":1590181120418},"id":"invoked"}}
{"recorder_version":"31","session":"49ad59e8eca2","build":"193.5662.53","bucket":"159","time":1590181120563,"group":{"id":"ui.dialogs","version":"31"},"event":{"count":1,"data":{"code":1,"created":1590181120563,"plugin_type":"PLATFORM","dialog_class":"com.intellij.openapi.progress.util.ProgressDialog$MyDialogWrapper"},"id":"close"}}
{"recorder_version":"31","session":"49ad59e8eca2","build":"193.5662.53","bucket":"159","time":1590181120700,"group":{"id":"indexing","version":"2"},"event":{"count":1,"data":{"ide_activity_id":1,"created":1590181120700,"project":"d119a6d897fcb33934b9adf90ec59bc9e850f90f58367fa567dc99031a6fc921"},"id":"started"}}
{"recorder_version":"31","session":"49ad59e8eca2","build":"193.5662.53","bucket":"159","time":1590181120763,"group":{"id":"indexing","version":"2"},"event":{"count":1,"data":{"ide_activity_id":1,"stage_class":"com.intellij.util.indexing.UnindexedFilesUpdater","created":1590181120763,"plugin_type":"PLATFORM"},"id":"stage"}}
{"recorder_version":"31","session":"49ad59e8eca2","build":"193.5662.53","bucket":"159","time":1590181120816,"group":{"id":"lifecycle","version":"31"},"event":{"count":1,"data":{"duration_ms":6574,"created":1590181120816,"project":"d119a6d897fcb33934b9adf90ec59bc9e850f90f58367fa567dc99031a6fc921"},"id":"project.opening.finished"}}
{"recorder_version":"31","session":"49ad59e8eca2","build":"193.5662.53","bucket":"159","time":1590181123940,"group":{"id":"indexing","version":"2"},"event":{"count":1,"data":{"duration_ms":3239,"ide_activity_id":1,"created":1590181123940},"id":"finished"}}
{"recorder_version":"31","session":"49ad59e8eca2","build":"193.5662.53","bucket":"159","time":1590181124074,"group":{"id":"indexing","version":"2"},"event":{"count":1,"data":{"ide_activity_id":2,"created":1590181124074,"project":"d119a6d897fcb33934b9adf90ec59bc9e850f90f58367fa567dc99031a6fc921"},"id":"started"}}
{"recorder_version":"31","session":"49ad59e8eca2","build":"193.5662.53","bucket":"159","time":1590181124086,"group":{"id":"indexing","version":"2"},"event":{"count":1,"data":{"ide_activity_id":2,"plugin":"org.jetbrains.android","stage_class":"com.android.tools.idea.res.ResourceFolderRepositoryFileCacheImpl$PruneTask","created":1590181124087,"plugin_type":"JB_BUNDLED"},"id":"stage"}}
{"recorder_version":"31","session":"49ad59e8eca2","build":"193.5662.53","bucket":"159","time":1590181124134,"group":{"id":"indexing","version":"2"},"event":{"count":1,"data":{"ide_activity_id":2,"plugin":"org.jetbrains.android","stage_class":"com.android.tools.idea.res.ResourceFolderRepositoryFileCacheImpl$ManageLruProjectFilesTask","created":1590181124135,"plugin_type":"JB_BUNDLED"},"id":"stage"}}
{"recorder_version":"31","session":"49ad59e8eca2","build":"193.5662.53","bucket":"159","time":1590181124163,"group":{"id":"indexing","version":"2"},"event":{"count":1,"data":{"duration_ms":89,"ide_activity_id":2,"created":1590181124163},"id":"finished"}}
{"recorder_version":"31","session":"49ad59e8eca2","build":"193.5662.53","bucket":"159","time":1590181124177,"group":{"id":"indexing","version":"2"},"event":{"count":1,"data":{"ide_activity_id":3,"created":1590181124178,"project":"d119a6d897fcb33934b9adf90ec59bc9e850f90f58367fa567dc99031a6fc921"},"id":"started"}}
{"recorder_version":"31","session":"49ad59e8eca2","build":"193.5662.53","bucket":"159","time":1590181124182,"group":{"id":"indexing","version":"2"},"event":{"count":1,"data":{"ide_activity_id":3,"plugin":"org.jetbrains.android","stage_class":"com.android.tools.idea.res.ResourceFolderRegistry$PopulateCachesTask","created":1590181124182,"plugin_type":"JB_BUNDLED"},"id":"stage"}}
{"recorder_version":"31","session":"49ad59e8eca2","build":"193.5662.53","bucket":"159","time":1590181124184,"group":{"id":"indexing","version":"2"},"event":{"count":1,"data":{"duration_ms":7,"ide_activity_id":3,"created":1590181124184},"id":"finished"}}
{"recorder_version":"31","session":"49ad59e8eca2","build":"193.5662.53","bucket":"159","time":1590181124597,"group":{"id":"performance","version":"31"},"event":{"count":1,"data":{"duration_ms":106,"created":1590181124597},"id":"ui.lagging"}}
{"recorder_version":"31","session":"49ad59e8eca2","build":"193.5662.53","bucket":"159","time":1590181125537,"group":{"id":"startup","version":"1"},"event":{"count":1,"data":{"duration":1991,"created":1590181125537},"id":"appInit"}}
{"recorder_version":"31","session":"49ad59e8eca2","build":"193.5662.53","bucket":"159","time":1590181125537,"group":{"id":"startup","version":"1"},"event":{"count":1,"data":{"duration":432,"created":1590181125537},"id":"splash"}}
{"recorder_version":"31","session":"49ad59e8eca2","build":"193.5662.53","bucket":"159","time":1590181125537,"group":{"id":"startup","version":"1"},"event":{"count":1,"data":{"duration":348,"created":1590181125538},"id":"bootstrap"}}
{"recorder_version":"31","session":"49ad59e8eca2","build":"193.5662.53","bucket":"159","time":1590181125537,"group":{"id":"startup","version":"1"},"event":{"count":1,"data":{"duration":9778,"created":1590181125538},"id":"totalDuration"}}
{"recorder_version":"31","session":"49ad59e8eca2","build":"193.5662.53","bucket":"159","time":1590181126632,"group":{"id":"actions","version":"31"},"event":{"count":1,"data":{"context_menu":true,"action_id":"third.party","created":1590181126632,"plugin_type":"NOT_LISTED","project":"d119a6d897fcb33934b9adf90ec59bc9e850f90f58367fa567dc99031a6fc921","place":"MainMenu","class":"third.party","input_event":"NoMouseButton"},"id":"action.invoked"}}
{"recorder_version":"31","session":"49ad59e8eca2","build":"193.5662.53","bucket":"159","time":1590181127878,"group":{"id":"ui.dialogs","version":"31"},"event":{"count":1,"data":{"created":1590181127879,"plugin_type":"NOT_LISTED","dialog_class":"third.party"},"id":"show"}}
{"recorder_version":"31","session":"49ad59e8eca2","build":"193.5662.53","bucket":"159","time":1590181131759,"group":{"id":"ui.dialogs","version":"31"},"event":{"count":1,"data":{"code":0,"created":1590181131759,"plugin_type":"NOT_LISTED","dialog_class":"third.party"},"id":"close"}}
{"recorder_version":"31","session":"49ad59e8eca2","build":"193.5662.53","bucket":"159","time":1590181133485,"group":{"id":"lifecycle","version":"31"},"event":{"count":1,"data":{"created":1590181133485,"project":"d119a6d897fcb33934b9adf90ec59bc9e850f90f58367fa567dc99031a6fc921"},"id":"frame.deactivated"}}
