{"recorder_version":"31","session":"2d127319cc19","build":"193.5662.53","bucket":"159","time":1590181574101,"group":{"id":"settings","version":"4"},"event":{"state":true,"data":{"component":"NotRoamableUiSettings","created":1590181574492},"id":"invoked"}}
{"recorder_version":"31","session":"2d127319cc19","build":"193.5662.53","bucket":"159","time":1590181574101,"group":{"id":"settings","version":"4"},"event":{"state":true,"data":{"component":"UISettings","created":1590181574501},"id":"invoked"}}
{"recorder_version":"31","session":"2d127319cc19","build":"193.5662.53","bucket":"159","time":1590181574120,"group":{"id":"system.java","version":"1"},"event":{"state":true,"data":{"created":1590181574533,"version":"validation.undefined_rule"},"id":"validation.undefined_rule"}}
{"recorder_version":"31","session":"2d127319cc19","build":"193.5662.53","bucket":"159","time":1590181574120,"group":{"id":"system.java","version":"1"},"event":{"state":true,"data":{"created":1590181574536},"id":"invoked"}}
{"recorder_version":"31","session":"2d127319cc19","build":"193.5662.53","bucket":"159","time":1590181574150,"group":{"id":"system.os","version":"3"},"event":{"state":true,"data":{"created":1590181574539,"version":"10.15"},"id":"Mac"}}
{"recorder_version":"31","session":"2d127319cc19","build":"193.5662.53","bucket":"159","time":1590181574150,"group":{"id":"system.os","version":"3"},"event":{"state":true,"data":{"created":1590181574541,"name":"Mac","version":"10.15"},"id":"os.name"}}
{"recorder_version":"31","session":"2d127319cc19","build":"193.5662.53","bucket":"159","time":1590181574150,"group":{"id":"system.os","version":"3"},"event":{"state":true,"data":{"created":1590181574549,"value":"+02_00"},"id":"os.timezone"}}
{"recorder_version":"31","session":"2d127319cc19","build":"193.5662.53","bucket":"159","time":1590181574150,"group":{"id":"system.os","version":"3"},"event":{"state":true,"data":{"created":1590181574550},"id":"invoked"}}
{"recorder_version":"31","session":"2d127319cc19","build":"193.5662.53","bucket":"159","time":1590181574357,"group":{"id":"settings","version":"4"},"event":{"state":true,"data":{"component":"UpdatesConfigurable","created":1590181574550,"name":"checkNeeded","type":"bool","value":false},"id":"not.default"}}
{"recorder_version":"31","session":"2d127319cc19","build":"193.5662.53","bucket":"159","time":1590181574357,"group":{"id":"settings","version":"4"},"event":{"state":true,"data":{"component":"UpdatesConfigurable","created":1590181574550},"id":"invoked"}}
{"recorder_version":"31","session":"2d127319cc19","build":"193.5662.53","bucket":"159","time":1590181574427,"group":{"id":"event.log","version":"31"},"event":{"count":1,"data":{"created":1590181574553,"version":"1268.0"},"id":"whitelist.loaded"}}
{"recorder_version":"31","session":"2d127319cc19","build":"193.5662.53","bucket":"159","time":1590181574575,"group":{"id":"settings","version":"4"},"event":{"state":true,"data":{"component":"GeneralSettings","created":1590181574576,"name":"showTipsOnStartup","type":"bool","value":false},"id":"not.default"}}
{"recorder_version":"31","session":"2d127319cc19","build":"193.5662.53","bucket":"159","time":1590181574575,"group":{"id":"settings","version":"4"},"event":{"state":true,"data":{"component":"GeneralSettings","created":1590181574577},"id":"invoked"}}
{"recorder_version":"31","session":"2d127319cc19","build":"193.5662.53","bucket":"159","time":1590181574608,"group":{"id":"lifecycle","version":"31"},"event":{"count":1,"data":{"internal":true,"eap":false,"created":1590181574608},"id":"ide.start"}}
{"recorder_version":"31","session":"2d127319cc19","build":"193.5662.53","bucket":"159","time":1590181574726,"group":{"id":"settings","version":"4"},"event":{"state":true,"data":{"component":"XmlEditorOptions","created":1590181574726},"id":"invoked"}}
{"recorder_version":"31","session":"2d127319cc19","build":"193.5662.53","bucket":"159","time":1590181575737,"group":{"id":"settings","version":"4"},"event":{"state":true,"data":{"component":"VcsApplicationSettings","created":1590181575737},"id":"invoked"}}
{"recorder_version":"31","session":"2d127319cc19","build":"193.5662.53","bucket":"159","time":1590181575737,"group":{"id":"lifecycle","version":"31"},"event":{"count":1,"data":{"created":1590181575746},"id":"frame.activated"}}
{"recorder_version":"31","session":"2d127319cc19","build":"193.5662.53","bucket":"159","time":1590181575771,"group":{"id":"performance","version":"31"},"event":{"count":1,"data":{"duration_ms":801,"created":1590181575771},"id":"ui.latency"}}
{"recorder_version":"31","session":"2d127319cc19","build":"193.5662.53","bucket":"159","time":1590181575771,"group":{"id":"performance","version":"31"},"event":{"count":1,"data":{"duration_ms":801,"created":1590181575771},"id":"ui.lagging"}}
{"recorder_version":"31","session":"2d127319cc19","build":"193.5662.53","bucket":"159","time":1590181576075,"group":{"id":"ui.dialogs","version":"31"},"event":{"count":1,"data":{"created":1590181576075,"plugin_type":"PLATFORM","dialog_class":"com.intellij.openapi.progress.util.ProgressDialog$MyDialogWrapper"},"id":"show"}}
{"recorder_version":"31","session":"2d127319cc19","build":"193.5662.53","bucket":"159","time":1590181576231,"group":{"id":"performance","version":"31"},"event":{"count":1,"data":{"duration_ms":268,"created":1590181576231},"id":"ui.lagging"}}
{"recorder_version":"31","session":"2d127319cc19","build":"193.5662.53","bucket":"159","time":1590181577732,"group":{"id":"lifecycle","version":"31"},"event":{"count":1,"data":{"created":1590181577733,"project":"d119a6d897fcb33934b9adf90ec59bc9e850f90f58367fa567dc99031a6fc921"},"id":"project.opened"}}
{"recorder_version":"31","session":"2d127319cc19","build":"193.5662.53","bucket":"159","time":1590181578412,"group":{"id":"performance","version":"31"},"event":{"count":1,"data":{"duration_ms":445,"created":1590181578412},"id":"ui.lagging"}}
{"recorder_version":"31","session":"2d127319cc19","build":"193.5662.53","bucket":"159","time":1590181578437,"group":{"id":"toolwindow","version":"31"},"event":{"count":1,"data":{"created":1590181578437,"plugin_type":"PLATFORM","id":"Event_Log"},"id":"activated"}}
{"recorder_version":"31","session":"2d127319cc19","build":"193.5662.53","bucket":"159","time":1590181579278,"group":{"id":"performance","version":"31"},"event":{"count":1,"data":{"duration_ms":310,"created":1590181579278},"id":"ui.lagging"}}
{"recorder_version":"31","session":"2d127319cc19","build":"193.5662.53","bucket":"159","time":1590181580264,"group":{"id":"project.fs","version":"1"},"event":{"state":true,"data":{"os":"Mac","cs-project":false,"created":1590181580264,"project":"d119a6d897fcb33934b9adf90ec59bc9e850f90f58367fa567dc99031a6fc921","cs-implicit":true,"cs-system":false},"id":"case-sensitivity"}}
{"recorder_version":"31","session":"2d127319cc19","build":"193.5662.53","bucket":"159","time":1590181580264,"group":{"id":"project.fs","version":"1"},"event":{"state":true,"data":{"created":1590181580264},"id":"invoked"}}
{"recorder_version":"31","session":"2d127319cc19","build":"193.5662.53","bucket":"159","time":1590181580264,"group":{"id":"project.fs","version":"1"},"event":{"state":true,"data":{"pct-non-watched":0,"created":1590181580265,"project":"d119a6d897fcb33934b9adf90ec59bc9e850f90f58367fa567dc99031a6fc921"},"id":"roots-watched"}}
{"recorder_version":"31","session":"2d127319cc19","build":"193.5662.53","bucket":"159","time":1590181580264,"group":{"id":"project.fs","version":"1"},"event":{"state":true,"data":{"created":1590181580265},"id":"invoked"}}
{"recorder_version":"31","session":"2d127319cc19","build":"193.5662.53","bucket":"159","time":1590181580400,"group":{"id":"ui.dialogs","version":"31"},"event":{"count":1,"data":{"code":1,"created":1590181580400,"plugin_type":"PLATFORM","dialog_class":"com.intellij.openapi.progress.util.ProgressDialog$MyDialogWrapper"},"id":"close"}}
{"recorder_version":"31","session":"2d127319cc19","build":"193.5662.53","bucket":"159","time":1590181580502,"group":{"id":"indexing","version":"2"},"event":{"count":1,"data":{"ide_activity_id":1,"created":1590181580502,"project":"d119a6d897fcb33934b9adf90ec59bc9e850f90f58367fa567dc99031a6fc921"},"id":"started"}}
{"recorder_version":"31","session":"2d127319cc19","build":"193.5662.53","bucket":"159","time":1590181580555,"group":{"id":"indexing","version":"2"},"event":{"count":1,"data":{"ide_activity_id":1,"stage_class":"com.intellij.util.indexing.UnindexedFilesUpdater","created":1590181580555,"plugin_type":"PLATFORM"},"id":"stage"}}
{"recorder_version":"31","session":"2d127319cc19","build":"193.5662.53","bucket":"159","time":1590181580630,"group":{"id":"lifecycle","version":"31"},"event":{"count":1,"data":{"duration_ms":5888,"created":1590181580630,"project":"d119a6d897fcb33934b9adf90ec59bc9e850f90f58367fa567dc99031a6fc921"},"id":"project.opening.finished"}}
{"recorder_version":"31","session":"2d127319cc19","build":"193.5662.53","bucket":"159","time":1590181583036,"group":{"id":"indexing","version":"2"},"event":{"count":1,"data":{"duration_ms":2534,"ide_activity_id":1,"created":1590181583037},"id":"finished"}}
{"recorder_version":"31","session":"2d127319cc19","build":"193.5662.53","bucket":"159","time":1590181583123,"group":{"id":"indexing","version":"2"},"event":{"count":1,"data":{"ide_activity_id":2,"created":1590181583124,"project":"d119a6d897fcb33934b9adf90ec59bc9e850f90f58367fa567dc99031a6fc921"},"id":"started"}}
{"recorder_version":"31","session":"2d127319cc19","build":"193.5662.53","bucket":"159","time":1590181583138,"group":{"id":"indexing","version":"2"},"event":{"count":1,"data":{"ide_activity_id":2,"plugin":"org.jetbrains.android","stage_class":"com.android.tools.idea.res.ResourceFolderRepositoryFileCacheImpl$PruneTask","created":1590181583144,"plugin_type":"JB_BUNDLED"},"id":"stage"}}
{"recorder_version":"31","session":"2d127319cc19","build":"193.5662.53","bucket":"159","time":1590181583188,"group":{"id":"indexing","version":"2"},"event":{"count":1,"data":{"ide_activity_id":2,"plugin":"org.jetbrains.android","stage_class":"com.android.tools.idea.res.ResourceFolderRepositoryFileCacheImpl$ManageLruProjectFilesTask","created":1590181583188,"plugin_type":"JB_BUNDLED"},"id":"stage"}}
{"recorder_version":"31","session":"2d127319cc19","build":"193.5662.53","bucket":"159","time":1590181583213,"group":{"id":"indexing","version":"2"},"event":{"count":1,"data":{"duration_ms":90,"ide_activity_id":2,"created":1590181583214},"id":"finished"}}
{"recorder_version":"31","session":"2d127319cc19","build":"193.5662.53","bucket":"159","time":1590181583230,"group":{"id":"indexing","version":"2"},"event":{"count":1,"data":{"ide_activity_id":3,"created":1590181583230,"project":"d119a6d897fcb33934b9adf90ec59bc9e850f90f58367fa567dc99031a6fc921"},"id":"started"}}
{"recorder_version":"31","session":"2d127319cc19","build":"193.5662.53","bucket":"159","time":1590181583230,"group":{"id":"indexing","version":"2"},"event":{"count":1,"data":{"ide_activity_id":3,"plugin":"org.jetbrains.android","stage_class":"com.android.tools.idea.res.ResourceFolderRegistry$PopulateCachesTask","created":1590181583232,"plugin_type":"JB_BUNDLED"},"id":"stage"}}
{"recorder_version":"31","session":"2d127319cc19","build":"193.5662.53","bucket":"159","time":1590181583232,"group":{"id":"indexing","version":"2"},"event":{"count":1,"data":{"duration_ms":2,"ide_activity_id":3,"created":1590181583232},"id":"finished"}}
{"recorder_version":"31","session":"2d127319cc19","build":"193.5662.53","bucket":"159","time":1590181584540,"group":{"id":"actions","version":"31"},"event":{"count":1,"data":{"context_menu":true,"action_id":"third.party","created":1590181584540,"plugin_type":"NOT_LISTED","project":"d119a6d897fcb33934b9adf90ec59bc9e850f90f58367fa567dc99031a6fc921","place":"MainMenu","class":"third.party","input_event":"NoMouseButton"},"id":"action.invoked"}}
{"recorder_version":"31","session":"2d127319cc19","build":"193.5662.53","bucket":"159","time":1590181585403,"group":{"id":"startup","version":"1"},"event":{"count":1,"data":{"duration":2139,"created":1590181585403},"id":"appInit"}}
{"recorder_version":"31","session":"2d127319cc19","build":"193.5662.53","bucket":"159","time":1590181585403,"group":{"id":"startup","version":"1"},"event":{"count":1,"data":{"duration":372,"created":1590181585403},"id":"splash"}}
{"recorder_version":"31","session":"2d127319cc19","build":"193.5662.53","bucket":"159","time":1590181585403,"group":{"id":"startup","version":"1"},"event":{"count":1,"data":{"duration":408,"created":1590181585403},"id":"bootstrap"}}
{"recorder_version":"31","session":"2d127319cc19","build":"193.5662.53","bucket":"159","time":1590181585403,"group":{"id":"startup","version":"1"},"event":{"count":1,"data":{"duration":9150,"created":1590181585403},"id":"totalDuration"}}
{"recorder_version":"31","session":"2d127319cc19","build":"193.5662.53","bucket":"159","time":1590181585977,"group":{"id":"ui.dialogs","version":"31"},"event":{"count":1,"data":{"created":1590181585977,"plugin_type":"NOT_LISTED","dialog_class":"third.party"},"id":"show"}}
{"recorder_version":"31","session":"2d127319cc19","build":"193.5662.53","bucket":"159","time":1590181586964,"group":{"id":"ui.dialogs","version":"31"},"event":{"count":1,"data":{"code":0,"created":1590181586964,"plugin_type":"NOT_LISTED","dialog_class":"third.party"},"id":"close"}}
