{"recorder_version":"31","session":"3b435b36b393","build":"193.5662.53","bucket":"159","time":1590168249369,"group":{"id":"settings","version":"4"},"event":{"state":true,"data":{"component":"UISettings","created":1590168249879},"id":"invoked"}}
{"recorder_version":"31","session":"3b435b36b393","build":"193.5662.53","bucket":"159","time":1590168249369,"group":{"id":"settings","version":"4"},"event":{"state":true,"data":{"component":"NotRoamableUiSettings","created":1590168249883},"id":"invoked"}}
{"recorder_version":"31","session":"3b435b36b393","build":"193.5662.53","bucket":"159","time":1590168249389,"group":{"id":"system.java","version":"1"},"event":{"state":true,"data":{"created":1590168249913,"version":"validation.undefined_rule"},"id":"validation.undefined_rule"}}
{"recorder_version":"31","session":"3b435b36b393","build":"193.5662.53","bucket":"159","time":1590168249389,"group":{"id":"system.java","version":"1"},"event":{"state":true,"data":{"created":1590168249914},"id":"invoked"}}
{"recorder_version":"31","session":"3b435b36b393","build":"193.5662.53","bucket":"159","time":1590168249446,"group":{"id":"system.os","version":"3"},"event":{"state":true,"data":{"created":1590168249915,"version":"10.15"},"id":"Mac"}}
{"recorder_version":"31","session":"3b435b36b393","build":"193.5662.53","bucket":"159","time":1590168249446,"group":{"id":"system.os","version":"3"},"event":{"state":true,"data":{"created":1590168249915,"name":"Mac","version":"10.15"},"id":"os.name"}}
{"recorder_version":"31","session":"3b435b36b393","build":"193.5662.53","bucket":"159","time":1590168249446,"group":{"id":"system.os","version":"3"},"event":{"state":true,"data":{"created":1590168249916,"value":"+02_00"},"id":"os.timezone"}}
{"recorder_version":"31","session":"3b435b36b393","build":"193.5662.53","bucket":"159","time":1590168249446,"group":{"id":"system.os","version":"3"},"event":{"state":true,"data":{"created":1590168249916},"id":"invoked"}}
{"recorder_version":"31","session":"3b435b36b393","build":"193.5662.53","bucket":"159","time":1590168249643,"group":{"id":"settings","version":"4"},"event":{"state":true,"data":{"component":"UpdatesConfigurable","created":1590168249917,"name":"checkNeeded","type":"bool","value":false},"id":"not.default"}}
{"recorder_version":"31","session":"3b435b36b393","build":"193.5662.53","bucket":"159","time":1590168249643,"group":{"id":"settings","version":"4"},"event":{"state":true,"data":{"component":"UpdatesConfigurable","created":1590168249917},"id":"invoked"}}
{"recorder_version":"31","session":"3b435b36b393","build":"193.5662.53","bucket":"159","time":1590168249783,"group":{"id":"event.log","version":"31"},"event":{"count":1,"data":{"created":1590168249918,"version":"1268.0"},"id":"whitelist.loaded"}}
{"recorder_version":"31","session":"3b435b36b393","build":"193.5662.53","bucket":"159","time":1590168249930,"group":{"id":"settings","version":"4"},"event":{"state":true,"data":{"component":"GeneralSettings","created":1590168249930,"name":"showTipsOnStartup","type":"bool","value":false},"id":"not.default"}}
{"recorder_version":"31","session":"3b435b36b393","build":"193.5662.53","bucket":"159","time":1590168249930,"group":{"id":"settings","version":"4"},"event":{"state":true,"data":{"component":"GeneralSettings","created":1590168249932},"id":"invoked"}}
{"recorder_version":"31","session":"3b435b36b393","build":"193.5662.53","bucket":"159","time":1590168249964,"group":{"id":"lifecycle","version":"31"},"event":{"count":1,"data":{"internal":true,"eap":false,"created":1590168249965},"id":"ide.start"}}
{"recorder_version":"31","session":"3b435b36b393","build":"193.5662.53","bucket":"159","time":1590168250071,"group":{"id":"settings","version":"4"},"event":{"state":true,"data":{"component":"XmlEditorOptions","created":1590168250071},"id":"invoked"}}
{"recorder_version":"31","session":"3b435b36b393","build":"193.5662.53","bucket":"159","time":1590168251193,"group":{"id":"lifecycle","version":"31"},"event":{"count":1,"data":{"created":1590168251193},"id":"frame.activated"}}
{"recorder_version":"31","session":"3b435b36b393","build":"193.5662.53","bucket":"159","time":1590168251193,"group":{"id":"settings","version":"4"},"event":{"state":true,"data":{"component":"VcsApplicationSettings","created":1590168251194},"id":"invoked"}}
{"recorder_version":"31","session":"3b435b36b393","build":"193.5662.53","bucket":"159","time":1590168251241,"group":{"id":"performance","version":"31"},"event":{"count":1,"data":{"duration_ms":1031,"created":1590168251241},"id":"ui.latency"}}
{"recorder_version":"31","session":"3b435b36b393","build":"193.5662.53","bucket":"159","time":1590168251241,"group":{"id":"performance","version":"31"},"event":{"count":1,"data":{"duration_ms":1031,"created":1590168251241},"id":"ui.lagging"}}
{"recorder_version":"31","session":"3b435b36b393","build":"193.5662.53","bucket":"159","time":1590168251359,"group":{"id":"performance","version":"31"},"event":{"count":1,"data":{"duration_ms":156,"created":1590168251359},"id":"ui.lagging"}}
{"recorder_version":"31","session":"3b435b36b393","build":"193.5662.53","bucket":"159","time":1590168251611,"group":{"id":"ui.dialogs","version":"31"},"event":{"count":1,"data":{"created":1590168251611,"plugin_type":"PLATFORM","dialog_class":"com.intellij.openapi.progress.util.ProgressDialog$MyDialogWrapper"},"id":"show"}}
{"recorder_version":"31","session":"3b435b36b393","build":"193.5662.53","bucket":"159","time":1590168254142,"group":{"id":"lifecycle","version":"31"},"event":{"count":1,"data":{"created":1590168254142,"project":"d119a6d897fcb33934b9adf90ec59bc9e850f90f58367fa567dc99031a6fc921"},"id":"project.opened"}}
{"recorder_version":"31","session":"3b435b36b393","build":"193.5662.53","bucket":"159","time":1590168254945,"group":{"id":"performance","version":"31"},"event":{"count":1,"data":{"duration_ms":1740,"created":1590168254945},"id":"ui.lagging"}}
{"recorder_version":"31","session":"3b435b36b393","build":"193.5662.53","bucket":"159","time":1590168255138,"group":{"id":"performance","version":"31"},"event":{"count":1,"data":{"duration_ms":934,"created":1590168255139},"id":"ui.lagging"}}
{"recorder_version":"31","session":"3b435b36b393","build":"193.5662.53","bucket":"159","time":1590168255231,"group":{"id":"toolwindow","version":"31"},"event":{"count":1,"data":{"created":1590168255231,"plugin_type":"PLATFORM","id":"Event_Log"},"id":"activated"}}
{"recorder_version":"31","session":"3b435b36b393","build":"193.5662.53","bucket":"159","time":1590168256351,"group":{"id":"performance","version":"31"},"event":{"count":1,"data":{"duration_ms":1146,"created":1590168256351},"id":"ui.lagging"}}
{"recorder_version":"31","session":"3b435b36b393","build":"193.5662.53","bucket":"159","time":1590168256361,"group":{"id":"performance","version":"31"},"event":{"count":1,"data":{"duration_ms":153,"created":1590168256361},"id":"ui.lagging"}}
{"recorder_version":"31","session":"3b435b36b393","build":"193.5662.53","bucket":"159","time":1590168257492,"group":{"id":"performance","version":"31"},"event":{"count":1,"data":{"duration_ms":280,"created":1590168257492},"id":"ui.lagging"}}
{"recorder_version":"31","session":"3b435b36b393","build":"193.5662.53","bucket":"159","time":1590168257920,"group":{"id":"project.fs","version":"1"},"event":{"state":true,"data":{"os":"Mac","cs-project":false,"created":1590168257920,"project":"d119a6d897fcb33934b9adf90ec59bc9e850f90f58367fa567dc99031a6fc921","cs-implicit":true,"cs-system":false},"id":"case-sensitivity"}}
{"recorder_version":"31","session":"3b435b36b393","build":"193.5662.53","bucket":"159","time":1590168257920,"group":{"id":"project.fs","version":"1"},"event":{"state":true,"data":{"created":1590168257921},"id":"invoked"}}
{"recorder_version":"31","session":"3b435b36b393","build":"193.5662.53","bucket":"159","time":1590168257922,"group":{"id":"project.fs","version":"1"},"event":{"state":true,"data":{"pct-non-watched":0,"created":1590168257922,"project":"d119a6d897fcb33934b9adf90ec59bc9e850f90f58367fa567dc99031a6fc921"},"id":"roots-watched"}}
{"recorder_version":"31","session":"3b435b36b393","build":"193.5662.53","bucket":"159","time":1590168257922,"group":{"id":"project.fs","version":"1"},"event":{"state":true,"data":{"created":1590168257922},"id":"invoked"}}
{"recorder_version":"31","session":"3b435b36b393","build":"193.5662.53","bucket":"159","time":1590168258041,"group":{"id":"ui.dialogs","version":"31"},"event":{"count":1,"data":{"code":1,"created":1590168258042,"plugin_type":"PLATFORM","dialog_class":"com.intellij.openapi.progress.util.ProgressDialog$MyDialogWrapper"},"id":"close"}}
{"recorder_version":"31","session":"3b435b36b393","build":"193.5662.53","bucket":"159","time":1590168258209,"group":{"id":"indexing","version":"2"},"event":{"count":1,"data":{"ide_activity_id":1,"created":1590168258209,"project":"d119a6d897fcb33934b9adf90ec59bc9e850f90f58367fa567dc99031a6fc921"},"id":"started"}}
{"recorder_version":"31","session":"3b435b36b393","build":"193.5662.53","bucket":"159","time":1590168258334,"group":{"id":"indexing","version":"2"},"event":{"count":1,"data":{"ide_activity_id":1,"stage_class":"com.intellij.util.indexing.UnindexedFilesUpdater","created":1590168258334,"plugin_type":"PLATFORM"},"id":"stage"}}
{"recorder_version":"31","session":"3b435b36b393","build":"193.5662.53","bucket":"159","time":1590168258338,"group":{"id":"performance","version":"31"},"event":{"count":1,"data":{"duration_ms":120,"created":1590168258339},"id":"ui.lagging"}}
{"recorder_version":"31","session":"3b435b36b393","build":"193.5662.53","bucket":"159","time":1590168258382,"group":{"id":"lifecycle","version":"31"},"event":{"count":1,"data":{"duration_ms":8296,"created":1590168258383,"project":"d119a6d897fcb33934b9adf90ec59bc9e850f90f58367fa567dc99031a6fc921"},"id":"project.opening.finished"}}
{"recorder_version":"31","session":"3b435b36b393","build":"193.5662.53","bucket":"159","time":1590168261749,"group":{"id":"indexing","version":"2"},"event":{"count":1,"data":{"duration_ms":3540,"ide_activity_id":1,"created":1590168261750},"id":"finished"}}
{"recorder_version":"31","session":"3b435b36b393","build":"193.5662.53","bucket":"159","time":1590168261870,"group":{"id":"indexing","version":"2"},"event":{"count":1,"data":{"ide_activity_id":2,"created":1590168261870,"project":"d119a6d897fcb33934b9adf90ec59bc9e850f90f58367fa567dc99031a6fc921"},"id":"started"}}
{"recorder_version":"31","session":"3b435b36b393","build":"193.5662.53","bucket":"159","time":1590168261891,"group":{"id":"indexing","version":"2"},"event":{"count":1,"data":{"ide_activity_id":2,"plugin":"org.jetbrains.android","stage_class":"com.android.tools.idea.res.ResourceFolderRepositoryFileCacheImpl$PruneTask","created":1590168261893,"plugin_type":"JB_BUNDLED"},"id":"stage"}}
{"recorder_version":"31","session":"3b435b36b393","build":"193.5662.53","bucket":"159","time":1590168261944,"group":{"id":"indexing","version":"2"},"event":{"count":1,"data":{"ide_activity_id":2,"plugin":"org.jetbrains.android","stage_class":"com.android.tools.idea.res.ResourceFolderRepositoryFileCacheImpl$ManageLruProjectFilesTask","created":1590168261944,"plugin_type":"JB_BUNDLED"},"id":"stage"}}
{"recorder_version":"31","session":"3b435b36b393","build":"193.5662.53","bucket":"159","time":1590168261980,"group":{"id":"indexing","version":"2"},"event":{"count":1,"data":{"duration_ms":110,"ide_activity_id":2,"created":1590168261980},"id":"finished"}}
{"recorder_version":"31","session":"3b435b36b393","build":"193.5662.53","bucket":"159","time":1590168261995,"group":{"id":"indexing","version":"2"},"event":{"count":1,"data":{"ide_activity_id":3,"created":1590168261995,"project":"d119a6d897fcb33934b9adf90ec59bc9e850f90f58367fa567dc99031a6fc921"},"id":"started"}}
{"recorder_version":"31","session":"3b435b36b393","build":"193.5662.53","bucket":"159","time":1590168262013,"group":{"id":"indexing","version":"2"},"event":{"count":1,"data":{"ide_activity_id":3,"plugin":"org.jetbrains.android","stage_class":"com.android.tools.idea.res.ResourceFolderRegistry$PopulateCachesTask","created":1590168262013,"plugin_type":"JB_BUNDLED"},"id":"stage"}}
{"recorder_version":"31","session":"3b435b36b393","build":"193.5662.53","bucket":"159","time":1590168262054,"group":{"id":"indexing","version":"2"},"event":{"count":1,"data":{"duration_ms":59,"ide_activity_id":3,"created":1590168262055},"id":"finished"}}
{"recorder_version":"31","session":"3b435b36b393","build":"193.5662.53","bucket":"159","time":1590168262454,"group":{"id":"performance","version":"31"},"event":{"count":1,"data":{"duration_ms":237,"created":1590168262454},"id":"ui.lagging"}}
{"recorder_version":"31","session":"3b435b36b393","build":"193.5662.53","bucket":"159","time":1590168263048,"group":{"id":"startup","version":"1"},"event":{"count":1,"data":{"duration":2681,"created":1590168263048},"id":"appInit"}}
{"recorder_version":"31","session":"3b435b36b393","build":"193.5662.53","bucket":"159","time":1590168263048,"group":{"id":"startup","version":"1"},"event":{"count":1,"data":{"duration":650,"created":1590168263049},"id":"splash"}}
{"recorder_version":"31","session":"3b435b36b393","build":"193.5662.53","bucket":"159","time":1590168263048,"group":{"id":"startup","version":"1"},"event":{"count":1,"data":{"duration":504,"created":1590168263049},"id":"bootstrap"}}
{"recorder_version":"31","session":"3b435b36b393","build":"193.5662.53","bucket":"159","time":1590168263048,"group":{"id":"startup","version":"1"},"event":{"count":1,"data":{"duration":12218,"created":1590168263049},"id":"totalDuration"}}
{"recorder_version":"31","session":"3b435b36b393","build":"193.5662.53","bucket":"159","time":1590168264115,"group":{"id":"actions","version":"31"},"event":{"count":1,"data":{"context_menu":true,"action_id":"third.party","created":1590168264115,"plugin_type":"NOT_LISTED","project":"d119a6d897fcb33934b9adf90ec59bc9e850f90f58367fa567dc99031a6fc921","place":"MainMenu","class":"third.party","input_event":"NoMouseButton"},"id":"action.invoked"}}
{"recorder_version":"31","session":"3b435b36b393","build":"193.5662.53","bucket":"159","time":1590168264408,"group":{"id":"performance","version":"31"},"event":{"count":1,"data":{"duration_ms":187,"created":1590168264408},"id":"ui.lagging"}}
{"recorder_version":"31","session":"3b435b36b393","build":"193.5662.53","bucket":"159","time":1590168266975,"group":{"id":"ui.dialogs","version":"31"},"event":{"count":1,"data":{"created":1590168266976,"plugin_type":"NOT_LISTED","dialog_class":"third.party"},"id":"show"}}
{"recorder_version":"31","session":"3b435b36b393","build":"193.5662.53","bucket":"159","time":1590168271531,"group":{"id":"ui.dialogs","version":"31"},"event":{"count":1,"data":{"code":0,"created":1590168271531,"plugin_type":"NOT_LISTED","dialog_class":"third.party"},"id":"close"}}
{"recorder_version":"31","session":"3b435b36b393","build":"193.5662.53","bucket":"159","time":1590168272864,"group":{"id":"lifecycle","version":"31"},"event":{"count":1,"data":{"created":1590168272865,"project":"d119a6d897fcb33934b9adf90ec59bc9e850f90f58367fa567dc99031a6fc921"},"id":"frame.deactivated"}}
