{"recorder_version":"31","session":"9cd2c49d4ab2","build":"193.5662.53","bucket":"159","time":1590244155015,"group":{"id":"settings","version":"4"},"event":{"state":true,"data":{"component":"UISettings","created":1590244155319},"id":"invoked"}}
{"recorder_version":"31","session":"9cd2c49d4ab2","build":"193.5662.53","bucket":"159","time":1590244155017,"group":{"id":"settings","version":"4"},"event":{"state":true,"data":{"component":"NotRoamableUiSettings","created":1590244155321},"id":"invoked"}}
{"recorder_version":"31","session":"9cd2c49d4ab2","build":"193.5662.53","bucket":"159","time":1590244155028,"group":{"id":"system.java","version":"1"},"event":{"state":true,"data":{"created":1590244155331,"version":"validation.undefined_rule"},"id":"validation.undefined_rule"}}
{"recorder_version":"31","session":"9cd2c49d4ab2","build":"193.5662.53","bucket":"159","time":1590244155028,"group":{"id":"system.java","version":"1"},"event":{"state":true,"data":{"created":1590244155331},"id":"invoked"}}
{"recorder_version":"31","session":"9cd2c49d4ab2","build":"193.5662.53","bucket":"159","time":1590244155052,"group":{"id":"system.os","version":"3"},"event":{"state":true,"data":{"created":1590244155332,"version":"10.15"},"id":"Mac"}}
{"recorder_version":"31","session":"9cd2c49d4ab2","build":"193.5662.53","bucket":"159","time":1590244155053,"group":{"id":"system.os","version":"3"},"event":{"state":true,"data":{"created":1590244155333,"name":"Mac","version":"10.15"},"id":"os.name"}}
{"recorder_version":"31","session":"9cd2c49d4ab2","build":"193.5662.53","bucket":"159","time":1590244155053,"group":{"id":"system.os","version":"3"},"event":{"state":true,"data":{"created":1590244155333,"value":"+02_00"},"id":"os.timezone"}}
{"recorder_version":"31","session":"9cd2c49d4ab2","build":"193.5662.53","bucket":"159","time":1590244155053,"group":{"id":"system.os","version":"3"},"event":{"state":true,"data":{"created":1590244155334},"id":"invoked"}}
{"recorder_version":"31","session":"9cd2c49d4ab2","build":"193.5662.53","bucket":"159","time":1590244155181,"group":{"id":"settings","version":"4"},"event":{"state":true,"data":{"component":"UpdatesConfigurable","created":1590244155334,"name":"checkNeeded","type":"bool","value":false},"id":"not.default"}}
{"recorder_version":"31","session":"9cd2c49d4ab2","build":"193.5662.53","bucket":"159","time":1590244155181,"group":{"id":"settings","version":"4"},"event":{"state":true,"data":{"component":"UpdatesConfigurable","created":1590244155334},"id":"invoked"}}
{"recorder_version":"31","session":"9cd2c49d4ab2","build":"193.5662.53","bucket":"159","time":1590244155295,"group":{"id":"event.log","version":"31"},"event":{"count":1,"data":{"created":1590244155335,"version":"1268.0"},"id":"whitelist.loaded"}}
{"recorder_version":"31","session":"9cd2c49d4ab2","build":"193.5662.53","bucket":"159","time":1590244155384,"group":{"id":"settings","version":"4"},"event":{"state":true,"data":{"component":"GeneralSettings","created":1590244155384,"name":"showTipsOnStartup","type":"bool","value":false},"id":"not.default"}}
{"recorder_version":"31","session":"9cd2c49d4ab2","build":"193.5662.53","bucket":"159","time":1590244155384,"group":{"id":"settings","version":"4"},"event":{"state":true,"data":{"component":"GeneralSettings","created":1590244155385},"id":"invoked"}}
{"recorder_version":"31","session":"9cd2c49d4ab2","build":"193.5662.53","bucket":"159","time":1590244155447,"group":{"id":"lifecycle","version":"31"},"event":{"count":1,"data":{"internal":true,"eap":false,"created":1590244155447},"id":"ide.start"}}
{"recorder_version":"31","session":"9cd2c49d4ab2","build":"193.5662.53","bucket":"159","time":1590244155527,"group":{"id":"settings","version":"4"},"event":{"state":true,"data":{"component":"XmlEditorOptions","created":1590244155527},"id":"invoked"}}
{"recorder_version":"31","session":"9cd2c49d4ab2","build":"193.5662.53","bucket":"159","time":1590244156373,"group":{"id":"lifecycle","version":"31"},"event":{"count":1,"data":{"created":1590244156374},"id":"frame.activated"}}
{"recorder_version":"31","session":"9cd2c49d4ab2","build":"193.5662.53","bucket":"159","time":1590244156374,"group":{"id":"settings","version":"4"},"event":{"state":true,"data":{"component":"VcsApplicationSettings","created":1590244156375},"id":"invoked"}}
{"recorder_version":"31","session":"9cd2c49d4ab2","build":"193.5662.53","bucket":"159","time":1590244156410,"group":{"id":"performance","version":"31"},"event":{"count":1,"data":{"duration_ms":530,"created":1590244156410},"id":"ui.latency"}}
{"recorder_version":"31","session":"9cd2c49d4ab2","build":"193.5662.53","bucket":"159","time":1590244156410,"group":{"id":"performance","version":"31"},"event":{"count":1,"data":{"duration_ms":530,"created":1590244156411},"id":"ui.lagging"}}
{"recorder_version":"31","session":"9cd2c49d4ab2","build":"193.5662.53","bucket":"159","time":1590244156710,"group":{"id":"ui.dialogs","version":"31"},"event":{"count":1,"data":{"created":1590244156711,"plugin_type":"PLATFORM","dialog_class":"com.intellij.openapi.progress.util.ProgressDialog$MyDialogWrapper"},"id":"show"}}
{"recorder_version":"31","session":"9cd2c49d4ab2","build":"193.5662.53","bucket":"159","time":1590244157029,"group":{"id":"performance","version":"31"},"event":{"count":1,"data":{"duration_ms":157,"created":1590244157030},"id":"ui.lagging"}}
{"recorder_version":"31","session":"9cd2c49d4ab2","build":"193.5662.53","bucket":"159","time":1590244158386,"group":{"id":"lifecycle","version":"31"},"event":{"count":1,"data":{"created":1590244158386,"project":"d119a6d897fcb33934b9adf90ec59bc9e850f90f58367fa567dc99031a6fc921"},"id":"project.opened"}}
{"recorder_version":"31","session":"9cd2c49d4ab2","build":"193.5662.53","bucket":"159","time":1590244158883,"group":{"id":"performance","version":"31"},"event":{"count":1,"data":{"duration_ms":1010,"created":1590244158884},"id":"ui.lagging"}}
{"recorder_version":"31","session":"9cd2c49d4ab2","build":"193.5662.53","bucket":"159","time":1590244159079,"group":{"id":"performance","version":"31"},"event":{"count":1,"data":{"duration_ms":206,"created":1590244159079},"id":"ui.lagging"}}
{"recorder_version":"31","session":"9cd2c49d4ab2","build":"193.5662.53","bucket":"159","time":1590244159103,"group":{"id":"toolwindow","version":"31"},"event":{"count":1,"data":{"created":1590244159104,"plugin_type":"PLATFORM","id":"Event_Log"},"id":"activated"}}
{"recorder_version":"31","session":"9cd2c49d4ab2","build":"193.5662.53","bucket":"159","time":1590244160074,"group":{"id":"performance","version":"31"},"event":{"count":1,"data":{"duration_ms":197,"created":1590244160074},"id":"ui.lagging"}}
{"recorder_version":"31","session":"9cd2c49d4ab2","build":"193.5662.53","bucket":"159","time":1590244161046,"group":{"id":"performance","version":"31"},"event":{"count":1,"data":{"duration_ms":164,"created":1590244161046},"id":"ui.lagging"}}
{"recorder_version":"31","session":"9cd2c49d4ab2","build":"193.5662.53","bucket":"159","time":1590244161509,"group":{"id":"indexing","version":"2"},"event":{"count":1,"data":{"ide_activity_id":1,"created":1590244161509,"project":"d119a6d897fcb33934b9adf90ec59bc9e850f90f58367fa567dc99031a6fc921"},"id":"started"}}
{"recorder_version":"31","session":"9cd2c49d4ab2","build":"193.5662.53","bucket":"159","time":1590244161536,"group":{"id":"project.fs","version":"1"},"event":{"state":true,"data":{"os":"Mac","cs-project":false,"created":1590244161536,"project":"d119a6d897fcb33934b9adf90ec59bc9e850f90f58367fa567dc99031a6fc921","cs-implicit":true,"cs-system":false},"id":"case-sensitivity"}}
{"recorder_version":"31","session":"9cd2c49d4ab2","build":"193.5662.53","bucket":"159","time":1590244161537,"group":{"id":"project.fs","version":"1"},"event":{"state":true,"data":{"created":1590244161537},"id":"invoked"}}
{"recorder_version":"31","session":"9cd2c49d4ab2","build":"193.5662.53","bucket":"159","time":1590244161538,"group":{"id":"project.fs","version":"1"},"event":{"state":true,"data":{"pct-non-watched":0,"created":1590244161538,"project":"d119a6d897fcb33934b9adf90ec59bc9e850f90f58367fa567dc99031a6fc921"},"id":"roots-watched"}}
{"recorder_version":"31","session":"9cd2c49d4ab2","build":"193.5662.53","bucket":"159","time":1590244161538,"group":{"id":"project.fs","version":"1"},"event":{"state":true,"data":{"created":1590244161538},"id":"invoked"}}
{"recorder_version":"31","session":"9cd2c49d4ab2","build":"193.5662.53","bucket":"159","time":1590244161659,"group":{"id":"indexing","version":"2"},"event":{"count":1,"data":{"ide_activity_id":1,"stage_class":"com.intellij.util.indexing.UnindexedFilesUpdater","created":1590244161661,"plugin_type":"PLATFORM"},"id":"stage"}}
{"recorder_version":"31","session":"9cd2c49d4ab2","build":"193.5662.53","bucket":"159","time":1590244161717,"group":{"id":"ui.dialogs","version":"31"},"event":{"count":1,"data":{"code":1,"created":1590244161718,"plugin_type":"PLATFORM","dialog_class":"com.intellij.openapi.progress.util.ProgressDialog$MyDialogWrapper"},"id":"close"}}
{"recorder_version":"31","session":"9cd2c49d4ab2","build":"193.5662.53","bucket":"159","time":1590244161903,"group":{"id":"lifecycle","version":"31"},"event":{"count":1,"data":{"duration_ms":6354,"created":1590244161903,"project":"d119a6d897fcb33934b9adf90ec59bc9e850f90f58367fa567dc99031a6fc921"},"id":"project.opening.finished"}}
{"recorder_version":"31","session":"9cd2c49d4ab2","build":"193.5662.53","bucket":"159","time":1590244164885,"group":{"id":"indexing","version":"2"},"event":{"count":1,"data":{"duration_ms":3376,"ide_activity_id":1,"created":1590244164886},"id":"finished"}}
{"recorder_version":"31","session":"9cd2c49d4ab2","build":"193.5662.53","bucket":"159","time":1590244164998,"group":{"id":"performance","version":"31"},"event":{"count":1,"data":{"duration_ms":104,"created":1590244164998},"id":"ui.lagging"}}
{"recorder_version":"31","session":"9cd2c49d4ab2","build":"193.5662.53","bucket":"159","time":1590244165000,"group":{"id":"indexing","version":"2"},"event":{"count":1,"data":{"ide_activity_id":2,"created":1590244165005,"project":"d119a6d897fcb33934b9adf90ec59bc9e850f90f58367fa567dc99031a6fc921"},"id":"started"}}
{"recorder_version":"31","session":"9cd2c49d4ab2","build":"193.5662.53","bucket":"159","time":1590244165031,"group":{"id":"indexing","version":"2"},"event":{"count":1,"data":{"ide_activity_id":2,"plugin":"org.jetbrains.android","stage_class":"com.android.tools.idea.res.ResourceFolderRepositoryFileCacheImpl$PruneTask","created":1590244165031,"plugin_type":"JB_BUNDLED"},"id":"stage"}}
{"recorder_version":"31","session":"9cd2c49d4ab2","build":"193.5662.53","bucket":"159","time":1590244165075,"group":{"id":"indexing","version":"2"},"event":{"count":1,"data":{"ide_activity_id":2,"plugin":"org.jetbrains.android","stage_class":"com.android.tools.idea.res.ResourceFolderRepositoryFileCacheImpl$ManageLruProjectFilesTask","created":1590244165076,"plugin_type":"JB_BUNDLED"},"id":"stage"}}
{"recorder_version":"31","session":"9cd2c49d4ab2","build":"193.5662.53","bucket":"159","time":1590244165107,"group":{"id":"indexing","version":"2"},"event":{"count":1,"data":{"duration_ms":107,"ide_activity_id":2,"created":1590244165107},"id":"finished"}}
{"recorder_version":"31","session":"9cd2c49d4ab2","build":"193.5662.53","bucket":"159","time":1590244165129,"group":{"id":"indexing","version":"2"},"event":{"count":1,"data":{"ide_activity_id":3,"created":1590244165130,"project":"d119a6d897fcb33934b9adf90ec59bc9e850f90f58367fa567dc99031a6fc921"},"id":"started"}}
{"recorder_version":"31","session":"9cd2c49d4ab2","build":"193.5662.53","bucket":"159","time":1590244165142,"group":{"id":"indexing","version":"2"},"event":{"count":1,"data":{"ide_activity_id":3,"plugin":"org.jetbrains.android","stage_class":"com.android.tools.idea.res.ResourceFolderRegistry$PopulateCachesTask","created":1590244165143,"plugin_type":"JB_BUNDLED"},"id":"stage"}}
{"recorder_version":"31","session":"9cd2c49d4ab2","build":"193.5662.53","bucket":"159","time":1590244165191,"group":{"id":"indexing","version":"2"},"event":{"count":1,"data":{"duration_ms":62,"ide_activity_id":3,"created":1590244165191},"id":"finished"}}
{"recorder_version":"31","session":"9cd2c49d4ab2","build":"193.5662.53","bucket":"159","time":1590244166678,"group":{"id":"startup","version":"1"},"event":{"count":1,"data":{"duration":1767,"created":1590244166678},"id":"appInit"}}
{"recorder_version":"31","session":"9cd2c49d4ab2","build":"193.5662.53","bucket":"159","time":1590244166678,"group":{"id":"startup","version":"1"},"event":{"count":1,"data":{"duration":346,"created":1590244166679},"id":"splash"}}
{"recorder_version":"31","session":"9cd2c49d4ab2","build":"193.5662.53","bucket":"159","time":1590244166678,"group":{"id":"startup","version":"1"},"event":{"count":1,"data":{"duration":372,"created":1590244166679},"id":"bootstrap"}}
{"recorder_version":"31","session":"9cd2c49d4ab2","build":"193.5662.53","bucket":"159","time":1590244166678,"group":{"id":"startup","version":"1"},"event":{"count":1,"data":{"duration":9285,"created":1590244166679},"id":"totalDuration"}}
{"recorder_version":"31","session":"9cd2c49d4ab2","build":"193.5662.53","bucket":"159","time":1590244167075,"group":{"id":"actions","version":"31"},"event":{"count":1,"data":{"context_menu":true,"action_id":"third.party","created":1590244167075,"plugin_type":"NOT_LISTED","project":"d119a6d897fcb33934b9adf90ec59bc9e850f90f58367fa567dc99031a6fc921","place":"MainMenu","class":"third.party","input_event":"NoMouseButton"},"id":"action.invoked"}}
{"recorder_version":"31","session":"9cd2c49d4ab2","build":"193.5662.53","bucket":"159","time":1590244168243,"group":{"id":"ui.dialogs","version":"31"},"event":{"count":1,"data":{"created":1590244168244,"plugin_type":"NOT_LISTED","dialog_class":"third.party"},"id":"show"}}
{"recorder_version":"31","session":"9cd2c49d4ab2","build":"193.5662.53","bucket":"159","time":1590244184078,"group":{"id":"ui.dialogs","version":"31"},"event":{"count":1,"data":{"code":0,"created":1590244184079,"plugin_type":"NOT_LISTED","dialog_class":"third.party"},"id":"close"}}
