{"recorder_version":"31","session":"e59dc5b68293","build":"193.5662.53","bucket":"159","time":1590404223109,"group":{"id":"settings","version":"4"},"event":{"state":true,"data":{"component":"UISettings","created":1590404223450},"id":"invoked"}}
{"recorder_version":"31","session":"e59dc5b68293","build":"193.5662.53","bucket":"159","time":1590404223108,"group":{"id":"settings","version":"4"},"event":{"state":true,"data":{"component":"NotRoamableUiSettings","created":1590404223453},"id":"invoked"}}
{"recorder_version":"31","session":"e59dc5b68293","build":"193.5662.53","bucket":"159","time":1590404223121,"group":{"id":"system.java","version":"1"},"event":{"state":true,"data":{"created":1590404223465,"version":"validation.undefined_rule"},"id":"validation.undefined_rule"}}
{"recorder_version":"31","session":"e59dc5b68293","build":"193.5662.53","bucket":"159","time":1590404223121,"group":{"id":"system.java","version":"1"},"event":{"state":true,"data":{"created":1590404223466},"id":"invoked"}}
{"recorder_version":"31","session":"e59dc5b68293","build":"193.5662.53","bucket":"159","time":1590404223153,"group":{"id":"system.os","version":"3"},"event":{"state":true,"data":{"created":1590404223467,"version":"10.15"},"id":"Mac"}}
{"recorder_version":"31","session":"e59dc5b68293","build":"193.5662.53","bucket":"159","time":1590404223153,"group":{"id":"system.os","version":"3"},"event":{"state":true,"data":{"created":1590404223468,"name":"Mac","version":"10.15"},"id":"os.name"}}
{"recorder_version":"31","session":"e59dc5b68293","build":"193.5662.53","bucket":"159","time":1590404223153,"group":{"id":"system.os","version":"3"},"event":{"state":true,"data":{"created":1590404223469,"value":"+02_00"},"id":"os.timezone"}}
{"recorder_version":"31","session":"e59dc5b68293","build":"193.5662.53","bucket":"159","time":1590404223153,"group":{"id":"system.os","version":"3"},"event":{"state":true,"data":{"created":1590404223469},"id":"invoked"}}
{"recorder_version":"31","session":"e59dc5b68293","build":"193.5662.53","bucket":"159","time":1590404223286,"group":{"id":"settings","version":"4"},"event":{"state":true,"data":{"component":"UpdatesConfigurable","created":1590404223470,"name":"checkNeeded","type":"bool","value":false},"id":"not.default"}}
{"recorder_version":"31","session":"e59dc5b68293","build":"193.5662.53","bucket":"159","time":1590404223286,"group":{"id":"settings","version":"4"},"event":{"state":true,"data":{"component":"UpdatesConfigurable","created":1590404223470},"id":"invoked"}}
{"recorder_version":"31","session":"e59dc5b68293","build":"193.5662.53","bucket":"159","time":1590404223429,"group":{"id":"event.log","version":"31"},"event":{"count":1,"data":{"created":1590404223471,"version":"1268.0"},"id":"whitelist.loaded"}}
{"recorder_version":"31","session":"e59dc5b68293","build":"193.5662.53","bucket":"159","time":1590404223570,"group":{"id":"settings","version":"4"},"event":{"state":true,"data":{"component":"GeneralSettings","created":1590404223571,"name":"showTipsOnStartup","type":"bool","value":false},"id":"not.default"}}
{"recorder_version":"31","session":"e59dc5b68293","build":"193.5662.53","bucket":"159","time":1590404223570,"group":{"id":"settings","version":"4"},"event":{"state":true,"data":{"component":"GeneralSettings","created":1590404223571},"id":"invoked"}}
{"recorder_version":"31","session":"e59dc5b68293","build":"193.5662.53","bucket":"159","time":1590404223583,"group":{"id":"lifecycle","version":"31"},"event":{"count":1,"data":{"internal":true,"eap":false,"created":1590404223584},"id":"ide.start"}}
{"recorder_version":"31","session":"e59dc5b68293","build":"193.5662.53","bucket":"159","time":1590404223757,"group":{"id":"settings","version":"4"},"event":{"state":true,"data":{"component":"XmlEditorOptions","created":1590404223757},"id":"invoked"}}
{"recorder_version":"31","session":"e59dc5b68293","build":"193.5662.53","bucket":"159","time":1590404224704,"group":{"id":"settings","version":"4"},"event":{"state":true,"data":{"component":"VcsApplicationSettings","created":1590404224704},"id":"invoked"}}
{"recorder_version":"31","session":"e59dc5b68293","build":"193.5662.53","bucket":"159","time":1590404224704,"group":{"id":"lifecycle","version":"31"},"event":{"count":1,"data":{"created":1590404224705},"id":"frame.activated"}}
{"recorder_version":"31","session":"e59dc5b68293","build":"193.5662.53","bucket":"159","time":1590404224768,"group":{"id":"performance","version":"31"},"event":{"count":1,"data":{"duration_ms":805,"created":1590404224768},"id":"ui.latency"}}
{"recorder_version":"31","session":"e59dc5b68293","build":"193.5662.53","bucket":"159","time":1590404224768,"group":{"id":"performance","version":"31"},"event":{"count":1,"data":{"duration_ms":805,"created":1590404224769},"id":"ui.lagging"}}
{"recorder_version":"31","session":"e59dc5b68293","build":"193.5662.53","bucket":"159","time":1590404224915,"group":{"id":"ui.dialogs","version":"31"},"event":{"count":1,"data":{"created":1590404224916,"plugin_type":"PLATFORM","dialog_class":"com.intellij.openapi.progress.util.ProgressDialog$MyDialogWrapper"},"id":"show"}}
{"recorder_version":"31","session":"e59dc5b68293","build":"193.5662.53","bucket":"159","time":1590404227117,"group":{"id":"lifecycle","version":"31"},"event":{"count":1,"data":{"created":1590404227117,"project":"d119a6d897fcb33934b9adf90ec59bc9e850f90f58367fa567dc99031a6fc921"},"id":"project.opened"}}
{"recorder_version":"31","session":"e59dc5b68293","build":"193.5662.53","bucket":"159","time":1590404227795,"group":{"id":"performance","version":"31"},"event":{"count":1,"data":{"duration_ms":831,"created":1590404227795},"id":"ui.lagging"}}
{"recorder_version":"31","session":"e59dc5b68293","build":"193.5662.53","bucket":"159","time":1590404227974,"group":{"id":"toolwindow","version":"31"},"event":{"count":1,"data":{"created":1590404227974,"plugin_type":"PLATFORM","id":"Event_Log"},"id":"activated"}}
{"recorder_version":"31","session":"e59dc5b68293","build":"193.5662.53","bucket":"159","time":1590404228896,"group":{"id":"performance","version":"31"},"event":{"count":1,"data":{"duration_ms":929,"created":1590404228896},"id":"ui.lagging"}}
{"recorder_version":"31","session":"e59dc5b68293","build":"193.5662.53","bucket":"159","time":1590404229522,"group":{"id":"performance","version":"31"},"event":{"count":1,"data":{"duration_ms":551,"created":1590404229522},"id":"ui.lagging"}}
{"recorder_version":"31","session":"e59dc5b68293","build":"193.5662.53","bucket":"159","time":1590404230240,"group":{"id":"project.fs","version":"1"},"event":{"state":true,"data":{"os":"Mac","cs-project":false,"created":1590404230240,"project":"d119a6d897fcb33934b9adf90ec59bc9e850f90f58367fa567dc99031a6fc921","cs-implicit":true,"cs-system":false},"id":"case-sensitivity"}}
{"recorder_version":"31","session":"e59dc5b68293","build":"193.5662.53","bucket":"159","time":1590404230240,"group":{"id":"project.fs","version":"1"},"event":{"state":true,"data":{"created":1590404230241},"id":"invoked"}}
{"recorder_version":"31","session":"e59dc5b68293","build":"193.5662.53","bucket":"159","time":1590404230241,"group":{"id":"project.fs","version":"1"},"event":{"state":true,"data":{"pct-non-watched":0,"created":1590404230241,"project":"d119a6d897fcb33934b9adf90ec59bc9e850f90f58367fa567dc99031a6fc921"},"id":"roots-watched"}}
{"recorder_version":"31","session":"e59dc5b68293","build":"193.5662.53","bucket":"159","time":1590404230241,"group":{"id":"project.fs","version":"1"},"event":{"state":true,"data":{"created":1590404230241},"id":"invoked"}}
{"recorder_version":"31","session":"e59dc5b68293","build":"193.5662.53","bucket":"159","time":1590404230335,"group":{"id":"ui.dialogs","version":"31"},"event":{"count":1,"data":{"code":1,"created":1590404230336,"plugin_type":"PLATFORM","dialog_class":"com.intellij.openapi.progress.util.ProgressDialog$MyDialogWrapper"},"id":"close"}}
{"recorder_version":"31","session":"e59dc5b68293","build":"193.5662.53","bucket":"159","time":1590404230451,"group":{"id":"indexing","version":"2"},"event":{"count":1,"data":{"ide_activity_id":1,"created":1590404230452,"project":"d119a6d897fcb33934b9adf90ec59bc9e850f90f58367fa567dc99031a6fc921"},"id":"started"}}
{"recorder_version":"31","session":"e59dc5b68293","build":"193.5662.53","bucket":"159","time":1590404230511,"group":{"id":"indexing","version":"2"},"event":{"count":1,"data":{"ide_activity_id":1,"stage_class":"com.intellij.util.indexing.UnindexedFilesUpdater","created":1590404230511,"plugin_type":"PLATFORM"},"id":"stage"}}
{"recorder_version":"31","session":"e59dc5b68293","build":"193.5662.53","bucket":"159","time":1590404230570,"group":{"id":"lifecycle","version":"31"},"event":{"count":1,"data":{"duration_ms":6763,"created":1590404230571,"project":"d119a6d897fcb33934b9adf90ec59bc9e850f90f58367fa567dc99031a6fc921"},"id":"project.opening.finished"}}
{"recorder_version":"31","session":"e59dc5b68293","build":"193.5662.53","bucket":"159","time":1590404233230,"group":{"id":"indexing","version":"2"},"event":{"count":1,"data":{"duration_ms":2779,"ide_activity_id":1,"created":1590404233231},"id":"finished"}}
{"recorder_version":"31","session":"e59dc5b68293","build":"193.5662.53","bucket":"159","time":1590404233343,"group":{"id":"indexing","version":"2"},"event":{"count":1,"data":{"ide_activity_id":2,"created":1590404233343,"project":"d119a6d897fcb33934b9adf90ec59bc9e850f90f58367fa567dc99031a6fc921"},"id":"started"}}
{"recorder_version":"31","session":"e59dc5b68293","build":"193.5662.53","bucket":"159","time":1590404233363,"group":{"id":"indexing","version":"2"},"event":{"count":1,"data":{"ide_activity_id":2,"plugin":"org.jetbrains.android","stage_class":"com.android.tools.idea.res.ResourceFolderRepositoryFileCacheImpl$PruneTask","created":1590404233364,"plugin_type":"JB_BUNDLED"},"id":"stage"}}
{"recorder_version":"31","session":"e59dc5b68293","build":"193.5662.53","bucket":"159","time":1590404233407,"group":{"id":"indexing","version":"2"},"event":{"count":1,"data":{"ide_activity_id":2,"plugin":"org.jetbrains.android","stage_class":"com.android.tools.idea.res.ResourceFolderRepositoryFileCacheImpl$ManageLruProjectFilesTask","created":1590404233407,"plugin_type":"JB_BUNDLED"},"id":"stage"}}
{"recorder_version":"31","session":"e59dc5b68293","build":"193.5662.53","bucket":"159","time":1590404233435,"group":{"id":"indexing","version":"2"},"event":{"count":1,"data":{"duration_ms":92,"ide_activity_id":2,"created":1590404233436},"id":"finished"}}
{"recorder_version":"31","session":"e59dc5b68293","build":"193.5662.53","bucket":"159","time":1590404233447,"group":{"id":"indexing","version":"2"},"event":{"count":1,"data":{"ide_activity_id":3,"created":1590404233447,"project":"d119a6d897fcb33934b9adf90ec59bc9e850f90f58367fa567dc99031a6fc921"},"id":"started"}}
{"recorder_version":"31","session":"e59dc5b68293","build":"193.5662.53","bucket":"159","time":1590404233449,"group":{"id":"indexing","version":"2"},"event":{"count":1,"data":{"ide_activity_id":3,"plugin":"org.jetbrains.android","stage_class":"com.android.tools.idea.res.ResourceFolderRegistry$PopulateCachesTask","created":1590404233450,"plugin_type":"JB_BUNDLED"},"id":"stage"}}
{"recorder_version":"31","session":"e59dc5b68293","build":"193.5662.53","bucket":"159","time":1590404233453,"group":{"id":"indexing","version":"2"},"event":{"count":1,"data":{"duration_ms":6,"ide_activity_id":3,"created":1590404233453},"id":"finished"}}
{"recorder_version":"31","session":"e59dc5b68293","build":"193.5662.53","bucket":"159","time":1590404235348,"group":{"id":"startup","version":"1"},"event":{"count":1,"data":{"duration":2015,"created":1590404235348},"id":"appInit"}}
{"recorder_version":"31","session":"e59dc5b68293","build":"193.5662.53","bucket":"159","time":1590404235348,"group":{"id":"startup","version":"1"},"event":{"count":1,"data":{"duration":298,"created":1590404235349},"id":"splash"}}
{"recorder_version":"31","session":"e59dc5b68293","build":"193.5662.53","bucket":"159","time":1590404235348,"group":{"id":"startup","version":"1"},"event":{"count":1,"data":{"duration":438,"created":1590404235349},"id":"bootstrap"}}
{"recorder_version":"31","session":"e59dc5b68293","build":"193.5662.53","bucket":"159","time":1590404235348,"group":{"id":"startup","version":"1"},"event":{"count":1,"data":{"duration":11701,"created":1590404235349},"id":"totalDuration"}}
{"recorder_version":"31","session":"e59dc5b68293","build":"193.5662.53","bucket":"159","time":1590404236527,"group":{"id":"actions","version":"31"},"event":{"count":1,"data":{"context_menu":true,"action_id":"third.party","created":1590404236527,"plugin_type":"NOT_LISTED","project":"d119a6d897fcb33934b9adf90ec59bc9e850f90f58367fa567dc99031a6fc921","place":"MainMenu","class":"third.party","input_event":"NoMouseButton"},"id":"action.invoked"}}
{"recorder_version":"31","session":"e59dc5b68293","build":"193.5662.53","bucket":"159","time":1590404247641,"group":{"id":"lifecycle","version":"31"},"event":{"count":1,"data":{"created":1590404247642,"project":"d119a6d897fcb33934b9adf90ec59bc9e850f90f58367fa567dc99031a6fc921"},"id":"frame.deactivated"}}
{"recorder_version":"31","session":"e59dc5b68293","build":"193.5662.53","bucket":"159","time":1590404325179,"group":{"id":"performance","version":"31"},"event":{"count":1,"data":{"duration_ms":0,"created":1590404325179},"id":"ui.latency"}}
{"recorder_version":"31","session":"e59dc5b68293","build":"193.5662.53","bucket":"159","time":1590404409250,"group":{"id":"lifecycle","version":"31"},"event":{"count":1,"data":{"created":1590404409250,"project":"d119a6d897fcb33934b9adf90ec59bc9e850f90f58367fa567dc99031a6fc921"},"id":"frame.activated"}}
{"recorder_version":"31","session":"e59dc5b68293","build":"193.5662.53","bucket":"159","time":1590404425418,"group":{"id":"performance","version":"31"},"event":{"count":1,"data":{"duration_ms":0,"created":1590404425418},"id":"ui.latency"}}
{"recorder_version":"31","session":"e59dc5b68293","build":"193.5662.53","bucket":"159","time":1590404523585,"group":{"id":"kotlin.ide.j2k","version":"1"},"event":{"count":1,"data":{"created":1590404523585},"id":"registered"}}
{"recorder_version":"31","session":"e59dc5b68293","build":"193.5662.53","bucket":"159","time":1590404523585,"group":{"id":"java.find.usages","version":"1"},"event":{"count":1,"data":{"created":1590404523586},"id":"registered"}}
{"recorder_version":"31","session":"e59dc5b68293","build":"193.5662.53","bucket":"159","time":1590404523585,"group":{"id":"file.types.usage","version":"31"},"event":{"count":1,"data":{"created":1590404523586},"id":"registered"}}
{"recorder_version":"31","session":"e59dc5b68293","build":"193.5662.53","bucket":"159","time":1590404523585,"group":{"id":"ide.script.engine","version":"2"},"event":{"count":1,"data":{"created":1590404523586},"id":"registered"}}
{"recorder_version":"31","session":"e59dc5b68293","build":"193.5662.53","bucket":"159","time":1590404523585,"group":{"id":"live.templates","version":"31"},"event":{"count":1,"data":{"created":1590404523586},"id":"registered"}}
{"recorder_version":"31","session":"e59dc5b68293","build":"193.5662.53","bucket":"159","time":1590404523585,"group":{"id":"ide.self.update","version":"2"},"event":{"count":1,"data":{"created":1590404523586},"id":"registered"}}
{"recorder_version":"31","session":"e59dc5b68293","build":"193.5662.53","bucket":"159","time":1590404523585,"group":{"id":"lifecycle","version":"31"},"event":{"count":1,"data":{"created":1590404523586},"id":"registered"}}
{"recorder_version":"31","session":"e59dc5b68293","build":"193.5662.53","bucket":"159","time":1590404523585,"group":{"id":"vcs.diff.trigger","version":"1"},"event":{"count":1,"data":{"created":1590404523586},"id":"registered"}}
{"recorder_version":"31","session":"e59dc5b68293","build":"193.5662.53","bucket":"159","time":1590404523585,"group":{"id":"debugger.breakpoints.usage","version":"2"},"event":{"count":1,"data":{"created":1590404523586},"id":"registered"}}
{"recorder_version":"31","session":"e59dc5b68293","build":"193.5662.53","bucket":"159","time":1590404523585,"group":{"id":"kotlin.gradle.library","version":"1"},"event":{"count":1,"data":{"created":1590404523586},"id":"registered"}}
{"recorder_version":"31","session":"e59dc5b68293","build":"193.5662.53","bucket":"159","time":1590404523585,"group":{"id":"startup","version":"1"},"event":{"count":1,"data":{"created":1590404523586},"id":"registered"}}
{"recorder_version":"31","session":"e59dc5b68293","build":"193.5662.53","bucket":"159","time":1590404523585,"group":{"id":"find","version":"2"},"event":{"count":1,"data":{"created":1590404523587},"id":"registered"}}
{"recorder_version":"31","session":"e59dc5b68293","build":"193.5662.53","bucket":"159","time":1590404523585,"group":{"id":"kotlin.gradle.target","version":"2"},"event":{"count":1,"data":{"created":1590404523587},"id":"registered"}}
{"recorder_version":"31","session":"e59dc5b68293","build":"193.5662.53","bucket":"159","time":1590404523585,"group":{"id":"gutter.icon.click","version":"2"},"event":{"count":1,"data":{"created":1590404523587},"id":"registered"}}
{"recorder_version":"31","session":"e59dc5b68293","build":"193.5662.53","bucket":"159","time":1590404523585,"group":{"id":"shell.script","version":"1"},"event":{"count":1,"data":{"created":1590404523587},"id":"registered"}}
{"recorder_version":"31","session":"e59dc5b68293","build":"193.5662.53","bucket":"159","time":1590404523585,"group":{"id":"new.project.wizard","version":"1"},"event":{"count":1,"data":{"created":1590404523587},"id":"registered"}}
{"recorder_version":"31","session":"e59dc5b68293","build":"193.5662.53","bucket":"159","time":1590404523585,"group":{"id":"kotlin.ide.npwizards","version":"1"},"event":{"count":1,"data":{"created":1590404523587},"id":"registered"}}
{"recorder_version":"31","session":"e59dc5b68293","build":"193.5662.53","bucket":"159","time":1590404523585,"group":{"id":"intentions","version":"31"},"event":{"count":1,"data":{"created":1590404523587},"id":"registered"}}
{"recorder_version":"31","session":"e59dc5b68293","build":"193.5662.53","bucket":"159","time":1590404523585,"group":{"id":"settings.repository","version":"1"},"event":{"count":1,"data":{"created":1590404523587},"id":"registered"}}
{"recorder_version":"31","session":"e59dc5b68293","build":"193.5662.53","bucket":"159","time":1590404523585,"group":{"id":"vcs.change.reminder","version":"2"},"event":{"count":1,"data":{"created":1590404523587},"id":"registered"}}
{"recorder_version":"31","session":"e59dc5b68293","build":"193.5662.53","bucket":"159","time":1590404523585,"group":{"id":"create.directory.dialog","version":"1"},"event":{"count":1,"data":{"created":1590404523587},"id":"registered"}}
{"recorder_version":"31","session":"e59dc5b68293","build":"193.5662.53","bucket":"159","time":1590404523585,"group":{"id":"kotlin.maven.target","version":"3"},"event":{"count":1,"data":{"created":1590404523587},"id":"registered"}}
{"recorder_version":"31","session":"e59dc5b68293","build":"193.5662.53","bucket":"159","time":1590404523585,"group":{"id":"json.schema","version":"1"},"event":{"count":1,"data":{"created":1590404523587},"id":"registered"}}
{"recorder_version":"31","session":"e59dc5b68293","build":"193.5662.53","bucket":"159","time":1590404523585,"group":{"id":"terminalShell","version":"1"},"event":{"count":1,"data":{"created":1590404523587},"id":"registered"}}
{"recorder_version":"31","session":"e59dc5b68293","build":"193.5662.53","bucket":"159","time":1590404523585,"group":{"id":"rename.refactoring","version":"1"},"event":{"count":1,"data":{"created":1590404523587},"id":"registered"}}
{"recorder_version":"31","session":"e59dc5b68293","build":"193.5662.53","bucket":"159","time":1590404523585,"group":{"id":"build.ant.actions","version":"1"},"event":{"count":1,"data":{"created":1590404523587},"id":"registered"}}
{"recorder_version":"31","session":"e59dc5b68293","build":"193.5662.53","bucket":"159","time":1590404523585,"group":{"id":"actions","version":"31"},"event":{"count":1,"data":{"created":1590404523587},"id":"registered"}}
{"recorder_version":"31","session":"e59dc5b68293","build":"193.5662.53","bucket":"159","time":1590404523585,"group":{"id":"kotlin.ide.editor","version":"1"},"event":{"count":1,"data":{"created":1590404523587},"id":"registered"}}
{"recorder_version":"31","session":"e59dc5b68293","build":"193.5662.53","bucket":"159","time":1590404523585,"group":{"id":"event.log","version":"31"},"event":{"count":1,"data":{"created":1590404523588},"id":"registered"}}
{"recorder_version":"31","session":"e59dc5b68293","build":"193.5662.53","bucket":"159","time":1590404523585,"group":{"id":"run.configuration.exec","version":"31"},"event":{"count":1,"data":{"created":1590404523588},"id":"registered"}}
{"recorder_version":"31","session":"e59dc5b68293","build":"193.5662.53","bucket":"159","time":1590404523585,"group":{"id":"build.tools.actions","version":"1"},"event":{"count":1,"data":{"created":1590404523588},"id":"registered"}}
{"recorder_version":"31","session":"e59dc5b68293","build":"193.5662.53","bucket":"159","time":1590404523585,"group":{"id":"file.editor","version":"2"},"event":{"count":1,"data":{"created":1590404523588},"id":"registered"}}
{"recorder_version":"31","session":"e59dc5b68293","build":"193.5662.53","bucket":"159","time":1590404523585,"group":{"id":"vfs","version":"2"},"event":{"count":1,"data":{"created":1590404523588},"id":"registered"}}
{"recorder_version":"31","session":"e59dc5b68293","build":"193.5662.53","bucket":"159","time":1590404523585,"group":{"id":"project.import","version":"2"},"event":{"count":1,"data":{"created":1590404523588},"id":"registered"}}
{"recorder_version":"31","session":"e59dc5b68293","build":"193.5662.53","bucket":"159","time":1590404523585,"group":{"id":"actions.runAnything","version":"1"},"event":{"count":1,"data":{"created":1590404523588},"id":"registered"}}
{"recorder_version":"31","session":"e59dc5b68293","build":"193.5662.53","bucket":"159","time":1590404523585,"group":{"id":"toolwindow","version":"31"},"event":{"count":1,"data":{"created":1590404523588},"id":"registered"}}
{"recorder_version":"31","session":"e59dc5b68293","build":"193.5662.53","bucket":"159","time":1590404523585,"group":{"id":"kotlin.ide.newFileTempl","version":"1"},"event":{"count":1,"data":{"created":1590404523588},"id":"registered"}}
{"recorder_version":"31","session":"e59dc5b68293","build":"193.5662.53","bucket":"159","time":1590404523585,"group":{"id":"ui.settings","version":"31"},"event":{"count":1,"data":{"created":1590404523588},"id":"registered"}}
{"recorder_version":"31","session":"e59dc5b68293","build":"193.5662.53","bucket":"159","time":1590404523585,"group":{"id":"vcs.log.trigger","version":"2"},"event":{"count":1,"data":{"created":1590404523588},"id":"registered"}}
{"recorder_version":"31","session":"e59dc5b68293","build":"193.5662.53","bucket":"159","time":1590404523585,"group":{"id":"productivity","version":"31"},"event":{"count":1,"data":{"created":1590404523588},"id":"registered"}}
{"recorder_version":"31","session":"e59dc5b68293","build":"193.5662.53","bucket":"159","time":1590404523585,"group":{"id":"build.maven.actions","version":"1"},"event":{"count":1,"data":{"created":1590404523588},"id":"registered"}}
{"recorder_version":"31","session":"e59dc5b68293","build":"193.5662.53","bucket":"159","time":1590404523585,"group":{"id":"ui.event","version":"3"},"event":{"count":1,"data":{"created":1590404523588},"id":"registered"}}
{"recorder_version":"31","session":"e59dc5b68293","build":"193.5662.53","bucket":"159","time":1590404523585,"group":{"id":"plugins.advertiser","version":"1"},"event":{"count":1,"data":{"created":1590404523588},"id":"registered"}}
{"recorder_version":"31","session":"e59dc5b68293","build":"193.5662.53","bucket":"159","time":1590404523585,"group":{"id":"editor.notification.panel","version":"1"},"event":{"count":1,"data":{"created":1590404523588},"id":"registered"}}
{"recorder_version":"31","session":"e59dc5b68293","build":"193.5662.53","bucket":"159","time":1590404523585,"group":{"id":"kotlin.ide.debugger","version":"2"},"event":{"count":1,"data":{"created":1590404523588},"id":"registered"}}
{"recorder_version":"31","session":"e59dc5b68293","build":"193.5662.53","bucket":"159","time":1590404523585,"group":{"id":"tooltip.action.events","version":"1"},"event":{"count":1,"data":{"created":1590404523588},"id":"registered"}}
{"recorder_version":"31","session":"e59dc5b68293","build":"193.5662.53","bucket":"159","time":1590404523585,"group":{"id":"completion","version":"1"},"event":{"count":1,"data":{"created":1590404523588},"id":"registered"}}
{"recorder_version":"31","session":"e59dc5b68293","build":"193.5662.53","bucket":"159","time":1590404523585,"group":{"id":"indexing","version":"2"},"event":{"count":1,"data":{"created":1590404523588},"id":"registered"}}
{"recorder_version":"31","session":"e59dc5b68293","build":"193.5662.53","bucket":"159","time":1590404523585,"group":{"id":"vcs","version":"2"},"event":{"count":1,"data":{"created":1590404523588},"id":"registered"}}
{"recorder_version":"31","session":"e59dc5b68293","build":"193.5662.53","bucket":"159","time":1590404523585,"group":{"id":"ui.dialogs","version":"31"},"event":{"count":1,"data":{"created":1590404523589},"id":"registered"}}
{"recorder_version":"31","session":"e59dc5b68293","build":"193.5662.53","bucket":"159","time":1590404523585,"group":{"id":"vcs.back.forward.trigger","version":"1"},"event":{"count":1,"data":{"created":1590404523589},"id":"registered"}}
{"recorder_version":"31","session":"e59dc5b68293","build":"193.5662.53","bucket":"159","time":1590404523585,"group":{"id":"customize.wizard","version":"1"},"event":{"count":1,"data":{"created":1590404523589},"id":"registered"}}
{"recorder_version":"31","session":"e59dc5b68293","build":"193.5662.53","bucket":"159","time":1590404523585,"group":{"id":"ide.update.dialog","version":"1"},"event":{"count":1,"data":{"created":1590404523589},"id":"registered"}}
{"recorder_version":"31","session":"e59dc5b68293","build":"193.5662.53","bucket":"159","time":1590404523585,"group":{"id":"toolbar","version":"31"},"event":{"count":1,"data":{"created":1590404523589},"id":"registered"}}
{"recorder_version":"31","session":"e59dc5b68293","build":"193.5662.53","bucket":"159","time":1590404523585,"group":{"id":"build.gradle.actions","version":"1"},"event":{"count":1,"data":{"created":1590404523589},"id":"registered"}}
{"recorder_version":"31","session":"e59dc5b68293","build":"193.5662.53","bucket":"159","time":1590404523585,"group":{"id":"performance","version":"31"},"event":{"count":1,"data":{"created":1590404523589},"id":"registered"}}
{"recorder_version":"31","session":"e59dc5b68293","build":"193.5662.53","bucket":"159","time":1590404523585,"group":{"id":"build","version":"2"},"event":{"count":1,"data":{"created":1590404523589},"id":"registered"}}
{"recorder_version":"31","session":"e59dc5b68293","build":"193.5662.53","bucket":"159","time":1590404523585,"group":{"id":"searchEverywhere","version":"2"},"event":{"count":1,"data":{"created":1590404523589},"id":"registered"}}
{"recorder_version":"31","session":"e59dc5b68293","build":"193.5662.53","bucket":"159","time":1590404523585,"group":{"id":"kotlin.ide.action.refactoring","version":"1"},"event":{"count":1,"data":{"created":1590404523589},"id":"registered"}}
{"recorder_version":"31","session":"e59dc5b68293","build":"193.5662.53","bucket":"159","time":1590404523585,"group":{"id":"ui.tips","version":"3"},"event":{"count":1,"data":{"created":1590404523589},"id":"registered"}}
{"recorder_version":"31","session":"e59dc5b68293","build":"193.5662.53","bucket":"159","time":1590404523585,"group":{"id":"surround.with","version":"2"},"event":{"count":1,"data":{"created":1590404523589},"id":"registered"}}
{"recorder_version":"31","session":"e59dc5b68293","build":"193.5662.53","bucket":"159","time":1590404523585,"group":{"id":"import.old.config","version":"3"},"event":{"count":1,"data":{"created":1590404523589},"id":"registered"}}
{"recorder_version":"31","session":"e59dc5b68293","build":"193.5662.53","bucket":"159","time":1590404523585,"group":{"id":"kotlin.jps.target","version":"3"},"event":{"count":1,"data":{"created":1590404523589},"id":"registered"}}
{"recorder_version":"31","session":"e59dc5b68293","build":"193.5662.53","bucket":"159","time":1590404523585,"group":{"id":"completion.postfix","version":"31"},"event":{"count":1,"data":{"created":1590404523589},"id":"registered"}}
{"recorder_version":"31","session":"e59dc5b68293","build":"193.5662.53","bucket":"159","time":1590404523585,"group":{"id":"build.maven.packagesearch","version":"2"},"event":{"count":1,"data":{"created":1590404523589},"id":"registered"}}
{"recorder_version":"31","session":"e59dc5b68293","build":"193.5662.53","bucket":"159","time":1590404525627,"group":{"id":"performance","version":"31"},"event":{"count":1,"data":{"duration_ms":1,"created":1590404525627},"id":"ui.latency"}}
{"recorder_version":"31","session":"e59dc5b68293","build":"193.5662.53","bucket":"159","time":1590404625827,"group":{"id":"performance","version":"31"},"event":{"count":1,"data":{"duration_ms":1,"created":1590404625827},"id":"ui.latency"}}
{"recorder_version":"31","session":"e59dc5b68293","build":"193.5662.53","bucket":"159","time":1590404698634,"group":{"id":"lifecycle","version":"31"},"event":{"count":1,"data":{"created":1590404698634,"project":"d119a6d897fcb33934b9adf90ec59bc9e850f90f58367fa567dc99031a6fc921"},"id":"frame.deactivated"}}
{"recorder_version":"31","session":"e59dc5b68293","build":"193.5662.53","bucket":"159","time":1590404726035,"group":{"id":"performance","version":"31"},"event":{"count":1,"data":{"duration_ms":0,"created":1590404726036},"id":"ui.latency"}}
{"recorder_version":"31","session":"e59dc5b68293","build":"193.5662.53","bucket":"159","time":1590404826243,"group":{"id":"performance","version":"31"},"event":{"count":1,"data":{"duration_ms":0,"created":1590404826243},"id":"ui.latency"}}
{"recorder_version":"31","session":"e59dc5b68293","build":"193.5662.53","bucket":"159","time":1590404926451,"group":{"id":"performance","version":"31"},"event":{"count":1,"data":{"duration_ms":0,"created":1590404926451},"id":"ui.latency"}}
{"recorder_version":"31","session":"e59dc5b68293","build":"193.5662.53","bucket":"159","time":1590405026701,"group":{"id":"performance","version":"31"},"event":{"count":1,"data":{"duration_ms":0,"created":1590405026702},"id":"ui.latency"}}
{"recorder_version":"31","session":"e59dc5b68293","build":"193.5662.53","bucket":"159","time":1590405123555,"group":{"id":"system.runtime","version":"2"},"event":{"state":true,"data":{"created":1590405123555,"name":"G1_Old_Generation"},"id":"garbage.collector"}}
{"recorder_version":"31","session":"e59dc5b68293","build":"193.5662.53","bucket":"159","time":1590405123555,"group":{"id":"system.runtime","version":"2"},"event":{"state":true,"data":{"created":1590405123556,"name":"Xmx","value":512},"id":"jvm.option"}}
{"recorder_version":"31","session":"e59dc5b68293","build":"193.5662.53","bucket":"159","time":1590405123555,"group":{"id":"system.runtime","version":"2"},"event":{"state":true,"data":{"vendor":"JetBrains","created":1590405123556,"bit":"64","version":"1.11"},"id":"jvm"}}
{"recorder_version":"31","session":"e59dc5b68293","build":"193.5662.53","bucket":"159","time":1590405123555,"group":{"id":"system.runtime","version":"2"},"event":{"state":true,"data":{"created":1590405123556,"name":"G1_Young_Generation"},"id":"garbage.collector"}}
{"recorder_version":"31","session":"e59dc5b68293","build":"193.5662.53","bucket":"159","time":1590405123555,"group":{"id":"system.runtime","version":"2"},"event":{"state":true,"data":{"created":1590405123556,"value":8},"id":"cores"}}
{"recorder_version":"31","session":"e59dc5b68293","build":"193.5662.53","bucket":"159","time":1590405123555,"group":{"id":"system.runtime","version":"2"},"event":{"state":true,"data":{"created":1590405123556,"name":"Xms","value":256},"id":"jvm.option"}}
{"recorder_version":"31","session":"e59dc5b68293","build":"193.5662.53","bucket":"159","time":1590405123555,"group":{"id":"system.runtime","version":"2"},"event":{"state":true,"data":{"created":1590405123557},"id":"invoked"}}
{"recorder_version":"31","session":"e59dc5b68293","build":"193.5662.53","bucket":"159","time":1590405123572,"group":{"id":"vcs.diff","version":"2"},"event":{"state":true,"data":{"created":1590405123572},"id":"invoked"}}
{"recorder_version":"31","session":"e59dc5b68293","build":"193.5662.53","bucket":"159","time":1590405123582,"group":{"id":"vcs.github","version":"2"},"event":{"state":true,"data":{"has_enterprise":false,"created":1590405123582,"count":0},"id":"accounts"}}
{"recorder_version":"31","session":"e59dc5b68293","build":"193.5662.53","bucket":"159","time":1590405123582,"group":{"id":"vcs.github","version":"2"},"event":{"state":true,"data":{"created":1590405123582},"id":"invoked"}}
{"recorder_version":"31","session":"e59dc5b68293","build":"193.5662.53","bucket":"159","time":1590405123583,"group":{"id":"platform.registry","version":"1"},"event":{"state":true,"data":{"created":1590405123583,"plugin_type":"PLATFORM","id":"show.create.new.element.in.popup"},"id":"experiment"}}
{"recorder_version":"31","session":"e59dc5b68293","build":"193.5662.53","bucket":"159","time":1590405123583,"group":{"id":"platform.registry","version":"1"},"event":{"state":true,"data":{"created":1590405123584,"plugin_type":"PLATFORM","id":"wsl.p9.support"},"id":"experiment"}}
{"recorder_version":"31","session":"e59dc5b68293","build":"193.5662.53","bucket":"159","time":1590405123583,"group":{"id":"platform.registry","version":"1"},"event":{"state":true,"data":{"created":1590405123584,"plugin_type":"PLATFORM","id":"inline.browse.button"},"id":"experiment"}}
{"recorder_version":"31","session":"e59dc5b68293","build":"193.5662.53","bucket":"159","time":1590405123583,"group":{"id":"platform.registry","version":"1"},"event":{"state":true,"data":{"created":1590405123584,"plugin_type":"PLATFORM","id":"recent.and.edited.files.together"},"id":"experiment"}}
{"recorder_version":"31","session":"e59dc5b68293","build":"193.5662.53","bucket":"159","time":1590405123583,"group":{"id":"platform.registry","version":"1"},"event":{"state":true,"data":{"created":1590405123584,"plugin_type":"PLATFORM","id":"copy.reference.popup"},"id":"experiment"}}
{"recorder_version":"31","session":"e59dc5b68293","build":"193.5662.53","bucket":"159","time":1590405123583,"group":{"id":"platform.registry","version":"1"},"event":{"state":true,"data":{"created":1590405123584,"id":"java.completion.argument.hints.internal"},"id":"registry"}}
{"recorder_version":"31","session":"e59dc5b68293","build":"193.5662.53","bucket":"159","time":1590405123583,"group":{"id":"platform.registry","version":"1"},"event":{"state":true,"data":{"created":1590405123584,"plugin_type":"PLATFORM","id":"new.large.text.file.viewer"},"id":"experiment"}}
{"recorder_version":"31","session":"e59dc5b68293","build":"193.5662.53","bucket":"159","time":1590405123583,"group":{"id":"platform.registry","version":"1"},"event":{"state":true,"data":{"created":1590405123584,"plugin_type":"PLATFORM","id":"linux.native.menu"},"id":"experiment"}}
{"recorder_version":"31","session":"e59dc5b68293","build":"193.5662.53","bucket":"159","time":1590405123583,"group":{"id":"platform.registry","version":"1"},"event":{"state":true,"data":{"created":1590405123584,"plugin_type":"PLATFORM","id":"property.value.inplace.editing"},"id":"experiment"}}
{"recorder_version":"31","session":"e59dc5b68293","build":"193.5662.53","bucket":"159","time":1590405123583,"group":{"id":"platform.registry","version":"1"},"event":{"state":true,"data":{"created":1590405123584,"plugin_type":"PLATFORM","id":"wsl.p9.show.roots.in.file.chooser"},"id":"experiment"}}
{"recorder_version":"31","session":"e59dc5b68293","build":"193.5662.53","bucket":"159","time":1590405123583,"group":{"id":"platform.registry","version":"1"},"event":{"state":true,"data":{"created":1590405123584},"id":"invoked"}}
{"recorder_version":"31","session":"e59dc5b68293","build":"193.5662.53","bucket":"159","time":1590405123584,"group":{"id":"user.advanced.info","version":"2"},"event":{"state":true,"data":{"created":1590405123585,"value":"release"},"id":"build"}}
{"recorder_version":"31","session":"e59dc5b68293","build":"193.5662.53","bucket":"159","time":1590405123584,"group":{"id":"user.advanced.info","version":"2"},"event":{"state":true,"data":{"created":1590405123585},"id":"release"}}
{"recorder_version":"31","session":"e59dc5b68293","build":"193.5662.53","bucket":"159","time":1590405123584,"group":{"id":"user.advanced.info","version":"2"},"event":{"state":true,"data":{"created":1590405123585},"id":"invoked"}}
{"recorder_version":"31","session":"e59dc5b68293","build":"193.5662.53","bucket":"159","time":1590405123584,"group":{"id":"keymaps.name","version":"2"},"event":{"state":true,"data":{"created":1590405123585,"keymap_name":"Mac_OS_X_10.5+"},"id":"ide.keymap"}}
{"recorder_version":"31","session":"e59dc5b68293","build":"193.5662.53","bucket":"159","time":1590405123584,"group":{"id":"keymaps.name","version":"2"},"event":{"state":true,"data":{"created":1590405123585},"id":"invoked"}}
{"recorder_version":"31","session":"e59dc5b68293","build":"193.5662.53","bucket":"159","time":1590405123584,"group":{"id":"ui.fonts","version":"2"},"event":{"state":true,"data":{"created":1590405123585,"font_size":13,"font_name":".SF_NS_Text"},"id":"UI"}}
{"recorder_version":"31","session":"e59dc5b68293","build":"193.5662.53","bucket":"159","time":1590405123584,"group":{"id":"ui.fonts","version":"2"},"event":{"state":true,"data":{"created":1590405123585,"font_size":24},"id":"Presentation.mode"}}
{"recorder_version":"31","session":"e59dc5b68293","build":"193.5662.53","bucket":"159","time":1590405123584,"group":{"id":"ui.fonts","version":"2"},"event":{"state":true,"data":{"created":1590405123585,"font_size":12,"font_name":"Menlo"},"id":"IDE.editor"}}
{"recorder_version":"31","session":"e59dc5b68293","build":"193.5662.53","bucket":"159","time":1590405123584,"group":{"id":"ui.fonts","version":"2"},"event":{"state":true,"data":{"created":1590405123585,"value":1.2},"id":"editor.lineSpacing"}}
{"recorder_version":"31","session":"e59dc5b68293","build":"193.5662.53","bucket":"159","time":1590405123584,"group":{"id":"ui.fonts","version":"2"},"event":{"state":true,"data":{"created":1590405123585},"id":"invoked"}}
{"recorder_version":"31","session":"e59dc5b68293","build":"193.5662.53","bucket":"159","time":1590405123585,"group":{"id":"plugins","version":"1"},"event":{"state":true,"data":{"created":1590405123586,"plugin_type":"NOT_LISTED"},"id":"enabled.not.bundled.plugin"}}
{"recorder_version":"31","session":"e59dc5b68293","build":"193.5662.53","bucket":"159","time":1590405123585,"group":{"id":"plugins","version":"1"},"event":{"state":true,"data":{"created":1590405123586},"id":"invoked"}}
{"recorder_version":"31","session":"e59dc5b68293","build":"193.5662.53","bucket":"159","time":1590405123587,"group":{"id":"ui.info.features","version":"3"},"event":{"state":true,"data":{"created":1590405123587,"value":"hidden"},"id":"Toolbar"}}
{"recorder_version":"31","session":"e59dc5b68293","build":"193.5662.53","bucket":"159","time":1590405123587,"group":{"id":"ui.info.features","version":"3"},"event":{"state":true,"data":{"created":1590405123588,"enabled":false},"id":"Show.tips.on.startup"}}
{"recorder_version":"31","session":"e59dc5b68293","build":"193.5662.53","bucket":"159","time":1590405123587,"group":{"id":"ui.info.features","version":"3"},"event":{"state":true,"data":{"created":1590405123588,"scale_mode":true,"scale":2.0},"id":"Screen.Scale"}}
{"recorder_version":"31","session":"e59dc5b68293","build":"193.5662.53","bucket":"159","time":1590405123587,"group":{"id":"ui.info.features","version":"3"},"event":{"state":true,"data":{"created":1590405123588,"value":"hidden"},"id":"Tool.Window.buttons"}}
{"recorder_version":"31","session":"e59dc5b68293","build":"193.5662.53","bucket":"159","time":1590405123587,"group":{"id":"ui.info.features","version":"3"},"event":{"state":true,"data":{"created":1590405123588,"value":"Top"},"id":"Tabs"}}
{"recorder_version":"31","session":"e59dc5b68293","build":"193.5662.53","bucket":"159","time":1590405123587,"group":{"id":"ui.info.features","version":"3"},"event":{"state":true,"data":{"created":1590405123588,"enabled":true},"id":"Hide.Editor.Tabs.If.Needed"}}
{"recorder_version":"31","session":"e59dc5b68293","build":"193.5662.53","bucket":"159","time":1590405123587,"group":{"id":"ui.info.features","version":"3"},"event":{"state":true,"data":{"created":1590405123588,"enabled":true},"id":"Show.Editor.Tabs.In.Single.Row"}}
{"recorder_version":"31","session":"e59dc5b68293","build":"193.5662.53","bucket":"159","time":1590405123587,"group":{"id":"ui.info.features","version":"3"},"event":{"state":true,"data":{"toolbar":"hidden","navbar":"visible","created":1590405123588},"id":"Toolbar.and.NavBar"}}
{"recorder_version":"31","session":"e59dc5b68293","build":"193.5662.53","bucket":"159","time":1590405123587,"group":{"id":"ui.info.features","version":"3"},"event":{"state":true,"data":{"created":1590405123588,"enabled":false},"id":"Block.cursor"}}
{"recorder_version":"31","session":"e59dc5b68293","build":"193.5662.53","bucket":"159","time":1590405123587,"group":{"id":"ui.info.features","version":"3"},"event":{"state":true,"data":{"created":1590405123588,"enabled":false},"id":"Screen.Reader"}}
{"recorder_version":"31","session":"e59dc5b68293","build":"193.5662.53","bucket":"159","time":1590405123587,"group":{"id":"ui.info.features","version":"3"},"event":{"state":true,"data":{"created":1590405123588,"value":"Light"},"id":"Look.and.Feel"}}
{"recorder_version":"31","session":"e59dc5b68293","build":"193.5662.53","bucket":"159","time":1590405123587,"group":{"id":"ui.info.features","version":"3"},"event":{"state":true,"data":{"created":1590405123589,"enabled":false},"id":"QuickDoc.Show.Toolwindow"}}
{"recorder_version":"31","session":"e59dc5b68293","build":"193.5662.53","bucket":"159","time":1590405123587,"group":{"id":"ui.info.features","version":"3"},"event":{"state":true,"data":{"created":1590405123589,"enabled":true},"id":"Retina"}}
{"recorder_version":"31","session":"e59dc5b68293","build":"193.5662.53","bucket":"159","time":1590405123587,"group":{"id":"ui.info.features","version":"3"},"event":{"state":true,"data":{"grouped":"[30_50]","created":1590405123589,"count":50},"id":"Recent.files.limit"}}
{"recorder_version":"31","session":"e59dc5b68293","build":"193.5662.53","bucket":"159","time":1590405123587,"group":{"id":"ui.info.features","version":"3"},"event":{"state":true,"data":{"created":1590405123589,"value":"visible"},"id":"Status.bar"}}
{"recorder_version":"31","session":"e59dc5b68293","build":"193.5662.53","bucket":"159","time":1590405123587,"group":{"id":"ui.info.features","version":"3"},"event":{"state":true,"data":{"created":1590405123589,"enabled":true},"id":"QuickDoc.AutoUpdate"}}
{"recorder_version":"31","session":"e59dc5b68293","build":"193.5662.53","bucket":"159","time":1590405123587,"group":{"id":"ui.info.features","version":"3"},"event":{"state":true,"data":{"created":1590405123589,"value":"visible"},"id":"Nav.Bar"}}
{"recorder_version":"31","session":"e59dc5b68293","build":"193.5662.53","bucket":"159","time":1590405123587,"group":{"id":"ui.info.features","version":"3"},"event":{"state":true,"data":{"created":1590405123589,"enabled":true},"id":"Gutter.Icons"}}
{"recorder_version":"31","session":"e59dc5b68293","build":"193.5662.53","bucket":"159","time":1590405123587,"group":{"id":"ui.info.features","version":"3"},"event":{"state":true,"data":{"created":1590405123589,"enabled":true},"id":"Line.Numbers"}}
{"recorder_version":"31","session":"e59dc5b68293","build":"193.5662.53","bucket":"159","time":1590405123587,"group":{"id":"ui.info.features","version":"3"},"event":{"state":true,"data":{"created":1590405123589,"value":"per_monitor_dpi"},"id":"Hidpi.Mode"}}
{"recorder_version":"31","session":"e59dc5b68293","build":"193.5662.53","bucket":"159","time":1590405123587,"group":{"id":"ui.info.features","version":"3"},"event":{"state":true,"data":{"created":1590405123590,"enabled":true},"id":"Allow.merging.buttons"}}
{"recorder_version":"31","session":"e59dc5b68293","build":"193.5662.53","bucket":"159","time":1590405123587,"group":{"id":"ui.info.features","version":"3"},"event":{"state":true,"data":{"created":1590405123590,"enabled":false},"id":"Soft.Wraps"}}
{"recorder_version":"31","session":"e59dc5b68293","build":"193.5662.53","bucket":"159","time":1590405123587,"group":{"id":"ui.info.features","version":"3"},"event":{"state":true,"data":{"created":1590405123590},"id":"invoked"}}
{"recorder_version":"31","session":"e59dc5b68293","build":"193.5662.53","bucket":"159","time":1590405123587,"group":{"id":"ui.editor.color.schemes","version":"3"},"event":{"state":true,"data":{"scheme":"Default","created":1590405123590,"is_dark":false},"id":"enabled.color.scheme"}}
{"recorder_version":"31","session":"e59dc5b68293","build":"193.5662.53","bucket":"159","time":1590405123587,"group":{"id":"ui.editor.color.schemes","version":"3"},"event":{"state":true,"data":{"created":1590405123590},"id":"invoked"}}
{"recorder_version":"31","session":"e59dc5b68293","build":"193.5662.53","bucket":"159","time":1590405123587,"group":{"id":"os.linux.wm","version":"2"},"event":{"state":true,"data":{"created":1590405123590},"id":"invoked"}}
{"recorder_version":"31","session":"e59dc5b68293","build":"193.5662.53","bucket":"159","time":1590405123588,"group":{"id":"vcs.log.index.application","version":"2"},"event":{"state":true,"data":{"created":1590405123590},"id":"invoked"}}
{"recorder_version":"31","session":"e59dc5b68293","build":"193.5662.53","bucket":"159","time":1590405123594,"group":{"id":"java.refactoring.settings","version":"1"},"event":{"state":true,"data":{"created":1590405123594},"id":"invoked"}}
{"recorder_version":"31","session":"e59dc5b68293","build":"193.5662.53","bucket":"159","time":1590405123595,"group":{"id":"vcs.application.configuration","version":"1"},"event":{"state":true,"data":{"created":1590405123595},"id":"invoked"}}
{"recorder_version":"31","session":"e59dc5b68293","build":"193.5662.53","bucket":"159","time":1590405123603,"group":{"id":"editor.settings.ide","version":"3"},"event":{"state":true,"data":{"created":1590405123604,"enabled":true},"id":"completionHints"}}
{"recorder_version":"31","session":"e59dc5b68293","build":"193.5662.53","bucket":"159","time":1590405123603,"group":{"id":"editor.settings.ide","version":"3"},"event":{"state":true,"data":{"created":1590405123604},"id":"invoked"}}
{"recorder_version":"31","session":"e59dc5b68293","build":"193.5662.53","bucket":"159","time":1590405123619,"group":{"id":"debugger.settings.ide","version":"2"},"event":{"state":true,"data":{"created":1590405123619},"id":"invoked"}}
{"recorder_version":"31","session":"e59dc5b68293","build":"193.5662.53","bucket":"159","time":1590405126928,"group":{"id":"performance","version":"31"},"event":{"count":1,"data":{"duration_ms":0,"created":1590405126928},"id":"ui.latency"}}
{"recorder_version":"31","session":"e59dc5b68293","build":"193.5662.53","bucket":"159","time":1590405227167,"group":{"id":"performance","version":"31"},"event":{"count":1,"data":{"duration_ms":0,"created":1590405227168},"id":"ui.latency"}}
{"recorder_version":"31","session":"e59dc5b68293","build":"193.5662.53","bucket":"159","time":1590405327393,"group":{"id":"performance","version":"31"},"event":{"count":1,"data":{"duration_ms":0,"created":1590405327393},"id":"ui.latency"}}
{"recorder_version":"31","session":"e59dc5b68293","build":"193.5662.53","bucket":"159","time":1590405345072,"group":{"id":"lifecycle","version":"31"},"event":{"count":1,"data":{"created":1590405345072,"project":"d119a6d897fcb33934b9adf90ec59bc9e850f90f58367fa567dc99031a6fc921"},"id":"frame.activated"}}
{"recorder_version":"31","session":"e59dc5b68293","build":"193.5662.53","bucket":"159","time":1590405346739,"group":{"id":"lifecycle","version":"31"},"event":{"count":1,"data":{"created":1590405346739,"project":"d119a6d897fcb33934b9adf90ec59bc9e850f90f58367fa567dc99031a6fc921"},"id":"frame.deactivated"}}
{"recorder_version":"31","session":"e59dc5b68293","build":"193.5662.53","bucket":"159","time":1590405368190,"group":{"id":"lifecycle","version":"31"},"event":{"count":1,"data":{"created":1590405368190,"project":"d119a6d897fcb33934b9adf90ec59bc9e850f90f58367fa567dc99031a6fc921"},"id":"frame.activated"}}
{"recorder_version":"31","session":"e59dc5b68293","build":"193.5662.53","bucket":"159","time":1590405375923,"group":{"id":"lifecycle","version":"31"},"event":{"count":1,"data":{"created":1590405375923,"project":"d119a6d897fcb33934b9adf90ec59bc9e850f90f58367fa567dc99031a6fc921"},"id":"frame.deactivated"}}
{"recorder_version":"31","session":"e59dc5b68293","build":"193.5662.53","bucket":"159","time":1590405427621,"group":{"id":"performance","version":"31"},"event":{"count":1,"data":{"duration_ms":0,"created":1590405427621},"id":"ui.latency"}}
{"recorder_version":"31","session":"e59dc5b68293","build":"193.5662.53","bucket":"159","time":1590405463045,"group":{"id":"lifecycle","version":"31"},"event":{"count":1,"data":{"created":1590405463045,"project":"d119a6d897fcb33934b9adf90ec59bc9e850f90f58367fa567dc99031a6fc921"},"id":"frame.activated"}}
{"recorder_version":"31","session":"e59dc5b68293","build":"193.5662.53","bucket":"159","time":1590405464854,"group":{"id":"ui.dialogs","version":"31"},"event":{"count":1,"data":{"created":1590405464854,"plugin_type":"NOT_LISTED","dialog_class":"third.party"},"id":"show"}}
{"recorder_version":"31","session":"e59dc5b68293","build":"193.5662.53","bucket":"159","time":1590405485006,"group":{"id":"ui.dialogs","version":"31"},"event":{"count":1,"data":{"code":1,"created":1590405485006,"plugin_type":"NOT_LISTED","dialog_class":"third.party"},"id":"close"}}
{"recorder_version":"31","session":"e59dc5b68293","build":"193.5662.53","bucket":"159","time":1590405487806,"group":{"id":"lifecycle","version":"31"},"event":{"count":1,"data":{"created":1590405487806,"project":"d119a6d897fcb33934b9adf90ec59bc9e850f90f58367fa567dc99031a6fc921"},"id":"frame.deactivated"}}
{"recorder_version":"31","session":"e59dc5b68293","build":"193.5662.53","bucket":"159","time":1590405527799,"group":{"id":"performance","version":"31"},"event":{"count":1,"data":{"duration_ms":0,"created":1590405527799},"id":"ui.latency"}}
{"recorder_version":"31","session":"e59dc5b68293","build":"193.5662.53","bucket":"159","time":1590405597219,"group":{"id":"lifecycle","version":"31"},"event":{"count":1,"data":{"created":1590405597219,"project":"d119a6d897fcb33934b9adf90ec59bc9e850f90f58367fa567dc99031a6fc921"},"id":"frame.activated"}}
