{"recorder_version":"31","session":"b663918f349a","build":"193.5662.53","bucket":"159","time":1590175065685,"group":{"id":"settings","version":"4"},"event":{"state":true,"data":{"component":"NotRoamableUiSettings","created":1590175065955},"id":"invoked"}}
{"recorder_version":"31","session":"b663918f349a","build":"193.5662.53","bucket":"159","time":1590175065685,"group":{"id":"settings","version":"4"},"event":{"state":true,"data":{"component":"UISettings","created":1590175065957},"id":"invoked"}}
{"recorder_version":"31","session":"b663918f349a","build":"193.5662.53","bucket":"159","time":1590175065696,"group":{"id":"system.java","version":"1"},"event":{"state":true,"data":{"created":1590175065966,"version":"validation.undefined_rule"},"id":"validation.undefined_rule"}}
{"recorder_version":"31","session":"b663918f349a","build":"193.5662.53","bucket":"159","time":1590175065696,"group":{"id":"system.java","version":"1"},"event":{"state":true,"data":{"created":1590175065966},"id":"invoked"}}
{"recorder_version":"31","session":"b663918f349a","build":"193.5662.53","bucket":"159","time":1590175065718,"group":{"id":"system.os","version":"3"},"event":{"state":true,"data":{"created":1590175065967,"version":"10.15"},"id":"Mac"}}
{"recorder_version":"31","session":"b663918f349a","build":"193.5662.53","bucket":"159","time":1590175065718,"group":{"id":"system.os","version":"3"},"event":{"state":true,"data":{"created":1590175065970,"name":"Mac","version":"10.15"},"id":"os.name"}}
{"recorder_version":"31","session":"b663918f349a","build":"193.5662.53","bucket":"159","time":1590175065718,"group":{"id":"system.os","version":"3"},"event":{"state":true,"data":{"created":1590175065970,"value":"+02_00"},"id":"os.timezone"}}
{"recorder_version":"31","session":"b663918f349a","build":"193.5662.53","bucket":"159","time":1590175065718,"group":{"id":"system.os","version":"3"},"event":{"state":true,"data":{"created":1590175065970},"id":"invoked"}}
{"recorder_version":"31","session":"b663918f349a","build":"193.5662.53","bucket":"159","time":1590175065867,"group":{"id":"settings","version":"4"},"event":{"state":true,"data":{"component":"UpdatesConfigurable","created":1590175065971,"name":"checkNeeded","type":"bool","value":false},"id":"not.default"}}
{"recorder_version":"31","session":"b663918f349a","build":"193.5662.53","bucket":"159","time":1590175065867,"group":{"id":"settings","version":"4"},"event":{"state":true,"data":{"component":"UpdatesConfigurable","created":1590175065971},"id":"invoked"}}
{"recorder_version":"31","session":"b663918f349a","build":"193.5662.53","bucket":"159","time":1590175065924,"group":{"id":"event.log","version":"31"},"event":{"count":1,"data":{"created":1590175065971,"version":"1268.0"},"id":"whitelist.loaded"}}
{"recorder_version":"31","session":"b663918f349a","build":"193.5662.53","bucket":"159","time":1590175066021,"group":{"id":"settings","version":"4"},"event":{"state":true,"data":{"component":"GeneralSettings","created":1590175066021,"name":"showTipsOnStartup","type":"bool","value":false},"id":"not.default"}}
{"recorder_version":"31","session":"b663918f349a","build":"193.5662.53","bucket":"159","time":1590175066021,"group":{"id":"settings","version":"4"},"event":{"state":true,"data":{"component":"GeneralSettings","created":1590175066022},"id":"invoked"}}
{"recorder_version":"31","session":"b663918f349a","build":"193.5662.53","bucket":"159","time":1590175066028,"group":{"id":"lifecycle","version":"31"},"event":{"count":1,"data":{"internal":true,"eap":false,"created":1590175066028},"id":"ide.start"}}
{"recorder_version":"31","session":"b663918f349a","build":"193.5662.53","bucket":"159","time":1590175066158,"group":{"id":"settings","version":"4"},"event":{"state":true,"data":{"component":"XmlEditorOptions","created":1590175066158},"id":"invoked"}}
{"recorder_version":"31","session":"b663918f349a","build":"193.5662.53","bucket":"159","time":1590175066967,"group":{"id":"settings","version":"4"},"event":{"state":true,"data":{"component":"VcsApplicationSettings","created":1590175066967},"id":"invoked"}}
{"recorder_version":"31","session":"b663918f349a","build":"193.5662.53","bucket":"159","time":1590175066967,"group":{"id":"lifecycle","version":"31"},"event":{"count":1,"data":{"created":1590175066967},"id":"frame.activated"}}
{"recorder_version":"31","session":"b663918f349a","build":"193.5662.53","bucket":"159","time":1590175067016,"group":{"id":"performance","version":"31"},"event":{"count":1,"data":{"duration_ms":420,"created":1590175067016},"id":"ui.latency"}}
{"recorder_version":"31","session":"b663918f349a","build":"193.5662.53","bucket":"159","time":1590175067016,"group":{"id":"performance","version":"31"},"event":{"count":1,"data":{"duration_ms":420,"created":1590175067016},"id":"ui.lagging"}}
{"recorder_version":"31","session":"b663918f349a","build":"193.5662.53","bucket":"159","time":1590175067274,"group":{"id":"ui.dialogs","version":"31"},"event":{"count":1,"data":{"created":1590175067274,"plugin_type":"PLATFORM","dialog_class":"com.intellij.openapi.progress.util.ProgressDialog$MyDialogWrapper"},"id":"show"}}
{"recorder_version":"31","session":"b663918f349a","build":"193.5662.53","bucket":"159","time":1590175068825,"group":{"id":"lifecycle","version":"31"},"event":{"count":1,"data":{"created":1590175068825,"project":"d119a6d897fcb33934b9adf90ec59bc9e850f90f58367fa567dc99031a6fc921"},"id":"project.opened"}}
{"recorder_version":"31","session":"b663918f349a","build":"193.5662.53","bucket":"159","time":1590175069298,"group":{"id":"performance","version":"31"},"event":{"count":1,"data":{"duration_ms":708,"created":1590175069299},"id":"ui.lagging"}}
{"recorder_version":"31","session":"b663918f349a","build":"193.5662.53","bucket":"159","time":1590175069499,"group":{"id":"toolwindow","version":"31"},"event":{"count":1,"data":{"created":1590175069499,"plugin_type":"PLATFORM","id":"Event_Log"},"id":"activated"}}
{"recorder_version":"31","session":"b663918f349a","build":"193.5662.53","bucket":"159","time":1590175070383,"group":{"id":"performance","version":"31"},"event":{"count":1,"data":{"duration_ms":793,"created":1590175070383},"id":"ui.lagging"}}
{"recorder_version":"31","session":"b663918f349a","build":"193.5662.53","bucket":"159","time":1590175070929,"group":{"id":"performance","version":"31"},"event":{"count":1,"data":{"duration_ms":334,"created":1590175070929},"id":"ui.lagging"}}
{"recorder_version":"31","session":"b663918f349a","build":"193.5662.53","bucket":"159","time":1590175071589,"group":{"id":"indexing","version":"2"},"event":{"count":1,"data":{"ide_activity_id":1,"created":1590175071589,"project":"d119a6d897fcb33934b9adf90ec59bc9e850f90f58367fa567dc99031a6fc921"},"id":"started"}}
{"recorder_version":"31","session":"b663918f349a","build":"193.5662.53","bucket":"159","time":1590175071656,"group":{"id":"project.fs","version":"1"},"event":{"state":true,"data":{"os":"Mac","cs-project":false,"created":1590175071656,"project":"d119a6d897fcb33934b9adf90ec59bc9e850f90f58367fa567dc99031a6fc921","cs-implicit":true,"cs-system":false},"id":"case-sensitivity"}}
{"recorder_version":"31","session":"b663918f349a","build":"193.5662.53","bucket":"159","time":1590175071656,"group":{"id":"project.fs","version":"1"},"event":{"state":true,"data":{"created":1590175071657},"id":"invoked"}}
{"recorder_version":"31","session":"b663918f349a","build":"193.5662.53","bucket":"159","time":1590175071657,"group":{"id":"project.fs","version":"1"},"event":{"state":true,"data":{"pct-non-watched":0,"created":1590175071657,"project":"d119a6d897fcb33934b9adf90ec59bc9e850f90f58367fa567dc99031a6fc921"},"id":"roots-watched"}}
{"recorder_version":"31","session":"b663918f349a","build":"193.5662.53","bucket":"159","time":1590175071657,"group":{"id":"project.fs","version":"1"},"event":{"state":true,"data":{"created":1590175071657},"id":"invoked"}}
{"recorder_version":"31","session":"b663918f349a","build":"193.5662.53","bucket":"159","time":1590175071772,"group":{"id":"indexing","version":"2"},"event":{"count":1,"data":{"ide_activity_id":1,"stage_class":"com.intellij.util.indexing.UnindexedFilesUpdater","created":1590175071773,"plugin_type":"PLATFORM"},"id":"stage"}}
{"recorder_version":"31","session":"b663918f349a","build":"193.5662.53","bucket":"159","time":1590175071774,"group":{"id":"performance","version":"31"},"event":{"count":1,"data":{"duration_ms":176,"created":1590175071774},"id":"ui.lagging"}}
{"recorder_version":"31","session":"b663918f349a","build":"193.5662.53","bucket":"159","time":1590175071777,"group":{"id":"ui.dialogs","version":"31"},"event":{"count":1,"data":{"code":1,"created":1590175071778,"plugin_type":"PLATFORM","dialog_class":"com.intellij.openapi.progress.util.ProgressDialog$MyDialogWrapper"},"id":"close"}}
{"recorder_version":"31","session":"b663918f349a","build":"193.5662.53","bucket":"159","time":1590175071968,"group":{"id":"lifecycle","version":"31"},"event":{"count":1,"data":{"duration_ms":5798,"created":1590175071968,"project":"d119a6d897fcb33934b9adf90ec59bc9e850f90f58367fa567dc99031a6fc921"},"id":"project.opening.finished"}}
{"recorder_version":"31","session":"b663918f349a","build":"193.5662.53","bucket":"159","time":1590175074940,"group":{"id":"indexing","version":"2"},"event":{"count":1,"data":{"duration_ms":3351,"ide_activity_id":1,"created":1590175074941},"id":"finished"}}
{"recorder_version":"31","session":"b663918f349a","build":"193.5662.53","bucket":"159","time":1590175075050,"group":{"id":"indexing","version":"2"},"event":{"count":1,"data":{"ide_activity_id":2,"created":1590175075050,"project":"d119a6d897fcb33934b9adf90ec59bc9e850f90f58367fa567dc99031a6fc921"},"id":"started"}}
{"recorder_version":"31","session":"b663918f349a","build":"193.5662.53","bucket":"159","time":1590175075075,"group":{"id":"indexing","version":"2"},"event":{"count":1,"data":{"ide_activity_id":2,"plugin":"org.jetbrains.android","stage_class":"com.android.tools.idea.res.ResourceFolderRepositoryFileCacheImpl$PruneTask","created":1590175075076,"plugin_type":"JB_BUNDLED"},"id":"stage"}}
{"recorder_version":"31","session":"b663918f349a","build":"193.5662.53","bucket":"159","time":1590175075118,"group":{"id":"indexing","version":"2"},"event":{"count":1,"data":{"ide_activity_id":2,"plugin":"org.jetbrains.android","stage_class":"com.android.tools.idea.res.ResourceFolderRepositoryFileCacheImpl$ManageLruProjectFilesTask","created":1590175075119,"plugin_type":"JB_BUNDLED"},"id":"stage"}}
{"recorder_version":"31","session":"b663918f349a","build":"193.5662.53","bucket":"159","time":1590175075154,"group":{"id":"indexing","version":"2"},"event":{"count":1,"data":{"duration_ms":104,"ide_activity_id":2,"created":1590175075154},"id":"finished"}}
{"recorder_version":"31","session":"b663918f349a","build":"193.5662.53","bucket":"159","time":1590175075168,"group":{"id":"indexing","version":"2"},"event":{"count":1,"data":{"ide_activity_id":3,"created":1590175075168,"project":"d119a6d897fcb33934b9adf90ec59bc9e850f90f58367fa567dc99031a6fc921"},"id":"started"}}
{"recorder_version":"31","session":"b663918f349a","build":"193.5662.53","bucket":"159","time":1590175075173,"group":{"id":"indexing","version":"2"},"event":{"count":1,"data":{"ide_activity_id":3,"plugin":"org.jetbrains.android","stage_class":"com.android.tools.idea.res.ResourceFolderRegistry$PopulateCachesTask","created":1590175075174,"plugin_type":"JB_BUNDLED"},"id":"stage"}}
{"recorder_version":"31","session":"b663918f349a","build":"193.5662.53","bucket":"159","time":1590175075187,"group":{"id":"indexing","version":"2"},"event":{"count":1,"data":{"duration_ms":19,"ide_activity_id":3,"created":1590175075187},"id":"finished"}}
{"recorder_version":"31","session":"b663918f349a","build":"193.5662.53","bucket":"159","time":1590175076785,"group":{"id":"startup","version":"1"},"event":{"count":1,"data":{"duration":1574,"created":1590175076785},"id":"appInit"}}
{"recorder_version":"31","session":"b663918f349a","build":"193.5662.53","bucket":"159","time":1590175076785,"group":{"id":"startup","version":"1"},"event":{"count":1,"data":{"duration":324,"created":1590175076785},"id":"splash"}}
{"recorder_version":"31","session":"b663918f349a","build":"193.5662.53","bucket":"159","time":1590175076785,"group":{"id":"startup","version":"1"},"event":{"count":1,"data":{"duration":335,"created":1590175076785},"id":"bootstrap"}}
{"recorder_version":"31","session":"b663918f349a","build":"193.5662.53","bucket":"159","time":1590175076785,"group":{"id":"startup","version":"1"},"event":{"count":1,"data":{"duration":8753,"created":1590175076786},"id":"totalDuration"}}
{"recorder_version":"31","session":"b663918f349a","build":"193.5662.53","bucket":"159","time":1590175079032,"group":{"id":"actions","version":"31"},"event":{"count":1,"data":{"context_menu":true,"action_id":"third.party","created":1590175079032,"plugin_type":"NOT_LISTED","project":"d119a6d897fcb33934b9adf90ec59bc9e850f90f58367fa567dc99031a6fc921","place":"MainMenu","class":"third.party","input_event":"NoMouseButton"},"id":"action.invoked"}}
{"recorder_version":"31","session":"b663918f349a","build":"193.5662.53","bucket":"159","time":1590175087504,"group":{"id":"lifecycle","version":"31"},"event":{"count":1,"data":{"error_hash":-317511506,"created":1590175087505,"plugin_type":"NOT_LISTED","error_frames":["third.party","java.util.TimerThread.mainLoop","java.util.TimerThread.run"],"error":"java.lang.NullPointerException","error_size":3},"id":"ide.error"}}
{"recorder_version":"31","session":"b663918f349a","build":"193.5662.53","bucket":"159","time":1590175088708,"group":{"id":"lifecycle","version":"31"},"event":{"count":2,"data":{"last":1590175088917,"error_hash":-317511506,"created":1590175088708,"plugin_type":"NOT_LISTED","error":"java.lang.NullPointerException"},"id":"ide.error"}}
{"recorder_version":"31","session":"b663918f349a","build":"193.5662.53","bucket":"159","time":1590175090667,"group":{"id":"ui.dialogs","version":"31"},"event":{"count":1,"data":{"created":1590175090667,"plugin_type":"PLATFORM","dialog_class":"com.intellij.diagnostic.IdeMessagePanel$3"},"id":"show"}}
