{"recorder_version":"31","session":"81391d8e6f76","build":"193.5662.53","bucket":"159","time":1590252506370,"group":{"id":"settings","version":"4"},"event":{"state":true,"data":{"component":"NotRoamableUiSettings","created":1590252507177},"id":"invoked"}}
{"recorder_version":"31","session":"81391d8e6f76","build":"193.5662.53","bucket":"159","time":1590252506372,"group":{"id":"settings","version":"4"},"event":{"state":true,"data":{"component":"UISettings","created":1590252507186},"id":"invoked"}}
{"recorder_version":"31","session":"81391d8e6f76","build":"193.5662.53","bucket":"159","time":1590252506405,"group":{"id":"system.java","version":"1"},"event":{"state":true,"data":{"created":1590252507205,"version":"validation.undefined_rule"},"id":"validation.undefined_rule"}}
{"recorder_version":"31","session":"81391d8e6f76","build":"193.5662.53","bucket":"159","time":1590252506405,"group":{"id":"system.java","version":"1"},"event":{"state":true,"data":{"created":1590252507206},"id":"invoked"}}
{"recorder_version":"31","session":"81391d8e6f76","build":"193.5662.53","bucket":"159","time":1590252506450,"group":{"id":"system.os","version":"3"},"event":{"state":true,"data":{"created":1590252507207,"version":"10.15"},"id":"Mac"}}
{"recorder_version":"31","session":"81391d8e6f76","build":"193.5662.53","bucket":"159","time":1590252506450,"group":{"id":"system.os","version":"3"},"event":{"state":true,"data":{"created":1590252507208,"name":"Mac","version":"10.15"},"id":"os.name"}}
{"recorder_version":"31","session":"81391d8e6f76","build":"193.5662.53","bucket":"159","time":1590252506450,"group":{"id":"system.os","version":"3"},"event":{"state":true,"data":{"created":1590252507209,"value":"+02_00"},"id":"os.timezone"}}
{"recorder_version":"31","session":"81391d8e6f76","build":"193.5662.53","bucket":"159","time":1590252506450,"group":{"id":"system.os","version":"3"},"event":{"state":true,"data":{"created":1590252507209},"id":"invoked"}}
{"recorder_version":"31","session":"81391d8e6f76","build":"193.5662.53","bucket":"159","time":1590252506718,"group":{"id":"settings","version":"4"},"event":{"state":true,"data":{"component":"UpdatesConfigurable","created":1590252507210,"name":"checkNeeded","type":"bool","value":false},"id":"not.default"}}
{"recorder_version":"31","session":"81391d8e6f76","build":"193.5662.53","bucket":"159","time":1590252506718,"group":{"id":"settings","version":"4"},"event":{"state":true,"data":{"component":"UpdatesConfigurable","created":1590252507210},"id":"invoked"}}
{"recorder_version":"31","session":"81391d8e6f76","build":"193.5662.53","bucket":"159","time":1590252506999,"group":{"id":"event.log","version":"31"},"event":{"count":1,"data":{"created":1590252507211,"version":"1268.0"},"id":"whitelist.loaded"}}
{"recorder_version":"31","session":"81391d8e6f76","build":"193.5662.53","bucket":"159","time":1590252507129,"group":{"id":"settings","version":"4"},"event":{"state":true,"data":{"component":"GeneralSettings","created":1590252507217,"name":"showTipsOnStartup","type":"bool","value":false},"id":"not.default"}}
{"recorder_version":"31","session":"81391d8e6f76","build":"193.5662.53","bucket":"159","time":1590252507129,"group":{"id":"settings","version":"4"},"event":{"state":true,"data":{"component":"GeneralSettings","created":1590252507220},"id":"invoked"}}
{"recorder_version":"31","session":"81391d8e6f76","build":"193.5662.53","bucket":"159","time":1590252507196,"group":{"id":"lifecycle","version":"31"},"event":{"count":1,"data":{"internal":true,"eap":false,"created":1590252507220},"id":"ide.start"}}
{"recorder_version":"31","session":"81391d8e6f76","build":"193.5662.53","bucket":"159","time":1590252507384,"group":{"id":"settings","version":"4"},"event":{"state":true,"data":{"component":"XmlEditorOptions","created":1590252507385},"id":"invoked"}}
{"recorder_version":"31","session":"81391d8e6f76","build":"193.5662.53","bucket":"159","time":1590252507416,"group":{"id":"performance","version":"31"},"event":{"count":1,"data":{"duration_ms":251,"created":1590252507416},"id":"ui.latency"}}
{"recorder_version":"31","session":"81391d8e6f76","build":"193.5662.53","bucket":"159","time":1590252507416,"group":{"id":"performance","version":"31"},"event":{"count":1,"data":{"duration_ms":251,"created":1590252507417},"id":"ui.lagging"}}
{"recorder_version":"31","session":"81391d8e6f76","build":"193.5662.53","bucket":"159","time":1590252509718,"group":{"id":"performance","version":"31"},"event":{"count":1,"data":{"duration_ms":1560,"created":1590252509718},"id":"ui.lagging"}}
{"recorder_version":"31","session":"81391d8e6f76","build":"193.5662.53","bucket":"159","time":1590252509719,"group":{"id":"performance","version":"31"},"event":{"count":1,"data":{"duration_ms":558,"created":1590252509719},"id":"ui.lagging"}}
{"recorder_version":"31","session":"81391d8e6f76","build":"193.5662.53","bucket":"159","time":1590252510093,"group":{"id":"ui.dialogs","version":"31"},"event":{"count":1,"data":{"created":1590252510094,"plugin_type":"PLATFORM","dialog_class":"com.intellij.openapi.progress.util.ProgressDialog$MyDialogWrapper"},"id":"show"}}
{"recorder_version":"31","session":"81391d8e6f76","build":"193.5662.53","bucket":"159","time":1590252510307,"group":{"id":"settings","version":"4"},"event":{"state":true,"data":{"component":"VcsApplicationSettings","created":1590252510307},"id":"invoked"}}
{"recorder_version":"31","session":"81391d8e6f76","build":"193.5662.53","bucket":"159","time":1590252510355,"group":{"id":"performance","version":"31"},"event":{"count":1,"data":{"duration_ms":192,"created":1590252510355},"id":"ui.lagging"}}
{"recorder_version":"31","session":"81391d8e6f76","build":"193.5662.53","bucket":"159","time":1590252512992,"group":{"id":"lifecycle","version":"31"},"event":{"count":1,"data":{"created":1590252512992,"project":"d119a6d897fcb33934b9adf90ec59bc9e850f90f58367fa567dc99031a6fc921"},"id":"project.opened"}}
{"recorder_version":"31","session":"81391d8e6f76","build":"193.5662.53","bucket":"159","time":1590252514013,"group":{"id":"performance","version":"31"},"event":{"count":1,"data":{"duration_ms":848,"created":1590252514013},"id":"ui.lagging"}}
{"recorder_version":"31","session":"81391d8e6f76","build":"193.5662.53","bucket":"159","time":1590252514048,"group":{"id":"toolwindow","version":"31"},"event":{"count":1,"data":{"created":1590252514048,"plugin_type":"PLATFORM","id":"Event_Log"},"id":"activated"}}
{"recorder_version":"31","session":"81391d8e6f76","build":"193.5662.53","bucket":"159","time":1590252515460,"group":{"id":"performance","version":"31"},"event":{"count":1,"data":{"duration_ms":1293,"created":1590252515460},"id":"ui.lagging"}}
{"recorder_version":"31","session":"81391d8e6f76","build":"193.5662.53","bucket":"159","time":1590252515462,"group":{"id":"performance","version":"31"},"event":{"count":1,"data":{"duration_ms":292,"created":1590252515462},"id":"ui.lagging"}}
{"recorder_version":"31","session":"81391d8e6f76","build":"193.5662.53","bucket":"159","time":1590252516570,"group":{"id":"project.fs","version":"1"},"event":{"state":true,"data":{"os":"Mac","cs-project":false,"created":1590252516570,"project":"d119a6d897fcb33934b9adf90ec59bc9e850f90f58367fa567dc99031a6fc921","cs-implicit":true,"cs-system":false},"id":"case-sensitivity"}}
{"recorder_version":"31","session":"81391d8e6f76","build":"193.5662.53","bucket":"159","time":1590252516570,"group":{"id":"project.fs","version":"1"},"event":{"state":true,"data":{"created":1590252516571},"id":"invoked"}}
{"recorder_version":"31","session":"81391d8e6f76","build":"193.5662.53","bucket":"159","time":1590252516571,"group":{"id":"project.fs","version":"1"},"event":{"state":true,"data":{"pct-non-watched":0,"created":1590252516571,"project":"d119a6d897fcb33934b9adf90ec59bc9e850f90f58367fa567dc99031a6fc921"},"id":"roots-watched"}}
{"recorder_version":"31","session":"81391d8e6f76","build":"193.5662.53","bucket":"159","time":1590252516571,"group":{"id":"project.fs","version":"1"},"event":{"state":true,"data":{"created":1590252516572},"id":"invoked"}}
{"recorder_version":"31","session":"81391d8e6f76","build":"193.5662.53","bucket":"159","time":1590252516662,"group":{"id":"ui.dialogs","version":"31"},"event":{"count":1,"data":{"code":1,"created":1590252516663,"plugin_type":"PLATFORM","dialog_class":"com.intellij.openapi.progress.util.ProgressDialog$MyDialogWrapper"},"id":"close"}}
{"recorder_version":"31","session":"81391d8e6f76","build":"193.5662.53","bucket":"159","time":1590252516789,"group":{"id":"indexing","version":"2"},"event":{"count":1,"data":{"ide_activity_id":1,"created":1590252516789,"project":"d119a6d897fcb33934b9adf90ec59bc9e850f90f58367fa567dc99031a6fc921"},"id":"started"}}
{"recorder_version":"31","session":"81391d8e6f76","build":"193.5662.53","bucket":"159","time":1590252516848,"group":{"id":"indexing","version":"2"},"event":{"count":1,"data":{"ide_activity_id":1,"stage_class":"com.intellij.util.indexing.UnindexedFilesUpdater","created":1590252516848,"plugin_type":"PLATFORM"},"id":"stage"}}
{"recorder_version":"31","session":"81391d8e6f76","build":"193.5662.53","bucket":"159","time":1590252516922,"group":{"id":"lifecycle","version":"31"},"event":{"count":1,"data":{"duration_ms":9453,"created":1590252516922,"project":"d119a6d897fcb33934b9adf90ec59bc9e850f90f58367fa567dc99031a6fc921"},"id":"project.opening.finished"}}
{"recorder_version":"31","session":"81391d8e6f76","build":"193.5662.53","bucket":"159","time":1590252519854,"group":{"id":"indexing","version":"2"},"event":{"count":1,"data":{"duration_ms":3065,"ide_activity_id":1,"created":1590252519855},"id":"finished"}}
{"recorder_version":"31","session":"81391d8e6f76","build":"193.5662.53","bucket":"159","time":1590252519966,"group":{"id":"indexing","version":"2"},"event":{"count":1,"data":{"ide_activity_id":2,"created":1590252519966,"project":"d119a6d897fcb33934b9adf90ec59bc9e850f90f58367fa567dc99031a6fc921"},"id":"started"}}
{"recorder_version":"31","session":"81391d8e6f76","build":"193.5662.53","bucket":"159","time":1590252519984,"group":{"id":"indexing","version":"2"},"event":{"count":1,"data":{"ide_activity_id":2,"plugin":"org.jetbrains.android","stage_class":"com.android.tools.idea.res.ResourceFolderRepositoryFileCacheImpl$PruneTask","created":1590252519985,"plugin_type":"JB_BUNDLED"},"id":"stage"}}
{"recorder_version":"31","session":"81391d8e6f76","build":"193.5662.53","bucket":"159","time":1590252520040,"group":{"id":"indexing","version":"2"},"event":{"count":1,"data":{"ide_activity_id":2,"plugin":"org.jetbrains.android","stage_class":"com.android.tools.idea.res.ResourceFolderRepositoryFileCacheImpl$ManageLruProjectFilesTask","created":1590252520040,"plugin_type":"JB_BUNDLED"},"id":"stage"}}
{"recorder_version":"31","session":"81391d8e6f76","build":"193.5662.53","bucket":"159","time":1590252520069,"group":{"id":"indexing","version":"2"},"event":{"count":1,"data":{"duration_ms":103,"ide_activity_id":2,"created":1590252520069},"id":"finished"}}
{"recorder_version":"31","session":"81391d8e6f76","build":"193.5662.53","bucket":"159","time":1590252520085,"group":{"id":"indexing","version":"2"},"event":{"count":1,"data":{"ide_activity_id":3,"created":1590252520085,"project":"d119a6d897fcb33934b9adf90ec59bc9e850f90f58367fa567dc99031a6fc921"},"id":"started"}}
{"recorder_version":"31","session":"81391d8e6f76","build":"193.5662.53","bucket":"159","time":1590252520087,"group":{"id":"indexing","version":"2"},"event":{"count":1,"data":{"ide_activity_id":3,"plugin":"org.jetbrains.android","stage_class":"com.android.tools.idea.res.ResourceFolderRegistry$PopulateCachesTask","created":1590252520088,"plugin_type":"JB_BUNDLED"},"id":"stage"}}
{"recorder_version":"31","session":"81391d8e6f76","build":"193.5662.53","bucket":"159","time":1590252520090,"group":{"id":"indexing","version":"2"},"event":{"count":1,"data":{"duration_ms":5,"ide_activity_id":3,"created":1590252520090},"id":"finished"}}
{"recorder_version":"31","session":"81391d8e6f76","build":"193.5662.53","bucket":"159","time":1590252520476,"group":{"id":"performance","version":"31"},"event":{"count":1,"data":{"duration_ms":298,"created":1590252520477},"id":"ui.lagging"}}
{"recorder_version":"31","session":"81391d8e6f76","build":"193.5662.53","bucket":"159","time":1590252521668,"group":{"id":"startup","version":"1"},"event":{"count":1,"data":{"duration":4227,"created":1590252521668},"id":"appInit"}}
{"recorder_version":"31","session":"81391d8e6f76","build":"193.5662.53","bucket":"159","time":1590252521668,"group":{"id":"startup","version":"1"},"event":{"count":1,"data":{"duration":937,"created":1590252521669},"id":"splash"}}
{"recorder_version":"31","session":"81391d8e6f76","build":"193.5662.53","bucket":"159","time":1590252521668,"group":{"id":"startup","version":"1"},"event":{"count":1,"data":{"duration":1076,"created":1590252521669},"id":"bootstrap"}}
{"recorder_version":"31","session":"81391d8e6f76","build":"193.5662.53","bucket":"159","time":1590252521668,"group":{"id":"startup","version":"1"},"event":{"count":1,"data":{"duration":16663,"created":1590252521669},"id":"totalDuration"}}
{"recorder_version":"31","session":"81391d8e6f76","build":"193.5662.53","bucket":"159","time":1590252523536,"group":{"id":"lifecycle","version":"31"},"event":{"count":1,"data":{"created":1590252523536,"project":"d119a6d897fcb33934b9adf90ec59bc9e850f90f58367fa567dc99031a6fc921"},"id":"frame.activated"}}
{"recorder_version":"31","session":"81391d8e6f76","build":"193.5662.53","bucket":"159","time":1590252526770,"group":{"id":"actions","version":"31"},"event":{"count":1,"data":{"context_menu":true,"action_id":"third.party","created":1590252526771,"plugin_type":"NOT_LISTED","project":"d119a6d897fcb33934b9adf90ec59bc9e850f90f58367fa567dc99031a6fc921","place":"MainMenu","class":"third.party","input_event":"NoMouseButton"},"id":"action.invoked"}}
