{"recorder_version":"31","session":"04eb8586e768","build":"193.5662.53","bucket":"159","time":1590245556537,"group":{"id":"settings","version":"4"},"event":{"state":true,"data":{"component":"NotRoamableUiSettings","created":1590245556915},"id":"invoked"}}
{"recorder_version":"31","session":"04eb8586e768","build":"193.5662.53","bucket":"159","time":1590245556543,"group":{"id":"settings","version":"4"},"event":{"state":true,"data":{"component":"UISettings","created":1590245556917},"id":"invoked"}}
{"recorder_version":"31","session":"04eb8586e768","build":"193.5662.53","bucket":"159","time":1590245556556,"group":{"id":"system.java","version":"1"},"event":{"state":true,"data":{"created":1590245556934,"version":"validation.undefined_rule"},"id":"validation.undefined_rule"}}
{"recorder_version":"31","session":"04eb8586e768","build":"193.5662.53","bucket":"159","time":1590245556556,"group":{"id":"system.java","version":"1"},"event":{"state":true,"data":{"created":1590245556935},"id":"invoked"}}
{"recorder_version":"31","session":"04eb8586e768","build":"193.5662.53","bucket":"159","time":1590245556597,"group":{"id":"system.os","version":"3"},"event":{"state":true,"data":{"created":1590245556936,"version":"10.15"},"id":"Mac"}}
{"recorder_version":"31","session":"04eb8586e768","build":"193.5662.53","bucket":"159","time":1590245556597,"group":{"id":"system.os","version":"3"},"event":{"state":true,"data":{"created":1590245556936,"name":"Mac","version":"10.15"},"id":"os.name"}}
{"recorder_version":"31","session":"04eb8586e768","build":"193.5662.53","bucket":"159","time":1590245556597,"group":{"id":"system.os","version":"3"},"event":{"state":true,"data":{"created":1590245556938,"value":"+02_00"},"id":"os.timezone"}}
{"recorder_version":"31","session":"04eb8586e768","build":"193.5662.53","bucket":"159","time":1590245556597,"group":{"id":"system.os","version":"3"},"event":{"state":true,"data":{"created":1590245556938},"id":"invoked"}}
{"recorder_version":"31","session":"04eb8586e768","build":"193.5662.53","bucket":"159","time":1590245556778,"group":{"id":"settings","version":"4"},"event":{"state":true,"data":{"component":"UpdatesConfigurable","created":1590245556939,"name":"checkNeeded","type":"bool","value":false},"id":"not.default"}}
{"recorder_version":"31","session":"04eb8586e768","build":"193.5662.53","bucket":"159","time":1590245556778,"group":{"id":"settings","version":"4"},"event":{"state":true,"data":{"component":"UpdatesConfigurable","created":1590245556940},"id":"invoked"}}
{"recorder_version":"31","session":"04eb8586e768","build":"193.5662.53","bucket":"159","time":1590245556881,"group":{"id":"event.log","version":"31"},"event":{"count":1,"data":{"created":1590245556942,"version":"1268.0"},"id":"whitelist.loaded"}}
{"recorder_version":"31","session":"04eb8586e768","build":"193.5662.53","bucket":"159","time":1590245556982,"group":{"id":"settings","version":"4"},"event":{"state":true,"data":{"component":"GeneralSettings","created":1590245556983,"name":"showTipsOnStartup","type":"bool","value":false},"id":"not.default"}}
{"recorder_version":"31","session":"04eb8586e768","build":"193.5662.53","bucket":"159","time":1590245556983,"group":{"id":"settings","version":"4"},"event":{"state":true,"data":{"component":"GeneralSettings","created":1590245556984},"id":"invoked"}}
{"recorder_version":"31","session":"04eb8586e768","build":"193.5662.53","bucket":"159","time":1590245557026,"group":{"id":"lifecycle","version":"31"},"event":{"count":1,"data":{"internal":true,"eap":false,"created":1590245557027},"id":"ide.start"}}
{"recorder_version":"31","session":"04eb8586e768","build":"193.5662.53","bucket":"159","time":1590245557126,"group":{"id":"settings","version":"4"},"event":{"state":true,"data":{"component":"XmlEditorOptions","created":1590245557126},"id":"invoked"}}
{"recorder_version":"31","session":"04eb8586e768","build":"193.5662.53","bucket":"159","time":1590245558199,"group":{"id":"performance","version":"31"},"event":{"count":1,"data":{"duration_ms":849,"created":1590245558199},"id":"ui.latency"}}
{"recorder_version":"31","session":"04eb8586e768","build":"193.5662.53","bucket":"159","time":1590245558199,"group":{"id":"performance","version":"31"},"event":{"count":1,"data":{"duration_ms":849,"created":1590245558200},"id":"ui.lagging"}}
{"recorder_version":"31","session":"04eb8586e768","build":"193.5662.53","bucket":"159","time":1590245558326,"group":{"id":"ui.dialogs","version":"31"},"event":{"count":1,"data":{"created":1590245558326,"plugin_type":"PLATFORM","dialog_class":"com.intellij.openapi.progress.util.ProgressDialog$MyDialogWrapper"},"id":"show"}}
{"recorder_version":"31","session":"04eb8586e768","build":"193.5662.53","bucket":"159","time":1590245558432,"group":{"id":"settings","version":"4"},"event":{"state":true,"data":{"component":"VcsApplicationSettings","created":1590245558433},"id":"invoked"}}
{"recorder_version":"31","session":"04eb8586e768","build":"193.5662.53","bucket":"159","time":1590245558535,"group":{"id":"performance","version":"31"},"event":{"count":1,"data":{"duration_ms":190,"created":1590245558535},"id":"ui.lagging"}}
{"recorder_version":"31","session":"04eb8586e768","build":"193.5662.53","bucket":"159","time":1590245560424,"group":{"id":"lifecycle","version":"31"},"event":{"count":1,"data":{"created":1590245560424,"project":"d119a6d897fcb33934b9adf90ec59bc9e850f90f58367fa567dc99031a6fc921"},"id":"project.opened"}}
{"recorder_version":"31","session":"04eb8586e768","build":"193.5662.53","bucket":"159","time":1590245561040,"group":{"id":"performance","version":"31"},"event":{"count":1,"data":{"duration_ms":692,"created":1590245561040},"id":"ui.lagging"}}
{"recorder_version":"31","session":"04eb8586e768","build":"193.5662.53","bucket":"159","time":1590245561106,"group":{"id":"toolwindow","version":"31"},"event":{"count":1,"data":{"created":1590245561107,"plugin_type":"PLATFORM","id":"Event_Log"},"id":"activated"}}
{"recorder_version":"31","session":"04eb8586e768","build":"193.5662.53","bucket":"159","time":1590245562087,"group":{"id":"performance","version":"31"},"event":{"count":1,"data":{"duration_ms":739,"created":1590245562087},"id":"ui.lagging"}}
{"recorder_version":"31","session":"04eb8586e768","build":"193.5662.53","bucket":"159","time":1590245562800,"group":{"id":"performance","version":"31"},"event":{"count":1,"data":{"duration_ms":451,"created":1590245562800},"id":"ui.lagging"}}
{"recorder_version":"31","session":"04eb8586e768","build":"193.5662.53","bucket":"159","time":1590245563039,"group":{"id":"project.fs","version":"1"},"event":{"state":true,"data":{"os":"Mac","cs-project":false,"created":1590245563039,"project":"d119a6d897fcb33934b9adf90ec59bc9e850f90f58367fa567dc99031a6fc921","cs-implicit":true,"cs-system":false},"id":"case-sensitivity"}}
{"recorder_version":"31","session":"04eb8586e768","build":"193.5662.53","bucket":"159","time":1590245563039,"group":{"id":"project.fs","version":"1"},"event":{"state":true,"data":{"created":1590245563040},"id":"invoked"}}
{"recorder_version":"31","session":"04eb8586e768","build":"193.5662.53","bucket":"159","time":1590245563040,"group":{"id":"project.fs","version":"1"},"event":{"state":true,"data":{"pct-non-watched":0,"created":1590245563040,"project":"d119a6d897fcb33934b9adf90ec59bc9e850f90f58367fa567dc99031a6fc921"},"id":"roots-watched"}}
{"recorder_version":"31","session":"04eb8586e768","build":"193.5662.53","bucket":"159","time":1590245563040,"group":{"id":"project.fs","version":"1"},"event":{"state":true,"data":{"created":1590245563040},"id":"invoked"}}
{"recorder_version":"31","session":"04eb8586e768","build":"193.5662.53","bucket":"159","time":1590245563101,"group":{"id":"ui.dialogs","version":"31"},"event":{"count":1,"data":{"code":1,"created":1590245563101,"plugin_type":"PLATFORM","dialog_class":"com.intellij.openapi.progress.util.ProgressDialog$MyDialogWrapper"},"id":"close"}}
{"recorder_version":"31","session":"04eb8586e768","build":"193.5662.53","bucket":"159","time":1590245563258,"group":{"id":"indexing","version":"2"},"event":{"count":1,"data":{"ide_activity_id":1,"created":1590245563259,"project":"d119a6d897fcb33934b9adf90ec59bc9e850f90f58367fa567dc99031a6fc921"},"id":"started"}}
{"recorder_version":"31","session":"04eb8586e768","build":"193.5662.53","bucket":"159","time":1590245563339,"group":{"id":"indexing","version":"2"},"event":{"count":1,"data":{"ide_activity_id":1,"stage_class":"com.intellij.util.indexing.UnindexedFilesUpdater","created":1590245563339,"plugin_type":"PLATFORM"},"id":"stage"}}
{"recorder_version":"31","session":"04eb8586e768","build":"193.5662.53","bucket":"159","time":1590245563352,"group":{"id":"lifecycle","version":"31"},"event":{"count":1,"data":{"duration_ms":6224,"created":1590245563352,"project":"d119a6d897fcb33934b9adf90ec59bc9e850f90f58367fa567dc99031a6fc921"},"id":"project.opening.finished"}}
{"recorder_version":"31","session":"04eb8586e768","build":"193.5662.53","bucket":"159","time":1590245566344,"group":{"id":"indexing","version":"2"},"event":{"count":1,"data":{"duration_ms":3086,"ide_activity_id":1,"created":1590245566345},"id":"finished"}}
{"recorder_version":"31","session":"04eb8586e768","build":"193.5662.53","bucket":"159","time":1590245566464,"group":{"id":"indexing","version":"2"},"event":{"count":1,"data":{"ide_activity_id":2,"created":1590245566466,"project":"d119a6d897fcb33934b9adf90ec59bc9e850f90f58367fa567dc99031a6fc921"},"id":"started"}}
{"recorder_version":"31","session":"04eb8586e768","build":"193.5662.53","bucket":"159","time":1590245566480,"group":{"id":"indexing","version":"2"},"event":{"count":1,"data":{"ide_activity_id":2,"plugin":"org.jetbrains.android","stage_class":"com.android.tools.idea.res.ResourceFolderRepositoryFileCacheImpl$PruneTask","created":1590245566481,"plugin_type":"JB_BUNDLED"},"id":"stage"}}
{"recorder_version":"31","session":"04eb8586e768","build":"193.5662.53","bucket":"159","time":1590245566514,"group":{"id":"indexing","version":"2"},"event":{"count":1,"data":{"ide_activity_id":2,"plugin":"org.jetbrains.android","stage_class":"com.android.tools.idea.res.ResourceFolderRepositoryFileCacheImpl$ManageLruProjectFilesTask","created":1590245566515,"plugin_type":"JB_BUNDLED"},"id":"stage"}}
{"recorder_version":"31","session":"04eb8586e768","build":"193.5662.53","bucket":"159","time":1590245566556,"group":{"id":"indexing","version":"2"},"event":{"count":1,"data":{"duration_ms":92,"ide_activity_id":2,"created":1590245566557},"id":"finished"}}
{"recorder_version":"31","session":"04eb8586e768","build":"193.5662.53","bucket":"159","time":1590245566574,"group":{"id":"indexing","version":"2"},"event":{"count":1,"data":{"ide_activity_id":3,"created":1590245566574,"project":"d119a6d897fcb33934b9adf90ec59bc9e850f90f58367fa567dc99031a6fc921"},"id":"started"}}
{"recorder_version":"31","session":"04eb8586e768","build":"193.5662.53","bucket":"159","time":1590245566589,"group":{"id":"indexing","version":"2"},"event":{"count":1,"data":{"ide_activity_id":3,"plugin":"org.jetbrains.android","stage_class":"com.android.tools.idea.res.ResourceFolderRegistry$PopulateCachesTask","created":1590245566590,"plugin_type":"JB_BUNDLED"},"id":"stage"}}
{"recorder_version":"31","session":"04eb8586e768","build":"193.5662.53","bucket":"159","time":1590245566631,"group":{"id":"indexing","version":"2"},"event":{"count":1,"data":{"duration_ms":57,"ide_activity_id":3,"created":1590245566632},"id":"finished"}}
{"recorder_version":"31","session":"04eb8586e768","build":"193.5662.53","bucket":"159","time":1590245568111,"group":{"id":"startup","version":"1"},"event":{"count":1,"data":{"duration":2237,"created":1590245568111},"id":"appInit"}}
{"recorder_version":"31","session":"04eb8586e768","build":"193.5662.53","bucket":"159","time":1590245568111,"group":{"id":"startup","version":"1"},"event":{"count":1,"data":{"duration":407,"created":1590245568111},"id":"splash"}}
{"recorder_version":"31","session":"04eb8586e768","build":"193.5662.53","bucket":"159","time":1590245568111,"group":{"id":"startup","version":"1"},"event":{"count":1,"data":{"duration":466,"created":1590245568111},"id":"bootstrap"}}
{"recorder_version":"31","session":"04eb8586e768","build":"193.5662.53","bucket":"159","time":1590245568111,"group":{"id":"startup","version":"1"},"event":{"count":1,"data":{"duration":10109,"created":1590245568112},"id":"totalDuration"}}
{"recorder_version":"31","session":"04eb8586e768","build":"193.5662.53","bucket":"159","time":1590245568765,"group":{"id":"lifecycle","version":"31"},"event":{"count":1,"data":{"created":1590245568765,"project":"d119a6d897fcb33934b9adf90ec59bc9e850f90f58367fa567dc99031a6fc921"},"id":"frame.activated"}}
{"recorder_version":"31","session":"04eb8586e768","build":"193.5662.53","bucket":"159","time":1590245571399,"group":{"id":"actions","version":"31"},"event":{"count":1,"data":{"context_menu":true,"action_id":"third.party","created":1590245571399,"plugin_type":"NOT_LISTED","project":"d119a6d897fcb33934b9adf90ec59bc9e850f90f58367fa567dc99031a6fc921","place":"MainMenu","class":"third.party","input_event":"NoMouseButton"},"id":"action.invoked"}}
{"recorder_version":"31","session":"04eb8586e768","build":"193.5662.53","bucket":"159","time":1590245574914,"group":{"id":"ui.dialogs","version":"31"},"event":{"count":1,"data":{"created":1590245574914,"plugin_type":"NOT_LISTED","dialog_class":"third.party"},"id":"show"}}
{"recorder_version":"31","session":"04eb8586e768","build":"193.5662.53","bucket":"159","time":1590245594972,"group":{"id":"ui.dialogs","version":"31"},"event":{"count":1,"data":{"code":1,"created":1590245594972,"plugin_type":"NOT_LISTED","dialog_class":"third.party"},"id":"close"}}
{"recorder_version":"31","session":"04eb8586e768","build":"193.5662.53","bucket":"159","time":1590245601169,"group":{"id":"ui.dialogs","version":"31"},"event":{"count":1,"data":{"created":1590245601170,"plugin_type":"NOT_LISTED","dialog_class":"third.party"},"id":"show"}}
{"recorder_version":"31","session":"04eb8586e768","build":"193.5662.53","bucket":"159","time":1590245621173,"group":{"id":"ui.dialogs","version":"31"},"event":{"count":1,"data":{"code":1,"created":1590245621173,"plugin_type":"NOT_LISTED","dialog_class":"third.party"},"id":"close"}}
{"recorder_version":"31","session":"04eb8586e768","build":"193.5662.53","bucket":"159","time":1590245658564,"group":{"id":"performance","version":"31"},"event":{"count":1,"data":{"duration_ms":1,"created":1590245658564},"id":"ui.latency"}}
{"recorder_version":"31","session":"04eb8586e768","build":"193.5662.53","bucket":"159","time":1590245758757,"group":{"id":"performance","version":"31"},"event":{"count":1,"data":{"duration_ms":0,"created":1590245758757},"id":"ui.latency"}}
{"recorder_version":"31","session":"04eb8586e768","build":"193.5662.53","bucket":"159","time":1590245796202,"group":{"id":"lifecycle","version":"31"},"event":{"count":1,"data":{"created":1590245796202,"project":"d119a6d897fcb33934b9adf90ec59bc9e850f90f58367fa567dc99031a6fc921"},"id":"frame.deactivated"}}
{"recorder_version":"31","session":"04eb8586e768","build":"193.5662.53","bucket":"159","time":1590245857031,"group":{"id":"kotlin.ide.j2k","version":"1"},"event":{"count":1,"data":{"created":1590245857031},"id":"registered"}}
{"recorder_version":"31","session":"04eb8586e768","build":"193.5662.53","bucket":"159","time":1590245857031,"group":{"id":"java.find.usages","version":"1"},"event":{"count":1,"data":{"created":1590245857032},"id":"registered"}}
{"recorder_version":"31","session":"04eb8586e768","build":"193.5662.53","bucket":"159","time":1590245857031,"group":{"id":"file.types.usage","version":"31"},"event":{"count":1,"data":{"created":1590245857032},"id":"registered"}}
{"recorder_version":"31","session":"04eb8586e768","build":"193.5662.53","bucket":"159","time":1590245857031,"group":{"id":"ide.script.engine","version":"2"},"event":{"count":1,"data":{"created":1590245857033},"id":"registered"}}
{"recorder_version":"31","session":"04eb8586e768","build":"193.5662.53","bucket":"159","time":1590245857031,"group":{"id":"live.templates","version":"31"},"event":{"count":1,"data":{"created":1590245857033},"id":"registered"}}
{"recorder_version":"31","session":"04eb8586e768","build":"193.5662.53","bucket":"159","time":1590245857031,"group":{"id":"ide.self.update","version":"2"},"event":{"count":1,"data":{"created":1590245857033},"id":"registered"}}
{"recorder_version":"31","session":"04eb8586e768","build":"193.5662.53","bucket":"159","time":1590245857031,"group":{"id":"lifecycle","version":"31"},"event":{"count":1,"data":{"created":1590245857033},"id":"registered"}}
{"recorder_version":"31","session":"04eb8586e768","build":"193.5662.53","bucket":"159","time":1590245857031,"group":{"id":"vcs.diff.trigger","version":"1"},"event":{"count":1,"data":{"created":1590245857033},"id":"registered"}}
{"recorder_version":"31","session":"04eb8586e768","build":"193.5662.53","bucket":"159","time":1590245857031,"group":{"id":"debugger.breakpoints.usage","version":"2"},"event":{"count":1,"data":{"created":1590245857033},"id":"registered"}}
{"recorder_version":"31","session":"04eb8586e768","build":"193.5662.53","bucket":"159","time":1590245857031,"group":{"id":"kotlin.gradle.library","version":"1"},"event":{"count":1,"data":{"created":1590245857033},"id":"registered"}}
{"recorder_version":"31","session":"04eb8586e768","build":"193.5662.53","bucket":"159","time":1590245857031,"group":{"id":"startup","version":"1"},"event":{"count":1,"data":{"created":1590245857033},"id":"registered"}}
{"recorder_version":"31","session":"04eb8586e768","build":"193.5662.53","bucket":"159","time":1590245857031,"group":{"id":"find","version":"2"},"event":{"count":1,"data":{"created":1590245857033},"id":"registered"}}
{"recorder_version":"31","session":"04eb8586e768","build":"193.5662.53","bucket":"159","time":1590245857031,"group":{"id":"kotlin.gradle.target","version":"2"},"event":{"count":1,"data":{"created":1590245857033},"id":"registered"}}
{"recorder_version":"31","session":"04eb8586e768","build":"193.5662.53","bucket":"159","time":1590245857031,"group":{"id":"gutter.icon.click","version":"2"},"event":{"count":1,"data":{"created":1590245857033},"id":"registered"}}
{"recorder_version":"31","session":"04eb8586e768","build":"193.5662.53","bucket":"159","time":1590245857031,"group":{"id":"shell.script","version":"1"},"event":{"count":1,"data":{"created":1590245857033},"id":"registered"}}
{"recorder_version":"31","session":"04eb8586e768","build":"193.5662.53","bucket":"159","time":1590245857031,"group":{"id":"new.project.wizard","version":"1"},"event":{"count":1,"data":{"created":1590245857033},"id":"registered"}}
{"recorder_version":"31","session":"04eb8586e768","build":"193.5662.53","bucket":"159","time":1590245857031,"group":{"id":"kotlin.ide.npwizards","version":"1"},"event":{"count":1,"data":{"created":1590245857033},"id":"registered"}}
{"recorder_version":"31","session":"04eb8586e768","build":"193.5662.53","bucket":"159","time":1590245857031,"group":{"id":"intentions","version":"31"},"event":{"count":1,"data":{"created":1590245857034},"id":"registered"}}
{"recorder_version":"31","session":"04eb8586e768","build":"193.5662.53","bucket":"159","time":1590245857031,"group":{"id":"settings.repository","version":"1"},"event":{"count":1,"data":{"created":1590245857034},"id":"registered"}}
{"recorder_version":"31","session":"04eb8586e768","build":"193.5662.53","bucket":"159","time":1590245857031,"group":{"id":"vcs.change.reminder","version":"2"},"event":{"count":1,"data":{"created":1590245857034},"id":"registered"}}
{"recorder_version":"31","session":"04eb8586e768","build":"193.5662.53","bucket":"159","time":1590245857031,"group":{"id":"create.directory.dialog","version":"1"},"event":{"count":1,"data":{"created":1590245857034},"id":"registered"}}
{"recorder_version":"31","session":"04eb8586e768","build":"193.5662.53","bucket":"159","time":1590245857031,"group":{"id":"kotlin.maven.target","version":"3"},"event":{"count":1,"data":{"created":1590245857034},"id":"registered"}}
{"recorder_version":"31","session":"04eb8586e768","build":"193.5662.53","bucket":"159","time":1590245857031,"group":{"id":"json.schema","version":"1"},"event":{"count":1,"data":{"created":1590245857034},"id":"registered"}}
{"recorder_version":"31","session":"04eb8586e768","build":"193.5662.53","bucket":"159","time":1590245857031,"group":{"id":"terminalShell","version":"1"},"event":{"count":1,"data":{"created":1590245857034},"id":"registered"}}
{"recorder_version":"31","session":"04eb8586e768","build":"193.5662.53","bucket":"159","time":1590245857031,"group":{"id":"rename.refactoring","version":"1"},"event":{"count":1,"data":{"created":1590245857034},"id":"registered"}}
{"recorder_version":"31","session":"04eb8586e768","build":"193.5662.53","bucket":"159","time":1590245857031,"group":{"id":"build.ant.actions","version":"1"},"event":{"count":1,"data":{"created":1590245857034},"id":"registered"}}
{"recorder_version":"31","session":"04eb8586e768","build":"193.5662.53","bucket":"159","time":1590245857031,"group":{"id":"actions","version":"31"},"event":{"count":1,"data":{"created":1590245857034},"id":"registered"}}
{"recorder_version":"31","session":"04eb8586e768","build":"193.5662.53","bucket":"159","time":1590245857031,"group":{"id":"kotlin.ide.editor","version":"1"},"event":{"count":1,"data":{"created":1590245857034},"id":"registered"}}
{"recorder_version":"31","session":"04eb8586e768","build":"193.5662.53","bucket":"159","time":1590245857031,"group":{"id":"event.log","version":"31"},"event":{"count":1,"data":{"created":1590245857034},"id":"registered"}}
{"recorder_version":"31","session":"04eb8586e768","build":"193.5662.53","bucket":"159","time":1590245857031,"group":{"id":"run.configuration.exec","version":"31"},"event":{"count":1,"data":{"created":1590245857034},"id":"registered"}}
{"recorder_version":"31","session":"04eb8586e768","build":"193.5662.53","bucket":"159","time":1590245857031,"group":{"id":"build.tools.actions","version":"1"},"event":{"count":1,"data":{"created":1590245857034},"id":"registered"}}
{"recorder_version":"31","session":"04eb8586e768","build":"193.5662.53","bucket":"159","time":1590245857031,"group":{"id":"file.editor","version":"2"},"event":{"count":1,"data":{"created":1590245857035},"id":"registered"}}
{"recorder_version":"31","session":"04eb8586e768","build":"193.5662.53","bucket":"159","time":1590245857031,"group":{"id":"vfs","version":"2"},"event":{"count":1,"data":{"created":1590245857035},"id":"registered"}}
{"recorder_version":"31","session":"04eb8586e768","build":"193.5662.53","bucket":"159","time":1590245857031,"group":{"id":"project.import","version":"2"},"event":{"count":1,"data":{"created":1590245857035},"id":"registered"}}
{"recorder_version":"31","session":"04eb8586e768","build":"193.5662.53","bucket":"159","time":1590245857031,"group":{"id":"actions.runAnything","version":"1"},"event":{"count":1,"data":{"created":1590245857035},"id":"registered"}}
{"recorder_version":"31","session":"04eb8586e768","build":"193.5662.53","bucket":"159","time":1590245857031,"group":{"id":"toolwindow","version":"31"},"event":{"count":1,"data":{"created":1590245857035},"id":"registered"}}
{"recorder_version":"31","session":"04eb8586e768","build":"193.5662.53","bucket":"159","time":1590245857031,"group":{"id":"kotlin.ide.newFileTempl","version":"1"},"event":{"count":1,"data":{"created":1590245857035},"id":"registered"}}
{"recorder_version":"31","session":"04eb8586e768","build":"193.5662.53","bucket":"159","time":1590245857031,"group":{"id":"ui.settings","version":"31"},"event":{"count":1,"data":{"created":1590245857035},"id":"registered"}}
{"recorder_version":"31","session":"04eb8586e768","build":"193.5662.53","bucket":"159","time":1590245857031,"group":{"id":"vcs.log.trigger","version":"2"},"event":{"count":1,"data":{"created":1590245857035},"id":"registered"}}
{"recorder_version":"31","session":"04eb8586e768","build":"193.5662.53","bucket":"159","time":1590245857031,"group":{"id":"productivity","version":"31"},"event":{"count":1,"data":{"created":1590245857035},"id":"registered"}}
{"recorder_version":"31","session":"04eb8586e768","build":"193.5662.53","bucket":"159","time":1590245857031,"group":{"id":"build.maven.actions","version":"1"},"event":{"count":1,"data":{"created":1590245857035},"id":"registered"}}
{"recorder_version":"31","session":"04eb8586e768","build":"193.5662.53","bucket":"159","time":1590245857031,"group":{"id":"ui.event","version":"3"},"event":{"count":1,"data":{"created":1590245857035},"id":"registered"}}
{"recorder_version":"31","session":"04eb8586e768","build":"193.5662.53","bucket":"159","time":1590245857031,"group":{"id":"plugins.advertiser","version":"1"},"event":{"count":1,"data":{"created":1590245857035},"id":"registered"}}
{"recorder_version":"31","session":"04eb8586e768","build":"193.5662.53","bucket":"159","time":1590245857031,"group":{"id":"editor.notification.panel","version":"1"},"event":{"count":1,"data":{"created":1590245857035},"id":"registered"}}
{"recorder_version":"31","session":"04eb8586e768","build":"193.5662.53","bucket":"159","time":1590245857031,"group":{"id":"kotlin.ide.debugger","version":"2"},"event":{"count":1,"data":{"created":1590245857036},"id":"registered"}}
{"recorder_version":"31","session":"04eb8586e768","build":"193.5662.53","bucket":"159","time":1590245857031,"group":{"id":"tooltip.action.events","version":"1"},"event":{"count":1,"data":{"created":1590245857036},"id":"registered"}}
{"recorder_version":"31","session":"04eb8586e768","build":"193.5662.53","bucket":"159","time":1590245857031,"group":{"id":"completion","version":"1"},"event":{"count":1,"data":{"created":1590245857036},"id":"registered"}}
{"recorder_version":"31","session":"04eb8586e768","build":"193.5662.53","bucket":"159","time":1590245857031,"group":{"id":"indexing","version":"2"},"event":{"count":1,"data":{"created":1590245857036},"id":"registered"}}
{"recorder_version":"31","session":"04eb8586e768","build":"193.5662.53","bucket":"159","time":1590245857031,"group":{"id":"vcs","version":"2"},"event":{"count":1,"data":{"created":1590245857036},"id":"registered"}}
{"recorder_version":"31","session":"04eb8586e768","build":"193.5662.53","bucket":"159","time":1590245857031,"group":{"id":"ui.dialogs","version":"31"},"event":{"count":1,"data":{"created":1590245857036},"id":"registered"}}
{"recorder_version":"31","session":"04eb8586e768","build":"193.5662.53","bucket":"159","time":1590245857031,"group":{"id":"vcs.back.forward.trigger","version":"1"},"event":{"count":1,"data":{"created":1590245857036},"id":"registered"}}
{"recorder_version":"31","session":"04eb8586e768","build":"193.5662.53","bucket":"159","time":1590245857031,"group":{"id":"customize.wizard","version":"1"},"event":{"count":1,"data":{"created":1590245857036},"id":"registered"}}
{"recorder_version":"31","session":"04eb8586e768","build":"193.5662.53","bucket":"159","time":1590245857031,"group":{"id":"ide.update.dialog","version":"1"},"event":{"count":1,"data":{"created":1590245857036},"id":"registered"}}
{"recorder_version":"31","session":"04eb8586e768","build":"193.5662.53","bucket":"159","time":1590245857031,"group":{"id":"toolbar","version":"31"},"event":{"count":1,"data":{"created":1590245857036},"id":"registered"}}
{"recorder_version":"31","session":"04eb8586e768","build":"193.5662.53","bucket":"159","time":1590245857031,"group":{"id":"build.gradle.actions","version":"1"},"event":{"count":1,"data":{"created":1590245857036},"id":"registered"}}
{"recorder_version":"31","session":"04eb8586e768","build":"193.5662.53","bucket":"159","time":1590245857031,"group":{"id":"performance","version":"31"},"event":{"count":1,"data":{"created":1590245857036},"id":"registered"}}
{"recorder_version":"31","session":"04eb8586e768","build":"193.5662.53","bucket":"159","time":1590245857031,"group":{"id":"build","version":"2"},"event":{"count":1,"data":{"created":1590245857036},"id":"registered"}}
{"recorder_version":"31","session":"04eb8586e768","build":"193.5662.53","bucket":"159","time":1590245857031,"group":{"id":"searchEverywhere","version":"2"},"event":{"count":1,"data":{"created":1590245857036},"id":"registered"}}
{"recorder_version":"31","session":"04eb8586e768","build":"193.5662.53","bucket":"159","time":1590245857031,"group":{"id":"kotlin.ide.action.refactoring","version":"1"},"event":{"count":1,"data":{"created":1590245857037},"id":"registered"}}
{"recorder_version":"31","session":"04eb8586e768","build":"193.5662.53","bucket":"159","time":1590245857031,"group":{"id":"ui.tips","version":"3"},"event":{"count":1,"data":{"created":1590245857037},"id":"registered"}}
{"recorder_version":"31","session":"04eb8586e768","build":"193.5662.53","bucket":"159","time":1590245857031,"group":{"id":"surround.with","version":"2"},"event":{"count":1,"data":{"created":1590245857037},"id":"registered"}}
{"recorder_version":"31","session":"04eb8586e768","build":"193.5662.53","bucket":"159","time":1590245857031,"group":{"id":"import.old.config","version":"3"},"event":{"count":1,"data":{"created":1590245857037},"id":"registered"}}
{"recorder_version":"31","session":"04eb8586e768","build":"193.5662.53","bucket":"159","time":1590245857031,"group":{"id":"kotlin.jps.target","version":"3"},"event":{"count":1,"data":{"created":1590245857037},"id":"registered"}}
{"recorder_version":"31","session":"04eb8586e768","build":"193.5662.53","bucket":"159","time":1590245857031,"group":{"id":"completion.postfix","version":"31"},"event":{"count":1,"data":{"created":1590245857037},"id":"registered"}}
{"recorder_version":"31","session":"04eb8586e768","build":"193.5662.53","bucket":"159","time":1590245857031,"group":{"id":"build.maven.packagesearch","version":"2"},"event":{"count":1,"data":{"created":1590245857037},"id":"registered"}}
