{"recorder_version":"31","session":"49722ff8377a","build":"193.5662.53","bucket":"159","time":1590177157779,"group":{"id":"settings","version":"4"},"event":{"state":true,"data":{"component":"NotRoamableUiSettings","created":1590177158038},"id":"invoked"}}
{"recorder_version":"31","session":"49722ff8377a","build":"193.5662.53","bucket":"159","time":1590177157781,"group":{"id":"settings","version":"4"},"event":{"state":true,"data":{"component":"UISettings","created":1590177158040},"id":"invoked"}}
{"recorder_version":"31","session":"49722ff8377a","build":"193.5662.53","bucket":"159","time":1590177157785,"group":{"id":"system.java","version":"1"},"event":{"state":true,"data":{"created":1590177158046,"version":"validation.undefined_rule"},"id":"validation.undefined_rule"}}
{"recorder_version":"31","session":"49722ff8377a","build":"193.5662.53","bucket":"159","time":1590177157785,"group":{"id":"system.java","version":"1"},"event":{"state":true,"data":{"created":1590177158046},"id":"invoked"}}
{"recorder_version":"31","session":"49722ff8377a","build":"193.5662.53","bucket":"159","time":1590177157814,"group":{"id":"system.os","version":"3"},"event":{"state":true,"data":{"created":1590177158047,"version":"10.15"},"id":"Mac"}}
{"recorder_version":"31","session":"49722ff8377a","build":"193.5662.53","bucket":"159","time":1590177157814,"group":{"id":"system.os","version":"3"},"event":{"state":true,"data":{"created":1590177158047,"name":"Mac","version":"10.15"},"id":"os.name"}}
{"recorder_version":"31","session":"49722ff8377a","build":"193.5662.53","bucket":"159","time":1590177157814,"group":{"id":"system.os","version":"3"},"event":{"state":true,"data":{"created":1590177158047,"value":"+02_00"},"id":"os.timezone"}}
{"recorder_version":"31","session":"49722ff8377a","build":"193.5662.53","bucket":"159","time":1590177157814,"group":{"id":"system.os","version":"3"},"event":{"state":true,"data":{"created":1590177158047},"id":"invoked"}}
{"recorder_version":"31","session":"49722ff8377a","build":"193.5662.53","bucket":"159","time":1590177157931,"group":{"id":"settings","version":"4"},"event":{"state":true,"data":{"component":"UpdatesConfigurable","created":1590177158047,"name":"checkNeeded","type":"bool","value":false},"id":"not.default"}}
{"recorder_version":"31","session":"49722ff8377a","build":"193.5662.53","bucket":"159","time":1590177157931,"group":{"id":"settings","version":"4"},"event":{"state":true,"data":{"component":"UpdatesConfigurable","created":1590177158048},"id":"invoked"}}
{"recorder_version":"31","session":"49722ff8377a","build":"193.5662.53","bucket":"159","time":1590177158016,"group":{"id":"event.log","version":"31"},"event":{"count":1,"data":{"created":1590177158048,"version":"1268.0"},"id":"whitelist.loaded"}}
{"recorder_version":"31","session":"49722ff8377a","build":"193.5662.53","bucket":"159","time":1590177158112,"group":{"id":"settings","version":"4"},"event":{"state":true,"data":{"component":"GeneralSettings","created":1590177158113,"name":"showTipsOnStartup","type":"bool","value":false},"id":"not.default"}}
{"recorder_version":"31","session":"49722ff8377a","build":"193.5662.53","bucket":"159","time":1590177158114,"group":{"id":"settings","version":"4"},"event":{"state":true,"data":{"component":"GeneralSettings","created":1590177158114},"id":"invoked"}}
{"recorder_version":"31","session":"49722ff8377a","build":"193.5662.53","bucket":"159","time":1590177158143,"group":{"id":"lifecycle","version":"31"},"event":{"count":1,"data":{"internal":true,"eap":false,"created":1590177158144},"id":"ide.start"}}
{"recorder_version":"31","session":"49722ff8377a","build":"193.5662.53","bucket":"159","time":1590177158213,"group":{"id":"settings","version":"4"},"event":{"state":true,"data":{"component":"XmlEditorOptions","created":1590177158213},"id":"invoked"}}
{"recorder_version":"31","session":"49722ff8377a","build":"193.5662.53","bucket":"159","time":1590177158920,"group":{"id":"settings","version":"4"},"event":{"state":true,"data":{"component":"VcsApplicationSettings","created":1590177158921},"id":"invoked"}}
{"recorder_version":"31","session":"49722ff8377a","build":"193.5662.53","bucket":"159","time":1590177158921,"group":{"id":"lifecycle","version":"31"},"event":{"count":1,"data":{"created":1590177158921},"id":"frame.activated"}}
{"recorder_version":"31","session":"49722ff8377a","build":"193.5662.53","bucket":"159","time":1590177158947,"group":{"id":"performance","version":"31"},"event":{"count":1,"data":{"duration_ms":277,"created":1590177158947},"id":"ui.latency"}}
{"recorder_version":"31","session":"49722ff8377a","build":"193.5662.53","bucket":"159","time":1590177158948,"group":{"id":"performance","version":"31"},"event":{"count":1,"data":{"duration_ms":277,"created":1590177158948},"id":"ui.lagging"}}
{"recorder_version":"31","session":"49722ff8377a","build":"193.5662.53","bucket":"159","time":1590177159169,"group":{"id":"ui.dialogs","version":"31"},"event":{"count":1,"data":{"created":1590177159169,"plugin_type":"PLATFORM","dialog_class":"com.intellij.openapi.progress.util.ProgressDialog$MyDialogWrapper"},"id":"show"}}
{"recorder_version":"31","session":"49722ff8377a","build":"193.5662.53","bucket":"159","time":1590177160385,"group":{"id":"lifecycle","version":"31"},"event":{"count":1,"data":{"created":1590177160385,"project":"d119a6d897fcb33934b9adf90ec59bc9e850f90f58367fa567dc99031a6fc921"},"id":"project.opened"}}
{"recorder_version":"31","session":"49722ff8377a","build":"193.5662.53","bucket":"159","time":1590177160913,"group":{"id":"performance","version":"31"},"event":{"count":1,"data":{"duration_ms":241,"created":1590177160913},"id":"ui.lagging"}}
{"recorder_version":"31","session":"49722ff8377a","build":"193.5662.53","bucket":"159","time":1590177160927,"group":{"id":"toolwindow","version":"31"},"event":{"count":1,"data":{"created":1590177160927,"plugin_type":"PLATFORM","id":"Event_Log"},"id":"activated"}}
{"recorder_version":"31","session":"49722ff8377a","build":"193.5662.53","bucket":"159","time":1590177161912,"group":{"id":"performance","version":"31"},"event":{"count":1,"data":{"duration_ms":235,"created":1590177161912},"id":"ui.lagging"}}
{"recorder_version":"31","session":"49722ff8377a","build":"193.5662.53","bucket":"159","time":1590177162217,"group":{"id":"indexing","version":"2"},"event":{"count":1,"data":{"ide_activity_id":1,"created":1590177162217,"project":"d119a6d897fcb33934b9adf90ec59bc9e850f90f58367fa567dc99031a6fc921"},"id":"started"}}
{"recorder_version":"31","session":"49722ff8377a","build":"193.5662.53","bucket":"159","time":1590177162220,"group":{"id":"project.fs","version":"1"},"event":{"state":true,"data":{"os":"Mac","cs-project":false,"created":1590177162220,"project":"d119a6d897fcb33934b9adf90ec59bc9e850f90f58367fa567dc99031a6fc921","cs-implicit":true,"cs-system":false},"id":"case-sensitivity"}}
{"recorder_version":"31","session":"49722ff8377a","build":"193.5662.53","bucket":"159","time":1590177162220,"group":{"id":"project.fs","version":"1"},"event":{"state":true,"data":{"created":1590177162221},"id":"invoked"}}
{"recorder_version":"31","session":"49722ff8377a","build":"193.5662.53","bucket":"159","time":1590177162221,"group":{"id":"project.fs","version":"1"},"event":{"state":true,"data":{"pct-non-watched":0,"created":1590177162221,"project":"d119a6d897fcb33934b9adf90ec59bc9e850f90f58367fa567dc99031a6fc921"},"id":"roots-watched"}}
{"recorder_version":"31","session":"49722ff8377a","build":"193.5662.53","bucket":"159","time":1590177162221,"group":{"id":"project.fs","version":"1"},"event":{"state":true,"data":{"created":1590177162221},"id":"invoked"}}
{"recorder_version":"31","session":"49722ff8377a","build":"193.5662.53","bucket":"159","time":1590177162291,"group":{"id":"ui.dialogs","version":"31"},"event":{"count":1,"data":{"code":1,"created":1590177162291,"plugin_type":"PLATFORM","dialog_class":"com.intellij.openapi.progress.util.ProgressDialog$MyDialogWrapper"},"id":"close"}}
{"recorder_version":"31","session":"49722ff8377a","build":"193.5662.53","bucket":"159","time":1590177162299,"group":{"id":"indexing","version":"2"},"event":{"count":1,"data":{"ide_activity_id":1,"stage_class":"com.intellij.util.indexing.UnindexedFilesUpdater","created":1590177162299,"plugin_type":"PLATFORM"},"id":"stage"}}
{"recorder_version":"31","session":"49722ff8377a","build":"193.5662.53","bucket":"159","time":1590177162429,"group":{"id":"lifecycle","version":"31"},"event":{"count":1,"data":{"duration_ms":4211,"created":1590177162430,"project":"d119a6d897fcb33934b9adf90ec59bc9e850f90f58367fa567dc99031a6fc921"},"id":"project.opening.finished"}}
{"recorder_version":"31","session":"49722ff8377a","build":"193.5662.53","bucket":"159","time":1590177163979,"group":{"id":"indexing","version":"2"},"event":{"count":1,"data":{"duration_ms":1762,"ide_activity_id":1,"created":1590177163981},"id":"finished"}}
{"recorder_version":"31","session":"49722ff8377a","build":"193.5662.53","bucket":"159","time":1590177164054,"group":{"id":"indexing","version":"2"},"event":{"count":1,"data":{"ide_activity_id":2,"created":1590177164054,"project":"d119a6d897fcb33934b9adf90ec59bc9e850f90f58367fa567dc99031a6fc921"},"id":"started"}}
{"recorder_version":"31","session":"49722ff8377a","build":"193.5662.53","bucket":"159","time":1590177164063,"group":{"id":"indexing","version":"2"},"event":{"count":1,"data":{"ide_activity_id":2,"plugin":"org.jetbrains.android","stage_class":"com.android.tools.idea.res.ResourceFolderRepositoryFileCacheImpl$PruneTask","created":1590177164063,"plugin_type":"JB_BUNDLED"},"id":"stage"}}
{"recorder_version":"31","session":"49722ff8377a","build":"193.5662.53","bucket":"159","time":1590177164105,"group":{"id":"indexing","version":"2"},"event":{"count":1,"data":{"ide_activity_id":2,"plugin":"org.jetbrains.android","stage_class":"com.android.tools.idea.res.ResourceFolderRepositoryFileCacheImpl$ManageLruProjectFilesTask","created":1590177164106,"plugin_type":"JB_BUNDLED"},"id":"stage"}}
{"recorder_version":"31","session":"49722ff8377a","build":"193.5662.53","bucket":"159","time":1590177164131,"group":{"id":"indexing","version":"2"},"event":{"count":1,"data":{"duration_ms":77,"ide_activity_id":2,"created":1590177164132},"id":"finished"}}
{"recorder_version":"31","session":"49722ff8377a","build":"193.5662.53","bucket":"159","time":1590177164148,"group":{"id":"indexing","version":"2"},"event":{"count":1,"data":{"ide_activity_id":3,"created":1590177164149,"project":"d119a6d897fcb33934b9adf90ec59bc9e850f90f58367fa567dc99031a6fc921"},"id":"started"}}
{"recorder_version":"31","session":"49722ff8377a","build":"193.5662.53","bucket":"159","time":1590177164149,"group":{"id":"indexing","version":"2"},"event":{"count":1,"data":{"ide_activity_id":3,"plugin":"org.jetbrains.android","stage_class":"com.android.tools.idea.res.ResourceFolderRegistry$PopulateCachesTask","created":1590177164150,"plugin_type":"JB_BUNDLED"},"id":"stage"}}
{"recorder_version":"31","session":"49722ff8377a","build":"193.5662.53","bucket":"159","time":1590177164151,"group":{"id":"indexing","version":"2"},"event":{"count":1,"data":{"duration_ms":3,"ide_activity_id":3,"created":1590177164151},"id":"finished"}}
{"recorder_version":"31","session":"49722ff8377a","build":"193.5662.53","bucket":"159","time":1590177167298,"group":{"id":"startup","version":"1"},"event":{"count":1,"data":{"duration":1649,"created":1590177167298},"id":"appInit"}}
{"recorder_version":"31","session":"49722ff8377a","build":"193.5662.53","bucket":"159","time":1590177167298,"group":{"id":"startup","version":"1"},"event":{"count":1,"data":{"duration":298,"created":1590177167298},"id":"splash"}}
{"recorder_version":"31","session":"49722ff8377a","build":"193.5662.53","bucket":"159","time":1590177167298,"group":{"id":"startup","version":"1"},"event":{"count":1,"data":{"duration":317,"created":1590177167299},"id":"bootstrap"}}
{"recorder_version":"31","session":"49722ff8377a","build":"193.5662.53","bucket":"159","time":1590177167298,"group":{"id":"startup","version":"1"},"event":{"count":1,"data":{"duration":7285,"created":1590177167299},"id":"totalDuration"}}
{"recorder_version":"31","session":"49722ff8377a","build":"193.5662.53","bucket":"159","time":1590177167676,"group":{"id":"actions","version":"31"},"event":{"count":1,"data":{"context_menu":true,"action_id":"third.party","created":1590177167676,"plugin_type":"NOT_LISTED","project":"d119a6d897fcb33934b9adf90ec59bc9e850f90f58367fa567dc99031a6fc921","place":"MainMenu","class":"third.party","input_event":"NoMouseButton"},"id":"action.invoked"}}
{"recorder_version":"31","session":"49722ff8377a","build":"193.5662.53","bucket":"159","time":1590177167821,"group":{"id":"performance","version":"31"},"event":{"count":1,"data":{"duration_ms":132,"created":1590177167821},"id":"ui.lagging"}}
{"recorder_version":"31","session":"49722ff8377a","build":"193.5662.53","bucket":"159","time":1590177169551,"group":{"id":"ui.dialogs","version":"31"},"event":{"count":1,"data":{"created":1590177169551,"plugin_type":"NOT_LISTED","dialog_class":"third.party"},"id":"show"}}
{"recorder_version":"31","session":"49722ff8377a","build":"193.5662.53","bucket":"159","time":1590177175632,"group":{"id":"ui.dialogs","version":"31"},"event":{"count":1,"data":{"code":1,"created":1590177175632,"plugin_type":"NOT_LISTED","dialog_class":"third.party"},"id":"close"}}
