{"recorder_version":"31","session":"72a1f1a619b7","build":"193.5662.53","bucket":"159","time":1590244882825,"group":{"id":"settings","version":"4"},"event":{"state":true,"data":{"component":"UISettings","created":1590244883259},"id":"invoked"}}
{"recorder_version":"31","session":"72a1f1a619b7","build":"193.5662.53","bucket":"159","time":1590244882825,"group":{"id":"settings","version":"4"},"event":{"state":true,"data":{"component":"NotRoamableUiSettings","created":1590244883261},"id":"invoked"}}
{"recorder_version":"31","session":"72a1f1a619b7","build":"193.5662.53","bucket":"159","time":1590244882831,"group":{"id":"system.java","version":"1"},"event":{"state":true,"data":{"created":1590244883303,"version":"validation.undefined_rule"},"id":"validation.undefined_rule"}}
{"recorder_version":"31","session":"72a1f1a619b7","build":"193.5662.53","bucket":"159","time":1590244882832,"group":{"id":"system.java","version":"1"},"event":{"state":true,"data":{"created":1590244883303},"id":"invoked"}}
{"recorder_version":"31","session":"72a1f1a619b7","build":"193.5662.53","bucket":"159","time":1590244882871,"group":{"id":"system.os","version":"3"},"event":{"state":true,"data":{"created":1590244883305,"version":"10.15"},"id":"Mac"}}
{"recorder_version":"31","session":"72a1f1a619b7","build":"193.5662.53","bucket":"159","time":1590244882871,"group":{"id":"system.os","version":"3"},"event":{"state":true,"data":{"created":1590244883310,"name":"Mac","version":"10.15"},"id":"os.name"}}
{"recorder_version":"31","session":"72a1f1a619b7","build":"193.5662.53","bucket":"159","time":1590244882871,"group":{"id":"system.os","version":"3"},"event":{"state":true,"data":{"created":1590244883311,"value":"+02_00"},"id":"os.timezone"}}
{"recorder_version":"31","session":"72a1f1a619b7","build":"193.5662.53","bucket":"159","time":1590244882871,"group":{"id":"system.os","version":"3"},"event":{"state":true,"data":{"created":1590244883312},"id":"invoked"}}
{"recorder_version":"31","session":"72a1f1a619b7","build":"193.5662.53","bucket":"159","time":1590244883093,"group":{"id":"settings","version":"4"},"event":{"state":true,"data":{"component":"UpdatesConfigurable","created":1590244883314,"name":"checkNeeded","type":"bool","value":false},"id":"not.default"}}
{"recorder_version":"31","session":"72a1f1a619b7","build":"193.5662.53","bucket":"159","time":1590244883094,"group":{"id":"settings","version":"4"},"event":{"state":true,"data":{"component":"UpdatesConfigurable","created":1590244883315},"id":"invoked"}}
{"recorder_version":"31","session":"72a1f1a619b7","build":"193.5662.53","bucket":"159","time":1590244883220,"group":{"id":"event.log","version":"31"},"event":{"count":1,"data":{"created":1590244883315,"version":"1268.0"},"id":"whitelist.loaded"}}
{"recorder_version":"31","session":"72a1f1a619b7","build":"193.5662.53","bucket":"159","time":1590244883311,"group":{"id":"settings","version":"4"},"event":{"state":true,"data":{"component":"GeneralSettings","created":1590244883316,"name":"showTipsOnStartup","type":"bool","value":false},"id":"not.default"}}
{"recorder_version":"31","session":"72a1f1a619b7","build":"193.5662.53","bucket":"159","time":1590244883311,"group":{"id":"settings","version":"4"},"event":{"state":true,"data":{"component":"GeneralSettings","created":1590244883328},"id":"invoked"}}
{"recorder_version":"31","session":"72a1f1a619b7","build":"193.5662.53","bucket":"159","time":1590244883353,"group":{"id":"lifecycle","version":"31"},"event":{"count":1,"data":{"internal":true,"eap":false,"created":1590244883354},"id":"ide.start"}}
{"recorder_version":"31","session":"72a1f1a619b7","build":"193.5662.53","bucket":"159","time":1590244883467,"group":{"id":"settings","version":"4"},"event":{"state":true,"data":{"component":"XmlEditorOptions","created":1590244883468},"id":"invoked"}}
{"recorder_version":"31","session":"72a1f1a619b7","build":"193.5662.53","bucket":"159","time":1590244884420,"group":{"id":"lifecycle","version":"31"},"event":{"count":1,"data":{"created":1590244884420},"id":"frame.activated"}}
{"recorder_version":"31","session":"72a1f1a619b7","build":"193.5662.53","bucket":"159","time":1590244884420,"group":{"id":"settings","version":"4"},"event":{"state":true,"data":{"component":"VcsApplicationSettings","created":1590244884421},"id":"invoked"}}
{"recorder_version":"31","session":"72a1f1a619b7","build":"193.5662.53","bucket":"159","time":1590244884458,"group":{"id":"performance","version":"31"},"event":{"count":1,"data":{"duration_ms":799,"created":1590244884458},"id":"ui.latency"}}
{"recorder_version":"31","session":"72a1f1a619b7","build":"193.5662.53","bucket":"159","time":1590244884458,"group":{"id":"performance","version":"31"},"event":{"count":1,"data":{"duration_ms":799,"created":1590244884459},"id":"ui.lagging"}}
{"recorder_version":"31","session":"72a1f1a619b7","build":"193.5662.53","bucket":"159","time":1590244884751,"group":{"id":"ui.dialogs","version":"31"},"event":{"count":1,"data":{"created":1590244884752,"plugin_type":"PLATFORM","dialog_class":"com.intellij.openapi.progress.util.ProgressDialog$MyDialogWrapper"},"id":"show"}}
{"recorder_version":"31","session":"72a1f1a619b7","build":"193.5662.53","bucket":"159","time":1590244884908,"group":{"id":"performance","version":"31"},"event":{"count":1,"data":{"duration_ms":252,"created":1590244884909},"id":"ui.lagging"}}
{"recorder_version":"31","session":"72a1f1a619b7","build":"193.5662.53","bucket":"159","time":1590244886434,"group":{"id":"lifecycle","version":"31"},"event":{"count":1,"data":{"created":1590244886434,"project":"d119a6d897fcb33934b9adf90ec59bc9e850f90f58367fa567dc99031a6fc921"},"id":"project.opened"}}
{"recorder_version":"31","session":"72a1f1a619b7","build":"193.5662.53","bucket":"159","time":1590244887120,"group":{"id":"performance","version":"31"},"event":{"count":1,"data":{"duration_ms":462,"created":1590244887120},"id":"ui.lagging"}}
{"recorder_version":"31","session":"72a1f1a619b7","build":"193.5662.53","bucket":"159","time":1590244887153,"group":{"id":"toolwindow","version":"31"},"event":{"count":1,"data":{"created":1590244887153,"plugin_type":"PLATFORM","id":"Event_Log"},"id":"activated"}}
{"recorder_version":"31","session":"72a1f1a619b7","build":"193.5662.53","bucket":"159","time":1590244888058,"group":{"id":"performance","version":"31"},"event":{"count":1,"data":{"duration_ms":396,"created":1590244888058},"id":"ui.lagging"}}
{"recorder_version":"31","session":"72a1f1a619b7","build":"193.5662.53","bucket":"159","time":1590244889285,"group":{"id":"project.fs","version":"1"},"event":{"state":true,"data":{"os":"Mac","cs-project":false,"created":1590244889285,"project":"d119a6d897fcb33934b9adf90ec59bc9e850f90f58367fa567dc99031a6fc921","cs-implicit":true,"cs-system":false},"id":"case-sensitivity"}}
{"recorder_version":"31","session":"72a1f1a619b7","build":"193.5662.53","bucket":"159","time":1590244889285,"group":{"id":"project.fs","version":"1"},"event":{"state":true,"data":{"created":1590244889286},"id":"invoked"}}
{"recorder_version":"31","session":"72a1f1a619b7","build":"193.5662.53","bucket":"159","time":1590244889288,"group":{"id":"project.fs","version":"1"},"event":{"state":true,"data":{"pct-non-watched":0,"created":1590244889288,"project":"d119a6d897fcb33934b9adf90ec59bc9e850f90f58367fa567dc99031a6fc921"},"id":"roots-watched"}}
{"recorder_version":"31","session":"72a1f1a619b7","build":"193.5662.53","bucket":"159","time":1590244889288,"group":{"id":"project.fs","version":"1"},"event":{"state":true,"data":{"created":1590244889289},"id":"invoked"}}
{"recorder_version":"31","session":"72a1f1a619b7","build":"193.5662.53","bucket":"159","time":1590244889407,"group":{"id":"ui.dialogs","version":"31"},"event":{"count":1,"data":{"code":1,"created":1590244889407,"plugin_type":"PLATFORM","dialog_class":"com.intellij.openapi.progress.util.ProgressDialog$MyDialogWrapper"},"id":"close"}}
{"recorder_version":"31","session":"72a1f1a619b7","build":"193.5662.53","bucket":"159","time":1590244889595,"group":{"id":"indexing","version":"2"},"event":{"count":1,"data":{"ide_activity_id":1,"created":1590244889596,"project":"d119a6d897fcb33934b9adf90ec59bc9e850f90f58367fa567dc99031a6fc921"},"id":"started"}}
{"recorder_version":"31","session":"72a1f1a619b7","build":"193.5662.53","bucket":"159","time":1590244889674,"group":{"id":"indexing","version":"2"},"event":{"count":1,"data":{"ide_activity_id":1,"stage_class":"com.intellij.util.indexing.UnindexedFilesUpdater","created":1590244889674,"plugin_type":"PLATFORM"},"id":"stage"}}
{"recorder_version":"31","session":"72a1f1a619b7","build":"193.5662.53","bucket":"159","time":1590244889678,"group":{"id":"lifecycle","version":"31"},"event":{"count":1,"data":{"duration_ms":6185,"created":1590244889678,"project":"d119a6d897fcb33934b9adf90ec59bc9e850f90f58367fa567dc99031a6fc921"},"id":"project.opening.finished"}}
{"recorder_version":"31","session":"72a1f1a619b7","build":"193.5662.53","bucket":"159","time":1590244892429,"group":{"id":"indexing","version":"2"},"event":{"count":1,"data":{"duration_ms":2834,"ide_activity_id":1,"created":1590244892430},"id":"finished"}}
{"recorder_version":"31","session":"72a1f1a619b7","build":"193.5662.53","bucket":"159","time":1590244892530,"group":{"id":"indexing","version":"2"},"event":{"count":1,"data":{"ide_activity_id":2,"created":1590244892530,"project":"d119a6d897fcb33934b9adf90ec59bc9e850f90f58367fa567dc99031a6fc921"},"id":"started"}}
{"recorder_version":"31","session":"72a1f1a619b7","build":"193.5662.53","bucket":"159","time":1590244892560,"group":{"id":"indexing","version":"2"},"event":{"count":1,"data":{"ide_activity_id":2,"plugin":"org.jetbrains.android","stage_class":"com.android.tools.idea.res.ResourceFolderRepositoryFileCacheImpl$PruneTask","created":1590244892562,"plugin_type":"JB_BUNDLED"},"id":"stage"}}
{"recorder_version":"31","session":"72a1f1a619b7","build":"193.5662.53","bucket":"159","time":1590244892608,"group":{"id":"indexing","version":"2"},"event":{"count":1,"data":{"ide_activity_id":2,"plugin":"org.jetbrains.android","stage_class":"com.android.tools.idea.res.ResourceFolderRepositoryFileCacheImpl$ManageLruProjectFilesTask","created":1590244892609,"plugin_type":"JB_BUNDLED"},"id":"stage"}}
{"recorder_version":"31","session":"72a1f1a619b7","build":"193.5662.53","bucket":"159","time":1590244892639,"group":{"id":"indexing","version":"2"},"event":{"count":1,"data":{"duration_ms":109,"ide_activity_id":2,"created":1590244892639},"id":"finished"}}
{"recorder_version":"31","session":"72a1f1a619b7","build":"193.5662.53","bucket":"159","time":1590244892651,"group":{"id":"indexing","version":"2"},"event":{"count":1,"data":{"ide_activity_id":3,"created":1590244892651,"project":"d119a6d897fcb33934b9adf90ec59bc9e850f90f58367fa567dc99031a6fc921"},"id":"started"}}
{"recorder_version":"31","session":"72a1f1a619b7","build":"193.5662.53","bucket":"159","time":1590244892656,"group":{"id":"indexing","version":"2"},"event":{"count":1,"data":{"ide_activity_id":3,"plugin":"org.jetbrains.android","stage_class":"com.android.tools.idea.res.ResourceFolderRegistry$PopulateCachesTask","created":1590244892656,"plugin_type":"JB_BUNDLED"},"id":"stage"}}
{"recorder_version":"31","session":"72a1f1a619b7","build":"193.5662.53","bucket":"159","time":1590244892658,"group":{"id":"indexing","version":"2"},"event":{"count":1,"data":{"duration_ms":7,"ide_activity_id":3,"created":1590244892658},"id":"finished"}}
{"recorder_version":"31","session":"72a1f1a619b7","build":"193.5662.53","bucket":"159","time":1590244893132,"group":{"id":"performance","version":"31"},"event":{"count":1,"data":{"duration_ms":458,"created":1590244893133},"id":"ui.lagging"}}
{"recorder_version":"31","session":"72a1f1a619b7","build":"193.5662.53","bucket":"159","time":1590244894417,"group":{"id":"startup","version":"1"},"event":{"count":1,"data":{"duration":2177,"created":1590244894417},"id":"appInit"}}
{"recorder_version":"31","session":"72a1f1a619b7","build":"193.5662.53","bucket":"159","time":1590244894417,"group":{"id":"startup","version":"1"},"event":{"count":1,"data":{"duration":470,"created":1590244894417},"id":"splash"}}
{"recorder_version":"31","session":"72a1f1a619b7","build":"193.5662.53","bucket":"159","time":1590244894417,"group":{"id":"startup","version":"1"},"event":{"count":1,"data":{"duration":464,"created":1590244894417},"id":"bootstrap"}}
{"recorder_version":"31","session":"72a1f1a619b7","build":"193.5662.53","bucket":"159","time":1590244894417,"group":{"id":"startup","version":"1"},"event":{"count":1,"data":{"duration":9846,"created":1590244894417},"id":"totalDuration"}}
{"recorder_version":"31","session":"72a1f1a619b7","build":"193.5662.53","bucket":"159","time":1590244916026,"group":{"id":"actions","version":"31"},"event":{"count":1,"data":{"context_menu":true,"action_id":"third.party","created":1590244916026,"plugin_type":"NOT_LISTED","project":"d119a6d897fcb33934b9adf90ec59bc9e850f90f58367fa567dc99031a6fc921","place":"MainMenu","class":"third.party","input_event":"NoMouseButton"},"id":"action.invoked"}}
{"recorder_version":"31","session":"72a1f1a619b7","build":"193.5662.53","bucket":"159","time":1590244917405,"group":{"id":"ui.dialogs","version":"31"},"event":{"count":1,"data":{"created":1590244917405,"plugin_type":"NOT_LISTED","dialog_class":"third.party"},"id":"show"}}
{"recorder_version":"31","session":"72a1f1a619b7","build":"193.5662.53","bucket":"159","time":1590244941286,"group":{"id":"ui.dialogs","version":"31"},"event":{"count":1,"data":{"code":1,"created":1590244941286,"plugin_type":"NOT_LISTED","dialog_class":"third.party"},"id":"close"}}
{"recorder_version":"31","session":"72a1f1a619b7","build":"193.5662.53","bucket":"159","time":1590244956211,"group":{"id":"lifecycle","version":"31"},"event":{"count":1,"data":{"created":1590244956211,"project":"d119a6d897fcb33934b9adf90ec59bc9e850f90f58367fa567dc99031a6fc921"},"id":"frame.deactivated"}}
