{"recorder_version":"31","session":"5a81612e10cd","build":"193.5662.53","bucket":"159","time":1590161130171,"group":{"id":"settings","version":"4"},"event":{"state":true,"data":{"component":"UISettings","created":1590161130856},"id":"invoked"}}
{"recorder_version":"31","session":"5a81612e10cd","build":"193.5662.53","bucket":"159","time":1590161130171,"group":{"id":"settings","version":"4"},"event":{"state":true,"data":{"component":"NotRoamableUiSettings","created":1590161130863},"id":"invoked"}}
{"recorder_version":"31","session":"5a81612e10cd","build":"193.5662.53","bucket":"159","time":1590161130184,"group":{"id":"system.java","version":"1"},"event":{"state":true,"data":{"created":1590161130897,"version":"validation.undefined_rule"},"id":"validation.undefined_rule"}}
{"recorder_version":"31","session":"5a81612e10cd","build":"193.5662.53","bucket":"159","time":1590161130184,"group":{"id":"system.java","version":"1"},"event":{"state":true,"data":{"created":1590161130898},"id":"invoked"}}
{"recorder_version":"31","session":"5a81612e10cd","build":"193.5662.53","bucket":"159","time":1590161130218,"group":{"id":"system.os","version":"3"},"event":{"state":true,"data":{"created":1590161130899,"version":"10.15"},"id":"Mac"}}
{"recorder_version":"31","session":"5a81612e10cd","build":"193.5662.53","bucket":"159","time":1590161130218,"group":{"id":"system.os","version":"3"},"event":{"state":true,"data":{"created":1590161130899,"name":"Mac","version":"10.15"},"id":"os.name"}}
{"recorder_version":"31","session":"5a81612e10cd","build":"193.5662.53","bucket":"159","time":1590161130218,"group":{"id":"system.os","version":"3"},"event":{"state":true,"data":{"created":1590161130900,"value":"+02_00"},"id":"os.timezone"}}
{"recorder_version":"31","session":"5a81612e10cd","build":"193.5662.53","bucket":"159","time":1590161130218,"group":{"id":"system.os","version":"3"},"event":{"state":true,"data":{"created":1590161130900},"id":"invoked"}}
{"recorder_version":"31","session":"5a81612e10cd","build":"193.5662.53","bucket":"159","time":1590161130481,"group":{"id":"settings","version":"4"},"event":{"state":true,"data":{"component":"UpdatesConfigurable","created":1590161130901,"name":"checkNeeded","type":"bool","value":false},"id":"not.default"}}
{"recorder_version":"31","session":"5a81612e10cd","build":"193.5662.53","bucket":"159","time":1590161130481,"group":{"id":"settings","version":"4"},"event":{"state":true,"data":{"component":"UpdatesConfigurable","created":1590161130901},"id":"invoked"}}
{"recorder_version":"31","session":"5a81612e10cd","build":"193.5662.53","bucket":"159","time":1590161130764,"group":{"id":"event.log","version":"31"},"event":{"count":1,"data":{"created":1590161130902,"version":"1268.0"},"id":"whitelist.loaded"}}
{"recorder_version":"31","session":"5a81612e10cd","build":"193.5662.53","bucket":"159","time":1590161130860,"group":{"id":"settings","version":"4"},"event":{"state":true,"data":{"component":"GeneralSettings","created":1590161130903,"name":"showTipsOnStartup","type":"bool","value":false},"id":"not.default"}}
{"recorder_version":"31","session":"5a81612e10cd","build":"193.5662.53","bucket":"159","time":1590161130861,"group":{"id":"settings","version":"4"},"event":{"state":true,"data":{"component":"GeneralSettings","created":1590161130903},"id":"invoked"}}
{"recorder_version":"31","session":"5a81612e10cd","build":"193.5662.53","bucket":"159","time":1590161130920,"group":{"id":"lifecycle","version":"31"},"event":{"count":1,"data":{"internal":true,"eap":false,"created":1590161130921},"id":"ide.start"}}
{"recorder_version":"31","session":"5a81612e10cd","build":"193.5662.53","bucket":"159","time":1590161131074,"group":{"id":"settings","version":"4"},"event":{"state":true,"data":{"component":"XmlEditorOptions","created":1590161131075},"id":"invoked"}}
{"recorder_version":"31","session":"5a81612e10cd","build":"193.5662.53","bucket":"159","time":1590161131082,"group":{"id":"performance","version":"31"},"event":{"count":1,"data":{"duration_ms":146,"created":1590161131083},"id":"ui.latency"}}
{"recorder_version":"31","session":"5a81612e10cd","build":"193.5662.53","bucket":"159","time":1590161131082,"group":{"id":"performance","version":"31"},"event":{"count":1,"data":{"duration_ms":146,"created":1590161131084},"id":"ui.lagging"}}
{"recorder_version":"31","session":"5a81612e10cd","build":"193.5662.53","bucket":"159","time":1590161132781,"group":{"id":"settings","version":"4"},"event":{"state":true,"data":{"component":"VcsApplicationSettings","created":1590161132781},"id":"invoked"}}
{"recorder_version":"31","session":"5a81612e10cd","build":"193.5662.53","bucket":"159","time":1590161132781,"group":{"id":"lifecycle","version":"31"},"event":{"count":1,"data":{"created":1590161132786},"id":"frame.activated"}}
{"recorder_version":"31","session":"5a81612e10cd","build":"193.5662.53","bucket":"159","time":1590161132873,"group":{"id":"performance","version":"31"},"event":{"count":1,"data":{"duration_ms":945,"created":1590161132873},"id":"ui.lagging"}}
{"recorder_version":"31","session":"5a81612e10cd","build":"193.5662.53","bucket":"159","time":1590161133135,"group":{"id":"ui.dialogs","version":"31"},"event":{"count":1,"data":{"created":1590161133136,"plugin_type":"PLATFORM","dialog_class":"com.intellij.openapi.progress.util.ProgressDialog$MyDialogWrapper"},"id":"show"}}
{"recorder_version":"31","session":"5a81612e10cd","build":"193.5662.53","bucket":"159","time":1590161133594,"group":{"id":"performance","version":"31"},"event":{"count":1,"data":{"duration_ms":661,"created":1590161133595},"id":"ui.lagging"}}
{"recorder_version":"31","session":"5a81612e10cd","build":"193.5662.53","bucket":"159","time":1590161137407,"group":{"id":"lifecycle","version":"31"},"event":{"count":1,"data":{"created":1590161137407,"project":"d119a6d897fcb33934b9adf90ec59bc9e850f90f58367fa567dc99031a6fc921"},"id":"frame.deactivated"}}
{"recorder_version":"31","session":"5a81612e10cd","build":"193.5662.53","bucket":"159","time":1590161137616,"group":{"id":"lifecycle","version":"31"},"event":{"count":1,"data":{"created":1590161137616,"project":"d119a6d897fcb33934b9adf90ec59bc9e850f90f58367fa567dc99031a6fc921"},"id":"project.opened"}}
{"recorder_version":"31","session":"5a81612e10cd","build":"193.5662.53","bucket":"159","time":1590161138362,"group":{"id":"performance","version":"31"},"event":{"count":1,"data":{"duration_ms":1422,"created":1590161138362},"id":"ui.lagging"}}
{"recorder_version":"31","session":"5a81612e10cd","build":"193.5662.53","bucket":"159","time":1590161138795,"group":{"id":"performance","version":"31"},"event":{"count":1,"data":{"duration_ms":853,"created":1590161138795},"id":"ui.lagging"}}
{"recorder_version":"31","session":"5a81612e10cd","build":"193.5662.53","bucket":"159","time":1590161138828,"group":{"id":"toolwindow","version":"31"},"event":{"count":1,"data":{"created":1590161138828,"plugin_type":"PLATFORM","id":"Event_Log"},"id":"activated"}}
{"recorder_version":"31","session":"5a81612e10cd","build":"193.5662.53","bucket":"159","time":1590161140416,"group":{"id":"performance","version":"31"},"event":{"count":1,"data":{"duration_ms":1469,"created":1590161140416},"id":"ui.lagging"}}
{"recorder_version":"31","session":"5a81612e10cd","build":"193.5662.53","bucket":"159","time":1590161140417,"group":{"id":"performance","version":"31"},"event":{"count":1,"data":{"duration_ms":469,"created":1590161140417},"id":"ui.lagging"}}
{"recorder_version":"31","session":"5a81612e10cd","build":"193.5662.53","bucket":"159","time":1590161141594,"group":{"id":"performance","version":"31"},"event":{"count":1,"data":{"duration_ms":644,"created":1590161141594},"id":"ui.lagging"}}
{"recorder_version":"31","session":"5a81612e10cd","build":"193.5662.53","bucket":"159","time":1590161141963,"group":{"id":"project.fs","version":"1"},"event":{"state":true,"data":{"os":"Mac","cs-project":false,"created":1590161141964,"project":"d119a6d897fcb33934b9adf90ec59bc9e850f90f58367fa567dc99031a6fc921","cs-implicit":true,"cs-system":false},"id":"case-sensitivity"}}
{"recorder_version":"31","session":"5a81612e10cd","build":"193.5662.53","bucket":"159","time":1590161141964,"group":{"id":"project.fs","version":"1"},"event":{"state":true,"data":{"created":1590161141964},"id":"invoked"}}
{"recorder_version":"31","session":"5a81612e10cd","build":"193.5662.53","bucket":"159","time":1590161141965,"group":{"id":"project.fs","version":"1"},"event":{"state":true,"data":{"pct-non-watched":0,"created":1590161141966,"project":"d119a6d897fcb33934b9adf90ec59bc9e850f90f58367fa567dc99031a6fc921"},"id":"roots-watched"}}
{"recorder_version":"31","session":"5a81612e10cd","build":"193.5662.53","bucket":"159","time":1590161141965,"group":{"id":"project.fs","version":"1"},"event":{"state":true,"data":{"created":1590161141966},"id":"invoked"}}
{"recorder_version":"31","session":"5a81612e10cd","build":"193.5662.53","bucket":"159","time":1590161142064,"group":{"id":"ui.dialogs","version":"31"},"event":{"count":1,"data":{"code":1,"created":1590161142065,"plugin_type":"PLATFORM","dialog_class":"com.intellij.openapi.progress.util.ProgressDialog$MyDialogWrapper"},"id":"close"}}
{"recorder_version":"31","session":"5a81612e10cd","build":"193.5662.53","bucket":"159","time":1590161142238,"group":{"id":"indexing","version":"2"},"event":{"count":1,"data":{"ide_activity_id":1,"created":1590161142238,"project":"d119a6d897fcb33934b9adf90ec59bc9e850f90f58367fa567dc99031a6fc921"},"id":"started"}}
{"recorder_version":"31","session":"5a81612e10cd","build":"193.5662.53","bucket":"159","time":1590161142307,"group":{"id":"indexing","version":"2"},"event":{"count":1,"data":{"ide_activity_id":1,"stage_class":"com.intellij.util.indexing.UnindexedFilesUpdater","created":1590161142308,"plugin_type":"PLATFORM"},"id":"stage"}}
{"recorder_version":"31","session":"5a81612e10cd","build":"193.5662.53","bucket":"159","time":1590161142356,"group":{"id":"lifecycle","version":"31"},"event":{"count":1,"data":{"duration_ms":11225,"created":1590161142357,"project":"d119a6d897fcb33934b9adf90ec59bc9e850f90f58367fa567dc99031a6fc921"},"id":"project.opening.finished"}}
{"recorder_version":"31","session":"5a81612e10cd","build":"193.5662.53","bucket":"159","time":1590161143078,"group":{"id":"performance","version":"31"},"event":{"count":1,"data":{"duration_ms":124,"created":1590161143079},"id":"ui.lagging"}}
{"recorder_version":"31","session":"5a81612e10cd","build":"193.5662.53","bucket":"159","time":1590161147073,"group":{"id":"startup","version":"1"},"event":{"count":1,"data":{"duration":3313,"created":1590161147073},"id":"appInit"}}
{"recorder_version":"31","session":"5a81612e10cd","build":"193.5662.53","bucket":"159","time":1590161147073,"group":{"id":"startup","version":"1"},"event":{"count":1,"data":{"duration":666,"created":1590161147074},"id":"splash"}}
{"recorder_version":"31","session":"5a81612e10cd","build":"193.5662.53","bucket":"159","time":1590161147073,"group":{"id":"startup","version":"1"},"event":{"count":1,"data":{"duration":662,"created":1590161147074},"id":"bootstrap"}}
{"recorder_version":"31","session":"5a81612e10cd","build":"193.5662.53","bucket":"159","time":1590161147073,"group":{"id":"startup","version":"1"},"event":{"count":1,"data":{"duration":17113,"created":1590161147074},"id":"totalDuration"}}
{"recorder_version":"31","session":"5a81612e10cd","build":"193.5662.53","bucket":"159","time":1590161147503,"group":{"id":"indexing","version":"2"},"event":{"count":1,"data":{"duration_ms":5265,"ide_activity_id":1,"created":1590161147503},"id":"finished"}}
{"recorder_version":"31","session":"5a81612e10cd","build":"193.5662.53","bucket":"159","time":1590161147625,"group":{"id":"indexing","version":"2"},"event":{"count":1,"data":{"ide_activity_id":2,"created":1590161147625,"project":"d119a6d897fcb33934b9adf90ec59bc9e850f90f58367fa567dc99031a6fc921"},"id":"started"}}
{"recorder_version":"31","session":"5a81612e10cd","build":"193.5662.53","bucket":"159","time":1590161147647,"group":{"id":"indexing","version":"2"},"event":{"count":1,"data":{"ide_activity_id":2,"plugin":"org.jetbrains.android","stage_class":"com.android.tools.idea.res.ResourceFolderRepositoryFileCacheImpl$PruneTask","created":1590161147647,"plugin_type":"JB_BUNDLED"},"id":"stage"}}
{"recorder_version":"31","session":"5a81612e10cd","build":"193.5662.53","bucket":"159","time":1590161147704,"group":{"id":"indexing","version":"2"},"event":{"count":1,"data":{"ide_activity_id":2,"plugin":"org.jetbrains.android","stage_class":"com.android.tools.idea.res.ResourceFolderRepositoryFileCacheImpl$ManageLruProjectFilesTask","created":1590161147705,"plugin_type":"JB_BUNDLED"},"id":"stage"}}
{"recorder_version":"31","session":"5a81612e10cd","build":"193.5662.53","bucket":"159","time":1590161147749,"group":{"id":"indexing","version":"2"},"event":{"count":1,"data":{"duration_ms":124,"ide_activity_id":2,"created":1590161147749},"id":"finished"}}
{"recorder_version":"31","session":"5a81612e10cd","build":"193.5662.53","bucket":"159","time":1590161147773,"group":{"id":"indexing","version":"2"},"event":{"count":1,"data":{"ide_activity_id":3,"created":1590161147773,"project":"d119a6d897fcb33934b9adf90ec59bc9e850f90f58367fa567dc99031a6fc921"},"id":"started"}}
{"recorder_version":"31","session":"5a81612e10cd","build":"193.5662.53","bucket":"159","time":1590161147780,"group":{"id":"indexing","version":"2"},"event":{"count":1,"data":{"ide_activity_id":3,"plugin":"org.jetbrains.android","stage_class":"com.android.tools.idea.res.ResourceFolderRegistry$PopulateCachesTask","created":1590161147780,"plugin_type":"JB_BUNDLED"},"id":"stage"}}
{"recorder_version":"31","session":"5a81612e10cd","build":"193.5662.53","bucket":"159","time":1590161147832,"group":{"id":"indexing","version":"2"},"event":{"count":1,"data":{"duration_ms":59,"ide_activity_id":3,"created":1590161147833},"id":"finished"}}
{"recorder_version":"31","session":"5a81612e10cd","build":"193.5662.53","bucket":"159","time":1590161148687,"group":{"id":"performance","version":"31"},"event":{"count":1,"data":{"duration_ms":723,"created":1590161148687},"id":"ui.lagging"}}
{"recorder_version":"31","session":"5a81612e10cd","build":"193.5662.53","bucket":"159","time":1590161156433,"group":{"id":"lifecycle","version":"31"},"event":{"count":1,"data":{"created":1590161156433,"project":"d119a6d897fcb33934b9adf90ec59bc9e850f90f58367fa567dc99031a6fc921"},"id":"frame.activated"}}
{"recorder_version":"31","session":"5a81612e10cd","build":"193.5662.53","bucket":"159","time":1590161157388,"group":{"id":"actions","version":"31"},"event":{"count":1,"data":{"context_menu":true,"action_id":"third.party","created":1590161157388,"plugin_type":"NOT_LISTED","project":"d119a6d897fcb33934b9adf90ec59bc9e850f90f58367fa567dc99031a6fc921","place":"MainMenu","class":"third.party","input_event":"NoMouseButton"},"id":"action.invoked"}}
{"recorder_version":"31","session":"5a81612e10cd","build":"193.5662.53","bucket":"159","time":1590161158475,"group":{"id":"ui.dialogs","version":"31"},"event":{"count":1,"data":{"created":1590161158476,"plugin_type":"NOT_LISTED","dialog_class":"third.party"},"id":"show"}}
{"recorder_version":"31","session":"5a81612e10cd","build":"193.5662.53","bucket":"159","time":1590161160372,"group":{"id":"ui.dialogs","version":"31"},"event":{"count":1,"data":{"code":0,"created":1590161160373,"plugin_type":"NOT_LISTED","dialog_class":"third.party"},"id":"close"}}
{"recorder_version":"31","session":"5a81612e10cd","build":"193.5662.53","bucket":"159","time":1590161161289,"group":{"id":"lifecycle","version":"31"},"event":{"count":1,"data":{"created":1590161161289,"project":"d119a6d897fcb33934b9adf90ec59bc9e850f90f58367fa567dc99031a6fc921"},"id":"frame.deactivated"}}
