{"recorder_version":"31","session":"38d4f3637b86","build":"193.5662.53","bucket":"159","time":1590252481425,"group":{"id":"settings","version":"4"},"event":{"state":true,"data":{"component":"UISettings","created":1590252481832},"id":"invoked"}}
{"recorder_version":"31","session":"38d4f3637b86","build":"193.5662.53","bucket":"159","time":1590252481426,"group":{"id":"settings","version":"4"},"event":{"state":true,"data":{"component":"NotRoamableUiSettings","created":1590252481836},"id":"invoked"}}
{"recorder_version":"31","session":"38d4f3637b86","build":"193.5662.53","bucket":"159","time":1590252481437,"group":{"id":"system.java","version":"1"},"event":{"state":true,"data":{"created":1590252481854,"version":"validation.undefined_rule"},"id":"validation.undefined_rule"}}
{"recorder_version":"31","session":"38d4f3637b86","build":"193.5662.53","bucket":"159","time":1590252481437,"group":{"id":"system.java","version":"1"},"event":{"state":true,"data":{"created":1590252481854},"id":"invoked"}}
{"recorder_version":"31","session":"38d4f3637b86","build":"193.5662.53","bucket":"159","time":1590252481481,"group":{"id":"system.os","version":"3"},"event":{"state":true,"data":{"created":1590252481855,"version":"10.15"},"id":"Mac"}}
{"recorder_version":"31","session":"38d4f3637b86","build":"193.5662.53","bucket":"159","time":1590252481481,"group":{"id":"system.os","version":"3"},"event":{"state":true,"data":{"created":1590252481856,"name":"Mac","version":"10.15"},"id":"os.name"}}
{"recorder_version":"31","session":"38d4f3637b86","build":"193.5662.53","bucket":"159","time":1590252481481,"group":{"id":"system.os","version":"3"},"event":{"state":true,"data":{"created":1590252481858,"value":"+02_00"},"id":"os.timezone"}}
{"recorder_version":"31","session":"38d4f3637b86","build":"193.5662.53","bucket":"159","time":1590252481481,"group":{"id":"system.os","version":"3"},"event":{"state":true,"data":{"created":1590252481858},"id":"invoked"}}
{"recorder_version":"31","session":"38d4f3637b86","build":"193.5662.53","bucket":"159","time":1590252481690,"group":{"id":"settings","version":"4"},"event":{"state":true,"data":{"component":"UpdatesConfigurable","created":1590252481859,"name":"checkNeeded","type":"bool","value":false},"id":"not.default"}}
{"recorder_version":"31","session":"38d4f3637b86","build":"193.5662.53","bucket":"159","time":1590252481690,"group":{"id":"settings","version":"4"},"event":{"state":true,"data":{"component":"UpdatesConfigurable","created":1590252481862},"id":"invoked"}}
{"recorder_version":"31","session":"38d4f3637b86","build":"193.5662.53","bucket":"159","time":1590252481773,"group":{"id":"event.log","version":"31"},"event":{"count":1,"data":{"created":1590252481863,"version":"1268.0"},"id":"whitelist.loaded"}}
{"recorder_version":"31","session":"38d4f3637b86","build":"193.5662.53","bucket":"159","time":1590252481899,"group":{"id":"settings","version":"4"},"event":{"state":true,"data":{"component":"GeneralSettings","created":1590252481900,"name":"showTipsOnStartup","type":"bool","value":false},"id":"not.default"}}
{"recorder_version":"31","session":"38d4f3637b86","build":"193.5662.53","bucket":"159","time":1590252481899,"group":{"id":"settings","version":"4"},"event":{"state":true,"data":{"component":"GeneralSettings","created":1590252481901},"id":"invoked"}}
{"recorder_version":"31","session":"38d4f3637b86","build":"193.5662.53","bucket":"159","time":1590252481940,"group":{"id":"lifecycle","version":"31"},"event":{"count":1,"data":{"internal":true,"eap":false,"created":1590252481940},"id":"ide.start"}}
{"recorder_version":"31","session":"38d4f3637b86","build":"193.5662.53","bucket":"159","time":1590252482033,"group":{"id":"settings","version":"4"},"event":{"state":true,"data":{"component":"XmlEditorOptions","created":1590252482033},"id":"invoked"}}
{"recorder_version":"31","session":"38d4f3637b86","build":"193.5662.53","bucket":"159","time":1590252483074,"group":{"id":"lifecycle","version":"31"},"event":{"count":1,"data":{"created":1590252483074},"id":"frame.activated"}}
{"recorder_version":"31","session":"38d4f3637b86","build":"193.5662.53","bucket":"159","time":1590252483074,"group":{"id":"settings","version":"4"},"event":{"state":true,"data":{"component":"VcsApplicationSettings","created":1590252483075},"id":"invoked"}}
{"recorder_version":"31","session":"38d4f3637b86","build":"193.5662.53","bucket":"159","time":1590252483114,"group":{"id":"performance","version":"31"},"event":{"count":1,"data":{"duration_ms":819,"created":1590252483114},"id":"ui.latency"}}
{"recorder_version":"31","session":"38d4f3637b86","build":"193.5662.53","bucket":"159","time":1590252483114,"group":{"id":"performance","version":"31"},"event":{"count":1,"data":{"duration_ms":819,"created":1590252483115},"id":"ui.lagging"}}
{"recorder_version":"31","session":"38d4f3637b86","build":"193.5662.53","bucket":"159","time":1590252483470,"group":{"id":"ui.dialogs","version":"31"},"event":{"count":1,"data":{"created":1590252483470,"plugin_type":"PLATFORM","dialog_class":"com.intellij.openapi.progress.util.ProgressDialog$MyDialogWrapper"},"id":"show"}}
{"recorder_version":"31","session":"38d4f3637b86","build":"193.5662.53","bucket":"159","time":1590252483652,"group":{"id":"performance","version":"31"},"event":{"count":1,"data":{"duration_ms":364,"created":1590252483652},"id":"ui.lagging"}}
{"recorder_version":"31","session":"38d4f3637b86","build":"193.5662.53","bucket":"159","time":1590252485455,"group":{"id":"lifecycle","version":"31"},"event":{"count":1,"data":{"created":1590252485455,"project":"d119a6d897fcb33934b9adf90ec59bc9e850f90f58367fa567dc99031a6fc921"},"id":"project.opened"}}
{"recorder_version":"31","session":"38d4f3637b86","build":"193.5662.53","bucket":"159","time":1590252486030,"group":{"id":"performance","version":"31"},"event":{"count":1,"data":{"duration_ms":738,"created":1590252486030},"id":"ui.lagging"}}
{"recorder_version":"31","session":"38d4f3637b86","build":"193.5662.53","bucket":"159","time":1590252486246,"group":{"id":"toolwindow","version":"31"},"event":{"count":1,"data":{"created":1590252486247,"plugin_type":"PLATFORM","id":"Event_Log"},"id":"activated"}}
{"recorder_version":"31","session":"38d4f3637b86","build":"193.5662.53","bucket":"159","time":1590252487305,"group":{"id":"performance","version":"31"},"event":{"count":1,"data":{"duration_ms":1008,"created":1590252487305},"id":"ui.lagging"}}
{"recorder_version":"31","session":"38d4f3637b86","build":"193.5662.53","bucket":"159","time":1590252488117,"group":{"id":"performance","version":"31"},"event":{"count":1,"data":{"duration_ms":814,"created":1590252488118},"id":"ui.lagging"}}
{"recorder_version":"31","session":"38d4f3637b86","build":"193.5662.53","bucket":"159","time":1590252488535,"group":{"id":"performance","version":"31"},"event":{"count":1,"data":{"duration_ms":232,"created":1590252488536},"id":"ui.lagging"}}
{"recorder_version":"31","session":"38d4f3637b86","build":"193.5662.53","bucket":"159","time":1590252489023,"group":{"id":"project.fs","version":"1"},"event":{"state":true,"data":{"os":"Mac","cs-project":false,"created":1590252489023,"project":"d119a6d897fcb33934b9adf90ec59bc9e850f90f58367fa567dc99031a6fc921","cs-implicit":true,"cs-system":false},"id":"case-sensitivity"}}
{"recorder_version":"31","session":"38d4f3637b86","build":"193.5662.53","bucket":"159","time":1590252489023,"group":{"id":"project.fs","version":"1"},"event":{"state":true,"data":{"created":1590252489024},"id":"invoked"}}
{"recorder_version":"31","session":"38d4f3637b86","build":"193.5662.53","bucket":"159","time":1590252489024,"group":{"id":"project.fs","version":"1"},"event":{"state":true,"data":{"pct-non-watched":0,"created":1590252489025,"project":"d119a6d897fcb33934b9adf90ec59bc9e850f90f58367fa567dc99031a6fc921"},"id":"roots-watched"}}
{"recorder_version":"31","session":"38d4f3637b86","build":"193.5662.53","bucket":"159","time":1590252489024,"group":{"id":"project.fs","version":"1"},"event":{"state":true,"data":{"created":1590252489025},"id":"invoked"}}
{"recorder_version":"31","session":"38d4f3637b86","build":"193.5662.53","bucket":"159","time":1590252489117,"group":{"id":"ui.dialogs","version":"31"},"event":{"count":1,"data":{"code":1,"created":1590252489118,"plugin_type":"PLATFORM","dialog_class":"com.intellij.openapi.progress.util.ProgressDialog$MyDialogWrapper"},"id":"close"}}
{"recorder_version":"31","session":"38d4f3637b86","build":"193.5662.53","bucket":"159","time":1590252489257,"group":{"id":"indexing","version":"2"},"event":{"count":1,"data":{"ide_activity_id":1,"created":1590252489258,"project":"d119a6d897fcb33934b9adf90ec59bc9e850f90f58367fa567dc99031a6fc921"},"id":"started"}}
{"recorder_version":"31","session":"38d4f3637b86","build":"193.5662.53","bucket":"159","time":1590252489320,"group":{"id":"indexing","version":"2"},"event":{"count":1,"data":{"ide_activity_id":1,"stage_class":"com.intellij.util.indexing.UnindexedFilesUpdater","created":1590252489320,"plugin_type":"PLATFORM"},"id":"stage"}}
{"recorder_version":"31","session":"38d4f3637b86","build":"193.5662.53","bucket":"159","time":1590252489381,"group":{"id":"lifecycle","version":"31"},"event":{"count":1,"data":{"duration_ms":7328,"created":1590252489382,"project":"d119a6d897fcb33934b9adf90ec59bc9e850f90f58367fa567dc99031a6fc921"},"id":"project.opening.finished"}}
{"recorder_version":"31","session":"38d4f3637b86","build":"193.5662.53","bucket":"159","time":1590252492965,"group":{"id":"lifecycle","version":"31"},"event":{"count":1,"data":{"created":1590252492965,"project":"d119a6d897fcb33934b9adf90ec59bc9e850f90f58367fa567dc99031a6fc921"},"id":"frame.deactivated"}}
{"recorder_version":"31","session":"38d4f3637b86","build":"193.5662.53","bucket":"159","time":1590252493705,"group":{"id":"indexing","version":"2"},"event":{"count":1,"data":{"duration_ms":4448,"ide_activity_id":1,"created":1590252493706},"id":"finished"}}
{"recorder_version":"31","session":"38d4f3637b86","build":"193.5662.53","bucket":"159","time":1590252493859,"group":{"id":"indexing","version":"2"},"event":{"count":1,"data":{"ide_activity_id":2,"created":1590252493859,"project":"d119a6d897fcb33934b9adf90ec59bc9e850f90f58367fa567dc99031a6fc921"},"id":"started"}}
{"recorder_version":"31","session":"38d4f3637b86","build":"193.5662.53","bucket":"159","time":1590252493881,"group":{"id":"indexing","version":"2"},"event":{"count":1,"data":{"ide_activity_id":2,"plugin":"org.jetbrains.android","stage_class":"com.android.tools.idea.res.ResourceFolderRepositoryFileCacheImpl$PruneTask","created":1590252493882,"plugin_type":"JB_BUNDLED"},"id":"stage"}}
{"recorder_version":"31","session":"38d4f3637b86","build":"193.5662.53","bucket":"159","time":1590252493932,"group":{"id":"indexing","version":"2"},"event":{"count":1,"data":{"ide_activity_id":2,"plugin":"org.jetbrains.android","stage_class":"com.android.tools.idea.res.ResourceFolderRepositoryFileCacheImpl$ManageLruProjectFilesTask","created":1590252493933,"plugin_type":"JB_BUNDLED"},"id":"stage"}}
{"recorder_version":"31","session":"38d4f3637b86","build":"193.5662.53","bucket":"159","time":1590252493968,"group":{"id":"indexing","version":"2"},"event":{"count":1,"data":{"duration_ms":109,"ide_activity_id":2,"created":1590252493968},"id":"finished"}}
{"recorder_version":"31","session":"38d4f3637b86","build":"193.5662.53","bucket":"159","time":1590252493992,"group":{"id":"indexing","version":"2"},"event":{"count":1,"data":{"ide_activity_id":3,"created":1590252493992,"project":"d119a6d897fcb33934b9adf90ec59bc9e850f90f58367fa567dc99031a6fc921"},"id":"started"}}
{"recorder_version":"31","session":"38d4f3637b86","build":"193.5662.53","bucket":"159","time":1590252494010,"group":{"id":"indexing","version":"2"},"event":{"count":1,"data":{"ide_activity_id":3,"plugin":"org.jetbrains.android","stage_class":"com.android.tools.idea.res.ResourceFolderRegistry$PopulateCachesTask","created":1590252494011,"plugin_type":"JB_BUNDLED"},"id":"stage"}}
{"recorder_version":"31","session":"38d4f3637b86","build":"193.5662.53","bucket":"159","time":1590252494056,"group":{"id":"indexing","version":"2"},"event":{"count":1,"data":{"duration_ms":64,"ide_activity_id":3,"created":1590252494057},"id":"finished"}}
{"recorder_version":"31","session":"38d4f3637b86","build":"193.5662.53","bucket":"159","time":1590252494139,"group":{"id":"startup","version":"1"},"event":{"count":1,"data":{"duration":2345,"created":1590252494139},"id":"appInit"}}
{"recorder_version":"31","session":"38d4f3637b86","build":"193.5662.53","bucket":"159","time":1590252494139,"group":{"id":"startup","version":"1"},"event":{"count":1,"data":{"duration":437,"created":1590252494139},"id":"splash"}}
{"recorder_version":"31","session":"38d4f3637b86","build":"193.5662.53","bucket":"159","time":1590252494139,"group":{"id":"startup","version":"1"},"event":{"count":1,"data":{"duration":636,"created":1590252494140},"id":"bootstrap"}}
{"recorder_version":"31","session":"38d4f3637b86","build":"193.5662.53","bucket":"159","time":1590252494139,"group":{"id":"startup","version":"1"},"event":{"count":1,"data":{"duration":11392,"created":1590252494141},"id":"totalDuration"}}
