{"recorder_version":"31","session":"a7c9567905be","build":"193.5662.53","bucket":"159","time":1590180920176,"group":{"id":"settings","version":"4"},"event":{"state":true,"data":{"component":"NotRoamableUiSettings","created":1590180920555},"id":"invoked"}}
{"recorder_version":"31","session":"a7c9567905be","build":"193.5662.53","bucket":"159","time":1590180920184,"group":{"id":"settings","version":"4"},"event":{"state":true,"data":{"component":"UISettings","created":1590180920557},"id":"invoked"}}
{"recorder_version":"31","session":"a7c9567905be","build":"193.5662.53","bucket":"159","time":1590180920190,"group":{"id":"system.java","version":"1"},"event":{"state":true,"data":{"created":1590180920567,"version":"validation.undefined_rule"},"id":"validation.undefined_rule"}}
{"recorder_version":"31","session":"a7c9567905be","build":"193.5662.53","bucket":"159","time":1590180920190,"group":{"id":"system.java","version":"1"},"event":{"state":true,"data":{"created":1590180920567},"id":"invoked"}}
{"recorder_version":"31","session":"a7c9567905be","build":"193.5662.53","bucket":"159","time":1590180920219,"group":{"id":"system.os","version":"3"},"event":{"state":true,"data":{"created":1590180920568,"version":"10.15"},"id":"Mac"}}
{"recorder_version":"31","session":"a7c9567905be","build":"193.5662.53","bucket":"159","time":1590180920219,"group":{"id":"system.os","version":"3"},"event":{"state":true,"data":{"created":1590180920569,"name":"Mac","version":"10.15"},"id":"os.name"}}
{"recorder_version":"31","session":"a7c9567905be","build":"193.5662.53","bucket":"159","time":1590180920219,"group":{"id":"system.os","version":"3"},"event":{"state":true,"data":{"created":1590180920569,"value":"+02_00"},"id":"os.timezone"}}
{"recorder_version":"31","session":"a7c9567905be","build":"193.5662.53","bucket":"159","time":1590180920219,"group":{"id":"system.os","version":"3"},"event":{"state":true,"data":{"created":1590180920569},"id":"invoked"}}
{"recorder_version":"31","session":"a7c9567905be","build":"193.5662.53","bucket":"159","time":1590180920369,"group":{"id":"settings","version":"4"},"event":{"state":true,"data":{"component":"UpdatesConfigurable","created":1590180920570,"name":"checkNeeded","type":"bool","value":false},"id":"not.default"}}
{"recorder_version":"31","session":"a7c9567905be","build":"193.5662.53","bucket":"159","time":1590180920369,"group":{"id":"settings","version":"4"},"event":{"state":true,"data":{"component":"UpdatesConfigurable","created":1590180920572},"id":"invoked"}}
{"recorder_version":"31","session":"a7c9567905be","build":"193.5662.53","bucket":"159","time":1590180920521,"group":{"id":"event.log","version":"31"},"event":{"count":1,"data":{"created":1590180920573,"version":"1268.0"},"id":"whitelist.loaded"}}
{"recorder_version":"31","session":"a7c9567905be","build":"193.5662.53","bucket":"159","time":1590180920669,"group":{"id":"settings","version":"4"},"event":{"state":true,"data":{"component":"GeneralSettings","created":1590180920669,"name":"showTipsOnStartup","type":"bool","value":false},"id":"not.default"}}
{"recorder_version":"31","session":"a7c9567905be","build":"193.5662.53","bucket":"159","time":1590180920669,"group":{"id":"settings","version":"4"},"event":{"state":true,"data":{"component":"GeneralSettings","created":1590180920670},"id":"invoked"}}
{"recorder_version":"31","session":"a7c9567905be","build":"193.5662.53","bucket":"159","time":1590180920708,"group":{"id":"lifecycle","version":"31"},"event":{"count":1,"data":{"internal":true,"eap":false,"created":1590180920708},"id":"ide.start"}}
{"recorder_version":"31","session":"a7c9567905be","build":"193.5662.53","bucket":"159","time":1590180920806,"group":{"id":"settings","version":"4"},"event":{"state":true,"data":{"component":"XmlEditorOptions","created":1590180920806},"id":"invoked"}}
{"recorder_version":"31","session":"a7c9567905be","build":"193.5662.53","bucket":"159","time":1590180921809,"group":{"id":"settings","version":"4"},"event":{"state":true,"data":{"component":"VcsApplicationSettings","created":1590180921809},"id":"invoked"}}
{"recorder_version":"31","session":"a7c9567905be","build":"193.5662.53","bucket":"159","time":1590180921809,"group":{"id":"lifecycle","version":"31"},"event":{"count":1,"data":{"created":1590180921810},"id":"frame.activated"}}
{"recorder_version":"31","session":"a7c9567905be","build":"193.5662.53","bucket":"159","time":1590180921848,"group":{"id":"performance","version":"31"},"event":{"count":1,"data":{"duration_ms":853,"created":1590180921848},"id":"ui.latency"}}
{"recorder_version":"31","session":"a7c9567905be","build":"193.5662.53","bucket":"159","time":1590180921848,"group":{"id":"performance","version":"31"},"event":{"count":1,"data":{"duration_ms":853,"created":1590180921849},"id":"ui.lagging"}}
{"recorder_version":"31","session":"a7c9567905be","build":"193.5662.53","bucket":"159","time":1590180922150,"group":{"id":"ui.dialogs","version":"31"},"event":{"count":1,"data":{"created":1590180922150,"plugin_type":"PLATFORM","dialog_class":"com.intellij.openapi.progress.util.ProgressDialog$MyDialogWrapper"},"id":"show"}}
{"recorder_version":"31","session":"a7c9567905be","build":"193.5662.53","bucket":"159","time":1590180922332,"group":{"id":"performance","version":"31"},"event":{"count":1,"data":{"duration_ms":343,"created":1590180922333},"id":"ui.lagging"}}
{"recorder_version":"31","session":"a7c9567905be","build":"193.5662.53","bucket":"159","time":1590180923905,"group":{"id":"lifecycle","version":"31"},"event":{"count":1,"data":{"created":1590180923905,"project":"d119a6d897fcb33934b9adf90ec59bc9e850f90f58367fa567dc99031a6fc921"},"id":"project.opened"}}
{"recorder_version":"31","session":"a7c9567905be","build":"193.5662.53","bucket":"159","time":1590180924592,"group":{"id":"performance","version":"31"},"event":{"count":1,"data":{"duration_ms":602,"created":1590180924593},"id":"ui.lagging"}}
{"recorder_version":"31","session":"a7c9567905be","build":"193.5662.53","bucket":"159","time":1590180924614,"group":{"id":"toolwindow","version":"31"},"event":{"count":1,"data":{"created":1590180924614,"plugin_type":"PLATFORM","id":"Event_Log"},"id":"activated"}}
{"recorder_version":"31","session":"a7c9567905be","build":"193.5662.53","bucket":"159","time":1590180925569,"group":{"id":"performance","version":"31"},"event":{"count":1,"data":{"duration_ms":574,"created":1590180925569},"id":"ui.lagging"}}
{"recorder_version":"31","session":"a7c9567905be","build":"193.5662.53","bucket":"159","time":1590180926251,"group":{"id":"performance","version":"31"},"event":{"count":1,"data":{"duration_ms":251,"created":1590180926251},"id":"ui.lagging"}}
{"recorder_version":"31","session":"a7c9567905be","build":"193.5662.53","bucket":"159","time":1590180926896,"group":{"id":"project.fs","version":"1"},"event":{"state":true,"data":{"os":"Mac","cs-project":false,"created":1590180926897,"project":"d119a6d897fcb33934b9adf90ec59bc9e850f90f58367fa567dc99031a6fc921","cs-implicit":true,"cs-system":false},"id":"case-sensitivity"}}
{"recorder_version":"31","session":"a7c9567905be","build":"193.5662.53","bucket":"159","time":1590180926896,"group":{"id":"project.fs","version":"1"},"event":{"state":true,"data":{"created":1590180926897},"id":"invoked"}}
{"recorder_version":"31","session":"a7c9567905be","build":"193.5662.53","bucket":"159","time":1590180926897,"group":{"id":"project.fs","version":"1"},"event":{"state":true,"data":{"pct-non-watched":0,"created":1590180926897,"project":"d119a6d897fcb33934b9adf90ec59bc9e850f90f58367fa567dc99031a6fc921"},"id":"roots-watched"}}
{"recorder_version":"31","session":"a7c9567905be","build":"193.5662.53","bucket":"159","time":1590180926897,"group":{"id":"project.fs","version":"1"},"event":{"state":true,"data":{"created":1590180926898},"id":"invoked"}}
{"recorder_version":"31","session":"a7c9567905be","build":"193.5662.53","bucket":"159","time":1590180926898,"group":{"id":"indexing","version":"2"},"event":{"count":1,"data":{"ide_activity_id":1,"created":1590180926898,"project":"d119a6d897fcb33934b9adf90ec59bc9e850f90f58367fa567dc99031a6fc921"},"id":"started"}}
{"recorder_version":"31","session":"a7c9567905be","build":"193.5662.53","bucket":"159","time":1590180927005,"group":{"id":"ui.dialogs","version":"31"},"event":{"count":1,"data":{"code":1,"created":1590180927006,"plugin_type":"PLATFORM","dialog_class":"com.intellij.openapi.progress.util.ProgressDialog$MyDialogWrapper"},"id":"close"}}
{"recorder_version":"31","session":"a7c9567905be","build":"193.5662.53","bucket":"159","time":1590180927014,"group":{"id":"indexing","version":"2"},"event":{"count":1,"data":{"ide_activity_id":1,"stage_class":"com.intellij.util.indexing.UnindexedFilesUpdater","created":1590180927014,"plugin_type":"PLATFORM"},"id":"stage"}}
{"recorder_version":"31","session":"a7c9567905be","build":"193.5662.53","bucket":"159","time":1590180927233,"group":{"id":"lifecycle","version":"31"},"event":{"count":1,"data":{"duration_ms":6414,"created":1590180927233,"project":"d119a6d897fcb33934b9adf90ec59bc9e850f90f58367fa567dc99031a6fc921"},"id":"project.opening.finished"}}
{"recorder_version":"31","session":"a7c9567905be","build":"193.5662.53","bucket":"159","time":1590180929766,"group":{"id":"indexing","version":"2"},"event":{"count":1,"data":{"duration_ms":2867,"ide_activity_id":1,"created":1590180929767},"id":"finished"}}
{"recorder_version":"31","session":"a7c9567905be","build":"193.5662.53","bucket":"159","time":1590180929883,"group":{"id":"indexing","version":"2"},"event":{"count":1,"data":{"ide_activity_id":2,"created":1590180929883,"project":"d119a6d897fcb33934b9adf90ec59bc9e850f90f58367fa567dc99031a6fc921"},"id":"started"}}
{"recorder_version":"31","session":"a7c9567905be","build":"193.5662.53","bucket":"159","time":1590180929906,"group":{"id":"indexing","version":"2"},"event":{"count":1,"data":{"ide_activity_id":2,"plugin":"org.jetbrains.android","stage_class":"com.android.tools.idea.res.ResourceFolderRepositoryFileCacheImpl$PruneTask","created":1590180929908,"plugin_type":"JB_BUNDLED"},"id":"stage"}}
{"recorder_version":"31","session":"a7c9567905be","build":"193.5662.53","bucket":"159","time":1590180929955,"group":{"id":"indexing","version":"2"},"event":{"count":1,"data":{"ide_activity_id":2,"plugin":"org.jetbrains.android","stage_class":"com.android.tools.idea.res.ResourceFolderRepositoryFileCacheImpl$ManageLruProjectFilesTask","created":1590180929957,"plugin_type":"JB_BUNDLED"},"id":"stage"}}
{"recorder_version":"31","session":"a7c9567905be","build":"193.5662.53","bucket":"159","time":1590180930007,"group":{"id":"indexing","version":"2"},"event":{"count":1,"data":{"duration_ms":124,"ide_activity_id":2,"created":1590180930007},"id":"finished"}}
{"recorder_version":"31","session":"a7c9567905be","build":"193.5662.53","bucket":"159","time":1590180930025,"group":{"id":"indexing","version":"2"},"event":{"count":1,"data":{"ide_activity_id":3,"created":1590180930025,"project":"d119a6d897fcb33934b9adf90ec59bc9e850f90f58367fa567dc99031a6fc921"},"id":"started"}}
{"recorder_version":"31","session":"a7c9567905be","build":"193.5662.53","bucket":"159","time":1590180930040,"group":{"id":"indexing","version":"2"},"event":{"count":1,"data":{"ide_activity_id":3,"plugin":"org.jetbrains.android","stage_class":"com.android.tools.idea.res.ResourceFolderRegistry$PopulateCachesTask","created":1590180930041,"plugin_type":"JB_BUNDLED"},"id":"stage"}}
{"recorder_version":"31","session":"a7c9567905be","build":"193.5662.53","bucket":"159","time":1590180930088,"group":{"id":"indexing","version":"2"},"event":{"count":1,"data":{"duration_ms":63,"ide_activity_id":3,"created":1590180930088},"id":"finished"}}
{"recorder_version":"31","session":"a7c9567905be","build":"193.5662.53","bucket":"159","time":1590180932009,"group":{"id":"startup","version":"1"},"event":{"count":1,"data":{"duration":2106,"created":1590180932009},"id":"appInit"}}
{"recorder_version":"31","session":"a7c9567905be","build":"193.5662.53","bucket":"159","time":1590180932009,"group":{"id":"startup","version":"1"},"event":{"count":1,"data":{"duration":448,"created":1590180932010},"id":"splash"}}
{"recorder_version":"31","session":"a7c9567905be","build":"193.5662.53","bucket":"159","time":1590180932009,"group":{"id":"startup","version":"1"},"event":{"count":1,"data":{"duration":412,"created":1590180932010},"id":"bootstrap"}}
{"recorder_version":"31","session":"a7c9567905be","build":"193.5662.53","bucket":"159","time":1590180932009,"group":{"id":"startup","version":"1"},"event":{"count":1,"data":{"duration":10137,"created":1590180932010},"id":"totalDuration"}}
{"recorder_version":"31","session":"a7c9567905be","build":"193.5662.53","bucket":"159","time":1590180932964,"group":{"id":"actions","version":"31"},"event":{"count":1,"data":{"context_menu":true,"action_id":"third.party","created":1590180932965,"plugin_type":"NOT_LISTED","project":"d119a6d897fcb33934b9adf90ec59bc9e850f90f58367fa567dc99031a6fc921","place":"MainMenu","class":"third.party","input_event":"NoMouseButton"},"id":"action.invoked"}}
{"recorder_version":"31","session":"a7c9567905be","build":"193.5662.53","bucket":"159","time":1590180933183,"group":{"id":"performance","version":"31"},"event":{"count":1,"data":{"duration_ms":169,"created":1590180933183},"id":"ui.lagging"}}
{"recorder_version":"31","session":"a7c9567905be","build":"193.5662.53","bucket":"159","time":1590180935344,"group":{"id":"ui.dialogs","version":"31"},"event":{"count":1,"data":{"created":1590180935344,"plugin_type":"NOT_LISTED","dialog_class":"third.party"},"id":"show"}}
{"recorder_version":"31","session":"a7c9567905be","build":"193.5662.53","bucket":"159","time":1590180945245,"group":{"id":"ui.dialogs","version":"31"},"event":{"count":1,"data":{"code":0,"created":1590180945245,"plugin_type":"NOT_LISTED","dialog_class":"third.party"},"id":"close"}}
