{"recorder_version":"31","session":"f0c8c12d34b4","build":"193.5662.53","bucket":"159","time":1590181392419,"group":{"id":"settings","version":"4"},"event":{"state":true,"data":{"component":"UISettings","created":1590181392769},"id":"invoked"}}
{"recorder_version":"31","session":"f0c8c12d34b4","build":"193.5662.53","bucket":"159","time":1590181392418,"group":{"id":"settings","version":"4"},"event":{"state":true,"data":{"component":"NotRoamableUiSettings","created":1590181392773},"id":"invoked"}}
{"recorder_version":"31","session":"f0c8c12d34b4","build":"193.5662.53","bucket":"159","time":1590181392433,"group":{"id":"system.java","version":"1"},"event":{"state":true,"data":{"created":1590181392785,"version":"validation.undefined_rule"},"id":"validation.undefined_rule"}}
{"recorder_version":"31","session":"f0c8c12d34b4","build":"193.5662.53","bucket":"159","time":1590181392433,"group":{"id":"system.java","version":"1"},"event":{"state":true,"data":{"created":1590181392785},"id":"invoked"}}
{"recorder_version":"31","session":"f0c8c12d34b4","build":"193.5662.53","bucket":"159","time":1590181392462,"group":{"id":"system.os","version":"3"},"event":{"state":true,"data":{"created":1590181392804,"version":"10.15"},"id":"Mac"}}
{"recorder_version":"31","session":"f0c8c12d34b4","build":"193.5662.53","bucket":"159","time":1590181392462,"group":{"id":"system.os","version":"3"},"event":{"state":true,"data":{"created":1590181392804,"name":"Mac","version":"10.15"},"id":"os.name"}}
{"recorder_version":"31","session":"f0c8c12d34b4","build":"193.5662.53","bucket":"159","time":1590181392462,"group":{"id":"system.os","version":"3"},"event":{"state":true,"data":{"created":1590181392805,"value":"+02_00"},"id":"os.timezone"}}
{"recorder_version":"31","session":"f0c8c12d34b4","build":"193.5662.53","bucket":"159","time":1590181392462,"group":{"id":"system.os","version":"3"},"event":{"state":true,"data":{"created":1590181392805},"id":"invoked"}}
{"recorder_version":"31","session":"f0c8c12d34b4","build":"193.5662.53","bucket":"159","time":1590181392635,"group":{"id":"settings","version":"4"},"event":{"state":true,"data":{"component":"UpdatesConfigurable","created":1590181392806,"name":"checkNeeded","type":"bool","value":false},"id":"not.default"}}
{"recorder_version":"31","session":"f0c8c12d34b4","build":"193.5662.53","bucket":"159","time":1590181392635,"group":{"id":"settings","version":"4"},"event":{"state":true,"data":{"component":"UpdatesConfigurable","created":1590181392807},"id":"invoked"}}
{"recorder_version":"31","session":"f0c8c12d34b4","build":"193.5662.53","bucket":"159","time":1590181392732,"group":{"id":"event.log","version":"31"},"event":{"count":1,"data":{"created":1590181392807,"version":"1268.0"},"id":"whitelist.loaded"}}
{"recorder_version":"31","session":"f0c8c12d34b4","build":"193.5662.53","bucket":"159","time":1590181392890,"group":{"id":"settings","version":"4"},"event":{"state":true,"data":{"component":"GeneralSettings","created":1590181392892,"name":"showTipsOnStartup","type":"bool","value":false},"id":"not.default"}}
{"recorder_version":"31","session":"f0c8c12d34b4","build":"193.5662.53","bucket":"159","time":1590181392892,"group":{"id":"settings","version":"4"},"event":{"state":true,"data":{"component":"GeneralSettings","created":1590181392893},"id":"invoked"}}
{"recorder_version":"31","session":"f0c8c12d34b4","build":"193.5662.53","bucket":"159","time":1590181392930,"group":{"id":"lifecycle","version":"31"},"event":{"count":1,"data":{"internal":true,"eap":false,"created":1590181392930},"id":"ide.start"}}
{"recorder_version":"31","session":"f0c8c12d34b4","build":"193.5662.53","bucket":"159","time":1590181393010,"group":{"id":"settings","version":"4"},"event":{"state":true,"data":{"component":"XmlEditorOptions","created":1590181393010},"id":"invoked"}}
{"recorder_version":"31","session":"f0c8c12d34b4","build":"193.5662.53","bucket":"159","time":1590181393936,"group":{"id":"lifecycle","version":"31"},"event":{"count":1,"data":{"created":1590181393936},"id":"frame.activated"}}
{"recorder_version":"31","session":"f0c8c12d34b4","build":"193.5662.53","bucket":"159","time":1590181393936,"group":{"id":"settings","version":"4"},"event":{"state":true,"data":{"component":"VcsApplicationSettings","created":1590181393937},"id":"invoked"}}
{"recorder_version":"31","session":"f0c8c12d34b4","build":"193.5662.53","bucket":"159","time":1590181393995,"group":{"id":"performance","version":"31"},"event":{"count":1,"data":{"duration_ms":680,"created":1590181393995},"id":"ui.latency"}}
{"recorder_version":"31","session":"f0c8c12d34b4","build":"193.5662.53","bucket":"159","time":1590181393995,"group":{"id":"performance","version":"31"},"event":{"count":1,"data":{"duration_ms":680,"created":1590181393996},"id":"ui.lagging"}}
{"recorder_version":"31","session":"f0c8c12d34b4","build":"193.5662.53","bucket":"159","time":1590181394319,"group":{"id":"ui.dialogs","version":"31"},"event":{"count":1,"data":{"created":1590181394320,"plugin_type":"PLATFORM","dialog_class":"com.intellij.openapi.progress.util.ProgressDialog$MyDialogWrapper"},"id":"show"}}
{"recorder_version":"31","session":"f0c8c12d34b4","build":"193.5662.53","bucket":"159","time":1590181394523,"group":{"id":"performance","version":"31"},"event":{"count":1,"data":{"duration_ms":213,"created":1590181394523},"id":"ui.lagging"}}
{"recorder_version":"31","session":"f0c8c12d34b4","build":"193.5662.53","bucket":"159","time":1590181396162,"group":{"id":"lifecycle","version":"31"},"event":{"count":1,"data":{"created":1590181396162,"project":"d119a6d897fcb33934b9adf90ec59bc9e850f90f58367fa567dc99031a6fc921"},"id":"project.opened"}}
{"recorder_version":"31","session":"f0c8c12d34b4","build":"193.5662.53","bucket":"159","time":1590181396924,"group":{"id":"performance","version":"31"},"event":{"count":1,"data":{"duration_ms":609,"created":1590181396925},"id":"ui.lagging"}}
{"recorder_version":"31","session":"f0c8c12d34b4","build":"193.5662.53","bucket":"159","time":1590181396955,"group":{"id":"toolwindow","version":"31"},"event":{"count":1,"data":{"created":1590181396955,"plugin_type":"PLATFORM","id":"Event_Log"},"id":"activated"}}
{"recorder_version":"31","session":"f0c8c12d34b4","build":"193.5662.53","bucket":"159","time":1590181398016,"group":{"id":"performance","version":"31"},"event":{"count":1,"data":{"duration_ms":697,"created":1590181398016},"id":"ui.lagging"}}
{"recorder_version":"31","session":"f0c8c12d34b4","build":"193.5662.53","bucket":"159","time":1590181398754,"group":{"id":"performance","version":"31"},"event":{"count":1,"data":{"duration_ms":432,"created":1590181398754},"id":"ui.lagging"}}
{"recorder_version":"31","session":"f0c8c12d34b4","build":"193.5662.53","bucket":"159","time":1590181399446,"group":{"id":"performance","version":"31"},"event":{"count":1,"data":{"duration_ms":121,"created":1590181399446},"id":"ui.lagging"}}
{"recorder_version":"31","session":"f0c8c12d34b4","build":"193.5662.53","bucket":"159","time":1590181399562,"group":{"id":"indexing","version":"2"},"event":{"count":1,"data":{"ide_activity_id":1,"created":1590181399562,"project":"d119a6d897fcb33934b9adf90ec59bc9e850f90f58367fa567dc99031a6fc921"},"id":"started"}}
{"recorder_version":"31","session":"f0c8c12d34b4","build":"193.5662.53","bucket":"159","time":1590181399571,"group":{"id":"project.fs","version":"1"},"event":{"state":true,"data":{"os":"Mac","cs-project":false,"created":1590181399572,"project":"d119a6d897fcb33934b9adf90ec59bc9e850f90f58367fa567dc99031a6fc921","cs-implicit":true,"cs-system":false},"id":"case-sensitivity"}}
{"recorder_version":"31","session":"f0c8c12d34b4","build":"193.5662.53","bucket":"159","time":1590181399571,"group":{"id":"project.fs","version":"1"},"event":{"state":true,"data":{"created":1590181399572},"id":"invoked"}}
{"recorder_version":"31","session":"f0c8c12d34b4","build":"193.5662.53","bucket":"159","time":1590181399573,"group":{"id":"project.fs","version":"1"},"event":{"state":true,"data":{"pct-non-watched":0,"created":1590181399573,"project":"d119a6d897fcb33934b9adf90ec59bc9e850f90f58367fa567dc99031a6fc921"},"id":"roots-watched"}}
{"recorder_version":"31","session":"f0c8c12d34b4","build":"193.5662.53","bucket":"159","time":1590181399573,"group":{"id":"project.fs","version":"1"},"event":{"state":true,"data":{"created":1590181399574},"id":"invoked"}}
{"recorder_version":"31","session":"f0c8c12d34b4","build":"193.5662.53","bucket":"159","time":1590181399758,"group":{"id":"indexing","version":"2"},"event":{"count":1,"data":{"ide_activity_id":1,"stage_class":"com.intellij.util.indexing.UnindexedFilesUpdater","created":1590181399758,"plugin_type":"PLATFORM"},"id":"stage"}}
{"recorder_version":"31","session":"f0c8c12d34b4","build":"193.5662.53","bucket":"159","time":1590181399759,"group":{"id":"ui.dialogs","version":"31"},"event":{"count":1,"data":{"code":1,"created":1590181399759,"plugin_type":"PLATFORM","dialog_class":"com.intellij.openapi.progress.util.ProgressDialog$MyDialogWrapper"},"id":"close"}}
{"recorder_version":"31","session":"f0c8c12d34b4","build":"193.5662.53","bucket":"159","time":1590181399974,"group":{"id":"lifecycle","version":"31"},"event":{"count":1,"data":{"duration_ms":6953,"created":1590181399974,"project":"d119a6d897fcb33934b9adf90ec59bc9e850f90f58367fa567dc99031a6fc921"},"id":"project.opening.finished"}}
{"recorder_version":"31","session":"f0c8c12d34b4","build":"193.5662.53","bucket":"159","time":1590181402836,"group":{"id":"indexing","version":"2"},"event":{"count":1,"data":{"duration_ms":3274,"ide_activity_id":1,"created":1590181402837},"id":"finished"}}
{"recorder_version":"31","session":"f0c8c12d34b4","build":"193.5662.53","bucket":"159","time":1590181402962,"group":{"id":"indexing","version":"2"},"event":{"count":1,"data":{"ide_activity_id":2,"created":1590181402962,"project":"d119a6d897fcb33934b9adf90ec59bc9e850f90f58367fa567dc99031a6fc921"},"id":"started"}}
{"recorder_version":"31","session":"f0c8c12d34b4","build":"193.5662.53","bucket":"159","time":1590181402983,"group":{"id":"indexing","version":"2"},"event":{"count":1,"data":{"ide_activity_id":2,"plugin":"org.jetbrains.android","stage_class":"com.android.tools.idea.res.ResourceFolderRepositoryFileCacheImpl$PruneTask","created":1590181402984,"plugin_type":"JB_BUNDLED"},"id":"stage"}}
{"recorder_version":"31","session":"f0c8c12d34b4","build":"193.5662.53","bucket":"159","time":1590181403034,"group":{"id":"indexing","version":"2"},"event":{"count":1,"data":{"ide_activity_id":2,"plugin":"org.jetbrains.android","stage_class":"com.android.tools.idea.res.ResourceFolderRepositoryFileCacheImpl$ManageLruProjectFilesTask","created":1590181403036,"plugin_type":"JB_BUNDLED"},"id":"stage"}}
{"recorder_version":"31","session":"f0c8c12d34b4","build":"193.5662.53","bucket":"159","time":1590181403067,"group":{"id":"indexing","version":"2"},"event":{"count":1,"data":{"duration_ms":105,"ide_activity_id":2,"created":1590181403068},"id":"finished"}}
{"recorder_version":"31","session":"f0c8c12d34b4","build":"193.5662.53","bucket":"159","time":1590181403092,"group":{"id":"indexing","version":"2"},"event":{"count":1,"data":{"ide_activity_id":3,"created":1590181403092,"project":"d119a6d897fcb33934b9adf90ec59bc9e850f90f58367fa567dc99031a6fc921"},"id":"started"}}
{"recorder_version":"31","session":"f0c8c12d34b4","build":"193.5662.53","bucket":"159","time":1590181403105,"group":{"id":"indexing","version":"2"},"event":{"count":1,"data":{"ide_activity_id":3,"plugin":"org.jetbrains.android","stage_class":"com.android.tools.idea.res.ResourceFolderRegistry$PopulateCachesTask","created":1590181403105,"plugin_type":"JB_BUNDLED"},"id":"stage"}}
{"recorder_version":"31","session":"f0c8c12d34b4","build":"193.5662.53","bucket":"159","time":1590181403150,"group":{"id":"indexing","version":"2"},"event":{"count":1,"data":{"duration_ms":57,"ide_activity_id":3,"created":1590181403150},"id":"finished"}}
{"recorder_version":"31","session":"f0c8c12d34b4","build":"193.5662.53","bucket":"159","time":1590181403512,"group":{"id":"performance","version":"31"},"event":{"count":1,"data":{"duration_ms":177,"created":1590181403512},"id":"ui.lagging"}}
{"recorder_version":"31","session":"f0c8c12d34b4","build":"193.5662.53","bucket":"159","time":1590181404766,"group":{"id":"startup","version":"1"},"event":{"count":1,"data":{"duration":2136,"created":1590181404766},"id":"appInit"}}
{"recorder_version":"31","session":"f0c8c12d34b4","build":"193.5662.53","bucket":"159","time":1590181404766,"group":{"id":"startup","version":"1"},"event":{"count":1,"data":{"duration":408,"created":1590181404767},"id":"splash"}}
{"recorder_version":"31","session":"f0c8c12d34b4","build":"193.5662.53","bucket":"159","time":1590181404766,"group":{"id":"startup","version":"1"},"event":{"count":1,"data":{"duration":357,"created":1590181404767},"id":"bootstrap"}}
{"recorder_version":"31","session":"f0c8c12d34b4","build":"193.5662.53","bucket":"159","time":1590181404766,"group":{"id":"startup","version":"1"},"event":{"count":1,"data":{"duration":10155,"created":1590181404767},"id":"totalDuration"}}
{"recorder_version":"31","session":"f0c8c12d34b4","build":"193.5662.53","bucket":"159","time":1590181405421,"group":{"id":"actions","version":"31"},"event":{"count":1,"data":{"context_menu":true,"action_id":"third.party","created":1590181405421,"plugin_type":"NOT_LISTED","project":"d119a6d897fcb33934b9adf90ec59bc9e850f90f58367fa567dc99031a6fc921","place":"MainMenu","class":"third.party","input_event":"NoMouseButton"},"id":"action.invoked"}}
{"recorder_version":"31","session":"f0c8c12d34b4","build":"193.5662.53","bucket":"159","time":1590181406858,"group":{"id":"ui.dialogs","version":"31"},"event":{"count":1,"data":{"created":1590181406858,"plugin_type":"NOT_LISTED","dialog_class":"third.party"},"id":"show"}}
{"recorder_version":"31","session":"f0c8c12d34b4","build":"193.5662.53","bucket":"159","time":1590181412050,"group":{"id":"ui.dialogs","version":"31"},"event":{"count":1,"data":{"code":1,"created":1590181412050,"plugin_type":"NOT_LISTED","dialog_class":"third.party"},"id":"close"}}
