{"recorder_version":"31","session":"782751349017","build":"193.5662.53","bucket":"159","time":1590245335512,"group":{"id":"settings","version":"4"},"event":{"state":true,"data":{"component":"UISettings","created":1590245335818},"id":"invoked"}}
{"recorder_version":"31","session":"782751349017","build":"193.5662.53","bucket":"159","time":1590245335511,"group":{"id":"settings","version":"4"},"event":{"state":true,"data":{"component":"NotRoamableUiSettings","created":1590245335820},"id":"invoked"}}
{"recorder_version":"31","session":"782751349017","build":"193.5662.53","bucket":"159","time":1590245335516,"group":{"id":"system.java","version":"1"},"event":{"state":true,"data":{"created":1590245335836,"version":"validation.undefined_rule"},"id":"validation.undefined_rule"}}
{"recorder_version":"31","session":"782751349017","build":"193.5662.53","bucket":"159","time":1590245335516,"group":{"id":"system.java","version":"1"},"event":{"state":true,"data":{"created":1590245335838},"id":"invoked"}}
{"recorder_version":"31","session":"782751349017","build":"193.5662.53","bucket":"159","time":1590245335539,"group":{"id":"system.os","version":"3"},"event":{"state":true,"data":{"created":1590245335843,"version":"10.15"},"id":"Mac"}}
{"recorder_version":"31","session":"782751349017","build":"193.5662.53","bucket":"159","time":1590245335539,"group":{"id":"system.os","version":"3"},"event":{"state":true,"data":{"created":1590245335844,"name":"Mac","version":"10.15"},"id":"os.name"}}
{"recorder_version":"31","session":"782751349017","build":"193.5662.53","bucket":"159","time":1590245335539,"group":{"id":"system.os","version":"3"},"event":{"state":true,"data":{"created":1590245335844,"value":"+02_00"},"id":"os.timezone"}}
{"recorder_version":"31","session":"782751349017","build":"193.5662.53","bucket":"159","time":1590245335539,"group":{"id":"system.os","version":"3"},"event":{"state":true,"data":{"created":1590245335845},"id":"invoked"}}
{"recorder_version":"31","session":"782751349017","build":"193.5662.53","bucket":"159","time":1590245335674,"group":{"id":"settings","version":"4"},"event":{"state":true,"data":{"component":"UpdatesConfigurable","created":1590245335845,"name":"checkNeeded","type":"bool","value":false},"id":"not.default"}}
{"recorder_version":"31","session":"782751349017","build":"193.5662.53","bucket":"159","time":1590245335674,"group":{"id":"settings","version":"4"},"event":{"state":true,"data":{"component":"UpdatesConfigurable","created":1590245335845},"id":"invoked"}}
{"recorder_version":"31","session":"782751349017","build":"193.5662.53","bucket":"159","time":1590245335785,"group":{"id":"event.log","version":"31"},"event":{"count":1,"data":{"created":1590245335846,"version":"1268.0"},"id":"whitelist.loaded"}}
{"recorder_version":"31","session":"782751349017","build":"193.5662.53","bucket":"159","time":1590245335860,"group":{"id":"settings","version":"4"},"event":{"state":true,"data":{"component":"GeneralSettings","created":1590245335860,"name":"showTipsOnStartup","type":"bool","value":false},"id":"not.default"}}
{"recorder_version":"31","session":"782751349017","build":"193.5662.53","bucket":"159","time":1590245335860,"group":{"id":"settings","version":"4"},"event":{"state":true,"data":{"component":"GeneralSettings","created":1590245335862},"id":"invoked"}}
{"recorder_version":"31","session":"782751349017","build":"193.5662.53","bucket":"159","time":1590245335885,"group":{"id":"lifecycle","version":"31"},"event":{"count":1,"data":{"internal":true,"eap":false,"created":1590245335885},"id":"ide.start"}}
{"recorder_version":"31","session":"782751349017","build":"193.5662.53","bucket":"159","time":1590245335990,"group":{"id":"settings","version":"4"},"event":{"state":true,"data":{"component":"XmlEditorOptions","created":1590245335990},"id":"invoked"}}
{"recorder_version":"31","session":"782751349017","build":"193.5662.53","bucket":"159","time":1590245336738,"group":{"id":"settings","version":"4"},"event":{"state":true,"data":{"component":"VcsApplicationSettings","created":1590245336738},"id":"invoked"}}
{"recorder_version":"31","session":"782751349017","build":"193.5662.53","bucket":"159","time":1590245336738,"group":{"id":"lifecycle","version":"31"},"event":{"count":1,"data":{"created":1590245336739},"id":"frame.activated"}}
{"recorder_version":"31","session":"782751349017","build":"193.5662.53","bucket":"159","time":1590245336792,"group":{"id":"performance","version":"31"},"event":{"count":1,"data":{"duration_ms":389,"created":1590245336792},"id":"ui.latency"}}
{"recorder_version":"31","session":"782751349017","build":"193.5662.53","bucket":"159","time":1590245336792,"group":{"id":"performance","version":"31"},"event":{"count":1,"data":{"duration_ms":389,"created":1590245336792},"id":"ui.lagging"}}
{"recorder_version":"31","session":"782751349017","build":"193.5662.53","bucket":"159","time":1590245337060,"group":{"id":"ui.dialogs","version":"31"},"event":{"count":1,"data":{"created":1590245337061,"plugin_type":"PLATFORM","dialog_class":"com.intellij.openapi.progress.util.ProgressDialog$MyDialogWrapper"},"id":"show"}}
{"recorder_version":"31","session":"782751349017","build":"193.5662.53","bucket":"159","time":1590245338594,"group":{"id":"lifecycle","version":"31"},"event":{"count":1,"data":{"created":1590245338594,"project":"d119a6d897fcb33934b9adf90ec59bc9e850f90f58367fa567dc99031a6fc921"},"id":"project.opened"}}
{"recorder_version":"31","session":"782751349017","build":"193.5662.53","bucket":"159","time":1590245339023,"group":{"id":"performance","version":"31"},"event":{"count":1,"data":{"duration_ms":624,"created":1590245339023},"id":"ui.lagging"}}
{"recorder_version":"31","session":"782751349017","build":"193.5662.53","bucket":"159","time":1590245339234,"group":{"id":"toolwindow","version":"31"},"event":{"count":1,"data":{"created":1590245339234,"plugin_type":"PLATFORM","id":"Event_Log"},"id":"activated"}}
{"recorder_version":"31","session":"782751349017","build":"193.5662.53","bucket":"159","time":1590245340108,"group":{"id":"performance","version":"31"},"event":{"count":1,"data":{"duration_ms":704,"created":1590245340108},"id":"ui.lagging"}}
{"recorder_version":"31","session":"782751349017","build":"193.5662.53","bucket":"159","time":1590245340692,"group":{"id":"performance","version":"31"},"event":{"count":1,"data":{"duration_ms":284,"created":1590245340692},"id":"ui.lagging"}}
{"recorder_version":"31","session":"782751349017","build":"193.5662.53","bucket":"159","time":1590245341296,"group":{"id":"project.fs","version":"1"},"event":{"state":true,"data":{"os":"Mac","cs-project":false,"created":1590245341296,"project":"d119a6d897fcb33934b9adf90ec59bc9e850f90f58367fa567dc99031a6fc921","cs-implicit":true,"cs-system":false},"id":"case-sensitivity"}}
{"recorder_version":"31","session":"782751349017","build":"193.5662.53","bucket":"159","time":1590245341296,"group":{"id":"project.fs","version":"1"},"event":{"state":true,"data":{"created":1590245341297},"id":"invoked"}}
{"recorder_version":"31","session":"782751349017","build":"193.5662.53","bucket":"159","time":1590245341298,"group":{"id":"project.fs","version":"1"},"event":{"state":true,"data":{"pct-non-watched":0,"created":1590245341298,"project":"d119a6d897fcb33934b9adf90ec59bc9e850f90f58367fa567dc99031a6fc921"},"id":"roots-watched"}}
{"recorder_version":"31","session":"782751349017","build":"193.5662.53","bucket":"159","time":1590245341298,"group":{"id":"project.fs","version":"1"},"event":{"state":true,"data":{"created":1590245341299},"id":"invoked"}}
{"recorder_version":"31","session":"782751349017","build":"193.5662.53","bucket":"159","time":1590245341401,"group":{"id":"ui.dialogs","version":"31"},"event":{"count":1,"data":{"code":1,"created":1590245341401,"plugin_type":"PLATFORM","dialog_class":"com.intellij.openapi.progress.util.ProgressDialog$MyDialogWrapper"},"id":"close"}}
{"recorder_version":"31","session":"782751349017","build":"193.5662.53","bucket":"159","time":1590245341516,"group":{"id":"indexing","version":"2"},"event":{"count":1,"data":{"ide_activity_id":1,"created":1590245341516,"project":"d119a6d897fcb33934b9adf90ec59bc9e850f90f58367fa567dc99031a6fc921"},"id":"started"}}
{"recorder_version":"31","session":"782751349017","build":"193.5662.53","bucket":"159","time":1590245341575,"group":{"id":"indexing","version":"2"},"event":{"count":1,"data":{"ide_activity_id":1,"stage_class":"com.intellij.util.indexing.UnindexedFilesUpdater","created":1590245341575,"plugin_type":"PLATFORM"},"id":"stage"}}
{"recorder_version":"31","session":"782751349017","build":"193.5662.53","bucket":"159","time":1590245341615,"group":{"id":"lifecycle","version":"31"},"event":{"count":1,"data":{"duration_ms":5609,"created":1590245341617,"project":"d119a6d897fcb33934b9adf90ec59bc9e850f90f58367fa567dc99031a6fc921"},"id":"project.opening.finished"}}
{"recorder_version":"31","session":"782751349017","build":"193.5662.53","bucket":"159","time":1590245343896,"group":{"id":"indexing","version":"2"},"event":{"count":1,"data":{"duration_ms":2380,"ide_activity_id":1,"created":1590245343898},"id":"finished"}}
{"recorder_version":"31","session":"782751349017","build":"193.5662.53","bucket":"159","time":1590245344005,"group":{"id":"indexing","version":"2"},"event":{"count":1,"data":{"ide_activity_id":2,"created":1590245344005,"project":"d119a6d897fcb33934b9adf90ec59bc9e850f90f58367fa567dc99031a6fc921"},"id":"started"}}
{"recorder_version":"31","session":"782751349017","build":"193.5662.53","bucket":"159","time":1590245344017,"group":{"id":"indexing","version":"2"},"event":{"count":1,"data":{"ide_activity_id":2,"plugin":"org.jetbrains.android","stage_class":"com.android.tools.idea.res.ResourceFolderRepositoryFileCacheImpl$PruneTask","created":1590245344018,"plugin_type":"JB_BUNDLED"},"id":"stage"}}
{"recorder_version":"31","session":"782751349017","build":"193.5662.53","bucket":"159","time":1590245344062,"group":{"id":"indexing","version":"2"},"event":{"count":1,"data":{"ide_activity_id":2,"plugin":"org.jetbrains.android","stage_class":"com.android.tools.idea.res.ResourceFolderRepositoryFileCacheImpl$ManageLruProjectFilesTask","created":1590245344063,"plugin_type":"JB_BUNDLED"},"id":"stage"}}
{"recorder_version":"31","session":"782751349017","build":"193.5662.53","bucket":"159","time":1590245344091,"group":{"id":"indexing","version":"2"},"event":{"count":1,"data":{"duration_ms":86,"ide_activity_id":2,"created":1590245344091},"id":"finished"}}
{"recorder_version":"31","session":"782751349017","build":"193.5662.53","bucket":"159","time":1590245344107,"group":{"id":"indexing","version":"2"},"event":{"count":1,"data":{"ide_activity_id":3,"created":1590245344107,"project":"d119a6d897fcb33934b9adf90ec59bc9e850f90f58367fa567dc99031a6fc921"},"id":"started"}}
{"recorder_version":"31","session":"782751349017","build":"193.5662.53","bucket":"159","time":1590245344110,"group":{"id":"indexing","version":"2"},"event":{"count":1,"data":{"ide_activity_id":3,"plugin":"org.jetbrains.android","stage_class":"com.android.tools.idea.res.ResourceFolderRegistry$PopulateCachesTask","created":1590245344110,"plugin_type":"JB_BUNDLED"},"id":"stage"}}
{"recorder_version":"31","session":"782751349017","build":"193.5662.53","bucket":"159","time":1590245344113,"group":{"id":"indexing","version":"2"},"event":{"count":1,"data":{"duration_ms":6,"ide_activity_id":3,"created":1590245344113},"id":"finished"}}
{"recorder_version":"31","session":"782751349017","build":"193.5662.53","bucket":"159","time":1590245346313,"group":{"id":"actions","version":"31"},"event":{"count":1,"data":{"context_menu":true,"action_id":"third.party","created":1590245346314,"plugin_type":"NOT_LISTED","project":"d119a6d897fcb33934b9adf90ec59bc9e850f90f58367fa567dc99031a6fc921","place":"MainMenu","class":"third.party","input_event":"NoMouseButton"},"id":"action.invoked"}}
{"recorder_version":"31","session":"782751349017","build":"193.5662.53","bucket":"159","time":1590245346421,"group":{"id":"startup","version":"1"},"event":{"count":1,"data":{"duration":1738,"created":1590245346421},"id":"appInit"}}
{"recorder_version":"31","session":"782751349017","build":"193.5662.53","bucket":"159","time":1590245346421,"group":{"id":"startup","version":"1"},"event":{"count":1,"data":{"duration":300,"created":1590245346421},"id":"splash"}}
{"recorder_version":"31","session":"782751349017","build":"193.5662.53","bucket":"159","time":1590245346421,"group":{"id":"startup","version":"1"},"event":{"count":1,"data":{"duration":352,"created":1590245346422},"id":"bootstrap"}}
{"recorder_version":"31","session":"782751349017","build":"193.5662.53","bucket":"159","time":1590245346421,"group":{"id":"startup","version":"1"},"event":{"count":1,"data":{"duration":8122,"created":1590245346422},"id":"totalDuration"}}
{"recorder_version":"31","session":"782751349017","build":"193.5662.53","bucket":"159","time":1590245346552,"group":{"id":"performance","version":"31"},"event":{"count":1,"data":{"duration_ms":137,"created":1590245346553},"id":"ui.lagging"}}
{"recorder_version":"31","session":"782751349017","build":"193.5662.53","bucket":"159","time":1590245347820,"group":{"id":"ui.dialogs","version":"31"},"event":{"count":1,"data":{"created":1590245347820,"plugin_type":"NOT_LISTED","dialog_class":"third.party"},"id":"show"}}
{"recorder_version":"31","session":"782751349017","build":"193.5662.53","bucket":"159","time":1590245349885,"group":{"id":"ui.dialogs","version":"31"},"event":{"count":1,"data":{"code":1,"created":1590245349885,"plugin_type":"NOT_LISTED","dialog_class":"third.party"},"id":"close"}}
{"recorder_version":"31","session":"782751349017","build":"193.5662.53","bucket":"159","time":1590245350936,"group":{"id":"ui.dialogs","version":"31"},"event":{"count":1,"data":{"created":1590245350936,"plugin_type":"NOT_LISTED","dialog_class":"third.party"},"id":"show"}}
{"recorder_version":"31","session":"782751349017","build":"193.5662.53","bucket":"159","time":1590245351820,"group":{"id":"ui.dialogs","version":"31"},"event":{"count":1,"data":{"code":1,"created":1590245351820,"plugin_type":"NOT_LISTED","dialog_class":"third.party"},"id":"close"}}
{"recorder_version":"31","session":"782751349017","build":"193.5662.53","bucket":"159","time":1590245353837,"group":{"id":"ui.dialogs","version":"31"},"event":{"count":1,"data":{"created":1590245353837,"plugin_type":"NOT_LISTED","dialog_class":"third.party"},"id":"show"}}
{"recorder_version":"31","session":"782751349017","build":"193.5662.53","bucket":"159","time":1590245354943,"group":{"id":"ui.dialogs","version":"31"},"event":{"count":1,"data":{"code":1,"created":1590245354945,"plugin_type":"NOT_LISTED","dialog_class":"third.party"},"id":"close"}}
{"recorder_version":"31","session":"782751349017","build":"193.5662.53","bucket":"159","time":1590245359001,"group":{"id":"ui.dialogs","version":"31"},"event":{"count":1,"data":{"created":1590245359001,"plugin_type":"NOT_LISTED","dialog_class":"third.party"},"id":"show"}}
{"recorder_version":"31","session":"782751349017","build":"193.5662.53","bucket":"159","time":1590245359822,"group":{"id":"ui.dialogs","version":"31"},"event":{"count":1,"data":{"code":1,"created":1590245359822,"plugin_type":"NOT_LISTED","dialog_class":"third.party"},"id":"close"}}
{"recorder_version":"31","session":"782751349017","build":"193.5662.53","bucket":"159","time":1590245360341,"group":{"id":"ui.dialogs","version":"31"},"event":{"count":1,"data":{"created":1590245360341,"plugin_type":"NOT_LISTED","dialog_class":"third.party"},"id":"show"}}
{"recorder_version":"31","session":"782751349017","build":"193.5662.53","bucket":"159","time":1590245360944,"group":{"id":"ui.dialogs","version":"31"},"event":{"count":1,"data":{"code":1,"created":1590245360944,"plugin_type":"NOT_LISTED","dialog_class":"third.party"},"id":"close"}}
{"recorder_version":"31","session":"782751349017","build":"193.5662.53","bucket":"159","time":1590245361421,"group":{"id":"ui.dialogs","version":"31"},"event":{"count":1,"data":{"created":1590245361421,"plugin_type":"NOT_LISTED","dialog_class":"third.party"},"id":"show"}}
{"recorder_version":"31","session":"782751349017","build":"193.5662.53","bucket":"159","time":1590245361820,"group":{"id":"ui.dialogs","version":"31"},"event":{"count":1,"data":{"code":1,"created":1590245361820,"plugin_type":"NOT_LISTED","dialog_class":"third.party"},"id":"close"}}
