{"recorder_version":"31","session":"77eba2cbf0c7","build":"193.5662.53","bucket":"159","time":1590251423270,"group":{"id":"settings","version":"4"},"event":{"state":true,"data":{"component":"UISettings","created":1590251423711},"id":"invoked"}}
{"recorder_version":"31","session":"77eba2cbf0c7","build":"193.5662.53","bucket":"159","time":1590251423273,"group":{"id":"settings","version":"4"},"event":{"state":true,"data":{"component":"NotRoamableUiSettings","created":1590251423716},"id":"invoked"}}
{"recorder_version":"31","session":"77eba2cbf0c7","build":"193.5662.53","bucket":"159","time":1590251423279,"group":{"id":"system.java","version":"1"},"event":{"state":true,"data":{"created":1590251423727,"version":"validation.undefined_rule"},"id":"validation.undefined_rule"}}
{"recorder_version":"31","session":"77eba2cbf0c7","build":"193.5662.53","bucket":"159","time":1590251423279,"group":{"id":"system.java","version":"1"},"event":{"state":true,"data":{"created":1590251423728},"id":"invoked"}}
{"recorder_version":"31","session":"77eba2cbf0c7","build":"193.5662.53","bucket":"159","time":1590251423304,"group":{"id":"system.os","version":"3"},"event":{"state":true,"data":{"created":1590251423729,"version":"10.15"},"id":"Mac"}}
{"recorder_version":"31","session":"77eba2cbf0c7","build":"193.5662.53","bucket":"159","time":1590251423304,"group":{"id":"system.os","version":"3"},"event":{"state":true,"data":{"created":1590251423730,"name":"Mac","version":"10.15"},"id":"os.name"}}
{"recorder_version":"31","session":"77eba2cbf0c7","build":"193.5662.53","bucket":"159","time":1590251423304,"group":{"id":"system.os","version":"3"},"event":{"state":true,"data":{"created":1590251423730,"value":"+02_00"},"id":"os.timezone"}}
{"recorder_version":"31","session":"77eba2cbf0c7","build":"193.5662.53","bucket":"159","time":1590251423304,"group":{"id":"system.os","version":"3"},"event":{"state":true,"data":{"created":1590251423731},"id":"invoked"}}
{"recorder_version":"31","session":"77eba2cbf0c7","build":"193.5662.53","bucket":"159","time":1590251423509,"group":{"id":"settings","version":"4"},"event":{"state":true,"data":{"component":"UpdatesConfigurable","created":1590251423732,"name":"checkNeeded","type":"bool","value":false},"id":"not.default"}}
{"recorder_version":"31","session":"77eba2cbf0c7","build":"193.5662.53","bucket":"159","time":1590251423510,"group":{"id":"settings","version":"4"},"event":{"state":true,"data":{"component":"UpdatesConfigurable","created":1590251423732},"id":"invoked"}}
{"recorder_version":"31","session":"77eba2cbf0c7","build":"193.5662.53","bucket":"159","time":1590251423640,"group":{"id":"event.log","version":"31"},"event":{"count":1,"data":{"created":1590251423733,"version":"1268.0"},"id":"whitelist.loaded"}}
{"recorder_version":"31","session":"77eba2cbf0c7","build":"193.5662.53","bucket":"159","time":1590251423773,"group":{"id":"settings","version":"4"},"event":{"state":true,"data":{"component":"GeneralSettings","created":1590251423773,"name":"showTipsOnStartup","type":"bool","value":false},"id":"not.default"}}
{"recorder_version":"31","session":"77eba2cbf0c7","build":"193.5662.53","bucket":"159","time":1590251423773,"group":{"id":"settings","version":"4"},"event":{"state":true,"data":{"component":"GeneralSettings","created":1590251423774},"id":"invoked"}}
{"recorder_version":"31","session":"77eba2cbf0c7","build":"193.5662.53","bucket":"159","time":1590251423791,"group":{"id":"lifecycle","version":"31"},"event":{"count":1,"data":{"internal":true,"eap":false,"created":1590251423792},"id":"ide.start"}}
{"recorder_version":"31","session":"77eba2cbf0c7","build":"193.5662.53","bucket":"159","time":1590251423906,"group":{"id":"settings","version":"4"},"event":{"state":true,"data":{"component":"XmlEditorOptions","created":1590251423906},"id":"invoked"}}
{"recorder_version":"31","session":"77eba2cbf0c7","build":"193.5662.53","bucket":"159","time":1590251424810,"group":{"id":"settings","version":"4"},"event":{"state":true,"data":{"component":"VcsApplicationSettings","created":1590251424810},"id":"invoked"}}
{"recorder_version":"31","session":"77eba2cbf0c7","build":"193.5662.53","bucket":"159","time":1590251424810,"group":{"id":"lifecycle","version":"31"},"event":{"count":1,"data":{"created":1590251424811},"id":"frame.activated"}}
{"recorder_version":"31","session":"77eba2cbf0c7","build":"193.5662.53","bucket":"159","time":1590251424841,"group":{"id":"performance","version":"31"},"event":{"count":1,"data":{"duration_ms":720,"created":1590251424841},"id":"ui.latency"}}
{"recorder_version":"31","session":"77eba2cbf0c7","build":"193.5662.53","bucket":"159","time":1590251424841,"group":{"id":"performance","version":"31"},"event":{"count":1,"data":{"duration_ms":720,"created":1590251424841},"id":"ui.lagging"}}
{"recorder_version":"31","session":"77eba2cbf0c7","build":"193.5662.53","bucket":"159","time":1590251424951,"group":{"id":"ui.dialogs","version":"31"},"event":{"count":1,"data":{"created":1590251424952,"plugin_type":"PLATFORM","dialog_class":"com.intellij.openapi.progress.util.ProgressDialog$MyDialogWrapper"},"id":"show"}}
{"recorder_version":"31","session":"77eba2cbf0c7","build":"193.5662.53","bucket":"159","time":1590251425274,"group":{"id":"performance","version":"31"},"event":{"count":1,"data":{"duration_ms":158,"created":1590251425274},"id":"ui.lagging"}}
{"recorder_version":"31","session":"77eba2cbf0c7","build":"193.5662.53","bucket":"159","time":1590251426854,"group":{"id":"lifecycle","version":"31"},"event":{"count":1,"data":{"created":1590251426854,"project":"d119a6d897fcb33934b9adf90ec59bc9e850f90f58367fa567dc99031a6fc921"},"id":"project.opened"}}
{"recorder_version":"31","session":"77eba2cbf0c7","build":"193.5662.53","bucket":"159","time":1590251427555,"group":{"id":"performance","version":"31"},"event":{"count":1,"data":{"duration_ms":437,"created":1590251427555},"id":"ui.lagging"}}
{"recorder_version":"31","session":"77eba2cbf0c7","build":"193.5662.53","bucket":"159","time":1590251427579,"group":{"id":"toolwindow","version":"31"},"event":{"count":1,"data":{"created":1590251427579,"plugin_type":"PLATFORM","id":"Event_Log"},"id":"activated"}}
{"recorder_version":"31","session":"77eba2cbf0c7","build":"193.5662.53","bucket":"159","time":1590251428661,"group":{"id":"performance","version":"31"},"event":{"count":1,"data":{"duration_ms":539,"created":1590251428661},"id":"ui.lagging"}}
{"recorder_version":"31","session":"77eba2cbf0c7","build":"193.5662.53","bucket":"159","time":1590251429365,"group":{"id":"performance","version":"31"},"event":{"count":1,"data":{"duration_ms":239,"created":1590251429365},"id":"ui.lagging"}}
{"recorder_version":"31","session":"77eba2cbf0c7","build":"193.5662.53","bucket":"159","time":1590251429986,"group":{"id":"indexing","version":"2"},"event":{"count":1,"data":{"ide_activity_id":1,"created":1590251429986,"project":"d119a6d897fcb33934b9adf90ec59bc9e850f90f58367fa567dc99031a6fc921"},"id":"started"}}
{"recorder_version":"31","session":"77eba2cbf0c7","build":"193.5662.53","bucket":"159","time":1590251430063,"group":{"id":"project.fs","version":"1"},"event":{"state":true,"data":{"os":"Mac","cs-project":false,"created":1590251430063,"project":"d119a6d897fcb33934b9adf90ec59bc9e850f90f58367fa567dc99031a6fc921","cs-implicit":true,"cs-system":false},"id":"case-sensitivity"}}
{"recorder_version":"31","session":"77eba2cbf0c7","build":"193.5662.53","bucket":"159","time":1590251430063,"group":{"id":"project.fs","version":"1"},"event":{"state":true,"data":{"created":1590251430064},"id":"invoked"}}
{"recorder_version":"31","session":"77eba2cbf0c7","build":"193.5662.53","bucket":"159","time":1590251430064,"group":{"id":"project.fs","version":"1"},"event":{"state":true,"data":{"pct-non-watched":0,"created":1590251430064,"project":"d119a6d897fcb33934b9adf90ec59bc9e850f90f58367fa567dc99031a6fc921"},"id":"roots-watched"}}
{"recorder_version":"31","session":"77eba2cbf0c7","build":"193.5662.53","bucket":"159","time":1590251430064,"group":{"id":"project.fs","version":"1"},"event":{"state":true,"data":{"created":1590251430064},"id":"invoked"}}
{"recorder_version":"31","session":"77eba2cbf0c7","build":"193.5662.53","bucket":"159","time":1590251430183,"group":{"id":"indexing","version":"2"},"event":{"count":1,"data":{"ide_activity_id":1,"stage_class":"com.intellij.util.indexing.UnindexedFilesUpdater","created":1590251430184,"plugin_type":"PLATFORM"},"id":"stage"}}
{"recorder_version":"31","session":"77eba2cbf0c7","build":"193.5662.53","bucket":"159","time":1590251430185,"group":{"id":"ui.dialogs","version":"31"},"event":{"count":1,"data":{"code":1,"created":1590251430185,"plugin_type":"PLATFORM","dialog_class":"com.intellij.openapi.progress.util.ProgressDialog$MyDialogWrapper"},"id":"close"}}
{"recorder_version":"31","session":"77eba2cbf0c7","build":"193.5662.53","bucket":"159","time":1590251430389,"group":{"id":"lifecycle","version":"31"},"event":{"count":1,"data":{"duration_ms":6481,"created":1590251430389,"project":"d119a6d897fcb33934b9adf90ec59bc9e850f90f58367fa567dc99031a6fc921"},"id":"project.opening.finished"}}
{"recorder_version":"31","session":"77eba2cbf0c7","build":"193.5662.53","bucket":"159","time":1590251433261,"group":{"id":"indexing","version":"2"},"event":{"count":1,"data":{"duration_ms":3275,"ide_activity_id":1,"created":1590251433264},"id":"finished"}}
{"recorder_version":"31","session":"77eba2cbf0c7","build":"193.5662.53","bucket":"159","time":1590251433389,"group":{"id":"indexing","version":"2"},"event":{"count":1,"data":{"ide_activity_id":2,"created":1590251433390,"project":"d119a6d897fcb33934b9adf90ec59bc9e850f90f58367fa567dc99031a6fc921"},"id":"started"}}
{"recorder_version":"31","session":"77eba2cbf0c7","build":"193.5662.53","bucket":"159","time":1590251433410,"group":{"id":"indexing","version":"2"},"event":{"count":1,"data":{"ide_activity_id":2,"plugin":"org.jetbrains.android","stage_class":"com.android.tools.idea.res.ResourceFolderRepositoryFileCacheImpl$PruneTask","created":1590251433411,"plugin_type":"JB_BUNDLED"},"id":"stage"}}
{"recorder_version":"31","session":"77eba2cbf0c7","build":"193.5662.53","bucket":"159","time":1590251433454,"group":{"id":"indexing","version":"2"},"event":{"count":1,"data":{"ide_activity_id":2,"plugin":"org.jetbrains.android","stage_class":"com.android.tools.idea.res.ResourceFolderRepositoryFileCacheImpl$ManageLruProjectFilesTask","created":1590251433459,"plugin_type":"JB_BUNDLED"},"id":"stage"}}
{"recorder_version":"31","session":"77eba2cbf0c7","build":"193.5662.53","bucket":"159","time":1590251433486,"group":{"id":"indexing","version":"2"},"event":{"count":1,"data":{"duration_ms":97,"ide_activity_id":2,"created":1590251433486},"id":"finished"}}
{"recorder_version":"31","session":"77eba2cbf0c7","build":"193.5662.53","bucket":"159","time":1590251433505,"group":{"id":"indexing","version":"2"},"event":{"count":1,"data":{"ide_activity_id":3,"created":1590251433506,"project":"d119a6d897fcb33934b9adf90ec59bc9e850f90f58367fa567dc99031a6fc921"},"id":"started"}}
{"recorder_version":"31","session":"77eba2cbf0c7","build":"193.5662.53","bucket":"159","time":1590251433515,"group":{"id":"indexing","version":"2"},"event":{"count":1,"data":{"ide_activity_id":3,"plugin":"org.jetbrains.android","stage_class":"com.android.tools.idea.res.ResourceFolderRegistry$PopulateCachesTask","created":1590251433515,"plugin_type":"JB_BUNDLED"},"id":"stage"}}
{"recorder_version":"31","session":"77eba2cbf0c7","build":"193.5662.53","bucket":"159","time":1590251433534,"group":{"id":"indexing","version":"2"},"event":{"count":1,"data":{"duration_ms":29,"ide_activity_id":3,"created":1590251433534},"id":"finished"}}
{"recorder_version":"31","session":"77eba2cbf0c7","build":"193.5662.53","bucket":"159","time":1590251435193,"group":{"id":"startup","version":"1"},"event":{"count":1,"data":{"duration":2157,"created":1590251435193},"id":"appInit"}}
{"recorder_version":"31","session":"77eba2cbf0c7","build":"193.5662.53","bucket":"159","time":1590251435193,"group":{"id":"startup","version":"1"},"event":{"count":1,"data":{"duration":377,"created":1590251435194},"id":"splash"}}
{"recorder_version":"31","session":"77eba2cbf0c7","build":"193.5662.53","bucket":"159","time":1590251435193,"group":{"id":"startup","version":"1"},"event":{"count":1,"data":{"duration":411,"created":1590251435194},"id":"bootstrap"}}
{"recorder_version":"31","session":"77eba2cbf0c7","build":"193.5662.53","bucket":"159","time":1590251435193,"group":{"id":"startup","version":"1"},"event":{"count":1,"data":{"duration":9855,"created":1590251435194},"id":"totalDuration"}}
{"recorder_version":"31","session":"77eba2cbf0c7","build":"193.5662.53","bucket":"159","time":1590251435595,"group":{"id":"actions","version":"31"},"event":{"count":1,"data":{"context_menu":true,"action_id":"third.party","created":1590251435595,"plugin_type":"NOT_LISTED","project":"d119a6d897fcb33934b9adf90ec59bc9e850f90f58367fa567dc99031a6fc921","place":"MainMenu","class":"third.party","input_event":"NoMouseButton"},"id":"action.invoked"}}
{"recorder_version":"31","session":"77eba2cbf0c7","build":"193.5662.53","bucket":"159","time":1590251436892,"group":{"id":"ui.dialogs","version":"31"},"event":{"count":1,"data":{"created":1590251436893,"plugin_type":"NOT_LISTED","dialog_class":"third.party"},"id":"show"}}
{"recorder_version":"31","session":"77eba2cbf0c7","build":"193.5662.53","bucket":"159","time":1590251456946,"group":{"id":"ui.dialogs","version":"31"},"event":{"count":1,"data":{"code":1,"created":1590251456946,"plugin_type":"NOT_LISTED","dialog_class":"third.party"},"id":"close"}}
