{"recorder_version":"31","session":"796bd7a9eb84","build":"193.5662.53","bucket":"159","time":1589810651049,"group":{"id":"settings","version":"4"},"event":{"state":true,"data":{"component":"UISettings","created":1589810651632},"id":"invoked"}}
{"recorder_version":"31","session":"796bd7a9eb84","build":"193.5662.53","bucket":"159","time":1589810651049,"group":{"id":"settings","version":"4"},"event":{"state":true,"data":{"component":"NotRoamableUiSettings","created":1589810651636},"id":"invoked"}}
{"recorder_version":"31","session":"796bd7a9eb84","build":"193.5662.53","bucket":"159","time":1589810651070,"group":{"id":"system.java","version":"1"},"event":{"state":true,"data":{"created":1589810651650,"version":"validation.undefined_rule"},"id":"validation.undefined_rule"}}
{"recorder_version":"31","session":"796bd7a9eb84","build":"193.5662.53","bucket":"159","time":1589810651070,"group":{"id":"system.java","version":"1"},"event":{"state":true,"data":{"created":1589810651650},"id":"invoked"}}
{"recorder_version":"31","session":"796bd7a9eb84","build":"193.5662.53","bucket":"159","time":1589810651120,"group":{"id":"system.os","version":"3"},"event":{"state":true,"data":{"created":1589810651651,"version":"10.15"},"id":"Mac"}}
{"recorder_version":"31","session":"796bd7a9eb84","build":"193.5662.53","bucket":"159","time":1589810651120,"group":{"id":"system.os","version":"3"},"event":{"state":true,"data":{"created":1589810651652,"name":"Mac","version":"10.15"},"id":"os.name"}}
{"recorder_version":"31","session":"796bd7a9eb84","build":"193.5662.53","bucket":"159","time":1589810651120,"group":{"id":"system.os","version":"3"},"event":{"state":true,"data":{"created":1589810651653,"value":"+02_00"},"id":"os.timezone"}}
{"recorder_version":"31","session":"796bd7a9eb84","build":"193.5662.53","bucket":"159","time":1589810651120,"group":{"id":"system.os","version":"3"},"event":{"state":true,"data":{"created":1589810651653},"id":"invoked"}}
{"recorder_version":"31","session":"796bd7a9eb84","build":"193.5662.53","bucket":"159","time":1589810651424,"group":{"id":"settings","version":"4"},"event":{"state":true,"data":{"component":"UpdatesConfigurable","created":1589810651654,"name":"checkNeeded","type":"bool","value":false},"id":"not.default"}}
{"recorder_version":"31","session":"796bd7a9eb84","build":"193.5662.53","bucket":"159","time":1589810651424,"group":{"id":"settings","version":"4"},"event":{"state":true,"data":{"component":"UpdatesConfigurable","created":1589810651654},"id":"invoked"}}
{"recorder_version":"31","session":"796bd7a9eb84","build":"193.5662.53","bucket":"159","time":1589810651583,"group":{"id":"event.log","version":"31"},"event":{"count":1,"data":{"created":1589810651655,"version":"1259.0"},"id":"whitelist.loaded"}}
{"recorder_version":"31","session":"796bd7a9eb84","build":"193.5662.53","bucket":"159","time":1589810651728,"group":{"id":"settings","version":"4"},"event":{"state":true,"data":{"component":"GeneralSettings","created":1589810651728,"name":"showTipsOnStartup","type":"bool","value":false},"id":"not.default"}}
{"recorder_version":"31","session":"796bd7a9eb84","build":"193.5662.53","bucket":"159","time":1589810651731,"group":{"id":"settings","version":"4"},"event":{"state":true,"data":{"component":"GeneralSettings","created":1589810651732},"id":"invoked"}}
{"recorder_version":"31","session":"796bd7a9eb84","build":"193.5662.53","bucket":"159","time":1589810651775,"group":{"id":"lifecycle","version":"31"},"event":{"count":1,"data":{"internal":true,"eap":false,"created":1589810651775},"id":"ide.start"}}
{"recorder_version":"31","session":"796bd7a9eb84","build":"193.5662.53","bucket":"159","time":1589810651880,"group":{"id":"performance","version":"31"},"event":{"count":1,"data":{"duration_ms":7,"created":1589810651880},"id":"ui.latency"}}
{"recorder_version":"31","session":"796bd7a9eb84","build":"193.5662.53","bucket":"159","time":1589810651899,"group":{"id":"settings","version":"4"},"event":{"state":true,"data":{"component":"XmlEditorOptions","created":1589810651899},"id":"invoked"}}
{"recorder_version":"31","session":"796bd7a9eb84","build":"193.5662.53","bucket":"159","time":1589810653558,"group":{"id":"lifecycle","version":"31"},"event":{"count":1,"data":{"created":1589810653558},"id":"frame.activated"}}
{"recorder_version":"31","session":"796bd7a9eb84","build":"193.5662.53","bucket":"159","time":1589810653558,"group":{"id":"settings","version":"4"},"event":{"state":true,"data":{"component":"VcsApplicationSettings","created":1589810653559},"id":"invoked"}}
{"recorder_version":"31","session":"796bd7a9eb84","build":"193.5662.53","bucket":"159","time":1589810653682,"group":{"id":"performance","version":"31"},"event":{"count":1,"data":{"duration_ms":811,"created":1589810653682},"id":"ui.lagging"}}
{"recorder_version":"31","session":"796bd7a9eb84","build":"193.5662.53","bucket":"159","time":1589810653868,"group":{"id":"ui.dialogs","version":"31"},"event":{"count":1,"data":{"created":1589810653868,"plugin_type":"PLATFORM","dialog_class":"com.intellij.openapi.progress.util.ProgressDialog$MyDialogWrapper"},"id":"show"}}
{"recorder_version":"31","session":"796bd7a9eb84","build":"193.5662.53","bucket":"159","time":1589810654170,"group":{"id":"performance","version":"31"},"event":{"count":1,"data":{"duration_ms":299,"created":1589810654171},"id":"ui.lagging"}}
{"recorder_version":"31","session":"796bd7a9eb84","build":"193.5662.53","bucket":"159","time":1589810657050,"group":{"id":"lifecycle","version":"31"},"event":{"count":1,"data":{"created":1589810657051,"project":"d119a6d897fcb33934b9adf90ec59bc9e850f90f58367fa567dc99031a6fc921"},"id":"project.opened"}}
{"recorder_version":"31","session":"796bd7a9eb84","build":"193.5662.53","bucket":"159","time":1589810657923,"group":{"id":"performance","version":"31"},"event":{"count":1,"data":{"duration_ms":1050,"created":1589810657924},"id":"ui.lagging"}}
{"recorder_version":"31","session":"796bd7a9eb84","build":"193.5662.53","bucket":"159","time":1589810658258,"group":{"id":"performance","version":"31"},"event":{"count":1,"data":{"duration_ms":384,"created":1589810658258},"id":"ui.lagging"}}
{"recorder_version":"31","session":"796bd7a9eb84","build":"193.5662.53","bucket":"159","time":1589810659750,"group":{"id":"performance","version":"31"},"event":{"count":1,"data":{"duration_ms":871,"created":1589810659750},"id":"ui.lagging"}}
{"recorder_version":"31","session":"796bd7a9eb84","build":"193.5662.53","bucket":"159","time":1589810660560,"group":{"id":"project.fs","version":"1"},"event":{"state":true,"data":{"os":"Mac","cs-project":false,"created":1589810660560,"project":"d119a6d897fcb33934b9adf90ec59bc9e850f90f58367fa567dc99031a6fc921","cs-implicit":true,"cs-system":false},"id":"case-sensitivity"}}
{"recorder_version":"31","session":"796bd7a9eb84","build":"193.5662.53","bucket":"159","time":1589810660560,"group":{"id":"project.fs","version":"1"},"event":{"state":true,"data":{"created":1589810660561},"id":"invoked"}}
{"recorder_version":"31","session":"796bd7a9eb84","build":"193.5662.53","bucket":"159","time":1589810660561,"group":{"id":"project.fs","version":"1"},"event":{"state":true,"data":{"pct-non-watched":0,"created":1589810660561,"project":"d119a6d897fcb33934b9adf90ec59bc9e850f90f58367fa567dc99031a6fc921"},"id":"roots-watched"}}
{"recorder_version":"31","session":"796bd7a9eb84","build":"193.5662.53","bucket":"159","time":1589810660561,"group":{"id":"project.fs","version":"1"},"event":{"state":true,"data":{"created":1589810660562},"id":"invoked"}}
{"recorder_version":"31","session":"796bd7a9eb84","build":"193.5662.53","bucket":"159","time":1589810660800,"group":{"id":"indexing","version":"2"},"event":{"count":1,"data":{"ide_activity_id":1,"created":1589810660801,"project":"d119a6d897fcb33934b9adf90ec59bc9e850f90f58367fa567dc99031a6fc921"},"id":"started"}}
{"recorder_version":"31","session":"796bd7a9eb84","build":"193.5662.53","bucket":"159","time":1589810660812,"group":{"id":"ui.dialogs","version":"31"},"event":{"count":1,"data":{"code":1,"created":1589810660813,"plugin_type":"PLATFORM","dialog_class":"com.intellij.openapi.progress.util.ProgressDialog$MyDialogWrapper"},"id":"close"}}
{"recorder_version":"31","session":"796bd7a9eb84","build":"193.5662.53","bucket":"159","time":1589810660841,"group":{"id":"indexing","version":"2"},"event":{"count":1,"data":{"ide_activity_id":1,"stage_class":"com.intellij.util.indexing.UnindexedFilesUpdater","created":1589810660841,"plugin_type":"PLATFORM"},"id":"stage"}}
{"recorder_version":"31","session":"796bd7a9eb84","build":"193.5662.53","bucket":"159","time":1589810661075,"group":{"id":"lifecycle","version":"31"},"event":{"count":1,"data":{"duration_ms":9143,"created":1589810661075,"project":"d119a6d897fcb33934b9adf90ec59bc9e850f90f58367fa567dc99031a6fc921"},"id":"project.opening.finished"}}
{"recorder_version":"31","session":"796bd7a9eb84","build":"193.5662.53","bucket":"159","time":1589810665277,"group":{"id":"indexing","version":"2"},"event":{"count":1,"data":{"duration_ms":4477,"ide_activity_id":1,"created":1589810665277},"id":"finished"}}
{"recorder_version":"31","session":"796bd7a9eb84","build":"193.5662.53","bucket":"159","time":1589810665437,"group":{"id":"indexing","version":"2"},"event":{"count":1,"data":{"ide_activity_id":2,"created":1589810665437,"project":"d119a6d897fcb33934b9adf90ec59bc9e850f90f58367fa567dc99031a6fc921"},"id":"started"}}
{"recorder_version":"31","session":"796bd7a9eb84","build":"193.5662.53","bucket":"159","time":1589810665475,"group":{"id":"indexing","version":"2"},"event":{"count":1,"data":{"ide_activity_id":2,"plugin":"org.jetbrains.android","stage_class":"com.android.tools.idea.res.ResourceFolderRepositoryFileCacheImpl$PruneTask","created":1589810665476,"plugin_type":"JB_BUNDLED"},"id":"stage"}}
{"recorder_version":"31","session":"796bd7a9eb84","build":"193.5662.53","bucket":"159","time":1589810665518,"group":{"id":"indexing","version":"2"},"event":{"count":1,"data":{"ide_activity_id":2,"plugin":"org.jetbrains.android","stage_class":"com.android.tools.idea.res.ResourceFolderRepositoryFileCacheImpl$ManageLruProjectFilesTask","created":1589810665519,"plugin_type":"JB_BUNDLED"},"id":"stage"}}
{"recorder_version":"31","session":"796bd7a9eb84","build":"193.5662.53","bucket":"159","time":1589810665559,"group":{"id":"indexing","version":"2"},"event":{"count":1,"data":{"duration_ms":122,"ide_activity_id":2,"created":1589810665560},"id":"finished"}}
{"recorder_version":"31","session":"796bd7a9eb84","build":"193.5662.53","bucket":"159","time":1589810665582,"group":{"id":"indexing","version":"2"},"event":{"count":1,"data":{"ide_activity_id":3,"created":1589810665582,"project":"d119a6d897fcb33934b9adf90ec59bc9e850f90f58367fa567dc99031a6fc921"},"id":"started"}}
{"recorder_version":"31","session":"796bd7a9eb84","build":"193.5662.53","bucket":"159","time":1589810665596,"group":{"id":"indexing","version":"2"},"event":{"count":1,"data":{"ide_activity_id":3,"plugin":"org.jetbrains.android","stage_class":"com.android.tools.idea.res.ResourceFolderRegistry$PopulateCachesTask","created":1589810665596,"plugin_type":"JB_BUNDLED"},"id":"stage"}}
{"recorder_version":"31","session":"796bd7a9eb84","build":"193.5662.53","bucket":"159","time":1589810665651,"group":{"id":"indexing","version":"2"},"event":{"count":1,"data":{"duration_ms":70,"ide_activity_id":3,"created":1589810665651},"id":"finished"}}
{"recorder_version":"31","session":"796bd7a9eb84","build":"193.5662.53","bucket":"159","time":1589810665702,"group":{"id":"startup","version":"1"},"event":{"count":1,"data":{"duration":3311,"created":1589810665702},"id":"appInit"}}
{"recorder_version":"31","session":"796bd7a9eb84","build":"193.5662.53","bucket":"159","time":1589810665702,"group":{"id":"startup","version":"1"},"event":{"count":1,"data":{"duration":718,"created":1589810665703},"id":"splash"}}
{"recorder_version":"31","session":"796bd7a9eb84","build":"193.5662.53","bucket":"159","time":1589810665702,"group":{"id":"startup","version":"1"},"event":{"count":1,"data":{"duration":577,"created":1589810665703},"id":"bootstrap"}}
{"recorder_version":"31","session":"796bd7a9eb84","build":"193.5662.53","bucket":"159","time":1589810665702,"group":{"id":"startup","version":"1"},"event":{"count":1,"data":{"duration":14457,"created":1589810665703},"id":"totalDuration"}}
{"recorder_version":"31","session":"796bd7a9eb84","build":"193.5662.53","bucket":"159","time":1589810666372,"group":{"id":"performance","version":"31"},"event":{"count":1,"data":{"duration_ms":481,"created":1589810666372},"id":"ui.lagging"}}
{"recorder_version":"31","session":"796bd7a9eb84","build":"193.5662.53","bucket":"159","time":1589810668876,"group":{"id":"actions","version":"31"},"event":{"count":1,"data":{"context_menu":true,"action_id":"third.party","created":1589810668876,"plugin_type":"NOT_LISTED","project":"d119a6d897fcb33934b9adf90ec59bc9e850f90f58367fa567dc99031a6fc921","place":"MainMenu","class":"third.party","input_event":"NoMouseButton"},"id":"action.invoked"}}
{"recorder_version":"31","session":"796bd7a9eb84","build":"193.5662.53","bucket":"159","time":1589810669085,"group":{"id":"performance","version":"31"},"event":{"count":1,"data":{"duration_ms":188,"created":1589810669085},"id":"ui.lagging"}}
{"recorder_version":"31","session":"796bd7a9eb84","build":"193.5662.53","bucket":"159","time":1589810680633,"group":{"id":"lifecycle","version":"31"},"event":{"count":1,"data":{"created":1589810680633,"project":"d119a6d897fcb33934b9adf90ec59bc9e850f90f58367fa567dc99031a6fc921"},"id":"frame.deactivated"}}
