{"recorder_version":"31","session":"31c5b710244e","build":"193.5662.53","bucket":"159","time":1590245014515,"group":{"id":"settings","version":"4"},"event":{"state":true,"data":{"component":"NotRoamableUiSettings","created":1590245014907},"id":"invoked"}}
{"recorder_version":"31","session":"31c5b710244e","build":"193.5662.53","bucket":"159","time":1590245014517,"group":{"id":"settings","version":"4"},"event":{"state":true,"data":{"component":"UISettings","created":1590245014912},"id":"invoked"}}
{"recorder_version":"31","session":"31c5b710244e","build":"193.5662.53","bucket":"159","time":1590245014526,"group":{"id":"system.java","version":"1"},"event":{"state":true,"data":{"created":1590245014937,"version":"validation.undefined_rule"},"id":"validation.undefined_rule"}}
{"recorder_version":"31","session":"31c5b710244e","build":"193.5662.53","bucket":"159","time":1590245014526,"group":{"id":"system.java","version":"1"},"event":{"state":true,"data":{"created":1590245014938},"id":"invoked"}}
{"recorder_version":"31","session":"31c5b710244e","build":"193.5662.53","bucket":"159","time":1590245014558,"group":{"id":"system.os","version":"3"},"event":{"state":true,"data":{"created":1590245014939,"version":"10.15"},"id":"Mac"}}
{"recorder_version":"31","session":"31c5b710244e","build":"193.5662.53","bucket":"159","time":1590245014558,"group":{"id":"system.os","version":"3"},"event":{"state":true,"data":{"created":1590245014939,"name":"Mac","version":"10.15"},"id":"os.name"}}
{"recorder_version":"31","session":"31c5b710244e","build":"193.5662.53","bucket":"159","time":1590245014558,"group":{"id":"system.os","version":"3"},"event":{"state":true,"data":{"created":1590245014939,"value":"+02_00"},"id":"os.timezone"}}
{"recorder_version":"31","session":"31c5b710244e","build":"193.5662.53","bucket":"159","time":1590245014558,"group":{"id":"system.os","version":"3"},"event":{"state":true,"data":{"created":1590245014940},"id":"invoked"}}
{"recorder_version":"31","session":"31c5b710244e","build":"193.5662.53","bucket":"159","time":1590245014750,"group":{"id":"settings","version":"4"},"event":{"state":true,"data":{"component":"UpdatesConfigurable","created":1590245014940,"name":"checkNeeded","type":"bool","value":false},"id":"not.default"}}
{"recorder_version":"31","session":"31c5b710244e","build":"193.5662.53","bucket":"159","time":1590245014750,"group":{"id":"settings","version":"4"},"event":{"state":true,"data":{"component":"UpdatesConfigurable","created":1590245014942},"id":"invoked"}}
{"recorder_version":"31","session":"31c5b710244e","build":"193.5662.53","bucket":"159","time":1590245014866,"group":{"id":"event.log","version":"31"},"event":{"count":1,"data":{"created":1590245014947,"version":"1268.0"},"id":"whitelist.loaded"}}
{"recorder_version":"31","session":"31c5b710244e","build":"193.5662.53","bucket":"159","time":1590245014982,"group":{"id":"settings","version":"4"},"event":{"state":true,"data":{"component":"GeneralSettings","created":1590245014983,"name":"showTipsOnStartup","type":"bool","value":false},"id":"not.default"}}
{"recorder_version":"31","session":"31c5b710244e","build":"193.5662.53","bucket":"159","time":1590245014982,"group":{"id":"settings","version":"4"},"event":{"state":true,"data":{"component":"GeneralSettings","created":1590245014984},"id":"invoked"}}
{"recorder_version":"31","session":"31c5b710244e","build":"193.5662.53","bucket":"159","time":1590245014997,"group":{"id":"lifecycle","version":"31"},"event":{"count":1,"data":{"internal":true,"eap":false,"created":1590245014997},"id":"ide.start"}}
{"recorder_version":"31","session":"31c5b710244e","build":"193.5662.53","bucket":"159","time":1590245015103,"group":{"id":"settings","version":"4"},"event":{"state":true,"data":{"component":"XmlEditorOptions","created":1590245015103},"id":"invoked"}}
{"recorder_version":"31","session":"31c5b710244e","build":"193.5662.53","bucket":"159","time":1590245015969,"group":{"id":"lifecycle","version":"31"},"event":{"count":1,"data":{"created":1590245015969},"id":"frame.activated"}}
{"recorder_version":"31","session":"31c5b710244e","build":"193.5662.53","bucket":"159","time":1590245015970,"group":{"id":"settings","version":"4"},"event":{"state":true,"data":{"component":"VcsApplicationSettings","created":1590245015970},"id":"invoked"}}
{"recorder_version":"31","session":"31c5b710244e","build":"193.5662.53","bucket":"159","time":1590245016016,"group":{"id":"performance","version":"31"},"event":{"count":1,"data":{"duration_ms":646,"created":1590245016016},"id":"ui.latency"}}
{"recorder_version":"31","session":"31c5b710244e","build":"193.5662.53","bucket":"159","time":1590245016016,"group":{"id":"performance","version":"31"},"event":{"count":1,"data":{"duration_ms":646,"created":1590245016017},"id":"ui.lagging"}}
{"recorder_version":"31","session":"31c5b710244e","build":"193.5662.53","bucket":"159","time":1590245016309,"group":{"id":"ui.dialogs","version":"31"},"event":{"count":1,"data":{"created":1590245016309,"plugin_type":"PLATFORM","dialog_class":"com.intellij.openapi.progress.util.ProgressDialog$MyDialogWrapper"},"id":"show"}}
{"recorder_version":"31","session":"31c5b710244e","build":"193.5662.53","bucket":"159","time":1590245016485,"group":{"id":"performance","version":"31"},"event":{"count":1,"data":{"duration_ms":124,"created":1590245016486},"id":"ui.lagging"}}
{"recorder_version":"31","session":"31c5b710244e","build":"193.5662.53","bucket":"159","time":1590245017864,"group":{"id":"lifecycle","version":"31"},"event":{"count":1,"data":{"created":1590245017864,"project":"d119a6d897fcb33934b9adf90ec59bc9e850f90f58367fa567dc99031a6fc921"},"id":"project.opened"}}
{"recorder_version":"31","session":"31c5b710244e","build":"193.5662.53","bucket":"159","time":1590245018502,"group":{"id":"performance","version":"31"},"event":{"count":1,"data":{"duration_ms":138,"created":1590245018502},"id":"ui.lagging"}}
{"recorder_version":"31","session":"31c5b710244e","build":"193.5662.53","bucket":"159","time":1590245018523,"group":{"id":"toolwindow","version":"31"},"event":{"count":1,"data":{"created":1590245018524,"plugin_type":"PLATFORM","id":"Event_Log"},"id":"activated"}}
{"recorder_version":"31","session":"31c5b710244e","build":"193.5662.53","bucket":"159","time":1590245019525,"group":{"id":"performance","version":"31"},"event":{"count":1,"data":{"duration_ms":156,"created":1590245019525},"id":"ui.lagging"}}
{"recorder_version":"31","session":"31c5b710244e","build":"193.5662.53","bucket":"159","time":1590245020490,"group":{"id":"performance","version":"31"},"event":{"count":1,"data":{"duration_ms":117,"created":1590245020491},"id":"ui.lagging"}}
{"recorder_version":"31","session":"31c5b710244e","build":"193.5662.53","bucket":"159","time":1590245020578,"group":{"id":"indexing","version":"2"},"event":{"count":1,"data":{"ide_activity_id":1,"created":1590245020578,"project":"d119a6d897fcb33934b9adf90ec59bc9e850f90f58367fa567dc99031a6fc921"},"id":"started"}}
{"recorder_version":"31","session":"31c5b710244e","build":"193.5662.53","bucket":"159","time":1590245020584,"group":{"id":"project.fs","version":"1"},"event":{"state":true,"data":{"os":"Mac","cs-project":false,"created":1590245020584,"project":"d119a6d897fcb33934b9adf90ec59bc9e850f90f58367fa567dc99031a6fc921","cs-implicit":true,"cs-system":false},"id":"case-sensitivity"}}
{"recorder_version":"31","session":"31c5b710244e","build":"193.5662.53","bucket":"159","time":1590245020584,"group":{"id":"project.fs","version":"1"},"event":{"state":true,"data":{"created":1590245020585},"id":"invoked"}}
{"recorder_version":"31","session":"31c5b710244e","build":"193.5662.53","bucket":"159","time":1590245020585,"group":{"id":"project.fs","version":"1"},"event":{"state":true,"data":{"pct-non-watched":0,"created":1590245020585,"project":"d119a6d897fcb33934b9adf90ec59bc9e850f90f58367fa567dc99031a6fc921"},"id":"roots-watched"}}
{"recorder_version":"31","session":"31c5b710244e","build":"193.5662.53","bucket":"159","time":1590245020585,"group":{"id":"project.fs","version":"1"},"event":{"state":true,"data":{"created":1590245020585},"id":"invoked"}}
{"recorder_version":"31","session":"31c5b710244e","build":"193.5662.53","bucket":"159","time":1590245020675,"group":{"id":"indexing","version":"2"},"event":{"count":1,"data":{"ide_activity_id":1,"stage_class":"com.intellij.util.indexing.UnindexedFilesUpdater","created":1590245020675,"plugin_type":"PLATFORM"},"id":"stage"}}
{"recorder_version":"31","session":"31c5b710244e","build":"193.5662.53","bucket":"159","time":1590245020705,"group":{"id":"ui.dialogs","version":"31"},"event":{"count":1,"data":{"code":1,"created":1590245020705,"plugin_type":"PLATFORM","dialog_class":"com.intellij.openapi.progress.util.ProgressDialog$MyDialogWrapper"},"id":"close"}}
{"recorder_version":"31","session":"31c5b710244e","build":"193.5662.53","bucket":"159","time":1590245020921,"group":{"id":"lifecycle","version":"31"},"event":{"count":1,"data":{"duration_ms":5808,"created":1590245020922,"project":"d119a6d897fcb33934b9adf90ec59bc9e850f90f58367fa567dc99031a6fc921"},"id":"project.opening.finished"}}
{"recorder_version":"31","session":"31c5b710244e","build":"193.5662.53","bucket":"159","time":1590245023476,"group":{"id":"indexing","version":"2"},"event":{"count":1,"data":{"duration_ms":2898,"ide_activity_id":1,"created":1590245023477},"id":"finished"}}
{"recorder_version":"31","session":"31c5b710244e","build":"193.5662.53","bucket":"159","time":1590245023581,"group":{"id":"indexing","version":"2"},"event":{"count":1,"data":{"ide_activity_id":2,"created":1590245023581,"project":"d119a6d897fcb33934b9adf90ec59bc9e850f90f58367fa567dc99031a6fc921"},"id":"started"}}
{"recorder_version":"31","session":"31c5b710244e","build":"193.5662.53","bucket":"159","time":1590245023599,"group":{"id":"indexing","version":"2"},"event":{"count":1,"data":{"ide_activity_id":2,"plugin":"org.jetbrains.android","stage_class":"com.android.tools.idea.res.ResourceFolderRepositoryFileCacheImpl$PruneTask","created":1590245023599,"plugin_type":"JB_BUNDLED"},"id":"stage"}}
{"recorder_version":"31","session":"31c5b710244e","build":"193.5662.53","bucket":"159","time":1590245023642,"group":{"id":"indexing","version":"2"},"event":{"count":1,"data":{"ide_activity_id":2,"plugin":"org.jetbrains.android","stage_class":"com.android.tools.idea.res.ResourceFolderRepositoryFileCacheImpl$ManageLruProjectFilesTask","created":1590245023643,"plugin_type":"JB_BUNDLED"},"id":"stage"}}
{"recorder_version":"31","session":"31c5b710244e","build":"193.5662.53","bucket":"159","time":1590245023674,"group":{"id":"indexing","version":"2"},"event":{"count":1,"data":{"duration_ms":93,"ide_activity_id":2,"created":1590245023674},"id":"finished"}}
{"recorder_version":"31","session":"31c5b710244e","build":"193.5662.53","bucket":"159","time":1590245023686,"group":{"id":"indexing","version":"2"},"event":{"count":1,"data":{"ide_activity_id":3,"created":1590245023686,"project":"d119a6d897fcb33934b9adf90ec59bc9e850f90f58367fa567dc99031a6fc921"},"id":"started"}}
{"recorder_version":"31","session":"31c5b710244e","build":"193.5662.53","bucket":"159","time":1590245023689,"group":{"id":"indexing","version":"2"},"event":{"count":1,"data":{"ide_activity_id":3,"plugin":"org.jetbrains.android","stage_class":"com.android.tools.idea.res.ResourceFolderRegistry$PopulateCachesTask","created":1590245023689,"plugin_type":"JB_BUNDLED"},"id":"stage"}}
{"recorder_version":"31","session":"31c5b710244e","build":"193.5662.53","bucket":"159","time":1590245023694,"group":{"id":"indexing","version":"2"},"event":{"count":1,"data":{"duration_ms":8,"ide_activity_id":3,"created":1590245023694},"id":"finished"}}
{"recorder_version":"31","session":"31c5b710244e","build":"193.5662.53","bucket":"159","time":1590245025683,"group":{"id":"startup","version":"1"},"event":{"count":1,"data":{"duration":2034,"created":1590245025683},"id":"appInit"}}
{"recorder_version":"31","session":"31c5b710244e","build":"193.5662.53","bucket":"159","time":1590245025683,"group":{"id":"startup","version":"1"},"event":{"count":1,"data":{"duration":430,"created":1590245025684},"id":"splash"}}
{"recorder_version":"31","session":"31c5b710244e","build":"193.5662.53","bucket":"159","time":1590245025683,"group":{"id":"startup","version":"1"},"event":{"count":1,"data":{"duration":409,"created":1590245025684},"id":"bootstrap"}}
{"recorder_version":"31","session":"31c5b710244e","build":"193.5662.53","bucket":"159","time":1590245025683,"group":{"id":"startup","version":"1"},"event":{"count":1,"data":{"duration":9310,"created":1590245025685},"id":"totalDuration"}}
{"recorder_version":"31","session":"31c5b710244e","build":"193.5662.53","bucket":"159","time":1590245026704,"group":{"id":"actions","version":"31"},"event":{"count":1,"data":{"context_menu":true,"action_id":"third.party","created":1590245026704,"plugin_type":"NOT_LISTED","project":"d119a6d897fcb33934b9adf90ec59bc9e850f90f58367fa567dc99031a6fc921","place":"MainMenu","class":"third.party","input_event":"NoMouseButton"},"id":"action.invoked"}}
{"recorder_version":"31","session":"31c5b710244e","build":"193.5662.53","bucket":"159","time":1590245027869,"group":{"id":"ui.dialogs","version":"31"},"event":{"count":1,"data":{"created":1590245027870,"plugin_type":"NOT_LISTED","dialog_class":"third.party"},"id":"show"}}
{"recorder_version":"31","session":"31c5b710244e","build":"193.5662.53","bucket":"159","time":1590245036829,"group":{"id":"ui.dialogs","version":"31"},"event":{"count":1,"data":{"code":1,"created":1590245036829,"plugin_type":"NOT_LISTED","dialog_class":"third.party"},"id":"close"}}
