{"recorder_version":"31","session":"a4ed376009c8","build":"193.5662.53","bucket":"159","time":1590244007681,"group":{"id":"settings","version":"4"},"event":{"state":true,"data":{"component":"UISettings","created":1590244008039},"id":"invoked"}}
{"recorder_version":"31","session":"a4ed376009c8","build":"193.5662.53","bucket":"159","time":1590244007682,"group":{"id":"settings","version":"4"},"event":{"state":true,"data":{"component":"NotRoamableUiSettings","created":1590244008043},"id":"invoked"}}
{"recorder_version":"31","session":"a4ed376009c8","build":"193.5662.53","bucket":"159","time":1590244007688,"group":{"id":"system.java","version":"1"},"event":{"state":true,"data":{"created":1590244008056,"version":"validation.undefined_rule"},"id":"validation.undefined_rule"}}
{"recorder_version":"31","session":"a4ed376009c8","build":"193.5662.53","bucket":"159","time":1590244007688,"group":{"id":"system.java","version":"1"},"event":{"state":true,"data":{"created":1590244008057},"id":"invoked"}}
{"recorder_version":"31","session":"a4ed376009c8","build":"193.5662.53","bucket":"159","time":1590244007720,"group":{"id":"system.os","version":"3"},"event":{"state":true,"data":{"created":1590244008058,"version":"10.15"},"id":"Mac"}}
{"recorder_version":"31","session":"a4ed376009c8","build":"193.5662.53","bucket":"159","time":1590244007720,"group":{"id":"system.os","version":"3"},"event":{"state":true,"data":{"created":1590244008058,"name":"Mac","version":"10.15"},"id":"os.name"}}
{"recorder_version":"31","session":"a4ed376009c8","build":"193.5662.53","bucket":"159","time":1590244007720,"group":{"id":"system.os","version":"3"},"event":{"state":true,"data":{"created":1590244008061,"value":"+02_00"},"id":"os.timezone"}}
{"recorder_version":"31","session":"a4ed376009c8","build":"193.5662.53","bucket":"159","time":1590244007720,"group":{"id":"system.os","version":"3"},"event":{"state":true,"data":{"created":1590244008062},"id":"invoked"}}
{"recorder_version":"31","session":"a4ed376009c8","build":"193.5662.53","bucket":"159","time":1590244007915,"group":{"id":"settings","version":"4"},"event":{"state":true,"data":{"component":"UpdatesConfigurable","created":1590244008062,"name":"checkNeeded","type":"bool","value":false},"id":"not.default"}}
{"recorder_version":"31","session":"a4ed376009c8","build":"193.5662.53","bucket":"159","time":1590244007915,"group":{"id":"settings","version":"4"},"event":{"state":true,"data":{"component":"UpdatesConfigurable","created":1590244008063},"id":"invoked"}}
{"recorder_version":"31","session":"a4ed376009c8","build":"193.5662.53","bucket":"159","time":1590244008002,"group":{"id":"event.log","version":"31"},"event":{"count":1,"data":{"created":1590244008063,"version":"1268.0"},"id":"whitelist.loaded"}}
{"recorder_version":"31","session":"a4ed376009c8","build":"193.5662.53","bucket":"159","time":1590244008158,"group":{"id":"settings","version":"4"},"event":{"state":true,"data":{"component":"GeneralSettings","created":1590244008159,"name":"showTipsOnStartup","type":"bool","value":false},"id":"not.default"}}
{"recorder_version":"31","session":"a4ed376009c8","build":"193.5662.53","bucket":"159","time":1590244008158,"group":{"id":"settings","version":"4"},"event":{"state":true,"data":{"component":"GeneralSettings","created":1590244008160},"id":"invoked"}}
{"recorder_version":"31","session":"a4ed376009c8","build":"193.5662.53","bucket":"159","time":1590244008193,"group":{"id":"lifecycle","version":"31"},"event":{"count":1,"data":{"internal":true,"eap":false,"created":1590244008193},"id":"ide.start"}}
{"recorder_version":"31","session":"a4ed376009c8","build":"193.5662.53","bucket":"159","time":1590244008285,"group":{"id":"settings","version":"4"},"event":{"state":true,"data":{"component":"XmlEditorOptions","created":1590244008286},"id":"invoked"}}
{"recorder_version":"31","session":"a4ed376009c8","build":"193.5662.53","bucket":"159","time":1590244009114,"group":{"id":"lifecycle","version":"31"},"event":{"count":1,"data":{"created":1590244009114},"id":"frame.activated"}}
{"recorder_version":"31","session":"a4ed376009c8","build":"193.5662.53","bucket":"159","time":1590244009115,"group":{"id":"settings","version":"4"},"event":{"state":true,"data":{"component":"VcsApplicationSettings","created":1590244009115},"id":"invoked"}}
{"recorder_version":"31","session":"a4ed376009c8","build":"193.5662.53","bucket":"159","time":1590244009150,"group":{"id":"performance","version":"31"},"event":{"count":1,"data":{"duration_ms":604,"created":1590244009150},"id":"ui.latency"}}
{"recorder_version":"31","session":"a4ed376009c8","build":"193.5662.53","bucket":"159","time":1590244009150,"group":{"id":"performance","version":"31"},"event":{"count":1,"data":{"duration_ms":604,"created":1590244009151},"id":"ui.lagging"}}
{"recorder_version":"31","session":"a4ed376009c8","build":"193.5662.53","bucket":"159","time":1590244009450,"group":{"id":"ui.dialogs","version":"31"},"event":{"count":1,"data":{"created":1590244009450,"plugin_type":"PLATFORM","dialog_class":"com.intellij.openapi.progress.util.ProgressDialog$MyDialogWrapper"},"id":"show"}}
{"recorder_version":"31","session":"a4ed376009c8","build":"193.5662.53","bucket":"159","time":1590244011072,"group":{"id":"lifecycle","version":"31"},"event":{"count":1,"data":{"created":1590244011072,"project":"d119a6d897fcb33934b9adf90ec59bc9e850f90f58367fa567dc99031a6fc921"},"id":"project.opened"}}
{"recorder_version":"31","session":"a4ed376009c8","build":"193.5662.53","bucket":"159","time":1590244011695,"group":{"id":"performance","version":"31"},"event":{"count":1,"data":{"duration_ms":148,"created":1590244011695},"id":"ui.lagging"}}
{"recorder_version":"31","session":"a4ed376009c8","build":"193.5662.53","bucket":"159","time":1590244011720,"group":{"id":"toolwindow","version":"31"},"event":{"count":1,"data":{"created":1590244011720,"plugin_type":"PLATFORM","id":"Event_Log"},"id":"activated"}}
{"recorder_version":"31","session":"a4ed376009c8","build":"193.5662.53","bucket":"159","time":1590244012741,"group":{"id":"performance","version":"31"},"event":{"count":1,"data":{"duration_ms":189,"created":1590244012741},"id":"ui.lagging"}}
{"recorder_version":"31","session":"a4ed376009c8","build":"193.5662.53","bucket":"159","time":1590244013663,"group":{"id":"performance","version":"31"},"event":{"count":1,"data":{"duration_ms":111,"created":1590244013664},"id":"ui.lagging"}}
{"recorder_version":"31","session":"a4ed376009c8","build":"193.5662.53","bucket":"159","time":1590244013669,"group":{"id":"project.fs","version":"1"},"event":{"state":true,"data":{"os":"Mac","cs-project":false,"created":1590244013670,"project":"d119a6d897fcb33934b9adf90ec59bc9e850f90f58367fa567dc99031a6fc921","cs-implicit":true,"cs-system":false},"id":"case-sensitivity"}}
{"recorder_version":"31","session":"a4ed376009c8","build":"193.5662.53","bucket":"159","time":1590244013669,"group":{"id":"project.fs","version":"1"},"event":{"state":true,"data":{"created":1590244013670},"id":"invoked"}}
{"recorder_version":"31","session":"a4ed376009c8","build":"193.5662.53","bucket":"159","time":1590244013672,"group":{"id":"project.fs","version":"1"},"event":{"state":true,"data":{"pct-non-watched":0,"created":1590244013672,"project":"d119a6d897fcb33934b9adf90ec59bc9e850f90f58367fa567dc99031a6fc921"},"id":"roots-watched"}}
{"recorder_version":"31","session":"a4ed376009c8","build":"193.5662.53","bucket":"159","time":1590244013672,"group":{"id":"project.fs","version":"1"},"event":{"state":true,"data":{"created":1590244013672},"id":"invoked"}}
{"recorder_version":"31","session":"a4ed376009c8","build":"193.5662.53","bucket":"159","time":1590244013825,"group":{"id":"ui.dialogs","version":"31"},"event":{"count":1,"data":{"code":1,"created":1590244013825,"plugin_type":"PLATFORM","dialog_class":"com.intellij.openapi.progress.util.ProgressDialog$MyDialogWrapper"},"id":"close"}}
{"recorder_version":"31","session":"a4ed376009c8","build":"193.5662.53","bucket":"159","time":1590244013941,"group":{"id":"indexing","version":"2"},"event":{"count":1,"data":{"ide_activity_id":1,"created":1590244013941,"project":"d119a6d897fcb33934b9adf90ec59bc9e850f90f58367fa567dc99031a6fc921"},"id":"started"}}
{"recorder_version":"31","session":"a4ed376009c8","build":"193.5662.53","bucket":"159","time":1590244014005,"group":{"id":"indexing","version":"2"},"event":{"count":1,"data":{"ide_activity_id":1,"stage_class":"com.intellij.util.indexing.UnindexedFilesUpdater","created":1590244014005,"plugin_type":"PLATFORM"},"id":"stage"}}
{"recorder_version":"31","session":"a4ed376009c8","build":"193.5662.53","bucket":"159","time":1590244014051,"group":{"id":"lifecycle","version":"31"},"event":{"count":1,"data":{"duration_ms":5736,"created":1590244014051,"project":"d119a6d897fcb33934b9adf90ec59bc9e850f90f58367fa567dc99031a6fc921"},"id":"project.opening.finished"}}
{"recorder_version":"31","session":"a4ed376009c8","build":"193.5662.53","bucket":"159","time":1590244016682,"group":{"id":"indexing","version":"2"},"event":{"count":1,"data":{"duration_ms":2740,"ide_activity_id":1,"created":1590244016684},"id":"finished"}}
{"recorder_version":"31","session":"a4ed376009c8","build":"193.5662.53","bucket":"159","time":1590244016781,"group":{"id":"indexing","version":"2"},"event":{"count":1,"data":{"ide_activity_id":2,"created":1590244016781,"project":"d119a6d897fcb33934b9adf90ec59bc9e850f90f58367fa567dc99031a6fc921"},"id":"started"}}
{"recorder_version":"31","session":"a4ed376009c8","build":"193.5662.53","bucket":"159","time":1590244016800,"group":{"id":"indexing","version":"2"},"event":{"count":1,"data":{"ide_activity_id":2,"plugin":"org.jetbrains.android","stage_class":"com.android.tools.idea.res.ResourceFolderRepositoryFileCacheImpl$PruneTask","created":1590244016808,"plugin_type":"JB_BUNDLED"},"id":"stage"}}
{"recorder_version":"31","session":"a4ed376009c8","build":"193.5662.53","bucket":"159","time":1590244016844,"group":{"id":"indexing","version":"2"},"event":{"count":1,"data":{"ide_activity_id":2,"plugin":"org.jetbrains.android","stage_class":"com.android.tools.idea.res.ResourceFolderRepositoryFileCacheImpl$ManageLruProjectFilesTask","created":1590244016846,"plugin_type":"JB_BUNDLED"},"id":"stage"}}
{"recorder_version":"31","session":"a4ed376009c8","build":"193.5662.53","bucket":"159","time":1590244016874,"group":{"id":"indexing","version":"2"},"event":{"count":1,"data":{"duration_ms":93,"ide_activity_id":2,"created":1590244016875},"id":"finished"}}
{"recorder_version":"31","session":"a4ed376009c8","build":"193.5662.53","bucket":"159","time":1590244016886,"group":{"id":"indexing","version":"2"},"event":{"count":1,"data":{"ide_activity_id":3,"created":1590244016886,"project":"d119a6d897fcb33934b9adf90ec59bc9e850f90f58367fa567dc99031a6fc921"},"id":"started"}}
{"recorder_version":"31","session":"a4ed376009c8","build":"193.5662.53","bucket":"159","time":1590244016890,"group":{"id":"indexing","version":"2"},"event":{"count":1,"data":{"ide_activity_id":3,"plugin":"org.jetbrains.android","stage_class":"com.android.tools.idea.res.ResourceFolderRegistry$PopulateCachesTask","created":1590244016892,"plugin_type":"JB_BUNDLED"},"id":"stage"}}
{"recorder_version":"31","session":"a4ed376009c8","build":"193.5662.53","bucket":"159","time":1590244016895,"group":{"id":"indexing","version":"2"},"event":{"count":1,"data":{"duration_ms":8,"ide_activity_id":3,"created":1590244016895},"id":"finished"}}
{"recorder_version":"31","session":"a4ed376009c8","build":"193.5662.53","bucket":"159","time":1590244018249,"group":{"id":"actions","version":"31"},"event":{"count":1,"data":{"context_menu":true,"action_id":"third.party","created":1590244018249,"plugin_type":"NOT_LISTED","project":"d119a6d897fcb33934b9adf90ec59bc9e850f90f58367fa567dc99031a6fc921","place":"MainMenu","class":"third.party","input_event":"NoMouseButton"},"id":"action.invoked"}}
{"recorder_version":"31","session":"a4ed376009c8","build":"193.5662.53","bucket":"159","time":1590244018834,"group":{"id":"startup","version":"1"},"event":{"count":1,"data":{"duration":2019,"created":1590244018834},"id":"appInit"}}
{"recorder_version":"31","session":"a4ed376009c8","build":"193.5662.53","bucket":"159","time":1590244018834,"group":{"id":"startup","version":"1"},"event":{"count":1,"data":{"duration":424,"created":1590244018835},"id":"splash"}}
{"recorder_version":"31","session":"a4ed376009c8","build":"193.5662.53","bucket":"159","time":1590244018834,"group":{"id":"startup","version":"1"},"event":{"count":1,"data":{"duration":403,"created":1590244018835},"id":"bootstrap"}}
{"recorder_version":"31","session":"a4ed376009c8","build":"193.5662.53","bucket":"159","time":1590244018834,"group":{"id":"startup","version":"1"},"event":{"count":1,"data":{"duration":8924,"created":1590244018835},"id":"totalDuration"}}
{"recorder_version":"31","session":"a4ed376009c8","build":"193.5662.53","bucket":"159","time":1590244019608,"group":{"id":"ui.dialogs","version":"31"},"event":{"count":1,"data":{"created":1590244019609,"plugin_type":"NOT_LISTED","dialog_class":"third.party"},"id":"show"}}
{"recorder_version":"31","session":"a4ed376009c8","build":"193.5662.53","bucket":"159","time":1590244019732,"group":{"id":"performance","version":"31"},"event":{"count":1,"data":{"duration_ms":142,"created":1590244019732},"id":"ui.lagging"}}
