{"recorder_version":"31","session":"04519258b26d","build":"193.5662.53","bucket":"159","time":1590250642529,"group":{"id":"settings","version":"4"},"event":{"state":true,"data":{"component":"UISettings","created":1590250642805},"id":"invoked"}}
{"recorder_version":"31","session":"04519258b26d","build":"193.5662.53","bucket":"159","time":1590250642529,"group":{"id":"settings","version":"4"},"event":{"state":true,"data":{"component":"NotRoamableUiSettings","created":1590250642806},"id":"invoked"}}
{"recorder_version":"31","session":"04519258b26d","build":"193.5662.53","bucket":"159","time":1590250642535,"group":{"id":"system.java","version":"1"},"event":{"state":true,"data":{"created":1590250642815,"version":"validation.undefined_rule"},"id":"validation.undefined_rule"}}
{"recorder_version":"31","session":"04519258b26d","build":"193.5662.53","bucket":"159","time":1590250642535,"group":{"id":"system.java","version":"1"},"event":{"state":true,"data":{"created":1590250642816},"id":"invoked"}}
{"recorder_version":"31","session":"04519258b26d","build":"193.5662.53","bucket":"159","time":1590250642556,"group":{"id":"system.os","version":"3"},"event":{"state":true,"data":{"created":1590250642816,"version":"10.15"},"id":"Mac"}}
{"recorder_version":"31","session":"04519258b26d","build":"193.5662.53","bucket":"159","time":1590250642556,"group":{"id":"system.os","version":"3"},"event":{"state":true,"data":{"created":1590250642817,"name":"Mac","version":"10.15"},"id":"os.name"}}
{"recorder_version":"31","session":"04519258b26d","build":"193.5662.53","bucket":"159","time":1590250642556,"group":{"id":"system.os","version":"3"},"event":{"state":true,"data":{"created":1590250642818,"value":"+02_00"},"id":"os.timezone"}}
{"recorder_version":"31","session":"04519258b26d","build":"193.5662.53","bucket":"159","time":1590250642556,"group":{"id":"system.os","version":"3"},"event":{"state":true,"data":{"created":1590250642818},"id":"invoked"}}
{"recorder_version":"31","session":"04519258b26d","build":"193.5662.53","bucket":"159","time":1590250642713,"group":{"id":"settings","version":"4"},"event":{"state":true,"data":{"component":"UpdatesConfigurable","created":1590250642819,"name":"checkNeeded","type":"bool","value":false},"id":"not.default"}}
{"recorder_version":"31","session":"04519258b26d","build":"193.5662.53","bucket":"159","time":1590250642713,"group":{"id":"settings","version":"4"},"event":{"state":true,"data":{"component":"UpdatesConfigurable","created":1590250642819},"id":"invoked"}}
{"recorder_version":"31","session":"04519258b26d","build":"193.5662.53","bucket":"159","time":1590250642781,"group":{"id":"event.log","version":"31"},"event":{"count":1,"data":{"created":1590250642819,"version":"1268.0"},"id":"whitelist.loaded"}}
{"recorder_version":"31","session":"04519258b26d","build":"193.5662.53","bucket":"159","time":1590250642892,"group":{"id":"settings","version":"4"},"event":{"state":true,"data":{"component":"GeneralSettings","created":1590250642893,"name":"showTipsOnStartup","type":"bool","value":false},"id":"not.default"}}
{"recorder_version":"31","session":"04519258b26d","build":"193.5662.53","bucket":"159","time":1590250642892,"group":{"id":"settings","version":"4"},"event":{"state":true,"data":{"component":"GeneralSettings","created":1590250642893},"id":"invoked"}}
{"recorder_version":"31","session":"04519258b26d","build":"193.5662.53","bucket":"159","time":1590250642923,"group":{"id":"lifecycle","version":"31"},"event":{"count":1,"data":{"internal":true,"eap":false,"created":1590250642923},"id":"ide.start"}}
{"recorder_version":"31","session":"04519258b26d","build":"193.5662.53","bucket":"159","time":1590250643045,"group":{"id":"settings","version":"4"},"event":{"state":true,"data":{"component":"XmlEditorOptions","created":1590250643045},"id":"invoked"}}
{"recorder_version":"31","session":"04519258b26d","build":"193.5662.53","bucket":"159","time":1590250643802,"group":{"id":"settings","version":"4"},"event":{"state":true,"data":{"component":"VcsApplicationSettings","created":1590250643802},"id":"invoked"}}
{"recorder_version":"31","session":"04519258b26d","build":"193.5662.53","bucket":"159","time":1590250643802,"group":{"id":"lifecycle","version":"31"},"event":{"count":1,"data":{"created":1590250643802},"id":"frame.activated"}}
{"recorder_version":"31","session":"04519258b26d","build":"193.5662.53","bucket":"159","time":1590250643832,"group":{"id":"performance","version":"31"},"event":{"count":1,"data":{"duration_ms":430,"created":1590250643833},"id":"ui.latency"}}
{"recorder_version":"31","session":"04519258b26d","build":"193.5662.53","bucket":"159","time":1590250643832,"group":{"id":"performance","version":"31"},"event":{"count":1,"data":{"duration_ms":430,"created":1590250643833},"id":"ui.lagging"}}
{"recorder_version":"31","session":"04519258b26d","build":"193.5662.53","bucket":"159","time":1590250643958,"group":{"id":"ui.dialogs","version":"31"},"event":{"count":1,"data":{"created":1590250643958,"plugin_type":"PLATFORM","dialog_class":"com.intellij.openapi.progress.util.ProgressDialog$MyDialogWrapper"},"id":"show"}}
{"recorder_version":"31","session":"04519258b26d","build":"193.5662.53","bucket":"159","time":1590250645791,"group":{"id":"lifecycle","version":"31"},"event":{"count":1,"data":{"created":1590250645791,"project":"d119a6d897fcb33934b9adf90ec59bc9e850f90f58367fa567dc99031a6fc921"},"id":"project.opened"}}
{"recorder_version":"31","session":"04519258b26d","build":"193.5662.53","bucket":"159","time":1590250646305,"group":{"id":"performance","version":"31"},"event":{"count":1,"data":{"duration_ms":905,"created":1590250646306},"id":"ui.lagging"}}
{"recorder_version":"31","session":"04519258b26d","build":"193.5662.53","bucket":"159","time":1590250646480,"group":{"id":"toolwindow","version":"31"},"event":{"count":1,"data":{"created":1590250646480,"plugin_type":"PLATFORM","id":"Event_Log"},"id":"activated"}}
{"recorder_version":"31","session":"04519258b26d","build":"193.5662.53","bucket":"159","time":1590250647331,"group":{"id":"performance","version":"31"},"event":{"count":1,"data":{"duration_ms":929,"created":1590250647331},"id":"ui.lagging"}}
{"recorder_version":"31","session":"04519258b26d","build":"193.5662.53","bucket":"159","time":1590250647578,"group":{"id":"performance","version":"31"},"event":{"count":1,"data":{"duration_ms":173,"created":1590250647578},"id":"ui.lagging"}}
{"recorder_version":"31","session":"04519258b26d","build":"193.5662.53","bucket":"159","time":1590250648734,"group":{"id":"indexing","version":"2"},"event":{"count":1,"data":{"ide_activity_id":1,"created":1590250648734,"project":"d119a6d897fcb33934b9adf90ec59bc9e850f90f58367fa567dc99031a6fc921"},"id":"started"}}
{"recorder_version":"31","session":"04519258b26d","build":"193.5662.53","bucket":"159","time":1590250648737,"group":{"id":"project.fs","version":"1"},"event":{"state":true,"data":{"os":"Mac","cs-project":false,"created":1590250648737,"project":"d119a6d897fcb33934b9adf90ec59bc9e850f90f58367fa567dc99031a6fc921","cs-implicit":true,"cs-system":false},"id":"case-sensitivity"}}
{"recorder_version":"31","session":"04519258b26d","build":"193.5662.53","bucket":"159","time":1590250648737,"group":{"id":"project.fs","version":"1"},"event":{"state":true,"data":{"created":1590250648738},"id":"invoked"}}
{"recorder_version":"31","session":"04519258b26d","build":"193.5662.53","bucket":"159","time":1590250648738,"group":{"id":"project.fs","version":"1"},"event":{"state":true,"data":{"pct-non-watched":0,"created":1590250648738,"project":"d119a6d897fcb33934b9adf90ec59bc9e850f90f58367fa567dc99031a6fc921"},"id":"roots-watched"}}
{"recorder_version":"31","session":"04519258b26d","build":"193.5662.53","bucket":"159","time":1590250648738,"group":{"id":"project.fs","version":"1"},"event":{"state":true,"data":{"created":1590250648738},"id":"invoked"}}
{"recorder_version":"31","session":"04519258b26d","build":"193.5662.53","bucket":"159","time":1590250648853,"group":{"id":"ui.dialogs","version":"31"},"event":{"count":1,"data":{"code":1,"created":1590250648853,"plugin_type":"PLATFORM","dialog_class":"com.intellij.openapi.progress.util.ProgressDialog$MyDialogWrapper"},"id":"close"}}
{"recorder_version":"31","session":"04519258b26d","build":"193.5662.53","bucket":"159","time":1590250648865,"group":{"id":"indexing","version":"2"},"event":{"count":1,"data":{"ide_activity_id":1,"stage_class":"com.intellij.util.indexing.UnindexedFilesUpdater","created":1590250648866,"plugin_type":"PLATFORM"},"id":"stage"}}
{"recorder_version":"31","session":"04519258b26d","build":"193.5662.53","bucket":"159","time":1590250649262,"group":{"id":"lifecycle","version":"31"},"event":{"count":1,"data":{"duration_ms":6206,"created":1590250649263,"project":"d119a6d897fcb33934b9adf90ec59bc9e850f90f58367fa567dc99031a6fc921"},"id":"project.opening.finished"}}
{"recorder_version":"31","session":"04519258b26d","build":"193.5662.53","bucket":"159","time":1590250652120,"group":{"id":"indexing","version":"2"},"event":{"count":1,"data":{"duration_ms":3386,"ide_activity_id":1,"created":1590250652120},"id":"finished"}}
{"recorder_version":"31","session":"04519258b26d","build":"193.5662.53","bucket":"159","time":1590250652253,"group":{"id":"indexing","version":"2"},"event":{"count":1,"data":{"ide_activity_id":2,"created":1590250652253,"project":"d119a6d897fcb33934b9adf90ec59bc9e850f90f58367fa567dc99031a6fc921"},"id":"started"}}
{"recorder_version":"31","session":"04519258b26d","build":"193.5662.53","bucket":"159","time":1590250652280,"group":{"id":"indexing","version":"2"},"event":{"count":1,"data":{"ide_activity_id":2,"plugin":"org.jetbrains.android","stage_class":"com.android.tools.idea.res.ResourceFolderRepositoryFileCacheImpl$PruneTask","created":1590250652281,"plugin_type":"JB_BUNDLED"},"id":"stage"}}
{"recorder_version":"31","session":"04519258b26d","build":"193.5662.53","bucket":"159","time":1590250652327,"group":{"id":"indexing","version":"2"},"event":{"count":1,"data":{"ide_activity_id":2,"plugin":"org.jetbrains.android","stage_class":"com.android.tools.idea.res.ResourceFolderRepositoryFileCacheImpl$ManageLruProjectFilesTask","created":1590250652329,"plugin_type":"JB_BUNDLED"},"id":"stage"}}
{"recorder_version":"31","session":"04519258b26d","build":"193.5662.53","bucket":"159","time":1590250652367,"group":{"id":"indexing","version":"2"},"event":{"count":1,"data":{"duration_ms":114,"ide_activity_id":2,"created":1590250652368},"id":"finished"}}
{"recorder_version":"31","session":"04519258b26d","build":"193.5662.53","bucket":"159","time":1590250652386,"group":{"id":"indexing","version":"2"},"event":{"count":1,"data":{"ide_activity_id":3,"created":1590250652386,"project":"d119a6d897fcb33934b9adf90ec59bc9e850f90f58367fa567dc99031a6fc921"},"id":"started"}}
{"recorder_version":"31","session":"04519258b26d","build":"193.5662.53","bucket":"159","time":1590250652397,"group":{"id":"indexing","version":"2"},"event":{"count":1,"data":{"ide_activity_id":3,"plugin":"org.jetbrains.android","stage_class":"com.android.tools.idea.res.ResourceFolderRegistry$PopulateCachesTask","created":1590250652399,"plugin_type":"JB_BUNDLED"},"id":"stage"}}
{"recorder_version":"31","session":"04519258b26d","build":"193.5662.53","bucket":"159","time":1590250652436,"group":{"id":"indexing","version":"2"},"event":{"count":1,"data":{"duration_ms":50,"ide_activity_id":3,"created":1590250652438},"id":"finished"}}
{"recorder_version":"31","session":"04519258b26d","build":"193.5662.53","bucket":"159","time":1590250653734,"group":{"id":"actions","version":"31"},"event":{"count":1,"data":{"context_menu":true,"action_id":"third.party","created":1590250653734,"plugin_type":"NOT_LISTED","project":"d119a6d897fcb33934b9adf90ec59bc9e850f90f58367fa567dc99031a6fc921","place":"MainMenu","class":"third.party","input_event":"NoMouseButton"},"id":"action.invoked"}}
{"recorder_version":"31","session":"04519258b26d","build":"193.5662.53","bucket":"159","time":1590250653877,"group":{"id":"startup","version":"1"},"event":{"count":1,"data":{"duration":1803,"created":1590250653877},"id":"appInit"}}
{"recorder_version":"31","session":"04519258b26d","build":"193.5662.53","bucket":"159","time":1590250653877,"group":{"id":"startup","version":"1"},"event":{"count":1,"data":{"duration":352,"created":1590250653878},"id":"splash"}}
{"recorder_version":"31","session":"04519258b26d","build":"193.5662.53","bucket":"159","time":1590250653877,"group":{"id":"startup","version":"1"},"event":{"count":1,"data":{"duration":380,"created":1590250653878},"id":"bootstrap"}}
{"recorder_version":"31","session":"04519258b26d","build":"193.5662.53","bucket":"159","time":1590250653877,"group":{"id":"startup","version":"1"},"event":{"count":1,"data":{"duration":9295,"created":1590250653878},"id":"totalDuration"}}
{"recorder_version":"31","session":"04519258b26d","build":"193.5662.53","bucket":"159","time":1590250655535,"group":{"id":"ui.dialogs","version":"31"},"event":{"count":1,"data":{"created":1590250655536,"plugin_type":"NOT_LISTED","dialog_class":"third.party"},"id":"show"}}
{"recorder_version":"31","session":"04519258b26d","build":"193.5662.53","bucket":"159","time":1590250666085,"group":{"id":"lifecycle","version":"31"},"event":{"count":1,"data":{"created":1590250666086,"project":"d119a6d897fcb33934b9adf90ec59bc9e850f90f58367fa567dc99031a6fc921"},"id":"frame.deactivated"}}
