{"recorder_version":"31","session":"2ed6ba57614d","build":"193.5662.53","bucket":"159","time":1590244193633,"group":{"id":"settings","version":"4"},"event":{"state":true,"data":{"component":"UISettings","created":1590244193912},"id":"invoked"}}
{"recorder_version":"31","session":"2ed6ba57614d","build":"193.5662.53","bucket":"159","time":1590244193633,"group":{"id":"settings","version":"4"},"event":{"state":true,"data":{"component":"NotRoamableUiSettings","created":1590244193914},"id":"invoked"}}
{"recorder_version":"31","session":"2ed6ba57614d","build":"193.5662.53","bucket":"159","time":1590244193642,"group":{"id":"system.java","version":"1"},"event":{"state":true,"data":{"created":1590244193946,"version":"validation.undefined_rule"},"id":"validation.undefined_rule"}}
{"recorder_version":"31","session":"2ed6ba57614d","build":"193.5662.53","bucket":"159","time":1590244193642,"group":{"id":"system.java","version":"1"},"event":{"state":true,"data":{"created":1590244193946},"id":"invoked"}}
{"recorder_version":"31","session":"2ed6ba57614d","build":"193.5662.53","bucket":"159","time":1590244193660,"group":{"id":"system.os","version":"3"},"event":{"state":true,"data":{"created":1590244193947,"version":"10.15"},"id":"Mac"}}
{"recorder_version":"31","session":"2ed6ba57614d","build":"193.5662.53","bucket":"159","time":1590244193660,"group":{"id":"system.os","version":"3"},"event":{"state":true,"data":{"created":1590244193948,"name":"Mac","version":"10.15"},"id":"os.name"}}
{"recorder_version":"31","session":"2ed6ba57614d","build":"193.5662.53","bucket":"159","time":1590244193660,"group":{"id":"system.os","version":"3"},"event":{"state":true,"data":{"created":1590244193949,"value":"+02_00"},"id":"os.timezone"}}
{"recorder_version":"31","session":"2ed6ba57614d","build":"193.5662.53","bucket":"159","time":1590244193660,"group":{"id":"system.os","version":"3"},"event":{"state":true,"data":{"created":1590244193950},"id":"invoked"}}
{"recorder_version":"31","session":"2ed6ba57614d","build":"193.5662.53","bucket":"159","time":1590244193772,"group":{"id":"settings","version":"4"},"event":{"state":true,"data":{"component":"UpdatesConfigurable","created":1590244193951,"name":"checkNeeded","type":"bool","value":false},"id":"not.default"}}
{"recorder_version":"31","session":"2ed6ba57614d","build":"193.5662.53","bucket":"159","time":1590244193772,"group":{"id":"settings","version":"4"},"event":{"state":true,"data":{"component":"UpdatesConfigurable","created":1590244193952},"id":"invoked"}}
{"recorder_version":"31","session":"2ed6ba57614d","build":"193.5662.53","bucket":"159","time":1590244193887,"group":{"id":"event.log","version":"31"},"event":{"count":1,"data":{"created":1590244193952,"version":"1268.0"},"id":"whitelist.loaded"}}
{"recorder_version":"31","session":"2ed6ba57614d","build":"193.5662.53","bucket":"159","time":1590244193961,"group":{"id":"settings","version":"4"},"event":{"state":true,"data":{"component":"GeneralSettings","created":1590244193961,"name":"showTipsOnStartup","type":"bool","value":false},"id":"not.default"}}
{"recorder_version":"31","session":"2ed6ba57614d","build":"193.5662.53","bucket":"159","time":1590244193961,"group":{"id":"settings","version":"4"},"event":{"state":true,"data":{"component":"GeneralSettings","created":1590244193962},"id":"invoked"}}
{"recorder_version":"31","session":"2ed6ba57614d","build":"193.5662.53","bucket":"159","time":1590244193980,"group":{"id":"lifecycle","version":"31"},"event":{"count":1,"data":{"internal":true,"eap":false,"created":1590244193981},"id":"ide.start"}}
{"recorder_version":"31","session":"2ed6ba57614d","build":"193.5662.53","bucket":"159","time":1590244194066,"group":{"id":"settings","version":"4"},"event":{"state":true,"data":{"component":"XmlEditorOptions","created":1590244194067},"id":"invoked"}}
{"recorder_version":"31","session":"2ed6ba57614d","build":"193.5662.53","bucket":"159","time":1590244194892,"group":{"id":"settings","version":"4"},"event":{"state":true,"data":{"component":"VcsApplicationSettings","created":1590244194892},"id":"invoked"}}
{"recorder_version":"31","session":"2ed6ba57614d","build":"193.5662.53","bucket":"159","time":1590244194892,"group":{"id":"lifecycle","version":"31"},"event":{"count":1,"data":{"created":1590244194892},"id":"frame.activated"}}
{"recorder_version":"31","session":"2ed6ba57614d","build":"193.5662.53","bucket":"159","time":1590244194934,"group":{"id":"performance","version":"31"},"event":{"count":1,"data":{"duration_ms":434,"created":1590244194935},"id":"ui.latency"}}
{"recorder_version":"31","session":"2ed6ba57614d","build":"193.5662.53","bucket":"159","time":1590244194935,"group":{"id":"performance","version":"31"},"event":{"count":1,"data":{"duration_ms":434,"created":1590244194935},"id":"ui.lagging"}}
{"recorder_version":"31","session":"2ed6ba57614d","build":"193.5662.53","bucket":"159","time":1590244195228,"group":{"id":"ui.dialogs","version":"31"},"event":{"count":1,"data":{"created":1590244195228,"plugin_type":"PLATFORM","dialog_class":"com.intellij.openapi.progress.util.ProgressDialog$MyDialogWrapper"},"id":"show"}}
{"recorder_version":"31","session":"2ed6ba57614d","build":"193.5662.53","bucket":"159","time":1590244196816,"group":{"id":"lifecycle","version":"31"},"event":{"count":1,"data":{"created":1590244196816,"project":"d119a6d897fcb33934b9adf90ec59bc9e850f90f58367fa567dc99031a6fc921"},"id":"project.opened"}}
{"recorder_version":"31","session":"2ed6ba57614d","build":"193.5662.53","bucket":"159","time":1590244197297,"group":{"id":"performance","version":"31"},"event":{"count":1,"data":{"duration_ms":800,"created":1590244197298},"id":"ui.lagging"}}
{"recorder_version":"31","session":"2ed6ba57614d","build":"193.5662.53","bucket":"159","time":1590244197535,"group":{"id":"toolwindow","version":"31"},"event":{"count":1,"data":{"created":1590244197535,"plugin_type":"PLATFORM","id":"Event_Log"},"id":"activated"}}
{"recorder_version":"31","session":"2ed6ba57614d","build":"193.5662.53","bucket":"159","time":1590244198454,"group":{"id":"performance","version":"31"},"event":{"count":1,"data":{"duration_ms":956,"created":1590244198454},"id":"ui.lagging"}}
{"recorder_version":"31","session":"2ed6ba57614d","build":"193.5662.53","bucket":"159","time":1590244198755,"group":{"id":"performance","version":"31"},"event":{"count":1,"data":{"duration_ms":255,"created":1590244198755},"id":"ui.lagging"}}
{"recorder_version":"31","session":"2ed6ba57614d","build":"193.5662.53","bucket":"159","time":1590244199605,"group":{"id":"performance","version":"31"},"event":{"count":1,"data":{"duration_ms":103,"created":1590244199605},"id":"ui.lagging"}}
{"recorder_version":"31","session":"2ed6ba57614d","build":"193.5662.53","bucket":"159","time":1590244200066,"group":{"id":"indexing","version":"2"},"event":{"count":1,"data":{"ide_activity_id":1,"created":1590244200066,"project":"d119a6d897fcb33934b9adf90ec59bc9e850f90f58367fa567dc99031a6fc921"},"id":"started"}}
{"recorder_version":"31","session":"2ed6ba57614d","build":"193.5662.53","bucket":"159","time":1590244200151,"group":{"id":"project.fs","version":"1"},"event":{"state":true,"data":{"os":"Mac","cs-project":false,"created":1590244200151,"project":"d119a6d897fcb33934b9adf90ec59bc9e850f90f58367fa567dc99031a6fc921","cs-implicit":true,"cs-system":false},"id":"case-sensitivity"}}
{"recorder_version":"31","session":"2ed6ba57614d","build":"193.5662.53","bucket":"159","time":1590244200151,"group":{"id":"project.fs","version":"1"},"event":{"state":true,"data":{"created":1590244200152},"id":"invoked"}}
{"recorder_version":"31","session":"2ed6ba57614d","build":"193.5662.53","bucket":"159","time":1590244200152,"group":{"id":"project.fs","version":"1"},"event":{"state":true,"data":{"pct-non-watched":0,"created":1590244200153,"project":"d119a6d897fcb33934b9adf90ec59bc9e850f90f58367fa567dc99031a6fc921"},"id":"roots-watched"}}
{"recorder_version":"31","session":"2ed6ba57614d","build":"193.5662.53","bucket":"159","time":1590244200152,"group":{"id":"project.fs","version":"1"},"event":{"state":true,"data":{"created":1590244200153},"id":"invoked"}}
{"recorder_version":"31","session":"2ed6ba57614d","build":"193.5662.53","bucket":"159","time":1590244200275,"group":{"id":"indexing","version":"2"},"event":{"count":1,"data":{"ide_activity_id":1,"stage_class":"com.intellij.util.indexing.UnindexedFilesUpdater","created":1590244200275,"plugin_type":"PLATFORM"},"id":"stage"}}
{"recorder_version":"31","session":"2ed6ba57614d","build":"193.5662.53","bucket":"159","time":1590244200277,"group":{"id":"ui.dialogs","version":"31"},"event":{"count":1,"data":{"code":1,"created":1590244200279,"plugin_type":"PLATFORM","dialog_class":"com.intellij.openapi.progress.util.ProgressDialog$MyDialogWrapper"},"id":"close"}}
{"recorder_version":"31","session":"2ed6ba57614d","build":"193.5662.53","bucket":"159","time":1590244200632,"group":{"id":"lifecycle","version":"31"},"event":{"count":1,"data":{"duration_ms":6538,"created":1590244200633,"project":"d119a6d897fcb33934b9adf90ec59bc9e850f90f58367fa567dc99031a6fc921"},"id":"project.opening.finished"}}
{"recorder_version":"31","session":"2ed6ba57614d","build":"193.5662.53","bucket":"159","time":1590244204262,"group":{"id":"indexing","version":"2"},"event":{"count":1,"data":{"duration_ms":4194,"ide_activity_id":1,"created":1590244204263},"id":"finished"}}
{"recorder_version":"31","session":"2ed6ba57614d","build":"193.5662.53","bucket":"159","time":1590244204395,"group":{"id":"indexing","version":"2"},"event":{"count":1,"data":{"ide_activity_id":2,"created":1590244204396,"project":"d119a6d897fcb33934b9adf90ec59bc9e850f90f58367fa567dc99031a6fc921"},"id":"started"}}
{"recorder_version":"31","session":"2ed6ba57614d","build":"193.5662.53","bucket":"159","time":1590244204423,"group":{"id":"indexing","version":"2"},"event":{"count":1,"data":{"ide_activity_id":2,"plugin":"org.jetbrains.android","stage_class":"com.android.tools.idea.res.ResourceFolderRepositoryFileCacheImpl$PruneTask","created":1590244204425,"plugin_type":"JB_BUNDLED"},"id":"stage"}}
{"recorder_version":"31","session":"2ed6ba57614d","build":"193.5662.53","bucket":"159","time":1590244204474,"group":{"id":"indexing","version":"2"},"event":{"count":1,"data":{"ide_activity_id":2,"plugin":"org.jetbrains.android","stage_class":"com.android.tools.idea.res.ResourceFolderRepositoryFileCacheImpl$ManageLruProjectFilesTask","created":1590244204475,"plugin_type":"JB_BUNDLED"},"id":"stage"}}
{"recorder_version":"31","session":"2ed6ba57614d","build":"193.5662.53","bucket":"159","time":1590244204515,"group":{"id":"indexing","version":"2"},"event":{"count":1,"data":{"duration_ms":120,"ide_activity_id":2,"created":1590244204515},"id":"finished"}}
{"recorder_version":"31","session":"2ed6ba57614d","build":"193.5662.53","bucket":"159","time":1590244204535,"group":{"id":"indexing","version":"2"},"event":{"count":1,"data":{"ide_activity_id":3,"created":1590244204536,"project":"d119a6d897fcb33934b9adf90ec59bc9e850f90f58367fa567dc99031a6fc921"},"id":"started"}}
{"recorder_version":"31","session":"2ed6ba57614d","build":"193.5662.53","bucket":"159","time":1590244204545,"group":{"id":"indexing","version":"2"},"event":{"count":1,"data":{"ide_activity_id":3,"plugin":"org.jetbrains.android","stage_class":"com.android.tools.idea.res.ResourceFolderRegistry$PopulateCachesTask","created":1590244204546,"plugin_type":"JB_BUNDLED"},"id":"stage"}}
{"recorder_version":"31","session":"2ed6ba57614d","build":"193.5662.53","bucket":"159","time":1590244204586,"group":{"id":"indexing","version":"2"},"event":{"count":1,"data":{"duration_ms":51,"ide_activity_id":3,"created":1590244204586},"id":"finished"}}
{"recorder_version":"31","session":"2ed6ba57614d","build":"193.5662.53","bucket":"159","time":1590244205290,"group":{"id":"startup","version":"1"},"event":{"count":1,"data":{"duration":1574,"created":1590244205290},"id":"appInit"}}
{"recorder_version":"31","session":"2ed6ba57614d","build":"193.5662.53","bucket":"159","time":1590244205290,"group":{"id":"startup","version":"1"},"event":{"count":1,"data":{"duration":304,"created":1590244205291},"id":"splash"}}
{"recorder_version":"31","session":"2ed6ba57614d","build":"193.5662.53","bucket":"159","time":1590244205290,"group":{"id":"startup","version":"1"},"event":{"count":1,"data":{"duration":319,"created":1590244205291},"id":"bootstrap"}}
{"recorder_version":"31","session":"2ed6ba57614d","build":"193.5662.53","bucket":"159","time":1590244205290,"group":{"id":"startup","version":"1"},"event":{"count":1,"data":{"duration":8998,"created":1590244205291},"id":"totalDuration"}}
{"recorder_version":"31","session":"2ed6ba57614d","build":"193.5662.53","bucket":"159","time":1590244206430,"group":{"id":"actions","version":"31"},"event":{"count":1,"data":{"context_menu":true,"action_id":"third.party","created":1590244206430,"plugin_type":"NOT_LISTED","project":"d119a6d897fcb33934b9adf90ec59bc9e850f90f58367fa567dc99031a6fc921","place":"MainMenu","class":"third.party","input_event":"NoMouseButton"},"id":"action.invoked"}}
{"recorder_version":"31","session":"2ed6ba57614d","build":"193.5662.53","bucket":"159","time":1590244206766,"group":{"id":"performance","version":"31"},"event":{"count":1,"data":{"duration_ms":236,"created":1590244206767},"id":"ui.lagging"}}
{"recorder_version":"31","session":"2ed6ba57614d","build":"193.5662.53","bucket":"159","time":1590244209349,"group":{"id":"ui.dialogs","version":"31"},"event":{"count":1,"data":{"created":1590244209350,"plugin_type":"NOT_LISTED","dialog_class":"third.party"},"id":"show"}}
{"recorder_version":"31","session":"2ed6ba57614d","build":"193.5662.53","bucket":"159","time":1590244244992,"group":{"id":"lifecycle","version":"31"},"event":{"count":1,"data":{"created":1590244244992,"project":"d119a6d897fcb33934b9adf90ec59bc9e850f90f58367fa567dc99031a6fc921"},"id":"frame.deactivated"}}
{"recorder_version":"31","session":"2ed6ba57614d","build":"193.5662.53","bucket":"159","time":1590244279341,"group":{"id":"lifecycle","version":"31"},"event":{"count":1,"data":{"created":1590244279342,"project":"d119a6d897fcb33934b9adf90ec59bc9e850f90f58367fa567dc99031a6fc921"},"id":"frame.activated"}}
{"recorder_version":"31","session":"2ed6ba57614d","build":"193.5662.53","bucket":"159","time":1590244279393,"group":{"id":"ui.dialogs","version":"31"},"event":{"count":1,"data":{"code":0,"created":1590244279393,"plugin_type":"NOT_LISTED","dialog_class":"third.party"},"id":"close"}}
{"recorder_version":"31","session":"2ed6ba57614d","build":"193.5662.53","bucket":"159","time":1590244280226,"group":{"id":"lifecycle","version":"31"},"event":{"count":1,"data":{"created":1590244280226,"project":"d119a6d897fcb33934b9adf90ec59bc9e850f90f58367fa567dc99031a6fc921"},"id":"frame.deactivated"}}
{"recorder_version":"31","session":"2ed6ba57614d","build":"193.5662.53","bucket":"159","time":1590244295690,"group":{"id":"performance","version":"31"},"event":{"count":1,"data":{"duration_ms":0,"created":1590244295690},"id":"ui.latency"}}
{"recorder_version":"31","session":"2ed6ba57614d","build":"193.5662.53","bucket":"159","time":1590244395879,"group":{"id":"performance","version":"31"},"event":{"count":1,"data":{"duration_ms":0,"created":1590244395879},"id":"ui.latency"}}
{"recorder_version":"31","session":"2ed6ba57614d","build":"193.5662.53","bucket":"159","time":1590244493983,"group":{"id":"kotlin.ide.j2k","version":"1"},"event":{"count":1,"data":{"created":1590244493983},"id":"registered"}}
{"recorder_version":"31","session":"2ed6ba57614d","build":"193.5662.53","bucket":"159","time":1590244493983,"group":{"id":"java.find.usages","version":"1"},"event":{"count":1,"data":{"created":1590244493984},"id":"registered"}}
{"recorder_version":"31","session":"2ed6ba57614d","build":"193.5662.53","bucket":"159","time":1590244493983,"group":{"id":"file.types.usage","version":"31"},"event":{"count":1,"data":{"created":1590244493984},"id":"registered"}}
{"recorder_version":"31","session":"2ed6ba57614d","build":"193.5662.53","bucket":"159","time":1590244493983,"group":{"id":"ide.script.engine","version":"2"},"event":{"count":1,"data":{"created":1590244493985},"id":"registered"}}
{"recorder_version":"31","session":"2ed6ba57614d","build":"193.5662.53","bucket":"159","time":1590244493983,"group":{"id":"live.templates","version":"31"},"event":{"count":1,"data":{"created":1590244493985},"id":"registered"}}
{"recorder_version":"31","session":"2ed6ba57614d","build":"193.5662.53","bucket":"159","time":1590244493983,"group":{"id":"ide.self.update","version":"2"},"event":{"count":1,"data":{"created":1590244493985},"id":"registered"}}
{"recorder_version":"31","session":"2ed6ba57614d","build":"193.5662.53","bucket":"159","time":1590244493983,"group":{"id":"lifecycle","version":"31"},"event":{"count":1,"data":{"created":1590244493985},"id":"registered"}}
{"recorder_version":"31","session":"2ed6ba57614d","build":"193.5662.53","bucket":"159","time":1590244493983,"group":{"id":"vcs.diff.trigger","version":"1"},"event":{"count":1,"data":{"created":1590244493985},"id":"registered"}}
{"recorder_version":"31","session":"2ed6ba57614d","build":"193.5662.53","bucket":"159","time":1590244493983,"group":{"id":"debugger.breakpoints.usage","version":"2"},"event":{"count":1,"data":{"created":1590244493985},"id":"registered"}}
{"recorder_version":"31","session":"2ed6ba57614d","build":"193.5662.53","bucket":"159","time":1590244493983,"group":{"id":"kotlin.gradle.library","version":"1"},"event":{"count":1,"data":{"created":1590244493985},"id":"registered"}}
{"recorder_version":"31","session":"2ed6ba57614d","build":"193.5662.53","bucket":"159","time":1590244493983,"group":{"id":"startup","version":"1"},"event":{"count":1,"data":{"created":1590244493985},"id":"registered"}}
{"recorder_version":"31","session":"2ed6ba57614d","build":"193.5662.53","bucket":"159","time":1590244493983,"group":{"id":"find","version":"2"},"event":{"count":1,"data":{"created":1590244493985},"id":"registered"}}
{"recorder_version":"31","session":"2ed6ba57614d","build":"193.5662.53","bucket":"159","time":1590244493983,"group":{"id":"kotlin.gradle.target","version":"2"},"event":{"count":1,"data":{"created":1590244493985},"id":"registered"}}
{"recorder_version":"31","session":"2ed6ba57614d","build":"193.5662.53","bucket":"159","time":1590244493983,"group":{"id":"gutter.icon.click","version":"2"},"event":{"count":1,"data":{"created":1590244493985},"id":"registered"}}
{"recorder_version":"31","session":"2ed6ba57614d","build":"193.5662.53","bucket":"159","time":1590244493983,"group":{"id":"shell.script","version":"1"},"event":{"count":1,"data":{"created":1590244493985},"id":"registered"}}
{"recorder_version":"31","session":"2ed6ba57614d","build":"193.5662.53","bucket":"159","time":1590244493983,"group":{"id":"new.project.wizard","version":"1"},"event":{"count":1,"data":{"created":1590244493985},"id":"registered"}}
{"recorder_version":"31","session":"2ed6ba57614d","build":"193.5662.53","bucket":"159","time":1590244493983,"group":{"id":"kotlin.ide.npwizards","version":"1"},"event":{"count":1,"data":{"created":1590244493985},"id":"registered"}}
{"recorder_version":"31","session":"2ed6ba57614d","build":"193.5662.53","bucket":"159","time":1590244493983,"group":{"id":"intentions","version":"31"},"event":{"count":1,"data":{"created":1590244493986},"id":"registered"}}
{"recorder_version":"31","session":"2ed6ba57614d","build":"193.5662.53","bucket":"159","time":1590244493983,"group":{"id":"settings.repository","version":"1"},"event":{"count":1,"data":{"created":1590244493986},"id":"registered"}}
{"recorder_version":"31","session":"2ed6ba57614d","build":"193.5662.53","bucket":"159","time":1590244493983,"group":{"id":"vcs.change.reminder","version":"2"},"event":{"count":1,"data":{"created":1590244493986},"id":"registered"}}
{"recorder_version":"31","session":"2ed6ba57614d","build":"193.5662.53","bucket":"159","time":1590244493983,"group":{"id":"create.directory.dialog","version":"1"},"event":{"count":1,"data":{"created":1590244493986},"id":"registered"}}
{"recorder_version":"31","session":"2ed6ba57614d","build":"193.5662.53","bucket":"159","time":1590244493983,"group":{"id":"kotlin.maven.target","version":"3"},"event":{"count":1,"data":{"created":1590244493986},"id":"registered"}}
{"recorder_version":"31","session":"2ed6ba57614d","build":"193.5662.53","bucket":"159","time":1590244493983,"group":{"id":"json.schema","version":"1"},"event":{"count":1,"data":{"created":1590244493986},"id":"registered"}}
{"recorder_version":"31","session":"2ed6ba57614d","build":"193.5662.53","bucket":"159","time":1590244493983,"group":{"id":"terminalShell","version":"1"},"event":{"count":1,"data":{"created":1590244493986},"id":"registered"}}
{"recorder_version":"31","session":"2ed6ba57614d","build":"193.5662.53","bucket":"159","time":1590244493983,"group":{"id":"rename.refactoring","version":"1"},"event":{"count":1,"data":{"created":1590244493986},"id":"registered"}}
{"recorder_version":"31","session":"2ed6ba57614d","build":"193.5662.53","bucket":"159","time":1590244493983,"group":{"id":"build.ant.actions","version":"1"},"event":{"count":1,"data":{"created":1590244493986},"id":"registered"}}
{"recorder_version":"31","session":"2ed6ba57614d","build":"193.5662.53","bucket":"159","time":1590244493983,"group":{"id":"actions","version":"31"},"event":{"count":1,"data":{"created":1590244493986},"id":"registered"}}
{"recorder_version":"31","session":"2ed6ba57614d","build":"193.5662.53","bucket":"159","time":1590244493983,"group":{"id":"kotlin.ide.editor","version":"1"},"event":{"count":1,"data":{"created":1590244493986},"id":"registered"}}
{"recorder_version":"31","session":"2ed6ba57614d","build":"193.5662.53","bucket":"159","time":1590244493983,"group":{"id":"event.log","version":"31"},"event":{"count":1,"data":{"created":1590244493986},"id":"registered"}}
{"recorder_version":"31","session":"2ed6ba57614d","build":"193.5662.53","bucket":"159","time":1590244493983,"group":{"id":"run.configuration.exec","version":"31"},"event":{"count":1,"data":{"created":1590244493986},"id":"registered"}}
{"recorder_version":"31","session":"2ed6ba57614d","build":"193.5662.53","bucket":"159","time":1590244493983,"group":{"id":"build.tools.actions","version":"1"},"event":{"count":1,"data":{"created":1590244493986},"id":"registered"}}
{"recorder_version":"31","session":"2ed6ba57614d","build":"193.5662.53","bucket":"159","time":1590244493983,"group":{"id":"file.editor","version":"2"},"event":{"count":1,"data":{"created":1590244493986},"id":"registered"}}
{"recorder_version":"31","session":"2ed6ba57614d","build":"193.5662.53","bucket":"159","time":1590244493983,"group":{"id":"vfs","version":"2"},"event":{"count":1,"data":{"created":1590244493986},"id":"registered"}}
{"recorder_version":"31","session":"2ed6ba57614d","build":"193.5662.53","bucket":"159","time":1590244493983,"group":{"id":"project.import","version":"2"},"event":{"count":1,"data":{"created":1590244493986},"id":"registered"}}
{"recorder_version":"31","session":"2ed6ba57614d","build":"193.5662.53","bucket":"159","time":1590244493983,"group":{"id":"actions.runAnything","version":"1"},"event":{"count":1,"data":{"created":1590244493986},"id":"registered"}}
{"recorder_version":"31","session":"2ed6ba57614d","build":"193.5662.53","bucket":"159","time":1590244493983,"group":{"id":"toolwindow","version":"31"},"event":{"count":1,"data":{"created":1590244493987},"id":"registered"}}
{"recorder_version":"31","session":"2ed6ba57614d","build":"193.5662.53","bucket":"159","time":1590244493983,"group":{"id":"kotlin.ide.newFileTempl","version":"1"},"event":{"count":1,"data":{"created":1590244493987},"id":"registered"}}
{"recorder_version":"31","session":"2ed6ba57614d","build":"193.5662.53","bucket":"159","time":1590244493983,"group":{"id":"ui.settings","version":"31"},"event":{"count":1,"data":{"created":1590244493987},"id":"registered"}}
{"recorder_version":"31","session":"2ed6ba57614d","build":"193.5662.53","bucket":"159","time":1590244493983,"group":{"id":"vcs.log.trigger","version":"2"},"event":{"count":1,"data":{"created":1590244493987},"id":"registered"}}
{"recorder_version":"31","session":"2ed6ba57614d","build":"193.5662.53","bucket":"159","time":1590244493983,"group":{"id":"productivity","version":"31"},"event":{"count":1,"data":{"created":1590244493987},"id":"registered"}}
{"recorder_version":"31","session":"2ed6ba57614d","build":"193.5662.53","bucket":"159","time":1590244493983,"group":{"id":"build.maven.actions","version":"1"},"event":{"count":1,"data":{"created":1590244493987},"id":"registered"}}
{"recorder_version":"31","session":"2ed6ba57614d","build":"193.5662.53","bucket":"159","time":1590244493983,"group":{"id":"ui.event","version":"3"},"event":{"count":1,"data":{"created":1590244493987},"id":"registered"}}
{"recorder_version":"31","session":"2ed6ba57614d","build":"193.5662.53","bucket":"159","time":1590244493983,"group":{"id":"plugins.advertiser","version":"1"},"event":{"count":1,"data":{"created":1590244493987},"id":"registered"}}
{"recorder_version":"31","session":"2ed6ba57614d","build":"193.5662.53","bucket":"159","time":1590244493983,"group":{"id":"editor.notification.panel","version":"1"},"event":{"count":1,"data":{"created":1590244493987},"id":"registered"}}
{"recorder_version":"31","session":"2ed6ba57614d","build":"193.5662.53","bucket":"159","time":1590244493983,"group":{"id":"kotlin.ide.debugger","version":"2"},"event":{"count":1,"data":{"created":1590244493987},"id":"registered"}}
{"recorder_version":"31","session":"2ed6ba57614d","build":"193.5662.53","bucket":"159","time":1590244493983,"group":{"id":"tooltip.action.events","version":"1"},"event":{"count":1,"data":{"created":1590244493987},"id":"registered"}}
{"recorder_version":"31","session":"2ed6ba57614d","build":"193.5662.53","bucket":"159","time":1590244493983,"group":{"id":"completion","version":"1"},"event":{"count":1,"data":{"created":1590244493987},"id":"registered"}}
{"recorder_version":"31","session":"2ed6ba57614d","build":"193.5662.53","bucket":"159","time":1590244493983,"group":{"id":"indexing","version":"2"},"event":{"count":1,"data":{"created":1590244493987},"id":"registered"}}
{"recorder_version":"31","session":"2ed6ba57614d","build":"193.5662.53","bucket":"159","time":1590244493983,"group":{"id":"vcs","version":"2"},"event":{"count":1,"data":{"created":1590244493987},"id":"registered"}}
{"recorder_version":"31","session":"2ed6ba57614d","build":"193.5662.53","bucket":"159","time":1590244493983,"group":{"id":"ui.dialogs","version":"31"},"event":{"count":1,"data":{"created":1590244493988},"id":"registered"}}
{"recorder_version":"31","session":"2ed6ba57614d","build":"193.5662.53","bucket":"159","time":1590244493983,"group":{"id":"vcs.back.forward.trigger","version":"1"},"event":{"count":1,"data":{"created":1590244493988},"id":"registered"}}
{"recorder_version":"31","session":"2ed6ba57614d","build":"193.5662.53","bucket":"159","time":1590244493983,"group":{"id":"customize.wizard","version":"1"},"event":{"count":1,"data":{"created":1590244493988},"id":"registered"}}
{"recorder_version":"31","session":"2ed6ba57614d","build":"193.5662.53","bucket":"159","time":1590244493983,"group":{"id":"ide.update.dialog","version":"1"},"event":{"count":1,"data":{"created":1590244493988},"id":"registered"}}
{"recorder_version":"31","session":"2ed6ba57614d","build":"193.5662.53","bucket":"159","time":1590244493983,"group":{"id":"toolbar","version":"31"},"event":{"count":1,"data":{"created":1590244493988},"id":"registered"}}
{"recorder_version":"31","session":"2ed6ba57614d","build":"193.5662.53","bucket":"159","time":1590244493983,"group":{"id":"build.gradle.actions","version":"1"},"event":{"count":1,"data":{"created":1590244493988},"id":"registered"}}
{"recorder_version":"31","session":"2ed6ba57614d","build":"193.5662.53","bucket":"159","time":1590244493983,"group":{"id":"performance","version":"31"},"event":{"count":1,"data":{"created":1590244493988},"id":"registered"}}
{"recorder_version":"31","session":"2ed6ba57614d","build":"193.5662.53","bucket":"159","time":1590244493983,"group":{"id":"build","version":"2"},"event":{"count":1,"data":{"created":1590244493988},"id":"registered"}}
{"recorder_version":"31","session":"2ed6ba57614d","build":"193.5662.53","bucket":"159","time":1590244493983,"group":{"id":"searchEverywhere","version":"2"},"event":{"count":1,"data":{"created":1590244493988},"id":"registered"}}
{"recorder_version":"31","session":"2ed6ba57614d","build":"193.5662.53","bucket":"159","time":1590244493983,"group":{"id":"kotlin.ide.action.refactoring","version":"1"},"event":{"count":1,"data":{"created":1590244493988},"id":"registered"}}
{"recorder_version":"31","session":"2ed6ba57614d","build":"193.5662.53","bucket":"159","time":1590244493983,"group":{"id":"ui.tips","version":"3"},"event":{"count":1,"data":{"created":1590244493988},"id":"registered"}}
{"recorder_version":"31","session":"2ed6ba57614d","build":"193.5662.53","bucket":"159","time":1590244493983,"group":{"id":"surround.with","version":"2"},"event":{"count":1,"data":{"created":1590244493988},"id":"registered"}}
{"recorder_version":"31","session":"2ed6ba57614d","build":"193.5662.53","bucket":"159","time":1590244493983,"group":{"id":"import.old.config","version":"3"},"event":{"count":1,"data":{"created":1590244493988},"id":"registered"}}
{"recorder_version":"31","session":"2ed6ba57614d","build":"193.5662.53","bucket":"159","time":1590244493983,"group":{"id":"kotlin.jps.target","version":"3"},"event":{"count":1,"data":{"created":1590244493988},"id":"registered"}}
{"recorder_version":"31","session":"2ed6ba57614d","build":"193.5662.53","bucket":"159","time":1590244493983,"group":{"id":"completion.postfix","version":"31"},"event":{"count":1,"data":{"created":1590244493989},"id":"registered"}}
{"recorder_version":"31","session":"2ed6ba57614d","build":"193.5662.53","bucket":"159","time":1590244493983,"group":{"id":"build.maven.packagesearch","version":"2"},"event":{"count":1,"data":{"created":1590244493989},"id":"registered"}}
{"recorder_version":"31","session":"2ed6ba57614d","build":"193.5662.53","bucket":"159","time":1590244496080,"group":{"id":"performance","version":"31"},"event":{"count":1,"data":{"duration_ms":0,"created":1590244496080},"id":"ui.latency"}}
