{"recorder_version":"31","session":"a2ce5682b983","build":"193.5662.53","bucket":"159","time":1590161539392,"group":{"id":"settings","version":"4"},"event":{"state":true,"data":{"component":"UISettings","created":1590161539998},"id":"invoked"}}
{"recorder_version":"31","session":"a2ce5682b983","build":"193.5662.53","bucket":"159","time":1590161539392,"group":{"id":"settings","version":"4"},"event":{"state":true,"data":{"component":"NotRoamableUiSettings","created":1590161540004},"id":"invoked"}}
{"recorder_version":"31","session":"a2ce5682b983","build":"193.5662.53","bucket":"159","time":1590161539408,"group":{"id":"system.java","version":"1"},"event":{"state":true,"data":{"created":1590161540022,"version":"validation.undefined_rule"},"id":"validation.undefined_rule"}}
{"recorder_version":"31","session":"a2ce5682b983","build":"193.5662.53","bucket":"159","time":1590161539408,"group":{"id":"system.java","version":"1"},"event":{"state":true,"data":{"created":1590161540022},"id":"invoked"}}
{"recorder_version":"31","session":"a2ce5682b983","build":"193.5662.53","bucket":"159","time":1590161539439,"group":{"id":"system.os","version":"3"},"event":{"state":true,"data":{"created":1590161540023,"version":"10.15"},"id":"Mac"}}
{"recorder_version":"31","session":"a2ce5682b983","build":"193.5662.53","bucket":"159","time":1590161539439,"group":{"id":"system.os","version":"3"},"event":{"state":true,"data":{"created":1590161540024,"name":"Mac","version":"10.15"},"id":"os.name"}}
{"recorder_version":"31","session":"a2ce5682b983","build":"193.5662.53","bucket":"159","time":1590161539439,"group":{"id":"system.os","version":"3"},"event":{"state":true,"data":{"created":1590161540025,"value":"+02_00"},"id":"os.timezone"}}
{"recorder_version":"31","session":"a2ce5682b983","build":"193.5662.53","bucket":"159","time":1590161539439,"group":{"id":"system.os","version":"3"},"event":{"state":true,"data":{"created":1590161540025},"id":"invoked"}}
{"recorder_version":"31","session":"a2ce5682b983","build":"193.5662.53","bucket":"159","time":1590161539747,"group":{"id":"settings","version":"4"},"event":{"state":true,"data":{"component":"UpdatesConfigurable","created":1590161540026,"name":"checkNeeded","type":"bool","value":false},"id":"not.default"}}
{"recorder_version":"31","session":"a2ce5682b983","build":"193.5662.53","bucket":"159","time":1590161539747,"group":{"id":"settings","version":"4"},"event":{"state":true,"data":{"component":"UpdatesConfigurable","created":1590161540026},"id":"invoked"}}
{"recorder_version":"31","session":"a2ce5682b983","build":"193.5662.53","bucket":"159","time":1590161539921,"group":{"id":"event.log","version":"31"},"event":{"count":1,"data":{"created":1590161540027,"version":"1268.0"},"id":"whitelist.loaded"}}
{"recorder_version":"31","session":"a2ce5682b983","build":"193.5662.53","bucket":"159","time":1590161540015,"group":{"id":"settings","version":"4"},"event":{"state":true,"data":{"component":"GeneralSettings","created":1590161540027,"name":"showTipsOnStartup","type":"bool","value":false},"id":"not.default"}}
{"recorder_version":"31","session":"a2ce5682b983","build":"193.5662.53","bucket":"159","time":1590161540016,"group":{"id":"settings","version":"4"},"event":{"state":true,"data":{"component":"GeneralSettings","created":1590161540028},"id":"invoked"}}
{"recorder_version":"31","session":"a2ce5682b983","build":"193.5662.53","bucket":"159","time":1590161540056,"group":{"id":"lifecycle","version":"31"},"event":{"count":1,"data":{"internal":true,"eap":false,"created":1590161540057},"id":"ide.start"}}
{"recorder_version":"31","session":"a2ce5682b983","build":"193.5662.53","bucket":"159","time":1590161540150,"group":{"id":"settings","version":"4"},"event":{"state":true,"data":{"component":"XmlEditorOptions","created":1590161540151},"id":"invoked"}}
{"recorder_version":"31","session":"a2ce5682b983","build":"193.5662.53","bucket":"159","time":1590161541470,"group":{"id":"lifecycle","version":"31"},"event":{"count":1,"data":{"created":1590161541470},"id":"frame.activated"}}
{"recorder_version":"31","session":"a2ce5682b983","build":"193.5662.53","bucket":"159","time":1590161541470,"group":{"id":"settings","version":"4"},"event":{"state":true,"data":{"component":"VcsApplicationSettings","created":1590161541470},"id":"invoked"}}
{"recorder_version":"31","session":"a2ce5682b983","build":"193.5662.53","bucket":"159","time":1590161541538,"group":{"id":"performance","version":"31"},"event":{"count":1,"data":{"duration_ms":1286,"created":1590161541539},"id":"ui.latency"}}
{"recorder_version":"31","session":"a2ce5682b983","build":"193.5662.53","bucket":"159","time":1590161541538,"group":{"id":"performance","version":"31"},"event":{"count":1,"data":{"duration_ms":1286,"created":1590161541539},"id":"ui.lagging"}}
{"recorder_version":"31","session":"a2ce5682b983","build":"193.5662.53","bucket":"159","time":1590161541584,"group":{"id":"performance","version":"31"},"event":{"count":1,"data":{"duration_ms":338,"created":1590161541584},"id":"ui.lagging"}}
{"recorder_version":"31","session":"a2ce5682b983","build":"193.5662.53","bucket":"159","time":1590161541666,"group":{"id":"ui.dialogs","version":"31"},"event":{"count":1,"data":{"created":1590161541666,"plugin_type":"PLATFORM","dialog_class":"com.intellij.openapi.progress.util.ProgressDialog$MyDialogWrapper"},"id":"show"}}
{"recorder_version":"31","session":"a2ce5682b983","build":"193.5662.53","bucket":"159","time":1590161544392,"group":{"id":"lifecycle","version":"31"},"event":{"count":1,"data":{"created":1590161544392,"project":"d119a6d897fcb33934b9adf90ec59bc9e850f90f58367fa567dc99031a6fc921"},"id":"project.opened"}}
{"recorder_version":"31","session":"a2ce5682b983","build":"193.5662.53","bucket":"159","time":1590161545142,"group":{"id":"performance","version":"31"},"event":{"count":1,"data":{"duration_ms":893,"created":1590161545142},"id":"ui.lagging"}}
{"recorder_version":"31","session":"a2ce5682b983","build":"193.5662.53","bucket":"159","time":1590161545427,"group":{"id":"toolwindow","version":"31"},"event":{"count":1,"data":{"created":1590161545428,"plugin_type":"PLATFORM","id":"Event_Log"},"id":"activated"}}
{"recorder_version":"31","session":"a2ce5682b983","build":"193.5662.53","bucket":"159","time":1590161546714,"group":{"id":"performance","version":"31"},"event":{"count":1,"data":{"duration_ms":1465,"created":1590161546715},"id":"ui.lagging"}}
{"recorder_version":"31","session":"a2ce5682b983","build":"193.5662.53","bucket":"159","time":1590161546837,"group":{"id":"performance","version":"31"},"event":{"count":1,"data":{"duration_ms":587,"created":1590161546837},"id":"ui.lagging"}}
{"recorder_version":"31","session":"a2ce5682b983","build":"193.5662.53","bucket":"159","time":1590161547641,"group":{"id":"performance","version":"31"},"event":{"count":1,"data":{"duration_ms":391,"created":1590161547641},"id":"ui.lagging"}}
{"recorder_version":"31","session":"a2ce5682b983","build":"193.5662.53","bucket":"159","time":1590161548446,"group":{"id":"performance","version":"31"},"event":{"count":1,"data":{"duration_ms":194,"created":1590161548446},"id":"ui.lagging"}}
{"recorder_version":"31","session":"a2ce5682b983","build":"193.5662.53","bucket":"159","time":1590161548455,"group":{"id":"project.fs","version":"1"},"event":{"state":true,"data":{"os":"Mac","cs-project":false,"created":1590161548455,"project":"d119a6d897fcb33934b9adf90ec59bc9e850f90f58367fa567dc99031a6fc921","cs-implicit":true,"cs-system":false},"id":"case-sensitivity"}}
{"recorder_version":"31","session":"a2ce5682b983","build":"193.5662.53","bucket":"159","time":1590161548455,"group":{"id":"project.fs","version":"1"},"event":{"state":true,"data":{"created":1590161548456},"id":"invoked"}}
{"recorder_version":"31","session":"a2ce5682b983","build":"193.5662.53","bucket":"159","time":1590161548456,"group":{"id":"project.fs","version":"1"},"event":{"state":true,"data":{"pct-non-watched":0,"created":1590161548457,"project":"d119a6d897fcb33934b9adf90ec59bc9e850f90f58367fa567dc99031a6fc921"},"id":"roots-watched"}}
{"recorder_version":"31","session":"a2ce5682b983","build":"193.5662.53","bucket":"159","time":1590161548456,"group":{"id":"project.fs","version":"1"},"event":{"state":true,"data":{"created":1590161548457},"id":"invoked"}}
{"recorder_version":"31","session":"a2ce5682b983","build":"193.5662.53","bucket":"159","time":1590161548555,"group":{"id":"ui.dialogs","version":"31"},"event":{"count":1,"data":{"code":1,"created":1590161548555,"plugin_type":"PLATFORM","dialog_class":"com.intellij.openapi.progress.util.ProgressDialog$MyDialogWrapper"},"id":"close"}}
{"recorder_version":"31","session":"a2ce5682b983","build":"193.5662.53","bucket":"159","time":1590161548695,"group":{"id":"indexing","version":"2"},"event":{"count":1,"data":{"ide_activity_id":1,"created":1590161548696,"project":"d119a6d897fcb33934b9adf90ec59bc9e850f90f58367fa567dc99031a6fc921"},"id":"started"}}
{"recorder_version":"31","session":"a2ce5682b983","build":"193.5662.53","bucket":"159","time":1590161548764,"group":{"id":"indexing","version":"2"},"event":{"count":1,"data":{"ide_activity_id":1,"stage_class":"com.intellij.util.indexing.UnindexedFilesUpdater","created":1590161548764,"plugin_type":"PLATFORM"},"id":"stage"}}
{"recorder_version":"31","session":"a2ce5682b983","build":"193.5662.53","bucket":"159","time":1590161548837,"group":{"id":"lifecycle","version":"31"},"event":{"count":1,"data":{"duration_ms":8398,"created":1590161548837,"project":"d119a6d897fcb33934b9adf90ec59bc9e850f90f58367fa567dc99031a6fc921"},"id":"project.opening.finished"}}
{"recorder_version":"31","session":"a2ce5682b983","build":"193.5662.53","bucket":"159","time":1590161552147,"group":{"id":"indexing","version":"2"},"event":{"count":1,"data":{"duration_ms":3452,"ide_activity_id":1,"created":1590161552147},"id":"finished"}}
{"recorder_version":"31","session":"a2ce5682b983","build":"193.5662.53","bucket":"159","time":1590161552270,"group":{"id":"indexing","version":"2"},"event":{"count":1,"data":{"ide_activity_id":2,"created":1590161552270,"project":"d119a6d897fcb33934b9adf90ec59bc9e850f90f58367fa567dc99031a6fc921"},"id":"started"}}
{"recorder_version":"31","session":"a2ce5682b983","build":"193.5662.53","bucket":"159","time":1590161552284,"group":{"id":"indexing","version":"2"},"event":{"count":1,"data":{"ide_activity_id":2,"plugin":"org.jetbrains.android","stage_class":"com.android.tools.idea.res.ResourceFolderRepositoryFileCacheImpl$PruneTask","created":1590161552284,"plugin_type":"JB_BUNDLED"},"id":"stage"}}
{"recorder_version":"31","session":"a2ce5682b983","build":"193.5662.53","bucket":"159","time":1590161552327,"group":{"id":"indexing","version":"2"},"event":{"count":1,"data":{"ide_activity_id":2,"plugin":"org.jetbrains.android","stage_class":"com.android.tools.idea.res.ResourceFolderRepositoryFileCacheImpl$ManageLruProjectFilesTask","created":1590161552327,"plugin_type":"JB_BUNDLED"},"id":"stage"}}
{"recorder_version":"31","session":"a2ce5682b983","build":"193.5662.53","bucket":"159","time":1590161552357,"group":{"id":"indexing","version":"2"},"event":{"count":1,"data":{"duration_ms":87,"ide_activity_id":2,"created":1590161552357},"id":"finished"}}
{"recorder_version":"31","session":"a2ce5682b983","build":"193.5662.53","bucket":"159","time":1590161552375,"group":{"id":"indexing","version":"2"},"event":{"count":1,"data":{"ide_activity_id":3,"created":1590161552376,"project":"d119a6d897fcb33934b9adf90ec59bc9e850f90f58367fa567dc99031a6fc921"},"id":"started"}}
{"recorder_version":"31","session":"a2ce5682b983","build":"193.5662.53","bucket":"159","time":1590161552376,"group":{"id":"indexing","version":"2"},"event":{"count":1,"data":{"ide_activity_id":3,"plugin":"org.jetbrains.android","stage_class":"com.android.tools.idea.res.ResourceFolderRegistry$PopulateCachesTask","created":1590161552377,"plugin_type":"JB_BUNDLED"},"id":"stage"}}
{"recorder_version":"31","session":"a2ce5682b983","build":"193.5662.53","bucket":"159","time":1590161552380,"group":{"id":"indexing","version":"2"},"event":{"count":1,"data":{"duration_ms":5,"ide_activity_id":3,"created":1590161552380},"id":"finished"}}
{"recorder_version":"31","session":"a2ce5682b983","build":"193.5662.53","bucket":"159","time":1590161553568,"group":{"id":"startup","version":"1"},"event":{"count":1,"data":{"duration":2827,"created":1590161553568},"id":"appInit"}}
{"recorder_version":"31","session":"a2ce5682b983","build":"193.5662.53","bucket":"159","time":1590161553568,"group":{"id":"startup","version":"1"},"event":{"count":1,"data":{"duration":553,"created":1590161553568},"id":"splash"}}
{"recorder_version":"31","session":"a2ce5682b983","build":"193.5662.53","bucket":"159","time":1590161553568,"group":{"id":"startup","version":"1"},"event":{"count":1,"data":{"duration":554,"created":1590161553569},"id":"bootstrap"}}
{"recorder_version":"31","session":"a2ce5682b983","build":"193.5662.53","bucket":"159","time":1590161553568,"group":{"id":"startup","version":"1"},"event":{"count":1,"data":{"duration":13501,"created":1590161553569},"id":"totalDuration"}}
{"recorder_version":"31","session":"a2ce5682b983","build":"193.5662.53","bucket":"159","time":1590161553927,"group":{"id":"actions","version":"31"},"event":{"count":1,"data":{"context_menu":true,"action_id":"third.party","created":1590161553928,"plugin_type":"NOT_LISTED","project":"d119a6d897fcb33934b9adf90ec59bc9e850f90f58367fa567dc99031a6fc921","place":"MainMenu","class":"third.party","input_event":"NoMouseButton"},"id":"action.invoked"}}
{"recorder_version":"31","session":"a2ce5682b983","build":"193.5662.53","bucket":"159","time":1590161555544,"group":{"id":"ui.dialogs","version":"31"},"event":{"count":1,"data":{"created":1590161555544,"plugin_type":"NOT_LISTED","dialog_class":"third.party"},"id":"show"}}
{"recorder_version":"31","session":"a2ce5682b983","build":"193.5662.53","bucket":"159","time":1590161560713,"group":{"id":"ui.dialogs","version":"31"},"event":{"count":1,"data":{"code":0,"created":1590161560714,"plugin_type":"NOT_LISTED","dialog_class":"third.party"},"id":"close"}}
{"recorder_version":"31","session":"a2ce5682b983","build":"193.5662.53","bucket":"159","time":1590161562241,"group":{"id":"lifecycle","version":"31"},"event":{"count":1,"data":{"created":1590161562241,"project":"d119a6d897fcb33934b9adf90ec59bc9e850f90f58367fa567dc99031a6fc921"},"id":"frame.deactivated"}}
