{"recorder_version":"31","session":"0051da034180","build":"193.5662.53","bucket":"159","time":1590175578013,"group":{"id":"settings","version":"4"},"event":{"state":true,"data":{"component":"NotRoamableUiSettings","created":1590175578315},"id":"invoked"}}
{"recorder_version":"31","session":"0051da034180","build":"193.5662.53","bucket":"159","time":1590175578014,"group":{"id":"settings","version":"4"},"event":{"state":true,"data":{"component":"UISettings","created":1590175578318},"id":"invoked"}}
{"recorder_version":"31","session":"0051da034180","build":"193.5662.53","bucket":"159","time":1590175578024,"group":{"id":"system.java","version":"1"},"event":{"state":true,"data":{"created":1590175578330,"version":"validation.undefined_rule"},"id":"validation.undefined_rule"}}
{"recorder_version":"31","session":"0051da034180","build":"193.5662.53","bucket":"159","time":1590175578024,"group":{"id":"system.java","version":"1"},"event":{"state":true,"data":{"created":1590175578331},"id":"invoked"}}
{"recorder_version":"31","session":"0051da034180","build":"193.5662.53","bucket":"159","time":1590175578047,"group":{"id":"system.os","version":"3"},"event":{"state":true,"data":{"created":1590175578332,"version":"10.15"},"id":"Mac"}}
{"recorder_version":"31","session":"0051da034180","build":"193.5662.53","bucket":"159","time":1590175578047,"group":{"id":"system.os","version":"3"},"event":{"state":true,"data":{"created":1590175578332,"name":"Mac","version":"10.15"},"id":"os.name"}}
{"recorder_version":"31","session":"0051da034180","build":"193.5662.53","bucket":"159","time":1590175578047,"group":{"id":"system.os","version":"3"},"event":{"state":true,"data":{"created":1590175578333,"value":"+02_00"},"id":"os.timezone"}}
{"recorder_version":"31","session":"0051da034180","build":"193.5662.53","bucket":"159","time":1590175578047,"group":{"id":"system.os","version":"3"},"event":{"state":true,"data":{"created":1590175578333},"id":"invoked"}}
{"recorder_version":"31","session":"0051da034180","build":"193.5662.53","bucket":"159","time":1590175578215,"group":{"id":"settings","version":"4"},"event":{"state":true,"data":{"component":"UpdatesConfigurable","created":1590175578335,"name":"checkNeeded","type":"bool","value":false},"id":"not.default"}}
{"recorder_version":"31","session":"0051da034180","build":"193.5662.53","bucket":"159","time":1590175578215,"group":{"id":"settings","version":"4"},"event":{"state":true,"data":{"component":"UpdatesConfigurable","created":1590175578335},"id":"invoked"}}
{"recorder_version":"31","session":"0051da034180","build":"193.5662.53","bucket":"159","time":1590175578284,"group":{"id":"event.log","version":"31"},"event":{"count":1,"data":{"created":1590175578336,"version":"1268.0"},"id":"whitelist.loaded"}}
{"recorder_version":"31","session":"0051da034180","build":"193.5662.53","bucket":"159","time":1590175578400,"group":{"id":"settings","version":"4"},"event":{"state":true,"data":{"component":"GeneralSettings","created":1590175578401,"name":"showTipsOnStartup","type":"bool","value":false},"id":"not.default"}}
{"recorder_version":"31","session":"0051da034180","build":"193.5662.53","bucket":"159","time":1590175578400,"group":{"id":"settings","version":"4"},"event":{"state":true,"data":{"component":"GeneralSettings","created":1590175578401},"id":"invoked"}}
{"recorder_version":"31","session":"0051da034180","build":"193.5662.53","bucket":"159","time":1590175578462,"group":{"id":"lifecycle","version":"31"},"event":{"count":1,"data":{"internal":true,"eap":false,"created":1590175578462},"id":"ide.start"}}
{"recorder_version":"31","session":"0051da034180","build":"193.5662.53","bucket":"159","time":1590175578554,"group":{"id":"settings","version":"4"},"event":{"state":true,"data":{"component":"XmlEditorOptions","created":1590175578554},"id":"invoked"}}
{"recorder_version":"31","session":"0051da034180","build":"193.5662.53","bucket":"159","time":1590175579545,"group":{"id":"settings","version":"4"},"event":{"state":true,"data":{"component":"VcsApplicationSettings","created":1590175579545},"id":"invoked"}}
{"recorder_version":"31","session":"0051da034180","build":"193.5662.53","bucket":"159","time":1590175579545,"group":{"id":"lifecycle","version":"31"},"event":{"count":1,"data":{"created":1590175579545},"id":"frame.activated"}}
{"recorder_version":"31","session":"0051da034180","build":"193.5662.53","bucket":"159","time":1590175579580,"group":{"id":"performance","version":"31"},"event":{"count":1,"data":{"duration_ms":699,"created":1590175579581},"id":"ui.latency"}}
{"recorder_version":"31","session":"0051da034180","build":"193.5662.53","bucket":"159","time":1590175579581,"group":{"id":"performance","version":"31"},"event":{"count":1,"data":{"duration_ms":699,"created":1590175579581},"id":"ui.lagging"}}
{"recorder_version":"31","session":"0051da034180","build":"193.5662.53","bucket":"159","time":1590175579880,"group":{"id":"ui.dialogs","version":"31"},"event":{"count":1,"data":{"created":1590175579880,"plugin_type":"PLATFORM","dialog_class":"com.intellij.openapi.progress.util.ProgressDialog$MyDialogWrapper"},"id":"show"}}
{"recorder_version":"31","session":"0051da034180","build":"193.5662.53","bucket":"159","time":1590175580065,"group":{"id":"performance","version":"31"},"event":{"count":1,"data":{"duration_ms":188,"created":1590175580066},"id":"ui.lagging"}}
{"recorder_version":"31","session":"0051da034180","build":"193.5662.53","bucket":"159","time":1590175581533,"group":{"id":"lifecycle","version":"31"},"event":{"count":1,"data":{"created":1590175581533,"project":"d119a6d897fcb33934b9adf90ec59bc9e850f90f58367fa567dc99031a6fc921"},"id":"project.opened"}}
{"recorder_version":"31","session":"0051da034180","build":"193.5662.53","bucket":"159","time":1590175582253,"group":{"id":"performance","version":"31"},"event":{"count":1,"data":{"duration_ms":372,"created":1590175582253},"id":"ui.lagging"}}
{"recorder_version":"31","session":"0051da034180","build":"193.5662.53","bucket":"159","time":1590175582278,"group":{"id":"toolwindow","version":"31"},"event":{"count":1,"data":{"created":1590175582278,"plugin_type":"PLATFORM","id":"Event_Log"},"id":"activated"}}
{"recorder_version":"31","session":"0051da034180","build":"193.5662.53","bucket":"159","time":1590175583294,"group":{"id":"performance","version":"31"},"event":{"count":1,"data":{"duration_ms":410,"created":1590175583294},"id":"ui.lagging"}}
{"recorder_version":"31","session":"0051da034180","build":"193.5662.53","bucket":"159","time":1590175583993,"group":{"id":"performance","version":"31"},"event":{"count":1,"data":{"duration_ms":108,"created":1590175583993},"id":"ui.lagging"}}
{"recorder_version":"31","session":"0051da034180","build":"193.5662.53","bucket":"159","time":1590175584667,"group":{"id":"project.fs","version":"1"},"event":{"state":true,"data":{"os":"Mac","cs-project":false,"created":1590175584668,"project":"d119a6d897fcb33934b9adf90ec59bc9e850f90f58367fa567dc99031a6fc921","cs-implicit":true,"cs-system":false},"id":"case-sensitivity"}}
{"recorder_version":"31","session":"0051da034180","build":"193.5662.53","bucket":"159","time":1590175584668,"group":{"id":"project.fs","version":"1"},"event":{"state":true,"data":{"created":1590175584668},"id":"invoked"}}
{"recorder_version":"31","session":"0051da034180","build":"193.5662.53","bucket":"159","time":1590175584668,"group":{"id":"project.fs","version":"1"},"event":{"state":true,"data":{"pct-non-watched":0,"created":1590175584669,"project":"d119a6d897fcb33934b9adf90ec59bc9e850f90f58367fa567dc99031a6fc921"},"id":"roots-watched"}}
{"recorder_version":"31","session":"0051da034180","build":"193.5662.53","bucket":"159","time":1590175584668,"group":{"id":"project.fs","version":"1"},"event":{"state":true,"data":{"created":1590175584669},"id":"invoked"}}
{"recorder_version":"31","session":"0051da034180","build":"193.5662.53","bucket":"159","time":1590175584765,"group":{"id":"ui.dialogs","version":"31"},"event":{"count":1,"data":{"code":1,"created":1590175584766,"plugin_type":"PLATFORM","dialog_class":"com.intellij.openapi.progress.util.ProgressDialog$MyDialogWrapper"},"id":"close"}}
{"recorder_version":"31","session":"0051da034180","build":"193.5662.53","bucket":"159","time":1590175584880,"group":{"id":"indexing","version":"2"},"event":{"count":1,"data":{"ide_activity_id":1,"created":1590175584881,"project":"d119a6d897fcb33934b9adf90ec59bc9e850f90f58367fa567dc99031a6fc921"},"id":"started"}}
{"recorder_version":"31","session":"0051da034180","build":"193.5662.53","bucket":"159","time":1590175584950,"group":{"id":"indexing","version":"2"},"event":{"count":1,"data":{"ide_activity_id":1,"stage_class":"com.intellij.util.indexing.UnindexedFilesUpdater","created":1590175584951,"plugin_type":"PLATFORM"},"id":"stage"}}
{"recorder_version":"31","session":"0051da034180","build":"193.5662.53","bucket":"159","time":1590175585003,"group":{"id":"lifecycle","version":"31"},"event":{"count":1,"data":{"duration_ms":6395,"created":1590175585003,"project":"d119a6d897fcb33934b9adf90ec59bc9e850f90f58367fa567dc99031a6fc921"},"id":"project.opening.finished"}}
{"recorder_version":"31","session":"0051da034180","build":"193.5662.53","bucket":"159","time":1590175588261,"group":{"id":"indexing","version":"2"},"event":{"count":1,"data":{"duration_ms":3381,"ide_activity_id":1,"created":1590175588263},"id":"finished"}}
{"recorder_version":"31","session":"0051da034180","build":"193.5662.53","bucket":"159","time":1590175588376,"group":{"id":"indexing","version":"2"},"event":{"count":1,"data":{"ide_activity_id":2,"created":1590175588376,"project":"d119a6d897fcb33934b9adf90ec59bc9e850f90f58367fa567dc99031a6fc921"},"id":"started"}}
{"recorder_version":"31","session":"0051da034180","build":"193.5662.53","bucket":"159","time":1590175588392,"group":{"id":"indexing","version":"2"},"event":{"count":1,"data":{"ide_activity_id":2,"plugin":"org.jetbrains.android","stage_class":"com.android.tools.idea.res.ResourceFolderRepositoryFileCacheImpl$PruneTask","created":1590175588392,"plugin_type":"JB_BUNDLED"},"id":"stage"}}
{"recorder_version":"31","session":"0051da034180","build":"193.5662.53","bucket":"159","time":1590175588434,"group":{"id":"indexing","version":"2"},"event":{"count":1,"data":{"ide_activity_id":2,"plugin":"org.jetbrains.android","stage_class":"com.android.tools.idea.res.ResourceFolderRepositoryFileCacheImpl$ManageLruProjectFilesTask","created":1590175588439,"plugin_type":"JB_BUNDLED"},"id":"stage"}}
{"recorder_version":"31","session":"0051da034180","build":"193.5662.53","bucket":"159","time":1590175588471,"group":{"id":"indexing","version":"2"},"event":{"count":1,"data":{"duration_ms":95,"ide_activity_id":2,"created":1590175588471},"id":"finished"}}
{"recorder_version":"31","session":"0051da034180","build":"193.5662.53","bucket":"159","time":1590175588486,"group":{"id":"indexing","version":"2"},"event":{"count":1,"data":{"ide_activity_id":3,"created":1590175588487,"project":"d119a6d897fcb33934b9adf90ec59bc9e850f90f58367fa567dc99031a6fc921"},"id":"started"}}
{"recorder_version":"31","session":"0051da034180","build":"193.5662.53","bucket":"159","time":1590175588492,"group":{"id":"indexing","version":"2"},"event":{"count":1,"data":{"ide_activity_id":3,"plugin":"org.jetbrains.android","stage_class":"com.android.tools.idea.res.ResourceFolderRegistry$PopulateCachesTask","created":1590175588493,"plugin_type":"JB_BUNDLED"},"id":"stage"}}
{"recorder_version":"31","session":"0051da034180","build":"193.5662.53","bucket":"159","time":1590175588502,"group":{"id":"indexing","version":"2"},"event":{"count":1,"data":{"duration_ms":16,"ide_activity_id":3,"created":1590175588503},"id":"finished"}}
{"recorder_version":"31","session":"0051da034180","build":"193.5662.53","bucket":"159","time":1590175588996,"group":{"id":"performance","version":"31"},"event":{"count":1,"data":{"duration_ms":108,"created":1590175588997},"id":"ui.lagging"}}
{"recorder_version":"31","session":"0051da034180","build":"193.5662.53","bucket":"159","time":1590175589773,"group":{"id":"startup","version":"1"},"event":{"count":1,"data":{"duration":1772,"created":1590175589773},"id":"appInit"}}
{"recorder_version":"31","session":"0051da034180","build":"193.5662.53","bucket":"159","time":1590175589773,"group":{"id":"startup","version":"1"},"event":{"count":1,"data":{"duration":350,"created":1590175589774},"id":"splash"}}
{"recorder_version":"31","session":"0051da034180","build":"193.5662.53","bucket":"159","time":1590175589773,"group":{"id":"startup","version":"1"},"event":{"count":1,"data":{"duration":343,"created":1590175589774},"id":"bootstrap"}}
{"recorder_version":"31","session":"0051da034180","build":"193.5662.53","bucket":"159","time":1590175589773,"group":{"id":"startup","version":"1"},"event":{"count":1,"data":{"duration":9460,"created":1590175589774},"id":"totalDuration"}}
{"recorder_version":"31","session":"0051da034180","build":"193.5662.53","bucket":"159","time":1590175590779,"group":{"id":"actions","version":"31"},"event":{"count":1,"data":{"context_menu":true,"action_id":"third.party","created":1590175590779,"plugin_type":"NOT_LISTED","project":"d119a6d897fcb33934b9adf90ec59bc9e850f90f58367fa567dc99031a6fc921","place":"MainMenu","class":"third.party","input_event":"NoMouseButton"},"id":"action.invoked"}}
{"recorder_version":"31","session":"0051da034180","build":"193.5662.53","bucket":"159","time":1590175591056,"group":{"id":"performance","version":"31"},"event":{"count":1,"data":{"duration_ms":163,"created":1590175591056},"id":"ui.lagging"}}
{"recorder_version":"31","session":"0051da034180","build":"193.5662.53","bucket":"159","time":1590175597752,"group":{"id":"ui.dialogs","version":"31"},"event":{"count":1,"data":{"created":1590175597754,"plugin_type":"NOT_LISTED","dialog_class":"third.party"},"id":"show"}}
{"recorder_version":"31","session":"0051da034180","build":"193.5662.53","bucket":"159","time":1590175599676,"group":{"id":"ui.dialogs","version":"31"},"event":{"count":1,"data":{"code":1,"created":1590175599676,"plugin_type":"NOT_LISTED","dialog_class":"third.party"},"id":"close"}}
