{"recorder_version":"31","session":"664de21d5d68","build":"193.5662.53","bucket":"159","time":1590244674212,"group":{"id":"settings","version":"4"},"event":{"state":true,"data":{"component":"NotRoamableUiSettings","created":1590244674520},"id":"invoked"}}
{"recorder_version":"31","session":"664de21d5d68","build":"193.5662.53","bucket":"159","time":1590244674213,"group":{"id":"settings","version":"4"},"event":{"state":true,"data":{"component":"UISettings","created":1590244674522},"id":"invoked"}}
{"recorder_version":"31","session":"664de21d5d68","build":"193.5662.53","bucket":"159","time":1590244674218,"group":{"id":"system.java","version":"1"},"event":{"state":true,"data":{"created":1590244674534,"version":"validation.undefined_rule"},"id":"validation.undefined_rule"}}
{"recorder_version":"31","session":"664de21d5d68","build":"193.5662.53","bucket":"159","time":1590244674218,"group":{"id":"system.java","version":"1"},"event":{"state":true,"data":{"created":1590244674534},"id":"invoked"}}
{"recorder_version":"31","session":"664de21d5d68","build":"193.5662.53","bucket":"159","time":1590244674250,"group":{"id":"system.os","version":"3"},"event":{"state":true,"data":{"created":1590244674535,"version":"10.15"},"id":"Mac"}}
{"recorder_version":"31","session":"664de21d5d68","build":"193.5662.53","bucket":"159","time":1590244674250,"group":{"id":"system.os","version":"3"},"event":{"state":true,"data":{"created":1590244674536,"name":"Mac","version":"10.15"},"id":"os.name"}}
{"recorder_version":"31","session":"664de21d5d68","build":"193.5662.53","bucket":"159","time":1590244674250,"group":{"id":"system.os","version":"3"},"event":{"state":true,"data":{"created":1590244674537,"value":"+02_00"},"id":"os.timezone"}}
{"recorder_version":"31","session":"664de21d5d68","build":"193.5662.53","bucket":"159","time":1590244674250,"group":{"id":"system.os","version":"3"},"event":{"state":true,"data":{"created":1590244674537},"id":"invoked"}}
{"recorder_version":"31","session":"664de21d5d68","build":"193.5662.53","bucket":"159","time":1590244674391,"group":{"id":"settings","version":"4"},"event":{"state":true,"data":{"component":"UpdatesConfigurable","created":1590244674537,"name":"checkNeeded","type":"bool","value":false},"id":"not.default"}}
{"recorder_version":"31","session":"664de21d5d68","build":"193.5662.53","bucket":"159","time":1590244674392,"group":{"id":"settings","version":"4"},"event":{"state":true,"data":{"component":"UpdatesConfigurable","created":1590244674538},"id":"invoked"}}
{"recorder_version":"31","session":"664de21d5d68","build":"193.5662.53","bucket":"159","time":1590244674488,"group":{"id":"event.log","version":"31"},"event":{"count":1,"data":{"created":1590244674538,"version":"1268.0"},"id":"whitelist.loaded"}}
{"recorder_version":"31","session":"664de21d5d68","build":"193.5662.53","bucket":"159","time":1590244674582,"group":{"id":"settings","version":"4"},"event":{"state":true,"data":{"component":"GeneralSettings","created":1590244674582,"name":"showTipsOnStartup","type":"bool","value":false},"id":"not.default"}}
{"recorder_version":"31","session":"664de21d5d68","build":"193.5662.53","bucket":"159","time":1590244674582,"group":{"id":"settings","version":"4"},"event":{"state":true,"data":{"component":"GeneralSettings","created":1590244674584},"id":"invoked"}}
{"recorder_version":"31","session":"664de21d5d68","build":"193.5662.53","bucket":"159","time":1590244674610,"group":{"id":"lifecycle","version":"31"},"event":{"count":1,"data":{"internal":true,"eap":false,"created":1590244674611},"id":"ide.start"}}
{"recorder_version":"31","session":"664de21d5d68","build":"193.5662.53","bucket":"159","time":1590244674720,"group":{"id":"settings","version":"4"},"event":{"state":true,"data":{"component":"XmlEditorOptions","created":1590244674720},"id":"invoked"}}
{"recorder_version":"31","session":"664de21d5d68","build":"193.5662.53","bucket":"159","time":1590244675822,"group":{"id":"performance","version":"31"},"event":{"count":1,"data":{"duration_ms":680,"created":1590244675823},"id":"ui.latency"}}
{"recorder_version":"31","session":"664de21d5d68","build":"193.5662.53","bucket":"159","time":1590244675822,"group":{"id":"performance","version":"31"},"event":{"count":1,"data":{"duration_ms":680,"created":1590244675823},"id":"ui.lagging"}}
{"recorder_version":"31","session":"664de21d5d68","build":"193.5662.53","bucket":"159","time":1590244675987,"group":{"id":"settings","version":"4"},"event":{"state":true,"data":{"component":"VcsApplicationSettings","created":1590244675987},"id":"invoked"}}
{"recorder_version":"31","session":"664de21d5d68","build":"193.5662.53","bucket":"159","time":1590244676012,"group":{"id":"ui.dialogs","version":"31"},"event":{"count":1,"data":{"created":1590244676012,"plugin_type":"PLATFORM","dialog_class":"com.intellij.openapi.progress.util.ProgressDialog$MyDialogWrapper"},"id":"show"}}
{"recorder_version":"31","session":"664de21d5d68","build":"193.5662.53","bucket":"159","time":1590244677720,"group":{"id":"lifecycle","version":"31"},"event":{"count":1,"data":{"created":1590244677720,"project":"d119a6d897fcb33934b9adf90ec59bc9e850f90f58367fa567dc99031a6fc921"},"id":"project.opened"}}
{"recorder_version":"31","session":"664de21d5d68","build":"193.5662.53","bucket":"159","time":1590244678343,"group":{"id":"performance","version":"31"},"event":{"count":1,"data":{"duration_ms":245,"created":1590244678343},"id":"ui.lagging"}}
{"recorder_version":"31","session":"664de21d5d68","build":"193.5662.53","bucket":"159","time":1590244678367,"group":{"id":"toolwindow","version":"31"},"event":{"count":1,"data":{"created":1590244678367,"plugin_type":"PLATFORM","id":"Event_Log"},"id":"activated"}}
{"recorder_version":"31","session":"664de21d5d68","build":"193.5662.53","bucket":"159","time":1590244679297,"group":{"id":"performance","version":"31"},"event":{"count":1,"data":{"duration_ms":196,"created":1590244679297},"id":"ui.lagging"}}
{"recorder_version":"31","session":"664de21d5d68","build":"193.5662.53","bucket":"159","time":1590244680216,"group":{"id":"project.fs","version":"1"},"event":{"state":true,"data":{"os":"Mac","cs-project":false,"created":1590244680216,"project":"d119a6d897fcb33934b9adf90ec59bc9e850f90f58367fa567dc99031a6fc921","cs-implicit":true,"cs-system":false},"id":"case-sensitivity"}}
{"recorder_version":"31","session":"664de21d5d68","build":"193.5662.53","bucket":"159","time":1590244680216,"group":{"id":"project.fs","version":"1"},"event":{"state":true,"data":{"created":1590244680217},"id":"invoked"}}
{"recorder_version":"31","session":"664de21d5d68","build":"193.5662.53","bucket":"159","time":1590244680217,"group":{"id":"project.fs","version":"1"},"event":{"state":true,"data":{"pct-non-watched":0,"created":1590244680217,"project":"d119a6d897fcb33934b9adf90ec59bc9e850f90f58367fa567dc99031a6fc921"},"id":"roots-watched"}}
{"recorder_version":"31","session":"664de21d5d68","build":"193.5662.53","bucket":"159","time":1590244680217,"group":{"id":"project.fs","version":"1"},"event":{"state":true,"data":{"created":1590244680217},"id":"invoked"}}
{"recorder_version":"31","session":"664de21d5d68","build":"193.5662.53","bucket":"159","time":1590244680303,"group":{"id":"ui.dialogs","version":"31"},"event":{"count":1,"data":{"code":1,"created":1590244680305,"plugin_type":"PLATFORM","dialog_class":"com.intellij.openapi.progress.util.ProgressDialog$MyDialogWrapper"},"id":"close"}}
{"recorder_version":"31","session":"664de21d5d68","build":"193.5662.53","bucket":"159","time":1590244680414,"group":{"id":"indexing","version":"2"},"event":{"count":1,"data":{"ide_activity_id":1,"created":1590244680415,"project":"d119a6d897fcb33934b9adf90ec59bc9e850f90f58367fa567dc99031a6fc921"},"id":"started"}}
{"recorder_version":"31","session":"664de21d5d68","build":"193.5662.53","bucket":"159","time":1590244680495,"group":{"id":"indexing","version":"2"},"event":{"count":1,"data":{"ide_activity_id":1,"stage_class":"com.intellij.util.indexing.UnindexedFilesUpdater","created":1590244680495,"plugin_type":"PLATFORM"},"id":"stage"}}
{"recorder_version":"31","session":"664de21d5d68","build":"193.5662.53","bucket":"159","time":1590244680499,"group":{"id":"lifecycle","version":"31"},"event":{"count":1,"data":{"duration_ms":5767,"created":1590244680499,"project":"d119a6d897fcb33934b9adf90ec59bc9e850f90f58367fa567dc99031a6fc921"},"id":"project.opening.finished"}}
{"recorder_version":"31","session":"664de21d5d68","build":"193.5662.53","bucket":"159","time":1590244683462,"group":{"id":"indexing","version":"2"},"event":{"count":1,"data":{"duration_ms":3048,"ide_activity_id":1,"created":1590244683463},"id":"finished"}}
{"recorder_version":"31","session":"664de21d5d68","build":"193.5662.53","bucket":"159","time":1590244683589,"group":{"id":"indexing","version":"2"},"event":{"count":1,"data":{"ide_activity_id":2,"created":1590244683589,"project":"d119a6d897fcb33934b9adf90ec59bc9e850f90f58367fa567dc99031a6fc921"},"id":"started"}}
{"recorder_version":"31","session":"664de21d5d68","build":"193.5662.53","bucket":"159","time":1590244683612,"group":{"id":"indexing","version":"2"},"event":{"count":1,"data":{"ide_activity_id":2,"plugin":"org.jetbrains.android","stage_class":"com.android.tools.idea.res.ResourceFolderRepositoryFileCacheImpl$PruneTask","created":1590244683613,"plugin_type":"JB_BUNDLED"},"id":"stage"}}
{"recorder_version":"31","session":"664de21d5d68","build":"193.5662.53","bucket":"159","time":1590244683651,"group":{"id":"indexing","version":"2"},"event":{"count":1,"data":{"ide_activity_id":2,"plugin":"org.jetbrains.android","stage_class":"com.android.tools.idea.res.ResourceFolderRepositoryFileCacheImpl$ManageLruProjectFilesTask","created":1590244683651,"plugin_type":"JB_BUNDLED"},"id":"stage"}}
{"recorder_version":"31","session":"664de21d5d68","build":"193.5662.53","bucket":"159","time":1590244683685,"group":{"id":"indexing","version":"2"},"event":{"count":1,"data":{"duration_ms":96,"ide_activity_id":2,"created":1590244683686},"id":"finished"}}
{"recorder_version":"31","session":"664de21d5d68","build":"193.5662.53","bucket":"159","time":1590244683701,"group":{"id":"indexing","version":"2"},"event":{"count":1,"data":{"ide_activity_id":3,"created":1590244683702,"project":"d119a6d897fcb33934b9adf90ec59bc9e850f90f58367fa567dc99031a6fc921"},"id":"started"}}
{"recorder_version":"31","session":"664de21d5d68","build":"193.5662.53","bucket":"159","time":1590244683704,"group":{"id":"indexing","version":"2"},"event":{"count":1,"data":{"ide_activity_id":3,"plugin":"org.jetbrains.android","stage_class":"com.android.tools.idea.res.ResourceFolderRegistry$PopulateCachesTask","created":1590244683709,"plugin_type":"JB_BUNDLED"},"id":"stage"}}
{"recorder_version":"31","session":"664de21d5d68","build":"193.5662.53","bucket":"159","time":1590244683721,"group":{"id":"indexing","version":"2"},"event":{"count":1,"data":{"duration_ms":20,"ide_activity_id":3,"created":1590244683721},"id":"finished"}}
{"recorder_version":"31","session":"664de21d5d68","build":"193.5662.53","bucket":"159","time":1590244685311,"group":{"id":"startup","version":"1"},"event":{"count":1,"data":{"duration":1645,"created":1590244685312},"id":"appInit"}}
{"recorder_version":"31","session":"664de21d5d68","build":"193.5662.53","bucket":"159","time":1590244685311,"group":{"id":"startup","version":"1"},"event":{"count":1,"data":{"duration":359,"created":1590244685312},"id":"splash"}}
{"recorder_version":"31","session":"664de21d5d68","build":"193.5662.53","bucket":"159","time":1590244685311,"group":{"id":"startup","version":"1"},"event":{"count":1,"data":{"duration":338,"created":1590244685313},"id":"bootstrap"}}
{"recorder_version":"31","session":"664de21d5d68","build":"193.5662.53","bucket":"159","time":1590244685311,"group":{"id":"startup","version":"1"},"event":{"count":1,"data":{"duration":9131,"created":1590244685313},"id":"totalDuration"}}
{"recorder_version":"31","session":"664de21d5d68","build":"193.5662.53","bucket":"159","time":1590244685706,"group":{"id":"lifecycle","version":"31"},"event":{"count":1,"data":{"created":1590244685707,"project":"d119a6d897fcb33934b9adf90ec59bc9e850f90f58367fa567dc99031a6fc921"},"id":"frame.activated"}}
{"recorder_version":"31","session":"664de21d5d68","build":"193.5662.53","bucket":"159","time":1590244686901,"group":{"id":"actions","version":"31"},"event":{"count":1,"data":{"context_menu":true,"action_id":"third.party","created":1590244686901,"plugin_type":"NOT_LISTED","project":"d119a6d897fcb33934b9adf90ec59bc9e850f90f58367fa567dc99031a6fc921","place":"MainMenu","class":"third.party","input_event":"NoMouseButton"},"id":"action.invoked"}}
{"recorder_version":"31","session":"664de21d5d68","build":"193.5662.53","bucket":"159","time":1590244689958,"group":{"id":"ui.dialogs","version":"31"},"event":{"count":1,"data":{"created":1590244689959,"plugin_type":"NOT_LISTED","dialog_class":"third.party"},"id":"show"}}
{"recorder_version":"31","session":"664de21d5d68","build":"193.5662.53","bucket":"159","time":1590244692322,"group":{"id":"ui.dialogs","version":"31"},"event":{"count":1,"data":{"code":1,"created":1590244692322,"plugin_type":"NOT_LISTED","dialog_class":"third.party"},"id":"close"}}
{"recorder_version":"31","session":"664de21d5d68","build":"193.5662.53","bucket":"159","time":1590244693348,"group":{"id":"ui.dialogs","version":"31"},"event":{"count":1,"data":{"created":1590244693348,"plugin_type":"NOT_LISTED","dialog_class":"third.party"},"id":"show"}}
{"recorder_version":"31","session":"664de21d5d68","build":"193.5662.53","bucket":"159","time":1590244694402,"group":{"id":"ui.dialogs","version":"31"},"event":{"count":1,"data":{"code":1,"created":1590244694403,"plugin_type":"NOT_LISTED","dialog_class":"third.party"},"id":"close"}}
